ARM GAS  C:\Users\SCOTTC~1\AppData\Local\Temp\ccUTbbYP.s 			page 1


   1              		.syntax unified
   2              		.cpu cortex-m3
   3              		.fpu softvfp
   4              		.eabi_attribute 20, 1
   5              		.eabi_attribute 21, 1
   6              		.eabi_attribute 23, 3
   7              		.eabi_attribute 24, 1
   8              		.eabi_attribute 25, 1
   9              		.eabi_attribute 26, 1
  10              		.eabi_attribute 30, 1
  11              		.eabi_attribute 34, 1
  12              		.eabi_attribute 18, 4
  13              		.thumb
  14              		.file	"STC_Datapath16_v1_00.c"
  15              		.text
  16              	.Ltext0:
  17              		.cfi_sections	.debug_frame
  18              		.section	.text.STC_Datapath16_v1_00_Start,"ax",%progbits
  19              		.align	2
  20              		.global	STC_Datapath16_v1_00_Start
  21              		.thumb
  22              		.thumb_func
  23              		.type	STC_Datapath16_v1_00_Start, %function
  24              	STC_Datapath16_v1_00_Start:
  25              	.LFB0:
  26              		.file 1 ".\\Generated_Source\\PSoC5\\STC_Datapath16_v1_00.c"
   1:.\Generated_Source\PSoC5/STC_Datapath16_v1_00.c **** /* ========================================
   2:.\Generated_Source\PSoC5/STC_Datapath16_v1_00.c ****  *
   3:.\Generated_Source\PSoC5/STC_Datapath16_v1_00.c ****  * Copyright YOUR COMPANY, THE YEAR
   4:.\Generated_Source\PSoC5/STC_Datapath16_v1_00.c ****  * All Rights Reserved
   5:.\Generated_Source\PSoC5/STC_Datapath16_v1_00.c ****  * UNPUBLISHED, LICENSED SOFTWARE.
   6:.\Generated_Source\PSoC5/STC_Datapath16_v1_00.c ****  *
   7:.\Generated_Source\PSoC5/STC_Datapath16_v1_00.c ****  * CONFIDENTIAL AND PROPRIETARY INFORMATION
   8:.\Generated_Source\PSoC5/STC_Datapath16_v1_00.c ****  * WHICH IS THE PROPERTY OF your company.
   9:.\Generated_Source\PSoC5/STC_Datapath16_v1_00.c ****  *
  10:.\Generated_Source\PSoC5/STC_Datapath16_v1_00.c ****  * ========================================
  11:.\Generated_Source\PSoC5/STC_Datapath16_v1_00.c **** */
  12:.\Generated_Source\PSoC5/STC_Datapath16_v1_00.c **** #include "STC_Datapath16_v1_00.h"
  13:.\Generated_Source\PSoC5/STC_Datapath16_v1_00.c **** 
  14:.\Generated_Source\PSoC5/STC_Datapath16_v1_00.c **** void STC_Datapath16_v1_00_Start()
  15:.\Generated_Source\PSoC5/STC_Datapath16_v1_00.c **** {
  27              		.loc 1 15 0
  28              		.cfi_startproc
  29              		@ args = 0, pretend = 0, frame = 0
  30              		@ frame_needed = 0, uses_anonymous_args = 0
  31              		@ link register save eliminated.
  32 0000 7047     		bx	lr
  33              		.cfi_endproc
  34              	.LFE0:
  35              		.size	STC_Datapath16_v1_00_Start, .-STC_Datapath16_v1_00_Start
  36 0002 00BF     		.text
  37              	.Letext0:
  38              		.section	.debug_info,"",%progbits
  39              	.Ldebug_info0:
  40 0000 8E000000 		.4byte	0x8e
  41 0004 0400     		.2byte	0x4
  42 0006 00000000 		.4byte	.Ldebug_abbrev0
ARM GAS  C:\Users\SCOTTC~1\AppData\Local\Temp\ccUTbbYP.s 			page 2


  43 000a 04       		.byte	0x4
  44 000b 01       		.uleb128 0x1
  45 000c D2000000 		.4byte	.LASF12
  46 0010 01       		.byte	0x1
  47 0011 74010000 		.4byte	.LASF13
  48 0015 00000000 		.4byte	.LASF14
  49 0019 00000000 		.4byte	.Ldebug_ranges0+0
  50 001d 00000000 		.4byte	0
  51 0021 00000000 		.4byte	.Ldebug_line0
  52 0025 02       		.uleb128 0x2
  53 0026 01       		.byte	0x1
  54 0027 06       		.byte	0x6
  55 0028 A4010000 		.4byte	.LASF0
  56 002c 02       		.uleb128 0x2
  57 002d 01       		.byte	0x1
  58 002e 08       		.byte	0x8
  59 002f 59000000 		.4byte	.LASF1
  60 0033 02       		.uleb128 0x2
  61 0034 02       		.byte	0x2
  62 0035 05       		.byte	0x5
  63 0036 61010000 		.4byte	.LASF2
  64 003a 02       		.uleb128 0x2
  65 003b 02       		.byte	0x2
  66 003c 07       		.byte	0x7
  67 003d 79000000 		.4byte	.LASF3
  68 0041 02       		.uleb128 0x2
  69 0042 04       		.byte	0x4
  70 0043 05       		.byte	0x5
  71 0044 6B010000 		.4byte	.LASF4
  72 0048 02       		.uleb128 0x2
  73 0049 04       		.byte	0x4
  74 004a 07       		.byte	0x7
  75 004b 67000000 		.4byte	.LASF5
  76 004f 02       		.uleb128 0x2
  77 0050 08       		.byte	0x8
  78 0051 05       		.byte	0x5
  79 0052 4E010000 		.4byte	.LASF6
  80 0056 02       		.uleb128 0x2
  81 0057 08       		.byte	0x8
  82 0058 07       		.byte	0x7
  83 0059 BB000000 		.4byte	.LASF7
  84 005d 03       		.uleb128 0x3
  85 005e 04       		.byte	0x4
  86 005f 05       		.byte	0x5
  87 0060 696E7400 		.ascii	"int\000"
  88 0064 02       		.uleb128 0x2
  89 0065 04       		.byte	0x4
  90 0066 07       		.byte	0x7
  91 0067 AE000000 		.4byte	.LASF8
  92 006b 02       		.uleb128 0x2
  93 006c 04       		.byte	0x4
  94 006d 04       		.byte	0x4
  95 006e 53000000 		.4byte	.LASF9
  96 0072 02       		.uleb128 0x2
  97 0073 08       		.byte	0x8
  98 0074 04       		.byte	0x4
  99 0075 A7000000 		.4byte	.LASF10
ARM GAS  C:\Users\SCOTTC~1\AppData\Local\Temp\ccUTbbYP.s 			page 3


 100 0079 02       		.uleb128 0x2
 101 007a 01       		.byte	0x1
 102 007b 08       		.byte	0x8
 103 007c 5C010000 		.4byte	.LASF11
 104 0080 04       		.uleb128 0x4
 105 0081 8C000000 		.4byte	.LASF15
 106 0085 01       		.byte	0x1
 107 0086 0E       		.byte	0xe
 108 0087 00000000 		.4byte	.LFB0
 109 008b 02000000 		.4byte	.LFE0-.LFB0
 110 008f 01       		.uleb128 0x1
 111 0090 9C       		.byte	0x9c
 112 0091 00       		.byte	0
 113              		.section	.debug_abbrev,"",%progbits
 114              	.Ldebug_abbrev0:
 115 0000 01       		.uleb128 0x1
 116 0001 11       		.uleb128 0x11
 117 0002 01       		.byte	0x1
 118 0003 25       		.uleb128 0x25
 119 0004 0E       		.uleb128 0xe
 120 0005 13       		.uleb128 0x13
 121 0006 0B       		.uleb128 0xb
 122 0007 03       		.uleb128 0x3
 123 0008 0E       		.uleb128 0xe
 124 0009 1B       		.uleb128 0x1b
 125 000a 0E       		.uleb128 0xe
 126 000b 55       		.uleb128 0x55
 127 000c 17       		.uleb128 0x17
 128 000d 11       		.uleb128 0x11
 129 000e 01       		.uleb128 0x1
 130 000f 10       		.uleb128 0x10
 131 0010 17       		.uleb128 0x17
 132 0011 00       		.byte	0
 133 0012 00       		.byte	0
 134 0013 02       		.uleb128 0x2
 135 0014 24       		.uleb128 0x24
 136 0015 00       		.byte	0
 137 0016 0B       		.uleb128 0xb
 138 0017 0B       		.uleb128 0xb
 139 0018 3E       		.uleb128 0x3e
 140 0019 0B       		.uleb128 0xb
 141 001a 03       		.uleb128 0x3
 142 001b 0E       		.uleb128 0xe
 143 001c 00       		.byte	0
 144 001d 00       		.byte	0
 145 001e 03       		.uleb128 0x3
 146 001f 24       		.uleb128 0x24
 147 0020 00       		.byte	0
 148 0021 0B       		.uleb128 0xb
 149 0022 0B       		.uleb128 0xb
 150 0023 3E       		.uleb128 0x3e
 151 0024 0B       		.uleb128 0xb
 152 0025 03       		.uleb128 0x3
 153 0026 08       		.uleb128 0x8
 154 0027 00       		.byte	0
 155 0028 00       		.byte	0
 156 0029 04       		.uleb128 0x4
ARM GAS  C:\Users\SCOTTC~1\AppData\Local\Temp\ccUTbbYP.s 			page 4


 157 002a 2E       		.uleb128 0x2e
 158 002b 00       		.byte	0
 159 002c 3F       		.uleb128 0x3f
 160 002d 19       		.uleb128 0x19
 161 002e 03       		.uleb128 0x3
 162 002f 0E       		.uleb128 0xe
 163 0030 3A       		.uleb128 0x3a
 164 0031 0B       		.uleb128 0xb
 165 0032 3B       		.uleb128 0x3b
 166 0033 0B       		.uleb128 0xb
 167 0034 11       		.uleb128 0x11
 168 0035 01       		.uleb128 0x1
 169 0036 12       		.uleb128 0x12
 170 0037 06       		.uleb128 0x6
 171 0038 40       		.uleb128 0x40
 172 0039 18       		.uleb128 0x18
 173 003a 9742     		.uleb128 0x2117
 174 003c 19       		.uleb128 0x19
 175 003d 00       		.byte	0
 176 003e 00       		.byte	0
 177 003f 00       		.byte	0
 178              		.section	.debug_aranges,"",%progbits
 179 0000 1C000000 		.4byte	0x1c
 180 0004 0200     		.2byte	0x2
 181 0006 00000000 		.4byte	.Ldebug_info0
 182 000a 04       		.byte	0x4
 183 000b 00       		.byte	0
 184 000c 0000     		.2byte	0
 185 000e 0000     		.2byte	0
 186 0010 00000000 		.4byte	.LFB0
 187 0014 02000000 		.4byte	.LFE0-.LFB0
 188 0018 00000000 		.4byte	0
 189 001c 00000000 		.4byte	0
 190              		.section	.debug_ranges,"",%progbits
 191              	.Ldebug_ranges0:
 192 0000 00000000 		.4byte	.LFB0
 193 0004 02000000 		.4byte	.LFE0
 194 0008 00000000 		.4byte	0
 195 000c 00000000 		.4byte	0
 196              		.section	.debug_line,"",%progbits
 197              	.Ldebug_line0:
 198 0000 5B000000 		.section	.debug_str,"MS",%progbits,1
 198      02004600 
 198      00000201 
 198      FB0E0D00 
 198      01010101 
 199              	.LASF14:
 200 0000 5A3A5C73 		.ascii	"Z:\\scottcarlson On My Mac\\Code\\PSoC_Creator\\Des"
 200      636F7474 
 200      6361726C 
 200      736F6E20 
 200      4F6E204D 
 201 002f 69676E30 		.ascii	"ign01\\Design01.cydsn\\Design01.cydsn\000"
 201      315C4465 
 201      7369676E 
 201      30312E63 
 201      7964736E 
ARM GAS  C:\Users\SCOTTC~1\AppData\Local\Temp\ccUTbbYP.s 			page 5


 202              	.LASF9:
 203 0053 666C6F61 		.ascii	"float\000"
 203      7400
 204              	.LASF1:
 205 0059 756E7369 		.ascii	"unsigned char\000"
 205      676E6564 
 205      20636861 
 205      7200
 206              	.LASF5:
 207 0067 6C6F6E67 		.ascii	"long unsigned int\000"
 207      20756E73 
 207      69676E65 
 207      6420696E 
 207      7400
 208              	.LASF3:
 209 0079 73686F72 		.ascii	"short unsigned int\000"
 209      7420756E 
 209      7369676E 
 209      65642069 
 209      6E7400
 210              	.LASF15:
 211 008c 5354435F 		.ascii	"STC_Datapath16_v1_00_Start\000"
 211      44617461 
 211      70617468 
 211      31365F76 
 211      315F3030 
 212              	.LASF10:
 213 00a7 646F7562 		.ascii	"double\000"
 213      6C6500
 214              	.LASF8:
 215 00ae 756E7369 		.ascii	"unsigned int\000"
 215      676E6564 
 215      20696E74 
 215      00
 216              	.LASF7:
 217 00bb 6C6F6E67 		.ascii	"long long unsigned int\000"
 217      206C6F6E 
 217      6720756E 
 217      7369676E 
 217      65642069 
 218              	.LASF12:
 219 00d2 474E5520 		.ascii	"GNU C 4.8.4 20140526 (release) [ARM/embedded-4_8-br"
 219      4320342E 
 219      382E3420 
 219      32303134 
 219      30353236 
 220 0105 616E6368 		.ascii	"anch revision 211358] -mcpu=cortex-m3 -mthumb -g -O"
 220      20726576 
 220      6973696F 
 220      6E203231 
 220      31333538 
 221 0138 67202D66 		.ascii	"g -ffunction-sections\000"
 221      66756E63 
 221      74696F6E 
 221      2D736563 
 221      74696F6E 
 222              	.LASF6:
ARM GAS  C:\Users\SCOTTC~1\AppData\Local\Temp\ccUTbbYP.s 			page 6


 223 014e 6C6F6E67 		.ascii	"long long int\000"
 223      206C6F6E 
 223      6720696E 
 223      7400
 224              	.LASF11:
 225 015c 63686172 		.ascii	"char\000"
 225      00
 226              	.LASF2:
 227 0161 73686F72 		.ascii	"short int\000"
 227      7420696E 
 227      7400
 228              	.LASF4:
 229 016b 6C6F6E67 		.ascii	"long int\000"
 229      20696E74 
 229      00
 230              	.LASF13:
 231 0174 2E5C4765 		.ascii	".\\Generated_Source\\PSoC5\\STC_Datapath16_v1_00.c\000"
 231      6E657261 
 231      7465645F 
 231      536F7572 
 231      63655C50 
 232              	.LASF0:
 233 01a4 7369676E 		.ascii	"signed char\000"
 233      65642063 
 233      68617200 
 234              		.ident	"GCC: (GNU Tools for ARM Embedded Processors) 4.8.4 20140526 (release) [ARM/embedded-4_8-br
