--------------- Build Started: 12/16/2013 12:52:53 Project: DelSig_16Channel-20bit-DMA, Configuration: DP8051 Keil 9.51 Debug ---------------
cydsfit.exe "-.appdatapath" "C:\Documents and Settings\lsen\Local Settings\Application Data\Cypress Semiconductor\PSoC Creator\3.0" "-.fdsnotice" "-.fdswarpdepfile=warp_dependencies.txt" "-.fdselabdepfile=elab_dependencies.txt" "-.fdsbldfile=generated_files.txt" "-p" "C:\Documents and Settings\lsen\My Documents\PSoC Creator\DelSig_16Channel-20bit-DMA.cydsn\DelSig_16Channel-20bit-DMA.cyprj" "-d" "CY8C3866AXI-040" "-s" "C:\Documents and Settings\lsen\My Documents\PSoC Creator\DelSig_16Channel-20bit-DMA.cydsn\Generated_Source\PSoC3" "--" "-yv2" "-v3" "-ygs" "-q10" "-o2" "-.fftcfgtype=BE"
Elaborating Design...
HDL Generation ...
Synthesis ...
Place and Route ...
Tech mapping ...
Info: mpr.M0037: Unused pieces of the design have been optimized out. See the Tech mapping section of the report file for details. (App=cydsfit)
Analog Placement ...
Info: apr.M0064: The signal 'Net_815' is one of the input signals of an 'AmuxHw component'. It is a constraint for analog routing. (App=cydsfit)
Info: apr.M0064: The signal 'Net_827' is one of the input signals of an 'AmuxHw component'. It is a constraint for analog routing. (App=cydsfit)
Info: apr.M0064: The signal 'Net_816' is one of the input signals of an 'AmuxHw component'. It is a constraint for analog routing. (App=cydsfit)
Info: apr.M0064: The signal 'Net_817' is one of the input signals of an 'AmuxHw component'. It is a constraint for analog routing. (App=cydsfit)
Info: apr.M0064: The signal 'Net_818' is one of the input signals of an 'AmuxHw component'. It is a constraint for analog routing. (App=cydsfit)
Info: apr.M0064: The signal 'Net_819' is one of the input signals of an 'AmuxHw component'. It is a constraint for analog routing. (App=cydsfit)
Info: apr.M0064: The signal 'Net_820' is one of the input signals of an 'AmuxHw component'. It is a constraint for analog routing. (App=cydsfit)
Info: apr.M0064: The signal 'Net_821' is one of the input signals of an 'AmuxHw component'. It is a constraint for analog routing. (App=cydsfit)
Info: apr.M0064: The signal 'Net_822' is one of the input signals of an 'AmuxHw component'. It is a constraint for analog routing. (App=cydsfit)
Info: apr.M0064: The signal 'Net_823' is one of the input signals of an 'AmuxHw component'. It is a constraint for analog routing. (App=cydsfit)
Info: apr.M0064: The signal 'Net_824' is one of the input signals of an 'AmuxHw component'. It is a constraint for analog routing. (App=cydsfit)
Info: apr.M0064: The signal 'Net_825' is one of the input signals of an 'AmuxHw component'. It is a constraint for analog routing. (App=cydsfit)
Info: apr.M0064: The signal 'Net_826' is one of the input signals of an 'AmuxHw component'. It is a constraint for analog routing. (App=cydsfit)
Info: apr.M0064: The signal 'Net_828' is one of the input signals of an 'AmuxHw component'. It is a constraint for analog routing. (App=cydsfit)
Info: apr.M0064: The signal 'Net_829' is one of the input signals of an 'AmuxHw component'. It is a constraint for analog routing. (App=cydsfit)
Info: apr.M0064: The signal 'Net_830' is one of the input signals of an 'AmuxHw component'. It is a constraint for analog routing. (App=cydsfit)
Analog Routing ...
Analog Code Generation ...
Digital Placement ...
Info: plm.M0038: The pin named VinB(0) at location P0[3] prevents usage of special purposes: DSM:ExtVref. (App=cydsfit)
Info: plm.M0038: The pin named Count2(0) at location P3[2] prevents usage of special purposes: DSM:ExtVref. (App=cydsfit)
Digital Routing ...
Bitstream Generation ...
Static timing analysis ...
API Generation ...
Dependency Generation ...
Clean Temporary Files ...
The compile step is up to date, no work needs to be done.
LIBX51.exe TRANSFER '.\DP8051\DP8051_Keil_951\Debug\cyfitter_cfg.obj', '.\DP8051\DP8051_Keil_951\Debug\Start_Reg.obj', '.\DP8051\DP8051_Keil_951\Debug\Vin0.obj', '.\DP8051\DP8051_Keil_951\Debug\LCD.obj', '.\DP8051\DP8051_Keil_951\Debug\LCD_PM.obj', '.\DP8051\DP8051_Keil_951\Debug\Vin2.obj', '.\DP8051\DP8051_Keil_951\Debug\EOCpin.obj', '.\DP8051\DP8051_Keil_951\Debug\SOCpin.obj', '.\DP8051\DP8051_Keil_951\Debug\Vin6.obj', '.\DP8051\DP8051_Keil_951\Debug\Count0.obj', '.\DP8051\DP8051_Keil_951\Debug\ChannelSelect.obj', '.\DP8051\DP8051_Keil_951\Debug\Vin5.obj', '.\DP8051\DP8051_Keil_951\Debug\Vin4.obj', '.\DP8051\DP8051_Keil_951\Debug\Vin3.obj', '.\DP8051\DP8051_Keil_951\Debug\Vin7.obj', '.\DP8051\DP8051_Keil_951\Debug\Vin8.obj', '.\DP8051\DP8051_Keil_951\Debug\Vin9.obj', '.\DP8051\DP8051_Keil_951\Debug\VinA.obj', '.\DP8051\DP8051_Keil_951\Debug\VinB.obj', '.\DP8051\DP8051_Keil_951\Debug\VinC.obj', '.\DP8051\DP8051_Keil_951\Debug\Delay_PWM.obj', '.\DP8051\DP8051_Keil_951\Debug\Delay_PWM_PM.obj', '.\DP8051\DP8051_Keil_951\Debug\Count3.obj', '.\DP8051\DP8051_Keil_951\Debug\Count2.obj', '.\DP8051\DP8051_Keil_951\Debug\Count1.obj', '.\DP8051\DP8051_Keil_951\Debug\Vin1.obj', '.\DP8051\DP8051_Keil_951\Debug\VinD.obj', '.\DP8051\DP8051_Keil_951\Debug\VinE.obj', '.\DP8051\DP8051_Keil_951\Debug\VinF.obj', '.\DP8051\DP8051_Keil_951\Debug\ADC.obj', '.\DP8051\DP8051_Keil_951\Debug\ADC_PM.obj', '.\DP8051\DP8051_Keil_951\Debug\ADC_INT.obj', '.\DP8051\DP8051_Keil_951\Debug\LCD_LCDPort.obj', '.\DP8051\DP8051_Keil_951\Debug\ADC_AMux.obj', '.\DP8051\DP8051_Keil_951\Debug\ADC_Ext_CP_Clk.obj', '.\DP8051\DP8051_Keil_951\Debug\ADC_IRQ.obj', '.\DP8051\DP8051_Keil_951\Debug\ADC_theACLK.obj', '.\DP8051\DP8051_Keil_951\Debug\CyBootAsmKeil.obj', '.\DP8051\DP8051_Keil_951\Debug\CyDmac.obj', '.\DP8051\DP8051_Keil_951\Debug\CyFlash.obj', '.\DP8051\DP8051_Keil_951\Debug\CyLib.obj', '.\DP8051\DP8051_Keil_951\Debug\cymem.obj', '.\DP8051\DP8051_Keil_951\Debug\cyPm.obj', '.\DP8051\DP8051_Keil_951\Debug\CySpc.obj', '.\DP8051\DP8051_Keil_951\Debug\cyutils.obj', '.\DP8051\DP8051_Keil_951\Debug\KeilStart.obj', '.\DP8051\DP8051_Keil_951\Debug\DMA_ADC2Mem_dma.obj', '.\DP8051\DP8051_Keil_951\Debug\DMA_Mem2Mem_dma.obj' TO '.\DP8051\DP8051_Keil_951\Debug\DelSig_16Channel-20bit-DMA.lib'
LX51.exe '.\DP8051\DP8051_Keil_951\Debug\main.obj', '.\DP8051\DP8051_Keil_951\Debug\DelSig_16Channel-20bit-DMA.lib', 'C:\Program Files\Cypress\PSoC Creator\3.0\PSoC Creator\psoc\content\cycomponentlibrary\CyComponentLibrary.cylib\DP8051\DP8051_Keil_951\Debug\CyComponentLibrary.lib'  TO '.\DP8051\DP8051_Keil_951\Debug\DelSig_16Channel-20bit-DMA.omf' PR(.\DP8051\DP8051_Keil_951\Debug\DelSig_16Channel-20bit-DMA.map) IX CODE DW(16) RU CL(XDATA(X:0x0000-X:0x1FFF)) CL(CODE(C:0x0000-C:0xFFFF)) CL(CONST(C:0x0000-C:0xFFFF))
Program Size: data=11.0 xdata=213 const=571 code=9911
OHx51.exe DelSig_16Channel-20bit-DMA.omf HEXFILE(DelSig_16Channel-20bit-DMA.ihx)
c8051-elf-omf2elf.exe DelSig_16Channel-20bit-DMA.omf DelSig_16Channel-20bit-DMA.elf
cyhextool -o .\DP8051\DP8051_Keil_951\Debug\DelSig_16Channel-20bit-DMA.hex -f .\DP8051\DP8051_Keil_951\Debug\DelSig_16Channel-20bit-DMA.ihx -prot .\Generated_Source\PSoC3\protect.hex -id 1E028069 -a EEPROM=90200000:800,PROGRAM=00000000:10000,CONFIG=80000000:2000,PROTECT=90400000:40 -meta 0301 -cunv 00004004 -wonv BC90ACAF -ecc .\Generated_Source\PSoC3\config.hex
Flash used: 10482 of 65536 bytes (16.0 %).
SRAM used: 213 of 8192 bytes (2.6 %).
--------------- Build Succeeded: 12/16/2013 12:53:26 ---------------
