ARM GAS  C:\Users\SCOTTC~1\AppData\Local\Temp\cc2EEbLj.s 			page 1


   1              		.syntax unified
   2              		.cpu cortex-m3
   3              		.fpu softvfp
   4              		.eabi_attribute 20, 1
   5              		.eabi_attribute 21, 1
   6              		.eabi_attribute 23, 3
   7              		.eabi_attribute 24, 1
   8              		.eabi_attribute 25, 1
   9              		.eabi_attribute 26, 1
  10              		.eabi_attribute 30, 6
  11              		.eabi_attribute 34, 1
  12              		.eabi_attribute 18, 4
  13              		.thumb
  14              		.file	"ADC_PM.c"
  15              		.text
  16              	.Ltext0:
  17              		.cfi_sections	.debug_frame
  18              		.data
  19              		.align	2
  20              		.type	ADC_backup, %object
  21              		.size	ADC_backup, 2
  22              	ADC_backup:
  23 0000 00       		.byte	0
  24 0001 78       		.byte	120
  25 0002 0000     		.section	.text.ADC_SaveConfig,"ax",%progbits
  26              		.align	2
  27              		.global	ADC_SaveConfig
  28              		.thumb
  29              		.thumb_func
  30              		.type	ADC_SaveConfig, %function
  31              	ADC_SaveConfig:
  32              	.LFB0:
  33              		.file 1 ".\\Generated_Source\\PSoC5\\ADC_PM.c"
   1:.\Generated_Source\PSoC5/ADC_PM.c **** /*******************************************************************************
   2:.\Generated_Source\PSoC5/ADC_PM.c **** * File Name: ADC_PM.c
   3:.\Generated_Source\PSoC5/ADC_PM.c **** * Version 3.0
   4:.\Generated_Source\PSoC5/ADC_PM.c **** *
   5:.\Generated_Source\PSoC5/ADC_PM.c **** * Description:
   6:.\Generated_Source\PSoC5/ADC_PM.c **** *  This file provides the power manager source code to the API for the
   7:.\Generated_Source\PSoC5/ADC_PM.c **** *  Delta-Sigma ADC Component.
   8:.\Generated_Source\PSoC5/ADC_PM.c **** *
   9:.\Generated_Source\PSoC5/ADC_PM.c **** * Note:
  10:.\Generated_Source\PSoC5/ADC_PM.c **** *
  11:.\Generated_Source\PSoC5/ADC_PM.c **** ********************************************************************************
  12:.\Generated_Source\PSoC5/ADC_PM.c **** * Copyright 2008-2013, Cypress Semiconductor Corporation.  All rights reserved.
  13:.\Generated_Source\PSoC5/ADC_PM.c **** * You may use this file only in accordance with the license, terms, conditions,
  14:.\Generated_Source\PSoC5/ADC_PM.c **** * disclaimers, and limitations in the end user license agreement accompanying
  15:.\Generated_Source\PSoC5/ADC_PM.c **** * the software package with which this file was provided.
  16:.\Generated_Source\PSoC5/ADC_PM.c **** *******************************************************************************/
  17:.\Generated_Source\PSoC5/ADC_PM.c **** 
  18:.\Generated_Source\PSoC5/ADC_PM.c **** #include "ADC.h"
  19:.\Generated_Source\PSoC5/ADC_PM.c **** 
  20:.\Generated_Source\PSoC5/ADC_PM.c **** static ADC_BACKUP_STRUCT ADC_backup =
  21:.\Generated_Source\PSoC5/ADC_PM.c **** {
  22:.\Generated_Source\PSoC5/ADC_PM.c ****     ADC_DISABLED,
  23:.\Generated_Source\PSoC5/ADC_PM.c ****     ADC_CFG1_DEC_CR
  24:.\Generated_Source\PSoC5/ADC_PM.c **** };
ARM GAS  C:\Users\SCOTTC~1\AppData\Local\Temp\cc2EEbLj.s 			page 2


  25:.\Generated_Source\PSoC5/ADC_PM.c **** 
  26:.\Generated_Source\PSoC5/ADC_PM.c **** 
  27:.\Generated_Source\PSoC5/ADC_PM.c **** /*******************************************************************************
  28:.\Generated_Source\PSoC5/ADC_PM.c **** * Function Name: ADC_SaveConfig
  29:.\Generated_Source\PSoC5/ADC_PM.c **** ********************************************************************************
  30:.\Generated_Source\PSoC5/ADC_PM.c **** *
  31:.\Generated_Source\PSoC5/ADC_PM.c **** * Summary:
  32:.\Generated_Source\PSoC5/ADC_PM.c **** *  Save the register configuration which are not retention.
  33:.\Generated_Source\PSoC5/ADC_PM.c **** *
  34:.\Generated_Source\PSoC5/ADC_PM.c **** * Parameters:
  35:.\Generated_Source\PSoC5/ADC_PM.c **** *  None
  36:.\Generated_Source\PSoC5/ADC_PM.c **** *
  37:.\Generated_Source\PSoC5/ADC_PM.c **** * Return:
  38:.\Generated_Source\PSoC5/ADC_PM.c **** *  None
  39:.\Generated_Source\PSoC5/ADC_PM.c **** *
  40:.\Generated_Source\PSoC5/ADC_PM.c **** * Global variables:
  41:.\Generated_Source\PSoC5/ADC_PM.c **** *  ADC_backup:  This global structure variable is used to store
  42:.\Generated_Source\PSoC5/ADC_PM.c **** *  configuration registers which are non retention whenever user wants to go
  43:.\Generated_Source\PSoC5/ADC_PM.c **** *  sleep mode by calling Sleep() API.
  44:.\Generated_Source\PSoC5/ADC_PM.c **** *
  45:.\Generated_Source\PSoC5/ADC_PM.c **** *******************************************************************************/
  46:.\Generated_Source\PSoC5/ADC_PM.c **** void ADC_SaveConfig(void) 
  47:.\Generated_Source\PSoC5/ADC_PM.c **** {
  34              		.loc 1 47 0
  35              		.cfi_startproc
  36              		@ args = 0, pretend = 0, frame = 0
  37              		@ frame_needed = 1, uses_anonymous_args = 0
  38              		@ link register save eliminated.
  39 0000 80B4     		push	{r7}
  40              		.cfi_def_cfa_offset 4
  41              		.cfi_offset 7, -4
  42 0002 00AF     		add	r7, sp, #0
  43              		.cfi_def_cfa_register 7
  48:.\Generated_Source\PSoC5/ADC_PM.c ****     ADC_backup.deccr = ADC_DEC_CR_REG;
  44              		.loc 1 48 0
  45 0004 044B     		ldr	r3, .L2
  46 0006 1B78     		ldrb	r3, [r3]
  47 0008 DAB2     		uxtb	r2, r3
  48 000a 044B     		ldr	r3, .L2+4
  49 000c 5A70     		strb	r2, [r3, #1]
  49:.\Generated_Source\PSoC5/ADC_PM.c **** }
  50              		.loc 1 49 0
  51 000e BD46     		mov	sp, r7
  52              		@ sp needed
  53 0010 5DF8047B 		ldr	r7, [sp], #4
  54 0014 7047     		bx	lr
  55              	.L3:
  56 0016 00BF     		.align	2
  57              	.L2:
  58 0018 004E0040 		.word	1073761792
  59 001c 00000000 		.word	ADC_backup
  60              		.cfi_endproc
  61              	.LFE0:
  62              		.size	ADC_SaveConfig, .-ADC_SaveConfig
  63              		.section	.text.ADC_RestoreConfig,"ax",%progbits
  64              		.align	2
  65              		.global	ADC_RestoreConfig
ARM GAS  C:\Users\SCOTTC~1\AppData\Local\Temp\cc2EEbLj.s 			page 3


  66              		.thumb
  67              		.thumb_func
  68              		.type	ADC_RestoreConfig, %function
  69              	ADC_RestoreConfig:
  70              	.LFB1:
  50:.\Generated_Source\PSoC5/ADC_PM.c **** 
  51:.\Generated_Source\PSoC5/ADC_PM.c **** 
  52:.\Generated_Source\PSoC5/ADC_PM.c **** /*******************************************************************************
  53:.\Generated_Source\PSoC5/ADC_PM.c **** * Function Name: ADC_RestoreConfig
  54:.\Generated_Source\PSoC5/ADC_PM.c **** ********************************************************************************
  55:.\Generated_Source\PSoC5/ADC_PM.c **** *
  56:.\Generated_Source\PSoC5/ADC_PM.c **** * Summary:
  57:.\Generated_Source\PSoC5/ADC_PM.c **** *  Restore the register configurations which are not retention.
  58:.\Generated_Source\PSoC5/ADC_PM.c **** *
  59:.\Generated_Source\PSoC5/ADC_PM.c **** * Parameters:
  60:.\Generated_Source\PSoC5/ADC_PM.c **** *  None
  61:.\Generated_Source\PSoC5/ADC_PM.c **** *
  62:.\Generated_Source\PSoC5/ADC_PM.c **** * Return:
  63:.\Generated_Source\PSoC5/ADC_PM.c **** *  None
  64:.\Generated_Source\PSoC5/ADC_PM.c **** *
  65:.\Generated_Source\PSoC5/ADC_PM.c **** * Global variables:
  66:.\Generated_Source\PSoC5/ADC_PM.c **** *  ADC_backup:  This global structure variable is used to restore
  67:.\Generated_Source\PSoC5/ADC_PM.c **** *  configuration registers which are non retention whenever user wants to switch
  68:.\Generated_Source\PSoC5/ADC_PM.c **** *  to active power mode by calling Wakeup() API.
  69:.\Generated_Source\PSoC5/ADC_PM.c **** *
  70:.\Generated_Source\PSoC5/ADC_PM.c **** *******************************************************************************/
  71:.\Generated_Source\PSoC5/ADC_PM.c **** void ADC_RestoreConfig(void) 
  72:.\Generated_Source\PSoC5/ADC_PM.c **** {
  71              		.loc 1 72 0
  72              		.cfi_startproc
  73              		@ args = 0, pretend = 0, frame = 0
  74              		@ frame_needed = 1, uses_anonymous_args = 0
  75              		@ link register save eliminated.
  76 0000 80B4     		push	{r7}
  77              		.cfi_def_cfa_offset 4
  78              		.cfi_offset 7, -4
  79 0002 00AF     		add	r7, sp, #0
  80              		.cfi_def_cfa_register 7
  73:.\Generated_Source\PSoC5/ADC_PM.c ****     ADC_DEC_CR_REG = ADC_backup.deccr;
  81              		.loc 1 73 0
  82 0004 034B     		ldr	r3, .L5
  83 0006 044A     		ldr	r2, .L5+4
  84 0008 5278     		ldrb	r2, [r2, #1]	@ zero_extendqisi2
  85 000a 1A70     		strb	r2, [r3]
  74:.\Generated_Source\PSoC5/ADC_PM.c **** }
  86              		.loc 1 74 0
  87 000c BD46     		mov	sp, r7
  88              		@ sp needed
  89 000e 5DF8047B 		ldr	r7, [sp], #4
  90 0012 7047     		bx	lr
  91              	.L6:
  92              		.align	2
  93              	.L5:
  94 0014 004E0040 		.word	1073761792
  95 0018 00000000 		.word	ADC_backup
  96              		.cfi_endproc
  97              	.LFE1:
ARM GAS  C:\Users\SCOTTC~1\AppData\Local\Temp\cc2EEbLj.s 			page 4


  98              		.size	ADC_RestoreConfig, .-ADC_RestoreConfig
  99              		.section	.text.ADC_Sleep,"ax",%progbits
 100              		.align	2
 101              		.global	ADC_Sleep
 102              		.thumb
 103              		.thumb_func
 104              		.type	ADC_Sleep, %function
 105              	ADC_Sleep:
 106              	.LFB2:
  75:.\Generated_Source\PSoC5/ADC_PM.c **** 
  76:.\Generated_Source\PSoC5/ADC_PM.c **** 
  77:.\Generated_Source\PSoC5/ADC_PM.c **** /*******************************************************************************
  78:.\Generated_Source\PSoC5/ADC_PM.c **** * Function Name: ADC_Sleep
  79:.\Generated_Source\PSoC5/ADC_PM.c **** ********************************************************************************
  80:.\Generated_Source\PSoC5/ADC_PM.c **** *
  81:.\Generated_Source\PSoC5/ADC_PM.c **** * Summary:
  82:.\Generated_Source\PSoC5/ADC_PM.c **** *  Stops the operation of the block and saves the user configuration.
  83:.\Generated_Source\PSoC5/ADC_PM.c **** *
  84:.\Generated_Source\PSoC5/ADC_PM.c **** * Parameters:
  85:.\Generated_Source\PSoC5/ADC_PM.c **** *  None
  86:.\Generated_Source\PSoC5/ADC_PM.c **** *
  87:.\Generated_Source\PSoC5/ADC_PM.c **** * Return:
  88:.\Generated_Source\PSoC5/ADC_PM.c **** *  None
  89:.\Generated_Source\PSoC5/ADC_PM.c **** *
  90:.\Generated_Source\PSoC5/ADC_PM.c **** * Global variables:
  91:.\Generated_Source\PSoC5/ADC_PM.c **** *  ADC_backup:  The structure field 'enableState' is modified
  92:.\Generated_Source\PSoC5/ADC_PM.c **** *  depending on the enable state of the block before entering to sleep mode.
  93:.\Generated_Source\PSoC5/ADC_PM.c **** *
  94:.\Generated_Source\PSoC5/ADC_PM.c **** *******************************************************************************/
  95:.\Generated_Source\PSoC5/ADC_PM.c **** void ADC_Sleep(void) 
  96:.\Generated_Source\PSoC5/ADC_PM.c **** {
 107              		.loc 1 96 0
 108              		.cfi_startproc
 109              		@ args = 0, pretend = 0, frame = 0
 110              		@ frame_needed = 1, uses_anonymous_args = 0
 111 0000 80B5     		push	{r7, lr}
 112              		.cfi_def_cfa_offset 8
 113              		.cfi_offset 7, -8
 114              		.cfi_offset 14, -4
 115 0002 00AF     		add	r7, sp, #0
 116              		.cfi_def_cfa_register 7
  97:.\Generated_Source\PSoC5/ADC_PM.c ****     /* Save ADC enable state */
  98:.\Generated_Source\PSoC5/ADC_PM.c ****     if((ADC_ACT_PWR_DEC_EN == (ADC_PWRMGR_DEC_REG & ADC_ACT_PWR_DEC_EN)) &&
 117              		.loc 1 98 0
 118 0004 134B     		ldr	r3, .L11
 119 0006 1B78     		ldrb	r3, [r3]
 120 0008 DBB2     		uxtb	r3, r3
 121 000a 03F00103 		and	r3, r3, #1
 122 000e 002B     		cmp	r3, #0
 123 0010 1AD0     		beq	.L8
  99:.\Generated_Source\PSoC5/ADC_PM.c ****        (ADC_ACT_PWR_DSM_EN == (ADC_PWRMGR_DSM_REG & ADC_ACT_PWR_DSM_EN)))
 124              		.loc 1 99 0 discriminator 1
 125 0012 104B     		ldr	r3, .L11
 126 0014 1B78     		ldrb	r3, [r3]
 127 0016 DBB2     		uxtb	r3, r3
 128 0018 03F01003 		and	r3, r3, #16
  98:.\Generated_Source\PSoC5/ADC_PM.c ****     if((ADC_ACT_PWR_DEC_EN == (ADC_PWRMGR_DEC_REG & ADC_ACT_PWR_DEC_EN)) &&
ARM GAS  C:\Users\SCOTTC~1\AppData\Local\Temp\cc2EEbLj.s 			page 5


 129              		.loc 1 98 0 discriminator 1
 130 001c 002B     		cmp	r3, #0
 131 001e 13D0     		beq	.L8
 100:.\Generated_Source\PSoC5/ADC_PM.c ****     {
 101:.\Generated_Source\PSoC5/ADC_PM.c ****         /* Component is enabled */
 102:.\Generated_Source\PSoC5/ADC_PM.c ****         ADC_backup.enableState = ADC_ENABLED;
 132              		.loc 1 102 0
 133 0020 0D4B     		ldr	r3, .L11+4
 134 0022 0122     		movs	r2, #1
 135 0024 1A70     		strb	r2, [r3]
 103:.\Generated_Source\PSoC5/ADC_PM.c ****         if((ADC_DEC_CR_REG & ADC_DEC_START_CONV) != 0u)
 136              		.loc 1 103 0
 137 0026 0D4B     		ldr	r3, .L11+8
 138 0028 1B78     		ldrb	r3, [r3]
 139 002a DBB2     		uxtb	r3, r3
 140 002c 03F00103 		and	r3, r3, #1
 141 0030 002B     		cmp	r3, #0
 142 0032 06D0     		beq	.L9
 104:.\Generated_Source\PSoC5/ADC_PM.c ****         {   
 105:.\Generated_Source\PSoC5/ADC_PM.c ****             /* Conversion is started */
 106:.\Generated_Source\PSoC5/ADC_PM.c ****             ADC_backup.enableState |= ADC_STARTED;
 143              		.loc 1 106 0
 144 0034 084B     		ldr	r3, .L11+4
 145 0036 1B78     		ldrb	r3, [r3]	@ zero_extendqisi2
 146 0038 43F00203 		orr	r3, r3, #2
 147 003c DAB2     		uxtb	r2, r3
 148 003e 064B     		ldr	r3, .L11+4
 149 0040 1A70     		strb	r2, [r3]
 150              	.L9:
 107:.\Generated_Source\PSoC5/ADC_PM.c ****         }
 108:.\Generated_Source\PSoC5/ADC_PM.c **** 		
 109:.\Generated_Source\PSoC5/ADC_PM.c ****         /* Stop the configuration */
 110:.\Generated_Source\PSoC5/ADC_PM.c ****         ADC_Stop();
 151              		.loc 1 110 0
 152 0042 FFF7FEFF 		bl	ADC_Stop
 153 0046 02E0     		b	.L10
 154              	.L8:
 111:.\Generated_Source\PSoC5/ADC_PM.c ****     }
 112:.\Generated_Source\PSoC5/ADC_PM.c ****     else
 113:.\Generated_Source\PSoC5/ADC_PM.c ****     {
 114:.\Generated_Source\PSoC5/ADC_PM.c ****         /* Component is disabled */
 115:.\Generated_Source\PSoC5/ADC_PM.c ****         ADC_backup.enableState = ADC_DISABLED;
 155              		.loc 1 115 0
 156 0048 034B     		ldr	r3, .L11+4
 157 004a 0022     		movs	r2, #0
 158 004c 1A70     		strb	r2, [r3]
 159              	.L10:
 116:.\Generated_Source\PSoC5/ADC_PM.c ****     }
 117:.\Generated_Source\PSoC5/ADC_PM.c **** 
 118:.\Generated_Source\PSoC5/ADC_PM.c ****     /* Save the user configuration */
 119:.\Generated_Source\PSoC5/ADC_PM.c ****     ADC_SaveConfig();
 160              		.loc 1 119 0
 161 004e FFF7FEFF 		bl	ADC_SaveConfig
 120:.\Generated_Source\PSoC5/ADC_PM.c **** }
 162              		.loc 1 120 0
 163 0052 80BD     		pop	{r7, pc}
 164              	.L12:
ARM GAS  C:\Users\SCOTTC~1\AppData\Local\Temp\cc2EEbLj.s 			page 6


 165              		.align	2
 166              	.L11:
 167 0054 AA430040 		.word	1073759146
 168 0058 00000000 		.word	ADC_backup
 169 005c 004E0040 		.word	1073761792
 170              		.cfi_endproc
 171              	.LFE2:
 172              		.size	ADC_Sleep, .-ADC_Sleep
 173              		.section	.text.ADC_Wakeup,"ax",%progbits
 174              		.align	2
 175              		.global	ADC_Wakeup
 176              		.thumb
 177              		.thumb_func
 178              		.type	ADC_Wakeup, %function
 179              	ADC_Wakeup:
 180              	.LFB3:
 121:.\Generated_Source\PSoC5/ADC_PM.c **** 
 122:.\Generated_Source\PSoC5/ADC_PM.c **** 
 123:.\Generated_Source\PSoC5/ADC_PM.c **** /*******************************************************************************
 124:.\Generated_Source\PSoC5/ADC_PM.c **** * Function Name: ADC_Wakeup
 125:.\Generated_Source\PSoC5/ADC_PM.c **** ********************************************************************************
 126:.\Generated_Source\PSoC5/ADC_PM.c **** *
 127:.\Generated_Source\PSoC5/ADC_PM.c **** * Summary:
 128:.\Generated_Source\PSoC5/ADC_PM.c **** *  Restores the user configuration and enables the power to the block.
 129:.\Generated_Source\PSoC5/ADC_PM.c **** *
 130:.\Generated_Source\PSoC5/ADC_PM.c **** * Parameters:
 131:.\Generated_Source\PSoC5/ADC_PM.c **** *  None
 132:.\Generated_Source\PSoC5/ADC_PM.c **** *
 133:.\Generated_Source\PSoC5/ADC_PM.c **** * Return:
 134:.\Generated_Source\PSoC5/ADC_PM.c **** *  None
 135:.\Generated_Source\PSoC5/ADC_PM.c **** *
 136:.\Generated_Source\PSoC5/ADC_PM.c **** * Global variables:
 137:.\Generated_Source\PSoC5/ADC_PM.c **** *  ADC_backup:  The structure field 'enableState' is used to
 138:.\Generated_Source\PSoC5/ADC_PM.c **** *  restore the enable state of block after wakeup from sleep mode.
 139:.\Generated_Source\PSoC5/ADC_PM.c **** *
 140:.\Generated_Source\PSoC5/ADC_PM.c **** *******************************************************************************/
 141:.\Generated_Source\PSoC5/ADC_PM.c **** void ADC_Wakeup(void) 
 142:.\Generated_Source\PSoC5/ADC_PM.c **** {
 181              		.loc 1 142 0
 182              		.cfi_startproc
 183              		@ args = 0, pretend = 0, frame = 0
 184              		@ frame_needed = 1, uses_anonymous_args = 0
 185 0000 80B5     		push	{r7, lr}
 186              		.cfi_def_cfa_offset 8
 187              		.cfi_offset 7, -8
 188              		.cfi_offset 14, -4
 189 0002 00AF     		add	r7, sp, #0
 190              		.cfi_def_cfa_register 7
 143:.\Generated_Source\PSoC5/ADC_PM.c ****     /* Restore the configuration */
 144:.\Generated_Source\PSoC5/ADC_PM.c ****     ADC_RestoreConfig();
 191              		.loc 1 144 0
 192 0004 FFF7FEFF 		bl	ADC_RestoreConfig
 145:.\Generated_Source\PSoC5/ADC_PM.c **** 
 146:.\Generated_Source\PSoC5/ADC_PM.c ****     /* Enables the component operation */
 147:.\Generated_Source\PSoC5/ADC_PM.c ****     if(ADC_backup.enableState != ADC_DISABLED)
 193              		.loc 1 147 0
 194 0008 074B     		ldr	r3, .L15
ARM GAS  C:\Users\SCOTTC~1\AppData\Local\Temp\cc2EEbLj.s 			page 7


 195 000a 1B78     		ldrb	r3, [r3]	@ zero_extendqisi2
 196 000c 002B     		cmp	r3, #0
 197 000e 09D0     		beq	.L13
 148:.\Generated_Source\PSoC5/ADC_PM.c ****     {
 149:.\Generated_Source\PSoC5/ADC_PM.c ****         ADC_Enable();
 198              		.loc 1 149 0
 199 0010 FFF7FEFF 		bl	ADC_Enable
 150:.\Generated_Source\PSoC5/ADC_PM.c ****         if((ADC_backup.enableState & ADC_STARTED) != 0u)
 200              		.loc 1 150 0
 201 0014 044B     		ldr	r3, .L15
 202 0016 1B78     		ldrb	r3, [r3]	@ zero_extendqisi2
 203 0018 03F00203 		and	r3, r3, #2
 204 001c 002B     		cmp	r3, #0
 205 001e 01D0     		beq	.L13
 151:.\Generated_Source\PSoC5/ADC_PM.c ****         {
 152:.\Generated_Source\PSoC5/ADC_PM.c ****             ADC_StartConvert();
 206              		.loc 1 152 0
 207 0020 FFF7FEFF 		bl	ADC_StartConvert
 208              	.L13:
 153:.\Generated_Source\PSoC5/ADC_PM.c ****         }
 154:.\Generated_Source\PSoC5/ADC_PM.c ****     } /* Do nothing if component was disable before */
 155:.\Generated_Source\PSoC5/ADC_PM.c **** }
 209              		.loc 1 155 0
 210 0024 80BD     		pop	{r7, pc}
 211              	.L16:
 212 0026 00BF     		.align	2
 213              	.L15:
 214 0028 00000000 		.word	ADC_backup
 215              		.cfi_endproc
 216              	.LFE3:
 217              		.size	ADC_Wakeup, .-ADC_Wakeup
 218              		.text
 219              	.Letext0:
 220              		.file 2 ".\\Generated_Source\\PSoC5\\cytypes.h"
 221              		.file 3 ".\\Generated_Source\\PSoC5\\ADC.h"
 222              		.section	.debug_info,"",%progbits
 223              	.Ldebug_info0:
 224 0000 20010000 		.4byte	0x120
 225 0004 0400     		.2byte	0x4
 226 0006 00000000 		.4byte	.Ldebug_abbrev0
 227 000a 04       		.byte	0x4
 228 000b 01       		.uleb128 0x1
 229 000c A2010000 		.4byte	.LASF22
 230 0010 01       		.byte	0x1
 231 0011 76010000 		.4byte	.LASF23
 232 0015 B5000000 		.4byte	.LASF24
 233 0019 00000000 		.4byte	.Ldebug_ranges0+0
 234 001d 00000000 		.4byte	0
 235 0021 00000000 		.4byte	.Ldebug_line0
 236 0025 02       		.uleb128 0x2
 237 0026 01       		.byte	0x1
 238 0027 06       		.byte	0x6
 239 0028 5E010000 		.4byte	.LASF0
 240 002c 02       		.uleb128 0x2
 241 002d 01       		.byte	0x1
 242 002e 08       		.byte	0x8
 243 002f 98000000 		.4byte	.LASF1
ARM GAS  C:\Users\SCOTTC~1\AppData\Local\Temp\cc2EEbLj.s 			page 8


 244 0033 02       		.uleb128 0x2
 245 0034 02       		.byte	0x2
 246 0035 05       		.byte	0x5
 247 0036 98010000 		.4byte	.LASF2
 248 003a 02       		.uleb128 0x2
 249 003b 02       		.byte	0x2
 250 003c 07       		.byte	0x7
 251 003d 4B010000 		.4byte	.LASF3
 252 0041 02       		.uleb128 0x2
 253 0042 04       		.byte	0x4
 254 0043 05       		.byte	0x5
 255 0044 2F010000 		.4byte	.LASF4
 256 0048 02       		.uleb128 0x2
 257 0049 04       		.byte	0x4
 258 004a 07       		.byte	0x7
 259 004b 31000000 		.4byte	.LASF5
 260 004f 02       		.uleb128 0x2
 261 0050 08       		.byte	0x8
 262 0051 05       		.byte	0x5
 263 0052 00000000 		.4byte	.LASF6
 264 0056 02       		.uleb128 0x2
 265 0057 08       		.byte	0x8
 266 0058 07       		.byte	0x7
 267 0059 43000000 		.4byte	.LASF7
 268 005d 03       		.uleb128 0x3
 269 005e 04       		.byte	0x4
 270 005f 05       		.byte	0x5
 271 0060 696E7400 		.ascii	"int\000"
 272 0064 02       		.uleb128 0x2
 273 0065 04       		.byte	0x4
 274 0066 07       		.byte	0x7
 275 0067 19000000 		.4byte	.LASF8
 276 006b 04       		.uleb128 0x4
 277 006c 2B000000 		.4byte	.LASF12
 278 0070 02       		.byte	0x2
 279 0071 5B       		.byte	0x5b
 280 0072 2C000000 		.4byte	0x2c
 281 0076 02       		.uleb128 0x2
 282 0077 04       		.byte	0x4
 283 0078 04       		.byte	0x4
 284 0079 70010000 		.4byte	.LASF9
 285 007d 02       		.uleb128 0x2
 286 007e 08       		.byte	0x8
 287 007f 04       		.byte	0x4
 288 0080 44010000 		.4byte	.LASF10
 289 0084 02       		.uleb128 0x2
 290 0085 01       		.byte	0x1
 291 0086 08       		.byte	0x8
 292 0087 B0000000 		.4byte	.LASF11
 293 008b 04       		.uleb128 0x4
 294 008c 26000000 		.4byte	.LASF13
 295 0090 02       		.byte	0x2
 296 0091 F0       		.byte	0xf0
 297 0092 96000000 		.4byte	0x96
 298 0096 05       		.uleb128 0x5
 299 0097 6B000000 		.4byte	0x6b
 300 009b 02       		.uleb128 0x2
ARM GAS  C:\Users\SCOTTC~1\AppData\Local\Temp\cc2EEbLj.s 			page 9


 301 009c 04       		.byte	0x4
 302 009d 07       		.byte	0x7
 303 009e 1E020000 		.4byte	.LASF14
 304 00a2 06       		.uleb128 0x6
 305 00a3 02       		.byte	0x2
 306 00a4 03       		.byte	0x3
 307 00a5 28       		.byte	0x28
 308 00a6 C3000000 		.4byte	0xc3
 309 00aa 07       		.uleb128 0x7
 310 00ab 38010000 		.4byte	.LASF15
 311 00af 03       		.byte	0x3
 312 00b0 2A       		.byte	0x2a
 313 00b1 6B000000 		.4byte	0x6b
 314 00b5 00       		.byte	0
 315 00b6 07       		.uleb128 0x7
 316 00b7 6A010000 		.4byte	.LASF16
 317 00bb 03       		.byte	0x3
 318 00bc 2B       		.byte	0x2b
 319 00bd 6B000000 		.4byte	0x6b
 320 00c1 01       		.byte	0x1
 321 00c2 00       		.byte	0
 322 00c3 04       		.uleb128 0x4
 323 00c4 6C000000 		.4byte	.LASF17
 324 00c8 03       		.byte	0x3
 325 00c9 2C       		.byte	0x2c
 326 00ca A2000000 		.4byte	0xa2
 327 00ce 08       		.uleb128 0x8
 328 00cf 89000000 		.4byte	.LASF18
 329 00d3 01       		.byte	0x1
 330 00d4 2E       		.byte	0x2e
 331 00d5 00000000 		.4byte	.LFB0
 332 00d9 20000000 		.4byte	.LFE0-.LFB0
 333 00dd 01       		.uleb128 0x1
 334 00de 9C       		.byte	0x9c
 335 00df 08       		.uleb128 0x8
 336 00e0 5A000000 		.4byte	.LASF19
 337 00e4 01       		.byte	0x1
 338 00e5 47       		.byte	0x47
 339 00e6 00000000 		.4byte	.LFB1
 340 00ea 1C000000 		.4byte	.LFE1-.LFB1
 341 00ee 01       		.uleb128 0x1
 342 00ef 9C       		.byte	0x9c
 343 00f0 09       		.uleb128 0x9
 344 00f1 A6000000 		.4byte	.LASF20
 345 00f5 01       		.byte	0x1
 346 00f6 5F       		.byte	0x5f
 347 00f7 00000000 		.4byte	.LFB2
 348 00fb 60000000 		.4byte	.LFE2-.LFB2
 349 00ff 01       		.uleb128 0x1
 350 0100 9C       		.byte	0x9c
 351 0101 09       		.uleb128 0x9
 352 0102 7E000000 		.4byte	.LASF21
 353 0106 01       		.byte	0x1
 354 0107 8D       		.byte	0x8d
 355 0108 00000000 		.4byte	.LFB3
 356 010c 2C000000 		.4byte	.LFE3-.LFB3
 357 0110 01       		.uleb128 0x1
ARM GAS  C:\Users\SCOTTC~1\AppData\Local\Temp\cc2EEbLj.s 			page 10


 358 0111 9C       		.byte	0x9c
 359 0112 0A       		.uleb128 0xa
 360 0113 0E000000 		.4byte	.LASF25
 361 0117 01       		.byte	0x1
 362 0118 14       		.byte	0x14
 363 0119 C3000000 		.4byte	0xc3
 364 011d 05       		.uleb128 0x5
 365 011e 03       		.byte	0x3
 366 011f 00000000 		.4byte	ADC_backup
 367 0123 00       		.byte	0
 368              		.section	.debug_abbrev,"",%progbits
 369              	.Ldebug_abbrev0:
 370 0000 01       		.uleb128 0x1
 371 0001 11       		.uleb128 0x11
 372 0002 01       		.byte	0x1
 373 0003 25       		.uleb128 0x25
 374 0004 0E       		.uleb128 0xe
 375 0005 13       		.uleb128 0x13
 376 0006 0B       		.uleb128 0xb
 377 0007 03       		.uleb128 0x3
 378 0008 0E       		.uleb128 0xe
 379 0009 1B       		.uleb128 0x1b
 380 000a 0E       		.uleb128 0xe
 381 000b 55       		.uleb128 0x55
 382 000c 17       		.uleb128 0x17
 383 000d 11       		.uleb128 0x11
 384 000e 01       		.uleb128 0x1
 385 000f 10       		.uleb128 0x10
 386 0010 17       		.uleb128 0x17
 387 0011 00       		.byte	0
 388 0012 00       		.byte	0
 389 0013 02       		.uleb128 0x2
 390 0014 24       		.uleb128 0x24
 391 0015 00       		.byte	0
 392 0016 0B       		.uleb128 0xb
 393 0017 0B       		.uleb128 0xb
 394 0018 3E       		.uleb128 0x3e
 395 0019 0B       		.uleb128 0xb
 396 001a 03       		.uleb128 0x3
 397 001b 0E       		.uleb128 0xe
 398 001c 00       		.byte	0
 399 001d 00       		.byte	0
 400 001e 03       		.uleb128 0x3
 401 001f 24       		.uleb128 0x24
 402 0020 00       		.byte	0
 403 0021 0B       		.uleb128 0xb
 404 0022 0B       		.uleb128 0xb
 405 0023 3E       		.uleb128 0x3e
 406 0024 0B       		.uleb128 0xb
 407 0025 03       		.uleb128 0x3
 408 0026 08       		.uleb128 0x8
 409 0027 00       		.byte	0
 410 0028 00       		.byte	0
 411 0029 04       		.uleb128 0x4
 412 002a 16       		.uleb128 0x16
 413 002b 00       		.byte	0
 414 002c 03       		.uleb128 0x3
ARM GAS  C:\Users\SCOTTC~1\AppData\Local\Temp\cc2EEbLj.s 			page 11


 415 002d 0E       		.uleb128 0xe
 416 002e 3A       		.uleb128 0x3a
 417 002f 0B       		.uleb128 0xb
 418 0030 3B       		.uleb128 0x3b
 419 0031 0B       		.uleb128 0xb
 420 0032 49       		.uleb128 0x49
 421 0033 13       		.uleb128 0x13
 422 0034 00       		.byte	0
 423 0035 00       		.byte	0
 424 0036 05       		.uleb128 0x5
 425 0037 35       		.uleb128 0x35
 426 0038 00       		.byte	0
 427 0039 49       		.uleb128 0x49
 428 003a 13       		.uleb128 0x13
 429 003b 00       		.byte	0
 430 003c 00       		.byte	0
 431 003d 06       		.uleb128 0x6
 432 003e 13       		.uleb128 0x13
 433 003f 01       		.byte	0x1
 434 0040 0B       		.uleb128 0xb
 435 0041 0B       		.uleb128 0xb
 436 0042 3A       		.uleb128 0x3a
 437 0043 0B       		.uleb128 0xb
 438 0044 3B       		.uleb128 0x3b
 439 0045 0B       		.uleb128 0xb
 440 0046 01       		.uleb128 0x1
 441 0047 13       		.uleb128 0x13
 442 0048 00       		.byte	0
 443 0049 00       		.byte	0
 444 004a 07       		.uleb128 0x7
 445 004b 0D       		.uleb128 0xd
 446 004c 00       		.byte	0
 447 004d 03       		.uleb128 0x3
 448 004e 0E       		.uleb128 0xe
 449 004f 3A       		.uleb128 0x3a
 450 0050 0B       		.uleb128 0xb
 451 0051 3B       		.uleb128 0x3b
 452 0052 0B       		.uleb128 0xb
 453 0053 49       		.uleb128 0x49
 454 0054 13       		.uleb128 0x13
 455 0055 38       		.uleb128 0x38
 456 0056 0B       		.uleb128 0xb
 457 0057 00       		.byte	0
 458 0058 00       		.byte	0
 459 0059 08       		.uleb128 0x8
 460 005a 2E       		.uleb128 0x2e
 461 005b 00       		.byte	0
 462 005c 3F       		.uleb128 0x3f
 463 005d 19       		.uleb128 0x19
 464 005e 03       		.uleb128 0x3
 465 005f 0E       		.uleb128 0xe
 466 0060 3A       		.uleb128 0x3a
 467 0061 0B       		.uleb128 0xb
 468 0062 3B       		.uleb128 0x3b
 469 0063 0B       		.uleb128 0xb
 470 0064 27       		.uleb128 0x27
 471 0065 19       		.uleb128 0x19
ARM GAS  C:\Users\SCOTTC~1\AppData\Local\Temp\cc2EEbLj.s 			page 12


 472 0066 11       		.uleb128 0x11
 473 0067 01       		.uleb128 0x1
 474 0068 12       		.uleb128 0x12
 475 0069 06       		.uleb128 0x6
 476 006a 40       		.uleb128 0x40
 477 006b 18       		.uleb128 0x18
 478 006c 9742     		.uleb128 0x2117
 479 006e 19       		.uleb128 0x19
 480 006f 00       		.byte	0
 481 0070 00       		.byte	0
 482 0071 09       		.uleb128 0x9
 483 0072 2E       		.uleb128 0x2e
 484 0073 00       		.byte	0
 485 0074 3F       		.uleb128 0x3f
 486 0075 19       		.uleb128 0x19
 487 0076 03       		.uleb128 0x3
 488 0077 0E       		.uleb128 0xe
 489 0078 3A       		.uleb128 0x3a
 490 0079 0B       		.uleb128 0xb
 491 007a 3B       		.uleb128 0x3b
 492 007b 0B       		.uleb128 0xb
 493 007c 27       		.uleb128 0x27
 494 007d 19       		.uleb128 0x19
 495 007e 11       		.uleb128 0x11
 496 007f 01       		.uleb128 0x1
 497 0080 12       		.uleb128 0x12
 498 0081 06       		.uleb128 0x6
 499 0082 40       		.uleb128 0x40
 500 0083 18       		.uleb128 0x18
 501 0084 9642     		.uleb128 0x2116
 502 0086 19       		.uleb128 0x19
 503 0087 00       		.byte	0
 504 0088 00       		.byte	0
 505 0089 0A       		.uleb128 0xa
 506 008a 34       		.uleb128 0x34
 507 008b 00       		.byte	0
 508 008c 03       		.uleb128 0x3
 509 008d 0E       		.uleb128 0xe
 510 008e 3A       		.uleb128 0x3a
 511 008f 0B       		.uleb128 0xb
 512 0090 3B       		.uleb128 0x3b
 513 0091 0B       		.uleb128 0xb
 514 0092 49       		.uleb128 0x49
 515 0093 13       		.uleb128 0x13
 516 0094 02       		.uleb128 0x2
 517 0095 18       		.uleb128 0x18
 518 0096 00       		.byte	0
 519 0097 00       		.byte	0
 520 0098 00       		.byte	0
 521              		.section	.debug_aranges,"",%progbits
 522 0000 34000000 		.4byte	0x34
 523 0004 0200     		.2byte	0x2
 524 0006 00000000 		.4byte	.Ldebug_info0
 525 000a 04       		.byte	0x4
 526 000b 00       		.byte	0
 527 000c 0000     		.2byte	0
 528 000e 0000     		.2byte	0
ARM GAS  C:\Users\SCOTTC~1\AppData\Local\Temp\cc2EEbLj.s 			page 13


 529 0010 00000000 		.4byte	.LFB0
 530 0014 20000000 		.4byte	.LFE0-.LFB0
 531 0018 00000000 		.4byte	.LFB1
 532 001c 1C000000 		.4byte	.LFE1-.LFB1
 533 0020 00000000 		.4byte	.LFB2
 534 0024 60000000 		.4byte	.LFE2-.LFB2
 535 0028 00000000 		.4byte	.LFB3
 536 002c 2C000000 		.4byte	.LFE3-.LFB3
 537 0030 00000000 		.4byte	0
 538 0034 00000000 		.4byte	0
 539              		.section	.debug_ranges,"",%progbits
 540              	.Ldebug_ranges0:
 541 0000 00000000 		.4byte	.LFB0
 542 0004 20000000 		.4byte	.LFE0
 543 0008 00000000 		.4byte	.LFB1
 544 000c 1C000000 		.4byte	.LFE1
 545 0010 00000000 		.4byte	.LFB2
 546 0014 60000000 		.4byte	.LFE2
 547 0018 00000000 		.4byte	.LFB3
 548 001c 2C000000 		.4byte	.LFE3
 549 0020 00000000 		.4byte	0
 550 0024 00000000 		.4byte	0
 551              		.section	.debug_line,"",%progbits
 552              	.Ldebug_line0:
 553 0000 AF000000 		.section	.debug_str,"MS",%progbits,1
 553      02004E00 
 553      00000201 
 553      FB0E0D00 
 553      01010101 
 554              	.LASF6:
 555 0000 6C6F6E67 		.ascii	"long long int\000"
 555      206C6F6E 
 555      6720696E 
 555      7400
 556              	.LASF25:
 557 000e 4144435F 		.ascii	"ADC_backup\000"
 557      6261636B 
 557      757000
 558              	.LASF8:
 559 0019 756E7369 		.ascii	"unsigned int\000"
 559      676E6564 
 559      20696E74 
 559      00
 560              	.LASF13:
 561 0026 72656738 		.ascii	"reg8\000"
 561      00
 562              	.LASF12:
 563 002b 75696E74 		.ascii	"uint8\000"
 563      3800
 564              	.LASF5:
 565 0031 6C6F6E67 		.ascii	"long unsigned int\000"
 565      20756E73 
 565      69676E65 
 565      6420696E 
 565      7400
 566              	.LASF7:
 567 0043 6C6F6E67 		.ascii	"long long unsigned int\000"
ARM GAS  C:\Users\SCOTTC~1\AppData\Local\Temp\cc2EEbLj.s 			page 14


 567      206C6F6E 
 567      6720756E 
 567      7369676E 
 567      65642069 
 568              	.LASF19:
 569 005a 4144435F 		.ascii	"ADC_RestoreConfig\000"
 569      52657374 
 569      6F726543 
 569      6F6E6669 
 569      6700
 570              	.LASF17:
 571 006c 4144435F 		.ascii	"ADC_BACKUP_STRUCT\000"
 571      4241434B 
 571      55505F53 
 571      54525543 
 571      5400
 572              	.LASF21:
 573 007e 4144435F 		.ascii	"ADC_Wakeup\000"
 573      57616B65 
 573      757000
 574              	.LASF18:
 575 0089 4144435F 		.ascii	"ADC_SaveConfig\000"
 575      53617665 
 575      436F6E66 
 575      696700
 576              	.LASF1:
 577 0098 756E7369 		.ascii	"unsigned char\000"
 577      676E6564 
 577      20636861 
 577      7200
 578              	.LASF20:
 579 00a6 4144435F 		.ascii	"ADC_Sleep\000"
 579      536C6565 
 579      7000
 580              	.LASF11:
 581 00b0 63686172 		.ascii	"char\000"
 581      00
 582              	.LASF24:
 583 00b5 5C5C766D 		.ascii	"\\\\vmware-host\\Shared Folders\\scottcarlson On My"
 583      77617265 
 583      2D686F73 
 583      745C5368 
 583      61726564 
 584 00e4 204D6163 		.ascii	" Mac\\Code\\repos\\MagField_LowFreq_Detector\\DelSi"
 584      5C436F64 
 584      655C7265 
 584      706F735C 
 584      4D616746 
 585 0113 675F3136 		.ascii	"g_16Channel-20bit-DMA.cydsn\000"
 585      4368616E 
 585      6E656C2D 
 585      32306269 
 585      742D444D 
 586              	.LASF4:
 587 012f 6C6F6E67 		.ascii	"long int\000"
 587      20696E74 
 587      00
ARM GAS  C:\Users\SCOTTC~1\AppData\Local\Temp\cc2EEbLj.s 			page 15


 588              	.LASF15:
 589 0138 656E6162 		.ascii	"enableState\000"
 589      6C655374 
 589      61746500 
 590              	.LASF10:
 591 0144 646F7562 		.ascii	"double\000"
 591      6C6500
 592              	.LASF3:
 593 014b 73686F72 		.ascii	"short unsigned int\000"
 593      7420756E 
 593      7369676E 
 593      65642069 
 593      6E7400
 594              	.LASF0:
 595 015e 7369676E 		.ascii	"signed char\000"
 595      65642063 
 595      68617200 
 596              	.LASF16:
 597 016a 64656363 		.ascii	"deccr\000"
 597      7200
 598              	.LASF9:
 599 0170 666C6F61 		.ascii	"float\000"
 599      7400
 600              	.LASF23:
 601 0176 2E5C4765 		.ascii	".\\Generated_Source\\PSoC5\\ADC_PM.c\000"
 601      6E657261 
 601      7465645F 
 601      536F7572 
 601      63655C50 
 602              	.LASF2:
 603 0198 73686F72 		.ascii	"short int\000"
 603      7420696E 
 603      7400
 604              	.LASF22:
 605 01a2 474E5520 		.ascii	"GNU C 4.8.4 20140526 (release) [ARM/embedded-4_8-br"
 605      4320342E 
 605      382E3420 
 605      32303134 
 605      30353236 
 606 01d5 616E6368 		.ascii	"anch revision 211358] -mcpu=cortex-m3 -mthumb -g -O"
 606      20726576 
 606      6973696F 
 606      6E203231 
 606      31333538 
 607 0208 30202D66 		.ascii	"0 -ffunction-sections\000"
 607      66756E63 
 607      74696F6E 
 607      2D736563 
 607      74696F6E 
 608              	.LASF14:
 609 021e 73697A65 		.ascii	"sizetype\000"
 609      74797065 
 609      00
 610              		.ident	"GCC: (GNU Tools for ARM Embedded Processors) 4.8.4 20140526 (release) [ARM/embedded-4_8-br
