--------------- Build Started: 11/03/2015 19:05:47 Project: DelSig_16Channel-20bit-DMA, Configuration: ARM GCC 4.8.4 Debug ---------------
cydsfit.exe -.appdatapath "C:\Users\Scott Carlson\AppData\Local\Cypress Semiconductor\PSoC Creator\3.2" -.fdsnotice -.fdswarpdepfile=warp_dependencies.txt -.fdselabdepfile=elab_dependencies.txt -.fdsbldfile=generated_files.txt -p "\\vmware-host\Shared Folders\scottcarlson On My Mac\Code\repos\MagField_LowFreq_Detector\DelSig_16Channel-20bit-DMA.cydsn\DelSig_16Channel-20bit-DMA.cyprj" -d CY8C5868AXI-LP035 -s "\\vmware-host\Shared Folders\scottcarlson On My Mac\Code\repos\MagField_LowFreq_Detector\DelSig_16Channel-20bit-DMA.cydsn\Generated_Source\PSoC5" -- -yv2 -q10 -ygs -o2 -v3 -.fftcfgtype=LE
Elaborating Design...
ADD: sdb.M0060: warning: Warning in component: cy_boot. CY_BOOT: Function: CyPmSaveClocks() has a known defect that may cause unexpected operation when using the PLL. Symptoms include device reset during or after the function call or failure to return from a low power mode, such as sleep. See KBA90954 (http://www.cypress.com/?id=4&rID=91681) for the details.
HDL Generation ...
Synthesis ...
Place and Route ...
Tech mapping ...
Analog Placement ...
Info: apr.M0002: Analog signal "\ADC:Net_690\" is connected to one terminal only. (App=cydsfit)
Analog Routing ...
Analog Code Generation ...
Digital Placement ...
Digital Routing ...
Bitstream Generation ...
Static timing analysis ...
Warning: sta.M0021: DelSig_16Channel-20bit-DMA_timing.html: Warning-1350: Asynchronous path(s) exist from "\ADC:DSM\/dec_clock" to "CyBUS_CLK". See the timing report for details. (File=\\vmware-host\Shared Folders\scottcarlson On My Mac\Code\repos\MagField_LowFreq_Detector\DelSig_16Channel-20bit-DMA.cydsn\DelSig_16Channel-20bit-DMA_timing.html)
API Generation ...
Dependency Generation ...
Clean Temporary Files ...
arm-none-eabi-gcc.exe -mcpu=cortex-m3 -mthumb -Wno-main -I. -IGenerated_Source\PSoC5 -Wa,-alh=.\CortexM3\ARM_GCC_484\Debug/main.lst -g -Wall -ffunction-sections -O0 -c .\main.c -o .\CortexM3\ARM_GCC_484\Debug\main.o
arm-none-eabi-gcc.exe -mcpu=cortex-m3 -mthumb -Wno-main -I. -IGenerated_Source\PSoC5 -Wa,-alh=.\CortexM3\ARM_GCC_484\Debug/cyfitter_cfg.lst -g -Wall -ffunction-sections -O0 -c .\Generated_Source\PSoC5\cyfitter_cfg.c -o .\CortexM3\ARM_GCC_484\Debug\cyfitter_cfg.o
arm-none-eabi-gcc.exe -mcpu=cortex-m3 -mthumb -Wno-main -I. -IGenerated_Source\PSoC5 -Wa,-alh=.\CortexM3\ARM_GCC_484\Debug/cymetadata.lst -g -Wall -ffunction-sections -O0 -c .\Generated_Source\PSoC5\cymetadata.c -o .\CortexM3\ARM_GCC_484\Debug\cymetadata.o
arm-none-eabi-gcc.exe -mcpu=cortex-m3 -mthumb -Wno-main -I. -IGenerated_Source\PSoC5 -Wa,-alh=.\CortexM3\ARM_GCC_484\Debug/LCD.lst -g -Wall -ffunction-sections -O0 -c .\Generated_Source\PSoC5\LCD.c -o .\CortexM3\ARM_GCC_484\Debug\LCD.o
arm-none-eabi-gcc.exe -mcpu=cortex-m3 -mthumb -Wno-main -I. -IGenerated_Source\PSoC5 -Wa,-alh=.\CortexM3\ARM_GCC_484\Debug/LCD_PM.lst -g -Wall -ffunction-sections -O0 -c .\Generated_Source\PSoC5\LCD_PM.c -o .\CortexM3\ARM_GCC_484\Debug\LCD_PM.o
arm-none-eabi-gcc.exe -mcpu=cortex-m3 -mthumb -Wno-main -I. -IGenerated_Source\PSoC5 -Wa,-alh=.\CortexM3\ARM_GCC_484\Debug/EOCpin.lst -g -Wall -ffunction-sections -O0 -c .\Generated_Source\PSoC5\EOCpin.c -o .\CortexM3\ARM_GCC_484\Debug\EOCpin.o
arm-none-eabi-gcc.exe -mcpu=cortex-m3 -mthumb -Wno-main -I. -IGenerated_Source\PSoC5 -Wa,-alh=.\CortexM3\ARM_GCC_484\Debug/DMA_ADC2Mem_dma.lst -g -Wall -ffunction-sections -O0 -c .\Generated_Source\PSoC5\DMA_ADC2Mem_dma.c -o .\CortexM3\ARM_GCC_484\Debug\DMA_ADC2Mem_dma.o
arm-none-eabi-gcc.exe -mcpu=cortex-m3 -mthumb -Wno-main -I. -IGenerated_Source\PSoC5 -Wa,-alh=.\CortexM3\ARM_GCC_484\Debug/ADC.lst -g -Wall -ffunction-sections -O0 -c .\Generated_Source\PSoC5\ADC.c -o .\CortexM3\ARM_GCC_484\Debug\ADC.o
arm-none-eabi-gcc.exe -mcpu=cortex-m3 -mthumb -Wno-main -I. -IGenerated_Source\PSoC5 -Wa,-alh=.\CortexM3\ARM_GCC_484\Debug/ADC_PM.lst -g -Wall -ffunction-sections -O0 -c .\Generated_Source\PSoC5\ADC_PM.c -o .\CortexM3\ARM_GCC_484\Debug\ADC_PM.o
arm-none-eabi-gcc.exe -mcpu=cortex-m3 -mthumb -Wno-main -I. -IGenerated_Source\PSoC5 -Wa,-alh=.\CortexM3\ARM_GCC_484\Debug/ADC_INT.lst -g -Wall -ffunction-sections -O0 -c .\Generated_Source\PSoC5\ADC_INT.c -o .\CortexM3\ARM_GCC_484\Debug\ADC_INT.o
arm-none-eabi-gcc.exe -mcpu=cortex-m3 -mthumb -Wno-main -I. -IGenerated_Source\PSoC5 -Wa,-alh=.\CortexM3\ARM_GCC_484\Debug/DMA_Mem2Mem_dma.lst -g -Wall -ffunction-sections -O0 -c .\Generated_Source\PSoC5\DMA_Mem2Mem_dma.c -o .\CortexM3\ARM_GCC_484\Debug\DMA_Mem2Mem_dma.o
arm-none-eabi-gcc.exe -mcpu=cortex-m3 -mthumb -Wno-main -I. -IGenerated_Source\PSoC5 -Wa,-alh=.\CortexM3\ARM_GCC_484\Debug/Pin_1.lst -g -Wall -ffunction-sections -O0 -c .\Generated_Source\PSoC5\Pin_1.c -o .\CortexM3\ARM_GCC_484\Debug\Pin_1.o
arm-none-eabi-gcc.exe -mcpu=cortex-m3 -mthumb -Wno-main -I. -IGenerated_Source\PSoC5 -Wa,-alh=.\CortexM3\ARM_GCC_484\Debug/LCD_LCDPort.lst -g -Wall -ffunction-sections -O0 -c .\Generated_Source\PSoC5\LCD_LCDPort.c -o .\CortexM3\ARM_GCC_484\Debug\LCD_LCDPort.o
arm-none-eabi-gcc.exe -mcpu=cortex-m3 -mthumb -Wno-main -I. -IGenerated_Source\PSoC5 -Wa,-alh=.\CortexM3\ARM_GCC_484\Debug/ADC_AMux.lst -g -Wall -ffunction-sections -O0 -c .\Generated_Source\PSoC5\ADC_AMux.c -o .\CortexM3\ARM_GCC_484\Debug\ADC_AMux.o
arm-none-eabi-gcc.exe -mcpu=cortex-m3 -mthumb -Wno-main -I. -IGenerated_Source\PSoC5 -Wa,-alh=.\CortexM3\ARM_GCC_484\Debug/ADC_Ext_CP_Clk.lst -g -Wall -ffunction-sections -O0 -c .\Generated_Source\PSoC5\ADC_Ext_CP_Clk.c -o .\CortexM3\ARM_GCC_484\Debug\ADC_Ext_CP_Clk.o
arm-none-eabi-gcc.exe -mcpu=cortex-m3 -mthumb -Wno-main -I. -IGenerated_Source\PSoC5 -Wa,-alh=.\CortexM3\ARM_GCC_484\Debug/ADC_IRQ.lst -g -Wall -ffunction-sections -O0 -c .\Generated_Source\PSoC5\ADC_IRQ.c -o .\CortexM3\ARM_GCC_484\Debug\ADC_IRQ.o
arm-none-eabi-gcc.exe -mcpu=cortex-m3 -mthumb -Wno-main -I. -IGenerated_Source\PSoC5 -Wa,-alh=.\CortexM3\ARM_GCC_484\Debug/ADC_theACLK.lst -g -Wall -ffunction-sections -O0 -c .\Generated_Source\PSoC5\ADC_theACLK.c -o .\CortexM3\ARM_GCC_484\Debug\ADC_theACLK.o
arm-none-eabi-gcc.exe -mcpu=cortex-m3 -mthumb -Wno-main -I. -IGenerated_Source\PSoC5 -Wa,-alh=.\CortexM3\ARM_GCC_484\Debug/Cm3Start.lst -g -Wall -ffunction-sections -O0 -c .\Generated_Source\PSoC5\Cm3Start.c -o .\CortexM3\ARM_GCC_484\Debug\Cm3Start.o
arm-none-eabi-as.exe -mcpu=cortex-m3 -mthumb -I. -IGenerated_Source\PSoC5 -alh=.\CortexM3\ARM_GCC_484\Debug/CyBootAsmGnu.lst -g -o .\CortexM3\ARM_GCC_484\Debug\CyBootAsmGnu.o .\Generated_Source\PSoC5\CyBootAsmGnu.s
arm-none-eabi-gcc.exe -mcpu=cortex-m3 -mthumb -Wno-main -I. -IGenerated_Source\PSoC5 -Wa,-alh=.\CortexM3\ARM_GCC_484\Debug/CyDmac.lst -g -Wall -ffunction-sections -O0 -c .\Generated_Source\PSoC5\CyDmac.c -o .\CortexM3\ARM_GCC_484\Debug\CyDmac.o
arm-none-eabi-gcc.exe -mcpu=cortex-m3 -mthumb -Wno-main -I. -IGenerated_Source\PSoC5 -Wa,-alh=.\CortexM3\ARM_GCC_484\Debug/CyFlash.lst -g -Wall -ffunction-sections -O0 -c .\Generated_Source\PSoC5\CyFlash.c -o .\CortexM3\ARM_GCC_484\Debug\CyFlash.o
arm-none-eabi-gcc.exe -mcpu=cortex-m3 -mthumb -Wno-main -I. -IGenerated_Source\PSoC5 -Wa,-alh=.\CortexM3\ARM_GCC_484\Debug/CyLib.lst -g -Wall -ffunction-sections -O0 -c .\Generated_Source\PSoC5\CyLib.c -o .\CortexM3\ARM_GCC_484\Debug\CyLib.o
arm-none-eabi-gcc.exe -mcpu=cortex-m3 -mthumb -Wno-main -I. -IGenerated_Source\PSoC5 -Wa,-alh=.\CortexM3\ARM_GCC_484\Debug/cyPm.lst -g -Wall -ffunction-sections -O0 -c .\Generated_Source\PSoC5\cyPm.c -o .\CortexM3\ARM_GCC_484\Debug\cyPm.o
arm-none-eabi-gcc.exe -mcpu=cortex-m3 -mthumb -Wno-main -I. -IGenerated_Source\PSoC5 -Wa,-alh=.\CortexM3\ARM_GCC_484\Debug/CySpc.lst -g -Wall -ffunction-sections -O0 -c .\Generated_Source\PSoC5\CySpc.c -o .\CortexM3\ARM_GCC_484\Debug\CySpc.o
arm-none-eabi-gcc.exe -mcpu=cortex-m3 -mthumb -Wno-main -I. -IGenerated_Source\PSoC5 -Wa,-alh=.\CortexM3\ARM_GCC_484\Debug/cyutils.lst -g -Wall -ffunction-sections -O0 -c .\Generated_Source\PSoC5\cyutils.c -o .\CortexM3\ARM_GCC_484\Debug\cyutils.o
arm-none-eabi-gcc.exe -mcpu=cortex-m3 -mthumb -Wno-main -I. -IGenerated_Source\PSoC5 -Wa,-alh=.\CortexM3\ARM_GCC_484\Debug/Filter.lst -g -Wall -ffunction-sections -O0 -c .\Generated_Source\PSoC5\Filter.c -o .\CortexM3\ARM_GCC_484\Debug\Filter.o
arm-none-eabi-gcc.exe -mcpu=cortex-m3 -mthumb -Wno-main -I. -IGenerated_Source\PSoC5 -Wa,-alh=.\CortexM3\ARM_GCC_484\Debug/Filter_PM.lst -g -Wall -ffunction-sections -O0 -c .\Generated_Source\PSoC5\Filter_PM.c -o .\CortexM3\ARM_GCC_484\Debug\Filter_PM.o
arm-none-eabi-gcc.exe -mcpu=cortex-m3 -mthumb -Wno-main -I. -IGenerated_Source\PSoC5 -Wa,-alh=.\CortexM3\ARM_GCC_484\Debug/Filter_PVT.lst -g -Wall -ffunction-sections -O0 -c .\Generated_Source\PSoC5\Filter_PVT.c -o .\CortexM3\ARM_GCC_484\Debug\Filter_PVT.o
arm-none-eabi-gcc.exe -mcpu=cortex-m3 -mthumb -Wno-main -I. -IGenerated_Source\PSoC5 -Wa,-alh=.\CortexM3\ARM_GCC_484\Debug/Filter_RAM_Data.lst -g -Wall -ffunction-sections -O0 -c .\Generated_Source\PSoC5\Filter_RAM_Data.c -o .\CortexM3\ARM_GCC_484\Debug\Filter_RAM_Data.o
arm-none-eabi-gcc.exe -mcpu=cortex-m3 -mthumb -Wno-main -I. -IGenerated_Source\PSoC5 -Wa,-alh=.\CortexM3\ARM_GCC_484\Debug/Filter_Coefficients.lst -g -Wall -ffunction-sections -O0 -c .\Generated_Source\PSoC5\Filter_Coefficients.c -o .\CortexM3\ARM_GCC_484\Debug\Filter_Coefficients.o
arm-none-eabi-gcc.exe -mcpu=cortex-m3 -mthumb -Wno-main -I. -IGenerated_Source\PSoC5 -Wa,-alh=.\CortexM3\ARM_GCC_484\Debug/DMA_Filter2Mem_dma.lst -g -Wall -ffunction-sections -O0 -c .\Generated_Source\PSoC5\DMA_Filter2Mem_dma.c -o .\CortexM3\ARM_GCC_484\Debug\DMA_Filter2Mem_dma.o
arm-none-eabi-gcc.exe -mcpu=cortex-m3 -mthumb -Wno-main -I. -IGenerated_Source\PSoC5 -Wa,-alh=.\CortexM3\ARM_GCC_484\Debug/DMA_FilterMem2Mem_dma.lst -g -Wall -ffunction-sections -O0 -c .\Generated_Source\PSoC5\DMA_FilterMem2Mem_dma.c -o .\CortexM3\ARM_GCC_484\Debug\DMA_FilterMem2Mem_dma.o
arm-none-eabi-gcc.exe -mcpu=cortex-m3 -mthumb -Wno-main -I. -IGenerated_Source\PSoC5 -Wa,-alh=.\CortexM3\ARM_GCC_484\Debug/DMA_ADC2Filter_dma.lst -g -Wall -ffunction-sections -O0 -c .\Generated_Source\PSoC5\DMA_ADC2Filter_dma.c -o .\CortexM3\ARM_GCC_484\Debug\DMA_ADC2Filter_dma.o
arm-none-eabi-ar.exe -rs .\CortexM3\ARM_GCC_484\Debug\DelSig_16Channel-20bit-DMA.a .\CortexM3\ARM_GCC_484\Debug\cyfitter_cfg.o .\CortexM3\ARM_GCC_484\Debug\LCD.o .\CortexM3\ARM_GCC_484\Debug\LCD_PM.o .\CortexM3\ARM_GCC_484\Debug\EOCpin.o .\CortexM3\ARM_GCC_484\Debug\DMA_ADC2Mem_dma.o .\CortexM3\ARM_GCC_484\Debug\ADC.o .\CortexM3\ARM_GCC_484\Debug\ADC_PM.o .\CortexM3\ARM_GCC_484\Debug\ADC_INT.o .\CortexM3\ARM_GCC_484\Debug\DMA_Mem2Mem_dma.o .\CortexM3\ARM_GCC_484\Debug\Pin_1.o .\CortexM3\ARM_GCC_484\Debug\LCD_LCDPort.o .\CortexM3\ARM_GCC_484\Debug\ADC_AMux.o .\CortexM3\ARM_GCC_484\Debug\ADC_Ext_CP_Clk.o .\CortexM3\ARM_GCC_484\Debug\ADC_IRQ.o .\CortexM3\ARM_GCC_484\Debug\ADC_theACLK.o .\CortexM3\ARM_GCC_484\Debug\CyBootAsmGnu.o .\CortexM3\ARM_GCC_484\Debug\CyDmac.o .\CortexM3\ARM_GCC_484\Debug\CyFlash.o .\CortexM3\ARM_GCC_484\Debug\CyLib.o .\CortexM3\ARM_GCC_484\Debug\cyPm.o .\CortexM3\ARM_GCC_484\Debug\CySpc.o .\CortexM3\ARM_GCC_484\Debug\cyutils.o .\CortexM3\ARM_GCC_484\Debug\Filter.o .\CortexM3\ARM_GCC_484\Debug\Filter_PM.o .\CortexM3\ARM_GCC_484\Debug\Filter_PVT.o .\CortexM3\ARM_GCC_484\Debug\Filter_RAM_Data.o .\CortexM3\ARM_GCC_484\Debug\Filter_Coefficients.o .\CortexM3\ARM_GCC_484\Debug\DMA_Filter2Mem_dma.o .\CortexM3\ARM_GCC_484\Debug\DMA_FilterMem2Mem_dma.o .\CortexM3\ARM_GCC_484\Debug\DMA_ADC2Filter_dma.o
arm-none-eabi-ar.exe: creating .\CortexM3\ARM_GCC_484\Debug\DelSig_16Channel-20bit-DMA.a
arm-none-eabi-gcc.exe -Wl,--start-group -o .\CortexM3\ARM_GCC_484\Debug\DelSig_16Channel-20bit-DMA.elf .\CortexM3\ARM_GCC_484\Debug\main.o .\CortexM3\ARM_GCC_484\Debug\cymetadata.o .\CortexM3\ARM_GCC_484\Debug\Cm3Start.o .\CortexM3\ARM_GCC_484\Debug\DelSig_16Channel-20bit-DMA.a "C:\Program Files\Cypress\PSoC Creator\3.2\PSoC Creator\psoc\content\cycomponentlibrary\CyComponentLibrary.cylib\CortexM3\ARM_GCC_484\Debug\CyComponentLibrary.a" -mcpu=cortex-m3 -mthumb -g -ffunction-sections -O0 -Wl,-Map,.\CortexM3\ARM_GCC_484\Debug/DelSig_16Channel-20bit-DMA.map -T Generated_Source\PSoC5\cm3gcc.ld -specs=nano.specs -Wl,--gc-sections -Wl,--end-group
cyelftool.exe -C "\\vmware-host\Shared Folders\scottcarlson On My Mac\Code\repos\MagField_LowFreq_Detector\DelSig_16Channel-20bit-DMA.cydsn\CortexM3\ARM_GCC_484\Debug\DelSig_16Channel-20bit-DMA.elf" --flash_row_size 256 --flash_size 262144
cyelftool.exe -S "\\vmware-host\Shared Folders\scottcarlson On My Mac\Code\repos\MagField_LowFreq_Detector\DelSig_16Channel-20bit-DMA.cydsn\CortexM3\ARM_GCC_484\Debug\DelSig_16Channel-20bit-DMA.elf"
Flash used: 11008 of 262144 bytes (4.2 %).
SRAM used: 4597 of 65536 bytes (7.0 %). Stack: 2048 bytes. Heap: 128 bytes.
--------------- Build Succeeded: 11/03/2015 19:09:35 ---------------
