ARM GAS  C:\Users\SCOTTC~1\AppData\Local\Temp\cc1bXT15.s 			page 1


   1              		.syntax unified
   2              		.cpu cortex-m3
   3              		.fpu softvfp
   4              		.eabi_attribute 20, 1
   5              		.eabi_attribute 21, 1
   6              		.eabi_attribute 23, 3
   7              		.eabi_attribute 24, 1
   8              		.eabi_attribute 25, 1
   9              		.eabi_attribute 26, 1
  10              		.eabi_attribute 30, 6
  11              		.eabi_attribute 34, 1
  12              		.eabi_attribute 18, 4
  13              		.thumb
  14              		.file	"Delay_PWM_PM.c"
  15              		.text
  16              	.Ltext0:
  17              		.cfi_sections	.debug_frame
  18              		.bss
  19              		.align	2
  20              	Delay_PWM_backup:
  21 0000 00000000 		.space	5
  21      00
  22 0005 000000   		.section	.text.Delay_PWM_SaveConfig,"ax",%progbits
  23              		.align	2
  24              		.global	Delay_PWM_SaveConfig
  25              		.thumb
  26              		.thumb_func
  27              		.type	Delay_PWM_SaveConfig, %function
  28              	Delay_PWM_SaveConfig:
  29              	.LFB0:
  30              		.file 1 ".\\Generated_Source\\PSoC5\\Delay_PWM_PM.c"
   1:.\Generated_Source\PSoC5/Delay_PWM_PM.c **** /*******************************************************************************
   2:.\Generated_Source\PSoC5/Delay_PWM_PM.c **** * File Name: Delay_PWM_PM.c
   3:.\Generated_Source\PSoC5/Delay_PWM_PM.c **** * Version 3.0
   4:.\Generated_Source\PSoC5/Delay_PWM_PM.c **** *
   5:.\Generated_Source\PSoC5/Delay_PWM_PM.c **** * Description:
   6:.\Generated_Source\PSoC5/Delay_PWM_PM.c **** *  This file provides the power management source code to API for the
   7:.\Generated_Source\PSoC5/Delay_PWM_PM.c **** *  PWM.
   8:.\Generated_Source\PSoC5/Delay_PWM_PM.c **** *
   9:.\Generated_Source\PSoC5/Delay_PWM_PM.c **** * Note:
  10:.\Generated_Source\PSoC5/Delay_PWM_PM.c **** *
  11:.\Generated_Source\PSoC5/Delay_PWM_PM.c **** ********************************************************************************
  12:.\Generated_Source\PSoC5/Delay_PWM_PM.c **** * Copyright 2008-2012, Cypress Semiconductor Corporation.  All rights reserved.
  13:.\Generated_Source\PSoC5/Delay_PWM_PM.c **** * You may use this file only in accordance with the license, terms, conditions,
  14:.\Generated_Source\PSoC5/Delay_PWM_PM.c **** * disclaimers, and limitations in the end user license agreement accompanying
  15:.\Generated_Source\PSoC5/Delay_PWM_PM.c **** * the software package with which this file was provided.
  16:.\Generated_Source\PSoC5/Delay_PWM_PM.c **** *******************************************************************************/
  17:.\Generated_Source\PSoC5/Delay_PWM_PM.c **** #include "cytypes.h"
  18:.\Generated_Source\PSoC5/Delay_PWM_PM.c **** #include "Delay_PWM.h"
  19:.\Generated_Source\PSoC5/Delay_PWM_PM.c **** 
  20:.\Generated_Source\PSoC5/Delay_PWM_PM.c **** static Delay_PWM_backupStruct Delay_PWM_backup;
  21:.\Generated_Source\PSoC5/Delay_PWM_PM.c **** 
  22:.\Generated_Source\PSoC5/Delay_PWM_PM.c **** 
  23:.\Generated_Source\PSoC5/Delay_PWM_PM.c **** /*******************************************************************************
  24:.\Generated_Source\PSoC5/Delay_PWM_PM.c **** * Function Name: Delay_PWM_SaveConfig
  25:.\Generated_Source\PSoC5/Delay_PWM_PM.c **** ********************************************************************************
  26:.\Generated_Source\PSoC5/Delay_PWM_PM.c **** *
ARM GAS  C:\Users\SCOTTC~1\AppData\Local\Temp\cc1bXT15.s 			page 2


  27:.\Generated_Source\PSoC5/Delay_PWM_PM.c **** * Summary:
  28:.\Generated_Source\PSoC5/Delay_PWM_PM.c **** *  Saves the current user configuration of the component.
  29:.\Generated_Source\PSoC5/Delay_PWM_PM.c **** *  
  30:.\Generated_Source\PSoC5/Delay_PWM_PM.c **** * Parameters:  
  31:.\Generated_Source\PSoC5/Delay_PWM_PM.c **** *  None
  32:.\Generated_Source\PSoC5/Delay_PWM_PM.c **** *
  33:.\Generated_Source\PSoC5/Delay_PWM_PM.c **** * Return: 
  34:.\Generated_Source\PSoC5/Delay_PWM_PM.c **** *  None
  35:.\Generated_Source\PSoC5/Delay_PWM_PM.c **** *
  36:.\Generated_Source\PSoC5/Delay_PWM_PM.c **** * Global variables:
  37:.\Generated_Source\PSoC5/Delay_PWM_PM.c **** *  Delay_PWM_backup:  Variables of this global structure are modified to 
  38:.\Generated_Source\PSoC5/Delay_PWM_PM.c **** *  store the values of non retention configuration registers when Sleep() API is 
  39:.\Generated_Source\PSoC5/Delay_PWM_PM.c **** *  called.
  40:.\Generated_Source\PSoC5/Delay_PWM_PM.c **** *
  41:.\Generated_Source\PSoC5/Delay_PWM_PM.c **** *******************************************************************************/
  42:.\Generated_Source\PSoC5/Delay_PWM_PM.c **** void Delay_PWM_SaveConfig(void) 
  43:.\Generated_Source\PSoC5/Delay_PWM_PM.c **** {
  31              		.loc 1 43 0
  32              		.cfi_startproc
  33              		@ args = 0, pretend = 0, frame = 0
  34              		@ frame_needed = 1, uses_anonymous_args = 0
  35 0000 80B5     		push	{r7, lr}
  36              		.cfi_def_cfa_offset 8
  37              		.cfi_offset 7, -8
  38              		.cfi_offset 14, -4
  39 0002 00AF     		add	r7, sp, #0
  40              		.cfi_def_cfa_register 7
  44:.\Generated_Source\PSoC5/Delay_PWM_PM.c ****     
  45:.\Generated_Source\PSoC5/Delay_PWM_PM.c ****     #if(!Delay_PWM_UsingFixedFunction)
  46:.\Generated_Source\PSoC5/Delay_PWM_PM.c ****         #if(!Delay_PWM_PWMModeIsCenterAligned)
  47:.\Generated_Source\PSoC5/Delay_PWM_PM.c ****             Delay_PWM_backup.PWMPeriod = Delay_PWM_ReadPeriod();
  41              		.loc 1 47 0
  42 0004 FFF7FEFF 		bl	Delay_PWM_ReadPeriod
  43 0008 0346     		mov	r3, r0
  44 000a 1A46     		mov	r2, r3
  45 000c 094B     		ldr	r3, .L2
  46 000e 9A70     		strb	r2, [r3, #2]
  48:.\Generated_Source\PSoC5/Delay_PWM_PM.c ****         #endif /* (!Delay_PWM_PWMModeIsCenterAligned) */
  49:.\Generated_Source\PSoC5/Delay_PWM_PM.c ****         Delay_PWM_backup.PWMUdb = Delay_PWM_ReadCounter();
  47              		.loc 1 49 0
  48 0010 FFF7FEFF 		bl	Delay_PWM_ReadCounter
  49 0014 0346     		mov	r3, r0
  50 0016 1A46     		mov	r2, r3
  51 0018 064B     		ldr	r3, .L2
  52 001a 5A70     		strb	r2, [r3, #1]
  50:.\Generated_Source\PSoC5/Delay_PWM_PM.c ****         #if (Delay_PWM_UseStatus)
  51:.\Generated_Source\PSoC5/Delay_PWM_PM.c ****             Delay_PWM_backup.InterruptMaskValue = Delay_PWM_STATUS_MASK;
  53              		.loc 1 51 0
  54 001c 064B     		ldr	r3, .L2+4
  55 001e 1B78     		ldrb	r3, [r3]
  56 0020 DAB2     		uxtb	r2, r3
  57 0022 044B     		ldr	r3, .L2
  58 0024 DA70     		strb	r2, [r3, #3]
  52:.\Generated_Source\PSoC5/Delay_PWM_PM.c ****         #endif /* (Delay_PWM_UseStatus) */
  53:.\Generated_Source\PSoC5/Delay_PWM_PM.c ****         
  54:.\Generated_Source\PSoC5/Delay_PWM_PM.c ****         #if(Delay_PWM_DeadBandMode == Delay_PWM__B_PWM__DBM_256_CLOCKS || \
  55:.\Generated_Source\PSoC5/Delay_PWM_PM.c ****             Delay_PWM_DeadBandMode == Delay_PWM__B_PWM__DBM_2_4_CLOCKS)
ARM GAS  C:\Users\SCOTTC~1\AppData\Local\Temp\cc1bXT15.s 			page 3


  56:.\Generated_Source\PSoC5/Delay_PWM_PM.c ****             Delay_PWM_backup.PWMdeadBandValue = Delay_PWM_ReadDeadTime();
  57:.\Generated_Source\PSoC5/Delay_PWM_PM.c ****         #endif /*  deadband count is either 2-4 clocks or 256 clocks */
  58:.\Generated_Source\PSoC5/Delay_PWM_PM.c ****         
  59:.\Generated_Source\PSoC5/Delay_PWM_PM.c ****         #if(Delay_PWM_KillModeMinTime)
  60:.\Generated_Source\PSoC5/Delay_PWM_PM.c ****              Delay_PWM_backup.PWMKillCounterPeriod = Delay_PWM_ReadKillTime();
  61:.\Generated_Source\PSoC5/Delay_PWM_PM.c ****         #endif /* (Delay_PWM_KillModeMinTime) */
  62:.\Generated_Source\PSoC5/Delay_PWM_PM.c ****         
  63:.\Generated_Source\PSoC5/Delay_PWM_PM.c ****         #if(Delay_PWM_UseControl)
  64:.\Generated_Source\PSoC5/Delay_PWM_PM.c ****             Delay_PWM_backup.PWMControlRegister = Delay_PWM_ReadControlRegister();
  59              		.loc 1 64 0
  60 0026 FFF7FEFF 		bl	Delay_PWM_ReadControlRegister
  61 002a 0346     		mov	r3, r0
  62 002c 1A46     		mov	r2, r3
  63 002e 014B     		ldr	r3, .L2
  64 0030 1A71     		strb	r2, [r3, #4]
  65:.\Generated_Source\PSoC5/Delay_PWM_PM.c ****         #endif /* (Delay_PWM_UseControl) */
  66:.\Generated_Source\PSoC5/Delay_PWM_PM.c ****     #endif  /* (!Delay_PWM_UsingFixedFunction) */
  67:.\Generated_Source\PSoC5/Delay_PWM_PM.c **** }
  65              		.loc 1 67 0
  66 0032 80BD     		pop	{r7, pc}
  67              	.L3:
  68              		.align	2
  69              	.L2:
  70 0034 00000000 		.word	Delay_PWM_backup
  71 0038 87650040 		.word	1073767815
  72              		.cfi_endproc
  73              	.LFE0:
  74              		.size	Delay_PWM_SaveConfig, .-Delay_PWM_SaveConfig
  75              		.section	.text.Delay_PWM_RestoreConfig,"ax",%progbits
  76              		.align	2
  77              		.global	Delay_PWM_RestoreConfig
  78              		.thumb
  79              		.thumb_func
  80              		.type	Delay_PWM_RestoreConfig, %function
  81              	Delay_PWM_RestoreConfig:
  82              	.LFB1:
  68:.\Generated_Source\PSoC5/Delay_PWM_PM.c **** 
  69:.\Generated_Source\PSoC5/Delay_PWM_PM.c **** 
  70:.\Generated_Source\PSoC5/Delay_PWM_PM.c **** /*******************************************************************************
  71:.\Generated_Source\PSoC5/Delay_PWM_PM.c **** * Function Name: Delay_PWM_RestoreConfig
  72:.\Generated_Source\PSoC5/Delay_PWM_PM.c **** ********************************************************************************
  73:.\Generated_Source\PSoC5/Delay_PWM_PM.c **** * 
  74:.\Generated_Source\PSoC5/Delay_PWM_PM.c **** * Summary:
  75:.\Generated_Source\PSoC5/Delay_PWM_PM.c **** *  Restores the current user configuration of the component.
  76:.\Generated_Source\PSoC5/Delay_PWM_PM.c **** *
  77:.\Generated_Source\PSoC5/Delay_PWM_PM.c **** * Parameters:  
  78:.\Generated_Source\PSoC5/Delay_PWM_PM.c **** *  None
  79:.\Generated_Source\PSoC5/Delay_PWM_PM.c **** *
  80:.\Generated_Source\PSoC5/Delay_PWM_PM.c **** * Return: 
  81:.\Generated_Source\PSoC5/Delay_PWM_PM.c **** *  None
  82:.\Generated_Source\PSoC5/Delay_PWM_PM.c **** *
  83:.\Generated_Source\PSoC5/Delay_PWM_PM.c **** * Global variables:
  84:.\Generated_Source\PSoC5/Delay_PWM_PM.c **** *  Delay_PWM_backup:  Variables of this global structure are used to  
  85:.\Generated_Source\PSoC5/Delay_PWM_PM.c **** *  restore the values of non retention registers on wakeup from sleep mode.
  86:.\Generated_Source\PSoC5/Delay_PWM_PM.c **** *
  87:.\Generated_Source\PSoC5/Delay_PWM_PM.c **** *******************************************************************************/
  88:.\Generated_Source\PSoC5/Delay_PWM_PM.c **** void Delay_PWM_RestoreConfig(void) 
ARM GAS  C:\Users\SCOTTC~1\AppData\Local\Temp\cc1bXT15.s 			page 4


  89:.\Generated_Source\PSoC5/Delay_PWM_PM.c **** {
  83              		.loc 1 89 0
  84              		.cfi_startproc
  85              		@ args = 0, pretend = 0, frame = 0
  86              		@ frame_needed = 1, uses_anonymous_args = 0
  87 0000 80B5     		push	{r7, lr}
  88              		.cfi_def_cfa_offset 8
  89              		.cfi_offset 7, -8
  90              		.cfi_offset 14, -4
  91 0002 00AF     		add	r7, sp, #0
  92              		.cfi_def_cfa_register 7
  90:.\Generated_Source\PSoC5/Delay_PWM_PM.c ****         #if(!Delay_PWM_UsingFixedFunction)
  91:.\Generated_Source\PSoC5/Delay_PWM_PM.c ****             #if(!Delay_PWM_PWMModeIsCenterAligned)
  92:.\Generated_Source\PSoC5/Delay_PWM_PM.c ****                 Delay_PWM_WritePeriod(Delay_PWM_backup.PWMPeriod);
  93              		.loc 1 92 0
  94 0004 094B     		ldr	r3, .L5
  95 0006 9B78     		ldrb	r3, [r3, #2]	@ zero_extendqisi2
  96 0008 1846     		mov	r0, r3
  97 000a FFF7FEFF 		bl	Delay_PWM_WritePeriod
  93:.\Generated_Source\PSoC5/Delay_PWM_PM.c ****             #endif /* (!Delay_PWM_PWMModeIsCenterAligned) */
  94:.\Generated_Source\PSoC5/Delay_PWM_PM.c ****             Delay_PWM_WriteCounter(Delay_PWM_backup.PWMUdb);
  98              		.loc 1 94 0
  99 000e 074B     		ldr	r3, .L5
 100 0010 5B78     		ldrb	r3, [r3, #1]	@ zero_extendqisi2
 101 0012 1846     		mov	r0, r3
 102 0014 FFF7FEFF 		bl	Delay_PWM_WriteCounter
  95:.\Generated_Source\PSoC5/Delay_PWM_PM.c ****             #if (Delay_PWM_UseStatus)
  96:.\Generated_Source\PSoC5/Delay_PWM_PM.c ****                 Delay_PWM_STATUS_MASK = Delay_PWM_backup.InterruptMaskValue;
 103              		.loc 1 96 0
 104 0018 054B     		ldr	r3, .L5+4
 105 001a 044A     		ldr	r2, .L5
 106 001c D278     		ldrb	r2, [r2, #3]	@ zero_extendqisi2
 107 001e 1A70     		strb	r2, [r3]
  97:.\Generated_Source\PSoC5/Delay_PWM_PM.c ****             #endif /* (Delay_PWM_UseStatus) */
  98:.\Generated_Source\PSoC5/Delay_PWM_PM.c ****             
  99:.\Generated_Source\PSoC5/Delay_PWM_PM.c ****             #if(Delay_PWM_DeadBandMode == Delay_PWM__B_PWM__DBM_256_CLOCKS || \
 100:.\Generated_Source\PSoC5/Delay_PWM_PM.c ****                 Delay_PWM_DeadBandMode == Delay_PWM__B_PWM__DBM_2_4_CLOCKS)
 101:.\Generated_Source\PSoC5/Delay_PWM_PM.c ****                 Delay_PWM_WriteDeadTime(Delay_PWM_backup.PWMdeadBandValue);
 102:.\Generated_Source\PSoC5/Delay_PWM_PM.c ****             #endif /* deadband count is either 2-4 clocks or 256 clocks */
 103:.\Generated_Source\PSoC5/Delay_PWM_PM.c ****             
 104:.\Generated_Source\PSoC5/Delay_PWM_PM.c ****             #if(Delay_PWM_KillModeMinTime)
 105:.\Generated_Source\PSoC5/Delay_PWM_PM.c ****                 Delay_PWM_WriteKillTime(Delay_PWM_backup.PWMKillCounterPeriod);
 106:.\Generated_Source\PSoC5/Delay_PWM_PM.c ****             #endif /* (Delay_PWM_KillModeMinTime) */
 107:.\Generated_Source\PSoC5/Delay_PWM_PM.c ****             
 108:.\Generated_Source\PSoC5/Delay_PWM_PM.c ****             #if(Delay_PWM_UseControl)
 109:.\Generated_Source\PSoC5/Delay_PWM_PM.c ****                 Delay_PWM_WriteControlRegister(Delay_PWM_backup.PWMControlRegister); 
 108              		.loc 1 109 0
 109 0020 024B     		ldr	r3, .L5
 110 0022 1B79     		ldrb	r3, [r3, #4]	@ zero_extendqisi2
 111 0024 1846     		mov	r0, r3
 112 0026 FFF7FEFF 		bl	Delay_PWM_WriteControlRegister
 110:.\Generated_Source\PSoC5/Delay_PWM_PM.c ****             #endif /* (Delay_PWM_UseControl) */
 111:.\Generated_Source\PSoC5/Delay_PWM_PM.c ****         #endif  /* (!Delay_PWM_UsingFixedFunction) */
 112:.\Generated_Source\PSoC5/Delay_PWM_PM.c ****     }
 113              		.loc 1 112 0
 114 002a 80BD     		pop	{r7, pc}
 115              	.L6:
ARM GAS  C:\Users\SCOTTC~1\AppData\Local\Temp\cc1bXT15.s 			page 5


 116              		.align	2
 117              	.L5:
 118 002c 00000000 		.word	Delay_PWM_backup
 119 0030 87650040 		.word	1073767815
 120              		.cfi_endproc
 121              	.LFE1:
 122              		.size	Delay_PWM_RestoreConfig, .-Delay_PWM_RestoreConfig
 123              		.section	.text.Delay_PWM_Sleep,"ax",%progbits
 124              		.align	2
 125              		.global	Delay_PWM_Sleep
 126              		.thumb
 127              		.thumb_func
 128              		.type	Delay_PWM_Sleep, %function
 129              	Delay_PWM_Sleep:
 130              	.LFB2:
 113:.\Generated_Source\PSoC5/Delay_PWM_PM.c **** 
 114:.\Generated_Source\PSoC5/Delay_PWM_PM.c **** 
 115:.\Generated_Source\PSoC5/Delay_PWM_PM.c **** /*******************************************************************************
 116:.\Generated_Source\PSoC5/Delay_PWM_PM.c **** * Function Name: Delay_PWM_Sleep
 117:.\Generated_Source\PSoC5/Delay_PWM_PM.c **** ********************************************************************************
 118:.\Generated_Source\PSoC5/Delay_PWM_PM.c **** * 
 119:.\Generated_Source\PSoC5/Delay_PWM_PM.c **** * Summary:
 120:.\Generated_Source\PSoC5/Delay_PWM_PM.c **** *  Disables block's operation and saves the user configuration. Should be called 
 121:.\Generated_Source\PSoC5/Delay_PWM_PM.c **** *  just prior to entering sleep.
 122:.\Generated_Source\PSoC5/Delay_PWM_PM.c **** *  
 123:.\Generated_Source\PSoC5/Delay_PWM_PM.c **** * Parameters:  
 124:.\Generated_Source\PSoC5/Delay_PWM_PM.c **** *  None
 125:.\Generated_Source\PSoC5/Delay_PWM_PM.c **** *
 126:.\Generated_Source\PSoC5/Delay_PWM_PM.c **** * Return: 
 127:.\Generated_Source\PSoC5/Delay_PWM_PM.c **** *  None
 128:.\Generated_Source\PSoC5/Delay_PWM_PM.c **** *
 129:.\Generated_Source\PSoC5/Delay_PWM_PM.c **** * Global variables:
 130:.\Generated_Source\PSoC5/Delay_PWM_PM.c **** *  Delay_PWM_backup.PWMEnableState:  Is modified depending on the enable 
 131:.\Generated_Source\PSoC5/Delay_PWM_PM.c **** *  state of the block before entering sleep mode.
 132:.\Generated_Source\PSoC5/Delay_PWM_PM.c **** *
 133:.\Generated_Source\PSoC5/Delay_PWM_PM.c **** *******************************************************************************/
 134:.\Generated_Source\PSoC5/Delay_PWM_PM.c **** void Delay_PWM_Sleep(void) 
 135:.\Generated_Source\PSoC5/Delay_PWM_PM.c **** {
 131              		.loc 1 135 0
 132              		.cfi_startproc
 133              		@ args = 0, pretend = 0, frame = 0
 134              		@ frame_needed = 1, uses_anonymous_args = 0
 135 0000 80B5     		push	{r7, lr}
 136              		.cfi_def_cfa_offset 8
 137              		.cfi_offset 7, -8
 138              		.cfi_offset 14, -4
 139 0002 00AF     		add	r7, sp, #0
 140              		.cfi_def_cfa_register 7
 136:.\Generated_Source\PSoC5/Delay_PWM_PM.c ****     #if(Delay_PWM_UseControl)
 137:.\Generated_Source\PSoC5/Delay_PWM_PM.c ****         if(Delay_PWM_CTRL_ENABLE == (Delay_PWM_CONTROL & Delay_PWM_CTRL_ENABLE))
 141              		.loc 1 137 0
 142 0004 094B     		ldr	r3, .L10
 143 0006 1B78     		ldrb	r3, [r3]
 144 0008 DBB2     		uxtb	r3, r3
 145 000a DBB2     		uxtb	r3, r3
 146 000c 5BB2     		sxtb	r3, r3
 147 000e 002B     		cmp	r3, #0
ARM GAS  C:\Users\SCOTTC~1\AppData\Local\Temp\cc1bXT15.s 			page 6


 148 0010 03DA     		bge	.L8
 138:.\Generated_Source\PSoC5/Delay_PWM_PM.c ****         {
 139:.\Generated_Source\PSoC5/Delay_PWM_PM.c ****             /*Component is enabled */
 140:.\Generated_Source\PSoC5/Delay_PWM_PM.c ****             Delay_PWM_backup.PWMEnableState = 1u;
 149              		.loc 1 140 0
 150 0012 074B     		ldr	r3, .L10+4
 151 0014 0122     		movs	r2, #1
 152 0016 1A70     		strb	r2, [r3]
 153 0018 02E0     		b	.L9
 154              	.L8:
 141:.\Generated_Source\PSoC5/Delay_PWM_PM.c ****         }
 142:.\Generated_Source\PSoC5/Delay_PWM_PM.c ****         else
 143:.\Generated_Source\PSoC5/Delay_PWM_PM.c ****         {
 144:.\Generated_Source\PSoC5/Delay_PWM_PM.c ****             /* Component is disabled */
 145:.\Generated_Source\PSoC5/Delay_PWM_PM.c ****             Delay_PWM_backup.PWMEnableState = 0u;
 155              		.loc 1 145 0
 156 001a 054B     		ldr	r3, .L10+4
 157 001c 0022     		movs	r2, #0
 158 001e 1A70     		strb	r2, [r3]
 159              	.L9:
 146:.\Generated_Source\PSoC5/Delay_PWM_PM.c ****         }
 147:.\Generated_Source\PSoC5/Delay_PWM_PM.c ****     #endif /* (Delay_PWM_UseControl) */
 148:.\Generated_Source\PSoC5/Delay_PWM_PM.c **** 
 149:.\Generated_Source\PSoC5/Delay_PWM_PM.c ****     /* Stop component */
 150:.\Generated_Source\PSoC5/Delay_PWM_PM.c ****     Delay_PWM_Stop();
 160              		.loc 1 150 0
 161 0020 FFF7FEFF 		bl	Delay_PWM_Stop
 151:.\Generated_Source\PSoC5/Delay_PWM_PM.c ****     
 152:.\Generated_Source\PSoC5/Delay_PWM_PM.c ****     /* Save registers configuration */
 153:.\Generated_Source\PSoC5/Delay_PWM_PM.c ****     Delay_PWM_SaveConfig();
 162              		.loc 1 153 0
 163 0024 FFF7FEFF 		bl	Delay_PWM_SaveConfig
 154:.\Generated_Source\PSoC5/Delay_PWM_PM.c **** }
 164              		.loc 1 154 0
 165 0028 80BD     		pop	{r7, pc}
 166              	.L11:
 167 002a 00BF     		.align	2
 168              	.L10:
 169 002c 77650040 		.word	1073767799
 170 0030 00000000 		.word	Delay_PWM_backup
 171              		.cfi_endproc
 172              	.LFE2:
 173              		.size	Delay_PWM_Sleep, .-Delay_PWM_Sleep
 174              		.section	.text.Delay_PWM_Wakeup,"ax",%progbits
 175              		.align	2
 176              		.global	Delay_PWM_Wakeup
 177              		.thumb
 178              		.thumb_func
 179              		.type	Delay_PWM_Wakeup, %function
 180              	Delay_PWM_Wakeup:
 181              	.LFB3:
 155:.\Generated_Source\PSoC5/Delay_PWM_PM.c **** 
 156:.\Generated_Source\PSoC5/Delay_PWM_PM.c **** 
 157:.\Generated_Source\PSoC5/Delay_PWM_PM.c **** /*******************************************************************************
 158:.\Generated_Source\PSoC5/Delay_PWM_PM.c **** * Function Name: Delay_PWM_Wakeup
 159:.\Generated_Source\PSoC5/Delay_PWM_PM.c **** ********************************************************************************
 160:.\Generated_Source\PSoC5/Delay_PWM_PM.c **** * 
ARM GAS  C:\Users\SCOTTC~1\AppData\Local\Temp\cc1bXT15.s 			page 7


 161:.\Generated_Source\PSoC5/Delay_PWM_PM.c **** * Summary:
 162:.\Generated_Source\PSoC5/Delay_PWM_PM.c **** *  Restores and enables the user configuration. Should be called just after 
 163:.\Generated_Source\PSoC5/Delay_PWM_PM.c **** *  awaking from sleep.
 164:.\Generated_Source\PSoC5/Delay_PWM_PM.c **** *  
 165:.\Generated_Source\PSoC5/Delay_PWM_PM.c **** * Parameters:  
 166:.\Generated_Source\PSoC5/Delay_PWM_PM.c **** *  None
 167:.\Generated_Source\PSoC5/Delay_PWM_PM.c **** *
 168:.\Generated_Source\PSoC5/Delay_PWM_PM.c **** * Return: 
 169:.\Generated_Source\PSoC5/Delay_PWM_PM.c **** *  None
 170:.\Generated_Source\PSoC5/Delay_PWM_PM.c **** *
 171:.\Generated_Source\PSoC5/Delay_PWM_PM.c **** * Global variables:
 172:.\Generated_Source\PSoC5/Delay_PWM_PM.c **** *  Delay_PWM_backup.pwmEnable:  Is used to restore the enable state of 
 173:.\Generated_Source\PSoC5/Delay_PWM_PM.c **** *  block on wakeup from sleep mode.
 174:.\Generated_Source\PSoC5/Delay_PWM_PM.c **** *
 175:.\Generated_Source\PSoC5/Delay_PWM_PM.c **** *******************************************************************************/
 176:.\Generated_Source\PSoC5/Delay_PWM_PM.c **** void Delay_PWM_Wakeup(void) 
 177:.\Generated_Source\PSoC5/Delay_PWM_PM.c **** {
 182              		.loc 1 177 0
 183              		.cfi_startproc
 184              		@ args = 0, pretend = 0, frame = 0
 185              		@ frame_needed = 1, uses_anonymous_args = 0
 186 0000 80B5     		push	{r7, lr}
 187              		.cfi_def_cfa_offset 8
 188              		.cfi_offset 7, -8
 189              		.cfi_offset 14, -4
 190 0002 00AF     		add	r7, sp, #0
 191              		.cfi_def_cfa_register 7
 178:.\Generated_Source\PSoC5/Delay_PWM_PM.c ****      /* Restore registers values */
 179:.\Generated_Source\PSoC5/Delay_PWM_PM.c ****     Delay_PWM_RestoreConfig();
 192              		.loc 1 179 0
 193 0004 FFF7FEFF 		bl	Delay_PWM_RestoreConfig
 180:.\Generated_Source\PSoC5/Delay_PWM_PM.c ****     
 181:.\Generated_Source\PSoC5/Delay_PWM_PM.c ****     if(Delay_PWM_backup.PWMEnableState != 0u)
 194              		.loc 1 181 0
 195 0008 034B     		ldr	r3, .L14
 196 000a 1B78     		ldrb	r3, [r3]	@ zero_extendqisi2
 197 000c 002B     		cmp	r3, #0
 198 000e 01D0     		beq	.L12
 182:.\Generated_Source\PSoC5/Delay_PWM_PM.c ****     {
 183:.\Generated_Source\PSoC5/Delay_PWM_PM.c ****         /* Enable component's operation */
 184:.\Generated_Source\PSoC5/Delay_PWM_PM.c ****         Delay_PWM_Enable();
 199              		.loc 1 184 0
 200 0010 FFF7FEFF 		bl	Delay_PWM_Enable
 201              	.L12:
 185:.\Generated_Source\PSoC5/Delay_PWM_PM.c ****     } /* Do nothing if component's block was disabled before */
 186:.\Generated_Source\PSoC5/Delay_PWM_PM.c ****     
 187:.\Generated_Source\PSoC5/Delay_PWM_PM.c **** }
 202              		.loc 1 187 0
 203 0014 80BD     		pop	{r7, pc}
 204              	.L15:
 205 0016 00BF     		.align	2
 206              	.L14:
 207 0018 00000000 		.word	Delay_PWM_backup
 208              		.cfi_endproc
 209              	.LFE3:
 210              		.size	Delay_PWM_Wakeup, .-Delay_PWM_Wakeup
 211              		.text
ARM GAS  C:\Users\SCOTTC~1\AppData\Local\Temp\cc1bXT15.s 			page 8


 212              	.Letext0:
 213              		.file 2 ".\\Generated_Source\\PSoC5\\cytypes.h"
 214              		.file 3 ".\\Generated_Source\\PSoC5\\Delay_PWM.h"
 215              		.section	.debug_info,"",%progbits
 216              	.Ldebug_info0:
 217 0000 44010000 		.4byte	0x144
 218 0004 0400     		.2byte	0x4
 219 0006 00000000 		.4byte	.Ldebug_abbrev0
 220 000a 04       		.byte	0x4
 221 000b 01       		.uleb128 0x1
 222 000c 46010000 		.4byte	.LASF25
 223 0010 01       		.byte	0x1
 224 0011 1E010000 		.4byte	.LASF26
 225 0015 CC010000 		.4byte	.LASF27
 226 0019 00000000 		.4byte	.Ldebug_ranges0+0
 227 001d 00000000 		.4byte	0
 228 0021 00000000 		.4byte	.Ldebug_line0
 229 0025 02       		.uleb128 0x2
 230 0026 01       		.byte	0x1
 231 0027 06       		.byte	0x6
 232 0028 12010000 		.4byte	.LASF0
 233 002c 02       		.uleb128 0x2
 234 002d 01       		.byte	0x1
 235 002e 08       		.byte	0x8
 236 002f 92000000 		.4byte	.LASF1
 237 0033 02       		.uleb128 0x2
 238 0034 02       		.byte	0x2
 239 0035 05       		.byte	0x5
 240 0036 C2010000 		.4byte	.LASF2
 241 003a 02       		.uleb128 0x2
 242 003b 02       		.byte	0x2
 243 003c 07       		.byte	0x7
 244 003d FF000000 		.4byte	.LASF3
 245 0041 02       		.uleb128 0x2
 246 0042 04       		.byte	0x4
 247 0043 05       		.byte	0x5
 248 0044 D7000000 		.4byte	.LASF4
 249 0048 02       		.uleb128 0x2
 250 0049 04       		.byte	0x4
 251 004a 07       		.byte	0x7
 252 004b 3D000000 		.4byte	.LASF5
 253 004f 02       		.uleb128 0x2
 254 0050 08       		.byte	0x8
 255 0051 05       		.byte	0x5
 256 0052 00000000 		.4byte	.LASF6
 257 0056 02       		.uleb128 0x2
 258 0057 08       		.byte	0x8
 259 0058 07       		.byte	0x7
 260 0059 64000000 		.4byte	.LASF7
 261 005d 03       		.uleb128 0x3
 262 005e 04       		.byte	0x4
 263 005f 05       		.byte	0x5
 264 0060 696E7400 		.ascii	"int\000"
 265 0064 02       		.uleb128 0x2
 266 0065 04       		.byte	0x4
 267 0066 07       		.byte	0x7
 268 0067 0E000000 		.4byte	.LASF8
ARM GAS  C:\Users\SCOTTC~1\AppData\Local\Temp\cc1bXT15.s 			page 9


 269 006b 04       		.uleb128 0x4
 270 006c 37000000 		.4byte	.LASF12
 271 0070 02       		.byte	0x2
 272 0071 5B       		.byte	0x5b
 273 0072 2C000000 		.4byte	0x2c
 274 0076 02       		.uleb128 0x2
 275 0077 04       		.byte	0x4
 276 0078 04       		.byte	0x4
 277 0079 7B000000 		.4byte	.LASF9
 278 007d 02       		.uleb128 0x2
 279 007e 08       		.byte	0x8
 280 007f 04       		.byte	0x4
 281 0080 F1000000 		.4byte	.LASF10
 282 0084 02       		.uleb128 0x2
 283 0085 01       		.byte	0x1
 284 0086 08       		.byte	0x8
 285 0087 AF000000 		.4byte	.LASF11
 286 008b 04       		.uleb128 0x4
 287 008c 32000000 		.4byte	.LASF13
 288 0090 02       		.byte	0x2
 289 0091 F0       		.byte	0xf0
 290 0092 96000000 		.4byte	0x96
 291 0096 05       		.uleb128 0x5
 292 0097 6B000000 		.4byte	0x6b
 293 009b 02       		.uleb128 0x2
 294 009c 04       		.byte	0x4
 295 009d 07       		.byte	0x7
 296 009e 48020000 		.4byte	.LASF14
 297 00a2 06       		.uleb128 0x6
 298 00a3 05       		.byte	0x5
 299 00a4 03       		.byte	0x3
 300 00a5 6A       		.byte	0x6a
 301 00a6 E7000000 		.4byte	0xe7
 302 00aa 07       		.uleb128 0x7
 303 00ab A0000000 		.4byte	.LASF15
 304 00af 03       		.byte	0x3
 305 00b0 6D       		.byte	0x6d
 306 00b1 6B000000 		.4byte	0x6b
 307 00b5 00       		.byte	0
 308 00b6 07       		.uleb128 0x7
 309 00b7 F8000000 		.4byte	.LASF16
 310 00bb 03       		.byte	0x3
 311 00bc 70       		.byte	0x70
 312 00bd 6B000000 		.4byte	0x6b
 313 00c1 01       		.byte	0x1
 314 00c2 07       		.uleb128 0x7
 315 00c3 3E020000 		.4byte	.LASF17
 316 00c7 03       		.byte	0x3
 317 00c8 72       		.byte	0x72
 318 00c9 6B000000 		.4byte	0x6b
 319 00cd 02       		.byte	0x2
 320 00ce 07       		.uleb128 0x7
 321 00cf 2B020000 		.4byte	.LASF18
 322 00d3 03       		.byte	0x3
 323 00d4 75       		.byte	0x75
 324 00d5 6B000000 		.4byte	0x6b
 325 00d9 03       		.byte	0x3
ARM GAS  C:\Users\SCOTTC~1\AppData\Local\Temp\cc1bXT15.s 			page 10


 326 00da 07       		.uleb128 0x7
 327 00db C4000000 		.4byte	.LASF19
 328 00df 03       		.byte	0x3
 329 00e0 85       		.byte	0x85
 330 00e1 6B000000 		.4byte	0x6b
 331 00e5 04       		.byte	0x4
 332 00e6 00       		.byte	0
 333 00e7 04       		.uleb128 0x4
 334 00e8 1B000000 		.4byte	.LASF20
 335 00ec 03       		.byte	0x3
 336 00ed 8A       		.byte	0x8a
 337 00ee A2000000 		.4byte	0xa2
 338 00f2 08       		.uleb128 0x8
 339 00f3 4F000000 		.4byte	.LASF21
 340 00f7 01       		.byte	0x1
 341 00f8 2A       		.byte	0x2a
 342 00f9 00000000 		.4byte	.LFB0
 343 00fd 3C000000 		.4byte	.LFE0-.LFB0
 344 0101 01       		.uleb128 0x1
 345 0102 9C       		.byte	0x9c
 346 0103 08       		.uleb128 0x8
 347 0104 51020000 		.4byte	.LASF22
 348 0108 01       		.byte	0x1
 349 0109 58       		.byte	0x58
 350 010a 00000000 		.4byte	.LFB1
 351 010e 34000000 		.4byte	.LFE1-.LFB1
 352 0112 01       		.uleb128 0x1
 353 0113 9C       		.byte	0x9c
 354 0114 08       		.uleb128 0x8
 355 0115 B4000000 		.4byte	.LASF23
 356 0119 01       		.byte	0x1
 357 011a 86       		.byte	0x86
 358 011b 00000000 		.4byte	.LFB2
 359 011f 34000000 		.4byte	.LFE2-.LFB2
 360 0123 01       		.uleb128 0x1
 361 0124 9C       		.byte	0x9c
 362 0125 08       		.uleb128 0x8
 363 0126 81000000 		.4byte	.LASF24
 364 012a 01       		.byte	0x1
 365 012b B0       		.byte	0xb0
 366 012c 00000000 		.4byte	.LFB3
 367 0130 1C000000 		.4byte	.LFE3-.LFB3
 368 0134 01       		.uleb128 0x1
 369 0135 9C       		.byte	0x9c
 370 0136 09       		.uleb128 0x9
 371 0137 E0000000 		.4byte	.LASF28
 372 013b 01       		.byte	0x1
 373 013c 14       		.byte	0x14
 374 013d E7000000 		.4byte	0xe7
 375 0141 05       		.uleb128 0x5
 376 0142 03       		.byte	0x3
 377 0143 00000000 		.4byte	Delay_PWM_backup
 378 0147 00       		.byte	0
 379              		.section	.debug_abbrev,"",%progbits
 380              	.Ldebug_abbrev0:
 381 0000 01       		.uleb128 0x1
 382 0001 11       		.uleb128 0x11
ARM GAS  C:\Users\SCOTTC~1\AppData\Local\Temp\cc1bXT15.s 			page 11


 383 0002 01       		.byte	0x1
 384 0003 25       		.uleb128 0x25
 385 0004 0E       		.uleb128 0xe
 386 0005 13       		.uleb128 0x13
 387 0006 0B       		.uleb128 0xb
 388 0007 03       		.uleb128 0x3
 389 0008 0E       		.uleb128 0xe
 390 0009 1B       		.uleb128 0x1b
 391 000a 0E       		.uleb128 0xe
 392 000b 55       		.uleb128 0x55
 393 000c 17       		.uleb128 0x17
 394 000d 11       		.uleb128 0x11
 395 000e 01       		.uleb128 0x1
 396 000f 10       		.uleb128 0x10
 397 0010 17       		.uleb128 0x17
 398 0011 00       		.byte	0
 399 0012 00       		.byte	0
 400 0013 02       		.uleb128 0x2
 401 0014 24       		.uleb128 0x24
 402 0015 00       		.byte	0
 403 0016 0B       		.uleb128 0xb
 404 0017 0B       		.uleb128 0xb
 405 0018 3E       		.uleb128 0x3e
 406 0019 0B       		.uleb128 0xb
 407 001a 03       		.uleb128 0x3
 408 001b 0E       		.uleb128 0xe
 409 001c 00       		.byte	0
 410 001d 00       		.byte	0
 411 001e 03       		.uleb128 0x3
 412 001f 24       		.uleb128 0x24
 413 0020 00       		.byte	0
 414 0021 0B       		.uleb128 0xb
 415 0022 0B       		.uleb128 0xb
 416 0023 3E       		.uleb128 0x3e
 417 0024 0B       		.uleb128 0xb
 418 0025 03       		.uleb128 0x3
 419 0026 08       		.uleb128 0x8
 420 0027 00       		.byte	0
 421 0028 00       		.byte	0
 422 0029 04       		.uleb128 0x4
 423 002a 16       		.uleb128 0x16
 424 002b 00       		.byte	0
 425 002c 03       		.uleb128 0x3
 426 002d 0E       		.uleb128 0xe
 427 002e 3A       		.uleb128 0x3a
 428 002f 0B       		.uleb128 0xb
 429 0030 3B       		.uleb128 0x3b
 430 0031 0B       		.uleb128 0xb
 431 0032 49       		.uleb128 0x49
 432 0033 13       		.uleb128 0x13
 433 0034 00       		.byte	0
 434 0035 00       		.byte	0
 435 0036 05       		.uleb128 0x5
 436 0037 35       		.uleb128 0x35
 437 0038 00       		.byte	0
 438 0039 49       		.uleb128 0x49
 439 003a 13       		.uleb128 0x13
ARM GAS  C:\Users\SCOTTC~1\AppData\Local\Temp\cc1bXT15.s 			page 12


 440 003b 00       		.byte	0
 441 003c 00       		.byte	0
 442 003d 06       		.uleb128 0x6
 443 003e 13       		.uleb128 0x13
 444 003f 01       		.byte	0x1
 445 0040 0B       		.uleb128 0xb
 446 0041 0B       		.uleb128 0xb
 447 0042 3A       		.uleb128 0x3a
 448 0043 0B       		.uleb128 0xb
 449 0044 3B       		.uleb128 0x3b
 450 0045 0B       		.uleb128 0xb
 451 0046 01       		.uleb128 0x1
 452 0047 13       		.uleb128 0x13
 453 0048 00       		.byte	0
 454 0049 00       		.byte	0
 455 004a 07       		.uleb128 0x7
 456 004b 0D       		.uleb128 0xd
 457 004c 00       		.byte	0
 458 004d 03       		.uleb128 0x3
 459 004e 0E       		.uleb128 0xe
 460 004f 3A       		.uleb128 0x3a
 461 0050 0B       		.uleb128 0xb
 462 0051 3B       		.uleb128 0x3b
 463 0052 0B       		.uleb128 0xb
 464 0053 49       		.uleb128 0x49
 465 0054 13       		.uleb128 0x13
 466 0055 38       		.uleb128 0x38
 467 0056 0B       		.uleb128 0xb
 468 0057 00       		.byte	0
 469 0058 00       		.byte	0
 470 0059 08       		.uleb128 0x8
 471 005a 2E       		.uleb128 0x2e
 472 005b 00       		.byte	0
 473 005c 3F       		.uleb128 0x3f
 474 005d 19       		.uleb128 0x19
 475 005e 03       		.uleb128 0x3
 476 005f 0E       		.uleb128 0xe
 477 0060 3A       		.uleb128 0x3a
 478 0061 0B       		.uleb128 0xb
 479 0062 3B       		.uleb128 0x3b
 480 0063 0B       		.uleb128 0xb
 481 0064 27       		.uleb128 0x27
 482 0065 19       		.uleb128 0x19
 483 0066 11       		.uleb128 0x11
 484 0067 01       		.uleb128 0x1
 485 0068 12       		.uleb128 0x12
 486 0069 06       		.uleb128 0x6
 487 006a 40       		.uleb128 0x40
 488 006b 18       		.uleb128 0x18
 489 006c 9642     		.uleb128 0x2116
 490 006e 19       		.uleb128 0x19
 491 006f 00       		.byte	0
 492 0070 00       		.byte	0
 493 0071 09       		.uleb128 0x9
 494 0072 34       		.uleb128 0x34
 495 0073 00       		.byte	0
 496 0074 03       		.uleb128 0x3
ARM GAS  C:\Users\SCOTTC~1\AppData\Local\Temp\cc1bXT15.s 			page 13


 497 0075 0E       		.uleb128 0xe
 498 0076 3A       		.uleb128 0x3a
 499 0077 0B       		.uleb128 0xb
 500 0078 3B       		.uleb128 0x3b
 501 0079 0B       		.uleb128 0xb
 502 007a 49       		.uleb128 0x49
 503 007b 13       		.uleb128 0x13
 504 007c 02       		.uleb128 0x2
 505 007d 18       		.uleb128 0x18
 506 007e 00       		.byte	0
 507 007f 00       		.byte	0
 508 0080 00       		.byte	0
 509              		.section	.debug_aranges,"",%progbits
 510 0000 34000000 		.4byte	0x34
 511 0004 0200     		.2byte	0x2
 512 0006 00000000 		.4byte	.Ldebug_info0
 513 000a 04       		.byte	0x4
 514 000b 00       		.byte	0
 515 000c 0000     		.2byte	0
 516 000e 0000     		.2byte	0
 517 0010 00000000 		.4byte	.LFB0
 518 0014 3C000000 		.4byte	.LFE0-.LFB0
 519 0018 00000000 		.4byte	.LFB1
 520 001c 34000000 		.4byte	.LFE1-.LFB1
 521 0020 00000000 		.4byte	.LFB2
 522 0024 34000000 		.4byte	.LFE2-.LFB2
 523 0028 00000000 		.4byte	.LFB3
 524 002c 1C000000 		.4byte	.LFE3-.LFB3
 525 0030 00000000 		.4byte	0
 526 0034 00000000 		.4byte	0
 527              		.section	.debug_ranges,"",%progbits
 528              	.Ldebug_ranges0:
 529 0000 00000000 		.4byte	.LFB0
 530 0004 3C000000 		.4byte	.LFE0
 531 0008 00000000 		.4byte	.LFB1
 532 000c 34000000 		.4byte	.LFE1
 533 0010 00000000 		.4byte	.LFB2
 534 0014 34000000 		.4byte	.LFE2
 535 0018 00000000 		.4byte	.LFB3
 536 001c 1C000000 		.4byte	.LFE3
 537 0020 00000000 		.4byte	0
 538 0024 00000000 		.4byte	0
 539              		.section	.debug_line,"",%progbits
 540              	.Ldebug_line0:
 541 0000 B7000000 		.section	.debug_str,"MS",%progbits,1
 541      02005A00 
 541      00000201 
 541      FB0E0D00 
 541      01010101 
 542              	.LASF6:
 543 0000 6C6F6E67 		.ascii	"long long int\000"
 543      206C6F6E 
 543      6720696E 
 543      7400
 544              	.LASF8:
 545 000e 756E7369 		.ascii	"unsigned int\000"
 545      676E6564 
ARM GAS  C:\Users\SCOTTC~1\AppData\Local\Temp\cc1bXT15.s 			page 14


 545      20696E74 
 545      00
 546              	.LASF20:
 547 001b 44656C61 		.ascii	"Delay_PWM_backupStruct\000"
 547      795F5057 
 547      4D5F6261 
 547      636B7570 
 547      53747275 
 548              	.LASF13:
 549 0032 72656738 		.ascii	"reg8\000"
 549      00
 550              	.LASF12:
 551 0037 75696E74 		.ascii	"uint8\000"
 551      3800
 552              	.LASF5:
 553 003d 6C6F6E67 		.ascii	"long unsigned int\000"
 553      20756E73 
 553      69676E65 
 553      6420696E 
 553      7400
 554              	.LASF21:
 555 004f 44656C61 		.ascii	"Delay_PWM_SaveConfig\000"
 555      795F5057 
 555      4D5F5361 
 555      7665436F 
 555      6E666967 
 556              	.LASF7:
 557 0064 6C6F6E67 		.ascii	"long long unsigned int\000"
 557      206C6F6E 
 557      6720756E 
 557      7369676E 
 557      65642069 
 558              	.LASF9:
 559 007b 666C6F61 		.ascii	"float\000"
 559      7400
 560              	.LASF24:
 561 0081 44656C61 		.ascii	"Delay_PWM_Wakeup\000"
 561      795F5057 
 561      4D5F5761 
 561      6B657570 
 561      00
 562              	.LASF1:
 563 0092 756E7369 		.ascii	"unsigned char\000"
 563      676E6564 
 563      20636861 
 563      7200
 564              	.LASF15:
 565 00a0 50574D45 		.ascii	"PWMEnableState\000"
 565      6E61626C 
 565      65537461 
 565      746500
 566              	.LASF11:
 567 00af 63686172 		.ascii	"char\000"
 567      00
 568              	.LASF23:
 569 00b4 44656C61 		.ascii	"Delay_PWM_Sleep\000"
 569      795F5057 
ARM GAS  C:\Users\SCOTTC~1\AppData\Local\Temp\cc1bXT15.s 			page 15


 569      4D5F536C 
 569      65657000 
 570              	.LASF19:
 571 00c4 50574D43 		.ascii	"PWMControlRegister\000"
 571      6F6E7472 
 571      6F6C5265 
 571      67697374 
 571      657200
 572              	.LASF4:
 573 00d7 6C6F6E67 		.ascii	"long int\000"
 573      20696E74 
 573      00
 574              	.LASF28:
 575 00e0 44656C61 		.ascii	"Delay_PWM_backup\000"
 575      795F5057 
 575      4D5F6261 
 575      636B7570 
 575      00
 576              	.LASF10:
 577 00f1 646F7562 		.ascii	"double\000"
 577      6C6500
 578              	.LASF16:
 579 00f8 50574D55 		.ascii	"PWMUdb\000"
 579      646200
 580              	.LASF3:
 581 00ff 73686F72 		.ascii	"short unsigned int\000"
 581      7420756E 
 581      7369676E 
 581      65642069 
 581      6E7400
 582              	.LASF0:
 583 0112 7369676E 		.ascii	"signed char\000"
 583      65642063 
 583      68617200 
 584              	.LASF26:
 585 011e 2E5C4765 		.ascii	".\\Generated_Source\\PSoC5\\Delay_PWM_PM.c\000"
 585      6E657261 
 585      7465645F 
 585      536F7572 
 585      63655C50 
 586              	.LASF25:
 587 0146 474E5520 		.ascii	"GNU C 4.8.4 20140526 (release) [ARM/embedded-4_8-br"
 587      4320342E 
 587      382E3420 
 587      32303134 
 587      30353236 
 588 0179 616E6368 		.ascii	"anch revision 211358] -mcpu=cortex-m3 -mthumb -g -O"
 588      20726576 
 588      6973696F 
 588      6E203231 
 588      31333538 
 589 01ac 30202D66 		.ascii	"0 -ffunction-sections\000"
 589      66756E63 
 589      74696F6E 
 589      2D736563 
 589      74696F6E 
 590              	.LASF2:
ARM GAS  C:\Users\SCOTTC~1\AppData\Local\Temp\cc1bXT15.s 			page 16


 591 01c2 73686F72 		.ascii	"short int\000"
 591      7420696E 
 591      7400
 592              	.LASF27:
 593 01cc 5C5C766D 		.ascii	"\\\\vmware-host\\Shared Folders\\scottcarlson On My"
 593      77617265 
 593      2D686F73 
 593      745C5368 
 593      61726564 
 594 01fb 204D6163 		.ascii	" Mac\\Downloads\\DelSig_16Channel-20bit-DMA.cydsn\000"
 594      5C446F77 
 594      6E6C6F61 
 594      64735C44 
 594      656C5369 
 595              	.LASF18:
 596 022b 496E7465 		.ascii	"InterruptMaskValue\000"
 596      72727570 
 596      744D6173 
 596      6B56616C 
 596      756500
 597              	.LASF17:
 598 023e 50574D50 		.ascii	"PWMPeriod\000"
 598      6572696F 
 598      6400
 599              	.LASF14:
 600 0248 73697A65 		.ascii	"sizetype\000"
 600      74797065 
 600      00
 601              	.LASF22:
 602 0251 44656C61 		.ascii	"Delay_PWM_RestoreConfig\000"
 602      795F5057 
 602      4D5F5265 
 602      73746F72 
 602      65436F6E 
 603              		.ident	"GCC: (GNU Tools for ARM Embedded Processors) 4.8.4 20140526 (release) [ARM/embedded-4_8-br
