ARM GAS  C:\Users\SCOTTC~1\AppData\Local\Temp\ccbuBACb.s 			page 1


   1              		.syntax unified
   2              		.cpu cortex-m3
   3              		.fpu softvfp
   4              		.eabi_attribute 20, 1
   5              		.eabi_attribute 21, 1
   6              		.eabi_attribute 23, 3
   7              		.eabi_attribute 24, 1
   8              		.eabi_attribute 25, 1
   9              		.eabi_attribute 26, 1
  10              		.eabi_attribute 30, 6
  11              		.eabi_attribute 34, 1
  12              		.eabi_attribute 18, 4
  13              		.thumb
  14              		.file	"Filter_PVT.c"
  15              		.text
  16              	.Ltext0:
  17              		.cfi_sections	.debug_frame
  18              		.section	.text.Filter_SetInterruptMode,"ax",%progbits
  19              		.align	2
  20              		.global	Filter_SetInterruptMode
  21              		.thumb
  22              		.thumb_func
  23              		.type	Filter_SetInterruptMode, %function
  24              	Filter_SetInterruptMode:
  25              	.LFB0:
  26              		.file 1 ".\\Generated_Source\\PSoC5\\Filter_PVT.c"
   1:.\Generated_Source\PSoC5/Filter_PVT.c **** /*******************************************************************************
   2:.\Generated_Source\PSoC5/Filter_PVT.c **** * File Name: Filter_PVT.c
   3:.\Generated_Source\PSoC5/Filter_PVT.c **** * Version 2.30
   4:.\Generated_Source\PSoC5/Filter_PVT.c **** *
   5:.\Generated_Source\PSoC5/Filter_PVT.c **** * Description:
   6:.\Generated_Source\PSoC5/Filter_PVT.c **** *  This file provides source code for FILT component internal functions.
   7:.\Generated_Source\PSoC5/Filter_PVT.c **** *
   8:.\Generated_Source\PSoC5/Filter_PVT.c **** * Note:
   9:.\Generated_Source\PSoC5/Filter_PVT.c **** *  
  10:.\Generated_Source\PSoC5/Filter_PVT.c **** *******************************************************************************
  11:.\Generated_Source\PSoC5/Filter_PVT.c **** * Copyright 2008-2013, Cypress Semiconductor Corporation.  All rights reserved.
  12:.\Generated_Source\PSoC5/Filter_PVT.c **** * You may use this file only in accordance with the license, terms, conditions, 
  13:.\Generated_Source\PSoC5/Filter_PVT.c **** * disclaimers, and limitations in the end user license agreement accompanying 
  14:.\Generated_Source\PSoC5/Filter_PVT.c **** * the software package with which this file was provided.
  15:.\Generated_Source\PSoC5/Filter_PVT.c **** ********************************************************************************/
  16:.\Generated_Source\PSoC5/Filter_PVT.c **** 
  17:.\Generated_Source\PSoC5/Filter_PVT.c **** #include "Filter_PVT.h"
  18:.\Generated_Source\PSoC5/Filter_PVT.c **** 
  19:.\Generated_Source\PSoC5/Filter_PVT.c **** 
  20:.\Generated_Source\PSoC5/Filter_PVT.c **** /*******************************************************************************
  21:.\Generated_Source\PSoC5/Filter_PVT.c **** * Function Name: Filter_SetInterruptMode
  22:.\Generated_Source\PSoC5/Filter_PVT.c **** ********************************************************************************
  23:.\Generated_Source\PSoC5/Filter_PVT.c **** *
  24:.\Generated_Source\PSoC5/Filter_PVT.c **** * Summary:
  25:.\Generated_Source\PSoC5/Filter_PVT.c **** *  Assign the events which will trigger a DFB interrupt to be triggered. 
  26:.\Generated_Source\PSoC5/Filter_PVT.c **** *
  27:.\Generated_Source\PSoC5/Filter_PVT.c **** * Parameters:  
  28:.\Generated_Source\PSoC5/Filter_PVT.c **** *  events:  Bits [0:5] of events represent the events which will trigger DFB
  29:.\Generated_Source\PSoC5/Filter_PVT.c **** *           interrupts.
  30:.\Generated_Source\PSoC5/Filter_PVT.c **** *            Bit 0 - Output value ready in the holding register on channel A
  31:.\Generated_Source\PSoC5/Filter_PVT.c **** *            Bit 1 - Output value ready in the holding register on channel B
ARM GAS  C:\Users\SCOTTC~1\AppData\Local\Temp\ccbuBACb.s 			page 2


  32:.\Generated_Source\PSoC5/Filter_PVT.c **** *            Bit 2 - '1' written to Semaphore 0  - See Note
  33:.\Generated_Source\PSoC5/Filter_PVT.c **** *            Bit 3 - '1' written to Semaphore 1  - See Note
  34:.\Generated_Source\PSoC5/Filter_PVT.c **** *            Bit 4 - '1' written to Semaphore 2
  35:.\Generated_Source\PSoC5/Filter_PVT.c **** *
  36:.\Generated_Source\PSoC5/Filter_PVT.c **** * Return: 
  37:.\Generated_Source\PSoC5/Filter_PVT.c **** *  void
  38:.\Generated_Source\PSoC5/Filter_PVT.c **** *
  39:.\Generated_Source\PSoC5/Filter_PVT.c **** * Note:
  40:.\Generated_Source\PSoC5/Filter_PVT.c **** *  Semaphore 0 and Semaphore 1 should not be configured as both a DMA request 
  41:.\Generated_Source\PSoC5/Filter_PVT.c **** *  and an interrupt event, because, after one clock cycle, the system 
  42:.\Generated_Source\PSoC5/Filter_PVT.c **** *  automatically clears any semaphore which triggered a DMA request.
  43:.\Generated_Source\PSoC5/Filter_PVT.c **** *
  44:.\Generated_Source\PSoC5/Filter_PVT.c **** *******************************************************************************/
  45:.\Generated_Source\PSoC5/Filter_PVT.c **** void Filter_SetInterruptMode(uint8 events) 
  46:.\Generated_Source\PSoC5/Filter_PVT.c **** {
  27              		.loc 1 46 0
  28              		.cfi_startproc
  29              		@ args = 0, pretend = 0, frame = 8
  30              		@ frame_needed = 1, uses_anonymous_args = 0
  31              		@ link register save eliminated.
  32 0000 80B4     		push	{r7}
  33              		.cfi_def_cfa_offset 4
  34              		.cfi_offset 7, -4
  35 0002 83B0     		sub	sp, sp, #12
  36              		.cfi_def_cfa_offset 16
  37 0004 00AF     		add	r7, sp, #0
  38              		.cfi_def_cfa_register 7
  39 0006 0346     		mov	r3, r0
  40 0008 FB71     		strb	r3, [r7, #7]
  47:.\Generated_Source\PSoC5/Filter_PVT.c ****     events &= Filter_EVENT_MASK;
  41              		.loc 1 47 0
  42 000a FB79     		ldrb	r3, [r7, #7]
  43 000c 03F01F03 		and	r3, r3, #31
  44 0010 FB71     		strb	r3, [r7, #7]
  48:.\Generated_Source\PSoC5/Filter_PVT.c ****     Filter_INT_CTRL_REG = events;
  45              		.loc 1 48 0
  46 0012 044B     		ldr	r3, .L2
  47 0014 FA79     		ldrb	r2, [r7, #7]
  48 0016 1A70     		strb	r2, [r3]
  49:.\Generated_Source\PSoC5/Filter_PVT.c **** }
  49              		.loc 1 49 0
  50 0018 0C37     		adds	r7, r7, #12
  51 001a BD46     		mov	sp, r7
  52              		@ sp needed
  53 001c 5DF8047B 		ldr	r7, [sp], #4
  54 0020 7047     		bx	lr
  55              	.L3:
  56 0022 00BF     		.align	2
  57              	.L2:
  58 0024 98C70040 		.word	1073792920
  59              		.cfi_endproc
  60              	.LFE0:
  61              		.size	Filter_SetInterruptMode, .-Filter_SetInterruptMode
  62              		.section	.text.Filter_SetDMAMode,"ax",%progbits
  63              		.align	2
  64              		.global	Filter_SetDMAMode
  65              		.thumb
ARM GAS  C:\Users\SCOTTC~1\AppData\Local\Temp\ccbuBACb.s 			page 3


  66              		.thumb_func
  67              		.type	Filter_SetDMAMode, %function
  68              	Filter_SetDMAMode:
  69              	.LFB1:
  50:.\Generated_Source\PSoC5/Filter_PVT.c **** 
  51:.\Generated_Source\PSoC5/Filter_PVT.c **** 
  52:.\Generated_Source\PSoC5/Filter_PVT.c **** /*******************************************************************************
  53:.\Generated_Source\PSoC5/Filter_PVT.c **** * Function Name: Filter_SetDMAMode
  54:.\Generated_Source\PSoC5/Filter_PVT.c **** ********************************************************************************
  55:.\Generated_Source\PSoC5/Filter_PVT.c **** *
  56:.\Generated_Source\PSoC5/Filter_PVT.c **** * Summary:
  57:.\Generated_Source\PSoC5/Filter_PVT.c **** *  Assign the events which will trigger a DMA request for the DFB.  There are 
  58:.\Generated_Source\PSoC5/Filter_PVT.c **** *  two different DMA requests that can be triggered.
  59:.\Generated_Source\PSoC5/Filter_PVT.c **** *
  60:.\Generated_Source\PSoC5/Filter_PVT.c **** * Parameters:  
  61:.\Generated_Source\PSoC5/Filter_PVT.c **** *  events:  A set of 4 bits which configure what event, if any, triggers a DMA 
  62:.\Generated_Source\PSoC5/Filter_PVT.c **** *           request for the DFB.  
  63:.\Generated_Source\PSoC5/Filter_PVT.c **** *           Bits [0:1] configure the trigger for DMA Request 1
  64:.\Generated_Source\PSoC5/Filter_PVT.c **** *           Bits [2:3] configure the trigger for DMA Request 2
  65:.\Generated_Source\PSoC5/Filter_PVT.c **** *            DMA Request 1: 
  66:.\Generated_Source\PSoC5/Filter_PVT.c **** *               0 - no request will be generated
  67:.\Generated_Source\PSoC5/Filter_PVT.c **** *               1 - Output value ready in the holding register on channel A
  68:.\Generated_Source\PSoC5/Filter_PVT.c **** *               2 - Semaphore 0
  69:.\Generated_Source\PSoC5/Filter_PVT.c **** *               3 - Sempahore 1
  70:.\Generated_Source\PSoC5/Filter_PVT.c **** *            DMA Request 2: 
  71:.\Generated_Source\PSoC5/Filter_PVT.c **** *               0 - no request will be generated
  72:.\Generated_Source\PSoC5/Filter_PVT.c **** *               1 - Output value ready in the holding register on channel B
  73:.\Generated_Source\PSoC5/Filter_PVT.c **** *               2 - Semaphore 0
  74:.\Generated_Source\PSoC5/Filter_PVT.c **** *               3 - Sempahore 1
  75:.\Generated_Source\PSoC5/Filter_PVT.c **** *
  76:.\Generated_Source\PSoC5/Filter_PVT.c **** * Return: 
  77:.\Generated_Source\PSoC5/Filter_PVT.c **** *  void
  78:.\Generated_Source\PSoC5/Filter_PVT.c **** *
  79:.\Generated_Source\PSoC5/Filter_PVT.c **** * Note:
  80:.\Generated_Source\PSoC5/Filter_PVT.c **** *  Semaphore 0 and Semaphore 1 should not be configured as both a DMA request 
  81:.\Generated_Source\PSoC5/Filter_PVT.c **** *  and an interrupt event, because, after one clock cycle, the system 
  82:.\Generated_Source\PSoC5/Filter_PVT.c **** *  automatically clears any semaphore which triggered a DMA request.
  83:.\Generated_Source\PSoC5/Filter_PVT.c **** *
  84:.\Generated_Source\PSoC5/Filter_PVT.c **** *******************************************************************************/
  85:.\Generated_Source\PSoC5/Filter_PVT.c **** void Filter_SetDMAMode(uint8 events) 
  86:.\Generated_Source\PSoC5/Filter_PVT.c **** {
  70              		.loc 1 86 0
  71              		.cfi_startproc
  72              		@ args = 0, pretend = 0, frame = 8
  73              		@ frame_needed = 1, uses_anonymous_args = 0
  74              		@ link register save eliminated.
  75 0000 80B4     		push	{r7}
  76              		.cfi_def_cfa_offset 4
  77              		.cfi_offset 7, -4
  78 0002 83B0     		sub	sp, sp, #12
  79              		.cfi_def_cfa_offset 16
  80 0004 00AF     		add	r7, sp, #0
  81              		.cfi_def_cfa_register 7
  82 0006 0346     		mov	r3, r0
  83 0008 FB71     		strb	r3, [r7, #7]
  87:.\Generated_Source\PSoC5/Filter_PVT.c ****     events &= Filter_DMA_CTRL_MASK;
  84              		.loc 1 87 0
ARM GAS  C:\Users\SCOTTC~1\AppData\Local\Temp\ccbuBACb.s 			page 4


  85 000a FB79     		ldrb	r3, [r7, #7]
  86 000c 03F00F03 		and	r3, r3, #15
  87 0010 FB71     		strb	r3, [r7, #7]
  88:.\Generated_Source\PSoC5/Filter_PVT.c ****     Filter_DMA_CTRL_REG = events;
  88              		.loc 1 88 0
  89 0012 044B     		ldr	r3, .L5
  90 0014 FA79     		ldrb	r2, [r7, #7]
  91 0016 1A70     		strb	r2, [r3]
  89:.\Generated_Source\PSoC5/Filter_PVT.c **** }
  92              		.loc 1 89 0
  93 0018 0C37     		adds	r7, r7, #12
  94 001a BD46     		mov	sp, r7
  95              		@ sp needed
  96 001c 5DF8047B 		ldr	r7, [sp], #4
  97 0020 7047     		bx	lr
  98              	.L6:
  99 0022 00BF     		.align	2
 100              	.L5:
 101 0024 9CC70040 		.word	1073792924
 102              		.cfi_endproc
 103              	.LFE1:
 104              		.size	Filter_SetDMAMode, .-Filter_SetDMAMode
 105              		.text
 106              	.Letext0:
 107              		.file 2 ".\\Generated_Source\\PSoC5\\cytypes.h"
 108              		.section	.debug_info,"",%progbits
 109              	.Ldebug_info0:
 110 0000 E3000000 		.4byte	0xe3
 111 0004 0400     		.2byte	0x4
 112 0006 00000000 		.4byte	.Ldebug_abbrev0
 113 000a 04       		.byte	0x4
 114 000b 01       		.uleb128 0x1
 115 000c 2A010000 		.4byte	.LASF16
 116 0010 01       		.byte	0x1
 117 0011 C8010000 		.4byte	.LASF17
 118 0015 81000000 		.4byte	.LASF18
 119 0019 00000000 		.4byte	.Ldebug_ranges0+0
 120 001d 00000000 		.4byte	0
 121 0021 00000000 		.4byte	.Ldebug_line0
 122 0025 02       		.uleb128 0x2
 123 0026 04       		.byte	0x4
 124 0027 05       		.byte	0x5
 125 0028 696E7400 		.ascii	"int\000"
 126 002c 03       		.uleb128 0x3
 127 002d 04       		.byte	0x4
 128 002e 07       		.byte	0x7
 129 002f 0E000000 		.4byte	.LASF0
 130 0033 03       		.uleb128 0x3
 131 0034 01       		.byte	0x1
 132 0035 06       		.byte	0x6
 133 0036 1E010000 		.4byte	.LASF1
 134 003a 03       		.uleb128 0x3
 135 003b 01       		.byte	0x1
 136 003c 08       		.byte	0x8
 137 003d 6E000000 		.4byte	.LASF2
 138 0041 03       		.uleb128 0x3
 139 0042 02       		.byte	0x2
ARM GAS  C:\Users\SCOTTC~1\AppData\Local\Temp\ccbuBACb.s 			page 5


 140 0043 05       		.byte	0x5
 141 0044 BE010000 		.4byte	.LASF3
 142 0048 03       		.uleb128 0x3
 143 0049 02       		.byte	0x2
 144 004a 07       		.byte	0x7
 145 004b 0B010000 		.4byte	.LASF4
 146 004f 03       		.uleb128 0x3
 147 0050 04       		.byte	0x4
 148 0051 05       		.byte	0x5
 149 0052 FB000000 		.4byte	.LASF5
 150 0056 03       		.uleb128 0x3
 151 0057 04       		.byte	0x4
 152 0058 07       		.byte	0x7
 153 0059 38000000 		.4byte	.LASF6
 154 005d 03       		.uleb128 0x3
 155 005e 08       		.byte	0x8
 156 005f 05       		.byte	0x5
 157 0060 00000000 		.4byte	.LASF7
 158 0064 03       		.uleb128 0x3
 159 0065 08       		.byte	0x8
 160 0066 07       		.byte	0x7
 161 0067 4A000000 		.4byte	.LASF8
 162 006b 03       		.uleb128 0x3
 163 006c 04       		.byte	0x4
 164 006d 07       		.byte	0x7
 165 006e EE010000 		.4byte	.LASF9
 166 0072 03       		.uleb128 0x3
 167 0073 01       		.byte	0x1
 168 0074 08       		.byte	0x8
 169 0075 7C000000 		.4byte	.LASF10
 170 0079 04       		.uleb128 0x4
 171 007a 32000000 		.4byte	.LASF13
 172 007e 02       		.byte	0x2
 173 007f 5B       		.byte	0x5b
 174 0080 3A000000 		.4byte	0x3a
 175 0084 03       		.uleb128 0x3
 176 0085 04       		.byte	0x4
 177 0086 04       		.byte	0x4
 178 0087 68000000 		.4byte	.LASF11
 179 008b 03       		.uleb128 0x3
 180 008c 08       		.byte	0x8
 181 008d 04       		.byte	0x4
 182 008e 04010000 		.4byte	.LASF12
 183 0092 04       		.uleb128 0x4
 184 0093 2D000000 		.4byte	.LASF14
 185 0097 02       		.byte	0x2
 186 0098 F0       		.byte	0xf0
 187 0099 9D000000 		.4byte	0x9d
 188 009d 05       		.uleb128 0x5
 189 009e 79000000 		.4byte	0x79
 190 00a2 06       		.uleb128 0x6
 191 00a3 A6010000 		.4byte	.LASF19
 192 00a7 01       		.byte	0x1
 193 00a8 2D       		.byte	0x2d
 194 00a9 00000000 		.4byte	.LFB0
 195 00ad 28000000 		.4byte	.LFE0-.LFB0
 196 00b1 01       		.uleb128 0x1
ARM GAS  C:\Users\SCOTTC~1\AppData\Local\Temp\ccbuBACb.s 			page 6


 197 00b2 9C       		.byte	0x9c
 198 00b3 C6000000 		.4byte	0xc6
 199 00b7 07       		.uleb128 0x7
 200 00b8 61000000 		.4byte	.LASF15
 201 00bc 01       		.byte	0x1
 202 00bd 2D       		.byte	0x2d
 203 00be 79000000 		.4byte	0x79
 204 00c2 02       		.uleb128 0x2
 205 00c3 91       		.byte	0x91
 206 00c4 77       		.sleb128 -9
 207 00c5 00       		.byte	0
 208 00c6 08       		.uleb128 0x8
 209 00c7 1B000000 		.4byte	.LASF20
 210 00cb 01       		.byte	0x1
 211 00cc 55       		.byte	0x55
 212 00cd 00000000 		.4byte	.LFB1
 213 00d1 28000000 		.4byte	.LFE1-.LFB1
 214 00d5 01       		.uleb128 0x1
 215 00d6 9C       		.byte	0x9c
 216 00d7 07       		.uleb128 0x7
 217 00d8 61000000 		.4byte	.LASF15
 218 00dc 01       		.byte	0x1
 219 00dd 55       		.byte	0x55
 220 00de 79000000 		.4byte	0x79
 221 00e2 02       		.uleb128 0x2
 222 00e3 91       		.byte	0x91
 223 00e4 77       		.sleb128 -9
 224 00e5 00       		.byte	0
 225 00e6 00       		.byte	0
 226              		.section	.debug_abbrev,"",%progbits
 227              	.Ldebug_abbrev0:
 228 0000 01       		.uleb128 0x1
 229 0001 11       		.uleb128 0x11
 230 0002 01       		.byte	0x1
 231 0003 25       		.uleb128 0x25
 232 0004 0E       		.uleb128 0xe
 233 0005 13       		.uleb128 0x13
 234 0006 0B       		.uleb128 0xb
 235 0007 03       		.uleb128 0x3
 236 0008 0E       		.uleb128 0xe
 237 0009 1B       		.uleb128 0x1b
 238 000a 0E       		.uleb128 0xe
 239 000b 55       		.uleb128 0x55
 240 000c 17       		.uleb128 0x17
 241 000d 11       		.uleb128 0x11
 242 000e 01       		.uleb128 0x1
 243 000f 10       		.uleb128 0x10
 244 0010 17       		.uleb128 0x17
 245 0011 00       		.byte	0
 246 0012 00       		.byte	0
 247 0013 02       		.uleb128 0x2
 248 0014 24       		.uleb128 0x24
 249 0015 00       		.byte	0
 250 0016 0B       		.uleb128 0xb
 251 0017 0B       		.uleb128 0xb
 252 0018 3E       		.uleb128 0x3e
 253 0019 0B       		.uleb128 0xb
ARM GAS  C:\Users\SCOTTC~1\AppData\Local\Temp\ccbuBACb.s 			page 7


 254 001a 03       		.uleb128 0x3
 255 001b 08       		.uleb128 0x8
 256 001c 00       		.byte	0
 257 001d 00       		.byte	0
 258 001e 03       		.uleb128 0x3
 259 001f 24       		.uleb128 0x24
 260 0020 00       		.byte	0
 261 0021 0B       		.uleb128 0xb
 262 0022 0B       		.uleb128 0xb
 263 0023 3E       		.uleb128 0x3e
 264 0024 0B       		.uleb128 0xb
 265 0025 03       		.uleb128 0x3
 266 0026 0E       		.uleb128 0xe
 267 0027 00       		.byte	0
 268 0028 00       		.byte	0
 269 0029 04       		.uleb128 0x4
 270 002a 16       		.uleb128 0x16
 271 002b 00       		.byte	0
 272 002c 03       		.uleb128 0x3
 273 002d 0E       		.uleb128 0xe
 274 002e 3A       		.uleb128 0x3a
 275 002f 0B       		.uleb128 0xb
 276 0030 3B       		.uleb128 0x3b
 277 0031 0B       		.uleb128 0xb
 278 0032 49       		.uleb128 0x49
 279 0033 13       		.uleb128 0x13
 280 0034 00       		.byte	0
 281 0035 00       		.byte	0
 282 0036 05       		.uleb128 0x5
 283 0037 35       		.uleb128 0x35
 284 0038 00       		.byte	0
 285 0039 49       		.uleb128 0x49
 286 003a 13       		.uleb128 0x13
 287 003b 00       		.byte	0
 288 003c 00       		.byte	0
 289 003d 06       		.uleb128 0x6
 290 003e 2E       		.uleb128 0x2e
 291 003f 01       		.byte	0x1
 292 0040 3F       		.uleb128 0x3f
 293 0041 19       		.uleb128 0x19
 294 0042 03       		.uleb128 0x3
 295 0043 0E       		.uleb128 0xe
 296 0044 3A       		.uleb128 0x3a
 297 0045 0B       		.uleb128 0xb
 298 0046 3B       		.uleb128 0x3b
 299 0047 0B       		.uleb128 0xb
 300 0048 27       		.uleb128 0x27
 301 0049 19       		.uleb128 0x19
 302 004a 11       		.uleb128 0x11
 303 004b 01       		.uleb128 0x1
 304 004c 12       		.uleb128 0x12
 305 004d 06       		.uleb128 0x6
 306 004e 40       		.uleb128 0x40
 307 004f 18       		.uleb128 0x18
 308 0050 9742     		.uleb128 0x2117
 309 0052 19       		.uleb128 0x19
 310 0053 01       		.uleb128 0x1
ARM GAS  C:\Users\SCOTTC~1\AppData\Local\Temp\ccbuBACb.s 			page 8


 311 0054 13       		.uleb128 0x13
 312 0055 00       		.byte	0
 313 0056 00       		.byte	0
 314 0057 07       		.uleb128 0x7
 315 0058 05       		.uleb128 0x5
 316 0059 00       		.byte	0
 317 005a 03       		.uleb128 0x3
 318 005b 0E       		.uleb128 0xe
 319 005c 3A       		.uleb128 0x3a
 320 005d 0B       		.uleb128 0xb
 321 005e 3B       		.uleb128 0x3b
 322 005f 0B       		.uleb128 0xb
 323 0060 49       		.uleb128 0x49
 324 0061 13       		.uleb128 0x13
 325 0062 02       		.uleb128 0x2
 326 0063 18       		.uleb128 0x18
 327 0064 00       		.byte	0
 328 0065 00       		.byte	0
 329 0066 08       		.uleb128 0x8
 330 0067 2E       		.uleb128 0x2e
 331 0068 01       		.byte	0x1
 332 0069 3F       		.uleb128 0x3f
 333 006a 19       		.uleb128 0x19
 334 006b 03       		.uleb128 0x3
 335 006c 0E       		.uleb128 0xe
 336 006d 3A       		.uleb128 0x3a
 337 006e 0B       		.uleb128 0xb
 338 006f 3B       		.uleb128 0x3b
 339 0070 0B       		.uleb128 0xb
 340 0071 27       		.uleb128 0x27
 341 0072 19       		.uleb128 0x19
 342 0073 11       		.uleb128 0x11
 343 0074 01       		.uleb128 0x1
 344 0075 12       		.uleb128 0x12
 345 0076 06       		.uleb128 0x6
 346 0077 40       		.uleb128 0x40
 347 0078 18       		.uleb128 0x18
 348 0079 9742     		.uleb128 0x2117
 349 007b 19       		.uleb128 0x19
 350 007c 00       		.byte	0
 351 007d 00       		.byte	0
 352 007e 00       		.byte	0
 353              		.section	.debug_aranges,"",%progbits
 354 0000 24000000 		.4byte	0x24
 355 0004 0200     		.2byte	0x2
 356 0006 00000000 		.4byte	.Ldebug_info0
 357 000a 04       		.byte	0x4
 358 000b 00       		.byte	0
 359 000c 0000     		.2byte	0
 360 000e 0000     		.2byte	0
 361 0010 00000000 		.4byte	.LFB0
 362 0014 28000000 		.4byte	.LFE0-.LFB0
 363 0018 00000000 		.4byte	.LFB1
 364 001c 28000000 		.4byte	.LFE1-.LFB1
 365 0020 00000000 		.4byte	0
 366 0024 00000000 		.4byte	0
 367              		.section	.debug_ranges,"",%progbits
ARM GAS  C:\Users\SCOTTC~1\AppData\Local\Temp\ccbuBACb.s 			page 9


 368              	.Ldebug_ranges0:
 369 0000 00000000 		.4byte	.LFB0
 370 0004 28000000 		.4byte	.LFE0
 371 0008 00000000 		.4byte	.LFB1
 372 000c 28000000 		.4byte	.LFE1
 373 0010 00000000 		.4byte	0
 374 0014 00000000 		.4byte	0
 375              		.section	.debug_line,"",%progbits
 376              	.Ldebug_line0:
 377 0000 74000000 		.section	.debug_str,"MS",%progbits,1
 377      02004900 
 377      00000201 
 377      FB0E0D00 
 377      01010101 
 378              	.LASF7:
 379 0000 6C6F6E67 		.ascii	"long long int\000"
 379      206C6F6E 
 379      6720696E 
 379      7400
 380              	.LASF0:
 381 000e 756E7369 		.ascii	"unsigned int\000"
 381      676E6564 
 381      20696E74 
 381      00
 382              	.LASF20:
 383 001b 46696C74 		.ascii	"Filter_SetDMAMode\000"
 383      65725F53 
 383      6574444D 
 383      414D6F64 
 383      6500
 384              	.LASF14:
 385 002d 72656738 		.ascii	"reg8\000"
 385      00
 386              	.LASF13:
 387 0032 75696E74 		.ascii	"uint8\000"
 387      3800
 388              	.LASF6:
 389 0038 6C6F6E67 		.ascii	"long unsigned int\000"
 389      20756E73 
 389      69676E65 
 389      6420696E 
 389      7400
 390              	.LASF8:
 391 004a 6C6F6E67 		.ascii	"long long unsigned int\000"
 391      206C6F6E 
 391      6720756E 
 391      7369676E 
 391      65642069 
 392              	.LASF15:
 393 0061 6576656E 		.ascii	"events\000"
 393      747300
 394              	.LASF11:
 395 0068 666C6F61 		.ascii	"float\000"
 395      7400
 396              	.LASF2:
 397 006e 756E7369 		.ascii	"unsigned char\000"
 397      676E6564 
ARM GAS  C:\Users\SCOTTC~1\AppData\Local\Temp\ccbuBACb.s 			page 10


 397      20636861 
 397      7200
 398              	.LASF10:
 399 007c 63686172 		.ascii	"char\000"
 399      00
 400              	.LASF18:
 401 0081 5C5C766D 		.ascii	"\\\\vmware-host\\Shared Folders\\scottcarlson On My"
 401      77617265 
 401      2D686F73 
 401      745C5368 
 401      61726564 
 402 00b0 204D6163 		.ascii	" Mac\\Code\\repos\\MagField_LowFreq_Detector\\DelSi"
 402      5C436F64 
 402      655C7265 
 402      706F735C 
 402      4D616746 
 403 00df 675F3136 		.ascii	"g_16Channel-20bit-DMA.cydsn\000"
 403      4368616E 
 403      6E656C2D 
 403      32306269 
 403      742D444D 
 404              	.LASF5:
 405 00fb 6C6F6E67 		.ascii	"long int\000"
 405      20696E74 
 405      00
 406              	.LASF12:
 407 0104 646F7562 		.ascii	"double\000"
 407      6C6500
 408              	.LASF4:
 409 010b 73686F72 		.ascii	"short unsigned int\000"
 409      7420756E 
 409      7369676E 
 409      65642069 
 409      6E7400
 410              	.LASF1:
 411 011e 7369676E 		.ascii	"signed char\000"
 411      65642063 
 411      68617200 
 412              	.LASF16:
 413 012a 474E5520 		.ascii	"GNU C 4.8.4 20140526 (release) [ARM/embedded-4_8-br"
 413      4320342E 
 413      382E3420 
 413      32303134 
 413      30353236 
 414 015d 616E6368 		.ascii	"anch revision 211358] -mcpu=cortex-m3 -mthumb -g -O"
 414      20726576 
 414      6973696F 
 414      6E203231 
 414      31333538 
 415 0190 30202D66 		.ascii	"0 -ffunction-sections\000"
 415      66756E63 
 415      74696F6E 
 415      2D736563 
 415      74696F6E 
 416              	.LASF19:
 417 01a6 46696C74 		.ascii	"Filter_SetInterruptMode\000"
 417      65725F53 
ARM GAS  C:\Users\SCOTTC~1\AppData\Local\Temp\ccbuBACb.s 			page 11


 417      6574496E 
 417      74657272 
 417      7570744D 
 418              	.LASF3:
 419 01be 73686F72 		.ascii	"short int\000"
 419      7420696E 
 419      7400
 420              	.LASF17:
 421 01c8 2E5C4765 		.ascii	".\\Generated_Source\\PSoC5\\Filter_PVT.c\000"
 421      6E657261 
 421      7465645F 
 421      536F7572 
 421      63655C50 
 422              	.LASF9:
 423 01ee 73697A65 		.ascii	"sizetype\000"
 423      74797065 
 423      00
 424              		.ident	"GCC: (GNU Tools for ARM Embedded Processors) 4.8.4 20140526 (release) [ARM/embedded-4_8-br
