ARM GAS  C:\Users\SCOTTC~1\AppData\Local\Temp\ccvrVGGf.s 			page 1


   1              		.syntax unified
   2              		.cpu cortex-m3
   3              		.fpu softvfp
   4              		.eabi_attribute 20, 1
   5              		.eabi_attribute 21, 1
   6              		.eabi_attribute 23, 3
   7              		.eabi_attribute 24, 1
   8              		.eabi_attribute 25, 1
   9              		.eabi_attribute 26, 1
  10              		.eabi_attribute 30, 6
  11              		.eabi_attribute 34, 1
  12              		.eabi_attribute 18, 4
  13              		.thumb
  14              		.file	"LCD_LCDPort.c"
  15              		.text
  16              	.Ltext0:
  17              		.cfi_sections	.debug_frame
  18              		.section	.text.LCD_LCDPort_Write,"ax",%progbits
  19              		.align	2
  20              		.global	LCD_LCDPort_Write
  21              		.thumb
  22              		.thumb_func
  23              		.type	LCD_LCDPort_Write, %function
  24              	LCD_LCDPort_Write:
  25              	.LFB0:
  26              		.file 1 ".\\Generated_Source\\PSoC5\\LCD_LCDPort.c"
   1:.\Generated_Source\PSoC5/LCD_LCDPort.c **** /*******************************************************************************
   2:.\Generated_Source\PSoC5/LCD_LCDPort.c **** * File Name: LCD_LCDPort.c  
   3:.\Generated_Source\PSoC5/LCD_LCDPort.c **** * Version 1.90
   4:.\Generated_Source\PSoC5/LCD_LCDPort.c **** *
   5:.\Generated_Source\PSoC5/LCD_LCDPort.c **** * Description:
   6:.\Generated_Source\PSoC5/LCD_LCDPort.c **** *  This file contains API to enable firmware control of a Pins component.
   7:.\Generated_Source\PSoC5/LCD_LCDPort.c **** *
   8:.\Generated_Source\PSoC5/LCD_LCDPort.c **** * Note:
   9:.\Generated_Source\PSoC5/LCD_LCDPort.c **** *
  10:.\Generated_Source\PSoC5/LCD_LCDPort.c **** ********************************************************************************
  11:.\Generated_Source\PSoC5/LCD_LCDPort.c **** * Copyright 2008-2012, Cypress Semiconductor Corporation.  All rights reserved.
  12:.\Generated_Source\PSoC5/LCD_LCDPort.c **** * You may use this file only in accordance with the license, terms, conditions, 
  13:.\Generated_Source\PSoC5/LCD_LCDPort.c **** * disclaimers, and limitations in the end user license agreement accompanying 
  14:.\Generated_Source\PSoC5/LCD_LCDPort.c **** * the software package with which this file was provided.
  15:.\Generated_Source\PSoC5/LCD_LCDPort.c **** *******************************************************************************/
  16:.\Generated_Source\PSoC5/LCD_LCDPort.c **** 
  17:.\Generated_Source\PSoC5/LCD_LCDPort.c **** #include "cytypes.h"
  18:.\Generated_Source\PSoC5/LCD_LCDPort.c **** #include "LCD_LCDPort.h"
  19:.\Generated_Source\PSoC5/LCD_LCDPort.c **** 
  20:.\Generated_Source\PSoC5/LCD_LCDPort.c **** /* APIs are not generated for P15[7:6] on PSoC 5 */
  21:.\Generated_Source\PSoC5/LCD_LCDPort.c **** #if !(CY_PSOC5A &&\
  22:.\Generated_Source\PSoC5/LCD_LCDPort.c **** 	 LCD_LCDPort__PORT == 15 && ((LCD_LCDPort__MASK & 0xC0) != 0))
  23:.\Generated_Source\PSoC5/LCD_LCDPort.c **** 
  24:.\Generated_Source\PSoC5/LCD_LCDPort.c **** 
  25:.\Generated_Source\PSoC5/LCD_LCDPort.c **** /*******************************************************************************
  26:.\Generated_Source\PSoC5/LCD_LCDPort.c **** * Function Name: LCD_LCDPort_Write
  27:.\Generated_Source\PSoC5/LCD_LCDPort.c **** ********************************************************************************
  28:.\Generated_Source\PSoC5/LCD_LCDPort.c **** *
  29:.\Generated_Source\PSoC5/LCD_LCDPort.c **** * Summary:
  30:.\Generated_Source\PSoC5/LCD_LCDPort.c **** *  Assign a new value to the digital port's data output register.  
  31:.\Generated_Source\PSoC5/LCD_LCDPort.c **** *
ARM GAS  C:\Users\SCOTTC~1\AppData\Local\Temp\ccvrVGGf.s 			page 2


  32:.\Generated_Source\PSoC5/LCD_LCDPort.c **** * Parameters:  
  33:.\Generated_Source\PSoC5/LCD_LCDPort.c **** *  prtValue:  The value to be assigned to the Digital Port. 
  34:.\Generated_Source\PSoC5/LCD_LCDPort.c **** *
  35:.\Generated_Source\PSoC5/LCD_LCDPort.c **** * Return: 
  36:.\Generated_Source\PSoC5/LCD_LCDPort.c **** *  None
  37:.\Generated_Source\PSoC5/LCD_LCDPort.c **** *  
  38:.\Generated_Source\PSoC5/LCD_LCDPort.c **** *******************************************************************************/
  39:.\Generated_Source\PSoC5/LCD_LCDPort.c **** void LCD_LCDPort_Write(uint8 value) 
  40:.\Generated_Source\PSoC5/LCD_LCDPort.c **** {
  27              		.loc 1 40 0
  28              		.cfi_startproc
  29              		@ args = 0, pretend = 0, frame = 16
  30              		@ frame_needed = 1, uses_anonymous_args = 0
  31              		@ link register save eliminated.
  32 0000 80B4     		push	{r7}
  33              		.cfi_def_cfa_offset 4
  34              		.cfi_offset 7, -4
  35 0002 85B0     		sub	sp, sp, #20
  36              		.cfi_def_cfa_offset 24
  37 0004 00AF     		add	r7, sp, #0
  38              		.cfi_def_cfa_register 7
  39 0006 0346     		mov	r3, r0
  40 0008 FB71     		strb	r3, [r7, #7]
  41:.\Generated_Source\PSoC5/LCD_LCDPort.c ****     uint8 staticBits = (LCD_LCDPort_DR & (uint8)(~LCD_LCDPort_MASK));
  41              		.loc 1 41 0
  42 000a 0A4B     		ldr	r3, .L2
  43 000c 1B78     		ldrb	r3, [r3]
  44 000e DBB2     		uxtb	r3, r3
  45 0010 23F07F03 		bic	r3, r3, #127
  46 0014 FB73     		strb	r3, [r7, #15]
  42:.\Generated_Source\PSoC5/LCD_LCDPort.c ****     LCD_LCDPort_DR = staticBits | ((uint8)(value << LCD_LCDPort_SHIFT) & LCD_LCDPort_MASK);
  47              		.loc 1 42 0
  48 0016 074B     		ldr	r3, .L2
  49 0018 FA79     		ldrb	r2, [r7, #7]
  50 001a 02F07F02 		and	r2, r2, #127
  51 001e D1B2     		uxtb	r1, r2
  52 0020 FA7B     		ldrb	r2, [r7, #15]
  53 0022 0A43     		orrs	r2, r2, r1
  54 0024 D2B2     		uxtb	r2, r2
  55 0026 1A70     		strb	r2, [r3]
  43:.\Generated_Source\PSoC5/LCD_LCDPort.c **** }
  56              		.loc 1 43 0
  57 0028 1437     		adds	r7, r7, #20
  58 002a BD46     		mov	sp, r7
  59              		@ sp needed
  60 002c 5DF8047B 		ldr	r7, [sp], #4
  61 0030 7047     		bx	lr
  62              	.L3:
  63 0032 00BF     		.align	2
  64              	.L2:
  65 0034 20510040 		.word	1073762592
  66              		.cfi_endproc
  67              	.LFE0:
  68              		.size	LCD_LCDPort_Write, .-LCD_LCDPort_Write
  69              		.section	.text.LCD_LCDPort_SetDriveMode,"ax",%progbits
  70              		.align	2
  71              		.global	LCD_LCDPort_SetDriveMode
ARM GAS  C:\Users\SCOTTC~1\AppData\Local\Temp\ccvrVGGf.s 			page 3


  72              		.thumb
  73              		.thumb_func
  74              		.type	LCD_LCDPort_SetDriveMode, %function
  75              	LCD_LCDPort_SetDriveMode:
  76              	.LFB1:
  44:.\Generated_Source\PSoC5/LCD_LCDPort.c **** 
  45:.\Generated_Source\PSoC5/LCD_LCDPort.c **** 
  46:.\Generated_Source\PSoC5/LCD_LCDPort.c **** /*******************************************************************************
  47:.\Generated_Source\PSoC5/LCD_LCDPort.c **** * Function Name: LCD_LCDPort_SetDriveMode
  48:.\Generated_Source\PSoC5/LCD_LCDPort.c **** ********************************************************************************
  49:.\Generated_Source\PSoC5/LCD_LCDPort.c **** *
  50:.\Generated_Source\PSoC5/LCD_LCDPort.c **** * Summary:
  51:.\Generated_Source\PSoC5/LCD_LCDPort.c **** *  Change the drive mode on the pins of the port.
  52:.\Generated_Source\PSoC5/LCD_LCDPort.c **** * 
  53:.\Generated_Source\PSoC5/LCD_LCDPort.c **** * Parameters:  
  54:.\Generated_Source\PSoC5/LCD_LCDPort.c **** *  mode:  Change the pins to this drive mode.
  55:.\Generated_Source\PSoC5/LCD_LCDPort.c **** *
  56:.\Generated_Source\PSoC5/LCD_LCDPort.c **** * Return: 
  57:.\Generated_Source\PSoC5/LCD_LCDPort.c **** *  None
  58:.\Generated_Source\PSoC5/LCD_LCDPort.c **** *
  59:.\Generated_Source\PSoC5/LCD_LCDPort.c **** *******************************************************************************/
  60:.\Generated_Source\PSoC5/LCD_LCDPort.c **** void LCD_LCDPort_SetDriveMode(uint8 mode) 
  61:.\Generated_Source\PSoC5/LCD_LCDPort.c **** {
  77              		.loc 1 61 0
  78              		.cfi_startproc
  79              		@ args = 0, pretend = 0, frame = 8
  80              		@ frame_needed = 1, uses_anonymous_args = 0
  81              		@ link register save eliminated.
  82 0000 80B4     		push	{r7}
  83              		.cfi_def_cfa_offset 4
  84              		.cfi_offset 7, -4
  85 0002 83B0     		sub	sp, sp, #12
  86              		.cfi_def_cfa_offset 16
  87 0004 00AF     		add	r7, sp, #0
  88              		.cfi_def_cfa_register 7
  89 0006 0346     		mov	r3, r0
  90 0008 FB71     		strb	r3, [r7, #7]
  62:.\Generated_Source\PSoC5/LCD_LCDPort.c **** 	CyPins_SetPinDriveMode(LCD_LCDPort_0, mode);
  91              		.loc 1 62 0
  92 000a 3A4B     		ldr	r3, .L5
  93 000c 394A     		ldr	r2, .L5
  94 000e 1278     		ldrb	r2, [r2]
  95 0010 D2B2     		uxtb	r2, r2
  96 0012 D2B2     		uxtb	r2, r2
  97 0014 22F00E02 		bic	r2, r2, #14
  98 0018 D1B2     		uxtb	r1, r2
  99 001a FA79     		ldrb	r2, [r7, #7]	@ zero_extendqisi2
 100 001c 02F00E02 		and	r2, r2, #14
 101 0020 D2B2     		uxtb	r2, r2
 102 0022 0A43     		orrs	r2, r2, r1
 103 0024 D2B2     		uxtb	r2, r2
 104 0026 D2B2     		uxtb	r2, r2
 105 0028 1A70     		strb	r2, [r3]
  63:.\Generated_Source\PSoC5/LCD_LCDPort.c **** 	CyPins_SetPinDriveMode(LCD_LCDPort_1, mode);
 106              		.loc 1 63 0
 107 002a 334B     		ldr	r3, .L5+4
 108 002c 324A     		ldr	r2, .L5+4
ARM GAS  C:\Users\SCOTTC~1\AppData\Local\Temp\ccvrVGGf.s 			page 4


 109 002e 1278     		ldrb	r2, [r2]
 110 0030 D2B2     		uxtb	r2, r2
 111 0032 D2B2     		uxtb	r2, r2
 112 0034 22F00E02 		bic	r2, r2, #14
 113 0038 D1B2     		uxtb	r1, r2
 114 003a FA79     		ldrb	r2, [r7, #7]	@ zero_extendqisi2
 115 003c 02F00E02 		and	r2, r2, #14
 116 0040 D2B2     		uxtb	r2, r2
 117 0042 0A43     		orrs	r2, r2, r1
 118 0044 D2B2     		uxtb	r2, r2
 119 0046 D2B2     		uxtb	r2, r2
 120 0048 1A70     		strb	r2, [r3]
  64:.\Generated_Source\PSoC5/LCD_LCDPort.c **** 	CyPins_SetPinDriveMode(LCD_LCDPort_2, mode);
 121              		.loc 1 64 0
 122 004a 2C4B     		ldr	r3, .L5+8
 123 004c 2B4A     		ldr	r2, .L5+8
 124 004e 1278     		ldrb	r2, [r2]
 125 0050 D2B2     		uxtb	r2, r2
 126 0052 D2B2     		uxtb	r2, r2
 127 0054 22F00E02 		bic	r2, r2, #14
 128 0058 D1B2     		uxtb	r1, r2
 129 005a FA79     		ldrb	r2, [r7, #7]	@ zero_extendqisi2
 130 005c 02F00E02 		and	r2, r2, #14
 131 0060 D2B2     		uxtb	r2, r2
 132 0062 0A43     		orrs	r2, r2, r1
 133 0064 D2B2     		uxtb	r2, r2
 134 0066 D2B2     		uxtb	r2, r2
 135 0068 1A70     		strb	r2, [r3]
  65:.\Generated_Source\PSoC5/LCD_LCDPort.c **** 	CyPins_SetPinDriveMode(LCD_LCDPort_3, mode);
 136              		.loc 1 65 0
 137 006a 254B     		ldr	r3, .L5+12
 138 006c 244A     		ldr	r2, .L5+12
 139 006e 1278     		ldrb	r2, [r2]
 140 0070 D2B2     		uxtb	r2, r2
 141 0072 D2B2     		uxtb	r2, r2
 142 0074 22F00E02 		bic	r2, r2, #14
 143 0078 D1B2     		uxtb	r1, r2
 144 007a FA79     		ldrb	r2, [r7, #7]	@ zero_extendqisi2
 145 007c 02F00E02 		and	r2, r2, #14
 146 0080 D2B2     		uxtb	r2, r2
 147 0082 0A43     		orrs	r2, r2, r1
 148 0084 D2B2     		uxtb	r2, r2
 149 0086 D2B2     		uxtb	r2, r2
 150 0088 1A70     		strb	r2, [r3]
  66:.\Generated_Source\PSoC5/LCD_LCDPort.c **** 	CyPins_SetPinDriveMode(LCD_LCDPort_4, mode);
 151              		.loc 1 66 0
 152 008a 1E4B     		ldr	r3, .L5+16
 153 008c 1D4A     		ldr	r2, .L5+16
 154 008e 1278     		ldrb	r2, [r2]
 155 0090 D2B2     		uxtb	r2, r2
 156 0092 D2B2     		uxtb	r2, r2
 157 0094 22F00E02 		bic	r2, r2, #14
 158 0098 D1B2     		uxtb	r1, r2
 159 009a FA79     		ldrb	r2, [r7, #7]	@ zero_extendqisi2
 160 009c 02F00E02 		and	r2, r2, #14
 161 00a0 D2B2     		uxtb	r2, r2
 162 00a2 0A43     		orrs	r2, r2, r1
ARM GAS  C:\Users\SCOTTC~1\AppData\Local\Temp\ccvrVGGf.s 			page 5


 163 00a4 D2B2     		uxtb	r2, r2
 164 00a6 D2B2     		uxtb	r2, r2
 165 00a8 1A70     		strb	r2, [r3]
  67:.\Generated_Source\PSoC5/LCD_LCDPort.c **** 	CyPins_SetPinDriveMode(LCD_LCDPort_5, mode);
 166              		.loc 1 67 0
 167 00aa 174B     		ldr	r3, .L5+20
 168 00ac 164A     		ldr	r2, .L5+20
 169 00ae 1278     		ldrb	r2, [r2]
 170 00b0 D2B2     		uxtb	r2, r2
 171 00b2 D2B2     		uxtb	r2, r2
 172 00b4 22F00E02 		bic	r2, r2, #14
 173 00b8 D1B2     		uxtb	r1, r2
 174 00ba FA79     		ldrb	r2, [r7, #7]	@ zero_extendqisi2
 175 00bc 02F00E02 		and	r2, r2, #14
 176 00c0 D2B2     		uxtb	r2, r2
 177 00c2 0A43     		orrs	r2, r2, r1
 178 00c4 D2B2     		uxtb	r2, r2
 179 00c6 D2B2     		uxtb	r2, r2
 180 00c8 1A70     		strb	r2, [r3]
  68:.\Generated_Source\PSoC5/LCD_LCDPort.c **** 	CyPins_SetPinDriveMode(LCD_LCDPort_6, mode);
 181              		.loc 1 68 0
 182 00ca 104B     		ldr	r3, .L5+24
 183 00cc 0F4A     		ldr	r2, .L5+24
 184 00ce 1278     		ldrb	r2, [r2]
 185 00d0 D2B2     		uxtb	r2, r2
 186 00d2 D2B2     		uxtb	r2, r2
 187 00d4 22F00E02 		bic	r2, r2, #14
 188 00d8 D1B2     		uxtb	r1, r2
 189 00da FA79     		ldrb	r2, [r7, #7]	@ zero_extendqisi2
 190 00dc 02F00E02 		and	r2, r2, #14
 191 00e0 D2B2     		uxtb	r2, r2
 192 00e2 0A43     		orrs	r2, r2, r1
 193 00e4 D2B2     		uxtb	r2, r2
 194 00e6 D2B2     		uxtb	r2, r2
 195 00e8 1A70     		strb	r2, [r3]
  69:.\Generated_Source\PSoC5/LCD_LCDPort.c **** }
 196              		.loc 1 69 0
 197 00ea 0C37     		adds	r7, r7, #12
 198 00ec BD46     		mov	sp, r7
 199              		@ sp needed
 200 00ee 5DF8047B 		ldr	r7, [sp], #4
 201 00f2 7047     		bx	lr
 202              	.L6:
 203              		.align	2
 204              	.L5:
 205 00f4 10500040 		.word	1073762320
 206 00f8 11500040 		.word	1073762321
 207 00fc 12500040 		.word	1073762322
 208 0100 13500040 		.word	1073762323
 209 0104 14500040 		.word	1073762324
 210 0108 15500040 		.word	1073762325
 211 010c 16500040 		.word	1073762326
 212              		.cfi_endproc
 213              	.LFE1:
 214              		.size	LCD_LCDPort_SetDriveMode, .-LCD_LCDPort_SetDriveMode
 215              		.section	.text.LCD_LCDPort_Read,"ax",%progbits
 216              		.align	2
ARM GAS  C:\Users\SCOTTC~1\AppData\Local\Temp\ccvrVGGf.s 			page 6


 217              		.global	LCD_LCDPort_Read
 218              		.thumb
 219              		.thumb_func
 220              		.type	LCD_LCDPort_Read, %function
 221              	LCD_LCDPort_Read:
 222              	.LFB2:
  70:.\Generated_Source\PSoC5/LCD_LCDPort.c **** 
  71:.\Generated_Source\PSoC5/LCD_LCDPort.c **** 
  72:.\Generated_Source\PSoC5/LCD_LCDPort.c **** /*******************************************************************************
  73:.\Generated_Source\PSoC5/LCD_LCDPort.c **** * Function Name: LCD_LCDPort_Read
  74:.\Generated_Source\PSoC5/LCD_LCDPort.c **** ********************************************************************************
  75:.\Generated_Source\PSoC5/LCD_LCDPort.c **** *
  76:.\Generated_Source\PSoC5/LCD_LCDPort.c **** * Summary:
  77:.\Generated_Source\PSoC5/LCD_LCDPort.c **** *  Read the current value on the pins of the Digital Port in right justified 
  78:.\Generated_Source\PSoC5/LCD_LCDPort.c **** *  form.
  79:.\Generated_Source\PSoC5/LCD_LCDPort.c **** *
  80:.\Generated_Source\PSoC5/LCD_LCDPort.c **** * Parameters:  
  81:.\Generated_Source\PSoC5/LCD_LCDPort.c **** *  None
  82:.\Generated_Source\PSoC5/LCD_LCDPort.c **** *
  83:.\Generated_Source\PSoC5/LCD_LCDPort.c **** * Return: 
  84:.\Generated_Source\PSoC5/LCD_LCDPort.c **** *  Returns the current value of the Digital Port as a right justified number
  85:.\Generated_Source\PSoC5/LCD_LCDPort.c **** *  
  86:.\Generated_Source\PSoC5/LCD_LCDPort.c **** * Note:
  87:.\Generated_Source\PSoC5/LCD_LCDPort.c **** *  Macro LCD_LCDPort_ReadPS calls this function. 
  88:.\Generated_Source\PSoC5/LCD_LCDPort.c **** *  
  89:.\Generated_Source\PSoC5/LCD_LCDPort.c **** *******************************************************************************/
  90:.\Generated_Source\PSoC5/LCD_LCDPort.c **** uint8 LCD_LCDPort_Read(void) 
  91:.\Generated_Source\PSoC5/LCD_LCDPort.c **** {
 223              		.loc 1 91 0
 224              		.cfi_startproc
 225              		@ args = 0, pretend = 0, frame = 0
 226              		@ frame_needed = 1, uses_anonymous_args = 0
 227              		@ link register save eliminated.
 228 0000 80B4     		push	{r7}
 229              		.cfi_def_cfa_offset 4
 230              		.cfi_offset 7, -4
 231 0002 00AF     		add	r7, sp, #0
 232              		.cfi_def_cfa_register 7
  92:.\Generated_Source\PSoC5/LCD_LCDPort.c ****     return (LCD_LCDPort_PS & LCD_LCDPort_MASK) >> LCD_LCDPort_SHIFT;
 233              		.loc 1 92 0
 234 0004 054B     		ldr	r3, .L9
 235 0006 1B78     		ldrb	r3, [r3]
 236 0008 DBB2     		uxtb	r3, r3
 237 000a 03F07F03 		and	r3, r3, #127
 238 000e DBB2     		uxtb	r3, r3
  93:.\Generated_Source\PSoC5/LCD_LCDPort.c **** }
 239              		.loc 1 93 0
 240 0010 1846     		mov	r0, r3
 241 0012 BD46     		mov	sp, r7
 242              		@ sp needed
 243 0014 5DF8047B 		ldr	r7, [sp], #4
 244 0018 7047     		bx	lr
 245              	.L10:
 246 001a 00BF     		.align	2
 247              	.L9:
 248 001c 21510040 		.word	1073762593
 249              		.cfi_endproc
ARM GAS  C:\Users\SCOTTC~1\AppData\Local\Temp\ccvrVGGf.s 			page 7


 250              	.LFE2:
 251              		.size	LCD_LCDPort_Read, .-LCD_LCDPort_Read
 252              		.section	.text.LCD_LCDPort_ReadDataReg,"ax",%progbits
 253              		.align	2
 254              		.global	LCD_LCDPort_ReadDataReg
 255              		.thumb
 256              		.thumb_func
 257              		.type	LCD_LCDPort_ReadDataReg, %function
 258              	LCD_LCDPort_ReadDataReg:
 259              	.LFB3:
  94:.\Generated_Source\PSoC5/LCD_LCDPort.c **** 
  95:.\Generated_Source\PSoC5/LCD_LCDPort.c **** 
  96:.\Generated_Source\PSoC5/LCD_LCDPort.c **** /*******************************************************************************
  97:.\Generated_Source\PSoC5/LCD_LCDPort.c **** * Function Name: LCD_LCDPort_ReadDataReg
  98:.\Generated_Source\PSoC5/LCD_LCDPort.c **** ********************************************************************************
  99:.\Generated_Source\PSoC5/LCD_LCDPort.c **** *
 100:.\Generated_Source\PSoC5/LCD_LCDPort.c **** * Summary:
 101:.\Generated_Source\PSoC5/LCD_LCDPort.c **** *  Read the current value assigned to a Digital Port's data output register
 102:.\Generated_Source\PSoC5/LCD_LCDPort.c **** *
 103:.\Generated_Source\PSoC5/LCD_LCDPort.c **** * Parameters:  
 104:.\Generated_Source\PSoC5/LCD_LCDPort.c **** *  None 
 105:.\Generated_Source\PSoC5/LCD_LCDPort.c **** *
 106:.\Generated_Source\PSoC5/LCD_LCDPort.c **** * Return: 
 107:.\Generated_Source\PSoC5/LCD_LCDPort.c **** *  Returns the current value assigned to the Digital Port's data output register
 108:.\Generated_Source\PSoC5/LCD_LCDPort.c **** *  
 109:.\Generated_Source\PSoC5/LCD_LCDPort.c **** *******************************************************************************/
 110:.\Generated_Source\PSoC5/LCD_LCDPort.c **** uint8 LCD_LCDPort_ReadDataReg(void) 
 111:.\Generated_Source\PSoC5/LCD_LCDPort.c **** {
 260              		.loc 1 111 0
 261              		.cfi_startproc
 262              		@ args = 0, pretend = 0, frame = 0
 263              		@ frame_needed = 1, uses_anonymous_args = 0
 264              		@ link register save eliminated.
 265 0000 80B4     		push	{r7}
 266              		.cfi_def_cfa_offset 4
 267              		.cfi_offset 7, -4
 268 0002 00AF     		add	r7, sp, #0
 269              		.cfi_def_cfa_register 7
 112:.\Generated_Source\PSoC5/LCD_LCDPort.c ****     return (LCD_LCDPort_DR & LCD_LCDPort_MASK) >> LCD_LCDPort_SHIFT;
 270              		.loc 1 112 0
 271 0004 054B     		ldr	r3, .L13
 272 0006 1B78     		ldrb	r3, [r3]
 273 0008 DBB2     		uxtb	r3, r3
 274 000a 03F07F03 		and	r3, r3, #127
 275 000e DBB2     		uxtb	r3, r3
 113:.\Generated_Source\PSoC5/LCD_LCDPort.c **** }
 276              		.loc 1 113 0
 277 0010 1846     		mov	r0, r3
 278 0012 BD46     		mov	sp, r7
 279              		@ sp needed
 280 0014 5DF8047B 		ldr	r7, [sp], #4
 281 0018 7047     		bx	lr
 282              	.L14:
 283 001a 00BF     		.align	2
 284              	.L13:
 285 001c 20510040 		.word	1073762592
 286              		.cfi_endproc
ARM GAS  C:\Users\SCOTTC~1\AppData\Local\Temp\ccvrVGGf.s 			page 8


 287              	.LFE3:
 288              		.size	LCD_LCDPort_ReadDataReg, .-LCD_LCDPort_ReadDataReg
 289              		.text
 290              	.Letext0:
 291              		.file 2 ".\\Generated_Source\\PSoC5\\cytypes.h"
 292              		.section	.debug_info,"",%progbits
 293              	.Ldebug_info0:
 294 0000 18010000 		.4byte	0x118
 295 0004 0400     		.2byte	0x4
 296 0006 00000000 		.4byte	.Ldebug_abbrev0
 297 000a 04       		.byte	0x4
 298 000b 01       		.uleb128 0x1
 299 000c E9000000 		.4byte	.LASF20
 300 0010 01       		.byte	0x1
 301 0011 C2000000 		.4byte	.LASF21
 302 0015 AE010000 		.4byte	.LASF22
 303 0019 00000000 		.4byte	.Ldebug_ranges0+0
 304 001d 00000000 		.4byte	0
 305 0021 00000000 		.4byte	.Ldebug_line0
 306 0025 02       		.uleb128 0x2
 307 0026 01       		.byte	0x1
 308 0027 06       		.byte	0x6
 309 0028 A2010000 		.4byte	.LASF0
 310 002c 02       		.uleb128 0x2
 311 002d 01       		.byte	0x1
 312 002e 08       		.byte	0x8
 313 002f 36000000 		.4byte	.LASF1
 314 0033 02       		.uleb128 0x2
 315 0034 02       		.byte	0x2
 316 0035 05       		.byte	0x5
 317 0036 78010000 		.4byte	.LASF2
 318 003a 02       		.uleb128 0x2
 319 003b 02       		.byte	0x2
 320 003c 07       		.byte	0x7
 321 003d 66000000 		.4byte	.LASF3
 322 0041 02       		.uleb128 0x2
 323 0042 04       		.byte	0x4
 324 0043 05       		.byte	0x5
 325 0044 99010000 		.4byte	.LASF4
 326 0048 02       		.uleb128 0x2
 327 0049 04       		.byte	0x4
 328 004a 07       		.byte	0x7
 329 004b 54000000 		.4byte	.LASF5
 330 004f 02       		.uleb128 0x2
 331 0050 08       		.byte	0x8
 332 0051 05       		.byte	0x5
 333 0052 65010000 		.4byte	.LASF6
 334 0056 02       		.uleb128 0x2
 335 0057 08       		.byte	0x8
 336 0058 07       		.byte	0x7
 337 0059 A6000000 		.4byte	.LASF7
 338 005d 03       		.uleb128 0x3
 339 005e 04       		.byte	0x4
 340 005f 05       		.byte	0x5
 341 0060 696E7400 		.ascii	"int\000"
 342 0064 02       		.uleb128 0x2
 343 0065 04       		.byte	0x4
ARM GAS  C:\Users\SCOTTC~1\AppData\Local\Temp\ccvrVGGf.s 			page 9


 344 0066 07       		.byte	0x7
 345 0067 99000000 		.4byte	.LASF8
 346 006b 04       		.uleb128 0x4
 347 006c 82010000 		.4byte	.LASF12
 348 0070 02       		.byte	0x2
 349 0071 5B       		.byte	0x5b
 350 0072 2C000000 		.4byte	0x2c
 351 0076 02       		.uleb128 0x2
 352 0077 04       		.byte	0x4
 353 0078 04       		.byte	0x4
 354 0079 30000000 		.4byte	.LASF9
 355 007d 02       		.uleb128 0x2
 356 007e 08       		.byte	0x8
 357 007f 04       		.byte	0x4
 358 0080 92000000 		.4byte	.LASF10
 359 0084 02       		.uleb128 0x2
 360 0085 01       		.byte	0x1
 361 0086 08       		.byte	0x8
 362 0087 73010000 		.4byte	.LASF11
 363 008b 04       		.uleb128 0x4
 364 008c 4F000000 		.4byte	.LASF13
 365 0090 02       		.byte	0x2
 366 0091 F0       		.byte	0xf0
 367 0092 96000000 		.4byte	0x96
 368 0096 05       		.uleb128 0x5
 369 0097 6B000000 		.4byte	0x6b
 370 009b 06       		.uleb128 0x6
 371 009c 06000000 		.4byte	.LASF14
 372 00a0 01       		.byte	0x1
 373 00a1 27       		.byte	0x27
 374 00a2 00000000 		.4byte	.LFB0
 375 00a6 38000000 		.4byte	.LFE0-.LFB0
 376 00aa 01       		.uleb128 0x1
 377 00ab 9C       		.byte	0x9c
 378 00ac CD000000 		.4byte	0xcd
 379 00b0 07       		.uleb128 0x7
 380 00b1 00000000 		.4byte	.LASF16
 381 00b5 01       		.byte	0x1
 382 00b6 27       		.byte	0x27
 383 00b7 6B000000 		.4byte	0x6b
 384 00bb 02       		.uleb128 0x2
 385 00bc 91       		.byte	0x91
 386 00bd 6F       		.sleb128 -17
 387 00be 08       		.uleb128 0x8
 388 00bf 44000000 		.4byte	.LASF23
 389 00c3 01       		.byte	0x1
 390 00c4 29       		.byte	0x29
 391 00c5 6B000000 		.4byte	0x6b
 392 00c9 02       		.uleb128 0x2
 393 00ca 91       		.byte	0x91
 394 00cb 77       		.sleb128 -9
 395 00cc 00       		.byte	0
 396 00cd 06       		.uleb128 0x6
 397 00ce 79000000 		.4byte	.LASF15
 398 00d2 01       		.byte	0x1
 399 00d3 3C       		.byte	0x3c
 400 00d4 00000000 		.4byte	.LFB1
ARM GAS  C:\Users\SCOTTC~1\AppData\Local\Temp\ccvrVGGf.s 			page 10


 401 00d8 10010000 		.4byte	.LFE1-.LFB1
 402 00dc 01       		.uleb128 0x1
 403 00dd 9C       		.byte	0x9c
 404 00de F1000000 		.4byte	0xf1
 405 00e2 07       		.uleb128 0x7
 406 00e3 BD000000 		.4byte	.LASF17
 407 00e7 01       		.byte	0x1
 408 00e8 3C       		.byte	0x3c
 409 00e9 6B000000 		.4byte	0x6b
 410 00ed 02       		.uleb128 0x2
 411 00ee 91       		.byte	0x91
 412 00ef 77       		.sleb128 -9
 413 00f0 00       		.byte	0
 414 00f1 09       		.uleb128 0x9
 415 00f2 88010000 		.4byte	.LASF18
 416 00f6 01       		.byte	0x1
 417 00f7 5A       		.byte	0x5a
 418 00f8 6B000000 		.4byte	0x6b
 419 00fc 00000000 		.4byte	.LFB2
 420 0100 20000000 		.4byte	.LFE2-.LFB2
 421 0104 01       		.uleb128 0x1
 422 0105 9C       		.byte	0x9c
 423 0106 09       		.uleb128 0x9
 424 0107 18000000 		.4byte	.LASF19
 425 010b 01       		.byte	0x1
 426 010c 6E       		.byte	0x6e
 427 010d 6B000000 		.4byte	0x6b
 428 0111 00000000 		.4byte	.LFB3
 429 0115 20000000 		.4byte	.LFE3-.LFB3
 430 0119 01       		.uleb128 0x1
 431 011a 9C       		.byte	0x9c
 432 011b 00       		.byte	0
 433              		.section	.debug_abbrev,"",%progbits
 434              	.Ldebug_abbrev0:
 435 0000 01       		.uleb128 0x1
 436 0001 11       		.uleb128 0x11
 437 0002 01       		.byte	0x1
 438 0003 25       		.uleb128 0x25
 439 0004 0E       		.uleb128 0xe
 440 0005 13       		.uleb128 0x13
 441 0006 0B       		.uleb128 0xb
 442 0007 03       		.uleb128 0x3
 443 0008 0E       		.uleb128 0xe
 444 0009 1B       		.uleb128 0x1b
 445 000a 0E       		.uleb128 0xe
 446 000b 55       		.uleb128 0x55
 447 000c 17       		.uleb128 0x17
 448 000d 11       		.uleb128 0x11
 449 000e 01       		.uleb128 0x1
 450 000f 10       		.uleb128 0x10
 451 0010 17       		.uleb128 0x17
 452 0011 00       		.byte	0
 453 0012 00       		.byte	0
 454 0013 02       		.uleb128 0x2
 455 0014 24       		.uleb128 0x24
 456 0015 00       		.byte	0
 457 0016 0B       		.uleb128 0xb
ARM GAS  C:\Users\SCOTTC~1\AppData\Local\Temp\ccvrVGGf.s 			page 11


 458 0017 0B       		.uleb128 0xb
 459 0018 3E       		.uleb128 0x3e
 460 0019 0B       		.uleb128 0xb
 461 001a 03       		.uleb128 0x3
 462 001b 0E       		.uleb128 0xe
 463 001c 00       		.byte	0
 464 001d 00       		.byte	0
 465 001e 03       		.uleb128 0x3
 466 001f 24       		.uleb128 0x24
 467 0020 00       		.byte	0
 468 0021 0B       		.uleb128 0xb
 469 0022 0B       		.uleb128 0xb
 470 0023 3E       		.uleb128 0x3e
 471 0024 0B       		.uleb128 0xb
 472 0025 03       		.uleb128 0x3
 473 0026 08       		.uleb128 0x8
 474 0027 00       		.byte	0
 475 0028 00       		.byte	0
 476 0029 04       		.uleb128 0x4
 477 002a 16       		.uleb128 0x16
 478 002b 00       		.byte	0
 479 002c 03       		.uleb128 0x3
 480 002d 0E       		.uleb128 0xe
 481 002e 3A       		.uleb128 0x3a
 482 002f 0B       		.uleb128 0xb
 483 0030 3B       		.uleb128 0x3b
 484 0031 0B       		.uleb128 0xb
 485 0032 49       		.uleb128 0x49
 486 0033 13       		.uleb128 0x13
 487 0034 00       		.byte	0
 488 0035 00       		.byte	0
 489 0036 05       		.uleb128 0x5
 490 0037 35       		.uleb128 0x35
 491 0038 00       		.byte	0
 492 0039 49       		.uleb128 0x49
 493 003a 13       		.uleb128 0x13
 494 003b 00       		.byte	0
 495 003c 00       		.byte	0
 496 003d 06       		.uleb128 0x6
 497 003e 2E       		.uleb128 0x2e
 498 003f 01       		.byte	0x1
 499 0040 3F       		.uleb128 0x3f
 500 0041 19       		.uleb128 0x19
 501 0042 03       		.uleb128 0x3
 502 0043 0E       		.uleb128 0xe
 503 0044 3A       		.uleb128 0x3a
 504 0045 0B       		.uleb128 0xb
 505 0046 3B       		.uleb128 0x3b
 506 0047 0B       		.uleb128 0xb
 507 0048 27       		.uleb128 0x27
 508 0049 19       		.uleb128 0x19
 509 004a 11       		.uleb128 0x11
 510 004b 01       		.uleb128 0x1
 511 004c 12       		.uleb128 0x12
 512 004d 06       		.uleb128 0x6
 513 004e 40       		.uleb128 0x40
 514 004f 18       		.uleb128 0x18
ARM GAS  C:\Users\SCOTTC~1\AppData\Local\Temp\ccvrVGGf.s 			page 12


 515 0050 9742     		.uleb128 0x2117
 516 0052 19       		.uleb128 0x19
 517 0053 01       		.uleb128 0x1
 518 0054 13       		.uleb128 0x13
 519 0055 00       		.byte	0
 520 0056 00       		.byte	0
 521 0057 07       		.uleb128 0x7
 522 0058 05       		.uleb128 0x5
 523 0059 00       		.byte	0
 524 005a 03       		.uleb128 0x3
 525 005b 0E       		.uleb128 0xe
 526 005c 3A       		.uleb128 0x3a
 527 005d 0B       		.uleb128 0xb
 528 005e 3B       		.uleb128 0x3b
 529 005f 0B       		.uleb128 0xb
 530 0060 49       		.uleb128 0x49
 531 0061 13       		.uleb128 0x13
 532 0062 02       		.uleb128 0x2
 533 0063 18       		.uleb128 0x18
 534 0064 00       		.byte	0
 535 0065 00       		.byte	0
 536 0066 08       		.uleb128 0x8
 537 0067 34       		.uleb128 0x34
 538 0068 00       		.byte	0
 539 0069 03       		.uleb128 0x3
 540 006a 0E       		.uleb128 0xe
 541 006b 3A       		.uleb128 0x3a
 542 006c 0B       		.uleb128 0xb
 543 006d 3B       		.uleb128 0x3b
 544 006e 0B       		.uleb128 0xb
 545 006f 49       		.uleb128 0x49
 546 0070 13       		.uleb128 0x13
 547 0071 02       		.uleb128 0x2
 548 0072 18       		.uleb128 0x18
 549 0073 00       		.byte	0
 550 0074 00       		.byte	0
 551 0075 09       		.uleb128 0x9
 552 0076 2E       		.uleb128 0x2e
 553 0077 00       		.byte	0
 554 0078 3F       		.uleb128 0x3f
 555 0079 19       		.uleb128 0x19
 556 007a 03       		.uleb128 0x3
 557 007b 0E       		.uleb128 0xe
 558 007c 3A       		.uleb128 0x3a
 559 007d 0B       		.uleb128 0xb
 560 007e 3B       		.uleb128 0x3b
 561 007f 0B       		.uleb128 0xb
 562 0080 27       		.uleb128 0x27
 563 0081 19       		.uleb128 0x19
 564 0082 49       		.uleb128 0x49
 565 0083 13       		.uleb128 0x13
 566 0084 11       		.uleb128 0x11
 567 0085 01       		.uleb128 0x1
 568 0086 12       		.uleb128 0x12
 569 0087 06       		.uleb128 0x6
 570 0088 40       		.uleb128 0x40
 571 0089 18       		.uleb128 0x18
ARM GAS  C:\Users\SCOTTC~1\AppData\Local\Temp\ccvrVGGf.s 			page 13


 572 008a 9742     		.uleb128 0x2117
 573 008c 19       		.uleb128 0x19
 574 008d 00       		.byte	0
 575 008e 00       		.byte	0
 576 008f 00       		.byte	0
 577              		.section	.debug_aranges,"",%progbits
 578 0000 34000000 		.4byte	0x34
 579 0004 0200     		.2byte	0x2
 580 0006 00000000 		.4byte	.Ldebug_info0
 581 000a 04       		.byte	0x4
 582 000b 00       		.byte	0
 583 000c 0000     		.2byte	0
 584 000e 0000     		.2byte	0
 585 0010 00000000 		.4byte	.LFB0
 586 0014 38000000 		.4byte	.LFE0-.LFB0
 587 0018 00000000 		.4byte	.LFB1
 588 001c 10010000 		.4byte	.LFE1-.LFB1
 589 0020 00000000 		.4byte	.LFB2
 590 0024 20000000 		.4byte	.LFE2-.LFB2
 591 0028 00000000 		.4byte	.LFB3
 592 002c 20000000 		.4byte	.LFE3-.LFB3
 593 0030 00000000 		.4byte	0
 594 0034 00000000 		.4byte	0
 595              		.section	.debug_ranges,"",%progbits
 596              	.Ldebug_ranges0:
 597 0000 00000000 		.4byte	.LFB0
 598 0004 38000000 		.4byte	.LFE0
 599 0008 00000000 		.4byte	.LFB1
 600 000c 10010000 		.4byte	.LFE1
 601 0010 00000000 		.4byte	.LFB2
 602 0014 20000000 		.4byte	.LFE2
 603 0018 00000000 		.4byte	.LFB3
 604 001c 20000000 		.4byte	.LFE3
 605 0020 00000000 		.4byte	0
 606 0024 00000000 		.4byte	0
 607              		.section	.debug_line,"",%progbits
 608              	.Ldebug_line0:
 609 0000 9D000000 		.section	.debug_str,"MS",%progbits,1
 609      02004A00 
 609      00000201 
 609      FB0E0D00 
 609      01010101 
 610              	.LASF16:
 611 0000 76616C75 		.ascii	"value\000"
 611      6500
 612              	.LASF14:
 613 0006 4C43445F 		.ascii	"LCD_LCDPort_Write\000"
 613      4C434450 
 613      6F72745F 
 613      57726974 
 613      6500
 614              	.LASF19:
 615 0018 4C43445F 		.ascii	"LCD_LCDPort_ReadDataReg\000"
 615      4C434450 
 615      6F72745F 
 615      52656164 
 615      44617461 
ARM GAS  C:\Users\SCOTTC~1\AppData\Local\Temp\ccvrVGGf.s 			page 14


 616              	.LASF9:
 617 0030 666C6F61 		.ascii	"float\000"
 617      7400
 618              	.LASF1:
 619 0036 756E7369 		.ascii	"unsigned char\000"
 619      676E6564 
 619      20636861 
 619      7200
 620              	.LASF23:
 621 0044 73746174 		.ascii	"staticBits\000"
 621      69634269 
 621      747300
 622              	.LASF13:
 623 004f 72656738 		.ascii	"reg8\000"
 623      00
 624              	.LASF5:
 625 0054 6C6F6E67 		.ascii	"long unsigned int\000"
 625      20756E73 
 625      69676E65 
 625      6420696E 
 625      7400
 626              	.LASF3:
 627 0066 73686F72 		.ascii	"short unsigned int\000"
 627      7420756E 
 627      7369676E 
 627      65642069 
 627      6E7400
 628              	.LASF15:
 629 0079 4C43445F 		.ascii	"LCD_LCDPort_SetDriveMode\000"
 629      4C434450 
 629      6F72745F 
 629      53657444 
 629      72697665 
 630              	.LASF10:
 631 0092 646F7562 		.ascii	"double\000"
 631      6C6500
 632              	.LASF8:
 633 0099 756E7369 		.ascii	"unsigned int\000"
 633      676E6564 
 633      20696E74 
 633      00
 634              	.LASF7:
 635 00a6 6C6F6E67 		.ascii	"long long unsigned int\000"
 635      206C6F6E 
 635      6720756E 
 635      7369676E 
 635      65642069 
 636              	.LASF17:
 637 00bd 6D6F6465 		.ascii	"mode\000"
 637      00
 638              	.LASF21:
 639 00c2 2E5C4765 		.ascii	".\\Generated_Source\\PSoC5\\LCD_LCDPort.c\000"
 639      6E657261 
 639      7465645F 
 639      536F7572 
 639      63655C50 
 640              	.LASF20:
ARM GAS  C:\Users\SCOTTC~1\AppData\Local\Temp\ccvrVGGf.s 			page 15


 641 00e9 474E5520 		.ascii	"GNU C 4.8.4 20140526 (release) [ARM/embedded-4_8-br"
 641      4320342E 
 641      382E3420 
 641      32303134 
 641      30353236 
 642 011c 616E6368 		.ascii	"anch revision 211358] -mcpu=cortex-m3 -mthumb -g -O"
 642      20726576 
 642      6973696F 
 642      6E203231 
 642      31333538 
 643 014f 30202D66 		.ascii	"0 -ffunction-sections\000"
 643      66756E63 
 643      74696F6E 
 643      2D736563 
 643      74696F6E 
 644              	.LASF6:
 645 0165 6C6F6E67 		.ascii	"long long int\000"
 645      206C6F6E 
 645      6720696E 
 645      7400
 646              	.LASF11:
 647 0173 63686172 		.ascii	"char\000"
 647      00
 648              	.LASF2:
 649 0178 73686F72 		.ascii	"short int\000"
 649      7420696E 
 649      7400
 650              	.LASF12:
 651 0182 75696E74 		.ascii	"uint8\000"
 651      3800
 652              	.LASF18:
 653 0188 4C43445F 		.ascii	"LCD_LCDPort_Read\000"
 653      4C434450 
 653      6F72745F 
 653      52656164 
 653      00
 654              	.LASF4:
 655 0199 6C6F6E67 		.ascii	"long int\000"
 655      20696E74 
 655      00
 656              	.LASF0:
 657 01a2 7369676E 		.ascii	"signed char\000"
 657      65642063 
 657      68617200 
 658              	.LASF22:
 659 01ae 5C5C766D 		.ascii	"\\\\vmware-host\\Shared Folders\\scottcarlson On My"
 659      77617265 
 659      2D686F73 
 659      745C5368 
 659      61726564 
 660 01dd 204D6163 		.ascii	" Mac\\Code\\repos\\MagField_LowFreq_Detector\\DelSi"
 660      5C436F64 
 660      655C7265 
 660      706F735C 
 660      4D616746 
 661 020c 675F3136 		.ascii	"g_16Channel-20bit-DMA.cydsn\000"
 661      4368616E 
ARM GAS  C:\Users\SCOTTC~1\AppData\Local\Temp\ccvrVGGf.s 			page 16


 661      6E656C2D 
 661      32306269 
 661      742D444D 
 662              		.ident	"GCC: (GNU Tools for ARM Embedded Processors) 4.8.4 20140526 (release) [ARM/embedded-4_8-br
