ARM GAS  C:\Users\SCOTTC~1\AppData\Local\Temp\ccUV85Zd.s 			page 1


   1              		.syntax unified
   2              		.cpu cortex-m3
   3              		.fpu softvfp
   4              		.eabi_attribute 20, 1
   5              		.eabi_attribute 21, 1
   6              		.eabi_attribute 23, 3
   7              		.eabi_attribute 24, 1
   8              		.eabi_attribute 25, 1
   9              		.eabi_attribute 26, 1
  10              		.eabi_attribute 30, 6
  11              		.eabi_attribute 34, 1
  12              		.eabi_attribute 18, 4
  13              		.thumb
  14              		.file	"Start_Reg.c"
  15              		.text
  16              	.Ltext0:
  17              		.cfi_sections	.debug_frame
  18              		.section	.text.Start_Reg_Write,"ax",%progbits
  19              		.align	2
  20              		.global	Start_Reg_Write
  21              		.thumb
  22              		.thumb_func
  23              		.type	Start_Reg_Write, %function
  24              	Start_Reg_Write:
  25              	.LFB0:
  26              		.file 1 ".\\Generated_Source\\PSoC5\\Start_Reg.c"
   1:.\Generated_Source\PSoC5/Start_Reg.c **** /*******************************************************************************
   2:.\Generated_Source\PSoC5/Start_Reg.c **** * File Name: Start_Reg.c  
   3:.\Generated_Source\PSoC5/Start_Reg.c **** * Version 1.70
   4:.\Generated_Source\PSoC5/Start_Reg.c **** *
   5:.\Generated_Source\PSoC5/Start_Reg.c **** * Description:
   6:.\Generated_Source\PSoC5/Start_Reg.c **** *  This file contains API to enable firmware control of a Control Register.
   7:.\Generated_Source\PSoC5/Start_Reg.c **** *
   8:.\Generated_Source\PSoC5/Start_Reg.c **** * Note:
   9:.\Generated_Source\PSoC5/Start_Reg.c **** *
  10:.\Generated_Source\PSoC5/Start_Reg.c **** ********************************************************************************
  11:.\Generated_Source\PSoC5/Start_Reg.c **** * Copyright 2008-2012, Cypress Semiconductor Corporation.  All rights reserved.
  12:.\Generated_Source\PSoC5/Start_Reg.c **** * You may use this file only in accordance with the license, terms, conditions, 
  13:.\Generated_Source\PSoC5/Start_Reg.c **** * disclaimers, and limitations in the end user license agreement accompanying 
  14:.\Generated_Source\PSoC5/Start_Reg.c **** * the software package with which this file was provided.
  15:.\Generated_Source\PSoC5/Start_Reg.c **** *******************************************************************************/
  16:.\Generated_Source\PSoC5/Start_Reg.c **** 
  17:.\Generated_Source\PSoC5/Start_Reg.c **** #include "Start_Reg.h"
  18:.\Generated_Source\PSoC5/Start_Reg.c **** 
  19:.\Generated_Source\PSoC5/Start_Reg.c **** #if !defined(Start_Reg_Sync_ctrl_reg__REMOVED) /* Check for removal by optimization */
  20:.\Generated_Source\PSoC5/Start_Reg.c **** 
  21:.\Generated_Source\PSoC5/Start_Reg.c **** /*******************************************************************************
  22:.\Generated_Source\PSoC5/Start_Reg.c **** * Function Name: Start_Reg_Write
  23:.\Generated_Source\PSoC5/Start_Reg.c **** ********************************************************************************
  24:.\Generated_Source\PSoC5/Start_Reg.c **** *
  25:.\Generated_Source\PSoC5/Start_Reg.c **** * Summary:
  26:.\Generated_Source\PSoC5/Start_Reg.c **** *  Write a byte to the Control Register.
  27:.\Generated_Source\PSoC5/Start_Reg.c **** *
  28:.\Generated_Source\PSoC5/Start_Reg.c **** * Parameters:
  29:.\Generated_Source\PSoC5/Start_Reg.c **** *  control:  The value to be assigned to the Control Register.
  30:.\Generated_Source\PSoC5/Start_Reg.c **** *
  31:.\Generated_Source\PSoC5/Start_Reg.c **** * Return:
ARM GAS  C:\Users\SCOTTC~1\AppData\Local\Temp\ccUV85Zd.s 			page 2


  32:.\Generated_Source\PSoC5/Start_Reg.c **** *  None.
  33:.\Generated_Source\PSoC5/Start_Reg.c **** *
  34:.\Generated_Source\PSoC5/Start_Reg.c **** *******************************************************************************/
  35:.\Generated_Source\PSoC5/Start_Reg.c **** void Start_Reg_Write(uint8 control) 
  36:.\Generated_Source\PSoC5/Start_Reg.c **** {
  27              		.loc 1 36 0
  28              		.cfi_startproc
  29              		@ args = 0, pretend = 0, frame = 8
  30              		@ frame_needed = 1, uses_anonymous_args = 0
  31              		@ link register save eliminated.
  32 0000 80B4     		push	{r7}
  33              		.cfi_def_cfa_offset 4
  34              		.cfi_offset 7, -4
  35 0002 83B0     		sub	sp, sp, #12
  36              		.cfi_def_cfa_offset 16
  37 0004 00AF     		add	r7, sp, #0
  38              		.cfi_def_cfa_register 7
  39 0006 0346     		mov	r3, r0
  40 0008 FB71     		strb	r3, [r7, #7]
  37:.\Generated_Source\PSoC5/Start_Reg.c ****     Start_Reg_Control = control;
  41              		.loc 1 37 0
  42 000a 044B     		ldr	r3, .L2
  43 000c FA79     		ldrb	r2, [r7, #7]
  44 000e 1A70     		strb	r2, [r3]
  38:.\Generated_Source\PSoC5/Start_Reg.c **** }
  45              		.loc 1 38 0
  46 0010 0C37     		adds	r7, r7, #12
  47 0012 BD46     		mov	sp, r7
  48              		@ sp needed
  49 0014 5DF8047B 		ldr	r7, [sp], #4
  50 0018 7047     		bx	lr
  51              	.L3:
  52 001a 00BF     		.align	2
  53              	.L2:
  54 001c 76650040 		.word	1073767798
  55              		.cfi_endproc
  56              	.LFE0:
  57              		.size	Start_Reg_Write, .-Start_Reg_Write
  58              		.section	.text.Start_Reg_Read,"ax",%progbits
  59              		.align	2
  60              		.global	Start_Reg_Read
  61              		.thumb
  62              		.thumb_func
  63              		.type	Start_Reg_Read, %function
  64              	Start_Reg_Read:
  65              	.LFB1:
  39:.\Generated_Source\PSoC5/Start_Reg.c **** 
  40:.\Generated_Source\PSoC5/Start_Reg.c **** 
  41:.\Generated_Source\PSoC5/Start_Reg.c **** /*******************************************************************************
  42:.\Generated_Source\PSoC5/Start_Reg.c **** * Function Name: Start_Reg_Read
  43:.\Generated_Source\PSoC5/Start_Reg.c **** ********************************************************************************
  44:.\Generated_Source\PSoC5/Start_Reg.c **** *
  45:.\Generated_Source\PSoC5/Start_Reg.c **** * Summary:
  46:.\Generated_Source\PSoC5/Start_Reg.c **** *  Reads the current value assigned to the Control Register.
  47:.\Generated_Source\PSoC5/Start_Reg.c **** *
  48:.\Generated_Source\PSoC5/Start_Reg.c **** * Parameters:
  49:.\Generated_Source\PSoC5/Start_Reg.c **** *  None.
ARM GAS  C:\Users\SCOTTC~1\AppData\Local\Temp\ccUV85Zd.s 			page 3


  50:.\Generated_Source\PSoC5/Start_Reg.c **** *
  51:.\Generated_Source\PSoC5/Start_Reg.c **** * Return:
  52:.\Generated_Source\PSoC5/Start_Reg.c **** *  Returns the current value in the Control Register.
  53:.\Generated_Source\PSoC5/Start_Reg.c **** *
  54:.\Generated_Source\PSoC5/Start_Reg.c **** *******************************************************************************/
  55:.\Generated_Source\PSoC5/Start_Reg.c **** uint8 Start_Reg_Read(void) 
  56:.\Generated_Source\PSoC5/Start_Reg.c **** {
  66              		.loc 1 56 0
  67              		.cfi_startproc
  68              		@ args = 0, pretend = 0, frame = 0
  69              		@ frame_needed = 1, uses_anonymous_args = 0
  70              		@ link register save eliminated.
  71 0000 80B4     		push	{r7}
  72              		.cfi_def_cfa_offset 4
  73              		.cfi_offset 7, -4
  74 0002 00AF     		add	r7, sp, #0
  75              		.cfi_def_cfa_register 7
  57:.\Generated_Source\PSoC5/Start_Reg.c ****     return Start_Reg_Control;
  76              		.loc 1 57 0
  77 0004 034B     		ldr	r3, .L6
  78 0006 1B78     		ldrb	r3, [r3]
  79 0008 DBB2     		uxtb	r3, r3
  58:.\Generated_Source\PSoC5/Start_Reg.c **** }
  80              		.loc 1 58 0
  81 000a 1846     		mov	r0, r3
  82 000c BD46     		mov	sp, r7
  83              		@ sp needed
  84 000e 5DF8047B 		ldr	r7, [sp], #4
  85 0012 7047     		bx	lr
  86              	.L7:
  87              		.align	2
  88              	.L6:
  89 0014 76650040 		.word	1073767798
  90              		.cfi_endproc
  91              	.LFE1:
  92              		.size	Start_Reg_Read, .-Start_Reg_Read
  93              		.text
  94              	.Letext0:
  95              		.file 2 ".\\Generated_Source\\PSoC5\\cytypes.h"
  96              		.section	.debug_info,"",%progbits
  97              	.Ldebug_info0:
  98 0000 D1000000 		.4byte	0xd1
  99 0004 0400     		.2byte	0x4
 100 0006 00000000 		.4byte	.Ldebug_abbrev0
 101 000a 04       		.byte	0x4
 102 000b 01       		.uleb128 0x1
 103 000c EF000000 		.4byte	.LASF14
 104 0010 01       		.byte	0x1
 105 0011 79010000 		.4byte	.LASF15
 106 0015 00000000 		.4byte	.LASF16
 107 0019 00000000 		.4byte	.Ldebug_ranges0+0
 108 001d 00000000 		.4byte	0
 109 0021 00000000 		.4byte	.Ldebug_line0
 110 0025 02       		.uleb128 0x2
 111 0026 01       		.byte	0x1
 112 0027 06       		.byte	0x6
 113 0028 BC010000 		.4byte	.LASF0
ARM GAS  C:\Users\SCOTTC~1\AppData\Local\Temp\ccUV85Zd.s 			page 4


 114 002c 02       		.uleb128 0x2
 115 002d 01       		.byte	0x1
 116 002e 08       		.byte	0x8
 117 002f 84000000 		.4byte	.LASF1
 118 0033 02       		.uleb128 0x2
 119 0034 02       		.byte	0x2
 120 0035 05       		.byte	0x5
 121 0036 9E010000 		.4byte	.LASF2
 122 003a 02       		.uleb128 0x2
 123 003b 02       		.byte	0x2
 124 003c 07       		.byte	0x7
 125 003d A9000000 		.4byte	.LASF3
 126 0041 02       		.uleb128 0x2
 127 0042 04       		.byte	0x4
 128 0043 05       		.byte	0x5
 129 0044 AE010000 		.4byte	.LASF4
 130 0048 02       		.uleb128 0x2
 131 0049 04       		.byte	0x4
 132 004a 07       		.byte	0x7
 133 004b 97000000 		.4byte	.LASF5
 134 004f 02       		.uleb128 0x2
 135 0050 08       		.byte	0x8
 136 0051 05       		.byte	0x5
 137 0052 6B010000 		.4byte	.LASF6
 138 0056 02       		.uleb128 0x2
 139 0057 08       		.byte	0x8
 140 0058 07       		.byte	0x7
 141 0059 D8000000 		.4byte	.LASF7
 142 005d 03       		.uleb128 0x3
 143 005e 04       		.byte	0x4
 144 005f 05       		.byte	0x5
 145 0060 696E7400 		.ascii	"int\000"
 146 0064 02       		.uleb128 0x2
 147 0065 04       		.byte	0x4
 148 0066 07       		.byte	0x7
 149 0067 CB000000 		.4byte	.LASF8
 150 006b 04       		.uleb128 0x4
 151 006c A8010000 		.4byte	.LASF12
 152 0070 02       		.byte	0x2
 153 0071 5B       		.byte	0x5b
 154 0072 2C000000 		.4byte	0x2c
 155 0076 02       		.uleb128 0x2
 156 0077 04       		.byte	0x4
 157 0078 04       		.byte	0x4
 158 0079 7E000000 		.4byte	.LASF9
 159 007d 02       		.uleb128 0x2
 160 007e 08       		.byte	0x8
 161 007f 04       		.byte	0x4
 162 0080 C4000000 		.4byte	.LASF10
 163 0084 02       		.uleb128 0x2
 164 0085 01       		.byte	0x1
 165 0086 08       		.byte	0x8
 166 0087 B7010000 		.4byte	.LASF11
 167 008b 04       		.uleb128 0x4
 168 008c 92000000 		.4byte	.LASF13
 169 0090 02       		.byte	0x2
 170 0091 F0       		.byte	0xf0
ARM GAS  C:\Users\SCOTTC~1\AppData\Local\Temp\ccUV85Zd.s 			page 5


 171 0092 96000000 		.4byte	0x96
 172 0096 05       		.uleb128 0x5
 173 0097 6B000000 		.4byte	0x6b
 174 009b 06       		.uleb128 0x6
 175 009c 5F000000 		.4byte	.LASF17
 176 00a0 01       		.byte	0x1
 177 00a1 23       		.byte	0x23
 178 00a2 00000000 		.4byte	.LFB0
 179 00a6 20000000 		.4byte	.LFE0-.LFB0
 180 00aa 01       		.uleb128 0x1
 181 00ab 9C       		.byte	0x9c
 182 00ac BF000000 		.4byte	0xbf
 183 00b0 07       		.uleb128 0x7
 184 00b1 BC000000 		.4byte	.LASF18
 185 00b5 01       		.byte	0x1
 186 00b6 23       		.byte	0x23
 187 00b7 6B000000 		.4byte	0x6b
 188 00bb 02       		.uleb128 0x2
 189 00bc 91       		.byte	0x91
 190 00bd 77       		.sleb128 -9
 191 00be 00       		.byte	0
 192 00bf 08       		.uleb128 0x8
 193 00c0 6F000000 		.4byte	.LASF19
 194 00c4 01       		.byte	0x1
 195 00c5 37       		.byte	0x37
 196 00c6 6B000000 		.4byte	0x6b
 197 00ca 00000000 		.4byte	.LFB1
 198 00ce 18000000 		.4byte	.LFE1-.LFB1
 199 00d2 01       		.uleb128 0x1
 200 00d3 9C       		.byte	0x9c
 201 00d4 00       		.byte	0
 202              		.section	.debug_abbrev,"",%progbits
 203              	.Ldebug_abbrev0:
 204 0000 01       		.uleb128 0x1
 205 0001 11       		.uleb128 0x11
 206 0002 01       		.byte	0x1
 207 0003 25       		.uleb128 0x25
 208 0004 0E       		.uleb128 0xe
 209 0005 13       		.uleb128 0x13
 210 0006 0B       		.uleb128 0xb
 211 0007 03       		.uleb128 0x3
 212 0008 0E       		.uleb128 0xe
 213 0009 1B       		.uleb128 0x1b
 214 000a 0E       		.uleb128 0xe
 215 000b 55       		.uleb128 0x55
 216 000c 17       		.uleb128 0x17
 217 000d 11       		.uleb128 0x11
 218 000e 01       		.uleb128 0x1
 219 000f 10       		.uleb128 0x10
 220 0010 17       		.uleb128 0x17
 221 0011 00       		.byte	0
 222 0012 00       		.byte	0
 223 0013 02       		.uleb128 0x2
 224 0014 24       		.uleb128 0x24
 225 0015 00       		.byte	0
 226 0016 0B       		.uleb128 0xb
 227 0017 0B       		.uleb128 0xb
ARM GAS  C:\Users\SCOTTC~1\AppData\Local\Temp\ccUV85Zd.s 			page 6


 228 0018 3E       		.uleb128 0x3e
 229 0019 0B       		.uleb128 0xb
 230 001a 03       		.uleb128 0x3
 231 001b 0E       		.uleb128 0xe
 232 001c 00       		.byte	0
 233 001d 00       		.byte	0
 234 001e 03       		.uleb128 0x3
 235 001f 24       		.uleb128 0x24
 236 0020 00       		.byte	0
 237 0021 0B       		.uleb128 0xb
 238 0022 0B       		.uleb128 0xb
 239 0023 3E       		.uleb128 0x3e
 240 0024 0B       		.uleb128 0xb
 241 0025 03       		.uleb128 0x3
 242 0026 08       		.uleb128 0x8
 243 0027 00       		.byte	0
 244 0028 00       		.byte	0
 245 0029 04       		.uleb128 0x4
 246 002a 16       		.uleb128 0x16
 247 002b 00       		.byte	0
 248 002c 03       		.uleb128 0x3
 249 002d 0E       		.uleb128 0xe
 250 002e 3A       		.uleb128 0x3a
 251 002f 0B       		.uleb128 0xb
 252 0030 3B       		.uleb128 0x3b
 253 0031 0B       		.uleb128 0xb
 254 0032 49       		.uleb128 0x49
 255 0033 13       		.uleb128 0x13
 256 0034 00       		.byte	0
 257 0035 00       		.byte	0
 258 0036 05       		.uleb128 0x5
 259 0037 35       		.uleb128 0x35
 260 0038 00       		.byte	0
 261 0039 49       		.uleb128 0x49
 262 003a 13       		.uleb128 0x13
 263 003b 00       		.byte	0
 264 003c 00       		.byte	0
 265 003d 06       		.uleb128 0x6
 266 003e 2E       		.uleb128 0x2e
 267 003f 01       		.byte	0x1
 268 0040 3F       		.uleb128 0x3f
 269 0041 19       		.uleb128 0x19
 270 0042 03       		.uleb128 0x3
 271 0043 0E       		.uleb128 0xe
 272 0044 3A       		.uleb128 0x3a
 273 0045 0B       		.uleb128 0xb
 274 0046 3B       		.uleb128 0x3b
 275 0047 0B       		.uleb128 0xb
 276 0048 27       		.uleb128 0x27
 277 0049 19       		.uleb128 0x19
 278 004a 11       		.uleb128 0x11
 279 004b 01       		.uleb128 0x1
 280 004c 12       		.uleb128 0x12
 281 004d 06       		.uleb128 0x6
 282 004e 40       		.uleb128 0x40
 283 004f 18       		.uleb128 0x18
 284 0050 9742     		.uleb128 0x2117
ARM GAS  C:\Users\SCOTTC~1\AppData\Local\Temp\ccUV85Zd.s 			page 7


 285 0052 19       		.uleb128 0x19
 286 0053 01       		.uleb128 0x1
 287 0054 13       		.uleb128 0x13
 288 0055 00       		.byte	0
 289 0056 00       		.byte	0
 290 0057 07       		.uleb128 0x7
 291 0058 05       		.uleb128 0x5
 292 0059 00       		.byte	0
 293 005a 03       		.uleb128 0x3
 294 005b 0E       		.uleb128 0xe
 295 005c 3A       		.uleb128 0x3a
 296 005d 0B       		.uleb128 0xb
 297 005e 3B       		.uleb128 0x3b
 298 005f 0B       		.uleb128 0xb
 299 0060 49       		.uleb128 0x49
 300 0061 13       		.uleb128 0x13
 301 0062 02       		.uleb128 0x2
 302 0063 18       		.uleb128 0x18
 303 0064 00       		.byte	0
 304 0065 00       		.byte	0
 305 0066 08       		.uleb128 0x8
 306 0067 2E       		.uleb128 0x2e
 307 0068 00       		.byte	0
 308 0069 3F       		.uleb128 0x3f
 309 006a 19       		.uleb128 0x19
 310 006b 03       		.uleb128 0x3
 311 006c 0E       		.uleb128 0xe
 312 006d 3A       		.uleb128 0x3a
 313 006e 0B       		.uleb128 0xb
 314 006f 3B       		.uleb128 0x3b
 315 0070 0B       		.uleb128 0xb
 316 0071 27       		.uleb128 0x27
 317 0072 19       		.uleb128 0x19
 318 0073 49       		.uleb128 0x49
 319 0074 13       		.uleb128 0x13
 320 0075 11       		.uleb128 0x11
 321 0076 01       		.uleb128 0x1
 322 0077 12       		.uleb128 0x12
 323 0078 06       		.uleb128 0x6
 324 0079 40       		.uleb128 0x40
 325 007a 18       		.uleb128 0x18
 326 007b 9742     		.uleb128 0x2117
 327 007d 19       		.uleb128 0x19
 328 007e 00       		.byte	0
 329 007f 00       		.byte	0
 330 0080 00       		.byte	0
 331              		.section	.debug_aranges,"",%progbits
 332 0000 24000000 		.4byte	0x24
 333 0004 0200     		.2byte	0x2
 334 0006 00000000 		.4byte	.Ldebug_info0
 335 000a 04       		.byte	0x4
 336 000b 00       		.byte	0
 337 000c 0000     		.2byte	0
 338 000e 0000     		.2byte	0
 339 0010 00000000 		.4byte	.LFB0
 340 0014 20000000 		.4byte	.LFE0-.LFB0
 341 0018 00000000 		.4byte	.LFB1
ARM GAS  C:\Users\SCOTTC~1\AppData\Local\Temp\ccUV85Zd.s 			page 8


 342 001c 18000000 		.4byte	.LFE1-.LFB1
 343 0020 00000000 		.4byte	0
 344 0024 00000000 		.4byte	0
 345              		.section	.debug_ranges,"",%progbits
 346              	.Ldebug_ranges0:
 347 0000 00000000 		.4byte	.LFB0
 348 0004 20000000 		.4byte	.LFE0
 349 0008 00000000 		.4byte	.LFB1
 350 000c 18000000 		.4byte	.LFE1
 351 0010 00000000 		.4byte	0
 352 0014 00000000 		.4byte	0
 353              		.section	.debug_line,"",%progbits
 354              	.Ldebug_line0:
 355 0000 70000000 		.section	.debug_str,"MS",%progbits,1
 355      02004800 
 355      00000201 
 355      FB0E0D00 
 355      01010101 
 356              	.LASF16:
 357 0000 5C5C766D 		.ascii	"\\\\vmware-host\\Shared Folders\\scottcarlson On My"
 357      77617265 
 357      2D686F73 
 357      745C5368 
 357      61726564 
 358 002f 204D6163 		.ascii	" Mac\\Downloads\\DelSig_16Channel-20bit-DMA.cydsn\000"
 358      5C446F77 
 358      6E6C6F61 
 358      64735C44 
 358      656C5369 
 359              	.LASF17:
 360 005f 53746172 		.ascii	"Start_Reg_Write\000"
 360      745F5265 
 360      675F5772 
 360      69746500 
 361              	.LASF19:
 362 006f 53746172 		.ascii	"Start_Reg_Read\000"
 362      745F5265 
 362      675F5265 
 362      616400
 363              	.LASF9:
 364 007e 666C6F61 		.ascii	"float\000"
 364      7400
 365              	.LASF1:
 366 0084 756E7369 		.ascii	"unsigned char\000"
 366      676E6564 
 366      20636861 
 366      7200
 367              	.LASF13:
 368 0092 72656738 		.ascii	"reg8\000"
 368      00
 369              	.LASF5:
 370 0097 6C6F6E67 		.ascii	"long unsigned int\000"
 370      20756E73 
 370      69676E65 
 370      6420696E 
 370      7400
 371              	.LASF3:
ARM GAS  C:\Users\SCOTTC~1\AppData\Local\Temp\ccUV85Zd.s 			page 9


 372 00a9 73686F72 		.ascii	"short unsigned int\000"
 372      7420756E 
 372      7369676E 
 372      65642069 
 372      6E7400
 373              	.LASF18:
 374 00bc 636F6E74 		.ascii	"control\000"
 374      726F6C00 
 375              	.LASF10:
 376 00c4 646F7562 		.ascii	"double\000"
 376      6C6500
 377              	.LASF8:
 378 00cb 756E7369 		.ascii	"unsigned int\000"
 378      676E6564 
 378      20696E74 
 378      00
 379              	.LASF7:
 380 00d8 6C6F6E67 		.ascii	"long long unsigned int\000"
 380      206C6F6E 
 380      6720756E 
 380      7369676E 
 380      65642069 
 381              	.LASF14:
 382 00ef 474E5520 		.ascii	"GNU C 4.8.4 20140526 (release) [ARM/embedded-4_8-br"
 382      4320342E 
 382      382E3420 
 382      32303134 
 382      30353236 
 383 0122 616E6368 		.ascii	"anch revision 211358] -mcpu=cortex-m3 -mthumb -g -O"
 383      20726576 
 383      6973696F 
 383      6E203231 
 383      31333538 
 384 0155 30202D66 		.ascii	"0 -ffunction-sections\000"
 384      66756E63 
 384      74696F6E 
 384      2D736563 
 384      74696F6E 
 385              	.LASF6:
 386 016b 6C6F6E67 		.ascii	"long long int\000"
 386      206C6F6E 
 386      6720696E 
 386      7400
 387              	.LASF15:
 388 0179 2E5C4765 		.ascii	".\\Generated_Source\\PSoC5\\Start_Reg.c\000"
 388      6E657261 
 388      7465645F 
 388      536F7572 
 388      63655C50 
 389              	.LASF2:
 390 019e 73686F72 		.ascii	"short int\000"
 390      7420696E 
 390      7400
 391              	.LASF12:
 392 01a8 75696E74 		.ascii	"uint8\000"
 392      3800
 393              	.LASF4:
ARM GAS  C:\Users\SCOTTC~1\AppData\Local\Temp\ccUV85Zd.s 			page 10


 394 01ae 6C6F6E67 		.ascii	"long int\000"
 394      20696E74 
 394      00
 395              	.LASF11:
 396 01b7 63686172 		.ascii	"char\000"
 396      00
 397              	.LASF0:
 398 01bc 7369676E 		.ascii	"signed char\000"
 398      65642063 
 398      68617200 
 399              		.ident	"GCC: (GNU Tools for ARM Embedded Processors) 4.8.4 20140526 (release) [ARM/embedded-4_8-br
