ARM GAS  C:\Users\SCOTTC~1\AppData\Local\Temp\ccC1bJDY.s 			page 1


   1              		.syntax unified
   2              		.cpu cortex-m3
   3              		.fpu softvfp
   4              		.eabi_attribute 20, 1
   5              		.eabi_attribute 21, 1
   6              		.eabi_attribute 23, 3
   7              		.eabi_attribute 24, 1
   8              		.eabi_attribute 25, 1
   9              		.eabi_attribute 26, 1
  10              		.eabi_attribute 30, 6
  11              		.eabi_attribute 34, 1
  12              		.eabi_attribute 18, 4
  13              		.thumb
  14              		.file	"VinE.c"
  15              		.text
  16              	.Ltext0:
  17              		.cfi_sections	.debug_frame
  18              		.section	.text.VinE_Write,"ax",%progbits
  19              		.align	2
  20              		.global	VinE_Write
  21              		.thumb
  22              		.thumb_func
  23              		.type	VinE_Write, %function
  24              	VinE_Write:
  25              	.LFB0:
  26              		.file 1 ".\\Generated_Source\\PSoC5\\VinE.c"
   1:.\Generated_Source\PSoC5/VinE.c **** /*******************************************************************************
   2:.\Generated_Source\PSoC5/VinE.c **** * File Name: VinE.c  
   3:.\Generated_Source\PSoC5/VinE.c **** * Version 1.90
   4:.\Generated_Source\PSoC5/VinE.c **** *
   5:.\Generated_Source\PSoC5/VinE.c **** * Description:
   6:.\Generated_Source\PSoC5/VinE.c **** *  This file contains API to enable firmware control of a Pins component.
   7:.\Generated_Source\PSoC5/VinE.c **** *
   8:.\Generated_Source\PSoC5/VinE.c **** * Note:
   9:.\Generated_Source\PSoC5/VinE.c **** *
  10:.\Generated_Source\PSoC5/VinE.c **** ********************************************************************************
  11:.\Generated_Source\PSoC5/VinE.c **** * Copyright 2008-2012, Cypress Semiconductor Corporation.  All rights reserved.
  12:.\Generated_Source\PSoC5/VinE.c **** * You may use this file only in accordance with the license, terms, conditions, 
  13:.\Generated_Source\PSoC5/VinE.c **** * disclaimers, and limitations in the end user license agreement accompanying 
  14:.\Generated_Source\PSoC5/VinE.c **** * the software package with which this file was provided.
  15:.\Generated_Source\PSoC5/VinE.c **** *******************************************************************************/
  16:.\Generated_Source\PSoC5/VinE.c **** 
  17:.\Generated_Source\PSoC5/VinE.c **** #include "cytypes.h"
  18:.\Generated_Source\PSoC5/VinE.c **** #include "VinE.h"
  19:.\Generated_Source\PSoC5/VinE.c **** 
  20:.\Generated_Source\PSoC5/VinE.c **** /* APIs are not generated for P15[7:6] on PSoC 5 */
  21:.\Generated_Source\PSoC5/VinE.c **** #if !(CY_PSOC5A &&\
  22:.\Generated_Source\PSoC5/VinE.c **** 	 VinE__PORT == 15 && ((VinE__MASK & 0xC0) != 0))
  23:.\Generated_Source\PSoC5/VinE.c **** 
  24:.\Generated_Source\PSoC5/VinE.c **** 
  25:.\Generated_Source\PSoC5/VinE.c **** /*******************************************************************************
  26:.\Generated_Source\PSoC5/VinE.c **** * Function Name: VinE_Write
  27:.\Generated_Source\PSoC5/VinE.c **** ********************************************************************************
  28:.\Generated_Source\PSoC5/VinE.c **** *
  29:.\Generated_Source\PSoC5/VinE.c **** * Summary:
  30:.\Generated_Source\PSoC5/VinE.c **** *  Assign a new value to the digital port's data output register.  
  31:.\Generated_Source\PSoC5/VinE.c **** *
ARM GAS  C:\Users\SCOTTC~1\AppData\Local\Temp\ccC1bJDY.s 			page 2


  32:.\Generated_Source\PSoC5/VinE.c **** * Parameters:  
  33:.\Generated_Source\PSoC5/VinE.c **** *  prtValue:  The value to be assigned to the Digital Port. 
  34:.\Generated_Source\PSoC5/VinE.c **** *
  35:.\Generated_Source\PSoC5/VinE.c **** * Return: 
  36:.\Generated_Source\PSoC5/VinE.c **** *  None
  37:.\Generated_Source\PSoC5/VinE.c **** *  
  38:.\Generated_Source\PSoC5/VinE.c **** *******************************************************************************/
  39:.\Generated_Source\PSoC5/VinE.c **** void VinE_Write(uint8 value) 
  40:.\Generated_Source\PSoC5/VinE.c **** {
  27              		.loc 1 40 0
  28              		.cfi_startproc
  29              		@ args = 0, pretend = 0, frame = 16
  30              		@ frame_needed = 1, uses_anonymous_args = 0
  31              		@ link register save eliminated.
  32 0000 80B4     		push	{r7}
  33              		.cfi_def_cfa_offset 4
  34              		.cfi_offset 7, -4
  35 0002 85B0     		sub	sp, sp, #20
  36              		.cfi_def_cfa_offset 24
  37 0004 00AF     		add	r7, sp, #0
  38              		.cfi_def_cfa_register 7
  39 0006 0346     		mov	r3, r0
  40 0008 FB71     		strb	r3, [r7, #7]
  41:.\Generated_Source\PSoC5/VinE.c ****     uint8 staticBits = (VinE_DR & (uint8)(~VinE_MASK));
  41              		.loc 1 41 0
  42 000a 0B4B     		ldr	r3, .L2
  43 000c 1B78     		ldrb	r3, [r3]
  44 000e DBB2     		uxtb	r3, r3
  45 0010 23F04003 		bic	r3, r3, #64
  46 0014 FB73     		strb	r3, [r7, #15]
  42:.\Generated_Source\PSoC5/VinE.c ****     VinE_DR = staticBits | ((uint8)(value << VinE_SHIFT) & VinE_MASK);
  47              		.loc 1 42 0
  48 0016 084B     		ldr	r3, .L2
  49 0018 FA79     		ldrb	r2, [r7, #7]
  50 001a 9201     		lsls	r2, r2, #6
  51 001c D2B2     		uxtb	r2, r2
  52 001e 02F04002 		and	r2, r2, #64
  53 0022 D1B2     		uxtb	r1, r2
  54 0024 FA7B     		ldrb	r2, [r7, #15]
  55 0026 0A43     		orrs	r2, r2, r1
  56 0028 D2B2     		uxtb	r2, r2
  57 002a 1A70     		strb	r2, [r3]
  43:.\Generated_Source\PSoC5/VinE.c **** }
  58              		.loc 1 43 0
  59 002c 1437     		adds	r7, r7, #20
  60 002e BD46     		mov	sp, r7
  61              		@ sp needed
  62 0030 5DF8047B 		ldr	r7, [sp], #4
  63 0034 7047     		bx	lr
  64              	.L3:
  65 0036 00BF     		.align	2
  66              	.L2:
  67 0038 00510040 		.word	1073762560
  68              		.cfi_endproc
  69              	.LFE0:
  70              		.size	VinE_Write, .-VinE_Write
  71              		.section	.text.VinE_SetDriveMode,"ax",%progbits
ARM GAS  C:\Users\SCOTTC~1\AppData\Local\Temp\ccC1bJDY.s 			page 3


  72              		.align	2
  73              		.global	VinE_SetDriveMode
  74              		.thumb
  75              		.thumb_func
  76              		.type	VinE_SetDriveMode, %function
  77              	VinE_SetDriveMode:
  78              	.LFB1:
  44:.\Generated_Source\PSoC5/VinE.c **** 
  45:.\Generated_Source\PSoC5/VinE.c **** 
  46:.\Generated_Source\PSoC5/VinE.c **** /*******************************************************************************
  47:.\Generated_Source\PSoC5/VinE.c **** * Function Name: VinE_SetDriveMode
  48:.\Generated_Source\PSoC5/VinE.c **** ********************************************************************************
  49:.\Generated_Source\PSoC5/VinE.c **** *
  50:.\Generated_Source\PSoC5/VinE.c **** * Summary:
  51:.\Generated_Source\PSoC5/VinE.c **** *  Change the drive mode on the pins of the port.
  52:.\Generated_Source\PSoC5/VinE.c **** * 
  53:.\Generated_Source\PSoC5/VinE.c **** * Parameters:  
  54:.\Generated_Source\PSoC5/VinE.c **** *  mode:  Change the pins to this drive mode.
  55:.\Generated_Source\PSoC5/VinE.c **** *
  56:.\Generated_Source\PSoC5/VinE.c **** * Return: 
  57:.\Generated_Source\PSoC5/VinE.c **** *  None
  58:.\Generated_Source\PSoC5/VinE.c **** *
  59:.\Generated_Source\PSoC5/VinE.c **** *******************************************************************************/
  60:.\Generated_Source\PSoC5/VinE.c **** void VinE_SetDriveMode(uint8 mode) 
  61:.\Generated_Source\PSoC5/VinE.c **** {
  79              		.loc 1 61 0
  80              		.cfi_startproc
  81              		@ args = 0, pretend = 0, frame = 8
  82              		@ frame_needed = 1, uses_anonymous_args = 0
  83              		@ link register save eliminated.
  84 0000 80B4     		push	{r7}
  85              		.cfi_def_cfa_offset 4
  86              		.cfi_offset 7, -4
  87 0002 83B0     		sub	sp, sp, #12
  88              		.cfi_def_cfa_offset 16
  89 0004 00AF     		add	r7, sp, #0
  90              		.cfi_def_cfa_register 7
  91 0006 0346     		mov	r3, r0
  92 0008 FB71     		strb	r3, [r7, #7]
  62:.\Generated_Source\PSoC5/VinE.c **** 	CyPins_SetPinDriveMode(VinE_0, mode);
  93              		.loc 1 62 0
  94 000a 0A4B     		ldr	r3, .L5
  95 000c 094A     		ldr	r2, .L5
  96 000e 1278     		ldrb	r2, [r2]
  97 0010 D2B2     		uxtb	r2, r2
  98 0012 D2B2     		uxtb	r2, r2
  99 0014 22F00E02 		bic	r2, r2, #14
 100 0018 D1B2     		uxtb	r1, r2
 101 001a FA79     		ldrb	r2, [r7, #7]	@ zero_extendqisi2
 102 001c 02F00E02 		and	r2, r2, #14
 103 0020 D2B2     		uxtb	r2, r2
 104 0022 0A43     		orrs	r2, r2, r1
 105 0024 D2B2     		uxtb	r2, r2
 106 0026 D2B2     		uxtb	r2, r2
 107 0028 1A70     		strb	r2, [r3]
  63:.\Generated_Source\PSoC5/VinE.c **** }
 108              		.loc 1 63 0
ARM GAS  C:\Users\SCOTTC~1\AppData\Local\Temp\ccC1bJDY.s 			page 4


 109 002a 0C37     		adds	r7, r7, #12
 110 002c BD46     		mov	sp, r7
 111              		@ sp needed
 112 002e 5DF8047B 		ldr	r7, [sp], #4
 113 0032 7047     		bx	lr
 114              	.L6:
 115              		.align	2
 116              	.L5:
 117 0034 06500040 		.word	1073762310
 118              		.cfi_endproc
 119              	.LFE1:
 120              		.size	VinE_SetDriveMode, .-VinE_SetDriveMode
 121              		.section	.text.VinE_Read,"ax",%progbits
 122              		.align	2
 123              		.global	VinE_Read
 124              		.thumb
 125              		.thumb_func
 126              		.type	VinE_Read, %function
 127              	VinE_Read:
 128              	.LFB2:
  64:.\Generated_Source\PSoC5/VinE.c **** 
  65:.\Generated_Source\PSoC5/VinE.c **** 
  66:.\Generated_Source\PSoC5/VinE.c **** /*******************************************************************************
  67:.\Generated_Source\PSoC5/VinE.c **** * Function Name: VinE_Read
  68:.\Generated_Source\PSoC5/VinE.c **** ********************************************************************************
  69:.\Generated_Source\PSoC5/VinE.c **** *
  70:.\Generated_Source\PSoC5/VinE.c **** * Summary:
  71:.\Generated_Source\PSoC5/VinE.c **** *  Read the current value on the pins of the Digital Port in right justified 
  72:.\Generated_Source\PSoC5/VinE.c **** *  form.
  73:.\Generated_Source\PSoC5/VinE.c **** *
  74:.\Generated_Source\PSoC5/VinE.c **** * Parameters:  
  75:.\Generated_Source\PSoC5/VinE.c **** *  None
  76:.\Generated_Source\PSoC5/VinE.c **** *
  77:.\Generated_Source\PSoC5/VinE.c **** * Return: 
  78:.\Generated_Source\PSoC5/VinE.c **** *  Returns the current value of the Digital Port as a right justified number
  79:.\Generated_Source\PSoC5/VinE.c **** *  
  80:.\Generated_Source\PSoC5/VinE.c **** * Note:
  81:.\Generated_Source\PSoC5/VinE.c **** *  Macro VinE_ReadPS calls this function. 
  82:.\Generated_Source\PSoC5/VinE.c **** *  
  83:.\Generated_Source\PSoC5/VinE.c **** *******************************************************************************/
  84:.\Generated_Source\PSoC5/VinE.c **** uint8 VinE_Read(void) 
  85:.\Generated_Source\PSoC5/VinE.c **** {
 129              		.loc 1 85 0
 130              		.cfi_startproc
 131              		@ args = 0, pretend = 0, frame = 0
 132              		@ frame_needed = 1, uses_anonymous_args = 0
 133              		@ link register save eliminated.
 134 0000 80B4     		push	{r7}
 135              		.cfi_def_cfa_offset 4
 136              		.cfi_offset 7, -4
 137 0002 00AF     		add	r7, sp, #0
 138              		.cfi_def_cfa_register 7
  86:.\Generated_Source\PSoC5/VinE.c ****     return (VinE_PS & VinE_MASK) >> VinE_SHIFT;
 139              		.loc 1 86 0
 140 0004 054B     		ldr	r3, .L9
 141 0006 1B78     		ldrb	r3, [r3]
 142 0008 DBB2     		uxtb	r3, r3
ARM GAS  C:\Users\SCOTTC~1\AppData\Local\Temp\ccC1bJDY.s 			page 5


 143 000a 03F04003 		and	r3, r3, #64
 144 000e 9B09     		lsrs	r3, r3, #6
 145 0010 DBB2     		uxtb	r3, r3
  87:.\Generated_Source\PSoC5/VinE.c **** }
 146              		.loc 1 87 0
 147 0012 1846     		mov	r0, r3
 148 0014 BD46     		mov	sp, r7
 149              		@ sp needed
 150 0016 5DF8047B 		ldr	r7, [sp], #4
 151 001a 7047     		bx	lr
 152              	.L10:
 153              		.align	2
 154              	.L9:
 155 001c 01510040 		.word	1073762561
 156              		.cfi_endproc
 157              	.LFE2:
 158              		.size	VinE_Read, .-VinE_Read
 159              		.section	.text.VinE_ReadDataReg,"ax",%progbits
 160              		.align	2
 161              		.global	VinE_ReadDataReg
 162              		.thumb
 163              		.thumb_func
 164              		.type	VinE_ReadDataReg, %function
 165              	VinE_ReadDataReg:
 166              	.LFB3:
  88:.\Generated_Source\PSoC5/VinE.c **** 
  89:.\Generated_Source\PSoC5/VinE.c **** 
  90:.\Generated_Source\PSoC5/VinE.c **** /*******************************************************************************
  91:.\Generated_Source\PSoC5/VinE.c **** * Function Name: VinE_ReadDataReg
  92:.\Generated_Source\PSoC5/VinE.c **** ********************************************************************************
  93:.\Generated_Source\PSoC5/VinE.c **** *
  94:.\Generated_Source\PSoC5/VinE.c **** * Summary:
  95:.\Generated_Source\PSoC5/VinE.c **** *  Read the current value assigned to a Digital Port's data output register
  96:.\Generated_Source\PSoC5/VinE.c **** *
  97:.\Generated_Source\PSoC5/VinE.c **** * Parameters:  
  98:.\Generated_Source\PSoC5/VinE.c **** *  None 
  99:.\Generated_Source\PSoC5/VinE.c **** *
 100:.\Generated_Source\PSoC5/VinE.c **** * Return: 
 101:.\Generated_Source\PSoC5/VinE.c **** *  Returns the current value assigned to the Digital Port's data output register
 102:.\Generated_Source\PSoC5/VinE.c **** *  
 103:.\Generated_Source\PSoC5/VinE.c **** *******************************************************************************/
 104:.\Generated_Source\PSoC5/VinE.c **** uint8 VinE_ReadDataReg(void) 
 105:.\Generated_Source\PSoC5/VinE.c **** {
 167              		.loc 1 105 0
 168              		.cfi_startproc
 169              		@ args = 0, pretend = 0, frame = 0
 170              		@ frame_needed = 1, uses_anonymous_args = 0
 171              		@ link register save eliminated.
 172 0000 80B4     		push	{r7}
 173              		.cfi_def_cfa_offset 4
 174              		.cfi_offset 7, -4
 175 0002 00AF     		add	r7, sp, #0
 176              		.cfi_def_cfa_register 7
 106:.\Generated_Source\PSoC5/VinE.c ****     return (VinE_DR & VinE_MASK) >> VinE_SHIFT;
 177              		.loc 1 106 0
 178 0004 054B     		ldr	r3, .L13
 179 0006 1B78     		ldrb	r3, [r3]
ARM GAS  C:\Users\SCOTTC~1\AppData\Local\Temp\ccC1bJDY.s 			page 6


 180 0008 DBB2     		uxtb	r3, r3
 181 000a 03F04003 		and	r3, r3, #64
 182 000e 9B09     		lsrs	r3, r3, #6
 183 0010 DBB2     		uxtb	r3, r3
 107:.\Generated_Source\PSoC5/VinE.c **** }
 184              		.loc 1 107 0
 185 0012 1846     		mov	r0, r3
 186 0014 BD46     		mov	sp, r7
 187              		@ sp needed
 188 0016 5DF8047B 		ldr	r7, [sp], #4
 189 001a 7047     		bx	lr
 190              	.L14:
 191              		.align	2
 192              	.L13:
 193 001c 00510040 		.word	1073762560
 194              		.cfi_endproc
 195              	.LFE3:
 196              		.size	VinE_ReadDataReg, .-VinE_ReadDataReg
 197              		.text
 198              	.Letext0:
 199              		.file 2 ".\\Generated_Source\\PSoC5\\cytypes.h"
 200              		.section	.debug_info,"",%progbits
 201              	.Ldebug_info0:
 202 0000 18010000 		.4byte	0x118
 203 0004 0400     		.2byte	0x4
 204 0006 00000000 		.4byte	.Ldebug_abbrev0
 205 000a 04       		.byte	0x4
 206 000b 01       		.uleb128 0x1
 207 000c 36010000 		.4byte	.LASF20
 208 0010 01       		.byte	0x1
 209 0011 76000000 		.4byte	.LASF21
 210 0015 00000000 		.4byte	.LASF22
 211 0019 00000000 		.4byte	.Ldebug_ranges0+0
 212 001d 00000000 		.4byte	0
 213 0021 00000000 		.4byte	.Ldebug_line0
 214 0025 02       		.uleb128 0x2
 215 0026 01       		.byte	0x1
 216 0027 06       		.byte	0x6
 217 0028 DE010000 		.4byte	.LASF0
 218 002c 02       		.uleb128 0x2
 219 002d 01       		.byte	0x1
 220 002e 08       		.byte	0x8
 221 002f A7000000 		.4byte	.LASF1
 222 0033 02       		.uleb128 0x2
 223 0034 02       		.byte	0x2
 224 0035 05       		.byte	0x5
 225 0036 C5010000 		.4byte	.LASF2
 226 003a 02       		.uleb128 0x2
 227 003b 02       		.byte	0x2
 228 003c 07       		.byte	0x7
 229 003d CC000000 		.4byte	.LASF3
 230 0041 02       		.uleb128 0x2
 231 0042 04       		.byte	0x4
 232 0043 05       		.byte	0x5
 233 0044 D5010000 		.4byte	.LASF4
 234 0048 02       		.uleb128 0x2
 235 0049 04       		.byte	0x4
ARM GAS  C:\Users\SCOTTC~1\AppData\Local\Temp\ccC1bJDY.s 			page 7


 236 004a 07       		.byte	0x7
 237 004b BA000000 		.4byte	.LASF5
 238 004f 02       		.uleb128 0x2
 239 0050 08       		.byte	0x8
 240 0051 05       		.byte	0x5
 241 0052 B2010000 		.4byte	.LASF6
 242 0056 02       		.uleb128 0x2
 243 0057 08       		.byte	0x8
 244 0058 07       		.byte	0x7
 245 0059 1A010000 		.4byte	.LASF7
 246 005d 03       		.uleb128 0x3
 247 005e 04       		.byte	0x4
 248 005f 05       		.byte	0x5
 249 0060 696E7400 		.ascii	"int\000"
 250 0064 02       		.uleb128 0x2
 251 0065 04       		.byte	0x4
 252 0066 07       		.byte	0x7
 253 0067 0D010000 		.4byte	.LASF8
 254 006b 04       		.uleb128 0x4
 255 006c CF010000 		.4byte	.LASF12
 256 0070 02       		.byte	0x2
 257 0071 5B       		.byte	0x5b
 258 0072 2C000000 		.4byte	0x2c
 259 0076 02       		.uleb128 0x2
 260 0077 04       		.byte	0x4
 261 0078 04       		.byte	0x4
 262 0079 A1000000 		.4byte	.LASF9
 263 007d 02       		.uleb128 0x2
 264 007e 08       		.byte	0x8
 265 007f 04       		.byte	0x4
 266 0080 F4000000 		.4byte	.LASF10
 267 0084 02       		.uleb128 0x2
 268 0085 01       		.byte	0x1
 269 0086 08       		.byte	0x8
 270 0087 C0010000 		.4byte	.LASF11
 271 008b 04       		.uleb128 0x4
 272 008c B5000000 		.4byte	.LASF13
 273 0090 02       		.byte	0x2
 274 0091 F0       		.byte	0xf0
 275 0092 96000000 		.4byte	0x96
 276 0096 05       		.uleb128 0x5
 277 0097 6B000000 		.4byte	0x6b
 278 009b 06       		.uleb128 0x6
 279 009c DF000000 		.4byte	.LASF14
 280 00a0 01       		.byte	0x1
 281 00a1 27       		.byte	0x27
 282 00a2 00000000 		.4byte	.LFB0
 283 00a6 3C000000 		.4byte	.LFE0-.LFB0
 284 00aa 01       		.uleb128 0x1
 285 00ab 9C       		.byte	0x9c
 286 00ac CD000000 		.4byte	0xcd
 287 00b0 07       		.uleb128 0x7
 288 00b1 70000000 		.4byte	.LASF16
 289 00b5 01       		.byte	0x1
 290 00b6 27       		.byte	0x27
 291 00b7 6B000000 		.4byte	0x6b
 292 00bb 02       		.uleb128 0x2
ARM GAS  C:\Users\SCOTTC~1\AppData\Local\Temp\ccC1bJDY.s 			page 8


 293 00bc 91       		.byte	0x91
 294 00bd 6F       		.sleb128 -17
 295 00be 08       		.uleb128 0x8
 296 00bf 96000000 		.4byte	.LASF23
 297 00c3 01       		.byte	0x1
 298 00c4 29       		.byte	0x29
 299 00c5 6B000000 		.4byte	0x6b
 300 00c9 02       		.uleb128 0x2
 301 00ca 91       		.byte	0x91
 302 00cb 77       		.sleb128 -9
 303 00cc 00       		.byte	0
 304 00cd 06       		.uleb128 0x6
 305 00ce FB000000 		.4byte	.LASF15
 306 00d2 01       		.byte	0x1
 307 00d3 3C       		.byte	0x3c
 308 00d4 00000000 		.4byte	.LFB1
 309 00d8 38000000 		.4byte	.LFE1-.LFB1
 310 00dc 01       		.uleb128 0x1
 311 00dd 9C       		.byte	0x9c
 312 00de F1000000 		.4byte	0xf1
 313 00e2 07       		.uleb128 0x7
 314 00e3 31010000 		.4byte	.LASF17
 315 00e7 01       		.byte	0x1
 316 00e8 3C       		.byte	0x3c
 317 00e9 6B000000 		.4byte	0x6b
 318 00ed 02       		.uleb128 0x2
 319 00ee 91       		.byte	0x91
 320 00ef 77       		.sleb128 -9
 321 00f0 00       		.byte	0
 322 00f1 09       		.uleb128 0x9
 323 00f2 EA000000 		.4byte	.LASF18
 324 00f6 01       		.byte	0x1
 325 00f7 54       		.byte	0x54
 326 00f8 6B000000 		.4byte	0x6b
 327 00fc 00000000 		.4byte	.LFB2
 328 0100 20000000 		.4byte	.LFE2-.LFB2
 329 0104 01       		.uleb128 0x1
 330 0105 9C       		.byte	0x9c
 331 0106 09       		.uleb128 0x9
 332 0107 5F000000 		.4byte	.LASF19
 333 010b 01       		.byte	0x1
 334 010c 68       		.byte	0x68
 335 010d 6B000000 		.4byte	0x6b
 336 0111 00000000 		.4byte	.LFB3
 337 0115 20000000 		.4byte	.LFE3-.LFB3
 338 0119 01       		.uleb128 0x1
 339 011a 9C       		.byte	0x9c
 340 011b 00       		.byte	0
 341              		.section	.debug_abbrev,"",%progbits
 342              	.Ldebug_abbrev0:
 343 0000 01       		.uleb128 0x1
 344 0001 11       		.uleb128 0x11
 345 0002 01       		.byte	0x1
 346 0003 25       		.uleb128 0x25
 347 0004 0E       		.uleb128 0xe
 348 0005 13       		.uleb128 0x13
 349 0006 0B       		.uleb128 0xb
ARM GAS  C:\Users\SCOTTC~1\AppData\Local\Temp\ccC1bJDY.s 			page 9


 350 0007 03       		.uleb128 0x3
 351 0008 0E       		.uleb128 0xe
 352 0009 1B       		.uleb128 0x1b
 353 000a 0E       		.uleb128 0xe
 354 000b 55       		.uleb128 0x55
 355 000c 17       		.uleb128 0x17
 356 000d 11       		.uleb128 0x11
 357 000e 01       		.uleb128 0x1
 358 000f 10       		.uleb128 0x10
 359 0010 17       		.uleb128 0x17
 360 0011 00       		.byte	0
 361 0012 00       		.byte	0
 362 0013 02       		.uleb128 0x2
 363 0014 24       		.uleb128 0x24
 364 0015 00       		.byte	0
 365 0016 0B       		.uleb128 0xb
 366 0017 0B       		.uleb128 0xb
 367 0018 3E       		.uleb128 0x3e
 368 0019 0B       		.uleb128 0xb
 369 001a 03       		.uleb128 0x3
 370 001b 0E       		.uleb128 0xe
 371 001c 00       		.byte	0
 372 001d 00       		.byte	0
 373 001e 03       		.uleb128 0x3
 374 001f 24       		.uleb128 0x24
 375 0020 00       		.byte	0
 376 0021 0B       		.uleb128 0xb
 377 0022 0B       		.uleb128 0xb
 378 0023 3E       		.uleb128 0x3e
 379 0024 0B       		.uleb128 0xb
 380 0025 03       		.uleb128 0x3
 381 0026 08       		.uleb128 0x8
 382 0027 00       		.byte	0
 383 0028 00       		.byte	0
 384 0029 04       		.uleb128 0x4
 385 002a 16       		.uleb128 0x16
 386 002b 00       		.byte	0
 387 002c 03       		.uleb128 0x3
 388 002d 0E       		.uleb128 0xe
 389 002e 3A       		.uleb128 0x3a
 390 002f 0B       		.uleb128 0xb
 391 0030 3B       		.uleb128 0x3b
 392 0031 0B       		.uleb128 0xb
 393 0032 49       		.uleb128 0x49
 394 0033 13       		.uleb128 0x13
 395 0034 00       		.byte	0
 396 0035 00       		.byte	0
 397 0036 05       		.uleb128 0x5
 398 0037 35       		.uleb128 0x35
 399 0038 00       		.byte	0
 400 0039 49       		.uleb128 0x49
 401 003a 13       		.uleb128 0x13
 402 003b 00       		.byte	0
 403 003c 00       		.byte	0
 404 003d 06       		.uleb128 0x6
 405 003e 2E       		.uleb128 0x2e
 406 003f 01       		.byte	0x1
ARM GAS  C:\Users\SCOTTC~1\AppData\Local\Temp\ccC1bJDY.s 			page 10


 407 0040 3F       		.uleb128 0x3f
 408 0041 19       		.uleb128 0x19
 409 0042 03       		.uleb128 0x3
 410 0043 0E       		.uleb128 0xe
 411 0044 3A       		.uleb128 0x3a
 412 0045 0B       		.uleb128 0xb
 413 0046 3B       		.uleb128 0x3b
 414 0047 0B       		.uleb128 0xb
 415 0048 27       		.uleb128 0x27
 416 0049 19       		.uleb128 0x19
 417 004a 11       		.uleb128 0x11
 418 004b 01       		.uleb128 0x1
 419 004c 12       		.uleb128 0x12
 420 004d 06       		.uleb128 0x6
 421 004e 40       		.uleb128 0x40
 422 004f 18       		.uleb128 0x18
 423 0050 9742     		.uleb128 0x2117
 424 0052 19       		.uleb128 0x19
 425 0053 01       		.uleb128 0x1
 426 0054 13       		.uleb128 0x13
 427 0055 00       		.byte	0
 428 0056 00       		.byte	0
 429 0057 07       		.uleb128 0x7
 430 0058 05       		.uleb128 0x5
 431 0059 00       		.byte	0
 432 005a 03       		.uleb128 0x3
 433 005b 0E       		.uleb128 0xe
 434 005c 3A       		.uleb128 0x3a
 435 005d 0B       		.uleb128 0xb
 436 005e 3B       		.uleb128 0x3b
 437 005f 0B       		.uleb128 0xb
 438 0060 49       		.uleb128 0x49
 439 0061 13       		.uleb128 0x13
 440 0062 02       		.uleb128 0x2
 441 0063 18       		.uleb128 0x18
 442 0064 00       		.byte	0
 443 0065 00       		.byte	0
 444 0066 08       		.uleb128 0x8
 445 0067 34       		.uleb128 0x34
 446 0068 00       		.byte	0
 447 0069 03       		.uleb128 0x3
 448 006a 0E       		.uleb128 0xe
 449 006b 3A       		.uleb128 0x3a
 450 006c 0B       		.uleb128 0xb
 451 006d 3B       		.uleb128 0x3b
 452 006e 0B       		.uleb128 0xb
 453 006f 49       		.uleb128 0x49
 454 0070 13       		.uleb128 0x13
 455 0071 02       		.uleb128 0x2
 456 0072 18       		.uleb128 0x18
 457 0073 00       		.byte	0
 458 0074 00       		.byte	0
 459 0075 09       		.uleb128 0x9
 460 0076 2E       		.uleb128 0x2e
 461 0077 00       		.byte	0
 462 0078 3F       		.uleb128 0x3f
 463 0079 19       		.uleb128 0x19
ARM GAS  C:\Users\SCOTTC~1\AppData\Local\Temp\ccC1bJDY.s 			page 11


 464 007a 03       		.uleb128 0x3
 465 007b 0E       		.uleb128 0xe
 466 007c 3A       		.uleb128 0x3a
 467 007d 0B       		.uleb128 0xb
 468 007e 3B       		.uleb128 0x3b
 469 007f 0B       		.uleb128 0xb
 470 0080 27       		.uleb128 0x27
 471 0081 19       		.uleb128 0x19
 472 0082 49       		.uleb128 0x49
 473 0083 13       		.uleb128 0x13
 474 0084 11       		.uleb128 0x11
 475 0085 01       		.uleb128 0x1
 476 0086 12       		.uleb128 0x12
 477 0087 06       		.uleb128 0x6
 478 0088 40       		.uleb128 0x40
 479 0089 18       		.uleb128 0x18
 480 008a 9742     		.uleb128 0x2117
 481 008c 19       		.uleb128 0x19
 482 008d 00       		.byte	0
 483 008e 00       		.byte	0
 484 008f 00       		.byte	0
 485              		.section	.debug_aranges,"",%progbits
 486 0000 34000000 		.4byte	0x34
 487 0004 0200     		.2byte	0x2
 488 0006 00000000 		.4byte	.Ldebug_info0
 489 000a 04       		.byte	0x4
 490 000b 00       		.byte	0
 491 000c 0000     		.2byte	0
 492 000e 0000     		.2byte	0
 493 0010 00000000 		.4byte	.LFB0
 494 0014 3C000000 		.4byte	.LFE0-.LFB0
 495 0018 00000000 		.4byte	.LFB1
 496 001c 38000000 		.4byte	.LFE1-.LFB1
 497 0020 00000000 		.4byte	.LFB2
 498 0024 20000000 		.4byte	.LFE2-.LFB2
 499 0028 00000000 		.4byte	.LFB3
 500 002c 20000000 		.4byte	.LFE3-.LFB3
 501 0030 00000000 		.4byte	0
 502 0034 00000000 		.4byte	0
 503              		.section	.debug_ranges,"",%progbits
 504              	.Ldebug_ranges0:
 505 0000 00000000 		.4byte	.LFB0
 506 0004 3C000000 		.4byte	.LFE0
 507 0008 00000000 		.4byte	.LFB1
 508 000c 38000000 		.4byte	.LFE1
 509 0010 00000000 		.4byte	.LFB2
 510 0014 20000000 		.4byte	.LFE2
 511 0018 00000000 		.4byte	.LFB3
 512 001c 20000000 		.4byte	.LFE3
 513 0020 00000000 		.4byte	0
 514 0024 00000000 		.4byte	0
 515              		.section	.debug_line,"",%progbits
 516              	.Ldebug_line0:
 517 0000 90000000 		.section	.debug_str,"MS",%progbits,1
 517      02004300 
 517      00000201 
 517      FB0E0D00 
ARM GAS  C:\Users\SCOTTC~1\AppData\Local\Temp\ccC1bJDY.s 			page 12


 517      01010101 
 518              	.LASF22:
 519 0000 5C5C766D 		.ascii	"\\\\vmware-host\\Shared Folders\\scottcarlson On My"
 519      77617265 
 519      2D686F73 
 519      745C5368 
 519      61726564 
 520 002f 204D6163 		.ascii	" Mac\\Downloads\\DelSig_16Channel-20bit-DMA.cydsn\000"
 520      5C446F77 
 520      6E6C6F61 
 520      64735C44 
 520      656C5369 
 521              	.LASF19:
 522 005f 56696E45 		.ascii	"VinE_ReadDataReg\000"
 522      5F526561 
 522      64446174 
 522      61526567 
 522      00
 523              	.LASF16:
 524 0070 76616C75 		.ascii	"value\000"
 524      6500
 525              	.LASF21:
 526 0076 2E5C4765 		.ascii	".\\Generated_Source\\PSoC5\\VinE.c\000"
 526      6E657261 
 526      7465645F 
 526      536F7572 
 526      63655C50 
 527              	.LASF23:
 528 0096 73746174 		.ascii	"staticBits\000"
 528      69634269 
 528      747300
 529              	.LASF9:
 530 00a1 666C6F61 		.ascii	"float\000"
 530      7400
 531              	.LASF1:
 532 00a7 756E7369 		.ascii	"unsigned char\000"
 532      676E6564 
 532      20636861 
 532      7200
 533              	.LASF13:
 534 00b5 72656738 		.ascii	"reg8\000"
 534      00
 535              	.LASF5:
 536 00ba 6C6F6E67 		.ascii	"long unsigned int\000"
 536      20756E73 
 536      69676E65 
 536      6420696E 
 536      7400
 537              	.LASF3:
 538 00cc 73686F72 		.ascii	"short unsigned int\000"
 538      7420756E 
 538      7369676E 
 538      65642069 
 538      6E7400
 539              	.LASF14:
 540 00df 56696E45 		.ascii	"VinE_Write\000"
 540      5F577269 
ARM GAS  C:\Users\SCOTTC~1\AppData\Local\Temp\ccC1bJDY.s 			page 13


 540      746500
 541              	.LASF18:
 542 00ea 56696E45 		.ascii	"VinE_Read\000"
 542      5F526561 
 542      6400
 543              	.LASF10:
 544 00f4 646F7562 		.ascii	"double\000"
 544      6C6500
 545              	.LASF15:
 546 00fb 56696E45 		.ascii	"VinE_SetDriveMode\000"
 546      5F536574 
 546      44726976 
 546      654D6F64 
 546      6500
 547              	.LASF8:
 548 010d 756E7369 		.ascii	"unsigned int\000"
 548      676E6564 
 548      20696E74 
 548      00
 549              	.LASF7:
 550 011a 6C6F6E67 		.ascii	"long long unsigned int\000"
 550      206C6F6E 
 550      6720756E 
 550      7369676E 
 550      65642069 
 551              	.LASF17:
 552 0131 6D6F6465 		.ascii	"mode\000"
 552      00
 553              	.LASF20:
 554 0136 474E5520 		.ascii	"GNU C 4.8.4 20140526 (release) [ARM/embedded-4_8-br"
 554      4320342E 
 554      382E3420 
 554      32303134 
 554      30353236 
 555 0169 616E6368 		.ascii	"anch revision 211358] -mcpu=cortex-m3 -mthumb -g -O"
 555      20726576 
 555      6973696F 
 555      6E203231 
 555      31333538 
 556 019c 30202D66 		.ascii	"0 -ffunction-sections\000"
 556      66756E63 
 556      74696F6E 
 556      2D736563 
 556      74696F6E 
 557              	.LASF6:
 558 01b2 6C6F6E67 		.ascii	"long long int\000"
 558      206C6F6E 
 558      6720696E 
 558      7400
 559              	.LASF11:
 560 01c0 63686172 		.ascii	"char\000"
 560      00
 561              	.LASF2:
 562 01c5 73686F72 		.ascii	"short int\000"
 562      7420696E 
 562      7400
 563              	.LASF12:
ARM GAS  C:\Users\SCOTTC~1\AppData\Local\Temp\ccC1bJDY.s 			page 14


 564 01cf 75696E74 		.ascii	"uint8\000"
 564      3800
 565              	.LASF4:
 566 01d5 6C6F6E67 		.ascii	"long int\000"
 566      20696E74 
 566      00
 567              	.LASF0:
 568 01de 7369676E 		.ascii	"signed char\000"
 568      65642063 
 568      68617200 
 569              		.ident	"GCC: (GNU Tools for ARM Embedded Processors) 4.8.4 20140526 (release) [ARM/embedded-4_8-br
