ARM GAS  C:\Users\SCOTTC~1\AppData\Local\Temp\ccRw2UdB.s 			page 1


   1              		.syntax unified
   2              		.cpu cortex-m3
   3              		.fpu softvfp
   4              		.eabi_attribute 20, 1
   5              		.eabi_attribute 21, 1
   6              		.eabi_attribute 23, 3
   7              		.eabi_attribute 24, 1
   8              		.eabi_attribute 25, 1
   9              		.eabi_attribute 26, 1
  10              		.eabi_attribute 30, 6
  11              		.eabi_attribute 34, 1
  12              		.eabi_attribute 18, 4
  13              		.thumb
  14              		.file	"arm_fir_data.c"
  15              		.text
  16              	.Ltext0:
  17              		.cfi_sections	.debug_frame
  18              		.global	testInput_f32_1kHz_15kHz
  19              		.data
  20              		.align	2
  21              		.type	testInput_f32_1kHz_15kHz, %object
  22              		.size	testInput_f32_1kHz_15kHz, 1280
  23              	testInput_f32_1kHz_15kHz:
  24 0000 00000000 		.word	0
  25 0004 D9AB173F 		.word	1058515929
  26 0008 1504C2BD 		.word	-1111358443
  27 000c 15EF433E 		.word	1044639509
  28 0010 0000803F 		.word	1065353216
  29 0014 09B8D53E 		.word	1054193673
  30 0018 F304B53E 		.word	1052050675
  31 001c 72ADA03F 		.word	1067494770
  32 0020 D7B35D3F 		.word	1063105495
  33 0024 5E83EC3E 		.word	1055687518
  34 0028 B2E4A83F 		.word	1068033202
  35 002c 8D65973F 		.word	1066886541
  36 0030 0000003F 		.word	1056964608
  37 0034 8D65973F 		.word	1066886541
  38 0038 B2E4A83F 		.word	1068033202
  39 003c 5E83EC3E 		.word	1055687518
  40 0040 D7B35D3F 		.word	1063105495
  41 0044 72ADA03F 		.word	1067494770
  42 0048 F304B53E 		.word	1052050675
  43 004c 09B8D53E 		.word	1054193673
  44 0050 0000803F 		.word	1065353216
  45 0054 15EF433E 		.word	1044639509
  46 0058 1504C2BD 		.word	-1111358443
  47 005c D9AB173F 		.word	1058515929
  48 0060 00000080 		.word	-2147483648
  49 0064 D9AB17BF 		.word	-1088967719
  50 0068 1504C23D 		.word	1036125205
  51 006c 15EF43BE 		.word	-1102844139
  52 0070 000080BF 		.word	-1082130432
  53 0074 09B8D5BE 		.word	-1093289975
  54 0078 F304B5BE 		.word	-1095432973
  55 007c 72ADA0BF 		.word	-1079988878
  56 0080 D7B35DBF 		.word	-1084378153
  57 0084 5E83ECBE 		.word	-1091796130
ARM GAS  C:\Users\SCOTTC~1\AppData\Local\Temp\ccRw2UdB.s 			page 2


  58 0088 B2E4A8BF 		.word	-1079450446
  59 008c 8D6597BF 		.word	-1080597107
  60 0090 000000BF 		.word	-1090519040
  61 0094 8D6597BF 		.word	-1080597107
  62 0098 B2E4A8BF 		.word	-1079450446
  63 009c 5E83ECBE 		.word	-1091796130
  64 00a0 D7B35DBF 		.word	-1084378153
  65 00a4 72ADA0BF 		.word	-1079988878
  66 00a8 F304B5BE 		.word	-1095432973
  67 00ac 09B8D5BE 		.word	-1093289975
  68 00b0 000080BF 		.word	-1082130432
  69 00b4 15EF43BE 		.word	-1102844139
  70 00b8 1504C23D 		.word	1036125205
  71 00bc D9AB17BF 		.word	-1088967719
  72 00c0 00000000 		.word	0
  73 00c4 D9AB173F 		.word	1058515929
  74 00c8 1504C2BD 		.word	-1111358443
  75 00cc 15EF433E 		.word	1044639509
  76 00d0 0000803F 		.word	1065353216
  77 00d4 09B8D53E 		.word	1054193673
  78 00d8 F304B53E 		.word	1052050675
  79 00dc 72ADA03F 		.word	1067494770
  80 00e0 D7B35D3F 		.word	1063105495
  81 00e4 5E83EC3E 		.word	1055687518
  82 00e8 B2E4A83F 		.word	1068033202
  83 00ec 8D65973F 		.word	1066886541
  84 00f0 0000003F 		.word	1056964608
  85 00f4 8D65973F 		.word	1066886541
  86 00f8 B2E4A83F 		.word	1068033202
  87 00fc 5E83EC3E 		.word	1055687518
  88 0100 D7B35D3F 		.word	1063105495
  89 0104 72ADA03F 		.word	1067494770
  90 0108 F304B53E 		.word	1052050675
  91 010c 09B8D53E 		.word	1054193673
  92 0110 0000803F 		.word	1065353216
  93 0114 15EF433E 		.word	1044639509
  94 0118 1504C2BD 		.word	-1111358443
  95 011c D9AB173F 		.word	1058515929
  96 0120 00000000 		.word	0
  97 0124 D9AB17BF 		.word	-1088967719
  98 0128 1504C23D 		.word	1036125205
  99 012c 15EF43BE 		.word	-1102844139
 100 0130 000080BF 		.word	-1082130432
 101 0134 09B8D5BE 		.word	-1093289975
 102 0138 F304B5BE 		.word	-1095432973
 103 013c 72ADA0BF 		.word	-1079988878
 104 0140 D7B35DBF 		.word	-1084378153
 105 0144 5E83ECBE 		.word	-1091796130
 106 0148 B2E4A8BF 		.word	-1079450446
 107 014c 8D6597BF 		.word	-1080597107
 108 0150 000000BF 		.word	-1090519040
 109 0154 8D6597BF 		.word	-1080597107
 110 0158 B2E4A8BF 		.word	-1079450446
 111 015c 5E83ECBE 		.word	-1091796130
 112 0160 D7B35DBF 		.word	-1084378153
 113 0164 72ADA0BF 		.word	-1079988878
 114 0168 F304B5BE 		.word	-1095432973
ARM GAS  C:\Users\SCOTTC~1\AppData\Local\Temp\ccRw2UdB.s 			page 3


 115 016c 09B8D5BE 		.word	-1093289975
 116 0170 000080BF 		.word	-1082130432
 117 0174 15EF43BE 		.word	-1102844139
 118 0178 1504C23D 		.word	1036125205
 119 017c D9AB17BF 		.word	-1088967719
 120 0180 00000000 		.word	0
 121 0184 D9AB173F 		.word	1058515929
 122 0188 1504C2BD 		.word	-1111358443
 123 018c 15EF433E 		.word	1044639509
 124 0190 0000803F 		.word	1065353216
 125 0194 09B8D53E 		.word	1054193673
 126 0198 F304B53E 		.word	1052050675
 127 019c 72ADA03F 		.word	1067494770
 128 01a0 D7B35D3F 		.word	1063105495
 129 01a4 5E83EC3E 		.word	1055687518
 130 01a8 B2E4A83F 		.word	1068033202
 131 01ac 8D65973F 		.word	1066886541
 132 01b0 0000003F 		.word	1056964608
 133 01b4 8D65973F 		.word	1066886541
 134 01b8 B2E4A83F 		.word	1068033202
 135 01bc 5E83EC3E 		.word	1055687518
 136 01c0 D7B35D3F 		.word	1063105495
 137 01c4 72ADA03F 		.word	1067494770
 138 01c8 F304B53E 		.word	1052050675
 139 01cc 09B8D53E 		.word	1054193673
 140 01d0 0000803F 		.word	1065353216
 141 01d4 15EF433E 		.word	1044639509
 142 01d8 1504C2BD 		.word	-1111358443
 143 01dc D9AB173F 		.word	1058515929
 144 01e0 00000000 		.word	0
 145 01e4 D9AB17BF 		.word	-1088967719
 146 01e8 1504C23D 		.word	1036125205
 147 01ec 15EF43BE 		.word	-1102844139
 148 01f0 000080BF 		.word	-1082130432
 149 01f4 09B8D5BE 		.word	-1093289975
 150 01f8 F304B5BE 		.word	-1095432973
 151 01fc 72ADA0BF 		.word	-1079988878
 152 0200 D7B35DBF 		.word	-1084378153
 153 0204 5E83ECBE 		.word	-1091796130
 154 0208 B2E4A8BF 		.word	-1079450446
 155 020c 8D6597BF 		.word	-1080597107
 156 0210 000000BF 		.word	-1090519040
 157 0214 8D6597BF 		.word	-1080597107
 158 0218 B2E4A8BF 		.word	-1079450446
 159 021c 5E83ECBE 		.word	-1091796130
 160 0220 D7B35DBF 		.word	-1084378153
 161 0224 72ADA0BF 		.word	-1079988878
 162 0228 F304B5BE 		.word	-1095432973
 163 022c 09B8D5BE 		.word	-1093289975
 164 0230 000080BF 		.word	-1082130432
 165 0234 15EF43BE 		.word	-1102844139
 166 0238 1504C23D 		.word	1036125205
 167 023c D9AB17BF 		.word	-1088967719
 168 0240 00000080 		.word	-2147483648
 169 0244 D9AB173F 		.word	1058515929
 170 0248 1504C2BD 		.word	-1111358443
 171 024c 15EF433E 		.word	1044639509
ARM GAS  C:\Users\SCOTTC~1\AppData\Local\Temp\ccRw2UdB.s 			page 4


 172 0250 0000803F 		.word	1065353216
 173 0254 09B8D53E 		.word	1054193673
 174 0258 F304B53E 		.word	1052050675
 175 025c 72ADA03F 		.word	1067494770
 176 0260 D7B35D3F 		.word	1063105495
 177 0264 5E83EC3E 		.word	1055687518
 178 0268 B2E4A83F 		.word	1068033202
 179 026c 8D65973F 		.word	1066886541
 180 0270 0000003F 		.word	1056964608
 181 0274 8D65973F 		.word	1066886541
 182 0278 B2E4A83F 		.word	1068033202
 183 027c 5E83EC3E 		.word	1055687518
 184 0280 D7B35D3F 		.word	1063105495
 185 0284 72ADA03F 		.word	1067494770
 186 0288 F304B53E 		.word	1052050675
 187 028c 09B8D53E 		.word	1054193673
 188 0290 0000803F 		.word	1065353216
 189 0294 15EF433E 		.word	1044639509
 190 0298 1504C2BD 		.word	-1111358443
 191 029c D9AB173F 		.word	1058515929
 192 02a0 00000080 		.word	-2147483648
 193 02a4 D9AB17BF 		.word	-1088967719
 194 02a8 1504C23D 		.word	1036125205
 195 02ac 15EF43BE 		.word	-1102844139
 196 02b0 000080BF 		.word	-1082130432
 197 02b4 09B8D5BE 		.word	-1093289975
 198 02b8 F304B5BE 		.word	-1095432973
 199 02bc 72ADA0BF 		.word	-1079988878
 200 02c0 D7B35DBF 		.word	-1084378153
 201 02c4 5E83ECBE 		.word	-1091796130
 202 02c8 B2E4A8BF 		.word	-1079450446
 203 02cc 8D6597BF 		.word	-1080597107
 204 02d0 000000BF 		.word	-1090519040
 205 02d4 8D6597BF 		.word	-1080597107
 206 02d8 B2E4A8BF 		.word	-1079450446
 207 02dc 5E83ECBE 		.word	-1091796130
 208 02e0 D7B35DBF 		.word	-1084378153
 209 02e4 72ADA0BF 		.word	-1079988878
 210 02e8 F304B5BE 		.word	-1095432973
 211 02ec 09B8D5BE 		.word	-1093289975
 212 02f0 000080BF 		.word	-1082130432
 213 02f4 15EF43BE 		.word	-1102844139
 214 02f8 1504C23D 		.word	1036125205
 215 02fc D9AB17BF 		.word	-1088967719
 216 0300 00000000 		.word	0
 217 0304 D9AB173F 		.word	1058515929
 218 0308 1504C2BD 		.word	-1111358443
 219 030c 15EF433E 		.word	1044639509
 220 0310 0000803F 		.word	1065353216
 221 0314 09B8D53E 		.word	1054193673
 222 0318 F304B53E 		.word	1052050675
 223 031c 72ADA03F 		.word	1067494770
 224 0320 D7B35D3F 		.word	1063105495
 225 0324 5E83EC3E 		.word	1055687518
 226 0328 B2E4A83F 		.word	1068033202
 227 032c 8D65973F 		.word	1066886541
 228 0330 0000003F 		.word	1056964608
ARM GAS  C:\Users\SCOTTC~1\AppData\Local\Temp\ccRw2UdB.s 			page 5


 229 0334 8D65973F 		.word	1066886541
 230 0338 B2E4A83F 		.word	1068033202
 231 033c 5E83EC3E 		.word	1055687518
 232 0340 D7B35D3F 		.word	1063105495
 233 0344 72ADA03F 		.word	1067494770
 234 0348 F304B53E 		.word	1052050675
 235 034c 09B8D53E 		.word	1054193673
 236 0350 0000803F 		.word	1065353216
 237 0354 15EF433E 		.word	1044639509
 238 0358 1504C2BD 		.word	-1111358443
 239 035c D9AB173F 		.word	1058515929
 240 0360 00000000 		.word	0
 241 0364 D9AB17BF 		.word	-1088967719
 242 0368 1504C23D 		.word	1036125205
 243 036c 15EF43BE 		.word	-1102844139
 244 0370 000080BF 		.word	-1082130432
 245 0374 09B8D5BE 		.word	-1093289975
 246 0378 F304B5BE 		.word	-1095432973
 247 037c 72ADA0BF 		.word	-1079988878
 248 0380 D7B35DBF 		.word	-1084378153
 249 0384 5E83ECBE 		.word	-1091796130
 250 0388 B2E4A8BF 		.word	-1079450446
 251 038c 8D6597BF 		.word	-1080597107
 252 0390 000000BF 		.word	-1090519040
 253 0394 8D6597BF 		.word	-1080597107
 254 0398 B2E4A8BF 		.word	-1079450446
 255 039c 5E83ECBE 		.word	-1091796130
 256 03a0 D7B35DBF 		.word	-1084378153
 257 03a4 72ADA0BF 		.word	-1079988878
 258 03a8 F304B5BE 		.word	-1095432973
 259 03ac 09B8D5BE 		.word	-1093289975
 260 03b0 000080BF 		.word	-1082130432
 261 03b4 15EF43BE 		.word	-1102844139
 262 03b8 1504C23D 		.word	1036125205
 263 03bc D9AB17BF 		.word	-1088967719
 264 03c0 00000080 		.word	-2147483648
 265 03c4 D9AB173F 		.word	1058515929
 266 03c8 1504C2BD 		.word	-1111358443
 267 03cc 15EF433E 		.word	1044639509
 268 03d0 0000803F 		.word	1065353216
 269 03d4 09B8D53E 		.word	1054193673
 270 03d8 F304B53E 		.word	1052050675
 271 03dc 72ADA03F 		.word	1067494770
 272 03e0 D7B35D3F 		.word	1063105495
 273 03e4 5E83EC3E 		.word	1055687518
 274 03e8 B2E4A83F 		.word	1068033202
 275 03ec 8D65973F 		.word	1066886541
 276 03f0 0000003F 		.word	1056964608
 277 03f4 8D65973F 		.word	1066886541
 278 03f8 B2E4A83F 		.word	1068033202
 279 03fc 5E83EC3E 		.word	1055687518
 280 0400 D7B35D3F 		.word	1063105495
 281 0404 72ADA03F 		.word	1067494770
 282 0408 F304B53E 		.word	1052050675
 283 040c 09B8D53E 		.word	1054193673
 284 0410 0000803F 		.word	1065353216
 285 0414 15EF433E 		.word	1044639509
ARM GAS  C:\Users\SCOTTC~1\AppData\Local\Temp\ccRw2UdB.s 			page 6


 286 0418 1504C2BD 		.word	-1111358443
 287 041c D9AB173F 		.word	1058515929
 288 0420 00000000 		.word	0
 289 0424 D9AB17BF 		.word	-1088967719
 290 0428 1504C23D 		.word	1036125205
 291 042c 15EF43BE 		.word	-1102844139
 292 0430 000080BF 		.word	-1082130432
 293 0434 09B8D5BE 		.word	-1093289975
 294 0438 F304B5BE 		.word	-1095432973
 295 043c 72ADA0BF 		.word	-1079988878
 296 0440 D7B35DBF 		.word	-1084378153
 297 0444 5E83ECBE 		.word	-1091796130
 298 0448 B2E4A8BF 		.word	-1079450446
 299 044c 8D6597BF 		.word	-1080597107
 300 0450 000000BF 		.word	-1090519040
 301 0454 8D6597BF 		.word	-1080597107
 302 0458 B2E4A8BF 		.word	-1079450446
 303 045c 5E83ECBE 		.word	-1091796130
 304 0460 D7B35DBF 		.word	-1084378153
 305 0464 72ADA0BF 		.word	-1079988878
 306 0468 F304B5BE 		.word	-1095432973
 307 046c 09B8D5BE 		.word	-1093289975
 308 0470 000080BF 		.word	-1082130432
 309 0474 15EF43BE 		.word	-1102844139
 310 0478 1504C23D 		.word	1036125205
 311 047c D9AB17BF 		.word	-1088967719
 312 0480 00000080 		.word	-2147483648
 313 0484 D9AB173F 		.word	1058515929
 314 0488 1504C2BD 		.word	-1111358443
 315 048c 15EF433E 		.word	1044639509
 316 0490 0000803F 		.word	1065353216
 317 0494 09B8D53E 		.word	1054193673
 318 0498 F304B53E 		.word	1052050675
 319 049c 72ADA03F 		.word	1067494770
 320 04a0 D7B35D3F 		.word	1063105495
 321 04a4 5E83EC3E 		.word	1055687518
 322 04a8 B2E4A83F 		.word	1068033202
 323 04ac 8D65973F 		.word	1066886541
 324 04b0 0000003F 		.word	1056964608
 325 04b4 8D65973F 		.word	1066886541
 326 04b8 B2E4A83F 		.word	1068033202
 327 04bc 5E83EC3E 		.word	1055687518
 328 04c0 D7B35D3F 		.word	1063105495
 329 04c4 72ADA03F 		.word	1067494770
 330 04c8 F304B53E 		.word	1052050675
 331 04cc 09B8D53E 		.word	1054193673
 332 04d0 0000803F 		.word	1065353216
 333 04d4 15EF433E 		.word	1044639509
 334 04d8 1504C2BD 		.word	-1111358443
 335 04dc D9AB173F 		.word	1058515929
 336 04e0 00000000 		.word	0
 337 04e4 D9AB17BF 		.word	-1088967719
 338 04e8 1504C23D 		.word	1036125205
 339 04ec 15EF43BE 		.word	-1102844139
 340 04f0 000080BF 		.word	-1082130432
 341 04f4 09B8D5BE 		.word	-1093289975
 342 04f8 F304B5BE 		.word	-1095432973
ARM GAS  C:\Users\SCOTTC~1\AppData\Local\Temp\ccRw2UdB.s 			page 7


 343 04fc 72ADA0BF 		.word	-1079988878
 344              		.global	refOutput
 345              		.align	2
 346              		.type	refOutput, %object
 347              		.size	refOutput, 1280
 348              	refOutput:
 349 0500 00000000 		.word	0
 350 0504 80878DBA 		.word	-1165129856
 351 0508 E95C49BA 		.word	-1169597207
 352 050c EDEC4FB9 		.word	-1185944339
 353 0510 4A1F8738 		.word	948379466
 354 0514 A9AB083B 		.word	990423977
 355 0518 4AC6713B 		.word	997312074
 356 051c B6D3CF3A 		.word	986698678
 357 0520 E03B2CBB 		.word	-1154728992
 358 0524 F5BBF8BB 		.word	-1141326859
 359 0528 059C43BC 		.word	-1136419835
 360 052c 57FE0DBC 		.word	-1139933609
 361 0530 6CC9113C 		.word	1007798636
 362 0534 5159303D 		.word	1026578769
 363 0538 3A92C73D 		.word	1036489274
 364 053c B037323E 		.word	1043478448
 365 0540 DD49893E 		.word	1049184733
 366 0544 1EE2BF3E 		.word	1052762654
 367 0548 478AFA3E 		.word	1056606791
 368 054c E6371A3F 		.word	1058682854
 369 0550 2AB4343F 		.word	1060418602
 370 0554 5FFD4B3F 		.word	1061944671
 371 0558 89205F3F 		.word	1063198857
 372 055c 86836D3F 		.word	1064141702
 373 0560 27DD773F 		.word	1064820007
 374 0564 E2537E3F 		.word	1065243618
 375 0568 7E27803F 		.word	1065363326
 376 056c 1D1A7E3F 		.word	1065228829
 377 0570 EED8773F 		.word	1064818926
 378 0574 DAFA6C3F 		.word	1064106714
 379 0578 C32E5E3F 		.word	1063136963
 380 057c 75954B3F 		.word	1061918069
 381 0580 6660353F 		.word	1060462694
 382 0584 5E291C3F 		.word	1058810206
 383 0588 9453003F 		.word	1056986004
 384 058c 1152C43E 		.word	1053053457
 385 0590 92BB843E 		.word	1048886162
 386 0594 5C21063E 		.word	1040589148
 387 0598 00000080 		.word	-2147483648
 388 059c 5C2106BE 		.word	-1106894500
 389 05a0 92BB84BE 		.word	-1098597486
 390 05a4 1152C4BE 		.word	-1094430191
 391 05a8 945300BF 		.word	-1090497644
 392 05ac 5E291CBF 		.word	-1088673442
 393 05b0 666035BF 		.word	-1087020954
 394 05b4 75954BBF 		.word	-1085565579
 395 05b8 C32E5EBF 		.word	-1084346685
 396 05bc DAFA6CBF 		.word	-1083376934
 397 05c0 EED877BF 		.word	-1082664722
 398 05c4 E0607EBF 		.word	-1082236704
 399 05c8 AA4080BF 		.word	-1082113878
ARM GAS  C:\Users\SCOTTC~1\AppData\Local\Temp\ccRw2UdB.s 			page 8


 400 05cc E0607EBF 		.word	-1082236704
 401 05d0 EED877BF 		.word	-1082664722
 402 05d4 DAFA6CBF 		.word	-1083376934
 403 05d8 C32E5EBF 		.word	-1084346685
 404 05dc 75954BBF 		.word	-1085565579
 405 05e0 666035BF 		.word	-1087020954
 406 05e4 5E291CBF 		.word	-1088673442
 407 05e8 945300BF 		.word	-1090497644
 408 05ec 1152C4BE 		.word	-1094430191
 409 05f0 92BB84BE 		.word	-1098597486
 410 05f4 5C2106BE 		.word	-1106894500
 411 05f8 00000000 		.word	0
 412 05fc 5C21063E 		.word	1040589148
 413 0600 92BB843E 		.word	1048886162
 414 0604 1152C43E 		.word	1053053457
 415 0608 9453003F 		.word	1056986004
 416 060c 5E291C3F 		.word	1058810206
 417 0610 6660353F 		.word	1060462694
 418 0614 75954B3F 		.word	1061918069
 419 0618 C32E5E3F 		.word	1063136963
 420 061c DAFA6C3F 		.word	1064106714
 421 0620 EED8773F 		.word	1064818926
 422 0624 E0607E3F 		.word	1065246944
 423 0628 AA40803F 		.word	1065369770
 424 062c E0607E3F 		.word	1065246944
 425 0630 EED8773F 		.word	1064818926
 426 0634 DAFA6C3F 		.word	1064106714
 427 0638 C32E5E3F 		.word	1063136963
 428 063c 75954B3F 		.word	1061918069
 429 0640 6660353F 		.word	1060462694
 430 0644 5E291C3F 		.word	1058810206
 431 0648 9453003F 		.word	1056986004
 432 064c 1152C43E 		.word	1053053457
 433 0650 92BB843E 		.word	1048886162
 434 0654 5C21063E 		.word	1040589148
 435 0658 00000080 		.word	-2147483648
 436 065c 5C2106BE 		.word	-1106894500
 437 0660 92BB84BE 		.word	-1098597486
 438 0664 1152C4BE 		.word	-1094430191
 439 0668 945300BF 		.word	-1090497644
 440 066c 5E291CBF 		.word	-1088673442
 441 0670 666035BF 		.word	-1087020954
 442 0674 75954BBF 		.word	-1085565579
 443 0678 C32E5EBF 		.word	-1084346685
 444 067c DAFA6CBF 		.word	-1083376934
 445 0680 EED877BF 		.word	-1082664722
 446 0684 E0607EBF 		.word	-1082236704
 447 0688 AA4080BF 		.word	-1082113878
 448 068c E0607EBF 		.word	-1082236704
 449 0690 EED877BF 		.word	-1082664722
 450 0694 DAFA6CBF 		.word	-1083376934
 451 0698 C32E5EBF 		.word	-1084346685
 452 069c 75954BBF 		.word	-1085565579
 453 06a0 666035BF 		.word	-1087020954
 454 06a4 5E291CBF 		.word	-1088673442
 455 06a8 945300BF 		.word	-1090497644
 456 06ac 1152C4BE 		.word	-1094430191
ARM GAS  C:\Users\SCOTTC~1\AppData\Local\Temp\ccRw2UdB.s 			page 9


 457 06b0 92BB84BE 		.word	-1098597486
 458 06b4 5C2106BE 		.word	-1106894500
 459 06b8 00000000 		.word	0
 460 06bc 5C21063E 		.word	1040589148
 461 06c0 92BB843E 		.word	1048886162
 462 06c4 1152C43E 		.word	1053053457
 463 06c8 9453003F 		.word	1056986004
 464 06cc 5E291C3F 		.word	1058810206
 465 06d0 6660353F 		.word	1060462694
 466 06d4 75954B3F 		.word	1061918069
 467 06d8 C32E5E3F 		.word	1063136963
 468 06dc DAFA6C3F 		.word	1064106714
 469 06e0 EED8773F 		.word	1064818926
 470 06e4 E0607E3F 		.word	1065246944
 471 06e8 AA40803F 		.word	1065369770
 472 06ec E0607E3F 		.word	1065246944
 473 06f0 EED8773F 		.word	1064818926
 474 06f4 DAFA6C3F 		.word	1064106714
 475 06f8 C32E5E3F 		.word	1063136963
 476 06fc 75954B3F 		.word	1061918069
 477 0700 6660353F 		.word	1060462694
 478 0704 5E291C3F 		.word	1058810206
 479 0708 9453003F 		.word	1056986004
 480 070c 1152C43E 		.word	1053053457
 481 0710 92BB843E 		.word	1048886162
 482 0714 5C21063E 		.word	1040589148
 483 0718 00000080 		.word	-2147483648
 484 071c 5C2106BE 		.word	-1106894500
 485 0720 92BB84BE 		.word	-1098597486
 486 0724 1152C4BE 		.word	-1094430191
 487 0728 945300BF 		.word	-1090497644
 488 072c 5E291CBF 		.word	-1088673442
 489 0730 666035BF 		.word	-1087020954
 490 0734 75954BBF 		.word	-1085565579
 491 0738 C32E5EBF 		.word	-1084346685
 492 073c DAFA6CBF 		.word	-1083376934
 493 0740 EED877BF 		.word	-1082664722
 494 0744 E0607EBF 		.word	-1082236704
 495 0748 AA4080BF 		.word	-1082113878
 496 074c E0607EBF 		.word	-1082236704
 497 0750 EED877BF 		.word	-1082664722
 498 0754 DAFA6CBF 		.word	-1083376934
 499 0758 C32E5EBF 		.word	-1084346685
 500 075c 75954BBF 		.word	-1085565579
 501 0760 666035BF 		.word	-1087020954
 502 0764 5E291CBF 		.word	-1088673442
 503 0768 945300BF 		.word	-1090497644
 504 076c 1152C4BE 		.word	-1094430191
 505 0770 92BB84BE 		.word	-1098597486
 506 0774 5C2106BE 		.word	-1106894500
 507 0778 00000000 		.word	0
 508 077c 5C21063E 		.word	1040589148
 509 0780 92BB843E 		.word	1048886162
 510 0784 1152C43E 		.word	1053053457
 511 0788 9453003F 		.word	1056986004
 512 078c 5E291C3F 		.word	1058810206
 513 0790 6660353F 		.word	1060462694
ARM GAS  C:\Users\SCOTTC~1\AppData\Local\Temp\ccRw2UdB.s 			page 10


 514 0794 75954B3F 		.word	1061918069
 515 0798 C32E5E3F 		.word	1063136963
 516 079c DAFA6C3F 		.word	1064106714
 517 07a0 EED8773F 		.word	1064818926
 518 07a4 E0607E3F 		.word	1065246944
 519 07a8 AA40803F 		.word	1065369770
 520 07ac E0607E3F 		.word	1065246944
 521 07b0 EED8773F 		.word	1064818926
 522 07b4 DAFA6C3F 		.word	1064106714
 523 07b8 C32E5E3F 		.word	1063136963
 524 07bc 75954B3F 		.word	1061918069
 525 07c0 6660353F 		.word	1060462694
 526 07c4 5E291C3F 		.word	1058810206
 527 07c8 9453003F 		.word	1056986004
 528 07cc 1152C43E 		.word	1053053457
 529 07d0 92BB843E 		.word	1048886162
 530 07d4 5C21063E 		.word	1040589148
 531 07d8 00000000 		.word	0
 532 07dc 5C2106BE 		.word	-1106894500
 533 07e0 92BB84BE 		.word	-1098597486
 534 07e4 1152C4BE 		.word	-1094430191
 535 07e8 945300BF 		.word	-1090497644
 536 07ec 5E291CBF 		.word	-1088673442
 537 07f0 666035BF 		.word	-1087020954
 538 07f4 75954BBF 		.word	-1085565579
 539 07f8 C32E5EBF 		.word	-1084346685
 540 07fc DAFA6CBF 		.word	-1083376934
 541 0800 EED877BF 		.word	-1082664722
 542 0804 E0607EBF 		.word	-1082236704
 543 0808 AA4080BF 		.word	-1082113878
 544 080c E0607EBF 		.word	-1082236704
 545 0810 EED877BF 		.word	-1082664722
 546 0814 DAFA6CBF 		.word	-1083376934
 547 0818 C32E5EBF 		.word	-1084346685
 548 081c 75954BBF 		.word	-1085565579
 549 0820 666035BF 		.word	-1087020954
 550 0824 5E291CBF 		.word	-1088673442
 551 0828 945300BF 		.word	-1090497644
 552 082c 1152C4BE 		.word	-1094430191
 553 0830 92BB84BE 		.word	-1098597486
 554 0834 5C2106BE 		.word	-1106894500
 555 0838 00000000 		.word	0
 556 083c 5C21063E 		.word	1040589148
 557 0840 92BB843E 		.word	1048886162
 558 0844 1152C43E 		.word	1053053457
 559 0848 9453003F 		.word	1056986004
 560 084c 5E291C3F 		.word	1058810206
 561 0850 6660353F 		.word	1060462694
 562 0854 75954B3F 		.word	1061918069
 563 0858 C32E5E3F 		.word	1063136963
 564 085c DAFA6C3F 		.word	1064106714
 565 0860 EED8773F 		.word	1064818926
 566 0864 E0607E3F 		.word	1065246944
 567 0868 AA40803F 		.word	1065369770
 568 086c E0607E3F 		.word	1065246944
 569 0870 EED8773F 		.word	1064818926
 570 0874 DAFA6C3F 		.word	1064106714
ARM GAS  C:\Users\SCOTTC~1\AppData\Local\Temp\ccRw2UdB.s 			page 11


 571 0878 C32E5E3F 		.word	1063136963
 572 087c 75954B3F 		.word	1061918069
 573 0880 6660353F 		.word	1060462694
 574 0884 5E291C3F 		.word	1058810206
 575 0888 9453003F 		.word	1056986004
 576 088c 1152C43E 		.word	1053053457
 577 0890 92BB843E 		.word	1048886162
 578 0894 5C21063E 		.word	1040589148
 579 0898 00000000 		.word	0
 580 089c 5C2106BE 		.word	-1106894500
 581 08a0 92BB84BE 		.word	-1098597486
 582 08a4 1152C4BE 		.word	-1094430191
 583 08a8 945300BF 		.word	-1090497644
 584 08ac 5E291CBF 		.word	-1088673442
 585 08b0 666035BF 		.word	-1087020954
 586 08b4 75954BBF 		.word	-1085565579
 587 08b8 C32E5EBF 		.word	-1084346685
 588 08bc DAFA6CBF 		.word	-1083376934
 589 08c0 EED877BF 		.word	-1082664722
 590 08c4 E0607EBF 		.word	-1082236704
 591 08c8 AA4080BF 		.word	-1082113878
 592 08cc E0607EBF 		.word	-1082236704
 593 08d0 EED877BF 		.word	-1082664722
 594 08d4 DAFA6CBF 		.word	-1083376934
 595 08d8 C32E5EBF 		.word	-1084346685
 596 08dc 75954BBF 		.word	-1085565579
 597 08e0 666035BF 		.word	-1087020954
 598 08e4 5E291CBF 		.word	-1088673442
 599 08e8 945300BF 		.word	-1090497644
 600 08ec 1152C4BE 		.word	-1094430191
 601 08f0 92BB84BE 		.word	-1098597486
 602 08f4 5C2106BE 		.word	-1106894500
 603 08f8 00000080 		.word	-2147483648
 604 08fc 5C21063E 		.word	1040589148
 605 0900 92BB843E 		.word	1048886162
 606 0904 1152C43E 		.word	1053053457
 607 0908 9453003F 		.word	1056986004
 608 090c 5E291C3F 		.word	1058810206
 609 0910 6660353F 		.word	1060462694
 610 0914 75954B3F 		.word	1061918069
 611 0918 C32E5E3F 		.word	1063136963
 612 091c DAFA6C3F 		.word	1064106714
 613 0920 EED8773F 		.word	1064818926
 614 0924 E0607E3F 		.word	1065246944
 615 0928 AA40803F 		.word	1065369770
 616 092c E0607E3F 		.word	1065246944
 617 0930 EED8773F 		.word	1064818926
 618 0934 DAFA6C3F 		.word	1064106714
 619 0938 C32E5E3F 		.word	1063136963
 620 093c 75954B3F 		.word	1061918069
 621 0940 6660353F 		.word	1060462694
 622 0944 5E291C3F 		.word	1058810206
 623 0948 9453003F 		.word	1056986004
 624 094c 1152C43E 		.word	1053053457
 625 0950 92BB843E 		.word	1048886162
 626 0954 5C21063E 		.word	1040589148
 627 0958 00000000 		.word	0
ARM GAS  C:\Users\SCOTTC~1\AppData\Local\Temp\ccRw2UdB.s 			page 12


 628 095c 5C2106BE 		.word	-1106894500
 629 0960 92BB84BE 		.word	-1098597486
 630 0964 1152C4BE 		.word	-1094430191
 631 0968 945300BF 		.word	-1090497644
 632 096c 5E291CBF 		.word	-1088673442
 633 0970 666035BF 		.word	-1087020954
 634 0974 75954BBF 		.word	-1085565579
 635 0978 C32E5EBF 		.word	-1084346685
 636 097c DAFA6CBF 		.word	-1083376934
 637 0980 EED877BF 		.word	-1082664722
 638 0984 E0607EBF 		.word	-1082236704
 639 0988 AA4080BF 		.word	-1082113878
 640 098c E0607EBF 		.word	-1082236704
 641 0990 EED877BF 		.word	-1082664722
 642 0994 DAFA6CBF 		.word	-1083376934
 643 0998 C32E5EBF 		.word	-1084346685
 644 099c 75954BBF 		.word	-1085565579
 645 09a0 666035BF 		.word	-1087020954
 646 09a4 5E291CBF 		.word	-1088673442
 647 09a8 945300BF 		.word	-1090497644
 648 09ac 1152C4BE 		.word	-1094430191
 649 09b0 92BB84BE 		.word	-1098597486
 650 09b4 5C2106BE 		.word	-1106894500
 651 09b8 00000000 		.word	0
 652 09bc 5C21063E 		.word	1040589148
 653 09c0 92BB843E 		.word	1048886162
 654 09c4 1152C43E 		.word	1053053457
 655 09c8 9453003F 		.word	1056986004
 656 09cc 5E291C3F 		.word	1058810206
 657 09d0 6660353F 		.word	1060462694
 658 09d4 75954B3F 		.word	1061918069
 659 09d8 C32E5E3F 		.word	1063136963
 660 09dc DAFA6C3F 		.word	1064106714
 661 09e0 EED8773F 		.word	1064818926
 662 09e4 E0607E3F 		.word	1065246944
 663 09e8 AA40803F 		.word	1065369770
 664 09ec E0607E3F 		.word	1065246944
 665 09f0 EED8773F 		.word	1064818926
 666 09f4 DAFA6C3F 		.word	1064106714
 667 09f8 C32E5E3F 		.word	1063136963
 668 09fc 75954B3F 		.word	1061918069
 669              		.text
 670              	.Letext0:
 671              		.file 1 "c:\\program files\\cypress\\psoc creator\\3.1\\psoc creator\\import\\gnu_cs\\arm\\4.8.4\\
 672              		.file 2 "c:\\program files\\cypress\\psoc creator\\3.1\\psoc creator\\import\\gnu_cs\\arm\\4.8.4\\
 673              		.file 3 "..\\..\\CMSIS_project\\CMSIS_project.cydsn\\CMSISfile\\CMSIS\\Include/arm_math.h"
 674              		.file 4 "..\\..\\CMSIS_project\\CMSIS_project.cydsn\\CMSISfile\\CMSIS\\Include/core_cm3.h"
 675              		.file 5 ".\\arm_fir_data.c"
 676              		.section	.debug_info,"",%progbits
 677              	.Ldebug_info0:
 678 0000 E9000000 		.4byte	0xe9
 679 0004 0400     		.2byte	0x4
 680 0006 00000000 		.4byte	.Ldebug_abbrev0
 681 000a 04       		.byte	0x4
 682 000b 01       		.uleb128 0x1
 683 000c FF000000 		.4byte	.LASF20
 684 0010 01       		.byte	0x1
ARM GAS  C:\Users\SCOTTC~1\AppData\Local\Temp\ccRw2UdB.s 			page 13


 685 0011 21000000 		.4byte	.LASF21
 686 0015 7B010000 		.4byte	.LASF22
 687 0019 00000000 		.4byte	.Ldebug_line0
 688 001d 02       		.uleb128 0x2
 689 001e 01       		.byte	0x1
 690 001f 06       		.byte	0x6
 691 0020 CD000000 		.4byte	.LASF0
 692 0024 02       		.uleb128 0x2
 693 0025 01       		.byte	0x1
 694 0026 08       		.byte	0x8
 695 0027 89000000 		.4byte	.LASF1
 696 002b 02       		.uleb128 0x2
 697 002c 02       		.byte	0x2
 698 002d 05       		.byte	0x5
 699 002e F5000000 		.4byte	.LASF2
 700 0032 02       		.uleb128 0x2
 701 0033 02       		.byte	0x2
 702 0034 07       		.byte	0x7
 703 0035 0E000000 		.4byte	.LASF3
 704 0039 03       		.uleb128 0x3
 705 003a E5000000 		.4byte	.LASF9
 706 003e 01       		.byte	0x1
 707 003f 37       		.byte	0x37
 708 0040 44000000 		.4byte	0x44
 709 0044 02       		.uleb128 0x2
 710 0045 04       		.byte	0x4
 711 0046 05       		.byte	0x5
 712 0047 9C000000 		.4byte	.LASF4
 713 004b 02       		.uleb128 0x2
 714 004c 04       		.byte	0x4
 715 004d 07       		.byte	0x7
 716 004e 47000000 		.4byte	.LASF5
 717 0052 02       		.uleb128 0x2
 718 0053 08       		.byte	0x8
 719 0054 05       		.byte	0x5
 720 0055 00000000 		.4byte	.LASF6
 721 0059 02       		.uleb128 0x2
 722 005a 08       		.byte	0x8
 723 005b 07       		.byte	0x7
 724 005c 59000000 		.4byte	.LASF7
 725 0060 04       		.uleb128 0x4
 726 0061 04       		.byte	0x4
 727 0062 05       		.byte	0x5
 728 0063 696E7400 		.ascii	"int\000"
 729 0067 02       		.uleb128 0x2
 730 0068 04       		.byte	0x4
 731 0069 07       		.byte	0x7
 732 006a 32000000 		.4byte	.LASF8
 733 006e 03       		.uleb128 0x3
 734 006f 3F000000 		.4byte	.LASF10
 735 0073 02       		.byte	0x2
 736 0074 41       		.byte	0x41
 737 0075 39000000 		.4byte	0x39
 738 0079 02       		.uleb128 0x2
 739 007a 04       		.byte	0x4
 740 007b 04       		.byte	0x4
 741 007c EF000000 		.4byte	.LASF11
ARM GAS  C:\Users\SCOTTC~1\AppData\Local\Temp\ccRw2UdB.s 			page 14


 742 0080 02       		.uleb128 0x2
 743 0081 08       		.byte	0x8
 744 0082 04       		.byte	0x4
 745 0083 AF000000 		.4byte	.LASF12
 746 0087 02       		.uleb128 0x2
 747 0088 01       		.byte	0x1
 748 0089 08       		.byte	0x8
 749 008a 97000000 		.4byte	.LASF13
 750 008e 02       		.uleb128 0x2
 751 008f 04       		.byte	0x4
 752 0090 07       		.byte	0x7
 753 0091 BF010000 		.4byte	.LASF14
 754 0095 02       		.uleb128 0x2
 755 0096 08       		.byte	0x8
 756 0097 04       		.byte	0x4
 757 0098 D9000000 		.4byte	.LASF15
 758 009c 05       		.uleb128 0x5
 759 009d B6000000 		.4byte	.LASF16
 760 00a1 03       		.byte	0x3
 761 00a2 9001     		.2byte	0x190
 762 00a4 79000000 		.4byte	0x79
 763 00a8 06       		.uleb128 0x6
 764 00a9 C0000000 		.4byte	.LASF17
 765 00ad 04       		.byte	0x4
 766 00ae 5506     		.2byte	0x655
 767 00b0 B4000000 		.4byte	0xb4
 768 00b4 07       		.uleb128 0x7
 769 00b5 6E000000 		.4byte	0x6e
 770 00b9 08       		.uleb128 0x8
 771 00ba 9C000000 		.4byte	0x9c
 772 00be CA000000 		.4byte	0xca
 773 00c2 09       		.uleb128 0x9
 774 00c3 8E000000 		.4byte	0x8e
 775 00c7 3F01     		.2byte	0x13f
 776 00c9 00       		.byte	0
 777 00ca 0A       		.uleb128 0xa
 778 00cb 70000000 		.4byte	.LASF18
 779 00cf 05       		.byte	0x5
 780 00d0 2F       		.byte	0x2f
 781 00d1 B9000000 		.4byte	0xb9
 782 00d5 05       		.uleb128 0x5
 783 00d6 03       		.byte	0x3
 784 00d7 00000000 		.4byte	testInput_f32_1kHz_15kHz
 785 00db 0A       		.uleb128 0xa
 786 00dc A5000000 		.4byte	.LASF19
 787 00e0 05       		.byte	0x5
 788 00e1 5B       		.byte	0x5b
 789 00e2 B9000000 		.4byte	0xb9
 790 00e6 05       		.uleb128 0x5
 791 00e7 03       		.byte	0x3
 792 00e8 00000000 		.4byte	refOutput
 793 00ec 00       		.byte	0
 794              		.section	.debug_abbrev,"",%progbits
 795              	.Ldebug_abbrev0:
 796 0000 01       		.uleb128 0x1
 797 0001 11       		.uleb128 0x11
 798 0002 01       		.byte	0x1
ARM GAS  C:\Users\SCOTTC~1\AppData\Local\Temp\ccRw2UdB.s 			page 15


 799 0003 25       		.uleb128 0x25
 800 0004 0E       		.uleb128 0xe
 801 0005 13       		.uleb128 0x13
 802 0006 0B       		.uleb128 0xb
 803 0007 03       		.uleb128 0x3
 804 0008 0E       		.uleb128 0xe
 805 0009 1B       		.uleb128 0x1b
 806 000a 0E       		.uleb128 0xe
 807 000b 10       		.uleb128 0x10
 808 000c 17       		.uleb128 0x17
 809 000d 00       		.byte	0
 810 000e 00       		.byte	0
 811 000f 02       		.uleb128 0x2
 812 0010 24       		.uleb128 0x24
 813 0011 00       		.byte	0
 814 0012 0B       		.uleb128 0xb
 815 0013 0B       		.uleb128 0xb
 816 0014 3E       		.uleb128 0x3e
 817 0015 0B       		.uleb128 0xb
 818 0016 03       		.uleb128 0x3
 819 0017 0E       		.uleb128 0xe
 820 0018 00       		.byte	0
 821 0019 00       		.byte	0
 822 001a 03       		.uleb128 0x3
 823 001b 16       		.uleb128 0x16
 824 001c 00       		.byte	0
 825 001d 03       		.uleb128 0x3
 826 001e 0E       		.uleb128 0xe
 827 001f 3A       		.uleb128 0x3a
 828 0020 0B       		.uleb128 0xb
 829 0021 3B       		.uleb128 0x3b
 830 0022 0B       		.uleb128 0xb
 831 0023 49       		.uleb128 0x49
 832 0024 13       		.uleb128 0x13
 833 0025 00       		.byte	0
 834 0026 00       		.byte	0
 835 0027 04       		.uleb128 0x4
 836 0028 24       		.uleb128 0x24
 837 0029 00       		.byte	0
 838 002a 0B       		.uleb128 0xb
 839 002b 0B       		.uleb128 0xb
 840 002c 3E       		.uleb128 0x3e
 841 002d 0B       		.uleb128 0xb
 842 002e 03       		.uleb128 0x3
 843 002f 08       		.uleb128 0x8
 844 0030 00       		.byte	0
 845 0031 00       		.byte	0
 846 0032 05       		.uleb128 0x5
 847 0033 16       		.uleb128 0x16
 848 0034 00       		.byte	0
 849 0035 03       		.uleb128 0x3
 850 0036 0E       		.uleb128 0xe
 851 0037 3A       		.uleb128 0x3a
 852 0038 0B       		.uleb128 0xb
 853 0039 3B       		.uleb128 0x3b
 854 003a 05       		.uleb128 0x5
 855 003b 49       		.uleb128 0x49
ARM GAS  C:\Users\SCOTTC~1\AppData\Local\Temp\ccRw2UdB.s 			page 16


 856 003c 13       		.uleb128 0x13
 857 003d 00       		.byte	0
 858 003e 00       		.byte	0
 859 003f 06       		.uleb128 0x6
 860 0040 34       		.uleb128 0x34
 861 0041 00       		.byte	0
 862 0042 03       		.uleb128 0x3
 863 0043 0E       		.uleb128 0xe
 864 0044 3A       		.uleb128 0x3a
 865 0045 0B       		.uleb128 0xb
 866 0046 3B       		.uleb128 0x3b
 867 0047 05       		.uleb128 0x5
 868 0048 49       		.uleb128 0x49
 869 0049 13       		.uleb128 0x13
 870 004a 3F       		.uleb128 0x3f
 871 004b 19       		.uleb128 0x19
 872 004c 3C       		.uleb128 0x3c
 873 004d 19       		.uleb128 0x19
 874 004e 00       		.byte	0
 875 004f 00       		.byte	0
 876 0050 07       		.uleb128 0x7
 877 0051 35       		.uleb128 0x35
 878 0052 00       		.byte	0
 879 0053 49       		.uleb128 0x49
 880 0054 13       		.uleb128 0x13
 881 0055 00       		.byte	0
 882 0056 00       		.byte	0
 883 0057 08       		.uleb128 0x8
 884 0058 01       		.uleb128 0x1
 885 0059 01       		.byte	0x1
 886 005a 49       		.uleb128 0x49
 887 005b 13       		.uleb128 0x13
 888 005c 01       		.uleb128 0x1
 889 005d 13       		.uleb128 0x13
 890 005e 00       		.byte	0
 891 005f 00       		.byte	0
 892 0060 09       		.uleb128 0x9
 893 0061 21       		.uleb128 0x21
 894 0062 00       		.byte	0
 895 0063 49       		.uleb128 0x49
 896 0064 13       		.uleb128 0x13
 897 0065 2F       		.uleb128 0x2f
 898 0066 05       		.uleb128 0x5
 899 0067 00       		.byte	0
 900 0068 00       		.byte	0
 901 0069 0A       		.uleb128 0xa
 902 006a 34       		.uleb128 0x34
 903 006b 00       		.byte	0
 904 006c 03       		.uleb128 0x3
 905 006d 0E       		.uleb128 0xe
 906 006e 3A       		.uleb128 0x3a
 907 006f 0B       		.uleb128 0xb
 908 0070 3B       		.uleb128 0x3b
 909 0071 0B       		.uleb128 0xb
 910 0072 49       		.uleb128 0x49
 911 0073 13       		.uleb128 0x13
 912 0074 3F       		.uleb128 0x3f
ARM GAS  C:\Users\SCOTTC~1\AppData\Local\Temp\ccRw2UdB.s 			page 17


 913 0075 19       		.uleb128 0x19
 914 0076 02       		.uleb128 0x2
 915 0077 18       		.uleb128 0x18
 916 0078 00       		.byte	0
 917 0079 00       		.byte	0
 918 007a 00       		.byte	0
 919              		.section	.debug_aranges,"",%progbits
 920 0000 14000000 		.4byte	0x14
 921 0004 0200     		.2byte	0x2
 922 0006 00000000 		.4byte	.Ldebug_info0
 923 000a 04       		.byte	0x4
 924 000b 00       		.byte	0
 925 000c 0000     		.2byte	0
 926 000e 0000     		.2byte	0
 927 0010 00000000 		.4byte	0
 928 0014 00000000 		.4byte	0
 929              		.section	.debug_line,"",%progbits
 930              	.Ldebug_line0:
 931 0000 7B010000 		.section	.debug_str,"MS",%progbits,1
 931      02007501 
 931      00000201 
 931      FB0E0D00 
 931      01010101 
 932              	.LASF6:
 933 0000 6C6F6E67 		.ascii	"long long int\000"
 933      206C6F6E 
 933      6720696E 
 933      7400
 934              	.LASF3:
 935 000e 73686F72 		.ascii	"short unsigned int\000"
 935      7420756E 
 935      7369676E 
 935      65642069 
 935      6E7400
 936              	.LASF21:
 937 0021 2E5C6172 		.ascii	".\\arm_fir_data.c\000"
 937      6D5F6669 
 937      725F6461 
 937      74612E63 
 937      00
 938              	.LASF8:
 939 0032 756E7369 		.ascii	"unsigned int\000"
 939      676E6564 
 939      20696E74 
 939      00
 940              	.LASF10:
 941 003f 696E7433 		.ascii	"int32_t\000"
 941      325F7400 
 942              	.LASF5:
 943 0047 6C6F6E67 		.ascii	"long unsigned int\000"
 943      20756E73 
 943      69676E65 
 943      6420696E 
 943      7400
 944              	.LASF7:
 945 0059 6C6F6E67 		.ascii	"long long unsigned int\000"
 945      206C6F6E 
ARM GAS  C:\Users\SCOTTC~1\AppData\Local\Temp\ccRw2UdB.s 			page 18


 945      6720756E 
 945      7369676E 
 945      65642069 
 946              	.LASF18:
 947 0070 74657374 		.ascii	"testInput_f32_1kHz_15kHz\000"
 947      496E7075 
 947      745F6633 
 947      325F316B 
 947      487A5F31 
 948              	.LASF1:
 949 0089 756E7369 		.ascii	"unsigned char\000"
 949      676E6564 
 949      20636861 
 949      7200
 950              	.LASF13:
 951 0097 63686172 		.ascii	"char\000"
 951      00
 952              	.LASF4:
 953 009c 6C6F6E67 		.ascii	"long int\000"
 953      20696E74 
 953      00
 954              	.LASF19:
 955 00a5 7265664F 		.ascii	"refOutput\000"
 955      75747075 
 955      7400
 956              	.LASF12:
 957 00af 646F7562 		.ascii	"double\000"
 957      6C6500
 958              	.LASF16:
 959 00b6 666C6F61 		.ascii	"float32_t\000"
 959      7433325F 
 959      7400
 960              	.LASF17:
 961 00c0 49544D5F 		.ascii	"ITM_RxBuffer\000"
 961      52784275 
 961      66666572 
 961      00
 962              	.LASF0:
 963 00cd 7369676E 		.ascii	"signed char\000"
 963      65642063 
 963      68617200 
 964              	.LASF15:
 965 00d9 6C6F6E67 		.ascii	"long double\000"
 965      20646F75 
 965      626C6500 
 966              	.LASF9:
 967 00e5 5F5F696E 		.ascii	"__int32_t\000"
 967      7433325F 
 967      7400
 968              	.LASF11:
 969 00ef 666C6F61 		.ascii	"float\000"
 969      7400
 970              	.LASF2:
 971 00f5 73686F72 		.ascii	"short int\000"
 971      7420696E 
 971      7400
 972              	.LASF20:
ARM GAS  C:\Users\SCOTTC~1\AppData\Local\Temp\ccRw2UdB.s 			page 19


 973 00ff 474E5520 		.ascii	"GNU C 4.8.4 20140526 (release) [ARM/embedded-4_8-br"
 973      4320342E 
 973      382E3420 
 973      32303134 
 973      30353236 
 974 0132 616E6368 		.ascii	"anch revision 211358] -mcpu=cortex-m3 -mthumb -g -O"
 974      20726576 
 974      6973696F 
 974      6E203231 
 974      31333538 
 975 0165 30202D66 		.ascii	"0 -ffunction-sections\000"
 975      66756E63 
 975      74696F6E 
 975      2D736563 
 975      74696F6E 
 976              	.LASF22:
 977 017b 5A3A5C73 		.ascii	"Z:\\scottcarlson On My Mac\\Code\\PSoC_Creator\\Des"
 977      636F7474 
 977      6361726C 
 977      736F6E20 
 977      4F6E204D 
 978 01aa 69676E30 		.ascii	"ign01\\Design01.cydsn\000"
 978      315C4465 
 978      7369676E 
 978      30312E63 
 978      7964736E 
 979              	.LASF14:
 980 01bf 73697A65 		.ascii	"sizetype\000"
 980      74797065 
 980      00
 981              		.ident	"GCC: (GNU Tools for ARM Embedded Processors) 4.8.4 20140526 (release) [ARM/embedded-4_8-br
