ARM GAS  C:\Users\SCOTTC~1\AppData\Local\Temp\ccS9jV1l.s 			page 1


   1              		.syntax unified
   2              		.cpu cortex-m3
   3              		.fpu softvfp
   4              		.eabi_attribute 20, 1
   5              		.eabi_attribute 21, 1
   6              		.eabi_attribute 23, 3
   7              		.eabi_attribute 24, 1
   8              		.eabi_attribute 25, 1
   9              		.eabi_attribute 26, 1
  10              		.eabi_attribute 30, 6
  11              		.eabi_attribute 34, 1
  12              		.eabi_attribute 18, 4
  13              		.thumb
  14              		.file	"co.c"
  15              		.text
  16              	.Ltext0:
  17              		.cfi_sections	.debug_frame
  18              		.global	co_initVar
  19              		.bss
  20              		.type	co_initVar, %object
  21              		.size	co_initVar, 1
  22              	co_initVar:
  23 0000 00       		.space	1
  24              		.section	.text.co_Init,"ax",%progbits
  25              		.align	2
  26              		.global	co_Init
  27              		.thumb
  28              		.thumb_func
  29              		.type	co_Init, %function
  30              	co_Init:
  31              	.LFB0:
  32              		.file 1 ".\\Generated_Source\\PSoC5\\co.c"
   1:.\Generated_Source\PSoC5/co.c **** /*******************************************************************************
   2:.\Generated_Source\PSoC5/co.c **** * File Name: co.c  
   3:.\Generated_Source\PSoC5/co.c **** * Version 3.0
   4:.\Generated_Source\PSoC5/co.c **** *
   5:.\Generated_Source\PSoC5/co.c **** *  Description:
   6:.\Generated_Source\PSoC5/co.c **** *     The Counter component consists of a 8, 16, 24 or 32-bit counter with
   7:.\Generated_Source\PSoC5/co.c **** *     a selectable period between 2 and 2^Width - 1.  
   8:.\Generated_Source\PSoC5/co.c **** *
   9:.\Generated_Source\PSoC5/co.c **** *   Note:
  10:.\Generated_Source\PSoC5/co.c **** *     None
  11:.\Generated_Source\PSoC5/co.c **** *
  12:.\Generated_Source\PSoC5/co.c **** ********************************************************************************
  13:.\Generated_Source\PSoC5/co.c **** * Copyright 2008-2012, Cypress Semiconductor Corporation.  All rights reserved.
  14:.\Generated_Source\PSoC5/co.c **** * You may use this file only in accordance with the license, terms, conditions, 
  15:.\Generated_Source\PSoC5/co.c **** * disclaimers, and limitations in the end user license agreement accompanying 
  16:.\Generated_Source\PSoC5/co.c **** * the software package with which this file was provided.
  17:.\Generated_Source\PSoC5/co.c **** *******************************************************************************/
  18:.\Generated_Source\PSoC5/co.c **** 
  19:.\Generated_Source\PSoC5/co.c **** #include "co.h"
  20:.\Generated_Source\PSoC5/co.c **** 
  21:.\Generated_Source\PSoC5/co.c **** uint8 co_initVar = 0u;
  22:.\Generated_Source\PSoC5/co.c **** 
  23:.\Generated_Source\PSoC5/co.c **** 
  24:.\Generated_Source\PSoC5/co.c **** /*******************************************************************************
  25:.\Generated_Source\PSoC5/co.c **** * Function Name: co_Init
ARM GAS  C:\Users\SCOTTC~1\AppData\Local\Temp\ccS9jV1l.s 			page 2


  26:.\Generated_Source\PSoC5/co.c **** ********************************************************************************
  27:.\Generated_Source\PSoC5/co.c **** * Summary:
  28:.\Generated_Source\PSoC5/co.c **** *     Initialize to the schematic state
  29:.\Generated_Source\PSoC5/co.c **** * 
  30:.\Generated_Source\PSoC5/co.c **** * Parameters:  
  31:.\Generated_Source\PSoC5/co.c **** *  void  
  32:.\Generated_Source\PSoC5/co.c **** *
  33:.\Generated_Source\PSoC5/co.c **** * Return: 
  34:.\Generated_Source\PSoC5/co.c **** *  void
  35:.\Generated_Source\PSoC5/co.c **** *
  36:.\Generated_Source\PSoC5/co.c **** *******************************************************************************/
  37:.\Generated_Source\PSoC5/co.c **** void co_Init(void) 
  38:.\Generated_Source\PSoC5/co.c **** {
  33              		.loc 1 38 0
  34              		.cfi_startproc
  35              		@ args = 0, pretend = 0, frame = 0
  36              		@ frame_needed = 1, uses_anonymous_args = 0
  37 0000 80B5     		push	{r7, lr}
  38              		.cfi_def_cfa_offset 8
  39              		.cfi_offset 7, -8
  40              		.cfi_offset 14, -4
  41 0002 00AF     		add	r7, sp, #0
  42              		.cfi_def_cfa_register 7
  39:.\Generated_Source\PSoC5/co.c ****         #if (!co_UsingFixedFunction && !co_ControlRegRemoved)
  40:.\Generated_Source\PSoC5/co.c ****             uint8 ctrl;
  41:.\Generated_Source\PSoC5/co.c ****         #endif /* (!co_UsingFixedFunction && !co_ControlRegRemoved) */
  42:.\Generated_Source\PSoC5/co.c ****         
  43:.\Generated_Source\PSoC5/co.c ****         #if(!co_UsingFixedFunction) 
  44:.\Generated_Source\PSoC5/co.c ****             /* Interrupt State Backup for Critical Region*/
  45:.\Generated_Source\PSoC5/co.c ****             uint8 co_interruptState;
  46:.\Generated_Source\PSoC5/co.c ****         #endif /* (!co_UsingFixedFunction) */
  47:.\Generated_Source\PSoC5/co.c ****         
  48:.\Generated_Source\PSoC5/co.c ****         #if (co_UsingFixedFunction)
  49:.\Generated_Source\PSoC5/co.c ****             /* Clear all bits but the enable bit (if it's already set for Timer operation */
  50:.\Generated_Source\PSoC5/co.c ****             co_CONTROL &= co_CTRL_ENABLE;
  43              		.loc 1 50 0
  44 0004 214B     		ldr	r3, .L2
  45 0006 214A     		ldr	r2, .L2
  46 0008 1278     		ldrb	r2, [r2]
  47 000a D2B2     		uxtb	r2, r2
  48 000c 02F00102 		and	r2, r2, #1
  49 0010 D2B2     		uxtb	r2, r2
  50 0012 1A70     		strb	r2, [r3]
  51:.\Generated_Source\PSoC5/co.c ****             
  52:.\Generated_Source\PSoC5/co.c ****             /* Clear the mode bits for continuous run mode */
  53:.\Generated_Source\PSoC5/co.c ****             #if (CY_PSOC5A)
  54:.\Generated_Source\PSoC5/co.c ****                 co_CONTROL2 &= ((uint8)(~co_CTRL_MODE_MASK));
  55:.\Generated_Source\PSoC5/co.c ****             #endif /* (CY_PSOC5A) */
  56:.\Generated_Source\PSoC5/co.c ****             #if (CY_PSOC3 || CY_PSOC5LP)
  57:.\Generated_Source\PSoC5/co.c ****                 co_CONTROL3 &= ((uint8)(~co_CTRL_MODE_MASK));                
  51              		.loc 1 57 0
  52 0014 1E4B     		ldr	r3, .L2+4
  53 0016 1E4A     		ldr	r2, .L2+4
  54 0018 1278     		ldrb	r2, [r2]
  55 001a D2B2     		uxtb	r2, r2
  56 001c 22F00302 		bic	r2, r2, #3
  57 0020 D2B2     		uxtb	r2, r2
ARM GAS  C:\Users\SCOTTC~1\AppData\Local\Temp\ccS9jV1l.s 			page 3


  58 0022 1A70     		strb	r2, [r3]
  58:.\Generated_Source\PSoC5/co.c ****             #endif /* (CY_PSOC3 || CY_PSOC5LP) */
  59:.\Generated_Source\PSoC5/co.c ****             /* Check if One Shot mode is enabled i.e. RunMode !=0*/
  60:.\Generated_Source\PSoC5/co.c ****             #if (co_RunModeUsed != 0x0u)
  61:.\Generated_Source\PSoC5/co.c ****                 /* Set 3rd bit of Control register to enable one shot mode */
  62:.\Generated_Source\PSoC5/co.c ****                 co_CONTROL |= co_ONESHOT;
  63:.\Generated_Source\PSoC5/co.c ****             #endif /* (co_RunModeUsed != 0x0u) */
  64:.\Generated_Source\PSoC5/co.c ****             
  65:.\Generated_Source\PSoC5/co.c ****             /* Set the IRQ to use the status register interrupts */
  66:.\Generated_Source\PSoC5/co.c ****             co_CONTROL2 |= co_CTRL2_IRQ_SEL;
  59              		.loc 1 66 0
  60 0024 1B4B     		ldr	r3, .L2+8
  61 0026 1B4A     		ldr	r2, .L2+8
  62 0028 1278     		ldrb	r2, [r2]
  63 002a D2B2     		uxtb	r2, r2
  64 002c 42F00102 		orr	r2, r2, #1
  65 0030 D2B2     		uxtb	r2, r2
  66 0032 1A70     		strb	r2, [r3]
  67:.\Generated_Source\PSoC5/co.c ****             
  68:.\Generated_Source\PSoC5/co.c ****             /* Clear and Set SYNCTC and SYNCCMP bits of RT1 register */
  69:.\Generated_Source\PSoC5/co.c ****             co_RT1 &= ((uint8)(~co_RT1_MASK));
  67              		.loc 1 69 0
  68 0034 184B     		ldr	r3, .L2+12
  69 0036 184A     		ldr	r2, .L2+12
  70 0038 1278     		ldrb	r2, [r2]
  71 003a D2B2     		uxtb	r2, r2
  72 003c 22F03002 		bic	r2, r2, #48
  73 0040 D2B2     		uxtb	r2, r2
  74 0042 1A70     		strb	r2, [r3]
  70:.\Generated_Source\PSoC5/co.c ****             co_RT1 |= co_SYNC;     
  75              		.loc 1 70 0
  76 0044 144B     		ldr	r3, .L2+12
  77 0046 144A     		ldr	r2, .L2+12
  78 0048 1278     		ldrb	r2, [r2]
  79 004a D2B2     		uxtb	r2, r2
  80 004c 42F03002 		orr	r2, r2, #48
  81 0050 D2B2     		uxtb	r2, r2
  82 0052 1A70     		strb	r2, [r3]
  71:.\Generated_Source\PSoC5/co.c ****                     
  72:.\Generated_Source\PSoC5/co.c ****             /*Enable DSI Sync all all inputs of the Timer*/
  73:.\Generated_Source\PSoC5/co.c ****             co_RT1 &= ((uint8)(~co_SYNCDSI_MASK));
  83              		.loc 1 73 0
  84 0054 104B     		ldr	r3, .L2+12
  85 0056 104A     		ldr	r2, .L2+12
  86 0058 1278     		ldrb	r2, [r2]
  87 005a D2B2     		uxtb	r2, r2
  88 005c 22F00F02 		bic	r2, r2, #15
  89 0060 D2B2     		uxtb	r2, r2
  90 0062 1A70     		strb	r2, [r3]
  74:.\Generated_Source\PSoC5/co.c ****             co_RT1 |= co_SYNCDSI_EN;
  91              		.loc 1 74 0
  92 0064 0C4B     		ldr	r3, .L2+12
  93 0066 0C4A     		ldr	r2, .L2+12
  94 0068 1278     		ldrb	r2, [r2]
  95 006a D2B2     		uxtb	r2, r2
  96 006c 42F00F02 		orr	r2, r2, #15
  97 0070 D2B2     		uxtb	r2, r2
ARM GAS  C:\Users\SCOTTC~1\AppData\Local\Temp\ccS9jV1l.s 			page 4


  98 0072 1A70     		strb	r2, [r3]
  75:.\Generated_Source\PSoC5/co.c **** 
  76:.\Generated_Source\PSoC5/co.c ****         #else
  77:.\Generated_Source\PSoC5/co.c ****             #if(!co_ControlRegRemoved)
  78:.\Generated_Source\PSoC5/co.c ****             /* Set the default compare mode defined in the parameter */
  79:.\Generated_Source\PSoC5/co.c ****             ctrl = co_CONTROL & ((uint8)(~co_CTRL_CMPMODE_MASK));
  80:.\Generated_Source\PSoC5/co.c ****             co_CONTROL = ctrl | co_DEFAULT_COMPARE_MODE;
  81:.\Generated_Source\PSoC5/co.c ****             
  82:.\Generated_Source\PSoC5/co.c ****             /* Set the default capture mode defined in the parameter */
  83:.\Generated_Source\PSoC5/co.c ****             ctrl = co_CONTROL & ((uint8)(~co_CTRL_CAPMODE_MASK));
  84:.\Generated_Source\PSoC5/co.c ****             
  85:.\Generated_Source\PSoC5/co.c ****             #if( 0 != co_CAPTURE_MODE_CONF)
  86:.\Generated_Source\PSoC5/co.c ****                 co_CONTROL = ctrl | co_DEFAULT_CAPTURE_MODE;
  87:.\Generated_Source\PSoC5/co.c ****             #else
  88:.\Generated_Source\PSoC5/co.c ****                 co_CONTROL = ctrl;
  89:.\Generated_Source\PSoC5/co.c ****             #endif /* 0 != co_CAPTURE_MODE */ 
  90:.\Generated_Source\PSoC5/co.c ****             
  91:.\Generated_Source\PSoC5/co.c ****             #endif /* (!co_ControlRegRemoved) */
  92:.\Generated_Source\PSoC5/co.c ****         #endif /* (co_UsingFixedFunction) */
  93:.\Generated_Source\PSoC5/co.c ****         
  94:.\Generated_Source\PSoC5/co.c ****         /* Clear all data in the FIFO's */
  95:.\Generated_Source\PSoC5/co.c ****         #if (!co_UsingFixedFunction)
  96:.\Generated_Source\PSoC5/co.c ****             co_ClearFIFO();
  97:.\Generated_Source\PSoC5/co.c ****         #endif /* (!co_UsingFixedFunction) */
  98:.\Generated_Source\PSoC5/co.c ****         
  99:.\Generated_Source\PSoC5/co.c ****         /* Set Initial values from Configuration */
 100:.\Generated_Source\PSoC5/co.c ****         co_WritePeriod(co_INIT_PERIOD_VALUE);
  99              		.loc 1 100 0
 100 0074 4FF6FF70 		movw	r0, #65535
 101 0078 FFF7FEFF 		bl	co_WritePeriod
 101:.\Generated_Source\PSoC5/co.c ****         #if (!(co_UsingFixedFunction && (CY_PSOC5A)))
 102:.\Generated_Source\PSoC5/co.c ****             co_WriteCounter(co_INIT_COUNTER_VALUE);
 102              		.loc 1 102 0
 103 007c 4FF6FF70 		movw	r0, #65535
 104 0080 FFF7FEFF 		bl	co_WriteCounter
 103:.\Generated_Source\PSoC5/co.c ****         #endif /* (!(co_UsingFixedFunction && (CY_PSOC5A))) */
 104:.\Generated_Source\PSoC5/co.c ****         co_SetInterruptMode(co_INIT_INTERRUPTS_MASK);
 105              		.loc 1 104 0
 106 0084 0020     		movs	r0, #0
 107 0086 FFF7FEFF 		bl	co_SetInterruptMode
 105:.\Generated_Source\PSoC5/co.c ****         
 106:.\Generated_Source\PSoC5/co.c ****         #if (!co_UsingFixedFunction)
 107:.\Generated_Source\PSoC5/co.c ****             /* Read the status register to clear the unwanted interrupts */
 108:.\Generated_Source\PSoC5/co.c ****             (void)co_ReadStatusRegister();
 109:.\Generated_Source\PSoC5/co.c ****             /* Set the compare value (only available to non-fixed function implementation */
 110:.\Generated_Source\PSoC5/co.c ****             co_WriteCompare(co_INIT_COMPARE_VALUE);
 111:.\Generated_Source\PSoC5/co.c ****             /* Use the interrupt output of the status register for IRQ output */
 112:.\Generated_Source\PSoC5/co.c ****             
 113:.\Generated_Source\PSoC5/co.c ****             /* CyEnterCriticalRegion and CyExitCriticalRegion are used to mark following region cri
 114:.\Generated_Source\PSoC5/co.c ****             /* Enter Critical Region*/
 115:.\Generated_Source\PSoC5/co.c ****             co_interruptState = CyEnterCriticalSection();
 116:.\Generated_Source\PSoC5/co.c ****             
 117:.\Generated_Source\PSoC5/co.c ****             co_STATUS_AUX_CTRL |= co_STATUS_ACTL_INT_EN_MASK;
 118:.\Generated_Source\PSoC5/co.c ****             
 119:.\Generated_Source\PSoC5/co.c ****             /* Exit Critical Region*/
 120:.\Generated_Source\PSoC5/co.c ****             CyExitCriticalSection(co_interruptState);
 121:.\Generated_Source\PSoC5/co.c ****             
ARM GAS  C:\Users\SCOTTC~1\AppData\Local\Temp\ccS9jV1l.s 			page 5


 122:.\Generated_Source\PSoC5/co.c ****         #endif /* (!co_UsingFixedFunction) */
 123:.\Generated_Source\PSoC5/co.c **** }
 108              		.loc 1 123 0
 109 008a 80BD     		pop	{r7, pc}
 110              	.L3:
 111              		.align	2
 112              	.L2:
 113 008c 184F0040 		.word	1073762072
 114 0090 1A4F0040 		.word	1073762074
 115 0094 194F0040 		.word	1073762073
 116 0098 234F0040 		.word	1073762083
 117              		.cfi_endproc
 118              	.LFE0:
 119              		.size	co_Init, .-co_Init
 120              		.section	.text.co_Enable,"ax",%progbits
 121              		.align	2
 122              		.global	co_Enable
 123              		.thumb
 124              		.thumb_func
 125              		.type	co_Enable, %function
 126              	co_Enable:
 127              	.LFB1:
 124:.\Generated_Source\PSoC5/co.c **** 
 125:.\Generated_Source\PSoC5/co.c **** 
 126:.\Generated_Source\PSoC5/co.c **** /*******************************************************************************
 127:.\Generated_Source\PSoC5/co.c **** * Function Name: co_Enable
 128:.\Generated_Source\PSoC5/co.c **** ********************************************************************************
 129:.\Generated_Source\PSoC5/co.c **** * Summary:
 130:.\Generated_Source\PSoC5/co.c **** *     Enable the Counter
 131:.\Generated_Source\PSoC5/co.c **** * 
 132:.\Generated_Source\PSoC5/co.c **** * Parameters:  
 133:.\Generated_Source\PSoC5/co.c **** *  void  
 134:.\Generated_Source\PSoC5/co.c **** *
 135:.\Generated_Source\PSoC5/co.c **** * Return: 
 136:.\Generated_Source\PSoC5/co.c **** *  void
 137:.\Generated_Source\PSoC5/co.c **** *
 138:.\Generated_Source\PSoC5/co.c **** * Side Effects: 
 139:.\Generated_Source\PSoC5/co.c **** *   If the Enable mode is set to Hardware only then this function has no effect 
 140:.\Generated_Source\PSoC5/co.c **** *   on the operation of the counter.
 141:.\Generated_Source\PSoC5/co.c **** *
 142:.\Generated_Source\PSoC5/co.c **** *******************************************************************************/
 143:.\Generated_Source\PSoC5/co.c **** void co_Enable(void) 
 144:.\Generated_Source\PSoC5/co.c **** {
 128              		.loc 1 144 0
 129              		.cfi_startproc
 130              		@ args = 0, pretend = 0, frame = 0
 131              		@ frame_needed = 1, uses_anonymous_args = 0
 132              		@ link register save eliminated.
 133 0000 80B4     		push	{r7}
 134              		.cfi_def_cfa_offset 4
 135              		.cfi_offset 7, -4
 136 0002 00AF     		add	r7, sp, #0
 137              		.cfi_def_cfa_register 7
 145:.\Generated_Source\PSoC5/co.c ****     /* Globally Enable the Fixed Function Block chosen */
 146:.\Generated_Source\PSoC5/co.c ****     #if (co_UsingFixedFunction)
 147:.\Generated_Source\PSoC5/co.c ****         co_GLOBAL_ENABLE |= co_BLOCK_EN_MASK;
 138              		.loc 1 147 0
ARM GAS  C:\Users\SCOTTC~1\AppData\Local\Temp\ccS9jV1l.s 			page 6


 139 0004 0D4B     		ldr	r3, .L5
 140 0006 0D4A     		ldr	r2, .L5
 141 0008 1278     		ldrb	r2, [r2]
 142 000a D2B2     		uxtb	r2, r2
 143 000c 42F00402 		orr	r2, r2, #4
 144 0010 D2B2     		uxtb	r2, r2
 145 0012 1A70     		strb	r2, [r3]
 148:.\Generated_Source\PSoC5/co.c ****         co_GLOBAL_STBY_ENABLE |= co_BLOCK_STBY_EN_MASK;
 146              		.loc 1 148 0
 147 0014 0A4B     		ldr	r3, .L5+4
 148 0016 0A4A     		ldr	r2, .L5+4
 149 0018 1278     		ldrb	r2, [r2]
 150 001a D2B2     		uxtb	r2, r2
 151 001c 42F00402 		orr	r2, r2, #4
 152 0020 D2B2     		uxtb	r2, r2
 153 0022 1A70     		strb	r2, [r3]
 149:.\Generated_Source\PSoC5/co.c ****     #endif /* (co_UsingFixedFunction) */  
 150:.\Generated_Source\PSoC5/co.c ****         
 151:.\Generated_Source\PSoC5/co.c ****     /* Enable the counter from the control register  */
 152:.\Generated_Source\PSoC5/co.c ****     /* If Fixed Function then make sure Mode is set correctly */
 153:.\Generated_Source\PSoC5/co.c ****     /* else make sure reset is clear */
 154:.\Generated_Source\PSoC5/co.c ****     #if(!co_ControlRegRemoved || co_UsingFixedFunction)
 155:.\Generated_Source\PSoC5/co.c ****         co_CONTROL |= co_CTRL_ENABLE;                
 154              		.loc 1 155 0
 155 0024 074B     		ldr	r3, .L5+8
 156 0026 074A     		ldr	r2, .L5+8
 157 0028 1278     		ldrb	r2, [r2]
 158 002a D2B2     		uxtb	r2, r2
 159 002c 42F00102 		orr	r2, r2, #1
 160 0030 D2B2     		uxtb	r2, r2
 161 0032 1A70     		strb	r2, [r3]
 156:.\Generated_Source\PSoC5/co.c ****     #endif /* (!co_ControlRegRemoved || co_UsingFixedFunction) */
 157:.\Generated_Source\PSoC5/co.c ****     
 158:.\Generated_Source\PSoC5/co.c **** }
 162              		.loc 1 158 0
 163 0034 BD46     		mov	sp, r7
 164              		@ sp needed
 165 0036 5DF8047B 		ldr	r7, [sp], #4
 166 003a 7047     		bx	lr
 167              	.L6:
 168              		.align	2
 169              	.L5:
 170 003c A3430040 		.word	1073759139
 171 0040 B3430040 		.word	1073759155
 172 0044 184F0040 		.word	1073762072
 173              		.cfi_endproc
 174              	.LFE1:
 175              		.size	co_Enable, .-co_Enable
 176              		.section	.text.co_Start,"ax",%progbits
 177              		.align	2
 178              		.global	co_Start
 179              		.thumb
 180              		.thumb_func
 181              		.type	co_Start, %function
 182              	co_Start:
 183              	.LFB2:
 159:.\Generated_Source\PSoC5/co.c **** 
ARM GAS  C:\Users\SCOTTC~1\AppData\Local\Temp\ccS9jV1l.s 			page 7


 160:.\Generated_Source\PSoC5/co.c **** 
 161:.\Generated_Source\PSoC5/co.c **** /*******************************************************************************
 162:.\Generated_Source\PSoC5/co.c **** * Function Name: co_Start
 163:.\Generated_Source\PSoC5/co.c **** ********************************************************************************
 164:.\Generated_Source\PSoC5/co.c **** * Summary:
 165:.\Generated_Source\PSoC5/co.c **** *  Enables the counter for operation 
 166:.\Generated_Source\PSoC5/co.c **** *
 167:.\Generated_Source\PSoC5/co.c **** * Parameters:  
 168:.\Generated_Source\PSoC5/co.c **** *  void  
 169:.\Generated_Source\PSoC5/co.c **** *
 170:.\Generated_Source\PSoC5/co.c **** * Return: 
 171:.\Generated_Source\PSoC5/co.c **** *  void
 172:.\Generated_Source\PSoC5/co.c **** *
 173:.\Generated_Source\PSoC5/co.c **** * Global variables:
 174:.\Generated_Source\PSoC5/co.c **** *  co_initVar: Is modified when this function is called for the  
 175:.\Generated_Source\PSoC5/co.c **** *   first time. Is used to ensure that initialization happens only once.
 176:.\Generated_Source\PSoC5/co.c **** *
 177:.\Generated_Source\PSoC5/co.c **** *******************************************************************************/
 178:.\Generated_Source\PSoC5/co.c **** void co_Start(void) 
 179:.\Generated_Source\PSoC5/co.c **** {
 184              		.loc 1 179 0
 185              		.cfi_startproc
 186              		@ args = 0, pretend = 0, frame = 0
 187              		@ frame_needed = 1, uses_anonymous_args = 0
 188 0000 80B5     		push	{r7, lr}
 189              		.cfi_def_cfa_offset 8
 190              		.cfi_offset 7, -8
 191              		.cfi_offset 14, -4
 192 0002 00AF     		add	r7, sp, #0
 193              		.cfi_def_cfa_register 7
 180:.\Generated_Source\PSoC5/co.c ****     if(co_initVar == 0u)
 194              		.loc 1 180 0
 195 0004 054B     		ldr	r3, .L9
 196 0006 1B78     		ldrb	r3, [r3]	@ zero_extendqisi2
 197 0008 002B     		cmp	r3, #0
 198 000a 04D1     		bne	.L8
 181:.\Generated_Source\PSoC5/co.c ****     {
 182:.\Generated_Source\PSoC5/co.c ****         co_Init();
 199              		.loc 1 182 0
 200 000c FFF7FEFF 		bl	co_Init
 183:.\Generated_Source\PSoC5/co.c ****         
 184:.\Generated_Source\PSoC5/co.c ****         co_initVar = 1u; /* Clear this bit for Initialization */        
 201              		.loc 1 184 0
 202 0010 024B     		ldr	r3, .L9
 203 0012 0122     		movs	r2, #1
 204 0014 1A70     		strb	r2, [r3]
 205              	.L8:
 185:.\Generated_Source\PSoC5/co.c ****     }
 186:.\Generated_Source\PSoC5/co.c ****     
 187:.\Generated_Source\PSoC5/co.c ****     /* Enable the Counter */
 188:.\Generated_Source\PSoC5/co.c ****     co_Enable();        
 206              		.loc 1 188 0
 207 0016 FFF7FEFF 		bl	co_Enable
 189:.\Generated_Source\PSoC5/co.c **** }
 208              		.loc 1 189 0
 209 001a 80BD     		pop	{r7, pc}
 210              	.L10:
ARM GAS  C:\Users\SCOTTC~1\AppData\Local\Temp\ccS9jV1l.s 			page 8


 211              		.align	2
 212              	.L9:
 213 001c 00000000 		.word	co_initVar
 214              		.cfi_endproc
 215              	.LFE2:
 216              		.size	co_Start, .-co_Start
 217              		.section	.text.co_Stop,"ax",%progbits
 218              		.align	2
 219              		.global	co_Stop
 220              		.thumb
 221              		.thumb_func
 222              		.type	co_Stop, %function
 223              	co_Stop:
 224              	.LFB3:
 190:.\Generated_Source\PSoC5/co.c **** 
 191:.\Generated_Source\PSoC5/co.c **** 
 192:.\Generated_Source\PSoC5/co.c **** /*******************************************************************************
 193:.\Generated_Source\PSoC5/co.c **** * Function Name: co_Stop
 194:.\Generated_Source\PSoC5/co.c **** ********************************************************************************
 195:.\Generated_Source\PSoC5/co.c **** * Summary:
 196:.\Generated_Source\PSoC5/co.c **** * Halts the counter, but does not change any modes or disable interrupts.
 197:.\Generated_Source\PSoC5/co.c **** *
 198:.\Generated_Source\PSoC5/co.c **** * Parameters:  
 199:.\Generated_Source\PSoC5/co.c **** *  void  
 200:.\Generated_Source\PSoC5/co.c **** *
 201:.\Generated_Source\PSoC5/co.c **** * Return: 
 202:.\Generated_Source\PSoC5/co.c **** *  void
 203:.\Generated_Source\PSoC5/co.c **** *
 204:.\Generated_Source\PSoC5/co.c **** * Side Effects: If the Enable mode is set to Hardware only then this function
 205:.\Generated_Source\PSoC5/co.c **** *               has no effect on the operation of the counter.
 206:.\Generated_Source\PSoC5/co.c **** *
 207:.\Generated_Source\PSoC5/co.c **** *******************************************************************************/
 208:.\Generated_Source\PSoC5/co.c **** void co_Stop(void) 
 209:.\Generated_Source\PSoC5/co.c **** {
 225              		.loc 1 209 0
 226              		.cfi_startproc
 227              		@ args = 0, pretend = 0, frame = 0
 228              		@ frame_needed = 1, uses_anonymous_args = 0
 229              		@ link register save eliminated.
 230 0000 80B4     		push	{r7}
 231              		.cfi_def_cfa_offset 4
 232              		.cfi_offset 7, -4
 233 0002 00AF     		add	r7, sp, #0
 234              		.cfi_def_cfa_register 7
 210:.\Generated_Source\PSoC5/co.c ****     /* Disable Counter */
 211:.\Generated_Source\PSoC5/co.c ****     #if(!co_ControlRegRemoved || co_UsingFixedFunction)
 212:.\Generated_Source\PSoC5/co.c ****         co_CONTROL &= ((uint8)(~co_CTRL_ENABLE));        
 235              		.loc 1 212 0
 236 0004 0D4B     		ldr	r3, .L12
 237 0006 0D4A     		ldr	r2, .L12
 238 0008 1278     		ldrb	r2, [r2]
 239 000a D2B2     		uxtb	r2, r2
 240 000c 22F00102 		bic	r2, r2, #1
 241 0010 D2B2     		uxtb	r2, r2
 242 0012 1A70     		strb	r2, [r3]
 213:.\Generated_Source\PSoC5/co.c ****     #endif /* (!co_ControlRegRemoved || co_UsingFixedFunction) */
 214:.\Generated_Source\PSoC5/co.c ****     
ARM GAS  C:\Users\SCOTTC~1\AppData\Local\Temp\ccS9jV1l.s 			page 9


 215:.\Generated_Source\PSoC5/co.c ****     /* Globally disable the Fixed Function Block chosen */
 216:.\Generated_Source\PSoC5/co.c ****     #if (co_UsingFixedFunction)
 217:.\Generated_Source\PSoC5/co.c ****         co_GLOBAL_ENABLE &= ((uint8)(~co_BLOCK_EN_MASK));
 243              		.loc 1 217 0
 244 0014 0A4B     		ldr	r3, .L12+4
 245 0016 0A4A     		ldr	r2, .L12+4
 246 0018 1278     		ldrb	r2, [r2]
 247 001a D2B2     		uxtb	r2, r2
 248 001c 22F00402 		bic	r2, r2, #4
 249 0020 D2B2     		uxtb	r2, r2
 250 0022 1A70     		strb	r2, [r3]
 218:.\Generated_Source\PSoC5/co.c ****         co_GLOBAL_STBY_ENABLE &= ((uint8)(~co_BLOCK_STBY_EN_MASK));
 251              		.loc 1 218 0
 252 0024 074B     		ldr	r3, .L12+8
 253 0026 074A     		ldr	r2, .L12+8
 254 0028 1278     		ldrb	r2, [r2]
 255 002a D2B2     		uxtb	r2, r2
 256 002c 22F00402 		bic	r2, r2, #4
 257 0030 D2B2     		uxtb	r2, r2
 258 0032 1A70     		strb	r2, [r3]
 219:.\Generated_Source\PSoC5/co.c ****     #endif /* (co_UsingFixedFunction) */
 220:.\Generated_Source\PSoC5/co.c **** }
 259              		.loc 1 220 0
 260 0034 BD46     		mov	sp, r7
 261              		@ sp needed
 262 0036 5DF8047B 		ldr	r7, [sp], #4
 263 003a 7047     		bx	lr
 264              	.L13:
 265              		.align	2
 266              	.L12:
 267 003c 184F0040 		.word	1073762072
 268 0040 A3430040 		.word	1073759139
 269 0044 B3430040 		.word	1073759155
 270              		.cfi_endproc
 271              	.LFE3:
 272              		.size	co_Stop, .-co_Stop
 273              		.section	.text.co_SetInterruptMode,"ax",%progbits
 274              		.align	2
 275              		.global	co_SetInterruptMode
 276              		.thumb
 277              		.thumb_func
 278              		.type	co_SetInterruptMode, %function
 279              	co_SetInterruptMode:
 280              	.LFB4:
 221:.\Generated_Source\PSoC5/co.c **** 
 222:.\Generated_Source\PSoC5/co.c **** 
 223:.\Generated_Source\PSoC5/co.c **** /*******************************************************************************
 224:.\Generated_Source\PSoC5/co.c **** * Function Name: co_SetInterruptMode
 225:.\Generated_Source\PSoC5/co.c **** ********************************************************************************
 226:.\Generated_Source\PSoC5/co.c **** * Summary:
 227:.\Generated_Source\PSoC5/co.c **** * Configures which interrupt sources are enabled to generate the final interrupt
 228:.\Generated_Source\PSoC5/co.c **** *
 229:.\Generated_Source\PSoC5/co.c **** * Parameters:  
 230:.\Generated_Source\PSoC5/co.c **** *  InterruptsMask: This parameter is an or'd collection of the status bits
 231:.\Generated_Source\PSoC5/co.c **** *                   which will be allowed to generate the counters interrupt.   
 232:.\Generated_Source\PSoC5/co.c **** *
 233:.\Generated_Source\PSoC5/co.c **** * Return: 
ARM GAS  C:\Users\SCOTTC~1\AppData\Local\Temp\ccS9jV1l.s 			page 10


 234:.\Generated_Source\PSoC5/co.c **** *  void
 235:.\Generated_Source\PSoC5/co.c **** *
 236:.\Generated_Source\PSoC5/co.c **** *******************************************************************************/
 237:.\Generated_Source\PSoC5/co.c **** void co_SetInterruptMode(uint8 interruptsMask) 
 238:.\Generated_Source\PSoC5/co.c **** {
 281              		.loc 1 238 0
 282              		.cfi_startproc
 283              		@ args = 0, pretend = 0, frame = 8
 284              		@ frame_needed = 1, uses_anonymous_args = 0
 285              		@ link register save eliminated.
 286 0000 80B4     		push	{r7}
 287              		.cfi_def_cfa_offset 4
 288              		.cfi_offset 7, -4
 289 0002 83B0     		sub	sp, sp, #12
 290              		.cfi_def_cfa_offset 16
 291 0004 00AF     		add	r7, sp, #0
 292              		.cfi_def_cfa_register 7
 293 0006 0346     		mov	r3, r0
 294 0008 FB71     		strb	r3, [r7, #7]
 239:.\Generated_Source\PSoC5/co.c ****     co_STATUS_MASK = interruptsMask;
 295              		.loc 1 239 0
 296 000a 044B     		ldr	r3, .L15
 297 000c FA79     		ldrb	r2, [r7, #7]
 298 000e 1A70     		strb	r2, [r3]
 240:.\Generated_Source\PSoC5/co.c **** }
 299              		.loc 1 240 0
 300 0010 0C37     		adds	r7, r7, #12
 301 0012 BD46     		mov	sp, r7
 302              		@ sp needed
 303 0014 5DF8047B 		ldr	r7, [sp], #4
 304 0018 7047     		bx	lr
 305              	.L16:
 306 001a 00BF     		.align	2
 307              	.L15:
 308 001c 1B4F0040 		.word	1073762075
 309              		.cfi_endproc
 310              	.LFE4:
 311              		.size	co_SetInterruptMode, .-co_SetInterruptMode
 312              		.section	.text.co_ReadStatusRegister,"ax",%progbits
 313              		.align	2
 314              		.global	co_ReadStatusRegister
 315              		.thumb
 316              		.thumb_func
 317              		.type	co_ReadStatusRegister, %function
 318              	co_ReadStatusRegister:
 319              	.LFB5:
 241:.\Generated_Source\PSoC5/co.c **** 
 242:.\Generated_Source\PSoC5/co.c **** 
 243:.\Generated_Source\PSoC5/co.c **** /*******************************************************************************
 244:.\Generated_Source\PSoC5/co.c **** * Function Name: co_ReadStatusRegister
 245:.\Generated_Source\PSoC5/co.c **** ********************************************************************************
 246:.\Generated_Source\PSoC5/co.c **** * Summary:
 247:.\Generated_Source\PSoC5/co.c **** *   Reads the status register and returns it's state. This function should use
 248:.\Generated_Source\PSoC5/co.c **** *       defined types for the bit-field information as the bits in this
 249:.\Generated_Source\PSoC5/co.c **** *       register may be permuteable.
 250:.\Generated_Source\PSoC5/co.c **** *
 251:.\Generated_Source\PSoC5/co.c **** * Parameters:  
ARM GAS  C:\Users\SCOTTC~1\AppData\Local\Temp\ccS9jV1l.s 			page 11


 252:.\Generated_Source\PSoC5/co.c **** *  void
 253:.\Generated_Source\PSoC5/co.c **** *
 254:.\Generated_Source\PSoC5/co.c **** * Return: 
 255:.\Generated_Source\PSoC5/co.c **** *  (uint8) The contents of the status register
 256:.\Generated_Source\PSoC5/co.c **** *
 257:.\Generated_Source\PSoC5/co.c **** * Side Effects:
 258:.\Generated_Source\PSoC5/co.c **** *   Status register bits may be clear on read. 
 259:.\Generated_Source\PSoC5/co.c **** *
 260:.\Generated_Source\PSoC5/co.c **** *******************************************************************************/
 261:.\Generated_Source\PSoC5/co.c **** uint8   co_ReadStatusRegister(void) 
 262:.\Generated_Source\PSoC5/co.c **** {
 320              		.loc 1 262 0
 321              		.cfi_startproc
 322              		@ args = 0, pretend = 0, frame = 0
 323              		@ frame_needed = 1, uses_anonymous_args = 0
 324              		@ link register save eliminated.
 325 0000 80B4     		push	{r7}
 326              		.cfi_def_cfa_offset 4
 327              		.cfi_offset 7, -4
 328 0002 00AF     		add	r7, sp, #0
 329              		.cfi_def_cfa_register 7
 263:.\Generated_Source\PSoC5/co.c ****     return co_STATUS;
 330              		.loc 1 263 0
 331 0004 034B     		ldr	r3, .L19
 332 0006 1B78     		ldrb	r3, [r3]
 333 0008 DBB2     		uxtb	r3, r3
 264:.\Generated_Source\PSoC5/co.c **** }
 334              		.loc 1 264 0
 335 000a 1846     		mov	r0, r3
 336 000c BD46     		mov	sp, r7
 337              		@ sp needed
 338 000e 5DF8047B 		ldr	r7, [sp], #4
 339 0012 7047     		bx	lr
 340              	.L20:
 341              		.align	2
 342              	.L19:
 343 0014 1B4F0040 		.word	1073762075
 344              		.cfi_endproc
 345              	.LFE5:
 346              		.size	co_ReadStatusRegister, .-co_ReadStatusRegister
 347              		.section	.text.co_ReadControlRegister,"ax",%progbits
 348              		.align	2
 349              		.global	co_ReadControlRegister
 350              		.thumb
 351              		.thumb_func
 352              		.type	co_ReadControlRegister, %function
 353              	co_ReadControlRegister:
 354              	.LFB6:
 265:.\Generated_Source\PSoC5/co.c **** 
 266:.\Generated_Source\PSoC5/co.c **** 
 267:.\Generated_Source\PSoC5/co.c **** #if(!co_ControlRegRemoved)
 268:.\Generated_Source\PSoC5/co.c **** /*******************************************************************************
 269:.\Generated_Source\PSoC5/co.c **** * Function Name: co_ReadControlRegister
 270:.\Generated_Source\PSoC5/co.c **** ********************************************************************************
 271:.\Generated_Source\PSoC5/co.c **** * Summary:
 272:.\Generated_Source\PSoC5/co.c **** *   Reads the control register and returns it's state. This function should use
 273:.\Generated_Source\PSoC5/co.c **** *       defined types for the bit-field information as the bits in this
ARM GAS  C:\Users\SCOTTC~1\AppData\Local\Temp\ccS9jV1l.s 			page 12


 274:.\Generated_Source\PSoC5/co.c **** *       register may be permuteable.
 275:.\Generated_Source\PSoC5/co.c **** *
 276:.\Generated_Source\PSoC5/co.c **** * Parameters:  
 277:.\Generated_Source\PSoC5/co.c **** *  void
 278:.\Generated_Source\PSoC5/co.c **** *
 279:.\Generated_Source\PSoC5/co.c **** * Return: 
 280:.\Generated_Source\PSoC5/co.c **** *  (uint8) The contents of the control register
 281:.\Generated_Source\PSoC5/co.c **** *
 282:.\Generated_Source\PSoC5/co.c **** *******************************************************************************/
 283:.\Generated_Source\PSoC5/co.c **** uint8   co_ReadControlRegister(void) 
 284:.\Generated_Source\PSoC5/co.c **** {
 355              		.loc 1 284 0
 356              		.cfi_startproc
 357              		@ args = 0, pretend = 0, frame = 0
 358              		@ frame_needed = 1, uses_anonymous_args = 0
 359              		@ link register save eliminated.
 360 0000 80B4     		push	{r7}
 361              		.cfi_def_cfa_offset 4
 362              		.cfi_offset 7, -4
 363 0002 00AF     		add	r7, sp, #0
 364              		.cfi_def_cfa_register 7
 285:.\Generated_Source\PSoC5/co.c ****     return co_CONTROL;
 365              		.loc 1 285 0
 366 0004 034B     		ldr	r3, .L23
 367 0006 1B78     		ldrb	r3, [r3]
 368 0008 DBB2     		uxtb	r3, r3
 286:.\Generated_Source\PSoC5/co.c **** }
 369              		.loc 1 286 0
 370 000a 1846     		mov	r0, r3
 371 000c BD46     		mov	sp, r7
 372              		@ sp needed
 373 000e 5DF8047B 		ldr	r7, [sp], #4
 374 0012 7047     		bx	lr
 375              	.L24:
 376              		.align	2
 377              	.L23:
 378 0014 184F0040 		.word	1073762072
 379              		.cfi_endproc
 380              	.LFE6:
 381              		.size	co_ReadControlRegister, .-co_ReadControlRegister
 382              		.section	.text.co_WriteControlRegister,"ax",%progbits
 383              		.align	2
 384              		.global	co_WriteControlRegister
 385              		.thumb
 386              		.thumb_func
 387              		.type	co_WriteControlRegister, %function
 388              	co_WriteControlRegister:
 389              	.LFB7:
 287:.\Generated_Source\PSoC5/co.c **** 
 288:.\Generated_Source\PSoC5/co.c **** 
 289:.\Generated_Source\PSoC5/co.c **** /*******************************************************************************
 290:.\Generated_Source\PSoC5/co.c **** * Function Name: co_WriteControlRegister
 291:.\Generated_Source\PSoC5/co.c **** ********************************************************************************
 292:.\Generated_Source\PSoC5/co.c **** * Summary:
 293:.\Generated_Source\PSoC5/co.c **** *   Sets the bit-field of the control register.  This function should use
 294:.\Generated_Source\PSoC5/co.c **** *       defined types for the bit-field information as the bits in this
 295:.\Generated_Source\PSoC5/co.c **** *       register may be permuteable.
ARM GAS  C:\Users\SCOTTC~1\AppData\Local\Temp\ccS9jV1l.s 			page 13


 296:.\Generated_Source\PSoC5/co.c **** *
 297:.\Generated_Source\PSoC5/co.c **** * Parameters:  
 298:.\Generated_Source\PSoC5/co.c **** *  void
 299:.\Generated_Source\PSoC5/co.c **** *
 300:.\Generated_Source\PSoC5/co.c **** * Return: 
 301:.\Generated_Source\PSoC5/co.c **** *  (uint8) The contents of the control register
 302:.\Generated_Source\PSoC5/co.c **** *
 303:.\Generated_Source\PSoC5/co.c **** *******************************************************************************/
 304:.\Generated_Source\PSoC5/co.c **** void    co_WriteControlRegister(uint8 control) 
 305:.\Generated_Source\PSoC5/co.c **** {
 390              		.loc 1 305 0
 391              		.cfi_startproc
 392              		@ args = 0, pretend = 0, frame = 8
 393              		@ frame_needed = 1, uses_anonymous_args = 0
 394              		@ link register save eliminated.
 395 0000 80B4     		push	{r7}
 396              		.cfi_def_cfa_offset 4
 397              		.cfi_offset 7, -4
 398 0002 83B0     		sub	sp, sp, #12
 399              		.cfi_def_cfa_offset 16
 400 0004 00AF     		add	r7, sp, #0
 401              		.cfi_def_cfa_register 7
 402 0006 0346     		mov	r3, r0
 403 0008 FB71     		strb	r3, [r7, #7]
 306:.\Generated_Source\PSoC5/co.c ****     co_CONTROL = control;
 404              		.loc 1 306 0
 405 000a 044B     		ldr	r3, .L26
 406 000c FA79     		ldrb	r2, [r7, #7]
 407 000e 1A70     		strb	r2, [r3]
 307:.\Generated_Source\PSoC5/co.c **** }
 408              		.loc 1 307 0
 409 0010 0C37     		adds	r7, r7, #12
 410 0012 BD46     		mov	sp, r7
 411              		@ sp needed
 412 0014 5DF8047B 		ldr	r7, [sp], #4
 413 0018 7047     		bx	lr
 414              	.L27:
 415 001a 00BF     		.align	2
 416              	.L26:
 417 001c 184F0040 		.word	1073762072
 418              		.cfi_endproc
 419              	.LFE7:
 420              		.size	co_WriteControlRegister, .-co_WriteControlRegister
 421              		.section	.text.co_WriteCounter,"ax",%progbits
 422              		.align	2
 423              		.global	co_WriteCounter
 424              		.thumb
 425              		.thumb_func
 426              		.type	co_WriteCounter, %function
 427              	co_WriteCounter:
 428              	.LFB8:
 308:.\Generated_Source\PSoC5/co.c **** 
 309:.\Generated_Source\PSoC5/co.c **** #endif  /* (!co_ControlRegRemoved) */
 310:.\Generated_Source\PSoC5/co.c **** 
 311:.\Generated_Source\PSoC5/co.c **** 
 312:.\Generated_Source\PSoC5/co.c **** #if (!(co_UsingFixedFunction && (CY_PSOC5A)))
 313:.\Generated_Source\PSoC5/co.c **** /*******************************************************************************
ARM GAS  C:\Users\SCOTTC~1\AppData\Local\Temp\ccS9jV1l.s 			page 14


 314:.\Generated_Source\PSoC5/co.c **** * Function Name: co_WriteCounter
 315:.\Generated_Source\PSoC5/co.c **** ********************************************************************************
 316:.\Generated_Source\PSoC5/co.c **** * Summary:
 317:.\Generated_Source\PSoC5/co.c **** *   This funtion is used to set the counter to a specific value
 318:.\Generated_Source\PSoC5/co.c **** *
 319:.\Generated_Source\PSoC5/co.c **** * Parameters:  
 320:.\Generated_Source\PSoC5/co.c **** *  counter:  New counter value. 
 321:.\Generated_Source\PSoC5/co.c **** *
 322:.\Generated_Source\PSoC5/co.c **** * Return: 
 323:.\Generated_Source\PSoC5/co.c **** *  void 
 324:.\Generated_Source\PSoC5/co.c **** *
 325:.\Generated_Source\PSoC5/co.c **** *******************************************************************************/
 326:.\Generated_Source\PSoC5/co.c **** void co_WriteCounter(uint16 counter) \
 327:.\Generated_Source\PSoC5/co.c ****                                    
 328:.\Generated_Source\PSoC5/co.c **** {
 429              		.loc 1 328 0
 430              		.cfi_startproc
 431              		@ args = 0, pretend = 0, frame = 8
 432              		@ frame_needed = 1, uses_anonymous_args = 0
 433 0000 80B5     		push	{r7, lr}
 434              		.cfi_def_cfa_offset 8
 435              		.cfi_offset 7, -8
 436              		.cfi_offset 14, -4
 437 0002 82B0     		sub	sp, sp, #8
 438              		.cfi_def_cfa_offset 16
 439 0004 00AF     		add	r7, sp, #0
 440              		.cfi_def_cfa_register 7
 441 0006 0346     		mov	r3, r0
 442 0008 FB80     		strh	r3, [r7, #6]	@ movhi
 329:.\Generated_Source\PSoC5/co.c ****     #if(co_UsingFixedFunction)
 330:.\Generated_Source\PSoC5/co.c ****         /* assert if block is already enabled */
 331:.\Generated_Source\PSoC5/co.c ****         CYASSERT (0u == (co_GLOBAL_ENABLE & co_BLOCK_EN_MASK));
 443              		.loc 1 331 0
 444 000a 104B     		ldr	r3, .L30
 445 000c 1B78     		ldrb	r3, [r3]
 446 000e DBB2     		uxtb	r3, r3
 447 0010 03F00403 		and	r3, r3, #4
 448 0014 002B     		cmp	r3, #0
 449 0016 02D0     		beq	.L29
 450              		.loc 1 331 0 is_stmt 0 discriminator 1
 451 0018 0020     		movs	r0, #0
 452 001a FFF7FEFF 		bl	CyHalt
 453              	.L29:
 332:.\Generated_Source\PSoC5/co.c ****         /* If block is disabled, enable it and then write the counter */
 333:.\Generated_Source\PSoC5/co.c ****         co_GLOBAL_ENABLE |= co_BLOCK_EN_MASK;
 454              		.loc 1 333 0 is_stmt 1
 455 001e 0B4B     		ldr	r3, .L30
 456 0020 0A4A     		ldr	r2, .L30
 457 0022 1278     		ldrb	r2, [r2]
 458 0024 D2B2     		uxtb	r2, r2
 459 0026 42F00402 		orr	r2, r2, #4
 460 002a D2B2     		uxtb	r2, r2
 461 002c 1A70     		strb	r2, [r3]
 334:.\Generated_Source\PSoC5/co.c ****         CY_SET_REG16(co_COUNTER_LSB_PTR, (uint16)counter);
 462              		.loc 1 334 0
 463 002e 084B     		ldr	r3, .L30+4
 464 0030 FA88     		ldrh	r2, [r7, #6]	@ movhi
ARM GAS  C:\Users\SCOTTC~1\AppData\Local\Temp\ccS9jV1l.s 			page 15


 465 0032 1A80     		strh	r2, [r3]	@ movhi
 335:.\Generated_Source\PSoC5/co.c ****         co_GLOBAL_ENABLE &= ((uint8)(~co_BLOCK_EN_MASK));
 466              		.loc 1 335 0
 467 0034 054B     		ldr	r3, .L30
 468 0036 054A     		ldr	r2, .L30
 469 0038 1278     		ldrb	r2, [r2]
 470 003a D2B2     		uxtb	r2, r2
 471 003c 22F00402 		bic	r2, r2, #4
 472 0040 D2B2     		uxtb	r2, r2
 473 0042 1A70     		strb	r2, [r3]
 336:.\Generated_Source\PSoC5/co.c ****     #else
 337:.\Generated_Source\PSoC5/co.c ****         CY_SET_REG16(co_COUNTER_LSB_PTR, counter);
 338:.\Generated_Source\PSoC5/co.c ****     #endif /* (co_UsingFixedFunction) */
 339:.\Generated_Source\PSoC5/co.c **** }
 474              		.loc 1 339 0
 475 0044 0837     		adds	r7, r7, #8
 476 0046 BD46     		mov	sp, r7
 477              		@ sp needed
 478 0048 80BD     		pop	{r7, pc}
 479              	.L31:
 480 004a 00BF     		.align	2
 481              	.L30:
 482 004c A3430040 		.word	1073759139
 483 0050 1E4F0040 		.word	1073762078
 484              		.cfi_endproc
 485              	.LFE8:
 486              		.size	co_WriteCounter, .-co_WriteCounter
 487              		.section	.text.co_ReadCounter,"ax",%progbits
 488              		.align	2
 489              		.global	co_ReadCounter
 490              		.thumb
 491              		.thumb_func
 492              		.type	co_ReadCounter, %function
 493              	co_ReadCounter:
 494              	.LFB9:
 340:.\Generated_Source\PSoC5/co.c **** #endif /* (!(co_UsingFixedFunction && (CY_PSOC5A))) */
 341:.\Generated_Source\PSoC5/co.c **** 
 342:.\Generated_Source\PSoC5/co.c **** 
 343:.\Generated_Source\PSoC5/co.c **** /*******************************************************************************
 344:.\Generated_Source\PSoC5/co.c **** * Function Name: co_ReadCounter
 345:.\Generated_Source\PSoC5/co.c **** ********************************************************************************
 346:.\Generated_Source\PSoC5/co.c **** * Summary:
 347:.\Generated_Source\PSoC5/co.c **** * Returns the current value of the counter.  It doesn't matter
 348:.\Generated_Source\PSoC5/co.c **** * if the counter is enabled or running.
 349:.\Generated_Source\PSoC5/co.c **** *
 350:.\Generated_Source\PSoC5/co.c **** * Parameters:  
 351:.\Generated_Source\PSoC5/co.c **** *  void:  
 352:.\Generated_Source\PSoC5/co.c **** *
 353:.\Generated_Source\PSoC5/co.c **** * Return: 
 354:.\Generated_Source\PSoC5/co.c **** *  (uint16) The present value of the counter.
 355:.\Generated_Source\PSoC5/co.c **** *
 356:.\Generated_Source\PSoC5/co.c **** *******************************************************************************/
 357:.\Generated_Source\PSoC5/co.c **** uint16 co_ReadCounter(void) 
 358:.\Generated_Source\PSoC5/co.c **** {
 495              		.loc 1 358 0
 496              		.cfi_startproc
 497              		@ args = 0, pretend = 0, frame = 0
ARM GAS  C:\Users\SCOTTC~1\AppData\Local\Temp\ccS9jV1l.s 			page 16


 498              		@ frame_needed = 1, uses_anonymous_args = 0
 499              		@ link register save eliminated.
 500 0000 80B4     		push	{r7}
 501              		.cfi_def_cfa_offset 4
 502              		.cfi_offset 7, -4
 503 0002 00AF     		add	r7, sp, #0
 504              		.cfi_def_cfa_register 7
 359:.\Generated_Source\PSoC5/co.c ****     /* Force capture by reading Accumulator */
 360:.\Generated_Source\PSoC5/co.c ****     /* Must first do a software capture to be able to read the counter */
 361:.\Generated_Source\PSoC5/co.c ****     /* It is up to the user code to make sure there isn't already captured data in the FIFO */
 362:.\Generated_Source\PSoC5/co.c ****     #if(co_UsingFixedFunction)
 363:.\Generated_Source\PSoC5/co.c **** 		(void)CY_GET_REG16(co_COUNTER_LSB_PTR);
 505              		.loc 1 363 0
 506 0004 044B     		ldr	r3, .L34
 507 0006 1B88     		ldrh	r3, [r3]	@ movhi
 364:.\Generated_Source\PSoC5/co.c **** 	#else
 365:.\Generated_Source\PSoC5/co.c **** 		(void)CY_GET_REG8(co_COUNTER_LSB_PTR_8BIT);
 366:.\Generated_Source\PSoC5/co.c **** 	#endif/* (co_UsingFixedFunction) */
 367:.\Generated_Source\PSoC5/co.c ****     
 368:.\Generated_Source\PSoC5/co.c ****     /* Read the data from the FIFO (or capture register for Fixed Function)*/
 369:.\Generated_Source\PSoC5/co.c ****     #if(co_UsingFixedFunction)
 370:.\Generated_Source\PSoC5/co.c ****         return ((uint16)CY_GET_REG16(co_STATICCOUNT_LSB_PTR));
 508              		.loc 1 370 0
 509 0008 044B     		ldr	r3, .L34+4
 510 000a 1B88     		ldrh	r3, [r3]	@ movhi
 511 000c 9BB2     		uxth	r3, r3
 371:.\Generated_Source\PSoC5/co.c ****     #else
 372:.\Generated_Source\PSoC5/co.c ****         return (CY_GET_REG16(co_STATICCOUNT_LSB_PTR));
 373:.\Generated_Source\PSoC5/co.c ****     #endif /* (co_UsingFixedFunction) */
 374:.\Generated_Source\PSoC5/co.c **** }
 512              		.loc 1 374 0
 513 000e 1846     		mov	r0, r3
 514 0010 BD46     		mov	sp, r7
 515              		@ sp needed
 516 0012 5DF8047B 		ldr	r7, [sp], #4
 517 0016 7047     		bx	lr
 518              	.L35:
 519              		.align	2
 520              	.L34:
 521 0018 1E4F0040 		.word	1073762078
 522 001c 204F0040 		.word	1073762080
 523              		.cfi_endproc
 524              	.LFE9:
 525              		.size	co_ReadCounter, .-co_ReadCounter
 526              		.section	.text.co_ReadCapture,"ax",%progbits
 527              		.align	2
 528              		.global	co_ReadCapture
 529              		.thumb
 530              		.thumb_func
 531              		.type	co_ReadCapture, %function
 532              	co_ReadCapture:
 533              	.LFB10:
 375:.\Generated_Source\PSoC5/co.c **** 
 376:.\Generated_Source\PSoC5/co.c **** 
 377:.\Generated_Source\PSoC5/co.c **** /*******************************************************************************
 378:.\Generated_Source\PSoC5/co.c **** * Function Name: co_ReadCapture
 379:.\Generated_Source\PSoC5/co.c **** ********************************************************************************
ARM GAS  C:\Users\SCOTTC~1\AppData\Local\Temp\ccS9jV1l.s 			page 17


 380:.\Generated_Source\PSoC5/co.c **** * Summary:
 381:.\Generated_Source\PSoC5/co.c **** *   This function returns the last value captured.
 382:.\Generated_Source\PSoC5/co.c **** *
 383:.\Generated_Source\PSoC5/co.c **** * Parameters:  
 384:.\Generated_Source\PSoC5/co.c **** *  void
 385:.\Generated_Source\PSoC5/co.c **** *
 386:.\Generated_Source\PSoC5/co.c **** * Return: 
 387:.\Generated_Source\PSoC5/co.c **** *  (uint16) Present Capture value.
 388:.\Generated_Source\PSoC5/co.c **** *
 389:.\Generated_Source\PSoC5/co.c **** *******************************************************************************/
 390:.\Generated_Source\PSoC5/co.c **** uint16 co_ReadCapture(void) 
 391:.\Generated_Source\PSoC5/co.c **** {
 534              		.loc 1 391 0
 535              		.cfi_startproc
 536              		@ args = 0, pretend = 0, frame = 0
 537              		@ frame_needed = 1, uses_anonymous_args = 0
 538              		@ link register save eliminated.
 539 0000 80B4     		push	{r7}
 540              		.cfi_def_cfa_offset 4
 541              		.cfi_offset 7, -4
 542 0002 00AF     		add	r7, sp, #0
 543              		.cfi_def_cfa_register 7
 392:.\Generated_Source\PSoC5/co.c ****     #if(co_UsingFixedFunction)
 393:.\Generated_Source\PSoC5/co.c ****         return ((uint16)CY_GET_REG16(co_STATICCOUNT_LSB_PTR));
 544              		.loc 1 393 0
 545 0004 034B     		ldr	r3, .L38
 546 0006 1B88     		ldrh	r3, [r3]	@ movhi
 547 0008 9BB2     		uxth	r3, r3
 394:.\Generated_Source\PSoC5/co.c ****     #else
 395:.\Generated_Source\PSoC5/co.c ****         return (CY_GET_REG16(co_STATICCOUNT_LSB_PTR));
 396:.\Generated_Source\PSoC5/co.c ****     #endif /* (co_UsingFixedFunction) */
 397:.\Generated_Source\PSoC5/co.c **** }
 548              		.loc 1 397 0
 549 000a 1846     		mov	r0, r3
 550 000c BD46     		mov	sp, r7
 551              		@ sp needed
 552 000e 5DF8047B 		ldr	r7, [sp], #4
 553 0012 7047     		bx	lr
 554              	.L39:
 555              		.align	2
 556              	.L38:
 557 0014 204F0040 		.word	1073762080
 558              		.cfi_endproc
 559              	.LFE10:
 560              		.size	co_ReadCapture, .-co_ReadCapture
 561              		.section	.text.co_WritePeriod,"ax",%progbits
 562              		.align	2
 563              		.global	co_WritePeriod
 564              		.thumb
 565              		.thumb_func
 566              		.type	co_WritePeriod, %function
 567              	co_WritePeriod:
 568              	.LFB11:
 398:.\Generated_Source\PSoC5/co.c **** 
 399:.\Generated_Source\PSoC5/co.c **** 
 400:.\Generated_Source\PSoC5/co.c **** /*******************************************************************************
 401:.\Generated_Source\PSoC5/co.c **** * Function Name: co_WritePeriod
ARM GAS  C:\Users\SCOTTC~1\AppData\Local\Temp\ccS9jV1l.s 			page 18


 402:.\Generated_Source\PSoC5/co.c **** ********************************************************************************
 403:.\Generated_Source\PSoC5/co.c **** * Summary:
 404:.\Generated_Source\PSoC5/co.c **** * Changes the period of the counter.  The new period 
 405:.\Generated_Source\PSoC5/co.c **** * will be loaded the next time terminal count is detected.
 406:.\Generated_Source\PSoC5/co.c **** *
 407:.\Generated_Source\PSoC5/co.c **** * Parameters:  
 408:.\Generated_Source\PSoC5/co.c **** *  period: (uint16) A value of 0 will result in
 409:.\Generated_Source\PSoC5/co.c **** *         the counter remaining at zero.  
 410:.\Generated_Source\PSoC5/co.c **** *
 411:.\Generated_Source\PSoC5/co.c **** * Return: 
 412:.\Generated_Source\PSoC5/co.c **** *  void
 413:.\Generated_Source\PSoC5/co.c **** *
 414:.\Generated_Source\PSoC5/co.c **** *******************************************************************************/
 415:.\Generated_Source\PSoC5/co.c **** void co_WritePeriod(uint16 period) 
 416:.\Generated_Source\PSoC5/co.c **** {
 569              		.loc 1 416 0
 570              		.cfi_startproc
 571              		@ args = 0, pretend = 0, frame = 8
 572              		@ frame_needed = 1, uses_anonymous_args = 0
 573              		@ link register save eliminated.
 574 0000 80B4     		push	{r7}
 575              		.cfi_def_cfa_offset 4
 576              		.cfi_offset 7, -4
 577 0002 83B0     		sub	sp, sp, #12
 578              		.cfi_def_cfa_offset 16
 579 0004 00AF     		add	r7, sp, #0
 580              		.cfi_def_cfa_register 7
 581 0006 0346     		mov	r3, r0
 582 0008 FB80     		strh	r3, [r7, #6]	@ movhi
 417:.\Generated_Source\PSoC5/co.c ****     #if(co_UsingFixedFunction)
 418:.\Generated_Source\PSoC5/co.c ****         CY_SET_REG16(co_PERIOD_LSB_PTR,(uint16)period);
 583              		.loc 1 418 0
 584 000a 044B     		ldr	r3, .L41
 585 000c FA88     		ldrh	r2, [r7, #6]	@ movhi
 586 000e 1A80     		strh	r2, [r3]	@ movhi
 419:.\Generated_Source\PSoC5/co.c ****     #else
 420:.\Generated_Source\PSoC5/co.c ****         CY_SET_REG16(co_PERIOD_LSB_PTR, period);
 421:.\Generated_Source\PSoC5/co.c ****     #endif /* (co_UsingFixedFunction) */
 422:.\Generated_Source\PSoC5/co.c **** }
 587              		.loc 1 422 0
 588 0010 0C37     		adds	r7, r7, #12
 589 0012 BD46     		mov	sp, r7
 590              		@ sp needed
 591 0014 5DF8047B 		ldr	r7, [sp], #4
 592 0018 7047     		bx	lr
 593              	.L42:
 594 001a 00BF     		.align	2
 595              	.L41:
 596 001c 1C4F0040 		.word	1073762076
 597              		.cfi_endproc
 598              	.LFE11:
 599              		.size	co_WritePeriod, .-co_WritePeriod
 600              		.section	.text.co_ReadPeriod,"ax",%progbits
 601              		.align	2
 602              		.global	co_ReadPeriod
 603              		.thumb
 604              		.thumb_func
ARM GAS  C:\Users\SCOTTC~1\AppData\Local\Temp\ccS9jV1l.s 			page 19


 605              		.type	co_ReadPeriod, %function
 606              	co_ReadPeriod:
 607              	.LFB12:
 423:.\Generated_Source\PSoC5/co.c **** 
 424:.\Generated_Source\PSoC5/co.c **** 
 425:.\Generated_Source\PSoC5/co.c **** /*******************************************************************************
 426:.\Generated_Source\PSoC5/co.c **** * Function Name: co_ReadPeriod
 427:.\Generated_Source\PSoC5/co.c **** ********************************************************************************
 428:.\Generated_Source\PSoC5/co.c **** * Summary:
 429:.\Generated_Source\PSoC5/co.c **** * Reads the current period value without affecting counter operation.
 430:.\Generated_Source\PSoC5/co.c **** *
 431:.\Generated_Source\PSoC5/co.c **** * Parameters:  
 432:.\Generated_Source\PSoC5/co.c **** *  void:  
 433:.\Generated_Source\PSoC5/co.c **** *
 434:.\Generated_Source\PSoC5/co.c **** * Return: 
 435:.\Generated_Source\PSoC5/co.c **** *  (uint16) Present period value.
 436:.\Generated_Source\PSoC5/co.c **** *
 437:.\Generated_Source\PSoC5/co.c **** *******************************************************************************/
 438:.\Generated_Source\PSoC5/co.c **** uint16 co_ReadPeriod(void) 
 439:.\Generated_Source\PSoC5/co.c **** {
 608              		.loc 1 439 0
 609              		.cfi_startproc
 610              		@ args = 0, pretend = 0, frame = 0
 611              		@ frame_needed = 1, uses_anonymous_args = 0
 612              		@ link register save eliminated.
 613 0000 80B4     		push	{r7}
 614              		.cfi_def_cfa_offset 4
 615              		.cfi_offset 7, -4
 616 0002 00AF     		add	r7, sp, #0
 617              		.cfi_def_cfa_register 7
 440:.\Generated_Source\PSoC5/co.c ****     #if(co_UsingFixedFunction)
 441:.\Generated_Source\PSoC5/co.c ****         return ((uint16)CY_GET_REG16(co_PERIOD_LSB_PTR));
 618              		.loc 1 441 0
 619 0004 034B     		ldr	r3, .L45
 620 0006 1B88     		ldrh	r3, [r3]	@ movhi
 621 0008 9BB2     		uxth	r3, r3
 442:.\Generated_Source\PSoC5/co.c ****     #else
 443:.\Generated_Source\PSoC5/co.c ****         return (CY_GET_REG16(co_PERIOD_LSB_PTR));
 444:.\Generated_Source\PSoC5/co.c ****     #endif /* (co_UsingFixedFunction) */
 445:.\Generated_Source\PSoC5/co.c **** }
 622              		.loc 1 445 0
 623 000a 1846     		mov	r0, r3
 624 000c BD46     		mov	sp, r7
 625              		@ sp needed
 626 000e 5DF8047B 		ldr	r7, [sp], #4
 627 0012 7047     		bx	lr
 628              	.L46:
 629              		.align	2
 630              	.L45:
 631 0014 1C4F0040 		.word	1073762076
 632              		.cfi_endproc
 633              	.LFE12:
 634              		.size	co_ReadPeriod, .-co_ReadPeriod
 635              		.text
 636              	.Letext0:
 637              		.file 2 ".\\Generated_Source\\PSoC5\\cytypes.h"
 638              		.section	.debug_info,"",%progbits
ARM GAS  C:\Users\SCOTTC~1\AppData\Local\Temp\ccS9jV1l.s 			page 20


 639              	.Ldebug_info0:
 640 0000 15020000 		.4byte	0x215
 641 0004 0400     		.2byte	0x4
 642 0006 00000000 		.4byte	.Ldebug_abbrev0
 643 000a 04       		.byte	0x4
 644 000b 01       		.uleb128 0x1
 645 000c 9E010000 		.4byte	.LASF34
 646 0010 01       		.byte	0x1
 647 0011 DE000000 		.4byte	.LASF35
 648 0015 25010000 		.4byte	.LASF36
 649 0019 00000000 		.4byte	.Ldebug_ranges0+0
 650 001d 00000000 		.4byte	0
 651 0021 00000000 		.4byte	.Ldebug_line0
 652 0025 02       		.uleb128 0x2
 653 0026 01       		.byte	0x1
 654 0027 06       		.byte	0x6
 655 0028 81020000 		.4byte	.LASF0
 656 002c 02       		.uleb128 0x2
 657 002d 01       		.byte	0x1
 658 002e 08       		.byte	0x8
 659 002f 0A010000 		.4byte	.LASF1
 660 0033 02       		.uleb128 0x2
 661 0034 02       		.byte	0x2
 662 0035 05       		.byte	0x5
 663 0036 44020000 		.4byte	.LASF2
 664 003a 02       		.uleb128 0x2
 665 003b 02       		.byte	0x2
 666 003c 07       		.byte	0x7
 667 003d 51000000 		.4byte	.LASF3
 668 0041 02       		.uleb128 0x2
 669 0042 04       		.byte	0x4
 670 0043 05       		.byte	0x5
 671 0044 5E020000 		.4byte	.LASF4
 672 0048 02       		.uleb128 0x2
 673 0049 04       		.byte	0x4
 674 004a 07       		.byte	0x7
 675 004b 8F000000 		.4byte	.LASF5
 676 004f 02       		.uleb128 0x2
 677 0050 08       		.byte	0x8
 678 0051 05       		.byte	0x5
 679 0052 31020000 		.4byte	.LASF6
 680 0056 02       		.uleb128 0x2
 681 0057 08       		.byte	0x8
 682 0058 07       		.byte	0x7
 683 0059 7D010000 		.4byte	.LASF7
 684 005d 03       		.uleb128 0x3
 685 005e 04       		.byte	0x4
 686 005f 05       		.byte	0x5
 687 0060 696E7400 		.ascii	"int\000"
 688 0064 02       		.uleb128 0x2
 689 0065 04       		.byte	0x4
 690 0066 07       		.byte	0x7
 691 0067 18010000 		.4byte	.LASF8
 692 006b 04       		.uleb128 0x4
 693 006c A1000000 		.4byte	.LASF9
 694 0070 02       		.byte	0x2
 695 0071 A1       		.byte	0xa1
ARM GAS  C:\Users\SCOTTC~1\AppData\Local\Temp\ccS9jV1l.s 			page 21


 696 0072 2C000000 		.4byte	0x2c
 697 0076 04       		.uleb128 0x4
 698 0077 03010000 		.4byte	.LASF10
 699 007b 02       		.byte	0x2
 700 007c A2       		.byte	0xa2
 701 007d 3A000000 		.4byte	0x3a
 702 0081 02       		.uleb128 0x2
 703 0082 04       		.byte	0x4
 704 0083 04       		.byte	0x4
 705 0084 6D000000 		.4byte	.LASF11
 706 0088 02       		.uleb128 0x2
 707 0089 08       		.byte	0x8
 708 008a 04       		.byte	0x4
 709 008b FC000000 		.4byte	.LASF12
 710 008f 02       		.uleb128 0x2
 711 0090 01       		.byte	0x1
 712 0091 08       		.byte	0x8
 713 0092 3F020000 		.4byte	.LASF13
 714 0096 05       		.uleb128 0x5
 715 0097 8A000000 		.4byte	.LASF14
 716 009b 02       		.byte	0x2
 717 009c 4B01     		.2byte	0x14b
 718 009e A2000000 		.4byte	0xa2
 719 00a2 06       		.uleb128 0x6
 720 00a3 6B000000 		.4byte	0x6b
 721 00a7 05       		.uleb128 0x5
 722 00a8 00000000 		.4byte	.LASF15
 723 00ac 02       		.byte	0x2
 724 00ad 4C01     		.2byte	0x14c
 725 00af B3000000 		.4byte	0xb3
 726 00b3 06       		.uleb128 0x6
 727 00b4 76000000 		.4byte	0x76
 728 00b8 02       		.uleb128 0x2
 729 00b9 04       		.byte	0x4
 730 00ba 07       		.byte	0x7
 731 00bb 1A020000 		.4byte	.LASF16
 732 00bf 07       		.uleb128 0x7
 733 00c0 2B000000 		.4byte	.LASF17
 734 00c4 01       		.byte	0x1
 735 00c5 25       		.byte	0x25
 736 00c6 00000000 		.4byte	.LFB0
 737 00ca 9C000000 		.4byte	.LFE0-.LFB0
 738 00ce 01       		.uleb128 0x1
 739 00cf 9C       		.byte	0x9c
 740 00d0 08       		.uleb128 0x8
 741 00d1 94010000 		.4byte	.LASF18
 742 00d5 01       		.byte	0x1
 743 00d6 8F       		.byte	0x8f
 744 00d7 00000000 		.4byte	.LFB1
 745 00db 48000000 		.4byte	.LFE1-.LFB1
 746 00df 01       		.uleb128 0x1
 747 00e0 9C       		.byte	0x9c
 748 00e1 07       		.uleb128 0x7
 749 00e2 64000000 		.4byte	.LASF19
 750 00e6 01       		.byte	0x1
 751 00e7 B2       		.byte	0xb2
 752 00e8 00000000 		.4byte	.LFB2
ARM GAS  C:\Users\SCOTTC~1\AppData\Local\Temp\ccS9jV1l.s 			page 22


 753 00ec 20000000 		.4byte	.LFE2-.LFB2
 754 00f0 01       		.uleb128 0x1
 755 00f1 9C       		.byte	0x9c
 756 00f2 08       		.uleb128 0x8
 757 00f3 BE000000 		.4byte	.LASF20
 758 00f7 01       		.byte	0x1
 759 00f8 D0       		.byte	0xd0
 760 00f9 00000000 		.4byte	.LFB3
 761 00fd 48000000 		.4byte	.LFE3-.LFB3
 762 0101 01       		.uleb128 0x1
 763 0102 9C       		.byte	0x9c
 764 0103 09       		.uleb128 0x9
 765 0104 69010000 		.4byte	.LASF23
 766 0108 01       		.byte	0x1
 767 0109 ED       		.byte	0xed
 768 010a 00000000 		.4byte	.LFB4
 769 010e 20000000 		.4byte	.LFE4-.LFB4
 770 0112 01       		.uleb128 0x1
 771 0113 9C       		.byte	0x9c
 772 0114 27010000 		.4byte	0x127
 773 0118 0A       		.uleb128 0xa
 774 0119 AF000000 		.4byte	.LASF25
 775 011d 01       		.byte	0x1
 776 011e ED       		.byte	0xed
 777 011f 6B000000 		.4byte	0x6b
 778 0123 02       		.uleb128 0x2
 779 0124 91       		.byte	0x91
 780 0125 77       		.sleb128 -9
 781 0126 00       		.byte	0
 782 0127 0B       		.uleb128 0xb
 783 0128 06000000 		.4byte	.LASF21
 784 012c 01       		.byte	0x1
 785 012d 0501     		.2byte	0x105
 786 012f 6B000000 		.4byte	0x6b
 787 0133 00000000 		.4byte	.LFB5
 788 0137 18000000 		.4byte	.LFE5-.LFB5
 789 013b 01       		.uleb128 0x1
 790 013c 9C       		.byte	0x9c
 791 013d 0B       		.uleb128 0xb
 792 013e 33000000 		.4byte	.LASF22
 793 0142 01       		.byte	0x1
 794 0143 1B01     		.2byte	0x11b
 795 0145 6B000000 		.4byte	0x6b
 796 0149 00000000 		.4byte	.LFB6
 797 014d 18000000 		.4byte	.LFE6-.LFB6
 798 0151 01       		.uleb128 0x1
 799 0152 9C       		.byte	0x9c
 800 0153 0C       		.uleb128 0xc
 801 0154 C6000000 		.4byte	.LASF24
 802 0158 01       		.byte	0x1
 803 0159 3001     		.2byte	0x130
 804 015b 00000000 		.4byte	.LFB7
 805 015f 20000000 		.4byte	.LFE7-.LFB7
 806 0163 01       		.uleb128 0x1
 807 0164 9C       		.byte	0x9c
 808 0165 79010000 		.4byte	0x179
 809 0169 0D       		.uleb128 0xd
ARM GAS  C:\Users\SCOTTC~1\AppData\Local\Temp\ccS9jV1l.s 			page 23


 810 016a A7000000 		.4byte	.LASF26
 811 016e 01       		.byte	0x1
 812 016f 3001     		.2byte	0x130
 813 0171 6B000000 		.4byte	0x6b
 814 0175 02       		.uleb128 0x2
 815 0176 91       		.byte	0x91
 816 0177 77       		.sleb128 -9
 817 0178 00       		.byte	0
 818 0179 0E       		.uleb128 0xe
 819 017a 4E020000 		.4byte	.LASF27
 820 017e 01       		.byte	0x1
 821 017f 4601     		.2byte	0x146
 822 0181 00000000 		.4byte	.LFB8
 823 0185 54000000 		.4byte	.LFE8-.LFB8
 824 0189 01       		.uleb128 0x1
 825 018a 9C       		.byte	0x9c
 826 018b 9F010000 		.4byte	0x19f
 827 018f 0D       		.uleb128 0xd
 828 0190 73000000 		.4byte	.LASF28
 829 0194 01       		.byte	0x1
 830 0195 4601     		.2byte	0x146
 831 0197 76000000 		.4byte	0x76
 832 019b 02       		.uleb128 0x2
 833 019c 91       		.byte	0x91
 834 019d 76       		.sleb128 -10
 835 019e 00       		.byte	0
 836 019f 0B       		.uleb128 0xb
 837 01a0 1C000000 		.4byte	.LASF29
 838 01a4 01       		.byte	0x1
 839 01a5 6501     		.2byte	0x165
 840 01a7 76000000 		.4byte	0x76
 841 01ab 00000000 		.4byte	.LFB9
 842 01af 20000000 		.4byte	.LFE9-.LFB9
 843 01b3 01       		.uleb128 0x1
 844 01b4 9C       		.byte	0x9c
 845 01b5 0B       		.uleb128 0xb
 846 01b6 67020000 		.4byte	.LASF30
 847 01ba 01       		.byte	0x1
 848 01bb 8601     		.2byte	0x186
 849 01bd 76000000 		.4byte	0x76
 850 01c1 00000000 		.4byte	.LFB10
 851 01c5 18000000 		.4byte	.LFE10-.LFB10
 852 01c9 01       		.uleb128 0x1
 853 01ca 9C       		.byte	0x9c
 854 01cb 0C       		.uleb128 0xc
 855 01cc 7B000000 		.4byte	.LASF31
 856 01d0 01       		.byte	0x1
 857 01d1 9F01     		.2byte	0x19f
 858 01d3 00000000 		.4byte	.LFB11
 859 01d7 20000000 		.4byte	.LFE11-.LFB11
 860 01db 01       		.uleb128 0x1
 861 01dc 9C       		.byte	0x9c
 862 01dd F1010000 		.4byte	0x1f1
 863 01e1 0D       		.uleb128 0xd
 864 01e2 4A000000 		.4byte	.LASF32
 865 01e6 01       		.byte	0x1
 866 01e7 9F01     		.2byte	0x19f
ARM GAS  C:\Users\SCOTTC~1\AppData\Local\Temp\ccS9jV1l.s 			page 24


 867 01e9 76000000 		.4byte	0x76
 868 01ed 02       		.uleb128 0x2
 869 01ee 91       		.byte	0x91
 870 01ef 76       		.sleb128 -10
 871 01f0 00       		.byte	0
 872 01f1 0B       		.uleb128 0xb
 873 01f2 23020000 		.4byte	.LASF33
 874 01f6 01       		.byte	0x1
 875 01f7 B601     		.2byte	0x1b6
 876 01f9 76000000 		.4byte	0x76
 877 01fd 00000000 		.4byte	.LFB12
 878 0201 18000000 		.4byte	.LFE12-.LFB12
 879 0205 01       		.uleb128 0x1
 880 0206 9C       		.byte	0x9c
 881 0207 0F       		.uleb128 0xf
 882 0208 76020000 		.4byte	.LASF37
 883 020c 01       		.byte	0x1
 884 020d 15       		.byte	0x15
 885 020e 6B000000 		.4byte	0x6b
 886 0212 05       		.uleb128 0x5
 887 0213 03       		.byte	0x3
 888 0214 00000000 		.4byte	co_initVar
 889 0218 00       		.byte	0
 890              		.section	.debug_abbrev,"",%progbits
 891              	.Ldebug_abbrev0:
 892 0000 01       		.uleb128 0x1
 893 0001 11       		.uleb128 0x11
 894 0002 01       		.byte	0x1
 895 0003 25       		.uleb128 0x25
 896 0004 0E       		.uleb128 0xe
 897 0005 13       		.uleb128 0x13
 898 0006 0B       		.uleb128 0xb
 899 0007 03       		.uleb128 0x3
 900 0008 0E       		.uleb128 0xe
 901 0009 1B       		.uleb128 0x1b
 902 000a 0E       		.uleb128 0xe
 903 000b 55       		.uleb128 0x55
 904 000c 17       		.uleb128 0x17
 905 000d 11       		.uleb128 0x11
 906 000e 01       		.uleb128 0x1
 907 000f 10       		.uleb128 0x10
 908 0010 17       		.uleb128 0x17
 909 0011 00       		.byte	0
 910 0012 00       		.byte	0
 911 0013 02       		.uleb128 0x2
 912 0014 24       		.uleb128 0x24
 913 0015 00       		.byte	0
 914 0016 0B       		.uleb128 0xb
 915 0017 0B       		.uleb128 0xb
 916 0018 3E       		.uleb128 0x3e
 917 0019 0B       		.uleb128 0xb
 918 001a 03       		.uleb128 0x3
 919 001b 0E       		.uleb128 0xe
 920 001c 00       		.byte	0
 921 001d 00       		.byte	0
 922 001e 03       		.uleb128 0x3
 923 001f 24       		.uleb128 0x24
ARM GAS  C:\Users\SCOTTC~1\AppData\Local\Temp\ccS9jV1l.s 			page 25


 924 0020 00       		.byte	0
 925 0021 0B       		.uleb128 0xb
 926 0022 0B       		.uleb128 0xb
 927 0023 3E       		.uleb128 0x3e
 928 0024 0B       		.uleb128 0xb
 929 0025 03       		.uleb128 0x3
 930 0026 08       		.uleb128 0x8
 931 0027 00       		.byte	0
 932 0028 00       		.byte	0
 933 0029 04       		.uleb128 0x4
 934 002a 16       		.uleb128 0x16
 935 002b 00       		.byte	0
 936 002c 03       		.uleb128 0x3
 937 002d 0E       		.uleb128 0xe
 938 002e 3A       		.uleb128 0x3a
 939 002f 0B       		.uleb128 0xb
 940 0030 3B       		.uleb128 0x3b
 941 0031 0B       		.uleb128 0xb
 942 0032 49       		.uleb128 0x49
 943 0033 13       		.uleb128 0x13
 944 0034 00       		.byte	0
 945 0035 00       		.byte	0
 946 0036 05       		.uleb128 0x5
 947 0037 16       		.uleb128 0x16
 948 0038 00       		.byte	0
 949 0039 03       		.uleb128 0x3
 950 003a 0E       		.uleb128 0xe
 951 003b 3A       		.uleb128 0x3a
 952 003c 0B       		.uleb128 0xb
 953 003d 3B       		.uleb128 0x3b
 954 003e 05       		.uleb128 0x5
 955 003f 49       		.uleb128 0x49
 956 0040 13       		.uleb128 0x13
 957 0041 00       		.byte	0
 958 0042 00       		.byte	0
 959 0043 06       		.uleb128 0x6
 960 0044 35       		.uleb128 0x35
 961 0045 00       		.byte	0
 962 0046 49       		.uleb128 0x49
 963 0047 13       		.uleb128 0x13
 964 0048 00       		.byte	0
 965 0049 00       		.byte	0
 966 004a 07       		.uleb128 0x7
 967 004b 2E       		.uleb128 0x2e
 968 004c 00       		.byte	0
 969 004d 3F       		.uleb128 0x3f
 970 004e 19       		.uleb128 0x19
 971 004f 03       		.uleb128 0x3
 972 0050 0E       		.uleb128 0xe
 973 0051 3A       		.uleb128 0x3a
 974 0052 0B       		.uleb128 0xb
 975 0053 3B       		.uleb128 0x3b
 976 0054 0B       		.uleb128 0xb
 977 0055 27       		.uleb128 0x27
 978 0056 19       		.uleb128 0x19
 979 0057 11       		.uleb128 0x11
 980 0058 01       		.uleb128 0x1
ARM GAS  C:\Users\SCOTTC~1\AppData\Local\Temp\ccS9jV1l.s 			page 26


 981 0059 12       		.uleb128 0x12
 982 005a 06       		.uleb128 0x6
 983 005b 40       		.uleb128 0x40
 984 005c 18       		.uleb128 0x18
 985 005d 9642     		.uleb128 0x2116
 986 005f 19       		.uleb128 0x19
 987 0060 00       		.byte	0
 988 0061 00       		.byte	0
 989 0062 08       		.uleb128 0x8
 990 0063 2E       		.uleb128 0x2e
 991 0064 00       		.byte	0
 992 0065 3F       		.uleb128 0x3f
 993 0066 19       		.uleb128 0x19
 994 0067 03       		.uleb128 0x3
 995 0068 0E       		.uleb128 0xe
 996 0069 3A       		.uleb128 0x3a
 997 006a 0B       		.uleb128 0xb
 998 006b 3B       		.uleb128 0x3b
 999 006c 0B       		.uleb128 0xb
 1000 006d 27       		.uleb128 0x27
 1001 006e 19       		.uleb128 0x19
 1002 006f 11       		.uleb128 0x11
 1003 0070 01       		.uleb128 0x1
 1004 0071 12       		.uleb128 0x12
 1005 0072 06       		.uleb128 0x6
 1006 0073 40       		.uleb128 0x40
 1007 0074 18       		.uleb128 0x18
 1008 0075 9742     		.uleb128 0x2117
 1009 0077 19       		.uleb128 0x19
 1010 0078 00       		.byte	0
 1011 0079 00       		.byte	0
 1012 007a 09       		.uleb128 0x9
 1013 007b 2E       		.uleb128 0x2e
 1014 007c 01       		.byte	0x1
 1015 007d 3F       		.uleb128 0x3f
 1016 007e 19       		.uleb128 0x19
 1017 007f 03       		.uleb128 0x3
 1018 0080 0E       		.uleb128 0xe
 1019 0081 3A       		.uleb128 0x3a
 1020 0082 0B       		.uleb128 0xb
 1021 0083 3B       		.uleb128 0x3b
 1022 0084 0B       		.uleb128 0xb
 1023 0085 27       		.uleb128 0x27
 1024 0086 19       		.uleb128 0x19
 1025 0087 11       		.uleb128 0x11
 1026 0088 01       		.uleb128 0x1
 1027 0089 12       		.uleb128 0x12
 1028 008a 06       		.uleb128 0x6
 1029 008b 40       		.uleb128 0x40
 1030 008c 18       		.uleb128 0x18
 1031 008d 9742     		.uleb128 0x2117
 1032 008f 19       		.uleb128 0x19
 1033 0090 01       		.uleb128 0x1
 1034 0091 13       		.uleb128 0x13
 1035 0092 00       		.byte	0
 1036 0093 00       		.byte	0
 1037 0094 0A       		.uleb128 0xa
ARM GAS  C:\Users\SCOTTC~1\AppData\Local\Temp\ccS9jV1l.s 			page 27


 1038 0095 05       		.uleb128 0x5
 1039 0096 00       		.byte	0
 1040 0097 03       		.uleb128 0x3
 1041 0098 0E       		.uleb128 0xe
 1042 0099 3A       		.uleb128 0x3a
 1043 009a 0B       		.uleb128 0xb
 1044 009b 3B       		.uleb128 0x3b
 1045 009c 0B       		.uleb128 0xb
 1046 009d 49       		.uleb128 0x49
 1047 009e 13       		.uleb128 0x13
 1048 009f 02       		.uleb128 0x2
 1049 00a0 18       		.uleb128 0x18
 1050 00a1 00       		.byte	0
 1051 00a2 00       		.byte	0
 1052 00a3 0B       		.uleb128 0xb
 1053 00a4 2E       		.uleb128 0x2e
 1054 00a5 00       		.byte	0
 1055 00a6 3F       		.uleb128 0x3f
 1056 00a7 19       		.uleb128 0x19
 1057 00a8 03       		.uleb128 0x3
 1058 00a9 0E       		.uleb128 0xe
 1059 00aa 3A       		.uleb128 0x3a
 1060 00ab 0B       		.uleb128 0xb
 1061 00ac 3B       		.uleb128 0x3b
 1062 00ad 05       		.uleb128 0x5
 1063 00ae 27       		.uleb128 0x27
 1064 00af 19       		.uleb128 0x19
 1065 00b0 49       		.uleb128 0x49
 1066 00b1 13       		.uleb128 0x13
 1067 00b2 11       		.uleb128 0x11
 1068 00b3 01       		.uleb128 0x1
 1069 00b4 12       		.uleb128 0x12
 1070 00b5 06       		.uleb128 0x6
 1071 00b6 40       		.uleb128 0x40
 1072 00b7 18       		.uleb128 0x18
 1073 00b8 9742     		.uleb128 0x2117
 1074 00ba 19       		.uleb128 0x19
 1075 00bb 00       		.byte	0
 1076 00bc 00       		.byte	0
 1077 00bd 0C       		.uleb128 0xc
 1078 00be 2E       		.uleb128 0x2e
 1079 00bf 01       		.byte	0x1
 1080 00c0 3F       		.uleb128 0x3f
 1081 00c1 19       		.uleb128 0x19
 1082 00c2 03       		.uleb128 0x3
 1083 00c3 0E       		.uleb128 0xe
 1084 00c4 3A       		.uleb128 0x3a
 1085 00c5 0B       		.uleb128 0xb
 1086 00c6 3B       		.uleb128 0x3b
 1087 00c7 05       		.uleb128 0x5
 1088 00c8 27       		.uleb128 0x27
 1089 00c9 19       		.uleb128 0x19
 1090 00ca 11       		.uleb128 0x11
 1091 00cb 01       		.uleb128 0x1
 1092 00cc 12       		.uleb128 0x12
 1093 00cd 06       		.uleb128 0x6
 1094 00ce 40       		.uleb128 0x40
ARM GAS  C:\Users\SCOTTC~1\AppData\Local\Temp\ccS9jV1l.s 			page 28


 1095 00cf 18       		.uleb128 0x18
 1096 00d0 9742     		.uleb128 0x2117
 1097 00d2 19       		.uleb128 0x19
 1098 00d3 01       		.uleb128 0x1
 1099 00d4 13       		.uleb128 0x13
 1100 00d5 00       		.byte	0
 1101 00d6 00       		.byte	0
 1102 00d7 0D       		.uleb128 0xd
 1103 00d8 05       		.uleb128 0x5
 1104 00d9 00       		.byte	0
 1105 00da 03       		.uleb128 0x3
 1106 00db 0E       		.uleb128 0xe
 1107 00dc 3A       		.uleb128 0x3a
 1108 00dd 0B       		.uleb128 0xb
 1109 00de 3B       		.uleb128 0x3b
 1110 00df 05       		.uleb128 0x5
 1111 00e0 49       		.uleb128 0x49
 1112 00e1 13       		.uleb128 0x13
 1113 00e2 02       		.uleb128 0x2
 1114 00e3 18       		.uleb128 0x18
 1115 00e4 00       		.byte	0
 1116 00e5 00       		.byte	0
 1117 00e6 0E       		.uleb128 0xe
 1118 00e7 2E       		.uleb128 0x2e
 1119 00e8 01       		.byte	0x1
 1120 00e9 3F       		.uleb128 0x3f
 1121 00ea 19       		.uleb128 0x19
 1122 00eb 03       		.uleb128 0x3
 1123 00ec 0E       		.uleb128 0xe
 1124 00ed 3A       		.uleb128 0x3a
 1125 00ee 0B       		.uleb128 0xb
 1126 00ef 3B       		.uleb128 0x3b
 1127 00f0 05       		.uleb128 0x5
 1128 00f1 27       		.uleb128 0x27
 1129 00f2 19       		.uleb128 0x19
 1130 00f3 11       		.uleb128 0x11
 1131 00f4 01       		.uleb128 0x1
 1132 00f5 12       		.uleb128 0x12
 1133 00f6 06       		.uleb128 0x6
 1134 00f7 40       		.uleb128 0x40
 1135 00f8 18       		.uleb128 0x18
 1136 00f9 9642     		.uleb128 0x2116
 1137 00fb 19       		.uleb128 0x19
 1138 00fc 01       		.uleb128 0x1
 1139 00fd 13       		.uleb128 0x13
 1140 00fe 00       		.byte	0
 1141 00ff 00       		.byte	0
 1142 0100 0F       		.uleb128 0xf
 1143 0101 34       		.uleb128 0x34
 1144 0102 00       		.byte	0
 1145 0103 03       		.uleb128 0x3
 1146 0104 0E       		.uleb128 0xe
 1147 0105 3A       		.uleb128 0x3a
 1148 0106 0B       		.uleb128 0xb
 1149 0107 3B       		.uleb128 0x3b
 1150 0108 0B       		.uleb128 0xb
 1151 0109 49       		.uleb128 0x49
ARM GAS  C:\Users\SCOTTC~1\AppData\Local\Temp\ccS9jV1l.s 			page 29


 1152 010a 13       		.uleb128 0x13
 1153 010b 3F       		.uleb128 0x3f
 1154 010c 19       		.uleb128 0x19
 1155 010d 02       		.uleb128 0x2
 1156 010e 18       		.uleb128 0x18
 1157 010f 00       		.byte	0
 1158 0110 00       		.byte	0
 1159 0111 00       		.byte	0
 1160              		.section	.debug_aranges,"",%progbits
 1161 0000 7C000000 		.4byte	0x7c
 1162 0004 0200     		.2byte	0x2
 1163 0006 00000000 		.4byte	.Ldebug_info0
 1164 000a 04       		.byte	0x4
 1165 000b 00       		.byte	0
 1166 000c 0000     		.2byte	0
 1167 000e 0000     		.2byte	0
 1168 0010 00000000 		.4byte	.LFB0
 1169 0014 9C000000 		.4byte	.LFE0-.LFB0
 1170 0018 00000000 		.4byte	.LFB1
 1171 001c 48000000 		.4byte	.LFE1-.LFB1
 1172 0020 00000000 		.4byte	.LFB2
 1173 0024 20000000 		.4byte	.LFE2-.LFB2
 1174 0028 00000000 		.4byte	.LFB3
 1175 002c 48000000 		.4byte	.LFE3-.LFB3
 1176 0030 00000000 		.4byte	.LFB4
 1177 0034 20000000 		.4byte	.LFE4-.LFB4
 1178 0038 00000000 		.4byte	.LFB5
 1179 003c 18000000 		.4byte	.LFE5-.LFB5
 1180 0040 00000000 		.4byte	.LFB6
 1181 0044 18000000 		.4byte	.LFE6-.LFB6
 1182 0048 00000000 		.4byte	.LFB7
 1183 004c 20000000 		.4byte	.LFE7-.LFB7
 1184 0050 00000000 		.4byte	.LFB8
 1185 0054 54000000 		.4byte	.LFE8-.LFB8
 1186 0058 00000000 		.4byte	.LFB9
 1187 005c 20000000 		.4byte	.LFE9-.LFB9
 1188 0060 00000000 		.4byte	.LFB10
 1189 0064 18000000 		.4byte	.LFE10-.LFB10
 1190 0068 00000000 		.4byte	.LFB11
 1191 006c 20000000 		.4byte	.LFE11-.LFB11
 1192 0070 00000000 		.4byte	.LFB12
 1193 0074 18000000 		.4byte	.LFE12-.LFB12
 1194 0078 00000000 		.4byte	0
 1195 007c 00000000 		.4byte	0
 1196              		.section	.debug_ranges,"",%progbits
 1197              	.Ldebug_ranges0:
 1198 0000 00000000 		.4byte	.LFB0
 1199 0004 9C000000 		.4byte	.LFE0
 1200 0008 00000000 		.4byte	.LFB1
 1201 000c 48000000 		.4byte	.LFE1
 1202 0010 00000000 		.4byte	.LFB2
 1203 0014 20000000 		.4byte	.LFE2
 1204 0018 00000000 		.4byte	.LFB3
 1205 001c 48000000 		.4byte	.LFE3
 1206 0020 00000000 		.4byte	.LFB4
 1207 0024 20000000 		.4byte	.LFE4
 1208 0028 00000000 		.4byte	.LFB5
ARM GAS  C:\Users\SCOTTC~1\AppData\Local\Temp\ccS9jV1l.s 			page 30


 1209 002c 18000000 		.4byte	.LFE5
 1210 0030 00000000 		.4byte	.LFB6
 1211 0034 18000000 		.4byte	.LFE6
 1212 0038 00000000 		.4byte	.LFB7
 1213 003c 20000000 		.4byte	.LFE7
 1214 0040 00000000 		.4byte	.LFB8
 1215 0044 54000000 		.4byte	.LFE8
 1216 0048 00000000 		.4byte	.LFB9
 1217 004c 20000000 		.4byte	.LFE9
 1218 0050 00000000 		.4byte	.LFB10
 1219 0054 18000000 		.4byte	.LFE10
 1220 0058 00000000 		.4byte	.LFB11
 1221 005c 20000000 		.4byte	.LFE11
 1222 0060 00000000 		.4byte	.LFB12
 1223 0064 18000000 		.4byte	.LFE12
 1224 0068 00000000 		.4byte	0
 1225 006c 00000000 		.4byte	0
 1226              		.section	.debug_line,"",%progbits
 1227              	.Ldebug_line0:
 1228 0000 53010000 		.section	.debug_str,"MS",%progbits,1
 1228      02004100 
 1228      00000201 
 1228      FB0E0D00 
 1228      01010101 
 1229              	.LASF15:
 1230 0000 72656731 		.ascii	"reg16\000"
 1230      3600
 1231              	.LASF21:
 1232 0006 636F5F52 		.ascii	"co_ReadStatusRegister\000"
 1232      65616453 
 1232      74617475 
 1232      73526567 
 1232      69737465 
 1233              	.LASF29:
 1234 001c 636F5F52 		.ascii	"co_ReadCounter\000"
 1234      65616443 
 1234      6F756E74 
 1234      657200
 1235              	.LASF17:
 1236 002b 636F5F49 		.ascii	"co_Init\000"
 1236      6E697400 
 1237              	.LASF22:
 1238 0033 636F5F52 		.ascii	"co_ReadControlRegister\000"
 1238      65616443 
 1238      6F6E7472 
 1238      6F6C5265 
 1238      67697374 
 1239              	.LASF32:
 1240 004a 70657269 		.ascii	"period\000"
 1240      6F6400
 1241              	.LASF3:
 1242 0051 73686F72 		.ascii	"short unsigned int\000"
 1242      7420756E 
 1242      7369676E 
 1242      65642069 
 1242      6E7400
 1243              	.LASF19:
ARM GAS  C:\Users\SCOTTC~1\AppData\Local\Temp\ccS9jV1l.s 			page 31


 1244 0064 636F5F53 		.ascii	"co_Start\000"
 1244      74617274 
 1244      00
 1245              	.LASF11:
 1246 006d 666C6F61 		.ascii	"float\000"
 1246      7400
 1247              	.LASF28:
 1248 0073 636F756E 		.ascii	"counter\000"
 1248      74657200 
 1249              	.LASF31:
 1250 007b 636F5F57 		.ascii	"co_WritePeriod\000"
 1250      72697465 
 1250      50657269 
 1250      6F6400
 1251              	.LASF14:
 1252 008a 72656738 		.ascii	"reg8\000"
 1252      00
 1253              	.LASF5:
 1254 008f 6C6F6E67 		.ascii	"long unsigned int\000"
 1254      20756E73 
 1254      69676E65 
 1254      6420696E 
 1254      7400
 1255              	.LASF9:
 1256 00a1 75696E74 		.ascii	"uint8\000"
 1256      3800
 1257              	.LASF26:
 1258 00a7 636F6E74 		.ascii	"control\000"
 1258      726F6C00 
 1259              	.LASF25:
 1260 00af 696E7465 		.ascii	"interruptsMask\000"
 1260      72727570 
 1260      74734D61 
 1260      736B00
 1261              	.LASF20:
 1262 00be 636F5F53 		.ascii	"co_Stop\000"
 1262      746F7000 
 1263              	.LASF24:
 1264 00c6 636F5F57 		.ascii	"co_WriteControlRegister\000"
 1264      72697465 
 1264      436F6E74 
 1264      726F6C52 
 1264      65676973 
 1265              	.LASF35:
 1266 00de 2E5C4765 		.ascii	".\\Generated_Source\\PSoC5\\co.c\000"
 1266      6E657261 
 1266      7465645F 
 1266      536F7572 
 1266      63655C50 
 1267              	.LASF12:
 1268 00fc 646F7562 		.ascii	"double\000"
 1268      6C6500
 1269              	.LASF10:
 1270 0103 75696E74 		.ascii	"uint16\000"
 1270      313600
 1271              	.LASF1:
 1272 010a 756E7369 		.ascii	"unsigned char\000"
ARM GAS  C:\Users\SCOTTC~1\AppData\Local\Temp\ccS9jV1l.s 			page 32


 1272      676E6564 
 1272      20636861 
 1272      7200
 1273              	.LASF8:
 1274 0118 756E7369 		.ascii	"unsigned int\000"
 1274      676E6564 
 1274      20696E74 
 1274      00
 1275              	.LASF36:
 1276 0125 5A3A5C73 		.ascii	"Z:\\scottcarlson On My Mac\\Code\\PSoC_Creator\\Des"
 1276      636F7474 
 1276      6361726C 
 1276      736F6E20 
 1276      4F6E204D 
 1277 0154 69676E30 		.ascii	"ign01\\Design01.cydsn\000"
 1277      315C4465 
 1277      7369676E 
 1277      30312E63 
 1277      7964736E 
 1278              	.LASF23:
 1279 0169 636F5F53 		.ascii	"co_SetInterruptMode\000"
 1279      6574496E 
 1279      74657272 
 1279      7570744D 
 1279      6F646500 
 1280              	.LASF7:
 1281 017d 6C6F6E67 		.ascii	"long long unsigned int\000"
 1281      206C6F6E 
 1281      6720756E 
 1281      7369676E 
 1281      65642069 
 1282              	.LASF18:
 1283 0194 636F5F45 		.ascii	"co_Enable\000"
 1283      6E61626C 
 1283      6500
 1284              	.LASF34:
 1285 019e 474E5520 		.ascii	"GNU C 4.8.4 20140526 (release) [ARM/embedded-4_8-br"
 1285      4320342E 
 1285      382E3420 
 1285      32303134 
 1285      30353236 
 1286 01d1 616E6368 		.ascii	"anch revision 211358] -mcpu=cortex-m3 -mthumb -g -O"
 1286      20726576 
 1286      6973696F 
 1286      6E203231 
 1286      31333538 
 1287 0204 30202D66 		.ascii	"0 -ffunction-sections\000"
 1287      66756E63 
 1287      74696F6E 
 1287      2D736563 
 1287      74696F6E 
 1288              	.LASF16:
 1289 021a 73697A65 		.ascii	"sizetype\000"
 1289      74797065 
 1289      00
 1290              	.LASF33:
 1291 0223 636F5F52 		.ascii	"co_ReadPeriod\000"
ARM GAS  C:\Users\SCOTTC~1\AppData\Local\Temp\ccS9jV1l.s 			page 33


 1291      65616450 
 1291      6572696F 
 1291      6400
 1292              	.LASF6:
 1293 0231 6C6F6E67 		.ascii	"long long int\000"
 1293      206C6F6E 
 1293      6720696E 
 1293      7400
 1294              	.LASF13:
 1295 023f 63686172 		.ascii	"char\000"
 1295      00
 1296              	.LASF2:
 1297 0244 73686F72 		.ascii	"short int\000"
 1297      7420696E 
 1297      7400
 1298              	.LASF27:
 1299 024e 636F5F57 		.ascii	"co_WriteCounter\000"
 1299      72697465 
 1299      436F756E 
 1299      74657200 
 1300              	.LASF4:
 1301 025e 6C6F6E67 		.ascii	"long int\000"
 1301      20696E74 
 1301      00
 1302              	.LASF30:
 1303 0267 636F5F52 		.ascii	"co_ReadCapture\000"
 1303      65616443 
 1303      61707475 
 1303      726500
 1304              	.LASF37:
 1305 0276 636F5F69 		.ascii	"co_initVar\000"
 1305      6E697456 
 1305      617200
 1306              	.LASF0:
 1307 0281 7369676E 		.ascii	"signed char\000"
 1307      65642063 
 1307      68617200 
 1308              		.ident	"GCC: (GNU Tools for ARM Embedded Processors) 4.8.4 20140526 (release) [ARM/embedded-4_8-br
