--------------- Clean Started: 08/27/2015 16:40:18 Project: Design01, Configuration: ARM GCC 4.8.4 Debug ---------------
Deleting file ".\CortexM3\ARM_GCC_484\Debug\arm_fir_data.o"
Deleting file ".\CortexM3\ARM_GCC_484\Debug\main.o"
Deleting file ".\CortexM3\ARM_GCC_484\Debug\math_helper.o"
Deleting file ".\CortexM3\ARM_GCC_484\Debug\SpectralFlux_q15.o"
Deleting file ".\CortexM3\ARM_GCC_484\Debug\cyfitter_cfg.o"
Deleting file ".\CortexM3\ARM_GCC_484\Debug\cymetadata.o"
Deleting file ".\CortexM3\ARM_GCC_484\Debug\Cm3Start.o"
Deleting file ".\CortexM3\ARM_GCC_484\Debug\CyBootAsmGnu.o"
Deleting file ".\CortexM3\ARM_GCC_484\Debug\CyDmac.o"
Deleting file ".\CortexM3\ARM_GCC_484\Debug\CyFlash.o"
Deleting file ".\CortexM3\ARM_GCC_484\Debug\CyLib.o"
Deleting file ".\CortexM3\ARM_GCC_484\Debug\cyPm.o"
Deleting file ".\CortexM3\ARM_GCC_484\Debug\CySpc.o"
Deleting file ".\CortexM3\ARM_GCC_484\Debug\cyutils.o"
Deleting file ".\CortexM3\ARM_GCC_484\Debug\LCD_Char_1.o"
Deleting file ".\CortexM3\ARM_GCC_484\Debug\LCD_Char_1_PM.o"
Deleting file ".\CortexM3\ARM_GCC_484\Debug\LCD_Char_1_LCDPort.o"
Deleting file ".\CortexM3\ARM_GCC_484\Debug\P0_0.o"
Deleting file ".\CortexM3\ARM_GCC_484\Debug\ADC_DelSig_1.o"
Deleting file ".\CortexM3\ARM_GCC_484\Debug\ADC_DelSig_1_PM.o"
Deleting file ".\CortexM3\ARM_GCC_484\Debug\ADC_DelSig_1_INT.o"
Deleting file ".\CortexM3\ARM_GCC_484\Debug\DMA_1_dma.o"
Deleting file ".\CortexM3\ARM_GCC_484\Debug\ADC_DelSig_1_Ext_CP_Clk.o"
Deleting file ".\CortexM3\ARM_GCC_484\Debug\ADC_DelSig_1_IRQ.o"
Deleting file ".\CortexM3\ARM_GCC_484\Debug\ADC_DelSig_1_theACLK.o"
Deleting file ".\CortexM3\ARM_GCC_484\Debug\DMA_2_dma.o"
Deleting file ".\CortexM3\ARM_GCC_484\Debug\P0_7.o"
Deleting file ".\CortexM3\ARM_GCC_484\Debug\isr_1.o"
Deleting file ".\CortexM3\ARM_GCC_484\Debug\Design01.hex"
Deleting file ".\CortexM3\ARM_GCC_484\Debug\Design01.elf"
Deleting file ".\CortexM3\ARM_GCC_484\Debug\Design01.map"
Deleting file ".\Design01.cycdx"
Deleting file ".\Design01.svd"
Deleting file ".\Design01.rpt"
Deleting file ".\Design01_timing.html"
Deleting file ".\CortexM3\ARM_GCC_484\Debug\.deps\C_FILE.P"
Deleting file ".\CortexM3\ARM_GCC_484\Debug\.deps\ARM_C_FILE.P"
Deleting file ".\CortexM3\ARM_GCC_484\Debug\.deps\GNU_ARM_ASM_FILE.P"
--------------- Clean Succeeded: 08/27/2015 16:40:20 ---------------
