ARM GAS  C:\Users\SCOTTC~1\AppData\Local\Temp\ccGNVx2L.s 			page 1


   1              		.syntax unified
   2              		.cpu cortex-m3
   3              		.fpu softvfp
   4              		.eabi_attribute 20, 1
   5              		.eabi_attribute 21, 1
   6              		.eabi_attribute 23, 3
   7              		.eabi_attribute 24, 1
   8              		.eabi_attribute 25, 1
   9              		.eabi_attribute 26, 1
  10              		.eabi_attribute 30, 6
  11              		.eabi_attribute 34, 1
  12              		.eabi_attribute 18, 4
  13              		.thumb
  14              		.file	"Filter_PM.c"
  15              		.text
  16              	.Ltext0:
  17              		.cfi_sections	.debug_frame
  18              		.data
  19              		.align	2
  20              		.type	Filter_backup, %object
  21              		.size	Filter_backup, 68
  22              	Filter_backup:
  23 0000 00       		.byte	0
  24 0001 01       		.byte	1
  25 0002 00000000 		.space	66
  25      00000000 
  25      00000000 
  25      00000000 
  25      00000000 
  26              		.section	.text.Filter_SaveConfig,"ax",%progbits
  27              		.align	2
  28              		.global	Filter_SaveConfig
  29              		.thumb
  30              		.thumb_func
  31              		.type	Filter_SaveConfig, %function
  32              	Filter_SaveConfig:
  33              	.LFB0:
  34              		.file 1 ".\\Generated_Source\\PSoC5\\Filter_PM.c"
   1:.\Generated_Source\PSoC5/Filter_PM.c **** /*******************************************************************************
   2:.\Generated_Source\PSoC5/Filter_PM.c **** * File Name: Filter_PM.c
   3:.\Generated_Source\PSoC5/Filter_PM.c **** * Version 2.30
   4:.\Generated_Source\PSoC5/Filter_PM.c **** *
   5:.\Generated_Source\PSoC5/Filter_PM.c **** * Description:
   6:.\Generated_Source\PSoC5/Filter_PM.c **** *  This file provides the power managaer API source code for the FILT component.
   7:.\Generated_Source\PSoC5/Filter_PM.c **** *
   8:.\Generated_Source\PSoC5/Filter_PM.c **** * Note:
   9:.\Generated_Source\PSoC5/Filter_PM.c **** *  
  10:.\Generated_Source\PSoC5/Filter_PM.c **** *******************************************************************************
  11:.\Generated_Source\PSoC5/Filter_PM.c **** * Copyright 2008-2013, Cypress Semiconductor Corporation.  All rights reserved.
  12:.\Generated_Source\PSoC5/Filter_PM.c **** * You may use this file only in accordance with the license, terms, conditions, 
  13:.\Generated_Source\PSoC5/Filter_PM.c **** * disclaimers, and limitations in the end user license agreement accompanying 
  14:.\Generated_Source\PSoC5/Filter_PM.c **** * the software package with which this file was provided.
  15:.\Generated_Source\PSoC5/Filter_PM.c **** ********************************************************************************/
  16:.\Generated_Source\PSoC5/Filter_PM.c **** 
  17:.\Generated_Source\PSoC5/Filter_PM.c **** #include "Filter_PVT.h"
  18:.\Generated_Source\PSoC5/Filter_PM.c **** 
  19:.\Generated_Source\PSoC5/Filter_PM.c **** static Filter_backupStruct  Filter_backup = 
ARM GAS  C:\Users\SCOTTC~1\AppData\Local\Temp\ccGNVx2L.s 			page 2


  20:.\Generated_Source\PSoC5/Filter_PM.c **** {
  21:.\Generated_Source\PSoC5/Filter_PM.c ****     Filter_DISABLED,
  22:.\Generated_Source\PSoC5/Filter_PM.c ****     Filter_RUN_MASK,
  23:.\Generated_Source\PSoC5/Filter_PM.c ****     
  24:.\Generated_Source\PSoC5/Filter_PM.c **** };
  25:.\Generated_Source\PSoC5/Filter_PM.c **** 
  26:.\Generated_Source\PSoC5/Filter_PM.c **** 
  27:.\Generated_Source\PSoC5/Filter_PM.c **** /*******************************************************************************
  28:.\Generated_Source\PSoC5/Filter_PM.c **** * Function Name: Filter_SaveConfig
  29:.\Generated_Source\PSoC5/Filter_PM.c **** ********************************************************************************
  30:.\Generated_Source\PSoC5/Filter_PM.c **** *
  31:.\Generated_Source\PSoC5/Filter_PM.c **** * Summary:
  32:.\Generated_Source\PSoC5/Filter_PM.c **** *  Saves the current user configuration.
  33:.\Generated_Source\PSoC5/Filter_PM.c **** *  
  34:.\Generated_Source\PSoC5/Filter_PM.c **** * Parameters:  
  35:.\Generated_Source\PSoC5/Filter_PM.c **** *  void
  36:.\Generated_Source\PSoC5/Filter_PM.c **** *
  37:.\Generated_Source\PSoC5/Filter_PM.c **** * Return: 
  38:.\Generated_Source\PSoC5/Filter_PM.c **** *  void
  39:.\Generated_Source\PSoC5/Filter_PM.c **** *
  40:.\Generated_Source\PSoC5/Filter_PM.c **** * Global variables:
  41:.\Generated_Source\PSoC5/Filter_PM.c **** *  Filter_backup:  This global structure variable is used to store 
  42:.\Generated_Source\PSoC5/Filter_PM.c **** *  configuration registers which are non retention whenever user wants to go 
  43:.\Generated_Source\PSoC5/Filter_PM.c **** *  sleep mode by calling Sleep() API.
  44:.\Generated_Source\PSoC5/Filter_PM.c **** *
  45:.\Generated_Source\PSoC5/Filter_PM.c **** *******************************************************************************/
  46:.\Generated_Source\PSoC5/Filter_PM.c **** void Filter_SaveConfig(void) 
  47:.\Generated_Source\PSoC5/Filter_PM.c **** {
  35              		.loc 1 47 0
  36              		.cfi_startproc
  37              		@ args = 0, pretend = 0, frame = 0
  38              		@ frame_needed = 1, uses_anonymous_args = 0
  39              		@ link register save eliminated.
  40 0000 B0B4     		push	{r4, r5, r7}
  41              		.cfi_def_cfa_offset 12
  42              		.cfi_offset 4, -12
  43              		.cfi_offset 5, -8
  44              		.cfi_offset 7, -4
  45 0002 00AF     		add	r7, sp, #0
  46              		.cfi_def_cfa_register 7
  48:.\Generated_Source\PSoC5/Filter_PM.c ****     Filter_backup.sr = Filter_SR_REG;
  47              		.loc 1 48 0
  48 0004 104B     		ldr	r3, .L2
  49 0006 1B78     		ldrb	r3, [r3]
  50 0008 DAB2     		uxtb	r2, r3
  51 000a 104B     		ldr	r3, .L2+4
  52 000c 9A70     		strb	r2, [r3, #2]
  49:.\Generated_Source\PSoC5/Filter_PM.c ****     Filter_backup.sema = Filter_SEMA_REG;
  53              		.loc 1 49 0
  54 000e 104B     		ldr	r3, .L2+8
  55 0010 1B78     		ldrb	r3, [r3]
  56 0012 DAB2     		uxtb	r2, r3
  57 0014 0D4B     		ldr	r3, .L2+4
  58 0016 DA70     		strb	r2, [r3, #3]
  50:.\Generated_Source\PSoC5/Filter_PM.c **** 
  51:.\Generated_Source\PSoC5/Filter_PM.c ****     /* Put DFB RAM on the bus */
  52:.\Generated_Source\PSoC5/Filter_PM.c ****     Filter_RAM_DIR_REG = Filter_RAM_DIR_BUS;
ARM GAS  C:\Users\SCOTTC~1\AppData\Local\Temp\ccGNVx2L.s 			page 3


  59              		.loc 1 52 0
  60 0018 0E4B     		ldr	r3, .L2+12
  61 001a 3F22     		movs	r2, #63
  62 001c 1A70     		strb	r2, [r3]
  53:.\Generated_Source\PSoC5/Filter_PM.c **** 
  54:.\Generated_Source\PSoC5/Filter_PM.c ****     /* Save the ACU RAM as this is not retension */
  55:.\Generated_Source\PSoC5/Filter_PM.c ****     (void)memcpy(Filter_backup.saveAcu,
  63              		.loc 1 55 0
  64 001e 0B4A     		ldr	r2, .L2+4
  65 0020 0D4B     		ldr	r3, .L2+16
  66 0022 141D     		adds	r4, r2, #4
  67 0024 1D46     		mov	r5, r3
  68 0026 0FCD     		ldmia	r5!, {r0, r1, r2, r3}
  69 0028 0FC4     		stmia	r4!, {r0, r1, r2, r3}
  70 002a 0FCD     		ldmia	r5!, {r0, r1, r2, r3}
  71 002c 0FC4     		stmia	r4!, {r0, r1, r2, r3}
  72 002e 0FCD     		ldmia	r5!, {r0, r1, r2, r3}
  73 0030 0FC4     		stmia	r4!, {r0, r1, r2, r3}
  74 0032 95E80F00 		ldmia	r5, {r0, r1, r2, r3}
  75 0036 84E80F00 		stmia	r4, {r0, r1, r2, r3}
  56:.\Generated_Source\PSoC5/Filter_PM.c ****         Filter_ACU_RAM, Filter_ACU_RAM_SIZE); 
  57:.\Generated_Source\PSoC5/Filter_PM.c **** 
  58:.\Generated_Source\PSoC5/Filter_PM.c ****     /* Take DFB RAM off the bus */
  59:.\Generated_Source\PSoC5/Filter_PM.c ****     Filter_RAM_DIR_REG = Filter_RAM_DIR_DFB;
  76              		.loc 1 59 0
  77 003a 064B     		ldr	r3, .L2+12
  78 003c 0022     		movs	r2, #0
  79 003e 1A70     		strb	r2, [r3]
  60:.\Generated_Source\PSoC5/Filter_PM.c **** }
  80              		.loc 1 60 0
  81 0040 BD46     		mov	sp, r7
  82              		@ sp needed
  83 0042 B0BC     		pop	{r4, r5, r7}
  84 0044 7047     		bx	lr
  85              	.L3:
  86 0046 00BF     		.align	2
  87              	.L2:
  88 0048 84C70040 		.word	1073792900
  89 004c 00000000 		.word	Filter_backup
  90 0050 90C70040 		.word	1073792912
  91 0054 8CC70040 		.word	1073792908
  92 0058 00C70040 		.word	1073792768
  93              		.cfi_endproc
  94              	.LFE0:
  95              		.size	Filter_SaveConfig, .-Filter_SaveConfig
  96              		.section	.text.Filter_RestoreConfig,"ax",%progbits
  97              		.align	2
  98              		.global	Filter_RestoreConfig
  99              		.thumb
 100              		.thumb_func
 101              		.type	Filter_RestoreConfig, %function
 102              	Filter_RestoreConfig:
 103              	.LFB1:
  61:.\Generated_Source\PSoC5/Filter_PM.c **** 
  62:.\Generated_Source\PSoC5/Filter_PM.c **** 
  63:.\Generated_Source\PSoC5/Filter_PM.c **** /*******************************************************************************
  64:.\Generated_Source\PSoC5/Filter_PM.c **** * Function Name: Filter_RestoreConfig
ARM GAS  C:\Users\SCOTTC~1\AppData\Local\Temp\ccGNVx2L.s 			page 4


  65:.\Generated_Source\PSoC5/Filter_PM.c **** ********************************************************************************
  66:.\Generated_Source\PSoC5/Filter_PM.c **** *
  67:.\Generated_Source\PSoC5/Filter_PM.c **** * Summary:
  68:.\Generated_Source\PSoC5/Filter_PM.c **** *  Restores the current user configuration.
  69:.\Generated_Source\PSoC5/Filter_PM.c **** *
  70:.\Generated_Source\PSoC5/Filter_PM.c **** * Parameters:  
  71:.\Generated_Source\PSoC5/Filter_PM.c **** *  void
  72:.\Generated_Source\PSoC5/Filter_PM.c **** *
  73:.\Generated_Source\PSoC5/Filter_PM.c **** * Return: 
  74:.\Generated_Source\PSoC5/Filter_PM.c **** *  void
  75:.\Generated_Source\PSoC5/Filter_PM.c **** *
  76:.\Generated_Source\PSoC5/Filter_PM.c **** * Global variables:
  77:.\Generated_Source\PSoC5/Filter_PM.c **** *  Filter_backup:  This global structure variable is used to restore 
  78:.\Generated_Source\PSoC5/Filter_PM.c **** *  configuration registers which are non retention whenever user wants to switch 
  79:.\Generated_Source\PSoC5/Filter_PM.c **** *  to active power mode by calling Wakeup() API.
  80:.\Generated_Source\PSoC5/Filter_PM.c **** *
  81:.\Generated_Source\PSoC5/Filter_PM.c **** *******************************************************************************/
  82:.\Generated_Source\PSoC5/Filter_PM.c **** void Filter_RestoreConfig(void) 
  83:.\Generated_Source\PSoC5/Filter_PM.c **** {
 104              		.loc 1 83 0
 105              		.cfi_startproc
 106              		@ args = 0, pretend = 0, frame = 0
 107              		@ frame_needed = 1, uses_anonymous_args = 0
 108              		@ link register save eliminated.
 109 0000 B0B4     		push	{r4, r5, r7}
 110              		.cfi_def_cfa_offset 12
 111              		.cfi_offset 4, -12
 112              		.cfi_offset 5, -8
 113              		.cfi_offset 7, -4
 114 0002 00AF     		add	r7, sp, #0
 115              		.cfi_def_cfa_register 7
  84:.\Generated_Source\PSoC5/Filter_PM.c ****     Filter_SR_REG = Filter_backup.sr;
 116              		.loc 1 84 0
 117 0004 134B     		ldr	r3, .L5
 118 0006 144A     		ldr	r2, .L5+4
 119 0008 9278     		ldrb	r2, [r2, #2]	@ zero_extendqisi2
 120 000a 1A70     		strb	r2, [r3]
  85:.\Generated_Source\PSoC5/Filter_PM.c ****     Filter_SEMA_REG = Filter_backup.sema;
 121              		.loc 1 85 0
 122 000c 134B     		ldr	r3, .L5+8
 123 000e 124A     		ldr	r2, .L5+4
 124 0010 D278     		ldrb	r2, [r2, #3]	@ zero_extendqisi2
 125 0012 1A70     		strb	r2, [r3]
  86:.\Generated_Source\PSoC5/Filter_PM.c ****     
  87:.\Generated_Source\PSoC5/Filter_PM.c ****     /* Power on DFB before initializing the RAMs */
  88:.\Generated_Source\PSoC5/Filter_PM.c ****     Filter_PM_ACT_CFG_REG |= Filter_PM_ACT_MSK;
 126              		.loc 1 88 0
 127 0014 124B     		ldr	r3, .L5+12
 128 0016 124A     		ldr	r2, .L5+12
 129 0018 1278     		ldrb	r2, [r2]
 130 001a D2B2     		uxtb	r2, r2
 131 001c 42F01002 		orr	r2, r2, #16
 132 0020 D2B2     		uxtb	r2, r2
 133 0022 1A70     		strb	r2, [r3]
  89:.\Generated_Source\PSoC5/Filter_PM.c **** 
  90:.\Generated_Source\PSoC5/Filter_PM.c ****     /* Put DFB RAM on the bus */
  91:.\Generated_Source\PSoC5/Filter_PM.c ****     Filter_RAM_DIR_REG = Filter_RAM_DIR_BUS;
ARM GAS  C:\Users\SCOTTC~1\AppData\Local\Temp\ccGNVx2L.s 			page 5


 134              		.loc 1 91 0
 135 0024 0F4B     		ldr	r3, .L5+16
 136 0026 3F22     		movs	r2, #63
 137 0028 1A70     		strb	r2, [r3]
  92:.\Generated_Source\PSoC5/Filter_PM.c **** 
  93:.\Generated_Source\PSoC5/Filter_PM.c ****     /* Restore ACU RAM as this is not retension */
  94:.\Generated_Source\PSoC5/Filter_PM.c ****     (void)memcpy(Filter_ACU_RAM,
 138              		.loc 1 94 0
 139 002a 0F4A     		ldr	r2, .L5+20
 140 002c 0A4B     		ldr	r3, .L5+4
 141 002e 1446     		mov	r4, r2
 142 0030 1D1D     		adds	r5, r3, #4
 143 0032 0FCD     		ldmia	r5!, {r0, r1, r2, r3}
 144 0034 0FC4     		stmia	r4!, {r0, r1, r2, r3}
 145 0036 0FCD     		ldmia	r5!, {r0, r1, r2, r3}
 146 0038 0FC4     		stmia	r4!, {r0, r1, r2, r3}
 147 003a 0FCD     		ldmia	r5!, {r0, r1, r2, r3}
 148 003c 0FC4     		stmia	r4!, {r0, r1, r2, r3}
 149 003e 95E80F00 		ldmia	r5, {r0, r1, r2, r3}
 150 0042 84E80F00 		stmia	r4, {r0, r1, r2, r3}
  95:.\Generated_Source\PSoC5/Filter_PM.c ****         Filter_backup.saveAcu, Filter_ACU_RAM_SIZE); 
  96:.\Generated_Source\PSoC5/Filter_PM.c **** 
  97:.\Generated_Source\PSoC5/Filter_PM.c ****     /* Take DFB RAM off the bus */
  98:.\Generated_Source\PSoC5/Filter_PM.c ****     Filter_RAM_DIR_REG = Filter_RAM_DIR_DFB;
 151              		.loc 1 98 0
 152 0046 074B     		ldr	r3, .L5+16
 153 0048 0022     		movs	r2, #0
 154 004a 1A70     		strb	r2, [r3]
  99:.\Generated_Source\PSoC5/Filter_PM.c **** }
 155              		.loc 1 99 0
 156 004c BD46     		mov	sp, r7
 157              		@ sp needed
 158 004e B0BC     		pop	{r4, r5, r7}
 159 0050 7047     		bx	lr
 160              	.L6:
 161 0052 00BF     		.align	2
 162              	.L5:
 163 0054 84C70040 		.word	1073792900
 164 0058 00000000 		.word	Filter_backup
 165 005c 90C70040 		.word	1073792912
 166 0060 A6430040 		.word	1073759142
 167 0064 8CC70040 		.word	1073792908
 168 0068 00C70040 		.word	1073792768
 169              		.cfi_endproc
 170              	.LFE1:
 171              		.size	Filter_RestoreConfig, .-Filter_RestoreConfig
 172              		.section	.text.Filter_Sleep,"ax",%progbits
 173              		.align	2
 174              		.global	Filter_Sleep
 175              		.thumb
 176              		.thumb_func
 177              		.type	Filter_Sleep, %function
 178              	Filter_Sleep:
 179              	.LFB2:
 100:.\Generated_Source\PSoC5/Filter_PM.c **** 
 101:.\Generated_Source\PSoC5/Filter_PM.c **** 
 102:.\Generated_Source\PSoC5/Filter_PM.c **** /*******************************************************************************
ARM GAS  C:\Users\SCOTTC~1\AppData\Local\Temp\ccGNVx2L.s 			page 6


 103:.\Generated_Source\PSoC5/Filter_PM.c **** * Function Name: Filter_Sleep
 104:.\Generated_Source\PSoC5/Filter_PM.c **** ********************************************************************************
 105:.\Generated_Source\PSoC5/Filter_PM.c **** *
 106:.\Generated_Source\PSoC5/Filter_PM.c **** * Summary:
 107:.\Generated_Source\PSoC5/Filter_PM.c **** *  Disables block's operation and saves its configuration. Should be called 
 108:.\Generated_Source\PSoC5/Filter_PM.c **** *  just prior to entering sleep.
 109:.\Generated_Source\PSoC5/Filter_PM.c **** *  
 110:.\Generated_Source\PSoC5/Filter_PM.c **** * Parameters:  
 111:.\Generated_Source\PSoC5/Filter_PM.c **** *  void
 112:.\Generated_Source\PSoC5/Filter_PM.c **** *
 113:.\Generated_Source\PSoC5/Filter_PM.c **** * Return: 
 114:.\Generated_Source\PSoC5/Filter_PM.c **** *  void
 115:.\Generated_Source\PSoC5/Filter_PM.c **** *
 116:.\Generated_Source\PSoC5/Filter_PM.c **** * Global variables:
 117:.\Generated_Source\PSoC5/Filter_PM.c **** *  Filter_backup:  The structure field 'enableState' is modified 
 118:.\Generated_Source\PSoC5/Filter_PM.c **** *  depending on the enable state of the block before entering to sleep mode.
 119:.\Generated_Source\PSoC5/Filter_PM.c **** *
 120:.\Generated_Source\PSoC5/Filter_PM.c **** *******************************************************************************/
 121:.\Generated_Source\PSoC5/Filter_PM.c **** void Filter_Sleep(void) 
 122:.\Generated_Source\PSoC5/Filter_PM.c **** {
 180              		.loc 1 122 0
 181              		.cfi_startproc
 182              		@ args = 0, pretend = 0, frame = 0
 183              		@ frame_needed = 1, uses_anonymous_args = 0
 184 0000 80B5     		push	{r7, lr}
 185              		.cfi_def_cfa_offset 8
 186              		.cfi_offset 7, -8
 187              		.cfi_offset 14, -4
 188 0002 00AF     		add	r7, sp, #0
 189              		.cfi_def_cfa_register 7
 123:.\Generated_Source\PSoC5/Filter_PM.c ****     /* Save Filter enable state */
 124:.\Generated_Source\PSoC5/Filter_PM.c ****     if(Filter_PM_ACT_MSK == (Filter_PM_ACT_CFG_REG & Filter_PM_ACT_MSK))
 190              		.loc 1 124 0
 191 0004 094B     		ldr	r3, .L10
 192 0006 1B78     		ldrb	r3, [r3]
 193 0008 DBB2     		uxtb	r3, r3
 194 000a 03F01003 		and	r3, r3, #16
 195 000e 002B     		cmp	r3, #0
 196 0010 03D0     		beq	.L8
 125:.\Generated_Source\PSoC5/Filter_PM.c ****     {
 126:.\Generated_Source\PSoC5/Filter_PM.c ****         /* Component is enabled */
 127:.\Generated_Source\PSoC5/Filter_PM.c ****         Filter_backup.enableState = Filter_ENABLED;
 197              		.loc 1 127 0
 198 0012 074B     		ldr	r3, .L10+4
 199 0014 0122     		movs	r2, #1
 200 0016 1A70     		strb	r2, [r3]
 201 0018 02E0     		b	.L9
 202              	.L8:
 128:.\Generated_Source\PSoC5/Filter_PM.c ****     }
 129:.\Generated_Source\PSoC5/Filter_PM.c ****     else
 130:.\Generated_Source\PSoC5/Filter_PM.c ****     {
 131:.\Generated_Source\PSoC5/Filter_PM.c ****         /* Component is disabled */
 132:.\Generated_Source\PSoC5/Filter_PM.c ****         Filter_backup.enableState = Filter_DISABLED;
 203              		.loc 1 132 0
 204 001a 054B     		ldr	r3, .L10+4
 205 001c 0022     		movs	r2, #0
 206 001e 1A70     		strb	r2, [r3]
ARM GAS  C:\Users\SCOTTC~1\AppData\Local\Temp\ccGNVx2L.s 			page 7


 207              	.L9:
 133:.\Generated_Source\PSoC5/Filter_PM.c ****     }
 134:.\Generated_Source\PSoC5/Filter_PM.c **** 
 135:.\Generated_Source\PSoC5/Filter_PM.c ****     /* Save the configuration */
 136:.\Generated_Source\PSoC5/Filter_PM.c ****     Filter_SaveConfig();
 208              		.loc 1 136 0
 209 0020 FFF7FEFF 		bl	Filter_SaveConfig
 137:.\Generated_Source\PSoC5/Filter_PM.c ****     
 138:.\Generated_Source\PSoC5/Filter_PM.c ****     /* Stop the component */
 139:.\Generated_Source\PSoC5/Filter_PM.c ****     Filter_Stop();
 210              		.loc 1 139 0
 211 0024 FFF7FEFF 		bl	Filter_Stop
 140:.\Generated_Source\PSoC5/Filter_PM.c **** }
 212              		.loc 1 140 0
 213 0028 80BD     		pop	{r7, pc}
 214              	.L11:
 215 002a 00BF     		.align	2
 216              	.L10:
 217 002c A6430040 		.word	1073759142
 218 0030 00000000 		.word	Filter_backup
 219              		.cfi_endproc
 220              	.LFE2:
 221              		.size	Filter_Sleep, .-Filter_Sleep
 222              		.section	.text.Filter_Wakeup,"ax",%progbits
 223              		.align	2
 224              		.global	Filter_Wakeup
 225              		.thumb
 226              		.thumb_func
 227              		.type	Filter_Wakeup, %function
 228              	Filter_Wakeup:
 229              	.LFB3:
 141:.\Generated_Source\PSoC5/Filter_PM.c **** 
 142:.\Generated_Source\PSoC5/Filter_PM.c **** 
 143:.\Generated_Source\PSoC5/Filter_PM.c **** /*******************************************************************************
 144:.\Generated_Source\PSoC5/Filter_PM.c **** * Function Name: Filter_Wakeup
 145:.\Generated_Source\PSoC5/Filter_PM.c **** ********************************************************************************
 146:.\Generated_Source\PSoC5/Filter_PM.c **** *
 147:.\Generated_Source\PSoC5/Filter_PM.c **** * Summary:
 148:.\Generated_Source\PSoC5/Filter_PM.c **** *  Enables block's operation and restores its configuration. Should be called
 149:.\Generated_Source\PSoC5/Filter_PM.c **** *  just after awaking from sleep.
 150:.\Generated_Source\PSoC5/Filter_PM.c **** *  
 151:.\Generated_Source\PSoC5/Filter_PM.c **** * Parameters:  
 152:.\Generated_Source\PSoC5/Filter_PM.c **** *  void
 153:.\Generated_Source\PSoC5/Filter_PM.c **** *
 154:.\Generated_Source\PSoC5/Filter_PM.c **** * Return: 
 155:.\Generated_Source\PSoC5/Filter_PM.c **** *  void
 156:.\Generated_Source\PSoC5/Filter_PM.c **** *
 157:.\Generated_Source\PSoC5/Filter_PM.c **** * Global variables:
 158:.\Generated_Source\PSoC5/Filter_PM.c **** *  Filter_backup:  The structure field 'enableState' is used to 
 159:.\Generated_Source\PSoC5/Filter_PM.c **** *  restore the enable state of block after wakeup from sleep mode.
 160:.\Generated_Source\PSoC5/Filter_PM.c **** *
 161:.\Generated_Source\PSoC5/Filter_PM.c **** *******************************************************************************/
 162:.\Generated_Source\PSoC5/Filter_PM.c **** void Filter_Wakeup(void) 
 163:.\Generated_Source\PSoC5/Filter_PM.c **** {
 230              		.loc 1 163 0
 231              		.cfi_startproc
 232              		@ args = 0, pretend = 0, frame = 0
ARM GAS  C:\Users\SCOTTC~1\AppData\Local\Temp\ccGNVx2L.s 			page 8


 233              		@ frame_needed = 1, uses_anonymous_args = 0
 234 0000 80B5     		push	{r7, lr}
 235              		.cfi_def_cfa_offset 8
 236              		.cfi_offset 7, -8
 237              		.cfi_offset 14, -4
 238 0002 00AF     		add	r7, sp, #0
 239              		.cfi_def_cfa_register 7
 164:.\Generated_Source\PSoC5/Filter_PM.c ****     /* Restore the configuration */
 165:.\Generated_Source\PSoC5/Filter_PM.c ****     Filter_RestoreConfig();
 240              		.loc 1 165 0
 241 0004 FFF7FEFF 		bl	Filter_RestoreConfig
 166:.\Generated_Source\PSoC5/Filter_PM.c ****     
 167:.\Generated_Source\PSoC5/Filter_PM.c ****     /* Enable's the component operation */
 168:.\Generated_Source\PSoC5/Filter_PM.c ****     if(Filter_backup.enableState == Filter_ENABLED)
 242              		.loc 1 168 0
 243 0008 034B     		ldr	r3, .L14
 244 000a 1B78     		ldrb	r3, [r3]	@ zero_extendqisi2
 245 000c 012B     		cmp	r3, #1
 246 000e 01D1     		bne	.L12
 169:.\Generated_Source\PSoC5/Filter_PM.c ****     {
 170:.\Generated_Source\PSoC5/Filter_PM.c ****         Filter_Enable();
 247              		.loc 1 170 0
 248 0010 FFF7FEFF 		bl	Filter_Enable
 249              	.L12:
 171:.\Generated_Source\PSoC5/Filter_PM.c ****     } /* Do nothing if component was disable before */
 172:.\Generated_Source\PSoC5/Filter_PM.c **** }
 250              		.loc 1 172 0
 251 0014 80BD     		pop	{r7, pc}
 252              	.L15:
 253 0016 00BF     		.align	2
 254              	.L14:
 255 0018 00000000 		.word	Filter_backup
 256              		.cfi_endproc
 257              	.LFE3:
 258              		.size	Filter_Wakeup, .-Filter_Wakeup
 259              		.text
 260              	.Letext0:
 261              		.file 2 ".\\Generated_Source\\PSoC5\\cytypes.h"
 262              		.file 3 ".\\Generated_Source\\PSoC5\\Filter.H"
 263              		.section	.debug_info,"",%progbits
 264              	.Ldebug_info0:
 265 0000 5E010000 		.4byte	0x15e
 266 0004 0400     		.2byte	0x4
 267 0006 00000000 		.4byte	.Ldebug_abbrev0
 268 000a 04       		.byte	0x4
 269 000b 01       		.uleb128 0x1
 270 000c 61010000 		.4byte	.LASF24
 271 0010 01       		.byte	0x1
 272 0011 04010000 		.4byte	.LASF25
 273 0015 05000000 		.4byte	.LASF26
 274 0019 00000000 		.4byte	.Ldebug_ranges0+0
 275 001d 00000000 		.4byte	0
 276 0021 00000000 		.4byte	.Ldebug_line0
 277 0025 02       		.uleb128 0x2
 278 0026 04       		.byte	0x4
 279 0027 05       		.byte	0x5
 280 0028 696E7400 		.ascii	"int\000"
ARM GAS  C:\Users\SCOTTC~1\AppData\Local\Temp\ccGNVx2L.s 			page 9


 281 002c 03       		.uleb128 0x3
 282 002d 04       		.byte	0x4
 283 002e 07       		.byte	0x7
 284 002f 29010000 		.4byte	.LASF0
 285 0033 03       		.uleb128 0x3
 286 0034 01       		.byte	0x1
 287 0035 06       		.byte	0x6
 288 0036 20020000 		.4byte	.LASF1
 289 003a 03       		.uleb128 0x3
 290 003b 01       		.byte	0x1
 291 003c 08       		.byte	0x8
 292 003d 9D000000 		.4byte	.LASF2
 293 0041 03       		.uleb128 0x3
 294 0042 02       		.byte	0x2
 295 0043 05       		.byte	0x5
 296 0044 F9010000 		.4byte	.LASF3
 297 0048 03       		.uleb128 0x3
 298 0049 02       		.byte	0x2
 299 004a 07       		.byte	0x7
 300 004b 6F000000 		.4byte	.LASF4
 301 004f 03       		.uleb128 0x3
 302 0050 04       		.byte	0x4
 303 0051 05       		.byte	0x5
 304 0052 0B020000 		.4byte	.LASF5
 305 0056 03       		.uleb128 0x3
 306 0057 04       		.byte	0x4
 307 0058 07       		.byte	0x7
 308 0059 B0000000 		.4byte	.LASF6
 309 005d 03       		.uleb128 0x3
 310 005e 08       		.byte	0x8
 311 005f 05       		.byte	0x5
 312 0060 E6010000 		.4byte	.LASF7
 313 0064 03       		.uleb128 0x3
 314 0065 08       		.byte	0x8
 315 0066 07       		.byte	0x7
 316 0067 4A010000 		.4byte	.LASF8
 317 006b 03       		.uleb128 0x3
 318 006c 04       		.byte	0x4
 319 006d 07       		.byte	0x7
 320 006e DD010000 		.4byte	.LASF9
 321 0072 03       		.uleb128 0x3
 322 0073 01       		.byte	0x1
 323 0074 08       		.byte	0x8
 324 0075 F4010000 		.4byte	.LASF10
 325 0079 04       		.uleb128 0x4
 326 007a C2000000 		.4byte	.LASF11
 327 007e 02       		.byte	0x2
 328 007f A1       		.byte	0xa1
 329 0080 3A000000 		.4byte	0x3a
 330 0084 04       		.uleb128 0x4
 331 0085 FD000000 		.4byte	.LASF12
 332 0089 02       		.byte	0x2
 333 008a A2       		.byte	0xa2
 334 008b 48000000 		.4byte	0x48
 335 008f 03       		.uleb128 0x3
 336 0090 04       		.byte	0x4
 337 0091 04       		.byte	0x4
ARM GAS  C:\Users\SCOTTC~1\AppData\Local\Temp\ccGNVx2L.s 			page 10


 338 0092 97000000 		.4byte	.LASF13
 339 0096 03       		.uleb128 0x3
 340 0097 08       		.byte	0x8
 341 0098 04       		.byte	0x4
 342 0099 D6000000 		.4byte	.LASF14
 343 009d 05       		.uleb128 0x5
 344 009e AB000000 		.4byte	.LASF15
 345 00a2 02       		.byte	0x2
 346 00a3 4B01     		.2byte	0x14b
 347 00a5 A9000000 		.4byte	0xa9
 348 00a9 06       		.uleb128 0x6
 349 00aa 79000000 		.4byte	0x79
 350 00ae 07       		.uleb128 0x7
 351 00af 44       		.byte	0x44
 352 00b0 03       		.byte	0x3
 353 00b1 30       		.byte	0x30
 354 00b2 F1000000 		.4byte	0xf1
 355 00b6 08       		.uleb128 0x8
 356 00b7 14020000 		.4byte	.LASF16
 357 00bb 03       		.byte	0x3
 358 00bc 32       		.byte	0x32
 359 00bd 79000000 		.4byte	0x79
 360 00c1 00       		.byte	0
 361 00c2 09       		.uleb128 0x9
 362 00c3 637200   		.ascii	"cr\000"
 363 00c6 03       		.byte	0x3
 364 00c7 33       		.byte	0x33
 365 00c8 79000000 		.4byte	0x79
 366 00cc 01       		.byte	0x1
 367 00cd 09       		.uleb128 0x9
 368 00ce 737200   		.ascii	"sr\000"
 369 00d1 03       		.byte	0x3
 370 00d2 34       		.byte	0x34
 371 00d3 79000000 		.4byte	0x79
 372 00d7 02       		.byte	0x2
 373 00d8 08       		.uleb128 0x8
 374 00d9 00000000 		.4byte	.LASF17
 375 00dd 03       		.byte	0x3
 376 00de 35       		.byte	0x35
 377 00df 79000000 		.4byte	0x79
 378 00e3 03       		.byte	0x3
 379 00e4 08       		.uleb128 0x8
 380 00e5 03020000 		.4byte	.LASF18
 381 00e9 03       		.byte	0x3
 382 00ea 36       		.byte	0x36
 383 00eb F1000000 		.4byte	0xf1
 384 00ef 04       		.byte	0x4
 385 00f0 00       		.byte	0
 386 00f1 0A       		.uleb128 0xa
 387 00f2 79000000 		.4byte	0x79
 388 00f6 01010000 		.4byte	0x101
 389 00fa 0B       		.uleb128 0xb
 390 00fb 6B000000 		.4byte	0x6b
 391 00ff 3F       		.byte	0x3f
 392 0100 00       		.byte	0
 393 0101 04       		.uleb128 0x4
 394 0102 36010000 		.4byte	.LASF19
ARM GAS  C:\Users\SCOTTC~1\AppData\Local\Temp\ccGNVx2L.s 			page 11


 395 0106 03       		.byte	0x3
 396 0107 37       		.byte	0x37
 397 0108 AE000000 		.4byte	0xae
 398 010c 0C       		.uleb128 0xc
 399 010d DD000000 		.4byte	.LASF20
 400 0111 01       		.byte	0x1
 401 0112 2E       		.byte	0x2e
 402 0113 00000000 		.4byte	.LFB0
 403 0117 5C000000 		.4byte	.LFE0-.LFB0
 404 011b 01       		.uleb128 0x1
 405 011c 9C       		.byte	0x9c
 406 011d 0C       		.uleb128 0xc
 407 011e 82000000 		.4byte	.LASF21
 408 0122 01       		.byte	0x1
 409 0123 52       		.byte	0x52
 410 0124 00000000 		.4byte	.LFB1
 411 0128 6C000000 		.4byte	.LFE1-.LFB1
 412 012c 01       		.uleb128 0x1
 413 012d 9C       		.byte	0x9c
 414 012e 0D       		.uleb128 0xd
 415 012f 62000000 		.4byte	.LASF22
 416 0133 01       		.byte	0x1
 417 0134 79       		.byte	0x79
 418 0135 00000000 		.4byte	.LFB2
 419 0139 34000000 		.4byte	.LFE2-.LFB2
 420 013d 01       		.uleb128 0x1
 421 013e 9C       		.byte	0x9c
 422 013f 0D       		.uleb128 0xd
 423 0140 C8000000 		.4byte	.LASF23
 424 0144 01       		.byte	0x1
 425 0145 A2       		.byte	0xa2
 426 0146 00000000 		.4byte	.LFB3
 427 014a 1C000000 		.4byte	.LFE3-.LFB3
 428 014e 01       		.uleb128 0x1
 429 014f 9C       		.byte	0x9c
 430 0150 0E       		.uleb128 0xe
 431 0151 EF000000 		.4byte	.LASF27
 432 0155 01       		.byte	0x1
 433 0156 13       		.byte	0x13
 434 0157 01010000 		.4byte	0x101
 435 015b 05       		.uleb128 0x5
 436 015c 03       		.byte	0x3
 437 015d 00000000 		.4byte	Filter_backup
 438 0161 00       		.byte	0
 439              		.section	.debug_abbrev,"",%progbits
 440              	.Ldebug_abbrev0:
 441 0000 01       		.uleb128 0x1
 442 0001 11       		.uleb128 0x11
 443 0002 01       		.byte	0x1
 444 0003 25       		.uleb128 0x25
 445 0004 0E       		.uleb128 0xe
 446 0005 13       		.uleb128 0x13
 447 0006 0B       		.uleb128 0xb
 448 0007 03       		.uleb128 0x3
 449 0008 0E       		.uleb128 0xe
 450 0009 1B       		.uleb128 0x1b
 451 000a 0E       		.uleb128 0xe
ARM GAS  C:\Users\SCOTTC~1\AppData\Local\Temp\ccGNVx2L.s 			page 12


 452 000b 55       		.uleb128 0x55
 453 000c 17       		.uleb128 0x17
 454 000d 11       		.uleb128 0x11
 455 000e 01       		.uleb128 0x1
 456 000f 10       		.uleb128 0x10
 457 0010 17       		.uleb128 0x17
 458 0011 00       		.byte	0
 459 0012 00       		.byte	0
 460 0013 02       		.uleb128 0x2
 461 0014 24       		.uleb128 0x24
 462 0015 00       		.byte	0
 463 0016 0B       		.uleb128 0xb
 464 0017 0B       		.uleb128 0xb
 465 0018 3E       		.uleb128 0x3e
 466 0019 0B       		.uleb128 0xb
 467 001a 03       		.uleb128 0x3
 468 001b 08       		.uleb128 0x8
 469 001c 00       		.byte	0
 470 001d 00       		.byte	0
 471 001e 03       		.uleb128 0x3
 472 001f 24       		.uleb128 0x24
 473 0020 00       		.byte	0
 474 0021 0B       		.uleb128 0xb
 475 0022 0B       		.uleb128 0xb
 476 0023 3E       		.uleb128 0x3e
 477 0024 0B       		.uleb128 0xb
 478 0025 03       		.uleb128 0x3
 479 0026 0E       		.uleb128 0xe
 480 0027 00       		.byte	0
 481 0028 00       		.byte	0
 482 0029 04       		.uleb128 0x4
 483 002a 16       		.uleb128 0x16
 484 002b 00       		.byte	0
 485 002c 03       		.uleb128 0x3
 486 002d 0E       		.uleb128 0xe
 487 002e 3A       		.uleb128 0x3a
 488 002f 0B       		.uleb128 0xb
 489 0030 3B       		.uleb128 0x3b
 490 0031 0B       		.uleb128 0xb
 491 0032 49       		.uleb128 0x49
 492 0033 13       		.uleb128 0x13
 493 0034 00       		.byte	0
 494 0035 00       		.byte	0
 495 0036 05       		.uleb128 0x5
 496 0037 16       		.uleb128 0x16
 497 0038 00       		.byte	0
 498 0039 03       		.uleb128 0x3
 499 003a 0E       		.uleb128 0xe
 500 003b 3A       		.uleb128 0x3a
 501 003c 0B       		.uleb128 0xb
 502 003d 3B       		.uleb128 0x3b
 503 003e 05       		.uleb128 0x5
 504 003f 49       		.uleb128 0x49
 505 0040 13       		.uleb128 0x13
 506 0041 00       		.byte	0
 507 0042 00       		.byte	0
 508 0043 06       		.uleb128 0x6
ARM GAS  C:\Users\SCOTTC~1\AppData\Local\Temp\ccGNVx2L.s 			page 13


 509 0044 35       		.uleb128 0x35
 510 0045 00       		.byte	0
 511 0046 49       		.uleb128 0x49
 512 0047 13       		.uleb128 0x13
 513 0048 00       		.byte	0
 514 0049 00       		.byte	0
 515 004a 07       		.uleb128 0x7
 516 004b 13       		.uleb128 0x13
 517 004c 01       		.byte	0x1
 518 004d 0B       		.uleb128 0xb
 519 004e 0B       		.uleb128 0xb
 520 004f 3A       		.uleb128 0x3a
 521 0050 0B       		.uleb128 0xb
 522 0051 3B       		.uleb128 0x3b
 523 0052 0B       		.uleb128 0xb
 524 0053 01       		.uleb128 0x1
 525 0054 13       		.uleb128 0x13
 526 0055 00       		.byte	0
 527 0056 00       		.byte	0
 528 0057 08       		.uleb128 0x8
 529 0058 0D       		.uleb128 0xd
 530 0059 00       		.byte	0
 531 005a 03       		.uleb128 0x3
 532 005b 0E       		.uleb128 0xe
 533 005c 3A       		.uleb128 0x3a
 534 005d 0B       		.uleb128 0xb
 535 005e 3B       		.uleb128 0x3b
 536 005f 0B       		.uleb128 0xb
 537 0060 49       		.uleb128 0x49
 538 0061 13       		.uleb128 0x13
 539 0062 38       		.uleb128 0x38
 540 0063 0B       		.uleb128 0xb
 541 0064 00       		.byte	0
 542 0065 00       		.byte	0
 543 0066 09       		.uleb128 0x9
 544 0067 0D       		.uleb128 0xd
 545 0068 00       		.byte	0
 546 0069 03       		.uleb128 0x3
 547 006a 08       		.uleb128 0x8
 548 006b 3A       		.uleb128 0x3a
 549 006c 0B       		.uleb128 0xb
 550 006d 3B       		.uleb128 0x3b
 551 006e 0B       		.uleb128 0xb
 552 006f 49       		.uleb128 0x49
 553 0070 13       		.uleb128 0x13
 554 0071 38       		.uleb128 0x38
 555 0072 0B       		.uleb128 0xb
 556 0073 00       		.byte	0
 557 0074 00       		.byte	0
 558 0075 0A       		.uleb128 0xa
 559 0076 01       		.uleb128 0x1
 560 0077 01       		.byte	0x1
 561 0078 49       		.uleb128 0x49
 562 0079 13       		.uleb128 0x13
 563 007a 01       		.uleb128 0x1
 564 007b 13       		.uleb128 0x13
 565 007c 00       		.byte	0
ARM GAS  C:\Users\SCOTTC~1\AppData\Local\Temp\ccGNVx2L.s 			page 14


 566 007d 00       		.byte	0
 567 007e 0B       		.uleb128 0xb
 568 007f 21       		.uleb128 0x21
 569 0080 00       		.byte	0
 570 0081 49       		.uleb128 0x49
 571 0082 13       		.uleb128 0x13
 572 0083 2F       		.uleb128 0x2f
 573 0084 0B       		.uleb128 0xb
 574 0085 00       		.byte	0
 575 0086 00       		.byte	0
 576 0087 0C       		.uleb128 0xc
 577 0088 2E       		.uleb128 0x2e
 578 0089 00       		.byte	0
 579 008a 3F       		.uleb128 0x3f
 580 008b 19       		.uleb128 0x19
 581 008c 03       		.uleb128 0x3
 582 008d 0E       		.uleb128 0xe
 583 008e 3A       		.uleb128 0x3a
 584 008f 0B       		.uleb128 0xb
 585 0090 3B       		.uleb128 0x3b
 586 0091 0B       		.uleb128 0xb
 587 0092 27       		.uleb128 0x27
 588 0093 19       		.uleb128 0x19
 589 0094 11       		.uleb128 0x11
 590 0095 01       		.uleb128 0x1
 591 0096 12       		.uleb128 0x12
 592 0097 06       		.uleb128 0x6
 593 0098 40       		.uleb128 0x40
 594 0099 18       		.uleb128 0x18
 595 009a 9742     		.uleb128 0x2117
 596 009c 19       		.uleb128 0x19
 597 009d 00       		.byte	0
 598 009e 00       		.byte	0
 599 009f 0D       		.uleb128 0xd
 600 00a0 2E       		.uleb128 0x2e
 601 00a1 00       		.byte	0
 602 00a2 3F       		.uleb128 0x3f
 603 00a3 19       		.uleb128 0x19
 604 00a4 03       		.uleb128 0x3
 605 00a5 0E       		.uleb128 0xe
 606 00a6 3A       		.uleb128 0x3a
 607 00a7 0B       		.uleb128 0xb
 608 00a8 3B       		.uleb128 0x3b
 609 00a9 0B       		.uleb128 0xb
 610 00aa 27       		.uleb128 0x27
 611 00ab 19       		.uleb128 0x19
 612 00ac 11       		.uleb128 0x11
 613 00ad 01       		.uleb128 0x1
 614 00ae 12       		.uleb128 0x12
 615 00af 06       		.uleb128 0x6
 616 00b0 40       		.uleb128 0x40
 617 00b1 18       		.uleb128 0x18
 618 00b2 9642     		.uleb128 0x2116
 619 00b4 19       		.uleb128 0x19
 620 00b5 00       		.byte	0
 621 00b6 00       		.byte	0
 622 00b7 0E       		.uleb128 0xe
ARM GAS  C:\Users\SCOTTC~1\AppData\Local\Temp\ccGNVx2L.s 			page 15


 623 00b8 34       		.uleb128 0x34
 624 00b9 00       		.byte	0
 625 00ba 03       		.uleb128 0x3
 626 00bb 0E       		.uleb128 0xe
 627 00bc 3A       		.uleb128 0x3a
 628 00bd 0B       		.uleb128 0xb
 629 00be 3B       		.uleb128 0x3b
 630 00bf 0B       		.uleb128 0xb
 631 00c0 49       		.uleb128 0x49
 632 00c1 13       		.uleb128 0x13
 633 00c2 02       		.uleb128 0x2
 634 00c3 18       		.uleb128 0x18
 635 00c4 00       		.byte	0
 636 00c5 00       		.byte	0
 637 00c6 00       		.byte	0
 638              		.section	.debug_aranges,"",%progbits
 639 0000 34000000 		.4byte	0x34
 640 0004 0200     		.2byte	0x2
 641 0006 00000000 		.4byte	.Ldebug_info0
 642 000a 04       		.byte	0x4
 643 000b 00       		.byte	0
 644 000c 0000     		.2byte	0
 645 000e 0000     		.2byte	0
 646 0010 00000000 		.4byte	.LFB0
 647 0014 5C000000 		.4byte	.LFE0-.LFB0
 648 0018 00000000 		.4byte	.LFB1
 649 001c 6C000000 		.4byte	.LFE1-.LFB1
 650 0020 00000000 		.4byte	.LFB2
 651 0024 34000000 		.4byte	.LFE2-.LFB2
 652 0028 00000000 		.4byte	.LFB3
 653 002c 1C000000 		.4byte	.LFE3-.LFB3
 654 0030 00000000 		.4byte	0
 655 0034 00000000 		.4byte	0
 656              		.section	.debug_ranges,"",%progbits
 657              	.Ldebug_ranges0:
 658 0000 00000000 		.4byte	.LFB0
 659 0004 5C000000 		.4byte	.LFE0
 660 0008 00000000 		.4byte	.LFB1
 661 000c 6C000000 		.4byte	.LFE1
 662 0010 00000000 		.4byte	.LFB2
 663 0014 34000000 		.4byte	.LFE2
 664 0018 00000000 		.4byte	.LFB3
 665 001c 1C000000 		.4byte	.LFE3
 666 0020 00000000 		.4byte	0
 667 0024 00000000 		.4byte	0
 668              		.section	.debug_line,"",%progbits
 669              	.Ldebug_line0:
 670 0000 B0000000 		.section	.debug_str,"MS",%progbits,1
 670      02005400 
 670      00000201 
 670      FB0E0D00 
 670      01010101 
 671              	.LASF17:
 672 0000 73656D61 		.ascii	"sema\000"
 672      00
 673              	.LASF26:
 674 0005 5C5C766D 		.ascii	"\\\\vmware-host\\Shared Folders\\scottcarlson On My"
ARM GAS  C:\Users\SCOTTC~1\AppData\Local\Temp\ccGNVx2L.s 			page 16


 674      77617265 
 674      2D686F73 
 674      745C5368 
 674      61726564 
 675 0034 204D6163 		.ascii	" Mac\\Code\\repos\\LED_controller\\Design01.cydsn\000"
 675      5C436F64 
 675      655C7265 
 675      706F735C 
 675      4C45445F 
 676              	.LASF22:
 677 0062 46696C74 		.ascii	"Filter_Sleep\000"
 677      65725F53 
 677      6C656570 
 677      00
 678              	.LASF4:
 679 006f 73686F72 		.ascii	"short unsigned int\000"
 679      7420756E 
 679      7369676E 
 679      65642069 
 679      6E7400
 680              	.LASF21:
 681 0082 46696C74 		.ascii	"Filter_RestoreConfig\000"
 681      65725F52 
 681      6573746F 
 681      7265436F 
 681      6E666967 
 682              	.LASF13:
 683 0097 666C6F61 		.ascii	"float\000"
 683      7400
 684              	.LASF2:
 685 009d 756E7369 		.ascii	"unsigned char\000"
 685      676E6564 
 685      20636861 
 685      7200
 686              	.LASF15:
 687 00ab 72656738 		.ascii	"reg8\000"
 687      00
 688              	.LASF6:
 689 00b0 6C6F6E67 		.ascii	"long unsigned int\000"
 689      20756E73 
 689      69676E65 
 689      6420696E 
 689      7400
 690              	.LASF11:
 691 00c2 75696E74 		.ascii	"uint8\000"
 691      3800
 692              	.LASF23:
 693 00c8 46696C74 		.ascii	"Filter_Wakeup\000"
 693      65725F57 
 693      616B6575 
 693      7000
 694              	.LASF14:
 695 00d6 646F7562 		.ascii	"double\000"
 695      6C6500
 696              	.LASF20:
 697 00dd 46696C74 		.ascii	"Filter_SaveConfig\000"
 697      65725F53 
ARM GAS  C:\Users\SCOTTC~1\AppData\Local\Temp\ccGNVx2L.s 			page 17


 697      61766543 
 697      6F6E6669 
 697      6700
 698              	.LASF27:
 699 00ef 46696C74 		.ascii	"Filter_backup\000"
 699      65725F62 
 699      61636B75 
 699      7000
 700              	.LASF12:
 701 00fd 75696E74 		.ascii	"uint16\000"
 701      313600
 702              	.LASF25:
 703 0104 2E5C4765 		.ascii	".\\Generated_Source\\PSoC5\\Filter_PM.c\000"
 703      6E657261 
 703      7465645F 
 703      536F7572 
 703      63655C50 
 704              	.LASF0:
 705 0129 756E7369 		.ascii	"unsigned int\000"
 705      676E6564 
 705      20696E74 
 705      00
 706              	.LASF19:
 707 0136 46696C74 		.ascii	"Filter_backupStruct\000"
 707      65725F62 
 707      61636B75 
 707      70537472 
 707      75637400 
 708              	.LASF8:
 709 014a 6C6F6E67 		.ascii	"long long unsigned int\000"
 709      206C6F6E 
 709      6720756E 
 709      7369676E 
 709      65642069 
 710              	.LASF24:
 711 0161 474E5520 		.ascii	"GNU C 4.8.4 20140526 (release) [ARM/embedded-4_8-br"
 711      4320342E 
 711      382E3420 
 711      32303134 
 711      30353236 
 712 0194 616E6368 		.ascii	"anch revision 211358] -mcpu=cortex-m3 -mthumb -g -O"
 712      20726576 
 712      6973696F 
 712      6E203231 
 712      31333538 
 713 01c7 30202D66 		.ascii	"0 -ffunction-sections\000"
 713      66756E63 
 713      74696F6E 
 713      2D736563 
 713      74696F6E 
 714              	.LASF9:
 715 01dd 73697A65 		.ascii	"sizetype\000"
 715      74797065 
 715      00
 716              	.LASF7:
 717 01e6 6C6F6E67 		.ascii	"long long int\000"
 717      206C6F6E 
ARM GAS  C:\Users\SCOTTC~1\AppData\Local\Temp\ccGNVx2L.s 			page 18


 717      6720696E 
 717      7400
 718              	.LASF10:
 719 01f4 63686172 		.ascii	"char\000"
 719      00
 720              	.LASF3:
 721 01f9 73686F72 		.ascii	"short int\000"
 721      7420696E 
 721      7400
 722              	.LASF18:
 723 0203 73617665 		.ascii	"saveAcu\000"
 723      41637500 
 724              	.LASF5:
 725 020b 6C6F6E67 		.ascii	"long int\000"
 725      20696E74 
 725      00
 726              	.LASF16:
 727 0214 656E6162 		.ascii	"enableState\000"
 727      6C655374 
 727      61746500 
 728              	.LASF1:
 729 0220 7369676E 		.ascii	"signed char\000"
 729      65642063 
 729      68617200 
 730              		.ident	"GCC: (GNU Tools for ARM Embedded Processors) 4.8.4 20140526 (release) [ARM/embedded-4_8-br
