ARM GAS  C:\Users\SCOTTC~1\AppData\Local\Temp\ccNabHsP.s 			page 1


   1              		.syntax unified
   2              		.cpu cortex-m3
   3              		.fpu softvfp
   4              		.eabi_attribute 20, 1
   5              		.eabi_attribute 21, 1
   6              		.eabi_attribute 23, 3
   7              		.eabi_attribute 24, 1
   8              		.eabi_attribute 25, 1
   9              		.eabi_attribute 26, 1
  10              		.eabi_attribute 30, 6
  11              		.eabi_attribute 34, 1
  12              		.eabi_attribute 18, 4
  13              		.thumb
  14              		.file	"Filter_Coefficients.c"
  15              		.text
  16              	.Ltext0:
  17              		.cfi_sections	.debug_frame
  18              		.global	Filter_ChannelAFirCoefficients
  19              		.section	.rodata
  20              		.align	2
  21              		.type	Filter_ChannelAFirCoefficients, %object
  22              		.size	Filter_ChannelAFirCoefficients, 124
  23              	Filter_ChannelAFirCoefficients:
  24 0000 7B       		.byte	123
  25 0001 03       		.byte	3
  26 0002 00       		.byte	0
  27 0003 00       		.byte	0
  28 0004 D6       		.byte	-42
  29 0005 EF       		.byte	-17
  30 0006 FF       		.byte	-1
  31 0007 00       		.byte	0
  32 0008 1B       		.byte	27
  33 0009 14       		.byte	20
  34 000a 00       		.byte	0
  35 000b 00       		.byte	0
  36 000c E9       		.byte	-23
  37 000d 1D       		.byte	29
  38 000e 00       		.byte	0
  39 000f 00       		.byte	0
  40 0010 45       		.byte	69
  41 0011 82       		.byte	-126
  42 0012 FF       		.byte	-1
  43 0013 00       		.byte	0
  44 0014 EF       		.byte	-17
  45 0015 80       		.byte	-128
  46 0016 00       		.byte	0
  47 0017 00       		.byte	0
  48 0018 64       		.byte	100
  49 0019 75       		.byte	117
  50 001a 00       		.byte	0
  51 001b 00       		.byte	0
  52 001c 72       		.byte	114
  53 001d 14       		.byte	20
  54 001e FE       		.byte	-2
  55 001f 00       		.byte	0
  56 0020 B7       		.byte	-73
  57 0021 E4       		.byte	-28
ARM GAS  C:\Users\SCOTTC~1\AppData\Local\Temp\ccNabHsP.s 			page 2


  58 0022 01       		.byte	1
  59 0023 00       		.byte	0
  60 0024 10       		.byte	16
  61 0025 42       		.byte	66
  62 0026 01       		.byte	1
  63 0027 00       		.byte	0
  64 0028 E7       		.byte	-25
  65 0029 4E       		.byte	78
  66 002a FA       		.byte	-6
  67 002b 00       		.byte	0
  68 002c 0B       		.byte	11
  69 002d 98       		.byte	-104
  70 002e 05       		.byte	5
  71 002f 00       		.byte	0
  72 0030 9A       		.byte	-102
  73 0031 D1       		.byte	-47
  74 0032 03       		.byte	3
  75 0033 00       		.byte	0
  76 0034 23       		.byte	35
  77 0035 FC       		.byte	-4
  78 0036 ED       		.byte	-19
  79 0037 00       		.byte	0
  80 0038 7A       		.byte	122
  81 0039 BE       		.byte	-66
  82 003a 0F       		.byte	15
  83 003b 00       		.byte	0
  84 003c 62       		.byte	98
  85 003d B3       		.byte	-77
  86 003e 38       		.byte	56
  87 003f 00       		.byte	0
  88 0040 7A       		.byte	122
  89 0041 BE       		.byte	-66
  90 0042 0F       		.byte	15
  91 0043 00       		.byte	0
  92 0044 23       		.byte	35
  93 0045 FC       		.byte	-4
  94 0046 ED       		.byte	-19
  95 0047 00       		.byte	0
  96 0048 9A       		.byte	-102
  97 0049 D1       		.byte	-47
  98 004a 03       		.byte	3
  99 004b 00       		.byte	0
 100 004c 0B       		.byte	11
 101 004d 98       		.byte	-104
 102 004e 05       		.byte	5
 103 004f 00       		.byte	0
 104 0050 E7       		.byte	-25
 105 0051 4E       		.byte	78
 106 0052 FA       		.byte	-6
 107 0053 00       		.byte	0
 108 0054 10       		.byte	16
 109 0055 42       		.byte	66
 110 0056 01       		.byte	1
 111 0057 00       		.byte	0
 112 0058 B7       		.byte	-73
 113 0059 E4       		.byte	-28
 114 005a 01       		.byte	1
ARM GAS  C:\Users\SCOTTC~1\AppData\Local\Temp\ccNabHsP.s 			page 3


 115 005b 00       		.byte	0
 116 005c 72       		.byte	114
 117 005d 14       		.byte	20
 118 005e FE       		.byte	-2
 119 005f 00       		.byte	0
 120 0060 64       		.byte	100
 121 0061 75       		.byte	117
 122 0062 00       		.byte	0
 123 0063 00       		.byte	0
 124 0064 EF       		.byte	-17
 125 0065 80       		.byte	-128
 126 0066 00       		.byte	0
 127 0067 00       		.byte	0
 128 0068 45       		.byte	69
 129 0069 82       		.byte	-126
 130 006a FF       		.byte	-1
 131 006b 00       		.byte	0
 132 006c E9       		.byte	-23
 133 006d 1D       		.byte	29
 134 006e 00       		.byte	0
 135 006f 00       		.byte	0
 136 0070 1B       		.byte	27
 137 0071 14       		.byte	20
 138 0072 00       		.byte	0
 139 0073 00       		.byte	0
 140 0074 D6       		.byte	-42
 141 0075 EF       		.byte	-17
 142 0076 FF       		.byte	-1
 143 0077 00       		.byte	0
 144 0078 7B       		.byte	123
 145 0079 03       		.byte	3
 146 007a 00       		.byte	0
 147 007b 00       		.byte	0
 148              		.global	Filter_ChannelBFirCoefficients
 149              		.align	2
 150              		.type	Filter_ChannelBFirCoefficients, %object
 151              		.size	Filter_ChannelBFirCoefficients, 124
 152              	Filter_ChannelBFirCoefficients:
 153 007c 7B       		.byte	123
 154 007d 03       		.byte	3
 155 007e 00       		.byte	0
 156 007f 00       		.byte	0
 157 0080 D6       		.byte	-42
 158 0081 EF       		.byte	-17
 159 0082 FF       		.byte	-1
 160 0083 00       		.byte	0
 161 0084 1B       		.byte	27
 162 0085 14       		.byte	20
 163 0086 00       		.byte	0
 164 0087 00       		.byte	0
 165 0088 E9       		.byte	-23
 166 0089 1D       		.byte	29
 167 008a 00       		.byte	0
 168 008b 00       		.byte	0
 169 008c 45       		.byte	69
 170 008d 82       		.byte	-126
 171 008e FF       		.byte	-1
ARM GAS  C:\Users\SCOTTC~1\AppData\Local\Temp\ccNabHsP.s 			page 4


 172 008f 00       		.byte	0
 173 0090 EF       		.byte	-17
 174 0091 80       		.byte	-128
 175 0092 00       		.byte	0
 176 0093 00       		.byte	0
 177 0094 64       		.byte	100
 178 0095 75       		.byte	117
 179 0096 00       		.byte	0
 180 0097 00       		.byte	0
 181 0098 72       		.byte	114
 182 0099 14       		.byte	20
 183 009a FE       		.byte	-2
 184 009b 00       		.byte	0
 185 009c B7       		.byte	-73
 186 009d E4       		.byte	-28
 187 009e 01       		.byte	1
 188 009f 00       		.byte	0
 189 00a0 10       		.byte	16
 190 00a1 42       		.byte	66
 191 00a2 01       		.byte	1
 192 00a3 00       		.byte	0
 193 00a4 E7       		.byte	-25
 194 00a5 4E       		.byte	78
 195 00a6 FA       		.byte	-6
 196 00a7 00       		.byte	0
 197 00a8 0B       		.byte	11
 198 00a9 98       		.byte	-104
 199 00aa 05       		.byte	5
 200 00ab 00       		.byte	0
 201 00ac 9A       		.byte	-102
 202 00ad D1       		.byte	-47
 203 00ae 03       		.byte	3
 204 00af 00       		.byte	0
 205 00b0 23       		.byte	35
 206 00b1 FC       		.byte	-4
 207 00b2 ED       		.byte	-19
 208 00b3 00       		.byte	0
 209 00b4 7A       		.byte	122
 210 00b5 BE       		.byte	-66
 211 00b6 0F       		.byte	15
 212 00b7 00       		.byte	0
 213 00b8 62       		.byte	98
 214 00b9 B3       		.byte	-77
 215 00ba 38       		.byte	56
 216 00bb 00       		.byte	0
 217 00bc 7A       		.byte	122
 218 00bd BE       		.byte	-66
 219 00be 0F       		.byte	15
 220 00bf 00       		.byte	0
 221 00c0 23       		.byte	35
 222 00c1 FC       		.byte	-4
 223 00c2 ED       		.byte	-19
 224 00c3 00       		.byte	0
 225 00c4 9A       		.byte	-102
 226 00c5 D1       		.byte	-47
 227 00c6 03       		.byte	3
 228 00c7 00       		.byte	0
ARM GAS  C:\Users\SCOTTC~1\AppData\Local\Temp\ccNabHsP.s 			page 5


 229 00c8 0B       		.byte	11
 230 00c9 98       		.byte	-104
 231 00ca 05       		.byte	5
 232 00cb 00       		.byte	0
 233 00cc E7       		.byte	-25
 234 00cd 4E       		.byte	78
 235 00ce FA       		.byte	-6
 236 00cf 00       		.byte	0
 237 00d0 10       		.byte	16
 238 00d1 42       		.byte	66
 239 00d2 01       		.byte	1
 240 00d3 00       		.byte	0
 241 00d4 B7       		.byte	-73
 242 00d5 E4       		.byte	-28
 243 00d6 01       		.byte	1
 244 00d7 00       		.byte	0
 245 00d8 72       		.byte	114
 246 00d9 14       		.byte	20
 247 00da FE       		.byte	-2
 248 00db 00       		.byte	0
 249 00dc 64       		.byte	100
 250 00dd 75       		.byte	117
 251 00de 00       		.byte	0
 252 00df 00       		.byte	0
 253 00e0 EF       		.byte	-17
 254 00e1 80       		.byte	-128
 255 00e2 00       		.byte	0
 256 00e3 00       		.byte	0
 257 00e4 45       		.byte	69
 258 00e5 82       		.byte	-126
 259 00e6 FF       		.byte	-1
 260 00e7 00       		.byte	0
 261 00e8 E9       		.byte	-23
 262 00e9 1D       		.byte	29
 263 00ea 00       		.byte	0
 264 00eb 00       		.byte	0
 265 00ec 1B       		.byte	27
 266 00ed 14       		.byte	20
 267 00ee 00       		.byte	0
 268 00ef 00       		.byte	0
 269 00f0 D6       		.byte	-42
 270 00f1 EF       		.byte	-17
 271 00f2 FF       		.byte	-1
 272 00f3 00       		.byte	0
 273 00f4 7B       		.byte	123
 274 00f5 03       		.byte	3
 275 00f6 00       		.byte	0
 276 00f7 00       		.byte	0
 277              		.text
 278              	.Letext0:
 279              		.file 1 ".\\Generated_Source\\PSoC5\\Filter_Coefficients.c"
 280              		.file 2 ".\\Generated_Source\\PSoC5\\cytypes.h"
 281              		.section	.debug_info,"",%progbits
 282              	.Ldebug_info0:
 283 0000 C3000000 		.4byte	0xc3
 284 0004 0400     		.2byte	0x4
 285 0006 00000000 		.4byte	.Ldebug_abbrev0
ARM GAS  C:\Users\SCOTTC~1\AppData\Local\Temp\ccNabHsP.s 			page 6


 286 000a 04       		.byte	0x4
 287 000b 01       		.uleb128 0x1
 288 000c 3D010000 		.4byte	.LASF15
 289 0010 01       		.byte	0x1
 290 0011 0E010000 		.4byte	.LASF16
 291 0015 1B000000 		.4byte	.LASF17
 292 0019 00000000 		.4byte	.Ldebug_line0
 293 001d 02       		.uleb128 0x2
 294 001e 04       		.byte	0x4
 295 001f 05       		.byte	0x5
 296 0020 696E7400 		.ascii	"int\000"
 297 0024 03       		.uleb128 0x3
 298 0025 04       		.byte	0x4
 299 0026 07       		.byte	0x7
 300 0027 0E000000 		.4byte	.LASF0
 301 002b 03       		.uleb128 0x3
 302 002c 01       		.byte	0x1
 303 002d 06       		.byte	0x6
 304 002e 02010000 		.4byte	.LASF1
 305 0032 03       		.uleb128 0x3
 306 0033 01       		.byte	0x1
 307 0034 08       		.byte	0x8
 308 0035 CC000000 		.4byte	.LASF2
 309 0039 03       		.uleb128 0x3
 310 003a 02       		.byte	0x2
 311 003b 05       		.byte	0x5
 312 003c B9010000 		.4byte	.LASF3
 313 0040 03       		.uleb128 0x3
 314 0041 02       		.byte	0x2
 315 0042 07       		.byte	0x7
 316 0043 EF000000 		.4byte	.LASF4
 317 0047 03       		.uleb128 0x3
 318 0048 04       		.byte	0x4
 319 0049 05       		.byte	0x5
 320 004a DF000000 		.4byte	.LASF5
 321 004e 03       		.uleb128 0x3
 322 004f 04       		.byte	0x4
 323 0050 07       		.byte	0x7
 324 0051 7E000000 		.4byte	.LASF6
 325 0055 03       		.uleb128 0x3
 326 0056 08       		.byte	0x8
 327 0057 05       		.byte	0x5
 328 0058 00000000 		.4byte	.LASF7
 329 005c 03       		.uleb128 0x3
 330 005d 08       		.byte	0x8
 331 005e 07       		.byte	0x7
 332 005f AF000000 		.4byte	.LASF8
 333 0063 03       		.uleb128 0x3
 334 0064 04       		.byte	0x4
 335 0065 07       		.byte	0x7
 336 0066 E2010000 		.4byte	.LASF9
 337 006a 03       		.uleb128 0x3
 338 006b 01       		.byte	0x1
 339 006c 08       		.byte	0x8
 340 006d DA000000 		.4byte	.LASF10
 341 0071 04       		.uleb128 0x4
 342 0072 78000000 		.4byte	.LASF18
ARM GAS  C:\Users\SCOTTC~1\AppData\Local\Temp\ccNabHsP.s 			page 7


 343 0076 02       		.byte	0x2
 344 0077 A1       		.byte	0xa1
 345 0078 32000000 		.4byte	0x32
 346 007c 03       		.uleb128 0x3
 347 007d 04       		.byte	0x4
 348 007e 04       		.byte	0x4
 349 007f C6000000 		.4byte	.LASF11
 350 0083 03       		.uleb128 0x3
 351 0084 08       		.byte	0x8
 352 0085 04       		.byte	0x4
 353 0086 E8000000 		.4byte	.LASF12
 354 008a 05       		.uleb128 0x5
 355 008b 71000000 		.4byte	0x71
 356 008f 9A000000 		.4byte	0x9a
 357 0093 06       		.uleb128 0x6
 358 0094 63000000 		.4byte	0x63
 359 0098 7B       		.byte	0x7b
 360 0099 00       		.byte	0
 361 009a 07       		.uleb128 0x7
 362 009b C3010000 		.4byte	.LASF13
 363 009f 01       		.byte	0x1
 364 00a0 11       		.byte	0x11
 365 00a1 AB000000 		.4byte	0xab
 366 00a5 05       		.uleb128 0x5
 367 00a6 03       		.byte	0x3
 368 00a7 00000000 		.4byte	Filter_ChannelAFirCoefficients
 369 00ab 08       		.uleb128 0x8
 370 00ac 8A000000 		.4byte	0x8a
 371 00b0 07       		.uleb128 0x7
 372 00b1 90000000 		.4byte	.LASF14
 373 00b5 01       		.byte	0x1
 374 00b6 5F       		.byte	0x5f
 375 00b7 C1000000 		.4byte	0xc1
 376 00bb 05       		.uleb128 0x5
 377 00bc 03       		.byte	0x3
 378 00bd 00000000 		.4byte	Filter_ChannelBFirCoefficients
 379 00c1 08       		.uleb128 0x8
 380 00c2 8A000000 		.4byte	0x8a
 381 00c6 00       		.byte	0
 382              		.section	.debug_abbrev,"",%progbits
 383              	.Ldebug_abbrev0:
 384 0000 01       		.uleb128 0x1
 385 0001 11       		.uleb128 0x11
 386 0002 01       		.byte	0x1
 387 0003 25       		.uleb128 0x25
 388 0004 0E       		.uleb128 0xe
 389 0005 13       		.uleb128 0x13
 390 0006 0B       		.uleb128 0xb
 391 0007 03       		.uleb128 0x3
 392 0008 0E       		.uleb128 0xe
 393 0009 1B       		.uleb128 0x1b
 394 000a 0E       		.uleb128 0xe
 395 000b 10       		.uleb128 0x10
 396 000c 17       		.uleb128 0x17
 397 000d 00       		.byte	0
 398 000e 00       		.byte	0
 399 000f 02       		.uleb128 0x2
ARM GAS  C:\Users\SCOTTC~1\AppData\Local\Temp\ccNabHsP.s 			page 8


 400 0010 24       		.uleb128 0x24
 401 0011 00       		.byte	0
 402 0012 0B       		.uleb128 0xb
 403 0013 0B       		.uleb128 0xb
 404 0014 3E       		.uleb128 0x3e
 405 0015 0B       		.uleb128 0xb
 406 0016 03       		.uleb128 0x3
 407 0017 08       		.uleb128 0x8
 408 0018 00       		.byte	0
 409 0019 00       		.byte	0
 410 001a 03       		.uleb128 0x3
 411 001b 24       		.uleb128 0x24
 412 001c 00       		.byte	0
 413 001d 0B       		.uleb128 0xb
 414 001e 0B       		.uleb128 0xb
 415 001f 3E       		.uleb128 0x3e
 416 0020 0B       		.uleb128 0xb
 417 0021 03       		.uleb128 0x3
 418 0022 0E       		.uleb128 0xe
 419 0023 00       		.byte	0
 420 0024 00       		.byte	0
 421 0025 04       		.uleb128 0x4
 422 0026 16       		.uleb128 0x16
 423 0027 00       		.byte	0
 424 0028 03       		.uleb128 0x3
 425 0029 0E       		.uleb128 0xe
 426 002a 3A       		.uleb128 0x3a
 427 002b 0B       		.uleb128 0xb
 428 002c 3B       		.uleb128 0x3b
 429 002d 0B       		.uleb128 0xb
 430 002e 49       		.uleb128 0x49
 431 002f 13       		.uleb128 0x13
 432 0030 00       		.byte	0
 433 0031 00       		.byte	0
 434 0032 05       		.uleb128 0x5
 435 0033 01       		.uleb128 0x1
 436 0034 01       		.byte	0x1
 437 0035 49       		.uleb128 0x49
 438 0036 13       		.uleb128 0x13
 439 0037 01       		.uleb128 0x1
 440 0038 13       		.uleb128 0x13
 441 0039 00       		.byte	0
 442 003a 00       		.byte	0
 443 003b 06       		.uleb128 0x6
 444 003c 21       		.uleb128 0x21
 445 003d 00       		.byte	0
 446 003e 49       		.uleb128 0x49
 447 003f 13       		.uleb128 0x13
 448 0040 2F       		.uleb128 0x2f
 449 0041 0B       		.uleb128 0xb
 450 0042 00       		.byte	0
 451 0043 00       		.byte	0
 452 0044 07       		.uleb128 0x7
 453 0045 34       		.uleb128 0x34
 454 0046 00       		.byte	0
 455 0047 03       		.uleb128 0x3
 456 0048 0E       		.uleb128 0xe
ARM GAS  C:\Users\SCOTTC~1\AppData\Local\Temp\ccNabHsP.s 			page 9


 457 0049 3A       		.uleb128 0x3a
 458 004a 0B       		.uleb128 0xb
 459 004b 3B       		.uleb128 0x3b
 460 004c 0B       		.uleb128 0xb
 461 004d 49       		.uleb128 0x49
 462 004e 13       		.uleb128 0x13
 463 004f 3F       		.uleb128 0x3f
 464 0050 19       		.uleb128 0x19
 465 0051 02       		.uleb128 0x2
 466 0052 18       		.uleb128 0x18
 467 0053 00       		.byte	0
 468 0054 00       		.byte	0
 469 0055 08       		.uleb128 0x8
 470 0056 26       		.uleb128 0x26
 471 0057 00       		.byte	0
 472 0058 49       		.uleb128 0x49
 473 0059 13       		.uleb128 0x13
 474 005a 00       		.byte	0
 475 005b 00       		.byte	0
 476 005c 00       		.byte	0
 477              		.section	.debug_aranges,"",%progbits
 478 0000 14000000 		.4byte	0x14
 479 0004 0200     		.2byte	0x2
 480 0006 00000000 		.4byte	.Ldebug_info0
 481 000a 04       		.byte	0x4
 482 000b 00       		.byte	0
 483 000c 0000     		.2byte	0
 484 000e 0000     		.2byte	0
 485 0010 00000000 		.4byte	0
 486 0014 00000000 		.4byte	0
 487              		.section	.debug_line,"",%progbits
 488              	.Ldebug_line0:
 489 0000 58000000 		.section	.debug_str,"MS",%progbits,1
 489      02005200 
 489      00000201 
 489      FB0E0D00 
 489      01010101 
 490              	.LASF7:
 491 0000 6C6F6E67 		.ascii	"long long int\000"
 491      206C6F6E 
 491      6720696E 
 491      7400
 492              	.LASF0:
 493 000e 756E7369 		.ascii	"unsigned int\000"
 493      676E6564 
 493      20696E74 
 493      00
 494              	.LASF17:
 495 001b 5C5C766D 		.ascii	"\\\\vmware-host\\Shared Folders\\scottcarlson On My"
 495      77617265 
 495      2D686F73 
 495      745C5368 
 495      61726564 
 496 004a 204D6163 		.ascii	" Mac\\Code\\repos\\LED_controller\\Design01.cydsn\000"
 496      5C436F64 
 496      655C7265 
 496      706F735C 
ARM GAS  C:\Users\SCOTTC~1\AppData\Local\Temp\ccNabHsP.s 			page 10


 496      4C45445F 
 497              	.LASF18:
 498 0078 75696E74 		.ascii	"uint8\000"
 498      3800
 499              	.LASF6:
 500 007e 6C6F6E67 		.ascii	"long unsigned int\000"
 500      20756E73 
 500      69676E65 
 500      6420696E 
 500      7400
 501              	.LASF14:
 502 0090 46696C74 		.ascii	"Filter_ChannelBFirCoefficients\000"
 502      65725F43 
 502      68616E6E 
 502      656C4246 
 502      6972436F 
 503              	.LASF8:
 504 00af 6C6F6E67 		.ascii	"long long unsigned int\000"
 504      206C6F6E 
 504      6720756E 
 504      7369676E 
 504      65642069 
 505              	.LASF11:
 506 00c6 666C6F61 		.ascii	"float\000"
 506      7400
 507              	.LASF2:
 508 00cc 756E7369 		.ascii	"unsigned char\000"
 508      676E6564 
 508      20636861 
 508      7200
 509              	.LASF10:
 510 00da 63686172 		.ascii	"char\000"
 510      00
 511              	.LASF5:
 512 00df 6C6F6E67 		.ascii	"long int\000"
 512      20696E74 
 512      00
 513              	.LASF12:
 514 00e8 646F7562 		.ascii	"double\000"
 514      6C6500
 515              	.LASF4:
 516 00ef 73686F72 		.ascii	"short unsigned int\000"
 516      7420756E 
 516      7369676E 
 516      65642069 
 516      6E7400
 517              	.LASF1:
 518 0102 7369676E 		.ascii	"signed char\000"
 518      65642063 
 518      68617200 
 519              	.LASF16:
 520 010e 2E5C4765 		.ascii	".\\Generated_Source\\PSoC5\\Filter_Coefficients.c\000"
 520      6E657261 
 520      7465645F 
 520      536F7572 
 520      63655C50 
 521              	.LASF15:
ARM GAS  C:\Users\SCOTTC~1\AppData\Local\Temp\ccNabHsP.s 			page 11


 522 013d 474E5520 		.ascii	"GNU C 4.8.4 20140526 (release) [ARM/embedded-4_8-br"
 522      4320342E 
 522      382E3420 
 522      32303134 
 522      30353236 
 523 0170 616E6368 		.ascii	"anch revision 211358] -mcpu=cortex-m3 -mthumb -g -O"
 523      20726576 
 523      6973696F 
 523      6E203231 
 523      31333538 
 524 01a3 30202D66 		.ascii	"0 -ffunction-sections\000"
 524      66756E63 
 524      74696F6E 
 524      2D736563 
 524      74696F6E 
 525              	.LASF3:
 526 01b9 73686F72 		.ascii	"short int\000"
 526      7420696E 
 526      7400
 527              	.LASF13:
 528 01c3 46696C74 		.ascii	"Filter_ChannelAFirCoefficients\000"
 528      65725F43 
 528      68616E6E 
 528      656C4146 
 528      6972436F 
 529              	.LASF9:
 530 01e2 73697A65 		.ascii	"sizetype\000"
 530      74797065 
 530      00
 531              		.ident	"GCC: (GNU Tools for ARM Embedded Processors) 4.8.4 20140526 (release) [ARM/embedded-4_8-br
