ARM GAS  C:\Users\SCOTTC~1\AppData\Local\Temp\ccjdAKKr.s 			page 1


   1              		.syntax unified
   2              		.cpu cortex-m3
   3              		.fpu softvfp
   4              		.eabi_attribute 20, 1
   5              		.eabi_attribute 21, 1
   6              		.eabi_attribute 23, 3
   7              		.eabi_attribute 24, 1
   8              		.eabi_attribute 25, 1
   9              		.eabi_attribute 26, 1
  10              		.eabi_attribute 30, 6
  11              		.eabi_attribute 34, 1
  12              		.eabi_attribute 18, 4
  13              		.thumb
  14              		.file	"Filter_RAM_Data.c"
  15              		.text
  16              	.Ltext0:
  17              		.cfi_sections	.debug_frame
  18              		.global	Filter_control
  19              		.section	.rodata
  20              		.align	2
  21              		.type	Filter_control, %object
  22              		.size	Filter_control, 256
  23              	Filter_control:
  24 0000 20       		.byte	32
  25 0001 13       		.byte	19
  26 0002 00       		.byte	0
  27 0003 25       		.byte	37
  28 0004 61       		.byte	97
  29 0005 17       		.byte	23
  30 0006 80       		.byte	-128
  31 0007 26       		.byte	38
  32 0008 01       		.byte	1
  33 0009 00       		.byte	0
  34 000a 80       		.byte	-128
  35 000b 26       		.byte	38
  36 000c 01       		.byte	1
  37 000d 00       		.byte	0
  38 000e 80       		.byte	-128
  39 000f 26       		.byte	38
  40 0010 01       		.byte	1
  41 0011 00       		.byte	0
  42 0012 80       		.byte	-128
  43 0013 26       		.byte	38
  44 0014 E0       		.byte	-32
  45 0015 0E       		.byte	14
  46 0016 80       		.byte	-128
  47 0017 26       		.byte	38
  48 0018 C2       		.byte	-62
  49 0019 0C       		.byte	12
  50 001a 80       		.byte	-128
  51 001b 26       		.byte	38
  52 001c 02       		.byte	2
  53 001d 00       		.byte	0
  54 001e 80       		.byte	-128
  55 001f 06       		.byte	6
  56 0020 65       		.byte	101
  57 0021 87       		.byte	-121
ARM GAS  C:\Users\SCOTTC~1\AppData\Local\Temp\ccjdAKKr.s 			page 2


  58 0022 18       		.byte	24
  59 0023 6D       		.byte	109
  60 0024 64       		.byte	100
  61 0025 09       		.byte	9
  62 0026 18       		.byte	24
  63 0027 3E       		.byte	62
  64 0028 00       		.byte	0
  65 0029 00       		.byte	0
  66 002a 80       		.byte	-128
  67 002b 26       		.byte	38
  68 002c 03       		.byte	3
  69 002d 20       		.byte	32
  70 002e 80       		.byte	-128
  71 002f 26       		.byte	38
  72 0030 21       		.byte	33
  73 0031 02       		.byte	2
  74 0032 18       		.byte	24
  75 0033 7F       		.byte	127
  76 0034 E6       		.byte	-26
  77 0035 0E       		.byte	14
  78 0036 80       		.byte	-128
  79 0037 26       		.byte	38
  80 0038 C8       		.byte	-56
  81 0039 0C       		.byte	12
  82 003a 80       		.byte	-128
  83 003b 26       		.byte	38
  84 003c 00       		.byte	0
  85 003d 00       		.byte	0
  86 003e 80       		.byte	-128
  87 003f 06       		.byte	6
  88 0040 6B       		.byte	107
  89 0041 87       		.byte	-121
  90 0042 18       		.byte	24
  91 0043 6D       		.byte	109
  92 0044 6A       		.byte	106
  93 0045 09       		.byte	9
  94 0046 18       		.byte	24
  95 0047 3E       		.byte	62
  96 0048 00       		.byte	0
  97 0049 00       		.byte	0
  98 004a 80       		.byte	-128
  99 004b 26       		.byte	38
 100 004c 01       		.byte	1
 101 004d 20       		.byte	32
 102 004e 80       		.byte	-128
 103 004f 26       		.byte	38
 104 0050 21       		.byte	33
 105 0051 02       		.byte	2
 106 0052 18       		.byte	24
 107 0053 7F       		.byte	127
 108 0054 00       		.byte	0
 109 0055 00       		.byte	0
 110 0056 00       		.byte	0
 111 0057 00       		.byte	0
 112 0058 00       		.byte	0
 113 0059 00       		.byte	0
 114 005a 00       		.byte	0
ARM GAS  C:\Users\SCOTTC~1\AppData\Local\Temp\ccjdAKKr.s 			page 3


 115 005b 00       		.byte	0
 116 005c 00       		.byte	0
 117 005d 00       		.byte	0
 118 005e 00       		.byte	0
 119 005f 00       		.byte	0
 120 0060 00       		.byte	0
 121 0061 00       		.byte	0
 122 0062 00       		.byte	0
 123 0063 00       		.byte	0
 124 0064 00       		.byte	0
 125 0065 00       		.byte	0
 126 0066 00       		.byte	0
 127 0067 00       		.byte	0
 128 0068 00       		.byte	0
 129 0069 00       		.byte	0
 130 006a 00       		.byte	0
 131 006b 00       		.byte	0
 132 006c 00       		.byte	0
 133 006d 00       		.byte	0
 134 006e 00       		.byte	0
 135 006f 00       		.byte	0
 136 0070 00       		.byte	0
 137 0071 00       		.byte	0
 138 0072 00       		.byte	0
 139 0073 00       		.byte	0
 140 0074 00       		.byte	0
 141 0075 00       		.byte	0
 142 0076 00       		.byte	0
 143 0077 00       		.byte	0
 144 0078 00       		.byte	0
 145 0079 00       		.byte	0
 146 007a 00       		.byte	0
 147 007b 00       		.byte	0
 148 007c 00       		.byte	0
 149 007d 00       		.byte	0
 150 007e 00       		.byte	0
 151 007f 00       		.byte	0
 152 0080 00       		.byte	0
 153 0081 00       		.byte	0
 154 0082 00       		.byte	0
 155 0083 00       		.byte	0
 156 0084 00       		.byte	0
 157 0085 00       		.byte	0
 158 0086 00       		.byte	0
 159 0087 00       		.byte	0
 160 0088 00       		.byte	0
 161 0089 00       		.byte	0
 162 008a 00       		.byte	0
 163 008b 00       		.byte	0
 164 008c 00       		.byte	0
 165 008d 00       		.byte	0
 166 008e 00       		.byte	0
 167 008f 00       		.byte	0
 168 0090 00       		.byte	0
 169 0091 00       		.byte	0
 170 0092 00       		.byte	0
 171 0093 00       		.byte	0
ARM GAS  C:\Users\SCOTTC~1\AppData\Local\Temp\ccjdAKKr.s 			page 4


 172 0094 00       		.byte	0
 173 0095 00       		.byte	0
 174 0096 00       		.byte	0
 175 0097 00       		.byte	0
 176 0098 00       		.byte	0
 177 0099 00       		.byte	0
 178 009a 00       		.byte	0
 179 009b 00       		.byte	0
 180 009c 00       		.byte	0
 181 009d 00       		.byte	0
 182 009e 00       		.byte	0
 183 009f 00       		.byte	0
 184 00a0 00       		.byte	0
 185 00a1 00       		.byte	0
 186 00a2 00       		.byte	0
 187 00a3 00       		.byte	0
 188 00a4 00       		.byte	0
 189 00a5 00       		.byte	0
 190 00a6 00       		.byte	0
 191 00a7 00       		.byte	0
 192 00a8 00       		.byte	0
 193 00a9 00       		.byte	0
 194 00aa 00       		.byte	0
 195 00ab 00       		.byte	0
 196 00ac 00       		.byte	0
 197 00ad 00       		.byte	0
 198 00ae 00       		.byte	0
 199 00af 00       		.byte	0
 200 00b0 00       		.byte	0
 201 00b1 00       		.byte	0
 202 00b2 00       		.byte	0
 203 00b3 00       		.byte	0
 204 00b4 00       		.byte	0
 205 00b5 00       		.byte	0
 206 00b6 00       		.byte	0
 207 00b7 00       		.byte	0
 208 00b8 00       		.byte	0
 209 00b9 00       		.byte	0
 210 00ba 00       		.byte	0
 211 00bb 00       		.byte	0
 212 00bc 00       		.byte	0
 213 00bd 00       		.byte	0
 214 00be 00       		.byte	0
 215 00bf 00       		.byte	0
 216 00c0 00       		.byte	0
 217 00c1 00       		.byte	0
 218 00c2 00       		.byte	0
 219 00c3 00       		.byte	0
 220 00c4 00       		.byte	0
 221 00c5 00       		.byte	0
 222 00c6 00       		.byte	0
 223 00c7 00       		.byte	0
 224 00c8 00       		.byte	0
 225 00c9 00       		.byte	0
 226 00ca 00       		.byte	0
 227 00cb 00       		.byte	0
 228 00cc 00       		.byte	0
ARM GAS  C:\Users\SCOTTC~1\AppData\Local\Temp\ccjdAKKr.s 			page 5


 229 00cd 00       		.byte	0
 230 00ce 00       		.byte	0
 231 00cf 00       		.byte	0
 232 00d0 00       		.byte	0
 233 00d1 00       		.byte	0
 234 00d2 00       		.byte	0
 235 00d3 00       		.byte	0
 236 00d4 00       		.byte	0
 237 00d5 00       		.byte	0
 238 00d6 00       		.byte	0
 239 00d7 00       		.byte	0
 240 00d8 00       		.byte	0
 241 00d9 00       		.byte	0
 242 00da 00       		.byte	0
 243 00db 00       		.byte	0
 244 00dc 00       		.byte	0
 245 00dd 00       		.byte	0
 246 00de 00       		.byte	0
 247 00df 00       		.byte	0
 248 00e0 00       		.byte	0
 249 00e1 00       		.byte	0
 250 00e2 00       		.byte	0
 251 00e3 00       		.byte	0
 252 00e4 00       		.byte	0
 253 00e5 00       		.byte	0
 254 00e6 00       		.byte	0
 255 00e7 00       		.byte	0
 256 00e8 00       		.byte	0
 257 00e9 00       		.byte	0
 258 00ea 00       		.byte	0
 259 00eb 00       		.byte	0
 260 00ec 00       		.byte	0
 261 00ed 00       		.byte	0
 262 00ee 00       		.byte	0
 263 00ef 00       		.byte	0
 264 00f0 00       		.byte	0
 265 00f1 00       		.byte	0
 266 00f2 00       		.byte	0
 267 00f3 00       		.byte	0
 268 00f4 00       		.byte	0
 269 00f5 00       		.byte	0
 270 00f6 00       		.byte	0
 271 00f7 00       		.byte	0
 272 00f8 00       		.byte	0
 273 00f9 00       		.byte	0
 274 00fa 00       		.byte	0
 275 00fb 00       		.byte	0
 276 00fc 00       		.byte	0
 277 00fd 00       		.byte	0
 278 00fe 00       		.byte	0
 279 00ff 00       		.byte	0
 280              		.global	Filter_data_a
 281              		.align	2
 282              		.type	Filter_data_a, %object
 283              		.size	Filter_data_a, 512
 284              	Filter_data_a:
 285 0100 00000000 		.space	512
ARM GAS  C:\Users\SCOTTC~1\AppData\Local\Temp\ccjdAKKr.s 			page 6


 285      00000000 
 285      00000000 
 285      00000000 
 285      00000000 
 286              		.global	Filter_data_b
 287              		.align	2
 288              		.type	Filter_data_b, %object
 289              		.size	Filter_data_b, 512
 290              	Filter_data_b:
 291 0300 7B       		.byte	123
 292 0301 03       		.byte	3
 293 0302 00       		.byte	0
 294 0303 00       		.byte	0
 295 0304 D6       		.byte	-42
 296 0305 EF       		.byte	-17
 297 0306 FF       		.byte	-1
 298 0307 00       		.byte	0
 299 0308 1B       		.byte	27
 300 0309 14       		.byte	20
 301 030a 00       		.byte	0
 302 030b 00       		.byte	0
 303 030c E9       		.byte	-23
 304 030d 1D       		.byte	29
 305 030e 00       		.byte	0
 306 030f 00       		.byte	0
 307 0310 45       		.byte	69
 308 0311 82       		.byte	-126
 309 0312 FF       		.byte	-1
 310 0313 00       		.byte	0
 311 0314 EF       		.byte	-17
 312 0315 80       		.byte	-128
 313 0316 00       		.byte	0
 314 0317 00       		.byte	0
 315 0318 64       		.byte	100
 316 0319 75       		.byte	117
 317 031a 00       		.byte	0
 318 031b 00       		.byte	0
 319 031c 72       		.byte	114
 320 031d 14       		.byte	20
 321 031e FE       		.byte	-2
 322 031f 00       		.byte	0
 323 0320 B7       		.byte	-73
 324 0321 E4       		.byte	-28
 325 0322 01       		.byte	1
 326 0323 00       		.byte	0
 327 0324 10       		.byte	16
 328 0325 42       		.byte	66
 329 0326 01       		.byte	1
 330 0327 00       		.byte	0
 331 0328 E7       		.byte	-25
 332 0329 4E       		.byte	78
 333 032a FA       		.byte	-6
 334 032b 00       		.byte	0
 335 032c 0B       		.byte	11
 336 032d 98       		.byte	-104
 337 032e 05       		.byte	5
 338 032f 00       		.byte	0
ARM GAS  C:\Users\SCOTTC~1\AppData\Local\Temp\ccjdAKKr.s 			page 7


 339 0330 9A       		.byte	-102
 340 0331 D1       		.byte	-47
 341 0332 03       		.byte	3
 342 0333 00       		.byte	0
 343 0334 23       		.byte	35
 344 0335 FC       		.byte	-4
 345 0336 ED       		.byte	-19
 346 0337 00       		.byte	0
 347 0338 7A       		.byte	122
 348 0339 BE       		.byte	-66
 349 033a 0F       		.byte	15
 350 033b 00       		.byte	0
 351 033c 62       		.byte	98
 352 033d B3       		.byte	-77
 353 033e 38       		.byte	56
 354 033f 00       		.byte	0
 355 0340 7A       		.byte	122
 356 0341 BE       		.byte	-66
 357 0342 0F       		.byte	15
 358 0343 00       		.byte	0
 359 0344 23       		.byte	35
 360 0345 FC       		.byte	-4
 361 0346 ED       		.byte	-19
 362 0347 00       		.byte	0
 363 0348 9A       		.byte	-102
 364 0349 D1       		.byte	-47
 365 034a 03       		.byte	3
 366 034b 00       		.byte	0
 367 034c 0B       		.byte	11
 368 034d 98       		.byte	-104
 369 034e 05       		.byte	5
 370 034f 00       		.byte	0
 371 0350 E7       		.byte	-25
 372 0351 4E       		.byte	78
 373 0352 FA       		.byte	-6
 374 0353 00       		.byte	0
 375 0354 10       		.byte	16
 376 0355 42       		.byte	66
 377 0356 01       		.byte	1
 378 0357 00       		.byte	0
 379 0358 B7       		.byte	-73
 380 0359 E4       		.byte	-28
 381 035a 01       		.byte	1
 382 035b 00       		.byte	0
 383 035c 72       		.byte	114
 384 035d 14       		.byte	20
 385 035e FE       		.byte	-2
 386 035f 00       		.byte	0
 387 0360 64       		.byte	100
 388 0361 75       		.byte	117
 389 0362 00       		.byte	0
 390 0363 00       		.byte	0
 391 0364 EF       		.byte	-17
 392 0365 80       		.byte	-128
 393 0366 00       		.byte	0
 394 0367 00       		.byte	0
 395 0368 45       		.byte	69
ARM GAS  C:\Users\SCOTTC~1\AppData\Local\Temp\ccjdAKKr.s 			page 8


 396 0369 82       		.byte	-126
 397 036a FF       		.byte	-1
 398 036b 00       		.byte	0
 399 036c E9       		.byte	-23
 400 036d 1D       		.byte	29
 401 036e 00       		.byte	0
 402 036f 00       		.byte	0
 403 0370 1B       		.byte	27
 404 0371 14       		.byte	20
 405 0372 00       		.byte	0
 406 0373 00       		.byte	0
 407 0374 D6       		.byte	-42
 408 0375 EF       		.byte	-17
 409 0376 FF       		.byte	-1
 410 0377 00       		.byte	0
 411 0378 7B       		.byte	123
 412 0379 03       		.byte	3
 413 037a 00       		.byte	0
 414 037b 00       		.byte	0
 415 037c 7B       		.byte	123
 416 037d 03       		.byte	3
 417 037e 00       		.byte	0
 418 037f 00       		.byte	0
 419 0380 D6       		.byte	-42
 420 0381 EF       		.byte	-17
 421 0382 FF       		.byte	-1
 422 0383 00       		.byte	0
 423 0384 1B       		.byte	27
 424 0385 14       		.byte	20
 425 0386 00       		.byte	0
 426 0387 00       		.byte	0
 427 0388 E9       		.byte	-23
 428 0389 1D       		.byte	29
 429 038a 00       		.byte	0
 430 038b 00       		.byte	0
 431 038c 45       		.byte	69
 432 038d 82       		.byte	-126
 433 038e FF       		.byte	-1
 434 038f 00       		.byte	0
 435 0390 EF       		.byte	-17
 436 0391 80       		.byte	-128
 437 0392 00       		.byte	0
 438 0393 00       		.byte	0
 439 0394 64       		.byte	100
 440 0395 75       		.byte	117
 441 0396 00       		.byte	0
 442 0397 00       		.byte	0
 443 0398 72       		.byte	114
 444 0399 14       		.byte	20
 445 039a FE       		.byte	-2
 446 039b 00       		.byte	0
 447 039c B7       		.byte	-73
 448 039d E4       		.byte	-28
 449 039e 01       		.byte	1
 450 039f 00       		.byte	0
 451 03a0 10       		.byte	16
 452 03a1 42       		.byte	66
ARM GAS  C:\Users\SCOTTC~1\AppData\Local\Temp\ccjdAKKr.s 			page 9


 453 03a2 01       		.byte	1
 454 03a3 00       		.byte	0
 455 03a4 E7       		.byte	-25
 456 03a5 4E       		.byte	78
 457 03a6 FA       		.byte	-6
 458 03a7 00       		.byte	0
 459 03a8 0B       		.byte	11
 460 03a9 98       		.byte	-104
 461 03aa 05       		.byte	5
 462 03ab 00       		.byte	0
 463 03ac 9A       		.byte	-102
 464 03ad D1       		.byte	-47
 465 03ae 03       		.byte	3
 466 03af 00       		.byte	0
 467 03b0 23       		.byte	35
 468 03b1 FC       		.byte	-4
 469 03b2 ED       		.byte	-19
 470 03b3 00       		.byte	0
 471 03b4 7A       		.byte	122
 472 03b5 BE       		.byte	-66
 473 03b6 0F       		.byte	15
 474 03b7 00       		.byte	0
 475 03b8 62       		.byte	98
 476 03b9 B3       		.byte	-77
 477 03ba 38       		.byte	56
 478 03bb 00       		.byte	0
 479 03bc 7A       		.byte	122
 480 03bd BE       		.byte	-66
 481 03be 0F       		.byte	15
 482 03bf 00       		.byte	0
 483 03c0 23       		.byte	35
 484 03c1 FC       		.byte	-4
 485 03c2 ED       		.byte	-19
 486 03c3 00       		.byte	0
 487 03c4 9A       		.byte	-102
 488 03c5 D1       		.byte	-47
 489 03c6 03       		.byte	3
 490 03c7 00       		.byte	0
 491 03c8 0B       		.byte	11
 492 03c9 98       		.byte	-104
 493 03ca 05       		.byte	5
 494 03cb 00       		.byte	0
 495 03cc E7       		.byte	-25
 496 03cd 4E       		.byte	78
 497 03ce FA       		.byte	-6
 498 03cf 00       		.byte	0
 499 03d0 10       		.byte	16
 500 03d1 42       		.byte	66
 501 03d2 01       		.byte	1
 502 03d3 00       		.byte	0
 503 03d4 B7       		.byte	-73
 504 03d5 E4       		.byte	-28
 505 03d6 01       		.byte	1
 506 03d7 00       		.byte	0
 507 03d8 72       		.byte	114
 508 03d9 14       		.byte	20
 509 03da FE       		.byte	-2
ARM GAS  C:\Users\SCOTTC~1\AppData\Local\Temp\ccjdAKKr.s 			page 10


 510 03db 00       		.byte	0
 511 03dc 64       		.byte	100
 512 03dd 75       		.byte	117
 513 03de 00       		.byte	0
 514 03df 00       		.byte	0
 515 03e0 EF       		.byte	-17
 516 03e1 80       		.byte	-128
 517 03e2 00       		.byte	0
 518 03e3 00       		.byte	0
 519 03e4 45       		.byte	69
 520 03e5 82       		.byte	-126
 521 03e6 FF       		.byte	-1
 522 03e7 00       		.byte	0
 523 03e8 E9       		.byte	-23
 524 03e9 1D       		.byte	29
 525 03ea 00       		.byte	0
 526 03eb 00       		.byte	0
 527 03ec 1B       		.byte	27
 528 03ed 14       		.byte	20
 529 03ee 00       		.byte	0
 530 03ef 00       		.byte	0
 531 03f0 D6       		.byte	-42
 532 03f1 EF       		.byte	-17
 533 03f2 FF       		.byte	-1
 534 03f3 00       		.byte	0
 535 03f4 7B       		.byte	123
 536 03f5 03       		.byte	3
 537 03f6 00       		.byte	0
 538 03f7 00       		.byte	0
 539 03f8 00       		.byte	0
 540 03f9 00       		.byte	0
 541 03fa 00       		.byte	0
 542 03fb 00       		.byte	0
 543 03fc 00       		.byte	0
 544 03fd 00       		.byte	0
 545 03fe 00       		.byte	0
 546 03ff 00       		.byte	0
 547 0400 00       		.byte	0
 548 0401 00       		.byte	0
 549 0402 00       		.byte	0
 550 0403 00       		.byte	0
 551 0404 00       		.byte	0
 552 0405 00       		.byte	0
 553 0406 00       		.byte	0
 554 0407 00       		.byte	0
 555 0408 00       		.byte	0
 556 0409 00       		.byte	0
 557 040a 00       		.byte	0
 558 040b 00       		.byte	0
 559 040c 00       		.byte	0
 560 040d 00       		.byte	0
 561 040e 00       		.byte	0
 562 040f 00       		.byte	0
 563 0410 00       		.byte	0
 564 0411 00       		.byte	0
 565 0412 00       		.byte	0
 566 0413 00       		.byte	0
ARM GAS  C:\Users\SCOTTC~1\AppData\Local\Temp\ccjdAKKr.s 			page 11


 567 0414 00       		.byte	0
 568 0415 00       		.byte	0
 569 0416 00       		.byte	0
 570 0417 00       		.byte	0
 571 0418 00       		.byte	0
 572 0419 00       		.byte	0
 573 041a 00       		.byte	0
 574 041b 00       		.byte	0
 575 041c 00       		.byte	0
 576 041d 00       		.byte	0
 577 041e 00       		.byte	0
 578 041f 00       		.byte	0
 579 0420 00       		.byte	0
 580 0421 00       		.byte	0
 581 0422 00       		.byte	0
 582 0423 00       		.byte	0
 583 0424 00       		.byte	0
 584 0425 00       		.byte	0
 585 0426 00       		.byte	0
 586 0427 00       		.byte	0
 587 0428 00       		.byte	0
 588 0429 00       		.byte	0
 589 042a 00       		.byte	0
 590 042b 00       		.byte	0
 591 042c 00       		.byte	0
 592 042d 00       		.byte	0
 593 042e 00       		.byte	0
 594 042f 00       		.byte	0
 595 0430 00       		.byte	0
 596 0431 00       		.byte	0
 597 0432 00       		.byte	0
 598 0433 00       		.byte	0
 599 0434 00       		.byte	0
 600 0435 00       		.byte	0
 601 0436 00       		.byte	0
 602 0437 00       		.byte	0
 603 0438 00       		.byte	0
 604 0439 00       		.byte	0
 605 043a 00       		.byte	0
 606 043b 00       		.byte	0
 607 043c 00       		.byte	0
 608 043d 00       		.byte	0
 609 043e 00       		.byte	0
 610 043f 00       		.byte	0
 611 0440 00       		.byte	0
 612 0441 00       		.byte	0
 613 0442 00       		.byte	0
 614 0443 00       		.byte	0
 615 0444 00       		.byte	0
 616 0445 00       		.byte	0
 617 0446 00       		.byte	0
 618 0447 00       		.byte	0
 619 0448 00       		.byte	0
 620 0449 00       		.byte	0
 621 044a 00       		.byte	0
 622 044b 00       		.byte	0
 623 044c 00       		.byte	0
ARM GAS  C:\Users\SCOTTC~1\AppData\Local\Temp\ccjdAKKr.s 			page 12


 624 044d 00       		.byte	0
 625 044e 00       		.byte	0
 626 044f 00       		.byte	0
 627 0450 00       		.byte	0
 628 0451 00       		.byte	0
 629 0452 00       		.byte	0
 630 0453 00       		.byte	0
 631 0454 00       		.byte	0
 632 0455 00       		.byte	0
 633 0456 00       		.byte	0
 634 0457 00       		.byte	0
 635 0458 00       		.byte	0
 636 0459 00       		.byte	0
 637 045a 00       		.byte	0
 638 045b 00       		.byte	0
 639 045c 00       		.byte	0
 640 045d 00       		.byte	0
 641 045e 00       		.byte	0
 642 045f 00       		.byte	0
 643 0460 00       		.byte	0
 644 0461 00       		.byte	0
 645 0462 00       		.byte	0
 646 0463 00       		.byte	0
 647 0464 00       		.byte	0
 648 0465 00       		.byte	0
 649 0466 00       		.byte	0
 650 0467 00       		.byte	0
 651 0468 00       		.byte	0
 652 0469 00       		.byte	0
 653 046a 00       		.byte	0
 654 046b 00       		.byte	0
 655 046c 00       		.byte	0
 656 046d 00       		.byte	0
 657 046e 00       		.byte	0
 658 046f 00       		.byte	0
 659 0470 00       		.byte	0
 660 0471 00       		.byte	0
 661 0472 00       		.byte	0
 662 0473 00       		.byte	0
 663 0474 00       		.byte	0
 664 0475 00       		.byte	0
 665 0476 00       		.byte	0
 666 0477 00       		.byte	0
 667 0478 00       		.byte	0
 668 0479 00       		.byte	0
 669 047a 00       		.byte	0
 670 047b 00       		.byte	0
 671 047c 00       		.byte	0
 672 047d 00       		.byte	0
 673 047e 00       		.byte	0
 674 047f 00       		.byte	0
 675 0480 00       		.byte	0
 676 0481 00       		.byte	0
 677 0482 00       		.byte	0
 678 0483 00       		.byte	0
 679 0484 00       		.byte	0
 680 0485 00       		.byte	0
ARM GAS  C:\Users\SCOTTC~1\AppData\Local\Temp\ccjdAKKr.s 			page 13


 681 0486 00       		.byte	0
 682 0487 00       		.byte	0
 683 0488 00       		.byte	0
 684 0489 00       		.byte	0
 685 048a 00       		.byte	0
 686 048b 00       		.byte	0
 687 048c 00       		.byte	0
 688 048d 00       		.byte	0
 689 048e 00       		.byte	0
 690 048f 00       		.byte	0
 691 0490 00       		.byte	0
 692 0491 00       		.byte	0
 693 0492 00       		.byte	0
 694 0493 00       		.byte	0
 695 0494 00       		.byte	0
 696 0495 00       		.byte	0
 697 0496 00       		.byte	0
 698 0497 00       		.byte	0
 699 0498 00       		.byte	0
 700 0499 00       		.byte	0
 701 049a 00       		.byte	0
 702 049b 00       		.byte	0
 703 049c 00       		.byte	0
 704 049d 00       		.byte	0
 705 049e 00       		.byte	0
 706 049f 00       		.byte	0
 707 04a0 00       		.byte	0
 708 04a1 00       		.byte	0
 709 04a2 00       		.byte	0
 710 04a3 00       		.byte	0
 711 04a4 00       		.byte	0
 712 04a5 00       		.byte	0
 713 04a6 00       		.byte	0
 714 04a7 00       		.byte	0
 715 04a8 00       		.byte	0
 716 04a9 00       		.byte	0
 717 04aa 00       		.byte	0
 718 04ab 00       		.byte	0
 719 04ac 00       		.byte	0
 720 04ad 00       		.byte	0
 721 04ae 00       		.byte	0
 722 04af 00       		.byte	0
 723 04b0 00       		.byte	0
 724 04b1 00       		.byte	0
 725 04b2 00       		.byte	0
 726 04b3 00       		.byte	0
 727 04b4 00       		.byte	0
 728 04b5 00       		.byte	0
 729 04b6 00       		.byte	0
 730 04b7 00       		.byte	0
 731 04b8 00       		.byte	0
 732 04b9 00       		.byte	0
 733 04ba 00       		.byte	0
 734 04bb 00       		.byte	0
 735 04bc 00       		.byte	0
 736 04bd 00       		.byte	0
 737 04be 00       		.byte	0
ARM GAS  C:\Users\SCOTTC~1\AppData\Local\Temp\ccjdAKKr.s 			page 14


 738 04bf 00       		.byte	0
 739 04c0 00       		.byte	0
 740 04c1 00       		.byte	0
 741 04c2 00       		.byte	0
 742 04c3 00       		.byte	0
 743 04c4 00       		.byte	0
 744 04c5 00       		.byte	0
 745 04c6 00       		.byte	0
 746 04c7 00       		.byte	0
 747 04c8 00       		.byte	0
 748 04c9 00       		.byte	0
 749 04ca 00       		.byte	0
 750 04cb 00       		.byte	0
 751 04cc 00       		.byte	0
 752 04cd 00       		.byte	0
 753 04ce 00       		.byte	0
 754 04cf 00       		.byte	0
 755 04d0 00       		.byte	0
 756 04d1 00       		.byte	0
 757 04d2 00       		.byte	0
 758 04d3 00       		.byte	0
 759 04d4 00       		.byte	0
 760 04d5 00       		.byte	0
 761 04d6 00       		.byte	0
 762 04d7 00       		.byte	0
 763 04d8 00       		.byte	0
 764 04d9 00       		.byte	0
 765 04da 00       		.byte	0
 766 04db 00       		.byte	0
 767 04dc 00       		.byte	0
 768 04dd 00       		.byte	0
 769 04de 00       		.byte	0
 770 04df 00       		.byte	0
 771 04e0 00       		.byte	0
 772 04e1 00       		.byte	0
 773 04e2 00       		.byte	0
 774 04e3 00       		.byte	0
 775 04e4 00       		.byte	0
 776 04e5 00       		.byte	0
 777 04e6 00       		.byte	0
 778 04e7 00       		.byte	0
 779 04e8 00       		.byte	0
 780 04e9 00       		.byte	0
 781 04ea 00       		.byte	0
 782 04eb 00       		.byte	0
 783 04ec 00       		.byte	0
 784 04ed 00       		.byte	0
 785 04ee 00       		.byte	0
 786 04ef 00       		.byte	0
 787 04f0 00       		.byte	0
 788 04f1 00       		.byte	0
 789 04f2 00       		.byte	0
 790 04f3 00       		.byte	0
 791 04f4 00       		.byte	0
 792 04f5 00       		.byte	0
 793 04f6 00       		.byte	0
 794 04f7 00       		.byte	0
ARM GAS  C:\Users\SCOTTC~1\AppData\Local\Temp\ccjdAKKr.s 			page 15


 795 04f8 00       		.byte	0
 796 04f9 00       		.byte	0
 797 04fa 00       		.byte	0
 798 04fb 00       		.byte	0
 799 04fc 00       		.byte	0
 800 04fd 00       		.byte	0
 801 04fe 00       		.byte	0
 802 04ff 00       		.byte	0
 803              		.global	Filter_acu
 804              		.align	2
 805              		.type	Filter_acu, %object
 806              		.size	Filter_acu, 64
 807              	Filter_acu:
 808 0500 1E       		.byte	30
 809 0501 0F       		.byte	15
 810 0502 00       		.byte	0
 811 0503 00       		.byte	0
 812 0504 00       		.byte	0
 813 0505 00       		.byte	0
 814 0506 00       		.byte	0
 815 0507 00       		.byte	0
 816 0508 00       		.byte	0
 817 0509 00       		.byte	0
 818 050a 00       		.byte	0
 819 050b 00       		.byte	0
 820 050c BD       		.byte	-67
 821 050d 1E       		.byte	30
 822 050e 00       		.byte	0
 823 050f 00       		.byte	0
 824 0510 9F       		.byte	-97
 825 0511 0F       		.byte	15
 826 0512 00       		.byte	0
 827 0513 00       		.byte	0
 828 0514 9F       		.byte	-97
 829 0515 0F       		.byte	15
 830 0516 00       		.byte	0
 831 0517 00       		.byte	0
 832 0518 00       		.byte	0
 833 0519 00       		.byte	0
 834 051a 00       		.byte	0
 835 051b 00       		.byte	0
 836 051c 00       		.byte	0
 837 051d 00       		.byte	0
 838 051e 00       		.byte	0
 839 051f 00       		.byte	0
 840 0520 00       		.byte	0
 841 0521 00       		.byte	0
 842 0522 00       		.byte	0
 843 0523 00       		.byte	0
 844 0524 00       		.byte	0
 845 0525 00       		.byte	0
 846 0526 00       		.byte	0
 847 0527 00       		.byte	0
 848 0528 00       		.byte	0
 849 0529 00       		.byte	0
 850 052a 00       		.byte	0
 851 052b 00       		.byte	0
ARM GAS  C:\Users\SCOTTC~1\AppData\Local\Temp\ccjdAKKr.s 			page 16


 852 052c 00       		.byte	0
 853 052d 00       		.byte	0
 854 052e 00       		.byte	0
 855 052f 00       		.byte	0
 856 0530 00       		.byte	0
 857 0531 00       		.byte	0
 858 0532 00       		.byte	0
 859 0533 00       		.byte	0
 860 0534 00       		.byte	0
 861 0535 00       		.byte	0
 862 0536 00       		.byte	0
 863 0537 00       		.byte	0
 864 0538 00       		.byte	0
 865 0539 00       		.byte	0
 866 053a 00       		.byte	0
 867 053b 00       		.byte	0
 868 053c 00       		.byte	0
 869 053d 00       		.byte	0
 870 053e 00       		.byte	0
 871 053f 00       		.byte	0
 872              		.global	Filter_cfsm
 873              		.align	2
 874              		.type	Filter_cfsm, %object
 875              		.size	Filter_cfsm, 256
 876              	Filter_cfsm:
 877 0540 21       		.byte	33
 878 0541 F8       		.byte	-8
 879 0542 05       		.byte	5
 880 0543 01       		.byte	1
 881 0544 44       		.byte	68
 882 0545 F8       		.byte	-8
 883 0546 0B       		.byte	11
 884 0547 40       		.byte	64
 885 0548 67       		.byte	103
 886 0549 F8       		.byte	-8
 887 054a 1B       		.byte	27
 888 054b 80       		.byte	-128
 889 054c 81       		.byte	-127
 890 054d F8       		.byte	-8
 891 054e 05       		.byte	5
 892 054f 01       		.byte	1
 893 0550 A6       		.byte	-90
 894 0551 F8       		.byte	-8
 895 0552 19       		.byte	25
 896 0553 01       		.byte	1
 897 0554 C2       		.byte	-62
 898 0555 F8       		.byte	-8
 899 0556 07       		.byte	7
 900 0557 01       		.byte	1
 901 0558 85       		.byte	-123
 902 0559 61       		.byte	97
 903 055a 92       		.byte	-110
 904 055b 21       		.byte	33
 905 055c 09       		.byte	9
 906 055d F9       		.byte	-7
 907 055e 29       		.byte	41
 908 055f 01       		.byte	1
ARM GAS  C:\Users\SCOTTC~1\AppData\Local\Temp\ccjdAKKr.s 			page 17


 909 0560 21       		.byte	33
 910 0561 F9       		.byte	-7
 911 0562 05       		.byte	5
 912 0563 01       		.byte	1
 913 0564 88       		.byte	-120
 914 0565 A2       		.byte	-94
 915 0566 A2       		.byte	-94
 916 0567 21       		.byte	33
 917 0568 00       		.byte	0
 918 0569 00       		.byte	0
 919 056a 00       		.byte	0
 920 056b 00       		.byte	0
 921 056c 00       		.byte	0
 922 056d 00       		.byte	0
 923 056e 00       		.byte	0
 924 056f 00       		.byte	0
 925 0570 00       		.byte	0
 926 0571 00       		.byte	0
 927 0572 00       		.byte	0
 928 0573 00       		.byte	0
 929 0574 00       		.byte	0
 930 0575 00       		.byte	0
 931 0576 00       		.byte	0
 932 0577 00       		.byte	0
 933 0578 00       		.byte	0
 934 0579 00       		.byte	0
 935 057a 00       		.byte	0
 936 057b 00       		.byte	0
 937 057c 00       		.byte	0
 938 057d 00       		.byte	0
 939 057e 00       		.byte	0
 940 057f 00       		.byte	0
 941 0580 00       		.byte	0
 942 0581 00       		.byte	0
 943 0582 00       		.byte	0
 944 0583 00       		.byte	0
 945 0584 00       		.byte	0
 946 0585 00       		.byte	0
 947 0586 00       		.byte	0
 948 0587 00       		.byte	0
 949 0588 00       		.byte	0
 950 0589 00       		.byte	0
 951 058a 00       		.byte	0
 952 058b 00       		.byte	0
 953 058c 00       		.byte	0
 954 058d 00       		.byte	0
 955 058e 00       		.byte	0
 956 058f 00       		.byte	0
 957 0590 00       		.byte	0
 958 0591 00       		.byte	0
 959 0592 00       		.byte	0
 960 0593 00       		.byte	0
 961 0594 00       		.byte	0
 962 0595 00       		.byte	0
 963 0596 00       		.byte	0
 964 0597 00       		.byte	0
 965 0598 00       		.byte	0
ARM GAS  C:\Users\SCOTTC~1\AppData\Local\Temp\ccjdAKKr.s 			page 18


 966 0599 00       		.byte	0
 967 059a 00       		.byte	0
 968 059b 00       		.byte	0
 969 059c 00       		.byte	0
 970 059d 00       		.byte	0
 971 059e 00       		.byte	0
 972 059f 00       		.byte	0
 973 05a0 00       		.byte	0
 974 05a1 00       		.byte	0
 975 05a2 00       		.byte	0
 976 05a3 00       		.byte	0
 977 05a4 00       		.byte	0
 978 05a5 00       		.byte	0
 979 05a6 00       		.byte	0
 980 05a7 00       		.byte	0
 981 05a8 00       		.byte	0
 982 05a9 00       		.byte	0
 983 05aa 00       		.byte	0
 984 05ab 00       		.byte	0
 985 05ac 00       		.byte	0
 986 05ad 00       		.byte	0
 987 05ae 00       		.byte	0
 988 05af 00       		.byte	0
 989 05b0 00       		.byte	0
 990 05b1 00       		.byte	0
 991 05b2 00       		.byte	0
 992 05b3 00       		.byte	0
 993 05b4 00       		.byte	0
 994 05b5 00       		.byte	0
 995 05b6 00       		.byte	0
 996 05b7 00       		.byte	0
 997 05b8 00       		.byte	0
 998 05b9 00       		.byte	0
 999 05ba 00       		.byte	0
 1000 05bb 00       		.byte	0
 1001 05bc 00       		.byte	0
 1002 05bd 00       		.byte	0
 1003 05be 00       		.byte	0
 1004 05bf 00       		.byte	0
 1005 05c0 00       		.byte	0
 1006 05c1 00       		.byte	0
 1007 05c2 00       		.byte	0
 1008 05c3 00       		.byte	0
 1009 05c4 00       		.byte	0
 1010 05c5 00       		.byte	0
 1011 05c6 00       		.byte	0
 1012 05c7 00       		.byte	0
 1013 05c8 00       		.byte	0
 1014 05c9 00       		.byte	0
 1015 05ca 00       		.byte	0
 1016 05cb 00       		.byte	0
 1017 05cc 00       		.byte	0
 1018 05cd 00       		.byte	0
 1019 05ce 00       		.byte	0
 1020 05cf 00       		.byte	0
 1021 05d0 00       		.byte	0
 1022 05d1 00       		.byte	0
ARM GAS  C:\Users\SCOTTC~1\AppData\Local\Temp\ccjdAKKr.s 			page 19


 1023 05d2 00       		.byte	0
 1024 05d3 00       		.byte	0
 1025 05d4 00       		.byte	0
 1026 05d5 00       		.byte	0
 1027 05d6 00       		.byte	0
 1028 05d7 00       		.byte	0
 1029 05d8 00       		.byte	0
 1030 05d9 00       		.byte	0
 1031 05da 00       		.byte	0
 1032 05db 00       		.byte	0
 1033 05dc 00       		.byte	0
 1034 05dd 00       		.byte	0
 1035 05de 00       		.byte	0
 1036 05df 00       		.byte	0
 1037 05e0 00       		.byte	0
 1038 05e1 00       		.byte	0
 1039 05e2 00       		.byte	0
 1040 05e3 00       		.byte	0
 1041 05e4 00       		.byte	0
 1042 05e5 00       		.byte	0
 1043 05e6 00       		.byte	0
 1044 05e7 00       		.byte	0
 1045 05e8 00       		.byte	0
 1046 05e9 00       		.byte	0
 1047 05ea 00       		.byte	0
 1048 05eb 00       		.byte	0
 1049 05ec 00       		.byte	0
 1050 05ed 00       		.byte	0
 1051 05ee 00       		.byte	0
 1052 05ef 00       		.byte	0
 1053 05f0 00       		.byte	0
 1054 05f1 00       		.byte	0
 1055 05f2 00       		.byte	0
 1056 05f3 00       		.byte	0
 1057 05f4 00       		.byte	0
 1058 05f5 00       		.byte	0
 1059 05f6 00       		.byte	0
 1060 05f7 00       		.byte	0
 1061 05f8 00       		.byte	0
 1062 05f9 00       		.byte	0
 1063 05fa 00       		.byte	0
 1064 05fb 00       		.byte	0
 1065 05fc 00       		.byte	0
 1066 05fd 00       		.byte	0
 1067 05fe 00       		.byte	0
 1068 05ff 00       		.byte	0
 1069 0600 00       		.byte	0
 1070 0601 00       		.byte	0
 1071 0602 00       		.byte	0
 1072 0603 00       		.byte	0
 1073 0604 00       		.byte	0
 1074 0605 00       		.byte	0
 1075 0606 00       		.byte	0
 1076 0607 00       		.byte	0
 1077 0608 00       		.byte	0
 1078 0609 00       		.byte	0
 1079 060a 00       		.byte	0
ARM GAS  C:\Users\SCOTTC~1\AppData\Local\Temp\ccjdAKKr.s 			page 20


 1080 060b 00       		.byte	0
 1081 060c 00       		.byte	0
 1082 060d 00       		.byte	0
 1083 060e 00       		.byte	0
 1084 060f 00       		.byte	0
 1085 0610 00       		.byte	0
 1086 0611 00       		.byte	0
 1087 0612 00       		.byte	0
 1088 0613 00       		.byte	0
 1089 0614 00       		.byte	0
 1090 0615 00       		.byte	0
 1091 0616 00       		.byte	0
 1092 0617 00       		.byte	0
 1093 0618 00       		.byte	0
 1094 0619 00       		.byte	0
 1095 061a 00       		.byte	0
 1096 061b 00       		.byte	0
 1097 061c 00       		.byte	0
 1098 061d 00       		.byte	0
 1099 061e 00       		.byte	0
 1100 061f 00       		.byte	0
 1101 0620 00       		.byte	0
 1102 0621 00       		.byte	0
 1103 0622 00       		.byte	0
 1104 0623 00       		.byte	0
 1105 0624 00       		.byte	0
 1106 0625 00       		.byte	0
 1107 0626 00       		.byte	0
 1108 0627 00       		.byte	0
 1109 0628 00       		.byte	0
 1110 0629 00       		.byte	0
 1111 062a 00       		.byte	0
 1112 062b 00       		.byte	0
 1113 062c 00       		.byte	0
 1114 062d 00       		.byte	0
 1115 062e 00       		.byte	0
 1116 062f 00       		.byte	0
 1117 0630 00       		.byte	0
 1118 0631 00       		.byte	0
 1119 0632 00       		.byte	0
 1120 0633 00       		.byte	0
 1121 0634 00       		.byte	0
 1122 0635 00       		.byte	0
 1123 0636 00       		.byte	0
 1124 0637 00       		.byte	0
 1125 0638 00       		.byte	0
 1126 0639 00       		.byte	0
 1127 063a 00       		.byte	0
 1128 063b 00       		.byte	0
 1129 063c 00       		.byte	0
 1130 063d 00       		.byte	0
 1131 063e 00       		.byte	0
 1132 063f 00       		.byte	0
 1133              		.text
 1134              	.Letext0:
 1135              		.file 1 ".\\Generated_Source\\PSoC5\\Filter_RAM_Data.c"
 1136              		.file 2 ".\\Generated_Source\\PSoC5\\cytypes.h"
ARM GAS  C:\Users\SCOTTC~1\AppData\Local\Temp\ccjdAKKr.s 			page 21


 1137              		.section	.debug_info,"",%progbits
 1138              	.Ldebug_info0:
 1139 0000 26010000 		.4byte	0x126
 1140 0004 0400     		.2byte	0x4
 1141 0006 00000000 		.4byte	.Ldebug_abbrev0
 1142 000a 04       		.byte	0x4
 1143 000b 01       		.uleb128 0x1
 1144 000c 5A010000 		.4byte	.LASF18
 1145 0010 01       		.byte	0x1
 1146 0011 25010000 		.4byte	.LASF19
 1147 0015 26000000 		.4byte	.LASF20
 1148 0019 00000000 		.4byte	.Ldebug_line0
 1149 001d 02       		.uleb128 0x2
 1150 001e 04       		.byte	0x4
 1151 001f 05       		.byte	0x5
 1152 0020 696E7400 		.ascii	"int\000"
 1153 0024 03       		.uleb128 0x3
 1154 0025 04       		.byte	0x4
 1155 0026 07       		.byte	0x7
 1156 0027 0E000000 		.4byte	.LASF0
 1157 002b 03       		.uleb128 0x3
 1158 002c 01       		.byte	0x1
 1159 002d 06       		.byte	0x6
 1160 002e 04010000 		.4byte	.LASF1
 1161 0032 03       		.uleb128 0x3
 1162 0033 01       		.byte	0x1
 1163 0034 08       		.byte	0x8
 1164 0035 B2000000 		.4byte	.LASF2
 1165 0039 03       		.uleb128 0x3
 1166 003a 02       		.byte	0x2
 1167 003b 05       		.byte	0x5
 1168 003c 50010000 		.4byte	.LASF3
 1169 0040 03       		.uleb128 0x3
 1170 0041 02       		.byte	0x2
 1171 0042 07       		.byte	0x7
 1172 0043 F1000000 		.4byte	.LASF4
 1173 0047 03       		.uleb128 0x3
 1174 0048 04       		.byte	0x4
 1175 0049 05       		.byte	0x5
 1176 004a C5000000 		.4byte	.LASF5
 1177 004e 03       		.uleb128 0x3
 1178 004f 04       		.byte	0x4
 1179 0050 07       		.byte	0x7
 1180 0051 89000000 		.4byte	.LASF6
 1181 0055 03       		.uleb128 0x3
 1182 0056 08       		.byte	0x8
 1183 0057 05       		.byte	0x5
 1184 0058 00000000 		.4byte	.LASF7
 1185 005c 03       		.uleb128 0x3
 1186 005d 08       		.byte	0x8
 1187 005e 07       		.byte	0x7
 1188 005f 9B000000 		.4byte	.LASF8
 1189 0063 03       		.uleb128 0x3
 1190 0064 04       		.byte	0x4
 1191 0065 07       		.byte	0x7
 1192 0066 E2010000 		.4byte	.LASF9
 1193 006a 03       		.uleb128 0x3
ARM GAS  C:\Users\SCOTTC~1\AppData\Local\Temp\ccjdAKKr.s 			page 22


 1194 006b 01       		.byte	0x1
 1195 006c 08       		.byte	0x8
 1196 006d C0000000 		.4byte	.LASF10
 1197 0071 04       		.uleb128 0x4
 1198 0072 83000000 		.4byte	.LASF21
 1199 0076 02       		.byte	0x2
 1200 0077 A1       		.byte	0xa1
 1201 0078 32000000 		.4byte	0x32
 1202 007c 03       		.uleb128 0x3
 1203 007d 04       		.byte	0x4
 1204 007e 04       		.byte	0x4
 1205 007f 1F010000 		.4byte	.LASF11
 1206 0083 03       		.uleb128 0x3
 1207 0084 08       		.byte	0x8
 1208 0085 04       		.byte	0x4
 1209 0086 CE000000 		.4byte	.LASF12
 1210 008a 05       		.uleb128 0x5
 1211 008b 71000000 		.4byte	0x71
 1212 008f 9A000000 		.4byte	0x9a
 1213 0093 06       		.uleb128 0x6
 1214 0094 63000000 		.4byte	0x63
 1215 0098 3F       		.byte	0x3f
 1216 0099 00       		.byte	0
 1217 009a 05       		.uleb128 0x5
 1218 009b 71000000 		.4byte	0x71
 1219 009f AA000000 		.4byte	0xaa
 1220 00a3 06       		.uleb128 0x6
 1221 00a4 63000000 		.4byte	0x63
 1222 00a8 FF       		.byte	0xff
 1223 00a9 00       		.byte	0
 1224 00aa 07       		.uleb128 0x7
 1225 00ab 10010000 		.4byte	.LASF13
 1226 00af 01       		.byte	0x1
 1227 00b0 04       		.byte	0x4
 1228 00b1 BB000000 		.4byte	0xbb
 1229 00b5 05       		.uleb128 0x5
 1230 00b6 03       		.byte	0x3
 1231 00b7 00000000 		.4byte	Filter_control
 1232 00bb 08       		.uleb128 0x8
 1233 00bc 9A000000 		.4byte	0x9a
 1234 00c0 05       		.uleb128 0x5
 1235 00c1 71000000 		.4byte	0x71
 1236 00c5 D1000000 		.4byte	0xd1
 1237 00c9 09       		.uleb128 0x9
 1238 00ca 63000000 		.4byte	0x63
 1239 00ce FF01     		.2byte	0x1ff
 1240 00d0 00       		.byte	0
 1241 00d1 07       		.uleb128 0x7
 1242 00d2 D5000000 		.4byte	.LASF14
 1243 00d6 01       		.byte	0x1
 1244 00d7 28       		.byte	0x28
 1245 00d8 E2000000 		.4byte	0xe2
 1246 00dc 05       		.uleb128 0x5
 1247 00dd 03       		.byte	0x3
 1248 00de 00000000 		.4byte	Filter_data_a
 1249 00e2 08       		.uleb128 0x8
 1250 00e3 C0000000 		.4byte	0xc0
ARM GAS  C:\Users\SCOTTC~1\AppData\Local\Temp\ccjdAKKr.s 			page 23


 1251 00e7 07       		.uleb128 0x7
 1252 00e8 E3000000 		.4byte	.LASF15
 1253 00ec 01       		.byte	0x1
 1254 00ed 6C       		.byte	0x6c
 1255 00ee F8000000 		.4byte	0xf8
 1256 00f2 05       		.uleb128 0x5
 1257 00f3 03       		.byte	0x3
 1258 00f4 00000000 		.4byte	Filter_data_b
 1259 00f8 08       		.uleb128 0x8
 1260 00f9 C0000000 		.4byte	0xc0
 1261 00fd 07       		.uleb128 0x7
 1262 00fe D6010000 		.4byte	.LASF16
 1263 0102 01       		.byte	0x1
 1264 0103 BC       		.byte	0xbc
 1265 0104 0E010000 		.4byte	0x10e
 1266 0108 05       		.uleb128 0x5
 1267 0109 03       		.byte	0x3
 1268 010a 00000000 		.4byte	Filter_cfsm
 1269 010e 08       		.uleb128 0x8
 1270 010f 9A000000 		.4byte	0x9a
 1271 0113 07       		.uleb128 0x7
 1272 0114 1B000000 		.4byte	.LASF17
 1273 0118 01       		.byte	0x1
 1274 0119 B0       		.byte	0xb0
 1275 011a 24010000 		.4byte	0x124
 1276 011e 05       		.uleb128 0x5
 1277 011f 03       		.byte	0x3
 1278 0120 00000000 		.4byte	Filter_acu
 1279 0124 08       		.uleb128 0x8
 1280 0125 8A000000 		.4byte	0x8a
 1281 0129 00       		.byte	0
 1282              		.section	.debug_abbrev,"",%progbits
 1283              	.Ldebug_abbrev0:
 1284 0000 01       		.uleb128 0x1
 1285 0001 11       		.uleb128 0x11
 1286 0002 01       		.byte	0x1
 1287 0003 25       		.uleb128 0x25
 1288 0004 0E       		.uleb128 0xe
 1289 0005 13       		.uleb128 0x13
 1290 0006 0B       		.uleb128 0xb
 1291 0007 03       		.uleb128 0x3
 1292 0008 0E       		.uleb128 0xe
 1293 0009 1B       		.uleb128 0x1b
 1294 000a 0E       		.uleb128 0xe
 1295 000b 10       		.uleb128 0x10
 1296 000c 17       		.uleb128 0x17
 1297 000d 00       		.byte	0
 1298 000e 00       		.byte	0
 1299 000f 02       		.uleb128 0x2
 1300 0010 24       		.uleb128 0x24
 1301 0011 00       		.byte	0
 1302 0012 0B       		.uleb128 0xb
 1303 0013 0B       		.uleb128 0xb
 1304 0014 3E       		.uleb128 0x3e
 1305 0015 0B       		.uleb128 0xb
 1306 0016 03       		.uleb128 0x3
 1307 0017 08       		.uleb128 0x8
ARM GAS  C:\Users\SCOTTC~1\AppData\Local\Temp\ccjdAKKr.s 			page 24


 1308 0018 00       		.byte	0
 1309 0019 00       		.byte	0
 1310 001a 03       		.uleb128 0x3
 1311 001b 24       		.uleb128 0x24
 1312 001c 00       		.byte	0
 1313 001d 0B       		.uleb128 0xb
 1314 001e 0B       		.uleb128 0xb
 1315 001f 3E       		.uleb128 0x3e
 1316 0020 0B       		.uleb128 0xb
 1317 0021 03       		.uleb128 0x3
 1318 0022 0E       		.uleb128 0xe
 1319 0023 00       		.byte	0
 1320 0024 00       		.byte	0
 1321 0025 04       		.uleb128 0x4
 1322 0026 16       		.uleb128 0x16
 1323 0027 00       		.byte	0
 1324 0028 03       		.uleb128 0x3
 1325 0029 0E       		.uleb128 0xe
 1326 002a 3A       		.uleb128 0x3a
 1327 002b 0B       		.uleb128 0xb
 1328 002c 3B       		.uleb128 0x3b
 1329 002d 0B       		.uleb128 0xb
 1330 002e 49       		.uleb128 0x49
 1331 002f 13       		.uleb128 0x13
 1332 0030 00       		.byte	0
 1333 0031 00       		.byte	0
 1334 0032 05       		.uleb128 0x5
 1335 0033 01       		.uleb128 0x1
 1336 0034 01       		.byte	0x1
 1337 0035 49       		.uleb128 0x49
 1338 0036 13       		.uleb128 0x13
 1339 0037 01       		.uleb128 0x1
 1340 0038 13       		.uleb128 0x13
 1341 0039 00       		.byte	0
 1342 003a 00       		.byte	0
 1343 003b 06       		.uleb128 0x6
 1344 003c 21       		.uleb128 0x21
 1345 003d 00       		.byte	0
 1346 003e 49       		.uleb128 0x49
 1347 003f 13       		.uleb128 0x13
 1348 0040 2F       		.uleb128 0x2f
 1349 0041 0B       		.uleb128 0xb
 1350 0042 00       		.byte	0
 1351 0043 00       		.byte	0
 1352 0044 07       		.uleb128 0x7
 1353 0045 34       		.uleb128 0x34
 1354 0046 00       		.byte	0
 1355 0047 03       		.uleb128 0x3
 1356 0048 0E       		.uleb128 0xe
 1357 0049 3A       		.uleb128 0x3a
 1358 004a 0B       		.uleb128 0xb
 1359 004b 3B       		.uleb128 0x3b
 1360 004c 0B       		.uleb128 0xb
 1361 004d 49       		.uleb128 0x49
 1362 004e 13       		.uleb128 0x13
 1363 004f 3F       		.uleb128 0x3f
 1364 0050 19       		.uleb128 0x19
ARM GAS  C:\Users\SCOTTC~1\AppData\Local\Temp\ccjdAKKr.s 			page 25


 1365 0051 02       		.uleb128 0x2
 1366 0052 18       		.uleb128 0x18
 1367 0053 00       		.byte	0
 1368 0054 00       		.byte	0
 1369 0055 08       		.uleb128 0x8
 1370 0056 26       		.uleb128 0x26
 1371 0057 00       		.byte	0
 1372 0058 49       		.uleb128 0x49
 1373 0059 13       		.uleb128 0x13
 1374 005a 00       		.byte	0
 1375 005b 00       		.byte	0
 1376 005c 09       		.uleb128 0x9
 1377 005d 21       		.uleb128 0x21
 1378 005e 00       		.byte	0
 1379 005f 49       		.uleb128 0x49
 1380 0060 13       		.uleb128 0x13
 1381 0061 2F       		.uleb128 0x2f
 1382 0062 05       		.uleb128 0x5
 1383 0063 00       		.byte	0
 1384 0064 00       		.byte	0
 1385 0065 00       		.byte	0
 1386              		.section	.debug_aranges,"",%progbits
 1387 0000 14000000 		.4byte	0x14
 1388 0004 0200     		.2byte	0x2
 1389 0006 00000000 		.4byte	.Ldebug_info0
 1390 000a 04       		.byte	0x4
 1391 000b 00       		.byte	0
 1392 000c 0000     		.2byte	0
 1393 000e 0000     		.2byte	0
 1394 0010 00000000 		.4byte	0
 1395 0014 00000000 		.4byte	0
 1396              		.section	.debug_line,"",%progbits
 1397              	.Ldebug_line0:
 1398 0000 54000000 		.section	.debug_str,"MS",%progbits,1
 1398      02004E00 
 1398      00000201 
 1398      FB0E0D00 
 1398      01010101 
 1399              	.LASF7:
 1400 0000 6C6F6E67 		.ascii	"long long int\000"
 1400      206C6F6E 
 1400      6720696E 
 1400      7400
 1401              	.LASF0:
 1402 000e 756E7369 		.ascii	"unsigned int\000"
 1402      676E6564 
 1402      20696E74 
 1402      00
 1403              	.LASF17:
 1404 001b 46696C74 		.ascii	"Filter_acu\000"
 1404      65725F61 
 1404      637500
 1405              	.LASF20:
 1406 0026 5C5C766D 		.ascii	"\\\\vmware-host\\Shared Folders\\scottcarlson On My"
 1406      77617265 
 1406      2D686F73 
 1406      745C5368 
ARM GAS  C:\Users\SCOTTC~1\AppData\Local\Temp\ccjdAKKr.s 			page 26


 1406      61726564 
 1407 0055 204D6163 		.ascii	" Mac\\Code\\repos\\LED_controller\\Design01.cydsn\000"
 1407      5C436F64 
 1407      655C7265 
 1407      706F735C 
 1407      4C45445F 
 1408              	.LASF21:
 1409 0083 75696E74 		.ascii	"uint8\000"
 1409      3800
 1410              	.LASF6:
 1411 0089 6C6F6E67 		.ascii	"long unsigned int\000"
 1411      20756E73 
 1411      69676E65 
 1411      6420696E 
 1411      7400
 1412              	.LASF8:
 1413 009b 6C6F6E67 		.ascii	"long long unsigned int\000"
 1413      206C6F6E 
 1413      6720756E 
 1413      7369676E 
 1413      65642069 
 1414              	.LASF2:
 1415 00b2 756E7369 		.ascii	"unsigned char\000"
 1415      676E6564 
 1415      20636861 
 1415      7200
 1416              	.LASF10:
 1417 00c0 63686172 		.ascii	"char\000"
 1417      00
 1418              	.LASF5:
 1419 00c5 6C6F6E67 		.ascii	"long int\000"
 1419      20696E74 
 1419      00
 1420              	.LASF12:
 1421 00ce 646F7562 		.ascii	"double\000"
 1421      6C6500
 1422              	.LASF14:
 1423 00d5 46696C74 		.ascii	"Filter_data_a\000"
 1423      65725F64 
 1423      6174615F 
 1423      6100
 1424              	.LASF15:
 1425 00e3 46696C74 		.ascii	"Filter_data_b\000"
 1425      65725F64 
 1425      6174615F 
 1425      6200
 1426              	.LASF4:
 1427 00f1 73686F72 		.ascii	"short unsigned int\000"
 1427      7420756E 
 1427      7369676E 
 1427      65642069 
 1427      6E7400
 1428              	.LASF1:
 1429 0104 7369676E 		.ascii	"signed char\000"
 1429      65642063 
 1429      68617200 
 1430              	.LASF13:
ARM GAS  C:\Users\SCOTTC~1\AppData\Local\Temp\ccjdAKKr.s 			page 27


 1431 0110 46696C74 		.ascii	"Filter_control\000"
 1431      65725F63 
 1431      6F6E7472 
 1431      6F6C00
 1432              	.LASF11:
 1433 011f 666C6F61 		.ascii	"float\000"
 1433      7400
 1434              	.LASF19:
 1435 0125 2E5C4765 		.ascii	".\\Generated_Source\\PSoC5\\Filter_RAM_Data.c\000"
 1435      6E657261 
 1435      7465645F 
 1435      536F7572 
 1435      63655C50 
 1436              	.LASF3:
 1437 0150 73686F72 		.ascii	"short int\000"
 1437      7420696E 
 1437      7400
 1438              	.LASF18:
 1439 015a 474E5520 		.ascii	"GNU C 4.8.4 20140526 (release) [ARM/embedded-4_8-br"
 1439      4320342E 
 1439      382E3420 
 1439      32303134 
 1439      30353236 
 1440 018d 616E6368 		.ascii	"anch revision 211358] -mcpu=cortex-m3 -mthumb -g -O"
 1440      20726576 
 1440      6973696F 
 1440      6E203231 
 1440      31333538 
 1441 01c0 30202D66 		.ascii	"0 -ffunction-sections\000"
 1441      66756E63 
 1441      74696F6E 
 1441      2D736563 
 1441      74696F6E 
 1442              	.LASF16:
 1443 01d6 46696C74 		.ascii	"Filter_cfsm\000"
 1443      65725F63 
 1443      66736D00 
 1444              	.LASF9:
 1445 01e2 73697A65 		.ascii	"sizetype\000"
 1445      74797065 
 1445      00
 1446              		.ident	"GCC: (GNU Tools for ARM Embedded Processors) 4.8.4 20140526 (release) [ARM/embedded-4_8-br
