ARM GAS  C:\Users\SCOTTC~1\AppData\Local\Temp\ccomRHBi.s 			page 1


   1              		.syntax unified
   2              		.cpu cortex-m3
   3              		.fpu softvfp
   4              		.eabi_attribute 20, 1
   5              		.eabi_attribute 21, 1
   6              		.eabi_attribute 23, 3
   7              		.eabi_attribute 24, 1
   8              		.eabi_attribute 25, 1
   9              		.eabi_attribute 26, 1
  10              		.eabi_attribute 30, 6
  11              		.eabi_attribute 34, 1
  12              		.eabi_attribute 18, 4
  13              		.thumb
  14              		.file	"main.c"
  15              		.text
  16              	.Ltext0:
  17              		.cfi_sections	.debug_frame
  18              		.comm	DMA_1_Chan,1,1
  19              		.comm	DMA_1_TD,1,4
  20              		.comm	DMA_2_Chan,1,1
  21              		.comm	DMA_2_TD,1,4
  22              		.comm	ADC2Filter_DMA_Chan,1,1
  23              		.comm	ADC2Filter_DMA_TD,2,4
  24              		.comm	DMA_3_Chan,1,1
  25              		.comm	DMA_3_TD,1,4
  26              		.comm	DMA_4_Chan,1,1
  27              		.comm	DMA_4_TD,1,4
  28              		.comm	LPF_samples,1024,4
  29              		.comm	LPF_buffer,1024,4
  30              		.comm	Buffer_samples,1024,4
  31              		.comm	ADC_samples,1024,4
  32              		.comm	magoutput,512,4
  33              		.data
  34              		.align	2
  35              		.type	fftlength, %object
  36              		.size	fftlength, 4
  37              	fftlength:
  38 0000 80000000 		.word	128
  39              		.bss
  40              	isr_BC_flag:
  41 0000 00       		.space	1
  42              	isr_LPF_buffer_complete_flag:
  43 0001 00       		.space	1
  44              		.section	.text.Buffer_complete,"ax",%progbits
  45              		.align	2
  46              		.global	Buffer_complete
  47              		.thumb
  48              		.thumb_func
  49              		.type	Buffer_complete, %function
  50              	Buffer_complete:
  51              	.LFB118:
  52              		.file 1 ".\\main.c"
   1:.\main.c      **** /* ----------------------------------------------------------------------
   2:.\main.c      **** ** Include Files
   3:.\main.c      **** ** ------------------------------------------------------------------- */
   4:.\main.c      **** #include <project.h>
   5:.\main.c      **** #include "arm_math.h"
ARM GAS  C:\Users\SCOTTC~1\AppData\Local\Temp\ccomRHBi.s 			page 2


   6:.\main.c      **** #include "arm_const_structs.h"
   7:.\main.c      **** #include "math_helper.h"
   8:.\main.c      **** 
   9:.\main.c      **** 
  10:.\main.c      **** /* ----------------------------------------------------------------------
  11:.\main.c      ****  * DMA Definitions
  12:.\main.c      ****  * ------------------------------------------------------------------- */
  13:.\main.c      **** /*First buffer*/
  14:.\main.c      **** uint8 DMA_1_Chan;
  15:.\main.c      **** uint8 DMA_1_TD[1];
  16:.\main.c      **** 
  17:.\main.c      **** uint8 DMA_2_Chan;
  18:.\main.c      **** uint8 DMA_2_TD[1];
  19:.\main.c      **** 
  20:.\main.c      **** uint8 ADC2Filter_DMA_Chan;
  21:.\main.c      **** uint8 ADC2Filter_DMA_TD[2];
  22:.\main.c      **** 
  23:.\main.c      **** uint8 DMA_3_Chan;
  24:.\main.c      **** uint8 DMA_3_TD[1];
  25:.\main.c      **** 
  26:.\main.c      **** uint8 DMA_4_Chan;
  27:.\main.c      **** uint8 DMA_4_TD[1];
  28:.\main.c      **** 
  29:.\main.c      **** #define buffer_size 256
  30:.\main.c      **** /* Definitions */
  31:.\main.c      **** #define DMA_1_BYTES_PER_BURST 4
  32:.\main.c      **** #define DMA_1_REQUEST_PER_BURST 1
  33:.\main.c      **** #define DMA_1_SRC_BASE (CYDEV_PERIPH_BASE)
  34:.\main.c      **** #define DMA_1_DST_BASE (CYDEV_SRAM_BASE)
  35:.\main.c      **** #define buffersize buffer_size*DMA_1_BYTES_PER_BURST
  36:.\main.c      **** /*Second buffer*/
  37:.\main.c      **** 
  38:.\main.c      **** #define DMA_2_BYTES_PER_BURST 4
  39:.\main.c      **** #define DMA_2_REQUEST_PER_BURST 0
  40:.\main.c      **** #define DMA_2_SRC_BASE (CYDEV_SRAM_BASE)
  41:.\main.c      **** #define DMA_2_DST_BASE (CYDEV_SRAM_BASE)
  42:.\main.c      **** 
  43:.\main.c      **** #define ADC2Filter_DMA_BYTES_PER_BURST 4
  44:.\main.c      **** #define ADC2Filter_DMA_REQUEST_PER_BURST 1
  45:.\main.c      **** #define ADC2Filter_DMA_SRC_BASE (CYDEV_PERIPH_BASE)
  46:.\main.c      **** #define ADC2Filter_DMA_DST_BASE (CYDEV_PERIPH_BASE)
  47:.\main.c      **** 
  48:.\main.c      **** #define DMA_3_BYTES_PER_BURST 4
  49:.\main.c      **** #define DMA_3_REQUEST_PER_BURST 1
  50:.\main.c      **** #define DMA_3_SRC_BASE (CYDEV_PERIPH_BASE)
  51:.\main.c      **** #define DMA_3_DST_BASE (CYDEV_SRAM_BASE)
  52:.\main.c      **** 
  53:.\main.c      **** #define DMA_4_BYTES_PER_BURST 4
  54:.\main.c      **** #define DMA_4_REQUEST_PER_BURST 0
  55:.\main.c      **** #define DMA_4_SRC_BASE (CYDEV_SRAM_BASE)
  56:.\main.c      **** #define DMA_4_DST_BASE (CYDEV_SRAM_BASE)
  57:.\main.c      **** 
  58:.\main.c      **** /*global vairables*/
  59:.\main.c      **** 
  60:.\main.c      **** int32 LPF_samples[buffer_size];
  61:.\main.c      **** int32 LPF_buffer[buffer_size];
  62:.\main.c      **** int32 Buffer_samples[buffer_size];
ARM GAS  C:\Users\SCOTTC~1\AppData\Local\Temp\ccomRHBi.s 			page 3


  63:.\main.c      **** int32 ADC_samples[buffer_size];
  64:.\main.c      **** q31_t magoutput[buffer_size/2];
  65:.\main.c      **** static uint32 fftlength=buffer_size/2;
  66:.\main.c      **** 
  67:.\main.c      **** static volatile CYBIT isr_BC_flag = 0;
  68:.\main.c      **** static volatile CYBIT isr_LPF_buffer_complete_flag = 0;
  69:.\main.c      **** //MultAcc_1_ARRAY CYCODE accumulatee[windowsize];
  70:.\main.c      **** /*functions*/
  71:.\main.c      **** void Configure_DMA();
  72:.\main.c      **** //uint32 moving_average(uint32 *specflux);
  73:.\main.c      **** 
  74:.\main.c      **** /*ISR routine*/
  75:.\main.c      **** CY_ISR_PROTO(Buffer_complete);
  76:.\main.c      **** CY_ISR(Buffer_complete){
  53              		.loc 1 76 0
  54              		.cfi_startproc
  55              		@ args = 0, pretend = 0, frame = 0
  56              		@ frame_needed = 1, uses_anonymous_args = 0
  57 0000 80B5     		push	{r7, lr}
  58              		.cfi_def_cfa_offset 8
  59              		.cfi_offset 7, -8
  60              		.cfi_offset 14, -4
  61 0002 00AF     		add	r7, sp, #0
  62              		.cfi_def_cfa_register 7
  77:.\main.c      ****     isr_BC_flag=1;
  63              		.loc 1 77 0
  64 0004 044B     		ldr	r3, .L2
  65 0006 0122     		movs	r2, #1
  66 0008 1A70     		strb	r2, [r3]
  78:.\main.c      ****     CyDmaChDisable(DMA_2_Chan);
  67              		.loc 1 78 0
  68 000a 044B     		ldr	r3, .L2+4
  69 000c 1B78     		ldrb	r3, [r3]	@ zero_extendqisi2
  70 000e 1846     		mov	r0, r3
  71 0010 FFF7FEFF 		bl	CyDmaChDisable
  79:.\main.c      ****     
  80:.\main.c      **** }
  72              		.loc 1 80 0
  73 0014 80BD     		pop	{r7, pc}
  74              	.L3:
  75 0016 00BF     		.align	2
  76              	.L2:
  77 0018 00000000 		.word	isr_BC_flag
  78 001c 00000000 		.word	DMA_2_Chan
  79              		.cfi_endproc
  80              	.LFE118:
  81              		.size	Buffer_complete, .-Buffer_complete
  82              		.section	.text.LPF_buffer_complete,"ax",%progbits
  83              		.align	2
  84              		.global	LPF_buffer_complete
  85              		.thumb
  86              		.thumb_func
  87              		.type	LPF_buffer_complete, %function
  88              	LPF_buffer_complete:
  89              	.LFB119:
  81:.\main.c      **** CY_ISR_PROTO(LPF_buffer_complete);
  82:.\main.c      **** CY_ISR(LPF_buffer_complete){
ARM GAS  C:\Users\SCOTTC~1\AppData\Local\Temp\ccomRHBi.s 			page 4


  90              		.loc 1 82 0
  91              		.cfi_startproc
  92              		@ args = 0, pretend = 0, frame = 0
  93              		@ frame_needed = 1, uses_anonymous_args = 0
  94 0000 80B5     		push	{r7, lr}
  95              		.cfi_def_cfa_offset 8
  96              		.cfi_offset 7, -8
  97              		.cfi_offset 14, -4
  98 0002 00AF     		add	r7, sp, #0
  99              		.cfi_def_cfa_register 7
  83:.\main.c      ****     isr_LPF_buffer_complete_flag=1;
 100              		.loc 1 83 0
 101 0004 044B     		ldr	r3, .L5
 102 0006 0122     		movs	r2, #1
 103 0008 1A70     		strb	r2, [r3]
  84:.\main.c      ****     CyDmaChDisable(DMA_4_Chan);
 104              		.loc 1 84 0
 105 000a 044B     		ldr	r3, .L5+4
 106 000c 1B78     		ldrb	r3, [r3]	@ zero_extendqisi2
 107 000e 1846     		mov	r0, r3
 108 0010 FFF7FEFF 		bl	CyDmaChDisable
  85:.\main.c      **** }
 109              		.loc 1 85 0
 110 0014 80BD     		pop	{r7, pc}
 111              	.L6:
 112 0016 00BF     		.align	2
 113              	.L5:
 114 0018 01000000 		.word	isr_LPF_buffer_complete_flag
 115 001c 00000000 		.word	DMA_4_Chan
 116              		.cfi_endproc
 117              	.LFE119:
 118              		.size	LPF_buffer_complete, .-LPF_buffer_complete
 119              		.section	.text.main,"ax",%progbits
 120              		.align	2
 121              		.global	main
 122              		.thumb
 123              		.thumb_func
 124              		.type	main, %function
 125              	main:
 126              	.LFB120:
  86:.\main.c      **** 
  87:.\main.c      **** /*main*/
  88:.\main.c      **** void main(void)
  89:.\main.c      **** {   
 127              		.loc 1 89 0
 128              		.cfi_startproc
 129              		@ args = 0, pretend = 0, frame = 0
 130              		@ frame_needed = 1, uses_anonymous_args = 0
 131 0000 80B5     		push	{r7, lr}
 132              		.cfi_def_cfa_offset 8
 133              		.cfi_offset 7, -8
 134              		.cfi_offset 14, -4
 135 0002 00AF     		add	r7, sp, #0
 136              		.cfi_def_cfa_register 7
  90:.\main.c      ****     /*Preliminary parts not important*/  
  91:.\main.c      ****     LCD_Char_1_Start();
 137              		.loc 1 91 0
ARM GAS  C:\Users\SCOTTC~1\AppData\Local\Temp\ccomRHBi.s 			page 5


 138 0004 FFF7FEFF 		bl	LCD_Char_1_Start
  92:.\main.c      ****     ADC_DelSig_1_Start();
 139              		.loc 1 92 0
 140 0008 FFF7FEFF 		bl	ADC_DelSig_1_Start
  93:.\main.c      ****     ADC_DelSig_1_StartConvert();
 141              		.loc 1 93 0
 142 000c FFF7FEFF 		bl	ADC_DelSig_1_StartConvert
  94:.\main.c      **** 
  95:.\main.c      ****     Configure_DMA(); 
 143              		.loc 1 95 0
 144 0010 FFF7FEFF 		bl	Configure_DMA
  96:.\main.c      ****     isr_1_StartEx(Buffer_complete);
 145              		.loc 1 96 0
 146 0014 3048     		ldr	r0, .L10
 147 0016 FFF7FEFF 		bl	isr_1_StartEx
  97:.\main.c      ****     isr_2_StartEx(LPF_buffer_complete);
 148              		.loc 1 97 0
 149 001a 3048     		ldr	r0, .L10+4
 150 001c FFF7FEFF 		bl	isr_2_StartEx
  98:.\main.c      ****     
  99:.\main.c      ****     ADC_DelSig_1_SetCoherency(ADC_DelSig_1_COHER_HIGH);   
 151              		.loc 1 99 0
 152 0020 0320     		movs	r0, #3
 153 0022 FFF7FEFF 		bl	ADC_DelSig_1_SetCoherency
 100:.\main.c      ****     
 101:.\main.c      ****     Filter_SetDalign(Filter_STAGEA_DALIGN,Filter_DISABLED);
 154              		.loc 1 101 0
 155 0026 0120     		movs	r0, #1
 156 0028 0021     		movs	r1, #0
 157 002a FFF7FEFF 		bl	Filter_SetDalign
 102:.\main.c      ****     Filter_SetDalign(Filter_HOLDA_DALIGN,Filter_DISABLED);
 158              		.loc 1 102 0
 159 002e 0420     		movs	r0, #4
 160 0030 0021     		movs	r1, #0
 161 0032 FFF7FEFF 		bl	Filter_SetDalign
 103:.\main.c      ****     Filter_SetCoherency(Filter_STAGEA_COHER,Filter_KEY_HIGH);
 162              		.loc 1 103 0
 163 0036 0320     		movs	r0, #3
 164 0038 0221     		movs	r1, #2
 165 003a FFF7FEFF 		bl	Filter_SetCoherency
 104:.\main.c      ****     Filter_SetCoherency(Filter_HOLDA_COHER,Filter_KEY_HIGH);
 166              		.loc 1 104 0
 167 003e 3020     		movs	r0, #48
 168 0040 0221     		movs	r1, #2
 169 0042 FFF7FEFF 		bl	Filter_SetCoherency
 105:.\main.c      ****     Filter_SetCoherency(Filter_CHANNEL_A,Filter_KEY_HIGH);  
 170              		.loc 1 105 0
 171 0046 0020     		movs	r0, #0
 172 0048 0221     		movs	r1, #2
 173 004a FFF7FEFF 		bl	Filter_SetCoherency
 106:.\main.c      ****     
 107:.\main.c      ****     Filter_SetDalign(Filter_STAGEB_DALIGN,Filter_DISABLED);
 174              		.loc 1 107 0
 175 004e 0220     		movs	r0, #2
 176 0050 0021     		movs	r1, #0
 177 0052 FFF7FEFF 		bl	Filter_SetDalign
 108:.\main.c      ****     Filter_SetDalign(Filter_HOLDB_DALIGN,Filter_DISABLED);
ARM GAS  C:\Users\SCOTTC~1\AppData\Local\Temp\ccomRHBi.s 			page 6


 178              		.loc 1 108 0
 179 0056 0820     		movs	r0, #8
 180 0058 0021     		movs	r1, #0
 181 005a FFF7FEFF 		bl	Filter_SetDalign
 109:.\main.c      ****     Filter_SetCoherency(Filter_STAGEB_COHER,Filter_KEY_HIGH);
 182              		.loc 1 109 0
 183 005e 0C20     		movs	r0, #12
 184 0060 0221     		movs	r1, #2
 185 0062 FFF7FEFF 		bl	Filter_SetCoherency
 110:.\main.c      ****     Filter_SetCoherency(Filter_HOLDB_COHER,Filter_KEY_HIGH);
 186              		.loc 1 110 0
 187 0066 C020     		movs	r0, #192
 188 0068 0221     		movs	r1, #2
 189 006a FFF7FEFF 		bl	Filter_SetCoherency
 111:.\main.c      ****     Filter_SetCoherency(Filter_CHANNEL_B,Filter_KEY_HIGH);
 190              		.loc 1 111 0
 191 006e 0120     		movs	r0, #1
 192 0070 0221     		movs	r1, #2
 193 0072 FFF7FEFF 		bl	Filter_SetCoherency
 112:.\main.c      **** 
 113:.\main.c      ****     CyGlobalIntEnable;
 194              		.loc 1 113 0
 195              	@ 113 ".\main.c" 1
 196 0076 62B6     		CPSIE   i
 197              	@ 0 "" 2
 114:.\main.c      **** 
 115:.\main.c      ****     Filter_Start();
 198              		.loc 1 115 0
 199              		.thumb
 200 0078 FFF7FEFF 		bl	Filter_Start
 201              	.L9:
 116:.\main.c      **** 
 117:.\main.c      ****     /*Writes ADC values to ADC_samples array*/
 118:.\main.c      ****     while(1){
 119:.\main.c      ****     LCD_Char_1_Position(0u,0u);
 202              		.loc 1 119 0
 203 007c 0020     		movs	r0, #0
 204 007e 0021     		movs	r1, #0
 205 0080 FFF7FEFF 		bl	LCD_Char_1_Position
 120:.\main.c      ****     LCD_Char_1_PrintInt32(LPF_samples);
 206              		.loc 1 120 0
 207 0084 164B     		ldr	r3, .L10+8
 208 0086 1846     		mov	r0, r3
 209 0088 FFF7FEFF 		bl	LCD_Char_1_PrintInt32
 121:.\main.c      ****     if (isr_BC_flag==1){        
 210              		.loc 1 121 0
 211 008c 154B     		ldr	r3, .L10+12
 212 008e 1B78     		ldrb	r3, [r3]
 213 0090 DBB2     		uxtb	r3, r3
 214 0092 012B     		cmp	r3, #1
 215 0094 1ED1     		bne	.L8
 122:.\main.c      ****         arm_cfft_q31(&arm_cfft_sR_q15_len256, Buffer_samples, 0, 1); 
 216              		.loc 1 122 0
 217 0096 1448     		ldr	r0, .L10+16
 218 0098 1449     		ldr	r1, .L10+20
 219 009a 0022     		movs	r2, #0
 220 009c 0123     		movs	r3, #1
ARM GAS  C:\Users\SCOTTC~1\AppData\Local\Temp\ccomRHBi.s 			page 7


 221 009e FFF7FEFF 		bl	arm_cfft_q31
 123:.\main.c      ****         arm_cmplx_mag_q31(Buffer_samples, magoutput, fftlength);         
 222              		.loc 1 123 0
 223 00a2 134B     		ldr	r3, .L10+24
 224 00a4 1B68     		ldr	r3, [r3]
 225 00a6 1148     		ldr	r0, .L10+20
 226 00a8 1249     		ldr	r1, .L10+28
 227 00aa 1A46     		mov	r2, r3
 228 00ac FFF7FEFF 		bl	arm_cmplx_mag_q31
 124:.\main.c      ****         isr_BC_flag=0;
 229              		.loc 1 124 0
 230 00b0 0C4B     		ldr	r3, .L10+12
 231 00b2 0022     		movs	r2, #0
 232 00b4 1A70     		strb	r2, [r3]
 125:.\main.c      ****         isr_1_ClearPending();
 233              		.loc 1 125 0
 234 00b6 FFF7FEFF 		bl	isr_1_ClearPending
 126:.\main.c      ****         CyDmaChEnable(DMA_2_Chan, 1);
 235              		.loc 1 126 0
 236 00ba 0F4B     		ldr	r3, .L10+32
 237 00bc 1B78     		ldrb	r3, [r3]	@ zero_extendqisi2
 238 00be 1846     		mov	r0, r3
 239 00c0 0121     		movs	r1, #1
 240 00c2 FFF7FEFF 		bl	CyDmaChEnable
 127:.\main.c      ****         CyDmaChEnable(DMA_4_Chan, 1);
 241              		.loc 1 127 0
 242 00c6 0D4B     		ldr	r3, .L10+36
 243 00c8 1B78     		ldrb	r3, [r3]	@ zero_extendqisi2
 244 00ca 1846     		mov	r0, r3
 245 00cc 0121     		movs	r1, #1
 246 00ce FFF7FEFF 		bl	CyDmaChEnable
 128:.\main.c      ****     }
 129:.\main.c      **** }
 247              		.loc 1 129 0
 248 00d2 D3E7     		b	.L9
 249              	.L8:
 250 00d4 D2E7     		b	.L9
 251              	.L11:
 252 00d6 00BF     		.align	2
 253              	.L10:
 254 00d8 00000000 		.word	Buffer_complete
 255 00dc 00000000 		.word	LPF_buffer_complete
 256 00e0 00000000 		.word	LPF_samples
 257 00e4 00000000 		.word	isr_BC_flag
 258 00e8 00000000 		.word	arm_cfft_sR_q15_len256
 259 00ec 00000000 		.word	Buffer_samples
 260 00f0 00000000 		.word	fftlength
 261 00f4 00000000 		.word	magoutput
 262 00f8 00000000 		.word	DMA_2_Chan
 263 00fc 00000000 		.word	DMA_4_Chan
 264              		.cfi_endproc
 265              	.LFE120:
 266              		.size	main, .-main
 267              		.section	.text.Configure_DMA,"ax",%progbits
 268              		.align	2
 269              		.global	Configure_DMA
 270              		.thumb
ARM GAS  C:\Users\SCOTTC~1\AppData\Local\Temp\ccomRHBi.s 			page 8


 271              		.thumb_func
 272              		.type	Configure_DMA, %function
 273              	Configure_DMA:
 274              	.LFB121:
 130:.\main.c      **** }
 131:.\main.c      **** 
 132:.\main.c      **** void Configure_DMA(){
 275              		.loc 1 132 0
 276              		.cfi_startproc
 277              		@ args = 0, pretend = 0, frame = 0
 278              		@ frame_needed = 1, uses_anonymous_args = 0
 279 0000 80B5     		push	{r7, lr}
 280              		.cfi_def_cfa_offset 8
 281              		.cfi_offset 7, -8
 282              		.cfi_offset 14, -4
 283 0002 00AF     		add	r7, sp, #0
 284              		.cfi_def_cfa_register 7
 133:.\main.c      **** 
 134:.\main.c      **** ADC2Filter_DMA_Chan = ADC2Filter_DMA_DmaInitialize(ADC2Filter_DMA_BYTES_PER_BURST, ADC2Filter_DMA_R
 285              		.loc 1 134 0
 286 0004 0420     		movs	r0, #4
 287 0006 0121     		movs	r1, #1
 288 0008 4FF48042 		mov	r2, #16384
 289 000c 4FF48043 		mov	r3, #16384
 290 0010 FFF7FEFF 		bl	ADC2Filter_DMA_DmaInitialize
 291 0014 0346     		mov	r3, r0
 292 0016 1A46     		mov	r2, r3
 293 0018 8A4B     		ldr	r3, .L13
 294 001a 1A70     		strb	r2, [r3]
 135:.\main.c      ****     HI16(ADC2Filter_DMA_SRC_BASE), HI16(ADC2Filter_DMA_DST_BASE));
 136:.\main.c      **** ADC2Filter_DMA_TD[0] = CyDmaTdAllocate();
 295              		.loc 1 136 0
 296 001c FFF7FEFF 		bl	CyDmaTdAllocate
 297 0020 0346     		mov	r3, r0
 298 0022 1A46     		mov	r2, r3
 299 0024 884B     		ldr	r3, .L13+4
 300 0026 1A70     		strb	r2, [r3]
 137:.\main.c      **** ADC2Filter_DMA_TD[1] = CyDmaTdAllocate();
 301              		.loc 1 137 0
 302 0028 FFF7FEFF 		bl	CyDmaTdAllocate
 303 002c 0346     		mov	r3, r0
 304 002e 1A46     		mov	r2, r3
 305 0030 854B     		ldr	r3, .L13+4
 306 0032 5A70     		strb	r2, [r3, #1]
 138:.\main.c      **** CyDmaTdSetConfiguration(ADC2Filter_DMA_TD[0], 4, ADC2Filter_DMA_TD[1], TD_AUTO_EXEC_NEXT);
 307              		.loc 1 138 0
 308 0034 844B     		ldr	r3, .L13+4
 309 0036 1A78     		ldrb	r2, [r3]	@ zero_extendqisi2
 310 0038 834B     		ldr	r3, .L13+4
 311 003a 5B78     		ldrb	r3, [r3, #1]	@ zero_extendqisi2
 312 003c 1046     		mov	r0, r2
 313 003e 0421     		movs	r1, #4
 314 0040 1A46     		mov	r2, r3
 315 0042 2023     		movs	r3, #32
 316 0044 FFF7FEFF 		bl	CyDmaTdSetConfiguration
 139:.\main.c      **** CyDmaTdSetConfiguration(ADC2Filter_DMA_TD[1], 4, ADC2Filter_DMA_TD[0], ADC2Filter_DMA__TD_TERMOUT_E
 317              		.loc 1 139 0
ARM GAS  C:\Users\SCOTTC~1\AppData\Local\Temp\ccomRHBi.s 			page 9


 318 0048 7F4B     		ldr	r3, .L13+4
 319 004a 5A78     		ldrb	r2, [r3, #1]	@ zero_extendqisi2
 320 004c 7E4B     		ldr	r3, .L13+4
 321 004e 1B78     		ldrb	r3, [r3]	@ zero_extendqisi2
 322 0050 1046     		mov	r0, r2
 323 0052 0421     		movs	r1, #4
 324 0054 1A46     		mov	r2, r3
 325 0056 0423     		movs	r3, #4
 326 0058 FFF7FEFF 		bl	CyDmaTdSetConfiguration
 140:.\main.c      **** CyDmaTdSetAddress(ADC2Filter_DMA_TD[0], LO16((uint32)ADC_DelSig_1_DEC_SAMP_PTR), LO16((uint32)Filte
 327              		.loc 1 140 0
 328 005c 7A4B     		ldr	r3, .L13+4
 329 005e 1B78     		ldrb	r3, [r3]	@ zero_extendqisi2
 330 0060 1846     		mov	r0, r3
 331 0062 44F61061 		movw	r1, #19984
 332 0066 4CF2A072 		movw	r2, #51104
 333 006a FFF7FEFF 		bl	CyDmaTdSetAddress
 141:.\main.c      **** CyDmaTdSetAddress(ADC2Filter_DMA_TD[1], LO16((uint32)ADC_DelSig_1_DEC_SAMP_PTR), LO16((uint32)Filte
 334              		.loc 1 141 0
 335 006e 764B     		ldr	r3, .L13+4
 336 0070 5B78     		ldrb	r3, [r3, #1]	@ zero_extendqisi2
 337 0072 1846     		mov	r0, r3
 338 0074 44F61061 		movw	r1, #19984
 339 0078 4CF2A472 		movw	r2, #51108
 340 007c FFF7FEFF 		bl	CyDmaTdSetAddress
 142:.\main.c      **** CyDmaChSetInitialTd(ADC2Filter_DMA_Chan, ADC2Filter_DMA_TD[0]);
 341              		.loc 1 142 0
 342 0080 704B     		ldr	r3, .L13
 343 0082 1A78     		ldrb	r2, [r3]	@ zero_extendqisi2
 344 0084 704B     		ldr	r3, .L13+4
 345 0086 1B78     		ldrb	r3, [r3]	@ zero_extendqisi2
 346 0088 1046     		mov	r0, r2
 347 008a 1946     		mov	r1, r3
 348 008c FFF7FEFF 		bl	CyDmaChSetInitialTd
 143:.\main.c      **** CyDmaChEnable(ADC2Filter_DMA_Chan, 1);
 349              		.loc 1 143 0
 350 0090 6C4B     		ldr	r3, .L13
 351 0092 1B78     		ldrb	r3, [r3]	@ zero_extendqisi2
 352 0094 1846     		mov	r0, r3
 353 0096 0121     		movs	r1, #1
 354 0098 FFF7FEFF 		bl	CyDmaChEnable
 144:.\main.c      **** 
 145:.\main.c      **** 
 146:.\main.c      **** /*Second buffer*/
 147:.\main.c      **** DMA_2_Chan = DMA_2_DmaInitialize(DMA_2_BYTES_PER_BURST, DMA_2_REQUEST_PER_BURST, 
 355              		.loc 1 147 0
 356 009c 0420     		movs	r0, #4
 357 009e 0021     		movs	r1, #0
 358 00a0 41F6FF72 		movw	r2, #8191
 359 00a4 41F6FF73 		movw	r3, #8191
 360 00a8 FFF7FEFF 		bl	DMA_2_DmaInitialize
 361 00ac 0346     		mov	r3, r0
 362 00ae 1A46     		mov	r2, r3
 363 00b0 664B     		ldr	r3, .L13+8
 364 00b2 1A70     		strb	r2, [r3]
 148:.\main.c      ****     HI16(DMA_2_SRC_BASE), HI16(DMA_2_DST_BASE));
 149:.\main.c      **** DMA_2_TD[0] = CyDmaTdAllocate();
ARM GAS  C:\Users\SCOTTC~1\AppData\Local\Temp\ccomRHBi.s 			page 10


 365              		.loc 1 149 0
 366 00b4 FFF7FEFF 		bl	CyDmaTdAllocate
 367 00b8 0346     		mov	r3, r0
 368 00ba 1A46     		mov	r2, r3
 369 00bc 644B     		ldr	r3, .L13+12
 370 00be 1A70     		strb	r2, [r3]
 150:.\main.c      **** CyDmaTdSetConfiguration(DMA_2_TD[0], buffersize, CY_DMA_DISABLE_TD /* DMA_2_TD[0]*/, DMA_2__TD_TERM
 371              		.loc 1 150 0
 372 00c0 634B     		ldr	r3, .L13+12
 373 00c2 1B78     		ldrb	r3, [r3]	@ zero_extendqisi2
 374 00c4 1846     		mov	r0, r3
 375 00c6 4FF48061 		mov	r1, #1024
 376 00ca FE22     		movs	r2, #254
 377 00cc 0723     		movs	r3, #7
 378 00ce FFF7FEFF 		bl	CyDmaTdSetConfiguration
 151:.\main.c      **** CyDmaTdSetAddress(DMA_2_TD[0], LO16((uint32)ADC_samples), LO16((uint32)Buffer_samples));
 379              		.loc 1 151 0
 380 00d2 5F4B     		ldr	r3, .L13+12
 381 00d4 1978     		ldrb	r1, [r3]	@ zero_extendqisi2
 382 00d6 5F4B     		ldr	r3, .L13+16
 383 00d8 9AB2     		uxth	r2, r3
 384 00da 5F4B     		ldr	r3, .L13+20
 385 00dc 9BB2     		uxth	r3, r3
 386 00de 0846     		mov	r0, r1
 387 00e0 1146     		mov	r1, r2
 388 00e2 1A46     		mov	r2, r3
 389 00e4 FFF7FEFF 		bl	CyDmaTdSetAddress
 152:.\main.c      **** CyDmaChSetInitialTd(DMA_2_Chan, DMA_2_TD[0]);
 390              		.loc 1 152 0
 391 00e8 584B     		ldr	r3, .L13+8
 392 00ea 1A78     		ldrb	r2, [r3]	@ zero_extendqisi2
 393 00ec 584B     		ldr	r3, .L13+12
 394 00ee 1B78     		ldrb	r3, [r3]	@ zero_extendqisi2
 395 00f0 1046     		mov	r0, r2
 396 00f2 1946     		mov	r1, r3
 397 00f4 FFF7FEFF 		bl	CyDmaChSetInitialTd
 153:.\main.c      **** CyDmaChEnable(DMA_2_Chan, 1);
 398              		.loc 1 153 0
 399 00f8 544B     		ldr	r3, .L13+8
 400 00fa 1B78     		ldrb	r3, [r3]	@ zero_extendqisi2
 401 00fc 1846     		mov	r0, r3
 402 00fe 0121     		movs	r1, #1
 403 0100 FFF7FEFF 		bl	CyDmaChEnable
 154:.\main.c      **** 
 155:.\main.c      **** /*First buffer*/
 156:.\main.c      **** DMA_1_Chan = DMA_1_DmaInitialize(DMA_1_BYTES_PER_BURST, DMA_1_REQUEST_PER_BURST, 
 404              		.loc 1 156 0
 405 0104 0420     		movs	r0, #4
 406 0106 0121     		movs	r1, #1
 407 0108 4FF48042 		mov	r2, #16384
 408 010c 41F6FF73 		movw	r3, #8191
 409 0110 FFF7FEFF 		bl	DMA_1_DmaInitialize
 410 0114 0346     		mov	r3, r0
 411 0116 1A46     		mov	r2, r3
 412 0118 504B     		ldr	r3, .L13+24
 413 011a 1A70     		strb	r2, [r3]
 157:.\main.c      ****     HI16(DMA_1_SRC_BASE), HI16(DMA_1_DST_BASE));
ARM GAS  C:\Users\SCOTTC~1\AppData\Local\Temp\ccomRHBi.s 			page 11


 158:.\main.c      **** DMA_1_TD[0] = CyDmaTdAllocate();
 414              		.loc 1 158 0
 415 011c FFF7FEFF 		bl	CyDmaTdAllocate
 416 0120 0346     		mov	r3, r0
 417 0122 1A46     		mov	r2, r3
 418 0124 4E4B     		ldr	r3, .L13+28
 419 0126 1A70     		strb	r2, [r3]
 159:.\main.c      **** CyDmaTdSetConfiguration(DMA_1_TD[0], buffersize,/* CY_DMA_DISABLE_TD*/ DMA_1_TD[0], DMA_1__TD_TERMO
 420              		.loc 1 159 0
 421 0128 4D4B     		ldr	r3, .L13+28
 422 012a 1A78     		ldrb	r2, [r3]	@ zero_extendqisi2
 423 012c 4C4B     		ldr	r3, .L13+28
 424 012e 1B78     		ldrb	r3, [r3]	@ zero_extendqisi2
 425 0130 1046     		mov	r0, r2
 426 0132 4FF48061 		mov	r1, #1024
 427 0136 1A46     		mov	r2, r3
 428 0138 0623     		movs	r3, #6
 429 013a FFF7FEFF 		bl	CyDmaTdSetConfiguration
 160:.\main.c      **** CyDmaTdSetAddress(DMA_1_TD[0], LO16((uint32)Filter_HOLDA_PTR), LO16((uint32)ADC_samples));
 430              		.loc 1 160 0
 431 013e 484B     		ldr	r3, .L13+28
 432 0140 1A78     		ldrb	r2, [r3]	@ zero_extendqisi2
 433 0142 444B     		ldr	r3, .L13+16
 434 0144 9BB2     		uxth	r3, r3
 435 0146 1046     		mov	r0, r2
 436 0148 4CF2A871 		movw	r1, #51112
 437 014c 1A46     		mov	r2, r3
 438 014e FFF7FEFF 		bl	CyDmaTdSetAddress
 161:.\main.c      **** CyDmaChSetInitialTd(DMA_1_Chan, DMA_1_TD[0]);
 439              		.loc 1 161 0
 440 0152 424B     		ldr	r3, .L13+24
 441 0154 1A78     		ldrb	r2, [r3]	@ zero_extendqisi2
 442 0156 424B     		ldr	r3, .L13+28
 443 0158 1B78     		ldrb	r3, [r3]	@ zero_extendqisi2
 444 015a 1046     		mov	r0, r2
 445 015c 1946     		mov	r1, r3
 446 015e FFF7FEFF 		bl	CyDmaChSetInitialTd
 162:.\main.c      **** CyDmaChEnable(DMA_1_Chan, 1);
 447              		.loc 1 162 0
 448 0162 3E4B     		ldr	r3, .L13+24
 449 0164 1B78     		ldrb	r3, [r3]	@ zero_extendqisi2
 450 0166 1846     		mov	r0, r3
 451 0168 0121     		movs	r1, #1
 452 016a FFF7FEFF 		bl	CyDmaChEnable
 163:.\main.c      **** 
 164:.\main.c      **** DMA_3_Chan = DMA_3_DmaInitialize(DMA_3_BYTES_PER_BURST, DMA_3_REQUEST_PER_BURST, 
 453              		.loc 1 164 0
 454 016e 0420     		movs	r0, #4
 455 0170 0121     		movs	r1, #1
 456 0172 4FF48042 		mov	r2, #16384
 457 0176 41F6FF73 		movw	r3, #8191
 458 017a FFF7FEFF 		bl	DMA_3_DmaInitialize
 459 017e 0346     		mov	r3, r0
 460 0180 1A46     		mov	r2, r3
 461 0182 384B     		ldr	r3, .L13+32
 462 0184 1A70     		strb	r2, [r3]
 165:.\main.c      ****     HI16(DMA_3_SRC_BASE), HI16(DMA_3_DST_BASE));
ARM GAS  C:\Users\SCOTTC~1\AppData\Local\Temp\ccomRHBi.s 			page 12


 166:.\main.c      **** DMA_3_TD[0] = CyDmaTdAllocate();
 463              		.loc 1 166 0
 464 0186 FFF7FEFF 		bl	CyDmaTdAllocate
 465 018a 0346     		mov	r3, r0
 466 018c 1A46     		mov	r2, r3
 467 018e 364B     		ldr	r3, .L13+36
 468 0190 1A70     		strb	r2, [r3]
 167:.\main.c      **** CyDmaTdSetConfiguration(DMA_3_TD[0], buffersize, DMA_3_TD[0], DMA_3__TD_TERMOUT_EN | TD_INC_DST_ADR
 469              		.loc 1 167 0
 470 0192 354B     		ldr	r3, .L13+36
 471 0194 1A78     		ldrb	r2, [r3]	@ zero_extendqisi2
 472 0196 344B     		ldr	r3, .L13+36
 473 0198 1B78     		ldrb	r3, [r3]	@ zero_extendqisi2
 474 019a 1046     		mov	r0, r2
 475 019c 4FF48061 		mov	r1, #1024
 476 01a0 1A46     		mov	r2, r3
 477 01a2 0623     		movs	r3, #6
 478 01a4 FFF7FEFF 		bl	CyDmaTdSetConfiguration
 168:.\main.c      **** CyDmaTdSetAddress(DMA_3_TD[0], LO16((uint32)ADC_DelSig_1_DEC_SAMP_PTR), LO16((uint32)LPF_samples));
 479              		.loc 1 168 0
 480 01a8 2F4B     		ldr	r3, .L13+36
 481 01aa 1A78     		ldrb	r2, [r3]	@ zero_extendqisi2
 482 01ac 2F4B     		ldr	r3, .L13+40
 483 01ae 9BB2     		uxth	r3, r3
 484 01b0 1046     		mov	r0, r2
 485 01b2 44F61061 		movw	r1, #19984
 486 01b6 1A46     		mov	r2, r3
 487 01b8 FFF7FEFF 		bl	CyDmaTdSetAddress
 169:.\main.c      **** CyDmaChSetInitialTd(DMA_3_Chan, DMA_3_TD[0]);
 488              		.loc 1 169 0
 489 01bc 294B     		ldr	r3, .L13+32
 490 01be 1A78     		ldrb	r2, [r3]	@ zero_extendqisi2
 491 01c0 294B     		ldr	r3, .L13+36
 492 01c2 1B78     		ldrb	r3, [r3]	@ zero_extendqisi2
 493 01c4 1046     		mov	r0, r2
 494 01c6 1946     		mov	r1, r3
 495 01c8 FFF7FEFF 		bl	CyDmaChSetInitialTd
 170:.\main.c      **** CyDmaChEnable(DMA_3_Chan, 1);
 496              		.loc 1 170 0
 497 01cc 254B     		ldr	r3, .L13+32
 498 01ce 1B78     		ldrb	r3, [r3]	@ zero_extendqisi2
 499 01d0 1846     		mov	r0, r3
 500 01d2 0121     		movs	r1, #1
 501 01d4 FFF7FEFF 		bl	CyDmaChEnable
 171:.\main.c      **** 
 172:.\main.c      **** DMA_4_Chan = DMA_4_DmaInitialize(DMA_4_BYTES_PER_BURST, DMA_4_REQUEST_PER_BURST, 
 502              		.loc 1 172 0
 503 01d8 0420     		movs	r0, #4
 504 01da 0021     		movs	r1, #0
 505 01dc 41F6FF72 		movw	r2, #8191
 506 01e0 41F6FF73 		movw	r3, #8191
 507 01e4 FFF7FEFF 		bl	DMA_4_DmaInitialize
 508 01e8 0346     		mov	r3, r0
 509 01ea 1A46     		mov	r2, r3
 510 01ec 204B     		ldr	r3, .L13+44
 511 01ee 1A70     		strb	r2, [r3]
 173:.\main.c      ****     HI16(DMA_4_SRC_BASE), HI16(DMA_4_DST_BASE));
ARM GAS  C:\Users\SCOTTC~1\AppData\Local\Temp\ccomRHBi.s 			page 13


 174:.\main.c      **** DMA_4_TD[0] = CyDmaTdAllocate();
 512              		.loc 1 174 0
 513 01f0 FFF7FEFF 		bl	CyDmaTdAllocate
 514 01f4 0346     		mov	r3, r0
 515 01f6 1A46     		mov	r2, r3
 516 01f8 1E4B     		ldr	r3, .L13+48
 517 01fa 1A70     		strb	r2, [r3]
 175:.\main.c      **** CyDmaTdSetConfiguration(DMA_4_TD[0], buffersize, CY_DMA_DISABLE_TD /*DMA_4_TD[0]*/, DMA_4__TD_TERMO
 518              		.loc 1 175 0
 519 01fc 1D4B     		ldr	r3, .L13+48
 520 01fe 1B78     		ldrb	r3, [r3]	@ zero_extendqisi2
 521 0200 1846     		mov	r0, r3
 522 0202 4FF48061 		mov	r1, #1024
 523 0206 FE22     		movs	r2, #254
 524 0208 0723     		movs	r3, #7
 525 020a FFF7FEFF 		bl	CyDmaTdSetConfiguration
 176:.\main.c      **** CyDmaTdSetAddress(DMA_4_TD[0], LO16((uint32)LPF_samples), LO16((uint32)LPF_buffer));
 526              		.loc 1 176 0
 527 020e 194B     		ldr	r3, .L13+48
 528 0210 1978     		ldrb	r1, [r3]	@ zero_extendqisi2
 529 0212 164B     		ldr	r3, .L13+40
 530 0214 9AB2     		uxth	r2, r3
 531 0216 184B     		ldr	r3, .L13+52
 532 0218 9BB2     		uxth	r3, r3
 533 021a 0846     		mov	r0, r1
 534 021c 1146     		mov	r1, r2
 535 021e 1A46     		mov	r2, r3
 536 0220 FFF7FEFF 		bl	CyDmaTdSetAddress
 177:.\main.c      **** CyDmaChSetInitialTd(DMA_4_Chan, DMA_4_TD[0]);
 537              		.loc 1 177 0
 538 0224 124B     		ldr	r3, .L13+44
 539 0226 1A78     		ldrb	r2, [r3]	@ zero_extendqisi2
 540 0228 124B     		ldr	r3, .L13+48
 541 022a 1B78     		ldrb	r3, [r3]	@ zero_extendqisi2
 542 022c 1046     		mov	r0, r2
 543 022e 1946     		mov	r1, r3
 544 0230 FFF7FEFF 		bl	CyDmaChSetInitialTd
 178:.\main.c      **** CyDmaChEnable(DMA_4_Chan, 1);
 545              		.loc 1 178 0
 546 0234 0E4B     		ldr	r3, .L13+44
 547 0236 1B78     		ldrb	r3, [r3]	@ zero_extendqisi2
 548 0238 1846     		mov	r0, r3
 549 023a 0121     		movs	r1, #1
 550 023c FFF7FEFF 		bl	CyDmaChEnable
 179:.\main.c      **** 
 180:.\main.c      **** }...
 551              		.loc 1 180 0
 552 0240 80BD     		pop	{r7, pc}
 553              	.L14:
 554 0242 00BF     		.align	2
 555              	.L13:
 556 0244 00000000 		.word	ADC2Filter_DMA_Chan
 557 0248 00000000 		.word	ADC2Filter_DMA_TD
 558 024c 00000000 		.word	DMA_2_Chan
 559 0250 00000000 		.word	DMA_2_TD
 560 0254 00000000 		.word	ADC_samples
 561 0258 00000000 		.word	Buffer_samples
ARM GAS  C:\Users\SCOTTC~1\AppData\Local\Temp\ccomRHBi.s 			page 14


 562 025c 00000000 		.word	DMA_1_Chan
 563 0260 00000000 		.word	DMA_1_TD
 564 0264 00000000 		.word	DMA_3_Chan
 565 0268 00000000 		.word	DMA_3_TD
 566 026c 00000000 		.word	LPF_samples
 567 0270 00000000 		.word	DMA_4_Chan
 568 0274 00000000 		.word	DMA_4_TD
 569 0278 00000000 		.word	LPF_buffer
 570              		.cfi_endproc
 571              	.LFE121:
 572              		.size	Configure_DMA, .-Configure_DMA
 573              		.text
 574              	.Letext0:
 575              		.file 2 "c:\\program files\\cypress\\psoc creator\\3.2\\psoc creator\\import\\gnu\\arm\\4.8.4\\arm
 576              		.file 3 "c:\\program files\\cypress\\psoc creator\\3.2\\psoc creator\\import\\gnu\\arm\\4.8.4\\arm
 577              		.file 4 "Generated_Source\\PSoC5/cytypes.h"
 578              		.file 5 "Z:\\scottcarlson On My Mac\\Code\\repos\\LED_controller\\CMSISfile\\CMSIS\\Include/arm_ma
 579              		.file 6 "Z:\\scottcarlson On My Mac\\Code\\repos\\LED_controller\\CMSISfile\\CMSIS\\Include/core_c
 580              		.file 7 "Z:\\scottcarlson On My Mac\\Code\\repos\\LED_controller\\CMSISfile\\CMSIS\\Include/arm_co
 581              		.section	.debug_info,"",%progbits
 582              	.Ldebug_info0:
 583 0000 59030000 		.4byte	0x359
 584 0004 0400     		.2byte	0x4
 585 0006 00000000 		.4byte	.Ldebug_abbrev0
 586 000a 04       		.byte	0x4
 587 000b 01       		.uleb128 0x1
 588 000c D5010000 		.4byte	.LASF55
 589 0010 01       		.byte	0x1
 590 0011 91000000 		.4byte	.LASF56
 591 0015 8A020000 		.4byte	.LASF57
 592 0019 00000000 		.4byte	.Ldebug_ranges0+0
 593 001d 00000000 		.4byte	0
 594 0021 00000000 		.4byte	.Ldebug_line0
 595 0025 02       		.uleb128 0x2
 596 0026 01       		.byte	0x1
 597 0027 06       		.byte	0x6
 598 0028 3C030000 		.4byte	.LASF0
 599 002c 02       		.uleb128 0x2
 600 002d 01       		.byte	0x1
 601 002e 08       		.byte	0x8
 602 002f B7000000 		.4byte	.LASF1
 603 0033 03       		.uleb128 0x3
 604 0034 2C000000 		.4byte	.LASF3
 605 0038 02       		.byte	0x2
 606 0039 25       		.byte	0x25
 607 003a 3E000000 		.4byte	0x3e
 608 003e 02       		.uleb128 0x2
 609 003f 02       		.byte	0x2
 610 0040 05       		.byte	0x5
 611 0041 0B030000 		.4byte	.LASF2
 612 0045 03       		.uleb128 0x3
 613 0046 40010000 		.4byte	.LASF4
 614 004a 02       		.byte	0x2
 615 004b 26       		.byte	0x26
 616 004c 50000000 		.4byte	0x50
 617 0050 02       		.uleb128 0x2
 618 0051 02       		.byte	0x2
ARM GAS  C:\Users\SCOTTC~1\AppData\Local\Temp\ccomRHBi.s 			page 15


 619 0052 07       		.byte	0x7
 620 0053 64000000 		.4byte	.LASF5
 621 0057 03       		.uleb128 0x3
 622 0058 5A000000 		.4byte	.LASF6
 623 005c 02       		.byte	0x2
 624 005d 37       		.byte	0x37
 625 005e 62000000 		.4byte	0x62
 626 0062 02       		.uleb128 0x2
 627 0063 04       		.byte	0x4
 628 0064 05       		.byte	0x5
 629 0065 27030000 		.4byte	.LASF7
 630 0069 02       		.uleb128 0x2
 631 006a 04       		.byte	0x4
 632 006b 07       		.byte	0x7
 633 006c F0000000 		.4byte	.LASF8
 634 0070 02       		.uleb128 0x2
 635 0071 08       		.byte	0x8
 636 0072 05       		.byte	0x5
 637 0073 6E020000 		.4byte	.LASF9
 638 0077 02       		.uleb128 0x2
 639 0078 08       		.byte	0x8
 640 0079 07       		.byte	0x7
 641 007a 97010000 		.4byte	.LASF10
 642 007e 04       		.uleb128 0x4
 643 007f 04       		.byte	0x4
 644 0080 05       		.byte	0x5
 645 0081 696E7400 		.ascii	"int\000"
 646 0085 02       		.uleb128 0x2
 647 0086 04       		.byte	0x4
 648 0087 07       		.byte	0x7
 649 0088 8A010000 		.4byte	.LASF11
 650 008c 03       		.uleb128 0x3
 651 008d CD010000 		.4byte	.LASF12
 652 0091 03       		.byte	0x3
 653 0092 35       		.byte	0x35
 654 0093 33000000 		.4byte	0x33
 655 0097 03       		.uleb128 0x3
 656 0098 1E030000 		.4byte	.LASF13
 657 009c 03       		.byte	0x3
 658 009d 36       		.byte	0x36
 659 009e 45000000 		.4byte	0x45
 660 00a2 03       		.uleb128 0x3
 661 00a3 5D020000 		.4byte	.LASF14
 662 00a7 03       		.byte	0x3
 663 00a8 41       		.byte	0x41
 664 00a9 57000000 		.4byte	0x57
 665 00ad 03       		.uleb128 0x3
 666 00ae 7E000000 		.4byte	.LASF15
 667 00b2 04       		.byte	0x4
 668 00b3 A1       		.byte	0xa1
 669 00b4 2C000000 		.4byte	0x2c
 670 00b8 03       		.uleb128 0x3
 671 00b9 70010000 		.4byte	.LASF16
 672 00bd 04       		.byte	0x4
 673 00be A2       		.byte	0xa2
 674 00bf 50000000 		.4byte	0x50
 675 00c3 03       		.uleb128 0x3
ARM GAS  C:\Users\SCOTTC~1\AppData\Local\Temp\ccomRHBi.s 			page 16


 676 00c4 83010000 		.4byte	.LASF17
 677 00c8 04       		.byte	0x4
 678 00c9 A3       		.byte	0xa3
 679 00ca 69000000 		.4byte	0x69
 680 00ce 03       		.uleb128 0x3
 681 00cf 02010000 		.4byte	.LASF18
 682 00d3 04       		.byte	0x4
 683 00d4 A6       		.byte	0xa6
 684 00d5 62000000 		.4byte	0x62
 685 00d9 02       		.uleb128 0x2
 686 00da 04       		.byte	0x4
 687 00db 04       		.byte	0x4
 688 00dc A0000000 		.4byte	.LASF19
 689 00e0 02       		.uleb128 0x2
 690 00e1 08       		.byte	0x8
 691 00e2 04       		.byte	0x4
 692 00e3 77000000 		.4byte	.LASF20
 693 00e7 02       		.uleb128 0x2
 694 00e8 01       		.byte	0x1
 695 00e9 08       		.byte	0x8
 696 00ea 85020000 		.4byte	.LASF21
 697 00ee 05       		.uleb128 0x5
 698 00ef D7000000 		.4byte	.LASF22
 699 00f3 04       		.byte	0x4
 700 00f4 4B01     		.2byte	0x14b
 701 00f6 FA000000 		.4byte	0xfa
 702 00fa 06       		.uleb128 0x6
 703 00fb AD000000 		.4byte	0xad
 704 00ff 02       		.uleb128 0x2
 705 0100 04       		.byte	0x4
 706 0101 07       		.byte	0x7
 707 0102 65020000 		.4byte	.LASF23
 708 0106 02       		.uleb128 0x2
 709 0107 08       		.byte	0x8
 710 0108 04       		.byte	0x4
 711 0109 30030000 		.4byte	.LASF24
 712 010d 05       		.uleb128 0x5
 713 010e 9A000000 		.4byte	.LASF25
 714 0112 05       		.byte	0x5
 715 0113 8101     		.2byte	0x181
 716 0115 8C000000 		.4byte	0x8c
 717 0119 05       		.uleb128 0x5
 718 011a B1000000 		.4byte	.LASF26
 719 011e 05       		.byte	0x5
 720 011f 8601     		.2byte	0x186
 721 0121 A2000000 		.4byte	0xa2
 722 0125 07       		.uleb128 0x7
 723 0126 10       		.byte	0x10
 724 0127 05       		.byte	0x5
 725 0128 AD08     		.2byte	0x8ad
 726 012a 63010000 		.4byte	0x163
 727 012e 08       		.uleb128 0x8
 728 012f 08010000 		.4byte	.LASF27
 729 0133 05       		.byte	0x5
 730 0134 AF08     		.2byte	0x8af
 731 0136 97000000 		.4byte	0x97
 732 013a 00       		.byte	0
ARM GAS  C:\Users\SCOTTC~1\AppData\Local\Temp\ccomRHBi.s 			page 17


 733 013b 08       		.uleb128 0x8
 734 013c 36000000 		.4byte	.LASF28
 735 0140 05       		.byte	0x5
 736 0141 B008     		.2byte	0x8b0
 737 0143 63010000 		.4byte	0x163
 738 0147 04       		.byte	0x4
 739 0148 08       		.uleb128 0x8
 740 0149 84000000 		.4byte	.LASF29
 741 014d 05       		.byte	0x5
 742 014e B108     		.2byte	0x8b1
 743 0150 6E010000 		.4byte	0x16e
 744 0154 08       		.byte	0x8
 745 0155 08       		.uleb128 0x8
 746 0156 3F000000 		.4byte	.LASF30
 747 015a 05       		.byte	0x5
 748 015b B208     		.2byte	0x8b2
 749 015d 97000000 		.4byte	0x97
 750 0161 0C       		.byte	0xc
 751 0162 00       		.byte	0
 752 0163 09       		.uleb128 0x9
 753 0164 04       		.byte	0x4
 754 0165 69010000 		.4byte	0x169
 755 0169 0A       		.uleb128 0xa
 756 016a 0D010000 		.4byte	0x10d
 757 016e 09       		.uleb128 0x9
 758 016f 04       		.byte	0x4
 759 0170 74010000 		.4byte	0x174
 760 0174 0A       		.uleb128 0xa
 761 0175 97000000 		.4byte	0x97
 762 0179 05       		.uleb128 0x5
 763 017a 4B010000 		.4byte	.LASF31
 764 017e 05       		.byte	0x5
 765 017f B308     		.2byte	0x8b3
 766 0181 25010000 		.4byte	0x125
 767 0185 0A       		.uleb128 0xa
 768 0186 79010000 		.4byte	0x179
 769 018a 0B       		.uleb128 0xb
 770 018b E7020000 		.4byte	.LASF32
 771 018f 01       		.byte	0x1
 772 0190 4C       		.byte	0x4c
 773 0191 00000000 		.4byte	.LFB118
 774 0195 20000000 		.4byte	.LFE118-.LFB118
 775 0199 01       		.uleb128 0x1
 776 019a 9C       		.byte	0x9c
 777 019b 0B       		.uleb128 0xb
 778 019c F7020000 		.4byte	.LASF33
 779 01a0 01       		.byte	0x1
 780 01a1 52       		.byte	0x52
 781 01a2 00000000 		.4byte	.LFB119
 782 01a6 20000000 		.4byte	.LFE119-.LFB119
 783 01aa 01       		.uleb128 0x1
 784 01ab 9C       		.byte	0x9c
 785 01ac 0B       		.uleb128 0xb
 786 01ad 6B010000 		.4byte	.LASF34
 787 01b1 01       		.byte	0x1
 788 01b2 58       		.byte	0x58
 789 01b3 00000000 		.4byte	.LFB120
ARM GAS  C:\Users\SCOTTC~1\AppData\Local\Temp\ccomRHBi.s 			page 18


 790 01b7 00010000 		.4byte	.LFE120-.LFB120
 791 01bb 01       		.uleb128 0x1
 792 01bc 9C       		.byte	0x9c
 793 01bd 0C       		.uleb128 0xc
 794 01be 4C000000 		.4byte	.LASF58
 795 01c2 01       		.byte	0x1
 796 01c3 84       		.byte	0x84
 797 01c4 00000000 		.4byte	.LFB121
 798 01c8 7C020000 		.4byte	.LFE121-.LFB121
 799 01cc 01       		.uleb128 0x1
 800 01cd 9C       		.byte	0x9c
 801 01ce 0D       		.uleb128 0xd
 802 01cf 17000000 		.4byte	.LASF35
 803 01d3 01       		.byte	0x1
 804 01d4 41       		.byte	0x41
 805 01d5 C3000000 		.4byte	0xc3
 806 01d9 05       		.uleb128 0x5
 807 01da 03       		.byte	0x3
 808 01db 00000000 		.4byte	fftlength
 809 01df 0D       		.uleb128 0xd
 810 01e0 77010000 		.4byte	.LASF36
 811 01e4 01       		.byte	0x1
 812 01e5 43       		.byte	0x43
 813 01e6 FA000000 		.4byte	0xfa
 814 01ea 05       		.uleb128 0x5
 815 01eb 03       		.byte	0x3
 816 01ec 00000000 		.4byte	isr_BC_flag
 817 01f0 0D       		.uleb128 0xd
 818 01f1 48030000 		.4byte	.LASF37
 819 01f5 01       		.byte	0x1
 820 01f6 44       		.byte	0x44
 821 01f7 FA000000 		.4byte	0xfa
 822 01fb 05       		.uleb128 0x5
 823 01fc 03       		.byte	0x3
 824 01fd 01000000 		.4byte	isr_LPF_buffer_complete_flag
 825 0201 0E       		.uleb128 0xe
 826 0202 27010000 		.4byte	.LASF38
 827 0206 06       		.byte	0x6
 828 0207 5506     		.2byte	0x655
 829 0209 0D020000 		.4byte	0x20d
 830 020d 06       		.uleb128 0x6
 831 020e A2000000 		.4byte	0xa2
 832 0212 0F       		.uleb128 0xf
 833 0213 00000000 		.4byte	.LASF39
 834 0217 07       		.byte	0x7
 835 0218 49       		.byte	0x49
 836 0219 85010000 		.4byte	0x185
 837 021d 10       		.uleb128 0x10
 838 021e 21000000 		.4byte	.LASF40
 839 0222 01       		.byte	0x1
 840 0223 0E       		.byte	0xe
 841 0224 AD000000 		.4byte	0xad
 842 0228 05       		.uleb128 0x5
 843 0229 03       		.byte	0x3
 844 022a 00000000 		.4byte	DMA_1_Chan
 845 022e 11       		.uleb128 0x11
 846 022f AD000000 		.4byte	0xad
ARM GAS  C:\Users\SCOTTC~1\AppData\Local\Temp\ccomRHBi.s 			page 19


 847 0233 3E020000 		.4byte	0x23e
 848 0237 12       		.uleb128 0x12
 849 0238 FF000000 		.4byte	0xff
 850 023c 00       		.byte	0
 851 023d 00       		.byte	0
 852 023e 10       		.uleb128 0x10
 853 023f 0F010000 		.4byte	.LASF41
 854 0243 01       		.byte	0x1
 855 0244 0F       		.byte	0xf
 856 0245 2E020000 		.4byte	0x22e
 857 0249 05       		.uleb128 0x5
 858 024a 03       		.byte	0x3
 859 024b 00000000 		.4byte	DMA_1_TD
 860 024f 10       		.uleb128 0x10
 861 0250 A6000000 		.4byte	.LASF42
 862 0254 01       		.byte	0x1
 863 0255 11       		.byte	0x11
 864 0256 AD000000 		.4byte	0xad
 865 025a 05       		.uleb128 0x5
 866 025b 03       		.byte	0x3
 867 025c 00000000 		.4byte	DMA_2_Chan
 868 0260 10       		.uleb128 0x10
 869 0261 AE010000 		.4byte	.LASF43
 870 0265 01       		.byte	0x1
 871 0266 12       		.byte	0x12
 872 0267 2E020000 		.4byte	0x22e
 873 026b 05       		.uleb128 0x5
 874 026c 03       		.byte	0x3
 875 026d 00000000 		.4byte	DMA_2_TD
 876 0271 10       		.uleb128 0x10
 877 0272 DC000000 		.4byte	.LASF44
 878 0276 01       		.byte	0x1
 879 0277 14       		.byte	0x14
 880 0278 AD000000 		.4byte	0xad
 881 027c 05       		.uleb128 0x5
 882 027d 03       		.byte	0x3
 883 027e 00000000 		.4byte	ADC2Filter_DMA_Chan
 884 0282 11       		.uleb128 0x11
 885 0283 AD000000 		.4byte	0xad
 886 0287 92020000 		.4byte	0x292
 887 028b 12       		.uleb128 0x12
 888 028c FF000000 		.4byte	0xff
 889 0290 01       		.byte	0x1
 890 0291 00       		.byte	0
 891 0292 10       		.uleb128 0x10
 892 0293 C5000000 		.4byte	.LASF45
 893 0297 01       		.byte	0x1
 894 0298 15       		.byte	0x15
 895 0299 82020000 		.4byte	0x282
 896 029d 05       		.uleb128 0x5
 897 029e 03       		.byte	0x3
 898 029f 00000000 		.4byte	ADC2Filter_DMA_TD
 899 02a3 10       		.uleb128 0x10
 900 02a4 C2010000 		.4byte	.LASF46
 901 02a8 01       		.byte	0x1
 902 02a9 17       		.byte	0x17
 903 02aa AD000000 		.4byte	0xad
ARM GAS  C:\Users\SCOTTC~1\AppData\Local\Temp\ccomRHBi.s 			page 20


 904 02ae 05       		.uleb128 0x5
 905 02af 03       		.byte	0x3
 906 02b0 00000000 		.4byte	DMA_3_Chan
 907 02b4 10       		.uleb128 0x10
 908 02b5 15030000 		.4byte	.LASF47
 909 02b9 01       		.byte	0x1
 910 02ba 18       		.byte	0x18
 911 02bb 2E020000 		.4byte	0x22e
 912 02bf 05       		.uleb128 0x5
 913 02c0 03       		.byte	0x3
 914 02c1 00000000 		.4byte	DMA_3_TD
 915 02c5 10       		.uleb128 0x10
 916 02c6 65030000 		.4byte	.LASF48
 917 02ca 01       		.byte	0x1
 918 02cb 1A       		.byte	0x1a
 919 02cc AD000000 		.4byte	0xad
 920 02d0 05       		.uleb128 0x5
 921 02d1 03       		.byte	0x3
 922 02d2 00000000 		.4byte	DMA_4_Chan
 923 02d6 10       		.uleb128 0x10
 924 02d7 7C020000 		.4byte	.LASF49
 925 02db 01       		.byte	0x1
 926 02dc 1B       		.byte	0x1b
 927 02dd 2E020000 		.4byte	0x22e
 928 02e1 05       		.uleb128 0x5
 929 02e2 03       		.byte	0x3
 930 02e3 00000000 		.4byte	DMA_4_TD
 931 02e7 11       		.uleb128 0x11
 932 02e8 CE000000 		.4byte	0xce
 933 02ec F7020000 		.4byte	0x2f7
 934 02f0 12       		.uleb128 0x12
 935 02f1 FF000000 		.4byte	0xff
 936 02f5 FF       		.byte	0xff
 937 02f6 00       		.byte	0
 938 02f7 10       		.uleb128 0x10
 939 02f8 51020000 		.4byte	.LASF50
 940 02fc 01       		.byte	0x1
 941 02fd 3C       		.byte	0x3c
 942 02fe E7020000 		.4byte	0x2e7
 943 0302 05       		.uleb128 0x5
 944 0303 03       		.byte	0x3
 945 0304 00000000 		.4byte	LPF_samples
 946 0308 10       		.uleb128 0x10
 947 0309 B7010000 		.4byte	.LASF51
 948 030d 01       		.byte	0x1
 949 030e 3D       		.byte	0x3d
 950 030f E7020000 		.4byte	0x2e7
 951 0313 05       		.uleb128 0x5
 952 0314 03       		.byte	0x3
 953 0315 00000000 		.4byte	LPF_buffer
 954 0319 10       		.uleb128 0x10
 955 031a 18010000 		.4byte	.LASF52
 956 031e 01       		.byte	0x1
 957 031f 3E       		.byte	0x3e
 958 0320 E7020000 		.4byte	0x2e7
 959 0324 05       		.uleb128 0x5
 960 0325 03       		.byte	0x3
ARM GAS  C:\Users\SCOTTC~1\AppData\Local\Temp\ccomRHBi.s 			page 21


 961 0326 00000000 		.4byte	Buffer_samples
 962 032a 10       		.uleb128 0x10
 963 032b 34010000 		.4byte	.LASF53
 964 032f 01       		.byte	0x1
 965 0330 3F       		.byte	0x3f
 966 0331 E7020000 		.4byte	0x2e7
 967 0335 05       		.uleb128 0x5
 968 0336 03       		.byte	0x3
 969 0337 00000000 		.4byte	ADC_samples
 970 033b 11       		.uleb128 0x11
 971 033c 19010000 		.4byte	0x119
 972 0340 4B030000 		.4byte	0x34b
 973 0344 12       		.uleb128 0x12
 974 0345 FF000000 		.4byte	0xff
 975 0349 7F       		.byte	0x7f
 976 034a 00       		.byte	0
 977 034b 10       		.uleb128 0x10
 978 034c 61010000 		.4byte	.LASF54
 979 0350 01       		.byte	0x1
 980 0351 40       		.byte	0x40
 981 0352 3B030000 		.4byte	0x33b
 982 0356 05       		.uleb128 0x5
 983 0357 03       		.byte	0x3
 984 0358 00000000 		.4byte	magoutput
 985 035c 00       		.byte	0
 986              		.section	.debug_abbrev,"",%progbits
 987              	.Ldebug_abbrev0:
 988 0000 01       		.uleb128 0x1
 989 0001 11       		.uleb128 0x11
 990 0002 01       		.byte	0x1
 991 0003 25       		.uleb128 0x25
 992 0004 0E       		.uleb128 0xe
 993 0005 13       		.uleb128 0x13
 994 0006 0B       		.uleb128 0xb
 995 0007 03       		.uleb128 0x3
 996 0008 0E       		.uleb128 0xe
 997 0009 1B       		.uleb128 0x1b
 998 000a 0E       		.uleb128 0xe
 999 000b 55       		.uleb128 0x55
 1000 000c 17       		.uleb128 0x17
 1001 000d 11       		.uleb128 0x11
 1002 000e 01       		.uleb128 0x1
 1003 000f 10       		.uleb128 0x10
 1004 0010 17       		.uleb128 0x17
 1005 0011 00       		.byte	0
 1006 0012 00       		.byte	0
 1007 0013 02       		.uleb128 0x2
 1008 0014 24       		.uleb128 0x24
 1009 0015 00       		.byte	0
 1010 0016 0B       		.uleb128 0xb
 1011 0017 0B       		.uleb128 0xb
 1012 0018 3E       		.uleb128 0x3e
 1013 0019 0B       		.uleb128 0xb
 1014 001a 03       		.uleb128 0x3
 1015 001b 0E       		.uleb128 0xe
 1016 001c 00       		.byte	0
 1017 001d 00       		.byte	0
ARM GAS  C:\Users\SCOTTC~1\AppData\Local\Temp\ccomRHBi.s 			page 22


 1018 001e 03       		.uleb128 0x3
 1019 001f 16       		.uleb128 0x16
 1020 0020 00       		.byte	0
 1021 0021 03       		.uleb128 0x3
 1022 0022 0E       		.uleb128 0xe
 1023 0023 3A       		.uleb128 0x3a
 1024 0024 0B       		.uleb128 0xb
 1025 0025 3B       		.uleb128 0x3b
 1026 0026 0B       		.uleb128 0xb
 1027 0027 49       		.uleb128 0x49
 1028 0028 13       		.uleb128 0x13
 1029 0029 00       		.byte	0
 1030 002a 00       		.byte	0
 1031 002b 04       		.uleb128 0x4
 1032 002c 24       		.uleb128 0x24
 1033 002d 00       		.byte	0
 1034 002e 0B       		.uleb128 0xb
 1035 002f 0B       		.uleb128 0xb
 1036 0030 3E       		.uleb128 0x3e
 1037 0031 0B       		.uleb128 0xb
 1038 0032 03       		.uleb128 0x3
 1039 0033 08       		.uleb128 0x8
 1040 0034 00       		.byte	0
 1041 0035 00       		.byte	0
 1042 0036 05       		.uleb128 0x5
 1043 0037 16       		.uleb128 0x16
 1044 0038 00       		.byte	0
 1045 0039 03       		.uleb128 0x3
 1046 003a 0E       		.uleb128 0xe
 1047 003b 3A       		.uleb128 0x3a
 1048 003c 0B       		.uleb128 0xb
 1049 003d 3B       		.uleb128 0x3b
 1050 003e 05       		.uleb128 0x5
 1051 003f 49       		.uleb128 0x49
 1052 0040 13       		.uleb128 0x13
 1053 0041 00       		.byte	0
 1054 0042 00       		.byte	0
 1055 0043 06       		.uleb128 0x6
 1056 0044 35       		.uleb128 0x35
 1057 0045 00       		.byte	0
 1058 0046 49       		.uleb128 0x49
 1059 0047 13       		.uleb128 0x13
 1060 0048 00       		.byte	0
 1061 0049 00       		.byte	0
 1062 004a 07       		.uleb128 0x7
 1063 004b 13       		.uleb128 0x13
 1064 004c 01       		.byte	0x1
 1065 004d 0B       		.uleb128 0xb
 1066 004e 0B       		.uleb128 0xb
 1067 004f 3A       		.uleb128 0x3a
 1068 0050 0B       		.uleb128 0xb
 1069 0051 3B       		.uleb128 0x3b
 1070 0052 05       		.uleb128 0x5
 1071 0053 01       		.uleb128 0x1
 1072 0054 13       		.uleb128 0x13
 1073 0055 00       		.byte	0
 1074 0056 00       		.byte	0
ARM GAS  C:\Users\SCOTTC~1\AppData\Local\Temp\ccomRHBi.s 			page 23


 1075 0057 08       		.uleb128 0x8
 1076 0058 0D       		.uleb128 0xd
 1077 0059 00       		.byte	0
 1078 005a 03       		.uleb128 0x3
 1079 005b 0E       		.uleb128 0xe
 1080 005c 3A       		.uleb128 0x3a
 1081 005d 0B       		.uleb128 0xb
 1082 005e 3B       		.uleb128 0x3b
 1083 005f 05       		.uleb128 0x5
 1084 0060 49       		.uleb128 0x49
 1085 0061 13       		.uleb128 0x13
 1086 0062 38       		.uleb128 0x38
 1087 0063 0B       		.uleb128 0xb
 1088 0064 00       		.byte	0
 1089 0065 00       		.byte	0
 1090 0066 09       		.uleb128 0x9
 1091 0067 0F       		.uleb128 0xf
 1092 0068 00       		.byte	0
 1093 0069 0B       		.uleb128 0xb
 1094 006a 0B       		.uleb128 0xb
 1095 006b 49       		.uleb128 0x49
 1096 006c 13       		.uleb128 0x13
 1097 006d 00       		.byte	0
 1098 006e 00       		.byte	0
 1099 006f 0A       		.uleb128 0xa
 1100 0070 26       		.uleb128 0x26
 1101 0071 00       		.byte	0
 1102 0072 49       		.uleb128 0x49
 1103 0073 13       		.uleb128 0x13
 1104 0074 00       		.byte	0
 1105 0075 00       		.byte	0
 1106 0076 0B       		.uleb128 0xb
 1107 0077 2E       		.uleb128 0x2e
 1108 0078 00       		.byte	0
 1109 0079 3F       		.uleb128 0x3f
 1110 007a 19       		.uleb128 0x19
 1111 007b 03       		.uleb128 0x3
 1112 007c 0E       		.uleb128 0xe
 1113 007d 3A       		.uleb128 0x3a
 1114 007e 0B       		.uleb128 0xb
 1115 007f 3B       		.uleb128 0x3b
 1116 0080 0B       		.uleb128 0xb
 1117 0081 27       		.uleb128 0x27
 1118 0082 19       		.uleb128 0x19
 1119 0083 11       		.uleb128 0x11
 1120 0084 01       		.uleb128 0x1
 1121 0085 12       		.uleb128 0x12
 1122 0086 06       		.uleb128 0x6
 1123 0087 40       		.uleb128 0x40
 1124 0088 18       		.uleb128 0x18
 1125 0089 9642     		.uleb128 0x2116
 1126 008b 19       		.uleb128 0x19
 1127 008c 00       		.byte	0
 1128 008d 00       		.byte	0
 1129 008e 0C       		.uleb128 0xc
 1130 008f 2E       		.uleb128 0x2e
 1131 0090 00       		.byte	0
ARM GAS  C:\Users\SCOTTC~1\AppData\Local\Temp\ccomRHBi.s 			page 24


 1132 0091 3F       		.uleb128 0x3f
 1133 0092 19       		.uleb128 0x19
 1134 0093 03       		.uleb128 0x3
 1135 0094 0E       		.uleb128 0xe
 1136 0095 3A       		.uleb128 0x3a
 1137 0096 0B       		.uleb128 0xb
 1138 0097 3B       		.uleb128 0x3b
 1139 0098 0B       		.uleb128 0xb
 1140 0099 11       		.uleb128 0x11
 1141 009a 01       		.uleb128 0x1
 1142 009b 12       		.uleb128 0x12
 1143 009c 06       		.uleb128 0x6
 1144 009d 40       		.uleb128 0x40
 1145 009e 18       		.uleb128 0x18
 1146 009f 9642     		.uleb128 0x2116
 1147 00a1 19       		.uleb128 0x19
 1148 00a2 00       		.byte	0
 1149 00a3 00       		.byte	0
 1150 00a4 0D       		.uleb128 0xd
 1151 00a5 34       		.uleb128 0x34
 1152 00a6 00       		.byte	0
 1153 00a7 03       		.uleb128 0x3
 1154 00a8 0E       		.uleb128 0xe
 1155 00a9 3A       		.uleb128 0x3a
 1156 00aa 0B       		.uleb128 0xb
 1157 00ab 3B       		.uleb128 0x3b
 1158 00ac 0B       		.uleb128 0xb
 1159 00ad 49       		.uleb128 0x49
 1160 00ae 13       		.uleb128 0x13
 1161 00af 02       		.uleb128 0x2
 1162 00b0 18       		.uleb128 0x18
 1163 00b1 00       		.byte	0
 1164 00b2 00       		.byte	0
 1165 00b3 0E       		.uleb128 0xe
 1166 00b4 34       		.uleb128 0x34
 1167 00b5 00       		.byte	0
 1168 00b6 03       		.uleb128 0x3
 1169 00b7 0E       		.uleb128 0xe
 1170 00b8 3A       		.uleb128 0x3a
 1171 00b9 0B       		.uleb128 0xb
 1172 00ba 3B       		.uleb128 0x3b
 1173 00bb 05       		.uleb128 0x5
 1174 00bc 49       		.uleb128 0x49
 1175 00bd 13       		.uleb128 0x13
 1176 00be 3F       		.uleb128 0x3f
 1177 00bf 19       		.uleb128 0x19
 1178 00c0 3C       		.uleb128 0x3c
 1179 00c1 19       		.uleb128 0x19
 1180 00c2 00       		.byte	0
 1181 00c3 00       		.byte	0
 1182 00c4 0F       		.uleb128 0xf
 1183 00c5 34       		.uleb128 0x34
 1184 00c6 00       		.byte	0
 1185 00c7 03       		.uleb128 0x3
 1186 00c8 0E       		.uleb128 0xe
 1187 00c9 3A       		.uleb128 0x3a
 1188 00ca 0B       		.uleb128 0xb
ARM GAS  C:\Users\SCOTTC~1\AppData\Local\Temp\ccomRHBi.s 			page 25


 1189 00cb 3B       		.uleb128 0x3b
 1190 00cc 0B       		.uleb128 0xb
 1191 00cd 49       		.uleb128 0x49
 1192 00ce 13       		.uleb128 0x13
 1193 00cf 3F       		.uleb128 0x3f
 1194 00d0 19       		.uleb128 0x19
 1195 00d1 3C       		.uleb128 0x3c
 1196 00d2 19       		.uleb128 0x19
 1197 00d3 00       		.byte	0
 1198 00d4 00       		.byte	0
 1199 00d5 10       		.uleb128 0x10
 1200 00d6 34       		.uleb128 0x34
 1201 00d7 00       		.byte	0
 1202 00d8 03       		.uleb128 0x3
 1203 00d9 0E       		.uleb128 0xe
 1204 00da 3A       		.uleb128 0x3a
 1205 00db 0B       		.uleb128 0xb
 1206 00dc 3B       		.uleb128 0x3b
 1207 00dd 0B       		.uleb128 0xb
 1208 00de 49       		.uleb128 0x49
 1209 00df 13       		.uleb128 0x13
 1210 00e0 3F       		.uleb128 0x3f
 1211 00e1 19       		.uleb128 0x19
 1212 00e2 02       		.uleb128 0x2
 1213 00e3 18       		.uleb128 0x18
 1214 00e4 00       		.byte	0
 1215 00e5 00       		.byte	0
 1216 00e6 11       		.uleb128 0x11
 1217 00e7 01       		.uleb128 0x1
 1218 00e8 01       		.byte	0x1
 1219 00e9 49       		.uleb128 0x49
 1220 00ea 13       		.uleb128 0x13
 1221 00eb 01       		.uleb128 0x1
 1222 00ec 13       		.uleb128 0x13
 1223 00ed 00       		.byte	0
 1224 00ee 00       		.byte	0
 1225 00ef 12       		.uleb128 0x12
 1226 00f0 21       		.uleb128 0x21
 1227 00f1 00       		.byte	0
 1228 00f2 49       		.uleb128 0x49
 1229 00f3 13       		.uleb128 0x13
 1230 00f4 2F       		.uleb128 0x2f
 1231 00f5 0B       		.uleb128 0xb
 1232 00f6 00       		.byte	0
 1233 00f7 00       		.byte	0
 1234 00f8 00       		.byte	0
 1235              		.section	.debug_aranges,"",%progbits
 1236 0000 34000000 		.4byte	0x34
 1237 0004 0200     		.2byte	0x2
 1238 0006 00000000 		.4byte	.Ldebug_info0
 1239 000a 04       		.byte	0x4
 1240 000b 00       		.byte	0
 1241 000c 0000     		.2byte	0
 1242 000e 0000     		.2byte	0
 1243 0010 00000000 		.4byte	.LFB118
 1244 0014 20000000 		.4byte	.LFE118-.LFB118
 1245 0018 00000000 		.4byte	.LFB119
ARM GAS  C:\Users\SCOTTC~1\AppData\Local\Temp\ccomRHBi.s 			page 26


 1246 001c 20000000 		.4byte	.LFE119-.LFB119
 1247 0020 00000000 		.4byte	.LFB120
 1248 0024 00010000 		.4byte	.LFE120-.LFB120
 1249 0028 00000000 		.4byte	.LFB121
 1250 002c 7C020000 		.4byte	.LFE121-.LFB121
 1251 0030 00000000 		.4byte	0
 1252 0034 00000000 		.4byte	0
 1253              		.section	.debug_ranges,"",%progbits
 1254              	.Ldebug_ranges0:
 1255 0000 00000000 		.4byte	.LFB118
 1256 0004 20000000 		.4byte	.LFE118
 1257 0008 00000000 		.4byte	.LFB119
 1258 000c 20000000 		.4byte	.LFE119
 1259 0010 00000000 		.4byte	.LFB120
 1260 0014 00010000 		.4byte	.LFE120
 1261 0018 00000000 		.4byte	.LFB121
 1262 001c 7C020000 		.4byte	.LFE121
 1263 0020 00000000 		.4byte	0
 1264 0024 00000000 		.4byte	0
 1265              		.section	.debug_line,"",%progbits
 1266              	.Ldebug_line0:
 1267 0000 39020000 		.section	.debug_str,"MS",%progbits,1
 1267      0200AE01 
 1267      00000201 
 1267      FB0E0D00 
 1267      01010101 
 1268              	.LASF39:
 1269 0000 61726D5F 		.ascii	"arm_cfft_sR_q15_len256\000"
 1269      63666674 
 1269      5F73525F 
 1269      7131355F 
 1269      6C656E32 
 1270              	.LASF35:
 1271 0017 6666746C 		.ascii	"fftlength\000"
 1271      656E6774 
 1271      6800
 1272              	.LASF40:
 1273 0021 444D415F 		.ascii	"DMA_1_Chan\000"
 1273      315F4368 
 1273      616E00
 1274              	.LASF3:
 1275 002c 5F5F696E 		.ascii	"__int16_t\000"
 1275      7431365F 
 1275      7400
 1276              	.LASF28:
 1277 0036 70547769 		.ascii	"pTwiddle\000"
 1277      64646C65 
 1277      00
 1278              	.LASF30:
 1279 003f 62697452 		.ascii	"bitRevLength\000"
 1279      65764C65 
 1279      6E677468 
 1279      00
 1280              	.LASF58:
 1281 004c 436F6E66 		.ascii	"Configure_DMA\000"
 1281      69677572 
 1281      655F444D 
ARM GAS  C:\Users\SCOTTC~1\AppData\Local\Temp\ccomRHBi.s 			page 27


 1281      4100
 1282              	.LASF6:
 1283 005a 5F5F696E 		.ascii	"__int32_t\000"
 1283      7433325F 
 1283      7400
 1284              	.LASF5:
 1285 0064 73686F72 		.ascii	"short unsigned int\000"
 1285      7420756E 
 1285      7369676E 
 1285      65642069 
 1285      6E7400
 1286              	.LASF20:
 1287 0077 646F7562 		.ascii	"double\000"
 1287      6C6500
 1288              	.LASF15:
 1289 007e 75696E74 		.ascii	"uint8\000"
 1289      3800
 1290              	.LASF29:
 1291 0084 70426974 		.ascii	"pBitRevTable\000"
 1291      52657654 
 1291      61626C65 
 1291      00
 1292              	.LASF56:
 1293 0091 2E5C6D61 		.ascii	".\\main.c\000"
 1293      696E2E63 
 1293      00
 1294              	.LASF25:
 1295 009a 7131355F 		.ascii	"q15_t\000"
 1295      7400
 1296              	.LASF19:
 1297 00a0 666C6F61 		.ascii	"float\000"
 1297      7400
 1298              	.LASF42:
 1299 00a6 444D415F 		.ascii	"DMA_2_Chan\000"
 1299      325F4368 
 1299      616E00
 1300              	.LASF26:
 1301 00b1 7133315F 		.ascii	"q31_t\000"
 1301      7400
 1302              	.LASF1:
 1303 00b7 756E7369 		.ascii	"unsigned char\000"
 1303      676E6564 
 1303      20636861 
 1303      7200
 1304              	.LASF45:
 1305 00c5 41444332 		.ascii	"ADC2Filter_DMA_TD\000"
 1305      46696C74 
 1305      65725F44 
 1305      4D415F54 
 1305      4400
 1306              	.LASF22:
 1307 00d7 72656738 		.ascii	"reg8\000"
 1307      00
 1308              	.LASF44:
 1309 00dc 41444332 		.ascii	"ADC2Filter_DMA_Chan\000"
 1309      46696C74 
 1309      65725F44 
ARM GAS  C:\Users\SCOTTC~1\AppData\Local\Temp\ccomRHBi.s 			page 28


 1309      4D415F43 
 1309      68616E00 
 1310              	.LASF8:
 1311 00f0 6C6F6E67 		.ascii	"long unsigned int\000"
 1311      20756E73 
 1311      69676E65 
 1311      6420696E 
 1311      7400
 1312              	.LASF18:
 1313 0102 696E7433 		.ascii	"int32\000"
 1313      3200
 1314              	.LASF27:
 1315 0108 6666744C 		.ascii	"fftLen\000"
 1315      656E00
 1316              	.LASF41:
 1317 010f 444D415F 		.ascii	"DMA_1_TD\000"
 1317      315F5444 
 1317      00
 1318              	.LASF52:
 1319 0118 42756666 		.ascii	"Buffer_samples\000"
 1319      65725F73 
 1319      616D706C 
 1319      657300
 1320              	.LASF38:
 1321 0127 49544D5F 		.ascii	"ITM_RxBuffer\000"
 1321      52784275 
 1321      66666572 
 1321      00
 1322              	.LASF53:
 1323 0134 4144435F 		.ascii	"ADC_samples\000"
 1323      73616D70 
 1323      6C657300 
 1324              	.LASF4:
 1325 0140 5F5F7569 		.ascii	"__uint16_t\000"
 1325      6E743136 
 1325      5F7400
 1326              	.LASF31:
 1327 014b 61726D5F 		.ascii	"arm_cfft_instance_q15\000"
 1327      63666674 
 1327      5F696E73 
 1327      74616E63 
 1327      655F7131 
 1328              	.LASF54:
 1329 0161 6D61676F 		.ascii	"magoutput\000"
 1329      75747075 
 1329      7400
 1330              	.LASF34:
 1331 016b 6D61696E 		.ascii	"main\000"
 1331      00
 1332              	.LASF16:
 1333 0170 75696E74 		.ascii	"uint16\000"
 1333      313600
 1334              	.LASF36:
 1335 0177 6973725F 		.ascii	"isr_BC_flag\000"
 1335      42435F66 
 1335      6C616700 
 1336              	.LASF17:
ARM GAS  C:\Users\SCOTTC~1\AppData\Local\Temp\ccomRHBi.s 			page 29


 1337 0183 75696E74 		.ascii	"uint32\000"
 1337      333200
 1338              	.LASF11:
 1339 018a 756E7369 		.ascii	"unsigned int\000"
 1339      676E6564 
 1339      20696E74 
 1339      00
 1340              	.LASF10:
 1341 0197 6C6F6E67 		.ascii	"long long unsigned int\000"
 1341      206C6F6E 
 1341      6720756E 
 1341      7369676E 
 1341      65642069 
 1342              	.LASF43:
 1343 01ae 444D415F 		.ascii	"DMA_2_TD\000"
 1343      325F5444 
 1343      00
 1344              	.LASF51:
 1345 01b7 4C50465F 		.ascii	"LPF_buffer\000"
 1345      62756666 
 1345      657200
 1346              	.LASF46:
 1347 01c2 444D415F 		.ascii	"DMA_3_Chan\000"
 1347      335F4368 
 1347      616E00
 1348              	.LASF12:
 1349 01cd 696E7431 		.ascii	"int16_t\000"
 1349      365F7400 
 1350              	.LASF55:
 1351 01d5 474E5520 		.ascii	"GNU C 4.8.4 20140526 (release) [ARM/embedded-4_8-br"
 1351      4320342E 
 1351      382E3420 
 1351      32303134 
 1351      30353236 
 1352 0208 616E6368 		.ascii	"anch revision 211358] -mcpu=cortex-m3 -mthumb -g -O"
 1352      20726576 
 1352      6973696F 
 1352      6E203231 
 1352      31333538 
 1353 023b 30202D66 		.ascii	"0 -ffunction-sections\000"
 1353      66756E63 
 1353      74696F6E 
 1353      2D736563 
 1353      74696F6E 
 1354              	.LASF50:
 1355 0251 4C50465F 		.ascii	"LPF_samples\000"
 1355      73616D70 
 1355      6C657300 
 1356              	.LASF14:
 1357 025d 696E7433 		.ascii	"int32_t\000"
 1357      325F7400 
 1358              	.LASF23:
 1359 0265 73697A65 		.ascii	"sizetype\000"
 1359      74797065 
 1359      00
 1360              	.LASF9:
 1361 026e 6C6F6E67 		.ascii	"long long int\000"
ARM GAS  C:\Users\SCOTTC~1\AppData\Local\Temp\ccomRHBi.s 			page 30


 1361      206C6F6E 
 1361      6720696E 
 1361      7400
 1362              	.LASF49:
 1363 027c 444D415F 		.ascii	"DMA_4_TD\000"
 1363      345F5444 
 1363      00
 1364              	.LASF21:
 1365 0285 63686172 		.ascii	"char\000"
 1365      00
 1366              	.LASF57:
 1367 028a 5C5C766D 		.ascii	"\\\\vmware-host\\Shared Folders\\scottcarlson On My"
 1367      77617265 
 1367      2D686F73 
 1367      745C5368 
 1367      61726564 
 1368 02b9 204D6163 		.ascii	" Mac\\Code\\repos\\LED_controller\\Design01.cydsn\000"
 1368      5C436F64 
 1368      655C7265 
 1368      706F735C 
 1368      4C45445F 
 1369              	.LASF32:
 1370 02e7 42756666 		.ascii	"Buffer_complete\000"
 1370      65725F63 
 1370      6F6D706C 
 1370      65746500 
 1371              	.LASF33:
 1372 02f7 4C50465F 		.ascii	"LPF_buffer_complete\000"
 1372      62756666 
 1372      65725F63 
 1372      6F6D706C 
 1372      65746500 
 1373              	.LASF2:
 1374 030b 73686F72 		.ascii	"short int\000"
 1374      7420696E 
 1374      7400
 1375              	.LASF47:
 1376 0315 444D415F 		.ascii	"DMA_3_TD\000"
 1376      335F5444 
 1376      00
 1377              	.LASF13:
 1378 031e 75696E74 		.ascii	"uint16_t\000"
 1378      31365F74 
 1378      00
 1379              	.LASF7:
 1380 0327 6C6F6E67 		.ascii	"long int\000"
 1380      20696E74 
 1380      00
 1381              	.LASF24:
 1382 0330 6C6F6E67 		.ascii	"long double\000"
 1382      20646F75 
 1382      626C6500 
 1383              	.LASF0:
 1384 033c 7369676E 		.ascii	"signed char\000"
 1384      65642063 
 1384      68617200 
 1385              	.LASF37:
ARM GAS  C:\Users\SCOTTC~1\AppData\Local\Temp\ccomRHBi.s 			page 31


 1386 0348 6973725F 		.ascii	"isr_LPF_buffer_complete_flag\000"
 1386      4C50465F 
 1386      62756666 
 1386      65725F63 
 1386      6F6D706C 
 1387              	.LASF48:
 1388 0365 444D415F 		.ascii	"DMA_4_Chan\000"
 1388      345F4368 
 1388      616E00
 1389              		.ident	"GCC: (GNU Tools for ARM Embedded Processors) 4.8.4 20140526 (release) [ARM/embedded-4_8-br
