ARM GAS  C:\Users\SCOTTC~1\AppData\Local\Temp\ccrEt41f.s 			page 1


   1              		.syntax unified
   2              		.cpu cortex-m3
   3              		.fpu softvfp
   4              		.eabi_attribute 20, 1
   5              		.eabi_attribute 21, 1
   6              		.eabi_attribute 23, 3
   7              		.eabi_attribute 24, 1
   8              		.eabi_attribute 25, 1
   9              		.eabi_attribute 26, 1
  10              		.eabi_attribute 30, 6
  11              		.eabi_attribute 34, 1
  12              		.eabi_attribute 18, 4
  13              		.thumb
  14              		.file	"MultAcc_1.c"
  15              		.text
  16              	.Ltext0:
  17              		.cfi_sections	.debug_frame
  18              		.comm	MultAcc_1_a,32,4
  19              		.comm	MultAcc_1_b,32,4
  20              		.comm	MultAcc_1_DMA_IN_A_Chan,1,1
  21              		.comm	MultAcc_1_DMA_IN_A_TD,1,4
  22              		.comm	MultAcc_1_DMA_IN_B_Chan,1,1
  23              		.comm	MultAcc_1_DMA_IN_B_TD,1,4
  24              		.global	MultAcc_1_DMAInitialized
  25              		.bss
  26              		.type	MultAcc_1_DMAInitialized, %object
  27              		.size	MultAcc_1_DMAInitialized, 1
  28              	MultAcc_1_DMAInitialized:
  29 0000 00       		.space	1
  30              		.section	.text.MultAcc_1_Init,"ax",%progbits
  31              		.align	2
  32              		.global	MultAcc_1_Init
  33              		.thumb
  34              		.thumb_func
  35              		.type	MultAcc_1_Init, %function
  36              	MultAcc_1_Init:
  37              	.LFB63:
  38              		.file 1 ".\\Generated_Source\\PSoC5\\MultAcc_1.c"
   1:.\Generated_Source\PSoC5/MultAcc_1.c **** /* ========================================
   2:.\Generated_Source\PSoC5/MultAcc_1.c ****  *
   3:.\Generated_Source\PSoC5/MultAcc_1.c ****  * Copyright YOUR COMPANY, THE YEAR
   4:.\Generated_Source\PSoC5/MultAcc_1.c ****  * All Rights Reserved
   5:.\Generated_Source\PSoC5/MultAcc_1.c ****  * UNPUBLISHED, LICENSED SOFTWARE.
   6:.\Generated_Source\PSoC5/MultAcc_1.c ****  *
   7:.\Generated_Source\PSoC5/MultAcc_1.c ****  * CONFIDENTIAL AND PROPRIETARY INFORMATION
   8:.\Generated_Source\PSoC5/MultAcc_1.c ****  * WHICH IS THE PROPERTY OF your company.
   9:.\Generated_Source\PSoC5/MultAcc_1.c ****  *
  10:.\Generated_Source\PSoC5/MultAcc_1.c ****  * ========================================
  11:.\Generated_Source\PSoC5/MultAcc_1.c **** */
  12:.\Generated_Source\PSoC5/MultAcc_1.c **** 
  13:.\Generated_Source\PSoC5/MultAcc_1.c **** #include "MultAcc_1.h"
  14:.\Generated_Source\PSoC5/MultAcc_1.c **** 
  15:.\Generated_Source\PSoC5/MultAcc_1.c **** #if 1
  16:.\Generated_Source\PSoC5/MultAcc_1.c **** 
  17:.\Generated_Source\PSoC5/MultAcc_1.c **** 	/* DMA Configuration for DMA_IN_A */
  18:.\Generated_Source\PSoC5/MultAcc_1.c **** 	#define MultAcc_1_DMA_IN_A_BYTES_PER_BURST 4
  19:.\Generated_Source\PSoC5/MultAcc_1.c **** 	#define MultAcc_1_DMA_IN_A_REQUEST_PER_BURST 1
ARM GAS  C:\Users\SCOTTC~1\AppData\Local\Temp\ccrEt41f.s 			page 2


  20:.\Generated_Source\PSoC5/MultAcc_1.c **** 	#define MultAcc_1_DMA_IN_A_SRC_BASE (CYDEV_SRAM_BASE)
  21:.\Generated_Source\PSoC5/MultAcc_1.c **** 	#define MultAcc_1_DMA_IN_A_DST_BASE (CYDEV_PERIPH_BASE)
  22:.\Generated_Source\PSoC5/MultAcc_1.c **** 
  23:.\Generated_Source\PSoC5/MultAcc_1.c **** 	/* DMA Configuration for DMA_IN_B */
  24:.\Generated_Source\PSoC5/MultAcc_1.c **** 	#define MultAcc_1_DMA_IN_B_BYTES_PER_BURST 4
  25:.\Generated_Source\PSoC5/MultAcc_1.c **** 	#define MultAcc_1_DMA_IN_B_REQUEST_PER_BURST 1
  26:.\Generated_Source\PSoC5/MultAcc_1.c **** 	#define MultAcc_1_DMA_IN_B_SRC_BASE (CYDEV_SRAM_BASE)
  27:.\Generated_Source\PSoC5/MultAcc_1.c **** 	#define MultAcc_1_DMA_IN_B_DST_BASE (CYDEV_PERIPH_BASE)
  28:.\Generated_Source\PSoC5/MultAcc_1.c **** 	
  29:.\Generated_Source\PSoC5/MultAcc_1.c **** 	MultAcc_1_ARRAY MultAcc_1_a;
  30:.\Generated_Source\PSoC5/MultAcc_1.c **** 	MultAcc_1_ARRAY MultAcc_1_b;
  31:.\Generated_Source\PSoC5/MultAcc_1.c **** 
  32:.\Generated_Source\PSoC5/MultAcc_1.c **** 	//int32 MultAcc_1_data_a[8];
  33:.\Generated_Source\PSoC5/MultAcc_1.c **** 	//int32 MultAcc_1_data_b[8];
  34:.\Generated_Source\PSoC5/MultAcc_1.c **** 
  35:.\Generated_Source\PSoC5/MultAcc_1.c **** 	uint8 MultAcc_1_DMA_IN_A_Chan;
  36:.\Generated_Source\PSoC5/MultAcc_1.c **** 	uint8 MultAcc_1_DMA_IN_A_TD[1];
  37:.\Generated_Source\PSoC5/MultAcc_1.c **** 	
  38:.\Generated_Source\PSoC5/MultAcc_1.c **** 	uint8 MultAcc_1_DMA_IN_B_Chan;
  39:.\Generated_Source\PSoC5/MultAcc_1.c **** 	uint8 MultAcc_1_DMA_IN_B_TD[1];
  40:.\Generated_Source\PSoC5/MultAcc_1.c **** 	
  41:.\Generated_Source\PSoC5/MultAcc_1.c **** 	uint8 MultAcc_1_DMAInitialized = 0;
  42:.\Generated_Source\PSoC5/MultAcc_1.c **** 
  43:.\Generated_Source\PSoC5/MultAcc_1.c **** #endif
  44:.\Generated_Source\PSoC5/MultAcc_1.c **** 
  45:.\Generated_Source\PSoC5/MultAcc_1.c **** void MultAcc_1_Init()
  46:.\Generated_Source\PSoC5/MultAcc_1.c **** {
  39              		.loc 1 46 0
  40              		.cfi_startproc
  41              		@ args = 0, pretend = 0, frame = 0
  42              		@ frame_needed = 1, uses_anonymous_args = 0
  43 0000 80B5     		push	{r7, lr}
  44              		.cfi_def_cfa_offset 8
  45              		.cfi_offset 7, -8
  46              		.cfi_offset 14, -4
  47 0002 00AF     		add	r7, sp, #0
  48              		.cfi_def_cfa_register 7
  47:.\Generated_Source\PSoC5/MultAcc_1.c **** 	MultAcc_1_MACC_Init();
  49              		.loc 1 47 0
  50 0004 FFF7FEFF 		bl	MultAcc_1_MACC_Init
  48:.\Generated_Source\PSoC5/MultAcc_1.c **** 	#if 1
  49:.\Generated_Source\PSoC5/MultAcc_1.c **** 		MultAcc_1_DMAInit();
  51              		.loc 1 49 0
  52 0008 FFF7FEFF 		bl	MultAcc_1_DMAInit
  50:.\Generated_Source\PSoC5/MultAcc_1.c **** 	#endif
  51:.\Generated_Source\PSoC5/MultAcc_1.c **** }
  53              		.loc 1 51 0
  54 000c 80BD     		pop	{r7, pc}
  55              		.cfi_endproc
  56              	.LFE63:
  57              		.size	MultAcc_1_Init, .-MultAcc_1_Init
  58 000e 00BF     		.section	.text.MultAcc_1_Enable,"ax",%progbits
  59              		.align	2
  60              		.global	MultAcc_1_Enable
  61              		.thumb
  62              		.thumb_func
  63              		.type	MultAcc_1_Enable, %function
ARM GAS  C:\Users\SCOTTC~1\AppData\Local\Temp\ccrEt41f.s 			page 3


  64              	MultAcc_1_Enable:
  65              	.LFB64:
  52:.\Generated_Source\PSoC5/MultAcc_1.c **** 
  53:.\Generated_Source\PSoC5/MultAcc_1.c **** void MultAcc_1_Enable()
  54:.\Generated_Source\PSoC5/MultAcc_1.c **** {
  66              		.loc 1 54 0
  67              		.cfi_startproc
  68              		@ args = 0, pretend = 0, frame = 0
  69              		@ frame_needed = 1, uses_anonymous_args = 0
  70 0000 80B5     		push	{r7, lr}
  71              		.cfi_def_cfa_offset 8
  72              		.cfi_offset 7, -8
  73              		.cfi_offset 14, -4
  74 0002 00AF     		add	r7, sp, #0
  75              		.cfi_def_cfa_register 7
  55:.\Generated_Source\PSoC5/MultAcc_1.c **** 	MultAcc_1_MACC_Enable();
  76              		.loc 1 55 0
  77 0004 FFF7FEFF 		bl	MultAcc_1_MACC_Enable
  56:.\Generated_Source\PSoC5/MultAcc_1.c **** 	#if 1
  57:.\Generated_Source\PSoC5/MultAcc_1.c **** 		MultAcc_1_DMAEnable();
  78              		.loc 1 57 0
  79 0008 FFF7FEFF 		bl	MultAcc_1_DMAEnable
  58:.\Generated_Source\PSoC5/MultAcc_1.c **** 	#endif
  59:.\Generated_Source\PSoC5/MultAcc_1.c **** }
  80              		.loc 1 59 0
  81 000c 80BD     		pop	{r7, pc}
  82              		.cfi_endproc
  83              	.LFE64:
  84              		.size	MultAcc_1_Enable, .-MultAcc_1_Enable
  85 000e 00BF     		.section	.text.MultAcc_1_Start,"ax",%progbits
  86              		.align	2
  87              		.global	MultAcc_1_Start
  88              		.thumb
  89              		.thumb_func
  90              		.type	MultAcc_1_Start, %function
  91              	MultAcc_1_Start:
  92              	.LFB65:
  60:.\Generated_Source\PSoC5/MultAcc_1.c **** 
  61:.\Generated_Source\PSoC5/MultAcc_1.c **** void MultAcc_1_Start()
  62:.\Generated_Source\PSoC5/MultAcc_1.c **** {
  93              		.loc 1 62 0
  94              		.cfi_startproc
  95              		@ args = 0, pretend = 0, frame = 0
  96              		@ frame_needed = 1, uses_anonymous_args = 0
  97 0000 80B5     		push	{r7, lr}
  98              		.cfi_def_cfa_offset 8
  99              		.cfi_offset 7, -8
 100              		.cfi_offset 14, -4
 101 0002 00AF     		add	r7, sp, #0
 102              		.cfi_def_cfa_register 7
  63:.\Generated_Source\PSoC5/MultAcc_1.c **** 	MultAcc_1_MACC_Start();
 103              		.loc 1 63 0
 104 0004 FFF7FEFF 		bl	MultAcc_1_MACC_Start
  64:.\Generated_Source\PSoC5/MultAcc_1.c **** 	#if 1
  65:.\Generated_Source\PSoC5/MultAcc_1.c **** 		MultAcc_1_DMAInit();
 105              		.loc 1 65 0
 106 0008 FFF7FEFF 		bl	MultAcc_1_DMAInit
ARM GAS  C:\Users\SCOTTC~1\AppData\Local\Temp\ccrEt41f.s 			page 4


  66:.\Generated_Source\PSoC5/MultAcc_1.c **** 		MultAcc_1_DMAEnable();
 107              		.loc 1 66 0
 108 000c FFF7FEFF 		bl	MultAcc_1_DMAEnable
  67:.\Generated_Source\PSoC5/MultAcc_1.c **** 	#endif
  68:.\Generated_Source\PSoC5/MultAcc_1.c **** }
 109              		.loc 1 68 0
 110 0010 80BD     		pop	{r7, pc}
 111              		.cfi_endproc
 112              	.LFE65:
 113              		.size	MultAcc_1_Start, .-MultAcc_1_Start
 114 0012 00BF     		.section	.text.MultAcc_1_Stop,"ax",%progbits
 115              		.align	2
 116              		.global	MultAcc_1_Stop
 117              		.thumb
 118              		.thumb_func
 119              		.type	MultAcc_1_Stop, %function
 120              	MultAcc_1_Stop:
 121              	.LFB66:
  69:.\Generated_Source\PSoC5/MultAcc_1.c **** 
  70:.\Generated_Source\PSoC5/MultAcc_1.c **** void MultAcc_1_Stop()
  71:.\Generated_Source\PSoC5/MultAcc_1.c **** {
 122              		.loc 1 71 0
 123              		.cfi_startproc
 124              		@ args = 0, pretend = 0, frame = 0
 125              		@ frame_needed = 1, uses_anonymous_args = 0
 126 0000 80B5     		push	{r7, lr}
 127              		.cfi_def_cfa_offset 8
 128              		.cfi_offset 7, -8
 129              		.cfi_offset 14, -4
 130 0002 00AF     		add	r7, sp, #0
 131              		.cfi_def_cfa_register 7
  72:.\Generated_Source\PSoC5/MultAcc_1.c **** 	MultAcc_1_MACC_Stop();
 132              		.loc 1 72 0
 133 0004 FFF7FEFF 		bl	MultAcc_1_MACC_Stop
  73:.\Generated_Source\PSoC5/MultAcc_1.c **** 	#if 1
  74:.\Generated_Source\PSoC5/MultAcc_1.c **** 		MultAcc_1_DMADisable();
 134              		.loc 1 74 0
 135 0008 FFF7FEFF 		bl	MultAcc_1_DMADisable
  75:.\Generated_Source\PSoC5/MultAcc_1.c **** 	#endif
  76:.\Generated_Source\PSoC5/MultAcc_1.c **** }
 136              		.loc 1 76 0
 137 000c 80BD     		pop	{r7, pc}
 138              		.cfi_endproc
 139              	.LFE66:
 140              		.size	MultAcc_1_Stop, .-MultAcc_1_Stop
 141 000e 00BF     		.section	.text.MultAcc_1_DMAInit,"ax",%progbits
 142              		.align	2
 143              		.global	MultAcc_1_DMAInit
 144              		.thumb
 145              		.thumb_func
 146              		.type	MultAcc_1_DMAInit, %function
 147              	MultAcc_1_DMAInit:
 148              	.LFB67:
  77:.\Generated_Source\PSoC5/MultAcc_1.c **** 
  78:.\Generated_Source\PSoC5/MultAcc_1.c **** //void MultAcc_1_Sleep()
  79:.\Generated_Source\PSoC5/MultAcc_1.c **** //{
  80:.\Generated_Source\PSoC5/MultAcc_1.c **** //	MultAcc_1_MACC_Sleep();
ARM GAS  C:\Users\SCOTTC~1\AppData\Local\Temp\ccrEt41f.s 			page 5


  81:.\Generated_Source\PSoC5/MultAcc_1.c **** //}
  82:.\Generated_Source\PSoC5/MultAcc_1.c **** //
  83:.\Generated_Source\PSoC5/MultAcc_1.c **** //void MultAcc_1_Wakeup()
  84:.\Generated_Source\PSoC5/MultAcc_1.c **** //{
  85:.\Generated_Source\PSoC5/MultAcc_1.c **** //	MultAcc_1_MACC_Wakeup();
  86:.\Generated_Source\PSoC5/MultAcc_1.c **** //}
  87:.\Generated_Source\PSoC5/MultAcc_1.c **** 
  88:.\Generated_Source\PSoC5/MultAcc_1.c **** #if 1
  89:.\Generated_Source\PSoC5/MultAcc_1.c **** 
  90:.\Generated_Source\PSoC5/MultAcc_1.c **** void MultAcc_1_DMAInit(void)
  91:.\Generated_Source\PSoC5/MultAcc_1.c **** {
 149              		.loc 1 91 0
 150              		.cfi_startproc
 151              		@ args = 0, pretend = 0, frame = 0
 152              		@ frame_needed = 1, uses_anonymous_args = 0
 153 0000 80B5     		push	{r7, lr}
 154              		.cfi_def_cfa_offset 8
 155              		.cfi_offset 7, -8
 156              		.cfi_offset 14, -4
 157 0002 00AF     		add	r7, sp, #0
 158              		.cfi_def_cfa_register 7
  92:.\Generated_Source\PSoC5/MultAcc_1.c **** 	
  93:.\Generated_Source\PSoC5/MultAcc_1.c **** 	if(MultAcc_1_DMAInitialized == 0)
 159              		.loc 1 93 0
 160 0004 374B     		ldr	r3, .L7
 161 0006 1B78     		ldrb	r3, [r3]	@ zero_extendqisi2
 162 0008 002B     		cmp	r3, #0
 163 000a 6AD1     		bne	.L5
  94:.\Generated_Source\PSoC5/MultAcc_1.c **** 	{
  95:.\Generated_Source\PSoC5/MultAcc_1.c **** 		MultAcc_1_DMAInitialized = 1;
 164              		.loc 1 95 0
 165 000c 354B     		ldr	r3, .L7
 166 000e 0122     		movs	r2, #1
 167 0010 1A70     		strb	r2, [r3]
  96:.\Generated_Source\PSoC5/MultAcc_1.c **** 
  97:.\Generated_Source\PSoC5/MultAcc_1.c **** 		MultAcc_1_DMA_IN_A_Chan = MultAcc_1_DMA_IN_A_DmaInitialize(MultAcc_1_DMA_IN_A_BYTES_PER_BURST, Mu
 168              		.loc 1 97 0
 169 0012 0420     		movs	r0, #4
 170 0014 0121     		movs	r1, #1
 171 0016 41F6FF72 		movw	r2, #8191
 172 001a 4FF48043 		mov	r3, #16384
 173 001e FFF7FEFF 		bl	MultAcc_1_DMA_IN_A_DmaInitialize
 174 0022 0346     		mov	r3, r0
 175 0024 1A46     		mov	r2, r3
 176 0026 304B     		ldr	r3, .L7+4
 177 0028 1A70     		strb	r2, [r3]
  98:.\Generated_Source\PSoC5/MultAcc_1.c **** 		    HI16(MultAcc_1_DMA_IN_A_SRC_BASE), HI16(MultAcc_1_DMA_IN_A_DST_BASE));
  99:.\Generated_Source\PSoC5/MultAcc_1.c **** 		MultAcc_1_DMA_IN_A_TD[0] = CyDmaTdAllocate();
 178              		.loc 1 99 0
 179 002a FFF7FEFF 		bl	CyDmaTdAllocate
 180 002e 0346     		mov	r3, r0
 181 0030 1A46     		mov	r2, r3
 182 0032 2E4B     		ldr	r3, .L7+8
 183 0034 1A70     		strb	r2, [r3]
 100:.\Generated_Source\PSoC5/MultAcc_1.c **** 		#if 1
 101:.\Generated_Source\PSoC5/MultAcc_1.c **** 			CyDmaTdSetConfiguration(MultAcc_1_DMA_IN_A_TD[0], 8*sizeof(uint32), MultAcc_1_DMA_IN_A_TD[0], TD
 184              		.loc 1 101 0
ARM GAS  C:\Users\SCOTTC~1\AppData\Local\Temp\ccrEt41f.s 			page 6


 185 0036 2D4B     		ldr	r3, .L7+8
 186 0038 1A78     		ldrb	r2, [r3]	@ zero_extendqisi2
 187 003a 2C4B     		ldr	r3, .L7+8
 188 003c 1B78     		ldrb	r3, [r3]	@ zero_extendqisi2
 189 003e 1046     		mov	r0, r2
 190 0040 2021     		movs	r1, #32
 191 0042 1A46     		mov	r2, r3
 192 0044 C523     		movs	r3, #197
 193 0046 FFF7FEFF 		bl	CyDmaTdSetConfiguration
 102:.\Generated_Source\PSoC5/MultAcc_1.c **** 		#else
 103:.\Generated_Source\PSoC5/MultAcc_1.c **** 			CyDmaTdSetConfiguration(MultAcc_1_DMA_IN_A_TD[0], 8*sizeof(uint32), MultAcc_1_DMA_IN_A_TD[0], Mu
 104:.\Generated_Source\PSoC5/MultAcc_1.c **** 		#endif
 105:.\Generated_Source\PSoC5/MultAcc_1.c **** 		CyDmaTdSetAddress(MultAcc_1_DMA_IN_A_TD[0], LO16((uint32)&MultAcc_1_a.dat[0]), LO16((uint32)MultA
 194              		.loc 1 105 0
 195 004a 284B     		ldr	r3, .L7+8
 196 004c 1A78     		ldrb	r2, [r3]	@ zero_extendqisi2
 197 004e 284B     		ldr	r3, .L7+12
 198 0050 9BB2     		uxth	r3, r3
 199 0052 1046     		mov	r0, r2
 200 0054 1946     		mov	r1, r3
 201 0056 4CF2A072 		movw	r2, #51104
 202 005a FFF7FEFF 		bl	CyDmaTdSetAddress
 106:.\Generated_Source\PSoC5/MultAcc_1.c **** 		CyDmaChSetInitialTd(MultAcc_1_DMA_IN_A_Chan, MultAcc_1_DMA_IN_A_TD[0]);
 203              		.loc 1 106 0
 204 005e 224B     		ldr	r3, .L7+4
 205 0060 1A78     		ldrb	r2, [r3]	@ zero_extendqisi2
 206 0062 224B     		ldr	r3, .L7+8
 207 0064 1B78     		ldrb	r3, [r3]	@ zero_extendqisi2
 208 0066 1046     		mov	r0, r2
 209 0068 1946     		mov	r1, r3
 210 006a FFF7FEFF 		bl	CyDmaChSetInitialTd
 107:.\Generated_Source\PSoC5/MultAcc_1.c **** 		
 108:.\Generated_Source\PSoC5/MultAcc_1.c **** 		CyDmaChRoundRobin(MultAcc_1_DMA_IN_A_Chan, 1);
 211              		.loc 1 108 0
 212 006e 1E4B     		ldr	r3, .L7+4
 213 0070 1B78     		ldrb	r3, [r3]	@ zero_extendqisi2
 214 0072 1846     		mov	r0, r3
 215 0074 0121     		movs	r1, #1
 216 0076 FFF7FEFF 		bl	CyDmaChRoundRobin
 109:.\Generated_Source\PSoC5/MultAcc_1.c **** 
 110:.\Generated_Source\PSoC5/MultAcc_1.c **** 		MultAcc_1_DMA_IN_B_Chan = MultAcc_1_DMA_IN_B_DmaInitialize(MultAcc_1_DMA_IN_B_BYTES_PER_BURST, Mu
 217              		.loc 1 110 0
 218 007a 0420     		movs	r0, #4
 219 007c 0121     		movs	r1, #1
 220 007e 41F6FF72 		movw	r2, #8191
 221 0082 4FF48043 		mov	r3, #16384
 222 0086 FFF7FEFF 		bl	MultAcc_1_DMA_IN_B_DmaInitialize
 223 008a 0346     		mov	r3, r0
 224 008c 1A46     		mov	r2, r3
 225 008e 194B     		ldr	r3, .L7+16
 226 0090 1A70     		strb	r2, [r3]
 111:.\Generated_Source\PSoC5/MultAcc_1.c **** 		    HI16(MultAcc_1_DMA_IN_B_SRC_BASE), HI16(MultAcc_1_DMA_IN_B_DST_BASE));
 112:.\Generated_Source\PSoC5/MultAcc_1.c **** 		MultAcc_1_DMA_IN_B_TD[0] = CyDmaTdAllocate();
 227              		.loc 1 112 0
 228 0092 FFF7FEFF 		bl	CyDmaTdAllocate
 229 0096 0346     		mov	r3, r0
 230 0098 1A46     		mov	r2, r3
ARM GAS  C:\Users\SCOTTC~1\AppData\Local\Temp\ccrEt41f.s 			page 7


 231 009a 174B     		ldr	r3, .L7+20
 232 009c 1A70     		strb	r2, [r3]
 113:.\Generated_Source\PSoC5/MultAcc_1.c **** 		#if 1
 114:.\Generated_Source\PSoC5/MultAcc_1.c **** 			CyDmaTdSetConfiguration(MultAcc_1_DMA_IN_B_TD[0], 8*sizeof(uint32), MultAcc_1_DMA_IN_B_TD[0], TD
 233              		.loc 1 114 0
 234 009e 164B     		ldr	r3, .L7+20
 235 00a0 1A78     		ldrb	r2, [r3]	@ zero_extendqisi2
 236 00a2 154B     		ldr	r3, .L7+20
 237 00a4 1B78     		ldrb	r3, [r3]	@ zero_extendqisi2
 238 00a6 1046     		mov	r0, r2
 239 00a8 2021     		movs	r1, #32
 240 00aa 1A46     		mov	r2, r3
 241 00ac C523     		movs	r3, #197
 242 00ae FFF7FEFF 		bl	CyDmaTdSetConfiguration
 115:.\Generated_Source\PSoC5/MultAcc_1.c **** 		#else
 116:.\Generated_Source\PSoC5/MultAcc_1.c **** 			CyDmaTdSetConfiguration(MultAcc_1_DMA_IN_B_TD[0], 8*sizeof(uint32), MultAcc_1_DMA_IN_B_TD[0], Mu
 117:.\Generated_Source\PSoC5/MultAcc_1.c **** 		#endif
 118:.\Generated_Source\PSoC5/MultAcc_1.c **** 		CyDmaTdSetAddress(MultAcc_1_DMA_IN_B_TD[0], LO16((uint32)&MultAcc_1_b.dat[0]), LO16((uint32)MultA
 243              		.loc 1 118 0
 244 00b2 114B     		ldr	r3, .L7+20
 245 00b4 1A78     		ldrb	r2, [r3]	@ zero_extendqisi2
 246 00b6 114B     		ldr	r3, .L7+24
 247 00b8 9BB2     		uxth	r3, r3
 248 00ba 1046     		mov	r0, r2
 249 00bc 1946     		mov	r1, r3
 250 00be 4CF2A472 		movw	r2, #51108
 251 00c2 FFF7FEFF 		bl	CyDmaTdSetAddress
 119:.\Generated_Source\PSoC5/MultAcc_1.c **** 		CyDmaChSetInitialTd(MultAcc_1_DMA_IN_B_Chan, MultAcc_1_DMA_IN_B_TD[0]);
 252              		.loc 1 119 0
 253 00c6 0B4B     		ldr	r3, .L7+16
 254 00c8 1A78     		ldrb	r2, [r3]	@ zero_extendqisi2
 255 00ca 0B4B     		ldr	r3, .L7+20
 256 00cc 1B78     		ldrb	r3, [r3]	@ zero_extendqisi2
 257 00ce 1046     		mov	r0, r2
 258 00d0 1946     		mov	r1, r3
 259 00d2 FFF7FEFF 		bl	CyDmaChSetInitialTd
 120:.\Generated_Source\PSoC5/MultAcc_1.c **** 		
 121:.\Generated_Source\PSoC5/MultAcc_1.c **** 		CyDmaChRoundRobin(MultAcc_1_DMA_IN_B_Chan, 1);
 260              		.loc 1 121 0
 261 00d6 074B     		ldr	r3, .L7+16
 262 00d8 1B78     		ldrb	r3, [r3]	@ zero_extendqisi2
 263 00da 1846     		mov	r0, r3
 264 00dc 0121     		movs	r1, #1
 265 00de FFF7FEFF 		bl	CyDmaChRoundRobin
 266              	.L5:
 122:.\Generated_Source\PSoC5/MultAcc_1.c **** 		
 123:.\Generated_Source\PSoC5/MultAcc_1.c **** 	}
 124:.\Generated_Source\PSoC5/MultAcc_1.c **** 
 125:.\Generated_Source\PSoC5/MultAcc_1.c **** }
 267              		.loc 1 125 0
 268 00e2 80BD     		pop	{r7, pc}
 269              	.L8:
 270              		.align	2
 271              	.L7:
 272 00e4 00000000 		.word	MultAcc_1_DMAInitialized
 273 00e8 00000000 		.word	MultAcc_1_DMA_IN_A_Chan
 274 00ec 00000000 		.word	MultAcc_1_DMA_IN_A_TD
ARM GAS  C:\Users\SCOTTC~1\AppData\Local\Temp\ccrEt41f.s 			page 8


 275 00f0 00000000 		.word	MultAcc_1_a
 276 00f4 00000000 		.word	MultAcc_1_DMA_IN_B_Chan
 277 00f8 00000000 		.word	MultAcc_1_DMA_IN_B_TD
 278 00fc 00000000 		.word	MultAcc_1_b
 279              		.cfi_endproc
 280              	.LFE67:
 281              		.size	MultAcc_1_DMAInit, .-MultAcc_1_DMAInit
 282              		.section	.text.MultAcc_1_DMAEnable,"ax",%progbits
 283              		.align	2
 284              		.global	MultAcc_1_DMAEnable
 285              		.thumb
 286              		.thumb_func
 287              		.type	MultAcc_1_DMAEnable, %function
 288              	MultAcc_1_DMAEnable:
 289              	.LFB68:
 126:.\Generated_Source\PSoC5/MultAcc_1.c **** 
 127:.\Generated_Source\PSoC5/MultAcc_1.c **** void MultAcc_1_DMAEnable(void)
 128:.\Generated_Source\PSoC5/MultAcc_1.c **** {
 290              		.loc 1 128 0
 291              		.cfi_startproc
 292              		@ args = 0, pretend = 0, frame = 0
 293              		@ frame_needed = 1, uses_anonymous_args = 0
 294 0000 80B5     		push	{r7, lr}
 295              		.cfi_def_cfa_offset 8
 296              		.cfi_offset 7, -8
 297              		.cfi_offset 14, -4
 298 0002 00AF     		add	r7, sp, #0
 299              		.cfi_def_cfa_register 7
 129:.\Generated_Source\PSoC5/MultAcc_1.c **** 	CyDmaChSetRequest(MultAcc_1_DMA_IN_A_Chan, CPU_TERM_CHAIN);
 300              		.loc 1 129 0
 301 0004 134B     		ldr	r3, .L10
 302 0006 1B78     		ldrb	r3, [r3]	@ zero_extendqisi2
 303 0008 1846     		mov	r0, r3
 304 000a 0421     		movs	r1, #4
 305 000c FFF7FEFF 		bl	CyDmaChSetRequest
 130:.\Generated_Source\PSoC5/MultAcc_1.c **** 	CyDmaChEnable(MultAcc_1_DMA_IN_A_Chan, 1);
 306              		.loc 1 130 0
 307 0010 104B     		ldr	r3, .L10
 308 0012 1B78     		ldrb	r3, [r3]	@ zero_extendqisi2
 309 0014 1846     		mov	r0, r3
 310 0016 0121     		movs	r1, #1
 311 0018 FFF7FEFF 		bl	CyDmaChEnable
 131:.\Generated_Source\PSoC5/MultAcc_1.c **** 	CyDmaChEnable(MultAcc_1_DMA_IN_A_Chan, 1);
 312              		.loc 1 131 0
 313 001c 0D4B     		ldr	r3, .L10
 314 001e 1B78     		ldrb	r3, [r3]	@ zero_extendqisi2
 315 0020 1846     		mov	r0, r3
 316 0022 0121     		movs	r1, #1
 317 0024 FFF7FEFF 		bl	CyDmaChEnable
 132:.\Generated_Source\PSoC5/MultAcc_1.c **** 
 133:.\Generated_Source\PSoC5/MultAcc_1.c **** 	CyDmaChSetRequest(MultAcc_1_DMA_IN_B_Chan, CPU_TERM_CHAIN);
 318              		.loc 1 133 0
 319 0028 0B4B     		ldr	r3, .L10+4
 320 002a 1B78     		ldrb	r3, [r3]	@ zero_extendqisi2
 321 002c 1846     		mov	r0, r3
 322 002e 0421     		movs	r1, #4
 323 0030 FFF7FEFF 		bl	CyDmaChSetRequest
ARM GAS  C:\Users\SCOTTC~1\AppData\Local\Temp\ccrEt41f.s 			page 9


 134:.\Generated_Source\PSoC5/MultAcc_1.c **** 	CyDmaChEnable(MultAcc_1_DMA_IN_B_Chan, 1);
 324              		.loc 1 134 0
 325 0034 084B     		ldr	r3, .L10+4
 326 0036 1B78     		ldrb	r3, [r3]	@ zero_extendqisi2
 327 0038 1846     		mov	r0, r3
 328 003a 0121     		movs	r1, #1
 329 003c FFF7FEFF 		bl	CyDmaChEnable
 135:.\Generated_Source\PSoC5/MultAcc_1.c **** 	CyDmaChEnable(MultAcc_1_DMA_IN_B_Chan, 1);
 330              		.loc 1 135 0
 331 0040 054B     		ldr	r3, .L10+4
 332 0042 1B78     		ldrb	r3, [r3]	@ zero_extendqisi2
 333 0044 1846     		mov	r0, r3
 334 0046 0121     		movs	r1, #1
 335 0048 FFF7FEFF 		bl	CyDmaChEnable
 136:.\Generated_Source\PSoC5/MultAcc_1.c **** 	
 137:.\Generated_Source\PSoC5/MultAcc_1.c **** 	MultAcc_1_Status_InterruptEnable();
 336              		.loc 1 137 0
 337 004c FFF7FEFF 		bl	MultAcc_1_Status_InterruptEnable
 138:.\Generated_Source\PSoC5/MultAcc_1.c **** }
 338              		.loc 1 138 0
 339 0050 80BD     		pop	{r7, pc}
 340              	.L11:
 341 0052 00BF     		.align	2
 342              	.L10:
 343 0054 00000000 		.word	MultAcc_1_DMA_IN_A_Chan
 344 0058 00000000 		.word	MultAcc_1_DMA_IN_B_Chan
 345              		.cfi_endproc
 346              	.LFE68:
 347              		.size	MultAcc_1_DMAEnable, .-MultAcc_1_DMAEnable
 348              		.section	.text.MultAcc_1_DMADisable,"ax",%progbits
 349              		.align	2
 350              		.global	MultAcc_1_DMADisable
 351              		.thumb
 352              		.thumb_func
 353              		.type	MultAcc_1_DMADisable, %function
 354              	MultAcc_1_DMADisable:
 355              	.LFB69:
 139:.\Generated_Source\PSoC5/MultAcc_1.c **** 
 140:.\Generated_Source\PSoC5/MultAcc_1.c **** void MultAcc_1_DMADisable(void)
 141:.\Generated_Source\PSoC5/MultAcc_1.c **** {
 356              		.loc 1 141 0
 357              		.cfi_startproc
 358              		@ args = 0, pretend = 0, frame = 0
 359              		@ frame_needed = 1, uses_anonymous_args = 0
 360 0000 80B5     		push	{r7, lr}
 361              		.cfi_def_cfa_offset 8
 362              		.cfi_offset 7, -8
 363              		.cfi_offset 14, -4
 364 0002 00AF     		add	r7, sp, #0
 365              		.cfi_def_cfa_register 7
 142:.\Generated_Source\PSoC5/MultAcc_1.c **** 	CyDmaChSetRequest(MultAcc_1_DMA_IN_A_Chan, CPU_TERM_CHAIN);
 366              		.loc 1 142 0
 367 0004 074B     		ldr	r3, .L13
 368 0006 1B78     		ldrb	r3, [r3]	@ zero_extendqisi2
 369 0008 1846     		mov	r0, r3
 370 000a 0421     		movs	r1, #4
 371 000c FFF7FEFF 		bl	CyDmaChSetRequest
ARM GAS  C:\Users\SCOTTC~1\AppData\Local\Temp\ccrEt41f.s 			page 10


 143:.\Generated_Source\PSoC5/MultAcc_1.c **** 
 144:.\Generated_Source\PSoC5/MultAcc_1.c **** 	CyDmaChSetRequest(MultAcc_1_DMA_IN_B_Chan, CPU_TERM_CHAIN);
 372              		.loc 1 144 0
 373 0010 054B     		ldr	r3, .L13+4
 374 0012 1B78     		ldrb	r3, [r3]	@ zero_extendqisi2
 375 0014 1846     		mov	r0, r3
 376 0016 0421     		movs	r1, #4
 377 0018 FFF7FEFF 		bl	CyDmaChSetRequest
 145:.\Generated_Source\PSoC5/MultAcc_1.c **** 	
 146:.\Generated_Source\PSoC5/MultAcc_1.c **** 	MultAcc_1_Status_InterruptDisable();
 378              		.loc 1 146 0
 379 001c FFF7FEFF 		bl	MultAcc_1_Status_InterruptDisable
 147:.\Generated_Source\PSoC5/MultAcc_1.c **** }
 380              		.loc 1 147 0
 381 0020 80BD     		pop	{r7, pc}
 382              	.L14:
 383 0022 00BF     		.align	2
 384              	.L13:
 385 0024 00000000 		.word	MultAcc_1_DMA_IN_A_Chan
 386 0028 00000000 		.word	MultAcc_1_DMA_IN_B_Chan
 387              		.cfi_endproc
 388              	.LFE69:
 389              		.size	MultAcc_1_DMADisable, .-MultAcc_1_DMADisable
 390              		.section	.text.MultAcc_1_ProcessBlock,"ax",%progbits
 391              		.align	2
 392              		.global	MultAcc_1_ProcessBlock
 393              		.thumb
 394              		.thumb_func
 395              		.type	MultAcc_1_ProcessBlock, %function
 396              	MultAcc_1_ProcessBlock:
 397              	.LFB70:
 148:.\Generated_Source\PSoC5/MultAcc_1.c **** 
 149:.\Generated_Source\PSoC5/MultAcc_1.c **** void MultAcc_1_ProcessBlock(uint8 reset_accum)
 150:.\Generated_Source\PSoC5/MultAcc_1.c **** {
 398              		.loc 1 150 0
 399              		.cfi_startproc
 400              		@ args = 0, pretend = 0, frame = 8
 401              		@ frame_needed = 1, uses_anonymous_args = 0
 402 0000 80B5     		push	{r7, lr}
 403              		.cfi_def_cfa_offset 8
 404              		.cfi_offset 7, -8
 405              		.cfi_offset 14, -4
 406 0002 82B0     		sub	sp, sp, #8
 407              		.cfi_def_cfa_offset 16
 408 0004 00AF     		add	r7, sp, #0
 409              		.cfi_def_cfa_register 7
 410 0006 0346     		mov	r3, r0
 411 0008 FB71     		strb	r3, [r7, #7]
 151:.\Generated_Source\PSoC5/MultAcc_1.c **** 	MultAcc_1_CheckStatus(MultAcc_1_RESET_STATUS);
 412              		.loc 1 151 0
 413 000a 8020     		movs	r0, #128
 414 000c FFF7FEFF 		bl	MultAcc_1_CheckStatus
 152:.\Generated_Source\PSoC5/MultAcc_1.c **** 	
 153:.\Generated_Source\PSoC5/MultAcc_1.c **** 	if(reset_accum > 0)
 415              		.loc 1 153 0
 416 0010 FB79     		ldrb	r3, [r7, #7]	@ zero_extendqisi2
 417 0012 002B     		cmp	r3, #0
ARM GAS  C:\Users\SCOTTC~1\AppData\Local\Temp\ccrEt41f.s 			page 11


 418 0014 03D0     		beq	.L16
 154:.\Generated_Source\PSoC5/MultAcc_1.c **** 	{
 155:.\Generated_Source\PSoC5/MultAcc_1.c **** 		MultAcc_1_Control_Write(MultAcc_1_DMA_GO | MultAcc_1_NRQ_RESET | MultAcc_1_MACC_RESET);
 419              		.loc 1 155 0
 420 0016 0720     		movs	r0, #7
 421 0018 FFF7FEFF 		bl	MultAcc_1_Control_Write
 422 001c 02E0     		b	.L17
 423              	.L16:
 156:.\Generated_Source\PSoC5/MultAcc_1.c **** 	}
 157:.\Generated_Source\PSoC5/MultAcc_1.c **** 	else
 158:.\Generated_Source\PSoC5/MultAcc_1.c **** 	{
 159:.\Generated_Source\PSoC5/MultAcc_1.c **** 		MultAcc_1_Control_Write(MultAcc_1_DMA_GO | MultAcc_1_NRQ_RESET);
 424              		.loc 1 159 0
 425 001e 0520     		movs	r0, #5
 426 0020 FFF7FEFF 		bl	MultAcc_1_Control_Write
 427              	.L17:
 160:.\Generated_Source\PSoC5/MultAcc_1.c **** 	}
 161:.\Generated_Source\PSoC5/MultAcc_1.c **** 	
 162:.\Generated_Source\PSoC5/MultAcc_1.c **** 	MultAcc_1_Control_Write(0);
 428              		.loc 1 162 0
 429 0024 0020     		movs	r0, #0
 430 0026 FFF7FEFF 		bl	MultAcc_1_Control_Write
 163:.\Generated_Source\PSoC5/MultAcc_1.c **** }
 431              		.loc 1 163 0
 432 002a 0837     		adds	r7, r7, #8
 433 002c BD46     		mov	sp, r7
 434              		@ sp needed
 435 002e 80BD     		pop	{r7, pc}
 436              		.cfi_endproc
 437              	.LFE70:
 438              		.size	MultAcc_1_ProcessBlock, .-MultAcc_1_ProcessBlock
 439              		.section	.text.MultAcc_1_CheckStatus,"ax",%progbits
 440              		.align	2
 441              		.global	MultAcc_1_CheckStatus
 442              		.thumb
 443              		.thumb_func
 444              		.type	MultAcc_1_CheckStatus, %function
 445              	MultAcc_1_CheckStatus:
 446              	.LFB71:
 164:.\Generated_Source\PSoC5/MultAcc_1.c **** 
 165:.\Generated_Source\PSoC5/MultAcc_1.c **** uint8 MultAcc_1_CheckStatus(uint8 flag_check)
 166:.\Generated_Source\PSoC5/MultAcc_1.c **** {
 447              		.loc 1 166 0
 448              		.cfi_startproc
 449              		@ args = 0, pretend = 0, frame = 8
 450              		@ frame_needed = 1, uses_anonymous_args = 0
 451 0000 80B5     		push	{r7, lr}
 452              		.cfi_def_cfa_offset 8
 453              		.cfi_offset 7, -8
 454              		.cfi_offset 14, -4
 455 0002 82B0     		sub	sp, sp, #8
 456              		.cfi_def_cfa_offset 16
 457 0004 00AF     		add	r7, sp, #0
 458              		.cfi_def_cfa_register 7
 459 0006 0346     		mov	r3, r0
 460 0008 FB71     		strb	r3, [r7, #7]
 167:.\Generated_Source\PSoC5/MultAcc_1.c **** 	static uint8 status_flags;
ARM GAS  C:\Users\SCOTTC~1\AppData\Local\Temp\ccrEt41f.s 			page 12


 168:.\Generated_Source\PSoC5/MultAcc_1.c **** 	
 169:.\Generated_Source\PSoC5/MultAcc_1.c **** 	status_flags |= (MultAcc_1_Status_Read() & ~MultAcc_1_RESET_STATUS);
 461              		.loc 1 169 0
 462 000a FFF7FEFF 		bl	MultAcc_1_Status_Read
 463 000e 0346     		mov	r3, r0
 464 0010 DBB2     		uxtb	r3, r3
 465 0012 03F07F03 		and	r3, r3, #127
 466 0016 DAB2     		uxtb	r2, r3
 467 0018 154B     		ldr	r3, .L22
 468 001a 1B78     		ldrb	r3, [r3]	@ zero_extendqisi2
 469 001c DBB2     		uxtb	r3, r3
 470 001e 1343     		orrs	r3, r3, r2
 471 0020 DBB2     		uxtb	r3, r3
 472 0022 DAB2     		uxtb	r2, r3
 473 0024 124B     		ldr	r3, .L22
 474 0026 1A70     		strb	r2, [r3]
 170:.\Generated_Source\PSoC5/MultAcc_1.c **** 	
 171:.\Generated_Source\PSoC5/MultAcc_1.c **** 	if((flag_check & MultAcc_1_RESET_STATUS) > 0)
 475              		.loc 1 171 0
 476 0028 FB79     		ldrb	r3, [r7, #7]	@ zero_extendqisi2
 477 002a 03F08003 		and	r3, r3, #128
 478 002e 002B     		cmp	r3, #0
 479 0030 04DD     		ble	.L19
 172:.\Generated_Source\PSoC5/MultAcc_1.c **** 	{
 173:.\Generated_Source\PSoC5/MultAcc_1.c **** 		status_flags = 0;
 480              		.loc 1 173 0
 481 0032 0F4B     		ldr	r3, .L22
 482 0034 0022     		movs	r2, #0
 483 0036 1A70     		strb	r2, [r3]
 174:.\Generated_Source\PSoC5/MultAcc_1.c **** 		return 0;
 484              		.loc 1 174 0
 485 0038 0023     		movs	r3, #0
 486 003a 14E0     		b	.L20
 487              	.L19:
 175:.\Generated_Source\PSoC5/MultAcc_1.c **** 	}
 176:.\Generated_Source\PSoC5/MultAcc_1.c **** 	
 177:.\Generated_Source\PSoC5/MultAcc_1.c **** 	if((status_flags & flag_check) > 0)
 488              		.loc 1 177 0
 489 003c 0C4B     		ldr	r3, .L22
 490 003e 1A78     		ldrb	r2, [r3]	@ zero_extendqisi2
 491 0040 FB79     		ldrb	r3, [r7, #7]
 492 0042 1340     		ands	r3, r3, r2
 493 0044 DBB2     		uxtb	r3, r3
 494 0046 002B     		cmp	r3, #0
 495 0048 0CD0     		beq	.L21
 178:.\Generated_Source\PSoC5/MultAcc_1.c **** 	{
 179:.\Generated_Source\PSoC5/MultAcc_1.c **** 		status_flags = status_flags & ~flag_check;
 496              		.loc 1 179 0
 497 004a FB79     		ldrb	r3, [r7, #7]	@ zero_extendqisi2
 498 004c DB43     		mvns	r3, r3
 499 004e DAB2     		uxtb	r2, r3
 500 0050 074B     		ldr	r3, .L22
 501 0052 1B78     		ldrb	r3, [r3]	@ zero_extendqisi2
 502 0054 DBB2     		uxtb	r3, r3
 503 0056 1340     		ands	r3, r3, r2
 504 0058 DBB2     		uxtb	r3, r3
 505 005a DAB2     		uxtb	r2, r3
ARM GAS  C:\Users\SCOTTC~1\AppData\Local\Temp\ccrEt41f.s 			page 13


 506 005c 044B     		ldr	r3, .L22
 507 005e 1A70     		strb	r2, [r3]
 180:.\Generated_Source\PSoC5/MultAcc_1.c **** 		return flag_check;
 508              		.loc 1 180 0
 509 0060 FB79     		ldrb	r3, [r7, #7]	@ zero_extendqisi2
 510 0062 00E0     		b	.L20
 511              	.L21:
 181:.\Generated_Source\PSoC5/MultAcc_1.c **** 	}
 182:.\Generated_Source\PSoC5/MultAcc_1.c **** 	
 183:.\Generated_Source\PSoC5/MultAcc_1.c **** 	return 0;
 512              		.loc 1 183 0
 513 0064 0023     		movs	r3, #0
 514              	.L20:
 184:.\Generated_Source\PSoC5/MultAcc_1.c **** }
 515              		.loc 1 184 0
 516 0066 1846     		mov	r0, r3
 517 0068 0837     		adds	r7, r7, #8
 518 006a BD46     		mov	sp, r7
 519              		@ sp needed
 520 006c 80BD     		pop	{r7, pc}
 521              	.L23:
 522 006e 00BF     		.align	2
 523              	.L22:
 524 0070 01000000 		.word	status_flags.5761
 525              		.cfi_endproc
 526              	.LFE71:
 527              		.size	MultAcc_1_CheckStatus, .-MultAcc_1_CheckStatus
 528              		.section	.text.MultAcc_1_GetResult,"ax",%progbits
 529              		.align	2
 530              		.global	MultAcc_1_GetResult
 531              		.thumb
 532              		.thumb_func
 533              		.type	MultAcc_1_GetResult, %function
 534              	MultAcc_1_GetResult:
 535              	.LFB72:
 185:.\Generated_Source\PSoC5/MultAcc_1.c **** 
 186:.\Generated_Source\PSoC5/MultAcc_1.c **** #endif
 187:.\Generated_Source\PSoC5/MultAcc_1.c **** 
 188:.\Generated_Source\PSoC5/MultAcc_1.c **** /*******************************************************************************
 189:.\Generated_Source\PSoC5/MultAcc_1.c **** * Function Name: MultAcc_1_LoadInput
 190:.\Generated_Source\PSoC5/MultAcc_1.c **** ********************************************************************************
 191:.\Generated_Source\PSoC5/MultAcc_1.c **** *
 192:.\Generated_Source\PSoC5/MultAcc_1.c **** * Summary:
 193:.\Generated_Source\PSoC5/MultAcc_1.c **** *  This function loads an input value into the selected input register.
 194:.\Generated_Source\PSoC5/MultAcc_1.c **** *
 195:.\Generated_Source\PSoC5/MultAcc_1.c **** * Parameters:
 196:.\Generated_Source\PSoC5/MultAcc_1.c **** *  channel: Use either MultAcc_1_A (1) or
 197:.\Generated_Source\PSoC5/MultAcc_1.c **** *           MultAcc_1_B (0) asarguments to the function;
 198:.\Generated_Source\PSoC5/MultAcc_1.c **** *  sample: The 24-bit, right justified input sample.
 199:.\Generated_Source\PSoC5/MultAcc_1.c **** *
 200:.\Generated_Source\PSoC5/MultAcc_1.c **** * Return:
 201:.\Generated_Source\PSoC5/MultAcc_1.c **** *  None.
 202:.\Generated_Source\PSoC5/MultAcc_1.c **** *
 203:.\Generated_Source\PSoC5/MultAcc_1.c **** * Note:
 204:.\Generated_Source\PSoC5/MultAcc_1.c **** *  The write order is important. When the high byte is loaded, the DFB sets
 205:.\Generated_Source\PSoC5/MultAcc_1.c **** *  the input ready bit. Pay attention to byte order if coherency or data
 206:.\Generated_Source\PSoC5/MultAcc_1.c **** *  alignment is changed.
ARM GAS  C:\Users\SCOTTC~1\AppData\Local\Temp\ccrEt41f.s 			page 14


 207:.\Generated_Source\PSoC5/MultAcc_1.c **** *
 208:.\Generated_Source\PSoC5/MultAcc_1.c **** *******************************************************************************/
 209:.\Generated_Source\PSoC5/MultAcc_1.c **** #if !1
 210:.\Generated_Source\PSoC5/MultAcc_1.c **** 
 211:.\Generated_Source\PSoC5/MultAcc_1.c **** void MultAcc_1_LoadInput(int32 A, int32 B) 
 212:.\Generated_Source\PSoC5/MultAcc_1.c **** {
 213:.\Generated_Source\PSoC5/MultAcc_1.c ****     uint32 value_A, value_B;
 214:.\Generated_Source\PSoC5/MultAcc_1.c **** 
 215:.\Generated_Source\PSoC5/MultAcc_1.c ****     value_A = (uint32) A;
 216:.\Generated_Source\PSoC5/MultAcc_1.c **** 	value_B = (uint32) B;
 217:.\Generated_Source\PSoC5/MultAcc_1.c **** 
 218:.\Generated_Source\PSoC5/MultAcc_1.c ****     /* Writes the STAGE-"H" reg last as it signals a complete wrote to the DFB.*/
 219:.\Generated_Source\PSoC5/MultAcc_1.c **** 
 220:.\Generated_Source\PSoC5/MultAcc_1.c ****     MultAcc_1_STAGEA_REG  = (uint8) value_A;
 221:.\Generated_Source\PSoC5/MultAcc_1.c ****     MultAcc_1_STAGEAM_REG = (uint8) (value_A >> 8u);
 222:.\Generated_Source\PSoC5/MultAcc_1.c ****     MultAcc_1_STAGEAH_REG = (uint8) (value_A >> 16u);
 223:.\Generated_Source\PSoC5/MultAcc_1.c **** 
 224:.\Generated_Source\PSoC5/MultAcc_1.c ****     MultAcc_1_STAGEB_REG  = (uint8) value_B;
 225:.\Generated_Source\PSoC5/MultAcc_1.c ****     MultAcc_1_STAGEBM_REG = (uint8) (value_B >> 8u);
 226:.\Generated_Source\PSoC5/MultAcc_1.c ****     MultAcc_1_STAGEBH_REG = (uint8) (value_B >> 16u);
 227:.\Generated_Source\PSoC5/MultAcc_1.c **** 
 228:.\Generated_Source\PSoC5/MultAcc_1.c **** }
 229:.\Generated_Source\PSoC5/MultAcc_1.c **** 
 230:.\Generated_Source\PSoC5/MultAcc_1.c **** #endif
 231:.\Generated_Source\PSoC5/MultAcc_1.c **** 
 232:.\Generated_Source\PSoC5/MultAcc_1.c **** /*******************************************************************************
 233:.\Generated_Source\PSoC5/MultAcc_1.c **** * Function Name: MultAcc_1_GetOutput
 234:.\Generated_Source\PSoC5/MultAcc_1.c **** ********************************************************************************
 235:.\Generated_Source\PSoC5/MultAcc_1.c **** *
 236:.\Generated_Source\PSoC5/MultAcc_1.c **** * Summary:
 237:.\Generated_Source\PSoC5/MultAcc_1.c **** *  This function gets the value from one of the DFB Output Holding Registers.
 238:.\Generated_Source\PSoC5/MultAcc_1.c **** *
 239:.\Generated_Source\PSoC5/MultAcc_1.c **** * Parameters:
 240:.\Generated_Source\PSoC5/MultAcc_1.c **** *  None
 241:.\Generated_Source\PSoC5/MultAcc_1.c **** *
 242:.\Generated_Source\PSoC5/MultAcc_1.c **** * Return:
 243:.\Generated_Source\PSoC5/MultAcc_1.c **** *  The current output value in the holding register. This is
 244:.\Generated_Source\PSoC5/MultAcc_1.c **** *  a 24-bit number packed into the least-significant 3 bytes of the output word
 245:.\Generated_Source\PSoC5/MultAcc_1.c **** *
 246:.\Generated_Source\PSoC5/MultAcc_1.c **** * Note:
 247:.\Generated_Source\PSoC5/MultAcc_1.c **** *  Because of the architecture of the DFB, any value read from the Holding A or
 248:.\Generated_Source\PSoC5/MultAcc_1.c **** *  B registers will be MSB aligned unless shifted otherwise by the Datapath
 249:.\Generated_Source\PSoC5/MultAcc_1.c **** *  shifter. Pay attention to byte order if coherency or data alignment is
 250:.\Generated_Source\PSoC5/MultAcc_1.c **** *  changed.
 251:.\Generated_Source\PSoC5/MultAcc_1.c **** *
 252:.\Generated_Source\PSoC5/MultAcc_1.c **** *******************************************************************************/
 253:.\Generated_Source\PSoC5/MultAcc_1.c **** int32 MultAcc_1_GetResult() 
 254:.\Generated_Source\PSoC5/MultAcc_1.c **** {
 536              		.loc 1 254 0
 537              		.cfi_startproc
 538              		@ args = 0, pretend = 0, frame = 8
 539              		@ frame_needed = 1, uses_anonymous_args = 0
 540              		@ link register save eliminated.
 541 0000 80B4     		push	{r7}
 542              		.cfi_def_cfa_offset 4
 543              		.cfi_offset 7, -4
 544 0002 83B0     		sub	sp, sp, #12
ARM GAS  C:\Users\SCOTTC~1\AppData\Local\Temp\ccrEt41f.s 			page 15


 545              		.cfi_def_cfa_offset 16
 546 0004 00AF     		add	r7, sp, #0
 547              		.cfi_def_cfa_register 7
 255:.\Generated_Source\PSoC5/MultAcc_1.c ****     uint8 data0;
 256:.\Generated_Source\PSoC5/MultAcc_1.c ****     uint8 data1;
 257:.\Generated_Source\PSoC5/MultAcc_1.c ****     uint8 data2;
 258:.\Generated_Source\PSoC5/MultAcc_1.c ****     uint8 data3;
 259:.\Generated_Source\PSoC5/MultAcc_1.c ****     uint32 output;
 260:.\Generated_Source\PSoC5/MultAcc_1.c **** 	
 261:.\Generated_Source\PSoC5/MultAcc_1.c **** 	// due to double buffer acting as a 2 element FIFO, I have to read the 
 262:.\Generated_Source\PSoC5/MultAcc_1.c **** 	// high byte once to clear out the "first" result, then read again
 263:.\Generated_Source\PSoC5/MultAcc_1.c **** 	// to get the most recent result.
 264:.\Generated_Source\PSoC5/MultAcc_1.c **** 	data2 = MultAcc_1_HOLDAH_REG;
 548              		.loc 1 264 0
 549 0006 134B     		ldr	r3, .L28
 550 0008 1B78     		ldrb	r3, [r3]
 551 000a FB71     		strb	r3, [r7, #7]
 265:.\Generated_Source\PSoC5/MultAcc_1.c **** 
 266:.\Generated_Source\PSoC5/MultAcc_1.c ****     /* Reads the HOLD-"H" reg last as it signals a complete read to the DFB.*/
 267:.\Generated_Source\PSoC5/MultAcc_1.c ****     data0 = MultAcc_1_HOLDA_REG;
 552              		.loc 1 267 0
 553 000c 124B     		ldr	r3, .L28+4
 554 000e 1B78     		ldrb	r3, [r3]
 555 0010 BB71     		strb	r3, [r7, #6]
 268:.\Generated_Source\PSoC5/MultAcc_1.c ****     data1 = MultAcc_1_HOLDAM_REG;
 556              		.loc 1 268 0
 557 0012 124B     		ldr	r3, .L28+8
 558 0014 1B78     		ldrb	r3, [r3]
 559 0016 7B71     		strb	r3, [r7, #5]
 269:.\Generated_Source\PSoC5/MultAcc_1.c ****     data2 = MultAcc_1_HOLDAH_REG;
 560              		.loc 1 269 0
 561 0018 0E4B     		ldr	r3, .L28
 562 001a 1B78     		ldrb	r3, [r3]
 563 001c FB71     		strb	r3, [r7, #7]
 270:.\Generated_Source\PSoC5/MultAcc_1.c ****     data3 = ((data2 & 0x80u) == 0x80u) ? 0xFFu : 0x00u;
 564              		.loc 1 270 0
 565 001e FB79     		ldrb	r3, [r7, #7]	@ zero_extendqisi2
 566 0020 5BB2     		sxtb	r3, r3
 567 0022 002B     		cmp	r3, #0
 568 0024 01DA     		bge	.L25
 569              		.loc 1 270 0 is_stmt 0 discriminator 1
 570 0026 FF23     		movs	r3, #255
 571 0028 00E0     		b	.L26
 572              	.L25:
 573              		.loc 1 270 0 discriminator 2
 574 002a 0023     		movs	r3, #0
 575              	.L26:
 576              		.loc 1 270 0 discriminator 3
 577 002c 3B71     		strb	r3, [r7, #4]
 271:.\Generated_Source\PSoC5/MultAcc_1.c **** 
 272:.\Generated_Source\PSoC5/MultAcc_1.c ****     output = ((((((uint32) data3 << 8u) | data2) << 8u) | data1) << 8u) | data0;
 578              		.loc 1 272 0 is_stmt 1 discriminator 3
 579 002e 3B79     		ldrb	r3, [r7, #4]	@ zero_extendqisi2
 580 0030 1A02     		lsls	r2, r3, #8
 581 0032 FB79     		ldrb	r3, [r7, #7]	@ zero_extendqisi2
 582 0034 1343     		orrs	r3, r3, r2
 583 0036 1A02     		lsls	r2, r3, #8
ARM GAS  C:\Users\SCOTTC~1\AppData\Local\Temp\ccrEt41f.s 			page 16


 584 0038 7B79     		ldrb	r3, [r7, #5]	@ zero_extendqisi2
 585 003a 1343     		orrs	r3, r3, r2
 586 003c 1A02     		lsls	r2, r3, #8
 587 003e BB79     		ldrb	r3, [r7, #6]	@ zero_extendqisi2
 588 0040 1343     		orrs	r3, r3, r2
 589 0042 3B60     		str	r3, [r7]
 273:.\Generated_Source\PSoC5/MultAcc_1.c **** 
 274:.\Generated_Source\PSoC5/MultAcc_1.c ****     return ((int32) output);
 590              		.loc 1 274 0 discriminator 3
 591 0044 3B68     		ldr	r3, [r7]
 275:.\Generated_Source\PSoC5/MultAcc_1.c **** }
 592              		.loc 1 275 0 discriminator 3
 593 0046 1846     		mov	r0, r3
 594 0048 0C37     		adds	r7, r7, #12
 595 004a BD46     		mov	sp, r7
 596              		@ sp needed
 597 004c 5DF8047B 		ldr	r7, [sp], #4
 598 0050 7047     		bx	lr
 599              	.L29:
 600 0052 00BF     		.align	2
 601              	.L28:
 602 0054 AAC70040 		.word	1073792938
 603 0058 A8C70040 		.word	1073792936
 604 005c A9C70040 		.word	1073792937
 605              		.cfi_endproc
 606              	.LFE72:
 607              		.size	MultAcc_1_GetResult, .-MultAcc_1_GetResult
 608              		.global	__aeabi_i2f
 609              		.global	__aeabi_fdiv
 610              		.section	.text.MultAcc_1_Q23ToFloat,"ax",%progbits
 611              		.align	2
 612              		.global	MultAcc_1_Q23ToFloat
 613              		.thumb
 614              		.thumb_func
 615              		.type	MultAcc_1_Q23ToFloat, %function
 616              	MultAcc_1_Q23ToFloat:
 617              	.LFB73:
 276:.\Generated_Source\PSoC5/MultAcc_1.c **** 
 277:.\Generated_Source\PSoC5/MultAcc_1.c **** float MultAcc_1_Q23ToFloat(int32 input)
 278:.\Generated_Source\PSoC5/MultAcc_1.c **** {
 618              		.loc 1 278 0
 619              		.cfi_startproc
 620              		@ args = 0, pretend = 0, frame = 16
 621              		@ frame_needed = 1, uses_anonymous_args = 0
 622 0000 80B5     		push	{r7, lr}
 623              		.cfi_def_cfa_offset 8
 624              		.cfi_offset 7, -8
 625              		.cfi_offset 14, -4
 626 0002 84B0     		sub	sp, sp, #16
 627              		.cfi_def_cfa_offset 24
 628 0004 00AF     		add	r7, sp, #0
 629              		.cfi_def_cfa_register 7
 630 0006 7860     		str	r0, [r7, #4]
 279:.\Generated_Source\PSoC5/MultAcc_1.c **** 	float output;
 280:.\Generated_Source\PSoC5/MultAcc_1.c **** 	
 281:.\Generated_Source\PSoC5/MultAcc_1.c **** 	// limit the input range to the valid values
 282:.\Generated_Source\PSoC5/MultAcc_1.c **** 	if(input > 8388607)
ARM GAS  C:\Users\SCOTTC~1\AppData\Local\Temp\ccrEt41f.s 			page 17


 631              		.loc 1 282 0
 632 0008 7B68     		ldr	r3, [r7, #4]
 633 000a B3F5000F 		cmp	r3, #8388608
 634 000e 01DB     		blt	.L31
 283:.\Generated_Source\PSoC5/MultAcc_1.c **** 	{
 284:.\Generated_Source\PSoC5/MultAcc_1.c **** 		input = 8388607;
 635              		.loc 1 284 0
 636 0010 0B4B     		ldr	r3, .L34
 637 0012 7B60     		str	r3, [r7, #4]
 638              	.L31:
 285:.\Generated_Source\PSoC5/MultAcc_1.c **** 	}
 286:.\Generated_Source\PSoC5/MultAcc_1.c **** 	if(input < -8388608)
 639              		.loc 1 286 0
 640 0014 7B68     		ldr	r3, [r7, #4]
 641 0016 13F5000F 		cmn	r3, #8388608
 642 001a 01DA     		bge	.L32
 287:.\Generated_Source\PSoC5/MultAcc_1.c **** 	{
 288:.\Generated_Source\PSoC5/MultAcc_1.c **** 		input = -8388608;
 643              		.loc 1 288 0
 644 001c 094B     		ldr	r3, .L34+4
 645 001e 7B60     		str	r3, [r7, #4]
 646              	.L32:
 289:.\Generated_Source\PSoC5/MultAcc_1.c **** 	}
 290:.\Generated_Source\PSoC5/MultAcc_1.c **** 	
 291:.\Generated_Source\PSoC5/MultAcc_1.c **** 	output = ((float) input) / 8388608.0;
 647              		.loc 1 291 0
 648 0020 7868     		ldr	r0, [r7, #4]
 649 0022 FFF7FEFF 		bl	__aeabi_i2f
 650 0026 0346     		mov	r3, r0
 651 0028 1846     		mov	r0, r3
 652 002a 4FF09641 		mov	r1, #1258291200
 653 002e FFF7FEFF 		bl	__aeabi_fdiv
 654 0032 0346     		mov	r3, r0
 655 0034 FB60     		str	r3, [r7, #12]	@ float
 292:.\Generated_Source\PSoC5/MultAcc_1.c **** 	
 293:.\Generated_Source\PSoC5/MultAcc_1.c **** 	return output;
 656              		.loc 1 293 0
 657 0036 FB68     		ldr	r3, [r7, #12]	@ float
 294:.\Generated_Source\PSoC5/MultAcc_1.c **** }
 658              		.loc 1 294 0
 659 0038 1846     		mov	r0, r3
 660 003a 1037     		adds	r7, r7, #16
 661 003c BD46     		mov	sp, r7
 662              		@ sp needed
 663 003e 80BD     		pop	{r7, pc}
 664              	.L35:
 665              		.align	2
 666              	.L34:
 667 0040 FFFF7F00 		.word	8388607
 668 0044 000080FF 		.word	-8388608
 669              		.cfi_endproc
 670              	.LFE73:
 671              		.size	MultAcc_1_Q23ToFloat, .-MultAcc_1_Q23ToFloat
 672              		.global	__aeabi_fcmpgt
 673              		.global	__aeabi_fcmplt
 674              		.global	__aeabi_f2d
 675              		.global	__aeabi_dmul
ARM GAS  C:\Users\SCOTTC~1\AppData\Local\Temp\ccrEt41f.s 			page 18


 676              		.global	__aeabi_dadd
 677              		.global	__aeabi_d2iz
 678              		.section	.text.MultAcc_1_FloatToQ23,"ax",%progbits
 679              		.align	2
 680              		.global	MultAcc_1_FloatToQ23
 681              		.thumb
 682              		.thumb_func
 683              		.type	MultAcc_1_FloatToQ23, %function
 684              	MultAcc_1_FloatToQ23:
 685              	.LFB74:
 295:.\Generated_Source\PSoC5/MultAcc_1.c **** 
 296:.\Generated_Source\PSoC5/MultAcc_1.c **** int32 MultAcc_1_FloatToQ23(float input)
 297:.\Generated_Source\PSoC5/MultAcc_1.c **** {
 686              		.loc 1 297 0
 687              		.cfi_startproc
 688              		@ args = 0, pretend = 0, frame = 16
 689              		@ frame_needed = 1, uses_anonymous_args = 0
 690 0000 80B5     		push	{r7, lr}
 691              		.cfi_def_cfa_offset 8
 692              		.cfi_offset 7, -8
 693              		.cfi_offset 14, -4
 694 0002 84B0     		sub	sp, sp, #16
 695              		.cfi_def_cfa_offset 24
 696 0004 00AF     		add	r7, sp, #0
 697              		.cfi_def_cfa_register 7
 698 0006 7860     		str	r0, [r7, #4]	@ float
 298:.\Generated_Source\PSoC5/MultAcc_1.c **** 	int32 output;
 299:.\Generated_Source\PSoC5/MultAcc_1.c **** 	
 300:.\Generated_Source\PSoC5/MultAcc_1.c **** 	// limit the input range to the valid values
 301:.\Generated_Source\PSoC5/MultAcc_1.c **** 	if(input > (1.0-0.00000011920928955078))
 699              		.loc 1 301 0
 700 0008 7868     		ldr	r0, [r7, #4]	@ float
 701 000a 1949     		ldr	r1, .L44
 702 000c FFF7FEFF 		bl	__aeabi_fcmpgt
 703 0010 0346     		mov	r3, r0
 704 0012 002B     		cmp	r3, #0
 705 0014 01D0     		beq	.L37
 302:.\Generated_Source\PSoC5/MultAcc_1.c **** 	{
 303:.\Generated_Source\PSoC5/MultAcc_1.c **** 		input = (1-0.00000011920928955078);
 706              		.loc 1 303 0
 707 0016 164B     		ldr	r3, .L44
 708 0018 7B60     		str	r3, [r7, #4]	@ float
 709              	.L37:
 304:.\Generated_Source\PSoC5/MultAcc_1.c **** 	}
 305:.\Generated_Source\PSoC5/MultAcc_1.c **** 	if(input < -1.0)
 710              		.loc 1 305 0
 711 001a 7868     		ldr	r0, [r7, #4]	@ float
 712 001c 1549     		ldr	r1, .L44+4
 713 001e FFF7FEFF 		bl	__aeabi_fcmplt
 714 0022 0346     		mov	r3, r0
 715 0024 002B     		cmp	r3, #0
 716 0026 01D0     		beq	.L39
 306:.\Generated_Source\PSoC5/MultAcc_1.c **** 	{
 307:.\Generated_Source\PSoC5/MultAcc_1.c **** 		input = -1.0;
 717              		.loc 1 307 0
 718 0028 124B     		ldr	r3, .L44+4
 719 002a 7B60     		str	r3, [r7, #4]	@ float
ARM GAS  C:\Users\SCOTTC~1\AppData\Local\Temp\ccrEt41f.s 			page 19


 720              	.L39:
 308:.\Generated_Source\PSoC5/MultAcc_1.c **** 	}
 309:.\Generated_Source\PSoC5/MultAcc_1.c **** 	
 310:.\Generated_Source\PSoC5/MultAcc_1.c **** 	output = ((int32) (input * 8388608.0 + 0.5));
 721              		.loc 1 310 0
 722 002c 7868     		ldr	r0, [r7, #4]	@ float
 723 002e FFF7FEFF 		bl	__aeabi_f2d
 724 0032 0246     		mov	r2, r0
 725 0034 0B46     		mov	r3, r1
 726 0036 1046     		mov	r0, r2
 727 0038 1946     		mov	r1, r3
 728 003a 4FF00002 		mov	r2, #0
 729 003e 0E4B     		ldr	r3, .L44+8
 730 0040 FFF7FEFF 		bl	__aeabi_dmul
 731 0044 0246     		mov	r2, r0
 732 0046 0B46     		mov	r3, r1
 733 0048 1046     		mov	r0, r2
 734 004a 1946     		mov	r1, r3
 735 004c 4FF00002 		mov	r2, #0
 736 0050 0A4B     		ldr	r3, .L44+12
 737 0052 FFF7FEFF 		bl	__aeabi_dadd
 738 0056 0246     		mov	r2, r0
 739 0058 0B46     		mov	r3, r1
 740 005a 1046     		mov	r0, r2
 741 005c 1946     		mov	r1, r3
 742 005e FFF7FEFF 		bl	__aeabi_d2iz
 743 0062 0346     		mov	r3, r0
 744 0064 FB60     		str	r3, [r7, #12]
 311:.\Generated_Source\PSoC5/MultAcc_1.c **** 	
 312:.\Generated_Source\PSoC5/MultAcc_1.c **** 	return output;
 745              		.loc 1 312 0
 746 0066 FB68     		ldr	r3, [r7, #12]
 313:.\Generated_Source\PSoC5/MultAcc_1.c **** }
 747              		.loc 1 313 0
 748 0068 1846     		mov	r0, r3
 749 006a 1037     		adds	r7, r7, #16
 750 006c BD46     		mov	sp, r7
 751              		@ sp needed
 752 006e 80BD     		pop	{r7, pc}
 753              	.L45:
 754              		.align	2
 755              	.L44:
 756 0070 FEFF7F3F 		.word	1065353214
 757 0074 000080BF 		.word	-1082130432
 758 0078 00006041 		.word	1096810496
 759 007c 0000E03F 		.word	1071644672
 760              		.cfi_endproc
 761              	.LFE74:
 762              		.size	MultAcc_1_FloatToQ23, .-MultAcc_1_FloatToQ23
 763              		.bss
 764              	status_flags.5761:
 765 0001 00       		.space	1
 766              		.text
 767              	.Letext0:
 768              		.file 2 "c:\\program files\\cypress\\psoc creator\\3.2\\psoc creator\\import\\gnu\\arm\\4.8.4\\arm
 769              		.file 3 "c:\\program files\\cypress\\psoc creator\\3.2\\psoc creator\\import\\gnu\\arm\\4.8.4\\arm
 770              		.file 4 "Generated_Source\\PSoC5/cytypes.h"
ARM GAS  C:\Users\SCOTTC~1\AppData\Local\Temp\ccrEt41f.s 			page 20


 771              		.file 5 ".\\Generated_Source\\PSoC5\\MultAcc_1.h"
 772              		.file 6 "..\\..\\CMSIS_project\\CMSIS_project.cydsn\\CMSISfile\\CMSIS\\Include/core_cm3.h"
 773              		.section	.debug_info,"",%progbits
 774              	.Ldebug_info0:
 775 0000 49030000 		.4byte	0x349
 776 0004 0400     		.2byte	0x4
 777 0006 00000000 		.4byte	.Ldebug_abbrev0
 778 000a 04       		.byte	0x4
 779 000b 01       		.uleb128 0x1
 780 000c 20000000 		.4byte	.LASF50
 781 0010 01       		.byte	0x1
 782 0011 6A010000 		.4byte	.LASF51
 783 0015 1C020000 		.4byte	.LASF52
 784 0019 00000000 		.4byte	.Ldebug_ranges0+0
 785 001d 00000000 		.4byte	0
 786 0021 00000000 		.4byte	.Ldebug_line0
 787 0025 02       		.uleb128 0x2
 788 0026 01       		.byte	0x1
 789 0027 06       		.byte	0x6
 790 0028 14000000 		.4byte	.LASF0
 791 002c 02       		.uleb128 0x2
 792 002d 01       		.byte	0x1
 793 002e 08       		.byte	0x8
 794 002f 2A010000 		.4byte	.LASF1
 795 0033 02       		.uleb128 0x2
 796 0034 02       		.byte	0x2
 797 0035 05       		.byte	0x5
 798 0036 22030000 		.4byte	.LASF2
 799 003a 02       		.uleb128 0x2
 800 003b 02       		.byte	0x2
 801 003c 07       		.byte	0x7
 802 003d C8000000 		.4byte	.LASF3
 803 0041 03       		.uleb128 0x3
 804 0042 BE000000 		.4byte	.LASF9
 805 0046 02       		.byte	0x2
 806 0047 37       		.byte	0x37
 807 0048 4C000000 		.4byte	0x4c
 808 004c 02       		.uleb128 0x2
 809 004d 04       		.byte	0x4
 810 004e 05       		.byte	0x5
 811 004f 49030000 		.4byte	.LASF4
 812 0053 02       		.uleb128 0x2
 813 0054 04       		.byte	0x4
 814 0055 07       		.byte	0x7
 815 0056 58010000 		.4byte	.LASF5
 816 005a 02       		.uleb128 0x2
 817 005b 08       		.byte	0x8
 818 005c 05       		.byte	0x5
 819 005d C7020000 		.4byte	.LASF6
 820 0061 02       		.uleb128 0x2
 821 0062 08       		.byte	0x8
 822 0063 07       		.byte	0x7
 823 0064 60020000 		.4byte	.LASF7
 824 0068 04       		.uleb128 0x4
 825 0069 04       		.byte	0x4
 826 006a 05       		.byte	0x5
 827 006b 696E7400 		.ascii	"int\000"
ARM GAS  C:\Users\SCOTTC~1\AppData\Local\Temp\ccrEt41f.s 			page 21


 828 006f 02       		.uleb128 0x2
 829 0070 04       		.byte	0x4
 830 0071 07       		.byte	0x7
 831 0072 0F020000 		.4byte	.LASF8
 832 0076 03       		.uleb128 0x3
 833 0077 B6020000 		.4byte	.LASF10
 834 007b 03       		.byte	0x3
 835 007c 41       		.byte	0x41
 836 007d 41000000 		.4byte	0x41
 837 0081 03       		.uleb128 0x3
 838 0082 E2000000 		.4byte	.LASF11
 839 0086 04       		.byte	0x4
 840 0087 A1       		.byte	0xa1
 841 0088 2C000000 		.4byte	0x2c
 842 008c 03       		.uleb128 0x3
 843 008d DD010000 		.4byte	.LASF12
 844 0091 04       		.byte	0x4
 845 0092 A2       		.byte	0xa2
 846 0093 3A000000 		.4byte	0x3a
 847 0097 03       		.uleb128 0x3
 848 0098 F4010000 		.4byte	.LASF13
 849 009c 04       		.byte	0x4
 850 009d A3       		.byte	0xa3
 851 009e 53000000 		.4byte	0x53
 852 00a2 03       		.uleb128 0x3
 853 00a3 8F010000 		.4byte	.LASF14
 854 00a7 04       		.byte	0x4
 855 00a8 A6       		.byte	0xa6
 856 00a9 4C000000 		.4byte	0x4c
 857 00ad 02       		.uleb128 0x2
 858 00ae 04       		.byte	0x4
 859 00af 04       		.byte	0x4
 860 00b0 24010000 		.4byte	.LASF15
 861 00b4 02       		.uleb128 0x2
 862 00b5 08       		.byte	0x8
 863 00b6 04       		.byte	0x4
 864 00b7 DB000000 		.4byte	.LASF16
 865 00bb 02       		.uleb128 0x2
 866 00bc 01       		.byte	0x1
 867 00bd 08       		.byte	0x8
 868 00be D5020000 		.4byte	.LASF17
 869 00c2 05       		.uleb128 0x5
 870 00c3 3E010000 		.4byte	.LASF18
 871 00c7 04       		.byte	0x4
 872 00c8 4B01     		.2byte	0x14b
 873 00ca CE000000 		.4byte	0xce
 874 00ce 06       		.uleb128 0x6
 875 00cf 81000000 		.4byte	0x81
 876 00d3 02       		.uleb128 0x2
 877 00d4 04       		.byte	0x4
 878 00d5 07       		.byte	0x7
 879 00d6 BE020000 		.4byte	.LASF19
 880 00da 07       		.uleb128 0x7
 881 00db 20       		.byte	0x20
 882 00dc 05       		.byte	0x5
 883 00dd 40       		.byte	0x40
 884 00de EF000000 		.4byte	0xef
ARM GAS  C:\Users\SCOTTC~1\AppData\Local\Temp\ccrEt41f.s 			page 22


 885 00e2 08       		.uleb128 0x8
 886 00e3 64617400 		.ascii	"dat\000"
 887 00e7 05       		.byte	0x5
 888 00e8 42       		.byte	0x42
 889 00e9 EF000000 		.4byte	0xef
 890 00ed 00       		.byte	0
 891 00ee 00       		.byte	0
 892 00ef 09       		.uleb128 0x9
 893 00f0 97000000 		.4byte	0x97
 894 00f4 FF000000 		.4byte	0xff
 895 00f8 0A       		.uleb128 0xa
 896 00f9 D3000000 		.4byte	0xd3
 897 00fd 07       		.byte	0x7
 898 00fe 00       		.byte	0
 899 00ff 03       		.uleb128 0x3
 900 0100 E4010000 		.4byte	.LASF20
 901 0104 05       		.byte	0x5
 902 0105 43       		.byte	0x43
 903 0106 DA000000 		.4byte	0xda
 904 010a 0B       		.uleb128 0xb
 905 010b A1010000 		.4byte	.LASF21
 906 010f 01       		.byte	0x1
 907 0110 2D       		.byte	0x2d
 908 0111 00000000 		.4byte	.LFB63
 909 0115 0E000000 		.4byte	.LFE63-.LFB63
 910 0119 01       		.uleb128 0x1
 911 011a 9C       		.byte	0x9c
 912 011b 0B       		.uleb128 0xb
 913 011c A5020000 		.4byte	.LASF22
 914 0120 01       		.byte	0x1
 915 0121 35       		.byte	0x35
 916 0122 00000000 		.4byte	.LFB64
 917 0126 0E000000 		.4byte	.LFE64-.LFB64
 918 012a 01       		.uleb128 0x1
 919 012b 9C       		.byte	0x9c
 920 012c 0B       		.uleb128 0xb
 921 012d 12030000 		.4byte	.LASF23
 922 0131 01       		.byte	0x1
 923 0132 3D       		.byte	0x3d
 924 0133 00000000 		.4byte	.LFB65
 925 0137 12000000 		.4byte	.LFE65-.LFB65
 926 013b 01       		.uleb128 0x1
 927 013c 9C       		.byte	0x9c
 928 013d 0B       		.uleb128 0xb
 929 013e EC020000 		.4byte	.LASF24
 930 0142 01       		.byte	0x1
 931 0143 46       		.byte	0x46
 932 0144 00000000 		.4byte	.LFB66
 933 0148 0E000000 		.4byte	.LFE66-.LFB66
 934 014c 01       		.uleb128 0x1
 935 014d 9C       		.byte	0x9c
 936 014e 0C       		.uleb128 0xc
 937 014f DA020000 		.4byte	.LASF25
 938 0153 01       		.byte	0x1
 939 0154 5A       		.byte	0x5a
 940 0155 00000000 		.4byte	.LFB67
 941 0159 00010000 		.4byte	.LFE67-.LFB67
ARM GAS  C:\Users\SCOTTC~1\AppData\Local\Temp\ccrEt41f.s 			page 23


 942 015d 01       		.uleb128 0x1
 943 015e 9C       		.byte	0x9c
 944 015f 0C       		.uleb128 0xc
 945 0160 00000000 		.4byte	.LASF26
 946 0164 01       		.byte	0x1
 947 0165 7F       		.byte	0x7f
 948 0166 00000000 		.4byte	.LFB68
 949 016a 5C000000 		.4byte	.LFE68-.LFB68
 950 016e 01       		.uleb128 0x1
 951 016f 9C       		.byte	0x9c
 952 0170 0C       		.uleb128 0xc
 953 0171 C8010000 		.4byte	.LASF27
 954 0175 01       		.byte	0x1
 955 0176 8C       		.byte	0x8c
 956 0177 00000000 		.4byte	.LFB69
 957 017b 2C000000 		.4byte	.LFE69-.LFB69
 958 017f 01       		.uleb128 0x1
 959 0180 9C       		.byte	0x9c
 960 0181 0D       		.uleb128 0xd
 961 0182 FB020000 		.4byte	.LASF30
 962 0186 01       		.byte	0x1
 963 0187 95       		.byte	0x95
 964 0188 00000000 		.4byte	.LFB70
 965 018c 30000000 		.4byte	.LFE70-.LFB70
 966 0190 01       		.uleb128 0x1
 967 0191 9C       		.byte	0x9c
 968 0192 A5010000 		.4byte	0x1a5
 969 0196 0E       		.uleb128 0xe
 970 0197 95010000 		.4byte	.LASF28
 971 019b 01       		.byte	0x1
 972 019c 95       		.byte	0x95
 973 019d 81000000 		.4byte	0x81
 974 01a1 02       		.uleb128 0x2
 975 01a2 91       		.byte	0x91
 976 01a3 77       		.sleb128 -9
 977 01a4 00       		.byte	0
 978 01a5 0F       		.uleb128 0xf
 979 01a6 52030000 		.4byte	.LASF38
 980 01aa 01       		.byte	0x1
 981 01ab A5       		.byte	0xa5
 982 01ac 81000000 		.4byte	0x81
 983 01b0 00000000 		.4byte	.LFB71
 984 01b4 74000000 		.4byte	.LFE71-.LFB71
 985 01b8 01       		.uleb128 0x1
 986 01b9 9C       		.byte	0x9c
 987 01ba DE010000 		.4byte	0x1de
 988 01be 0E       		.uleb128 0xe
 989 01bf 19010000 		.4byte	.LASF29
 990 01c3 01       		.byte	0x1
 991 01c4 A5       		.byte	0xa5
 992 01c5 81000000 		.4byte	0x81
 993 01c9 02       		.uleb128 0x2
 994 01ca 91       		.byte	0x91
 995 01cb 77       		.sleb128 -9
 996 01cc 10       		.uleb128 0x10
 997 01cd B1000000 		.4byte	.LASF32
 998 01d1 01       		.byte	0x1
ARM GAS  C:\Users\SCOTTC~1\AppData\Local\Temp\ccrEt41f.s 			page 24


 999 01d2 A7       		.byte	0xa7
 1000 01d3 81000000 		.4byte	0x81
 1001 01d7 05       		.uleb128 0x5
 1002 01d8 03       		.byte	0x3
 1003 01d9 01000000 		.4byte	status_flags.5761
 1004 01dd 00       		.byte	0
 1005 01de 11       		.uleb128 0x11
 1006 01df FB010000 		.4byte	.LASF31
 1007 01e3 01       		.byte	0x1
 1008 01e4 FD       		.byte	0xfd
 1009 01e5 A2000000 		.4byte	0xa2
 1010 01e9 00000000 		.4byte	.LFB72
 1011 01ed 60000000 		.4byte	.LFE72-.LFB72
 1012 01f1 01       		.uleb128 0x1
 1013 01f2 9C       		.byte	0x9c
 1014 01f3 42020000 		.4byte	0x242
 1015 01f7 10       		.uleb128 0x10
 1016 01f8 8D020000 		.4byte	.LASF33
 1017 01fc 01       		.byte	0x1
 1018 01fd FF       		.byte	0xff
 1019 01fe 81000000 		.4byte	0x81
 1020 0202 02       		.uleb128 0x2
 1021 0203 91       		.byte	0x91
 1022 0204 76       		.sleb128 -10
 1023 0205 12       		.uleb128 0x12
 1024 0206 93020000 		.4byte	.LASF34
 1025 020a 01       		.byte	0x1
 1026 020b 0001     		.2byte	0x100
 1027 020d 81000000 		.4byte	0x81
 1028 0211 02       		.uleb128 0x2
 1029 0212 91       		.byte	0x91
 1030 0213 75       		.sleb128 -11
 1031 0214 12       		.uleb128 0x12
 1032 0215 99020000 		.4byte	.LASF35
 1033 0219 01       		.byte	0x1
 1034 021a 0101     		.2byte	0x101
 1035 021c 81000000 		.4byte	0x81
 1036 0220 02       		.uleb128 0x2
 1037 0221 91       		.byte	0x91
 1038 0222 77       		.sleb128 -9
 1039 0223 12       		.uleb128 0x12
 1040 0224 9F020000 		.4byte	.LASF36
 1041 0228 01       		.byte	0x1
 1042 0229 0201     		.2byte	0x102
 1043 022b 81000000 		.4byte	0x81
 1044 022f 02       		.uleb128 0x2
 1045 0230 91       		.byte	0x91
 1046 0231 74       		.sleb128 -12
 1047 0232 12       		.uleb128 0x12
 1048 0233 2C030000 		.4byte	.LASF37
 1049 0237 01       		.byte	0x1
 1050 0238 0301     		.2byte	0x103
 1051 023a 97000000 		.4byte	0x97
 1052 023e 02       		.uleb128 0x2
 1053 023f 91       		.byte	0x91
 1054 0240 70       		.sleb128 -16
 1055 0241 00       		.byte	0
ARM GAS  C:\Users\SCOTTC~1\AppData\Local\Temp\ccrEt41f.s 			page 25


 1056 0242 13       		.uleb128 0x13
 1057 0243 43010000 		.4byte	.LASF39
 1058 0247 01       		.byte	0x1
 1059 0248 1501     		.2byte	0x115
 1060 024a AD000000 		.4byte	0xad
 1061 024e 00000000 		.4byte	.LFB73
 1062 0252 48000000 		.4byte	.LFE73-.LFB73
 1063 0256 01       		.uleb128 0x1
 1064 0257 9C       		.byte	0x9c
 1065 0258 7B020000 		.4byte	0x27b
 1066 025c 14       		.uleb128 0x14
 1067 025d 38010000 		.4byte	.LASF40
 1068 0261 01       		.byte	0x1
 1069 0262 1501     		.2byte	0x115
 1070 0264 A2000000 		.4byte	0xa2
 1071 0268 02       		.uleb128 0x2
 1072 0269 91       		.byte	0x91
 1073 026a 6C       		.sleb128 -20
 1074 026b 12       		.uleb128 0x12
 1075 026c 2C030000 		.4byte	.LASF37
 1076 0270 01       		.byte	0x1
 1077 0271 1701     		.2byte	0x117
 1078 0273 AD000000 		.4byte	0xad
 1079 0277 02       		.uleb128 0x2
 1080 0278 91       		.byte	0x91
 1081 0279 74       		.sleb128 -12
 1082 027a 00       		.byte	0
 1083 027b 13       		.uleb128 0x13
 1084 027c 9C000000 		.4byte	.LASF41
 1085 0280 01       		.byte	0x1
 1086 0281 2801     		.2byte	0x128
 1087 0283 A2000000 		.4byte	0xa2
 1088 0287 00000000 		.4byte	.LFB74
 1089 028b 80000000 		.4byte	.LFE74-.LFB74
 1090 028f 01       		.uleb128 0x1
 1091 0290 9C       		.byte	0x9c
 1092 0291 B4020000 		.4byte	0x2b4
 1093 0295 14       		.uleb128 0x14
 1094 0296 38010000 		.4byte	.LASF40
 1095 029a 01       		.byte	0x1
 1096 029b 2801     		.2byte	0x128
 1097 029d AD000000 		.4byte	0xad
 1098 02a1 02       		.uleb128 0x2
 1099 02a2 91       		.byte	0x91
 1100 02a3 6C       		.sleb128 -20
 1101 02a4 12       		.uleb128 0x12
 1102 02a5 2C030000 		.4byte	.LASF37
 1103 02a9 01       		.byte	0x1
 1104 02aa 2A01     		.2byte	0x12a
 1105 02ac A2000000 		.4byte	0xa2
 1106 02b0 02       		.uleb128 0x2
 1107 02b1 91       		.byte	0x91
 1108 02b2 74       		.sleb128 -12
 1109 02b3 00       		.byte	0
 1110 02b4 15       		.uleb128 0x15
 1111 02b5 80030000 		.4byte	.LASF42
 1112 02b9 06       		.byte	0x6
ARM GAS  C:\Users\SCOTTC~1\AppData\Local\Temp\ccrEt41f.s 			page 26


 1113 02ba 5506     		.2byte	0x655
 1114 02bc C0020000 		.4byte	0x2c0
 1115 02c0 06       		.uleb128 0x6
 1116 02c1 76000000 		.4byte	0x76
 1117 02c5 16       		.uleb128 0x16
 1118 02c6 B0010000 		.4byte	.LASF43
 1119 02ca 01       		.byte	0x1
 1120 02cb 1D       		.byte	0x1d
 1121 02cc FF000000 		.4byte	0xff
 1122 02d0 05       		.uleb128 0x5
 1123 02d1 03       		.byte	0x3
 1124 02d2 00000000 		.4byte	MultAcc_1_a
 1125 02d6 16       		.uleb128 0x16
 1126 02d7 BC010000 		.4byte	.LASF44
 1127 02db 01       		.byte	0x1
 1128 02dc 1E       		.byte	0x1e
 1129 02dd FF000000 		.4byte	0xff
 1130 02e1 05       		.uleb128 0x5
 1131 02e2 03       		.byte	0x3
 1132 02e3 00000000 		.4byte	MultAcc_1_b
 1133 02e7 16       		.uleb128 0x16
 1134 02e8 68030000 		.4byte	.LASF45
 1135 02ec 01       		.byte	0x1
 1136 02ed 23       		.byte	0x23
 1137 02ee 81000000 		.4byte	0x81
 1138 02f2 05       		.uleb128 0x5
 1139 02f3 03       		.byte	0x3
 1140 02f4 00000000 		.4byte	MultAcc_1_DMA_IN_A_Chan
 1141 02f8 09       		.uleb128 0x9
 1142 02f9 81000000 		.4byte	0x81
 1143 02fd 08030000 		.4byte	0x308
 1144 0301 0A       		.uleb128 0xa
 1145 0302 D3000000 		.4byte	0xd3
 1146 0306 00       		.byte	0
 1147 0307 00       		.byte	0
 1148 0308 16       		.uleb128 0x16
 1149 0309 77020000 		.4byte	.LASF46
 1150 030d 01       		.byte	0x1
 1151 030e 24       		.byte	0x24
 1152 030f F8020000 		.4byte	0x2f8
 1153 0313 05       		.uleb128 0x5
 1154 0314 03       		.byte	0x3
 1155 0315 00000000 		.4byte	MultAcc_1_DMA_IN_A_TD
 1156 0319 16       		.uleb128 0x16
 1157 031a 01010000 		.4byte	.LASF47
 1158 031e 01       		.byte	0x1
 1159 031f 26       		.byte	0x26
 1160 0320 81000000 		.4byte	0x81
 1161 0324 05       		.uleb128 0x5
 1162 0325 03       		.byte	0x3
 1163 0326 00000000 		.4byte	MultAcc_1_DMA_IN_B_Chan
 1164 032a 16       		.uleb128 0x16
 1165 032b 33030000 		.4byte	.LASF48
 1166 032f 01       		.byte	0x1
 1167 0330 27       		.byte	0x27
 1168 0331 F8020000 		.4byte	0x2f8
 1169 0335 05       		.uleb128 0x5
ARM GAS  C:\Users\SCOTTC~1\AppData\Local\Temp\ccrEt41f.s 			page 27


 1170 0336 03       		.byte	0x3
 1171 0337 00000000 		.4byte	MultAcc_1_DMA_IN_B_TD
 1172 033b 16       		.uleb128 0x16
 1173 033c E8000000 		.4byte	.LASF49
 1174 0340 01       		.byte	0x1
 1175 0341 29       		.byte	0x29
 1176 0342 81000000 		.4byte	0x81
 1177 0346 05       		.uleb128 0x5
 1178 0347 03       		.byte	0x3
 1179 0348 00000000 		.4byte	MultAcc_1_DMAInitialized
 1180 034c 00       		.byte	0
 1181              		.section	.debug_abbrev,"",%progbits
 1182              	.Ldebug_abbrev0:
 1183 0000 01       		.uleb128 0x1
 1184 0001 11       		.uleb128 0x11
 1185 0002 01       		.byte	0x1
 1186 0003 25       		.uleb128 0x25
 1187 0004 0E       		.uleb128 0xe
 1188 0005 13       		.uleb128 0x13
 1189 0006 0B       		.uleb128 0xb
 1190 0007 03       		.uleb128 0x3
 1191 0008 0E       		.uleb128 0xe
 1192 0009 1B       		.uleb128 0x1b
 1193 000a 0E       		.uleb128 0xe
 1194 000b 55       		.uleb128 0x55
 1195 000c 17       		.uleb128 0x17
 1196 000d 11       		.uleb128 0x11
 1197 000e 01       		.uleb128 0x1
 1198 000f 10       		.uleb128 0x10
 1199 0010 17       		.uleb128 0x17
 1200 0011 00       		.byte	0
 1201 0012 00       		.byte	0
 1202 0013 02       		.uleb128 0x2
 1203 0014 24       		.uleb128 0x24
 1204 0015 00       		.byte	0
 1205 0016 0B       		.uleb128 0xb
 1206 0017 0B       		.uleb128 0xb
 1207 0018 3E       		.uleb128 0x3e
 1208 0019 0B       		.uleb128 0xb
 1209 001a 03       		.uleb128 0x3
 1210 001b 0E       		.uleb128 0xe
 1211 001c 00       		.byte	0
 1212 001d 00       		.byte	0
 1213 001e 03       		.uleb128 0x3
 1214 001f 16       		.uleb128 0x16
 1215 0020 00       		.byte	0
 1216 0021 03       		.uleb128 0x3
 1217 0022 0E       		.uleb128 0xe
 1218 0023 3A       		.uleb128 0x3a
 1219 0024 0B       		.uleb128 0xb
 1220 0025 3B       		.uleb128 0x3b
 1221 0026 0B       		.uleb128 0xb
 1222 0027 49       		.uleb128 0x49
 1223 0028 13       		.uleb128 0x13
 1224 0029 00       		.byte	0
 1225 002a 00       		.byte	0
 1226 002b 04       		.uleb128 0x4
ARM GAS  C:\Users\SCOTTC~1\AppData\Local\Temp\ccrEt41f.s 			page 28


 1227 002c 24       		.uleb128 0x24
 1228 002d 00       		.byte	0
 1229 002e 0B       		.uleb128 0xb
 1230 002f 0B       		.uleb128 0xb
 1231 0030 3E       		.uleb128 0x3e
 1232 0031 0B       		.uleb128 0xb
 1233 0032 03       		.uleb128 0x3
 1234 0033 08       		.uleb128 0x8
 1235 0034 00       		.byte	0
 1236 0035 00       		.byte	0
 1237 0036 05       		.uleb128 0x5
 1238 0037 16       		.uleb128 0x16
 1239 0038 00       		.byte	0
 1240 0039 03       		.uleb128 0x3
 1241 003a 0E       		.uleb128 0xe
 1242 003b 3A       		.uleb128 0x3a
 1243 003c 0B       		.uleb128 0xb
 1244 003d 3B       		.uleb128 0x3b
 1245 003e 05       		.uleb128 0x5
 1246 003f 49       		.uleb128 0x49
 1247 0040 13       		.uleb128 0x13
 1248 0041 00       		.byte	0
 1249 0042 00       		.byte	0
 1250 0043 06       		.uleb128 0x6
 1251 0044 35       		.uleb128 0x35
 1252 0045 00       		.byte	0
 1253 0046 49       		.uleb128 0x49
 1254 0047 13       		.uleb128 0x13
 1255 0048 00       		.byte	0
 1256 0049 00       		.byte	0
 1257 004a 07       		.uleb128 0x7
 1258 004b 13       		.uleb128 0x13
 1259 004c 01       		.byte	0x1
 1260 004d 0B       		.uleb128 0xb
 1261 004e 0B       		.uleb128 0xb
 1262 004f 3A       		.uleb128 0x3a
 1263 0050 0B       		.uleb128 0xb
 1264 0051 3B       		.uleb128 0x3b
 1265 0052 0B       		.uleb128 0xb
 1266 0053 01       		.uleb128 0x1
 1267 0054 13       		.uleb128 0x13
 1268 0055 00       		.byte	0
 1269 0056 00       		.byte	0
 1270 0057 08       		.uleb128 0x8
 1271 0058 0D       		.uleb128 0xd
 1272 0059 00       		.byte	0
 1273 005a 03       		.uleb128 0x3
 1274 005b 08       		.uleb128 0x8
 1275 005c 3A       		.uleb128 0x3a
 1276 005d 0B       		.uleb128 0xb
 1277 005e 3B       		.uleb128 0x3b
 1278 005f 0B       		.uleb128 0xb
 1279 0060 49       		.uleb128 0x49
 1280 0061 13       		.uleb128 0x13
 1281 0062 38       		.uleb128 0x38
 1282 0063 0B       		.uleb128 0xb
 1283 0064 00       		.byte	0
ARM GAS  C:\Users\SCOTTC~1\AppData\Local\Temp\ccrEt41f.s 			page 29


 1284 0065 00       		.byte	0
 1285 0066 09       		.uleb128 0x9
 1286 0067 01       		.uleb128 0x1
 1287 0068 01       		.byte	0x1
 1288 0069 49       		.uleb128 0x49
 1289 006a 13       		.uleb128 0x13
 1290 006b 01       		.uleb128 0x1
 1291 006c 13       		.uleb128 0x13
 1292 006d 00       		.byte	0
 1293 006e 00       		.byte	0
 1294 006f 0A       		.uleb128 0xa
 1295 0070 21       		.uleb128 0x21
 1296 0071 00       		.byte	0
 1297 0072 49       		.uleb128 0x49
 1298 0073 13       		.uleb128 0x13
 1299 0074 2F       		.uleb128 0x2f
 1300 0075 0B       		.uleb128 0xb
 1301 0076 00       		.byte	0
 1302 0077 00       		.byte	0
 1303 0078 0B       		.uleb128 0xb
 1304 0079 2E       		.uleb128 0x2e
 1305 007a 00       		.byte	0
 1306 007b 3F       		.uleb128 0x3f
 1307 007c 19       		.uleb128 0x19
 1308 007d 03       		.uleb128 0x3
 1309 007e 0E       		.uleb128 0xe
 1310 007f 3A       		.uleb128 0x3a
 1311 0080 0B       		.uleb128 0xb
 1312 0081 3B       		.uleb128 0x3b
 1313 0082 0B       		.uleb128 0xb
 1314 0083 11       		.uleb128 0x11
 1315 0084 01       		.uleb128 0x1
 1316 0085 12       		.uleb128 0x12
 1317 0086 06       		.uleb128 0x6
 1318 0087 40       		.uleb128 0x40
 1319 0088 18       		.uleb128 0x18
 1320 0089 9642     		.uleb128 0x2116
 1321 008b 19       		.uleb128 0x19
 1322 008c 00       		.byte	0
 1323 008d 00       		.byte	0
 1324 008e 0C       		.uleb128 0xc
 1325 008f 2E       		.uleb128 0x2e
 1326 0090 00       		.byte	0
 1327 0091 3F       		.uleb128 0x3f
 1328 0092 19       		.uleb128 0x19
 1329 0093 03       		.uleb128 0x3
 1330 0094 0E       		.uleb128 0xe
 1331 0095 3A       		.uleb128 0x3a
 1332 0096 0B       		.uleb128 0xb
 1333 0097 3B       		.uleb128 0x3b
 1334 0098 0B       		.uleb128 0xb
 1335 0099 27       		.uleb128 0x27
 1336 009a 19       		.uleb128 0x19
 1337 009b 11       		.uleb128 0x11
 1338 009c 01       		.uleb128 0x1
 1339 009d 12       		.uleb128 0x12
 1340 009e 06       		.uleb128 0x6
ARM GAS  C:\Users\SCOTTC~1\AppData\Local\Temp\ccrEt41f.s 			page 30


 1341 009f 40       		.uleb128 0x40
 1342 00a0 18       		.uleb128 0x18
 1343 00a1 9642     		.uleb128 0x2116
 1344 00a3 19       		.uleb128 0x19
 1345 00a4 00       		.byte	0
 1346 00a5 00       		.byte	0
 1347 00a6 0D       		.uleb128 0xd
 1348 00a7 2E       		.uleb128 0x2e
 1349 00a8 01       		.byte	0x1
 1350 00a9 3F       		.uleb128 0x3f
 1351 00aa 19       		.uleb128 0x19
 1352 00ab 03       		.uleb128 0x3
 1353 00ac 0E       		.uleb128 0xe
 1354 00ad 3A       		.uleb128 0x3a
 1355 00ae 0B       		.uleb128 0xb
 1356 00af 3B       		.uleb128 0x3b
 1357 00b0 0B       		.uleb128 0xb
 1358 00b1 27       		.uleb128 0x27
 1359 00b2 19       		.uleb128 0x19
 1360 00b3 11       		.uleb128 0x11
 1361 00b4 01       		.uleb128 0x1
 1362 00b5 12       		.uleb128 0x12
 1363 00b6 06       		.uleb128 0x6
 1364 00b7 40       		.uleb128 0x40
 1365 00b8 18       		.uleb128 0x18
 1366 00b9 9642     		.uleb128 0x2116
 1367 00bb 19       		.uleb128 0x19
 1368 00bc 01       		.uleb128 0x1
 1369 00bd 13       		.uleb128 0x13
 1370 00be 00       		.byte	0
 1371 00bf 00       		.byte	0
 1372 00c0 0E       		.uleb128 0xe
 1373 00c1 05       		.uleb128 0x5
 1374 00c2 00       		.byte	0
 1375 00c3 03       		.uleb128 0x3
 1376 00c4 0E       		.uleb128 0xe
 1377 00c5 3A       		.uleb128 0x3a
 1378 00c6 0B       		.uleb128 0xb
 1379 00c7 3B       		.uleb128 0x3b
 1380 00c8 0B       		.uleb128 0xb
 1381 00c9 49       		.uleb128 0x49
 1382 00ca 13       		.uleb128 0x13
 1383 00cb 02       		.uleb128 0x2
 1384 00cc 18       		.uleb128 0x18
 1385 00cd 00       		.byte	0
 1386 00ce 00       		.byte	0
 1387 00cf 0F       		.uleb128 0xf
 1388 00d0 2E       		.uleb128 0x2e
 1389 00d1 01       		.byte	0x1
 1390 00d2 3F       		.uleb128 0x3f
 1391 00d3 19       		.uleb128 0x19
 1392 00d4 03       		.uleb128 0x3
 1393 00d5 0E       		.uleb128 0xe
 1394 00d6 3A       		.uleb128 0x3a
 1395 00d7 0B       		.uleb128 0xb
 1396 00d8 3B       		.uleb128 0x3b
 1397 00d9 0B       		.uleb128 0xb
ARM GAS  C:\Users\SCOTTC~1\AppData\Local\Temp\ccrEt41f.s 			page 31


 1398 00da 27       		.uleb128 0x27
 1399 00db 19       		.uleb128 0x19
 1400 00dc 49       		.uleb128 0x49
 1401 00dd 13       		.uleb128 0x13
 1402 00de 11       		.uleb128 0x11
 1403 00df 01       		.uleb128 0x1
 1404 00e0 12       		.uleb128 0x12
 1405 00e1 06       		.uleb128 0x6
 1406 00e2 40       		.uleb128 0x40
 1407 00e3 18       		.uleb128 0x18
 1408 00e4 9642     		.uleb128 0x2116
 1409 00e6 19       		.uleb128 0x19
 1410 00e7 01       		.uleb128 0x1
 1411 00e8 13       		.uleb128 0x13
 1412 00e9 00       		.byte	0
 1413 00ea 00       		.byte	0
 1414 00eb 10       		.uleb128 0x10
 1415 00ec 34       		.uleb128 0x34
 1416 00ed 00       		.byte	0
 1417 00ee 03       		.uleb128 0x3
 1418 00ef 0E       		.uleb128 0xe
 1419 00f0 3A       		.uleb128 0x3a
 1420 00f1 0B       		.uleb128 0xb
 1421 00f2 3B       		.uleb128 0x3b
 1422 00f3 0B       		.uleb128 0xb
 1423 00f4 49       		.uleb128 0x49
 1424 00f5 13       		.uleb128 0x13
 1425 00f6 02       		.uleb128 0x2
 1426 00f7 18       		.uleb128 0x18
 1427 00f8 00       		.byte	0
 1428 00f9 00       		.byte	0
 1429 00fa 11       		.uleb128 0x11
 1430 00fb 2E       		.uleb128 0x2e
 1431 00fc 01       		.byte	0x1
 1432 00fd 3F       		.uleb128 0x3f
 1433 00fe 19       		.uleb128 0x19
 1434 00ff 03       		.uleb128 0x3
 1435 0100 0E       		.uleb128 0xe
 1436 0101 3A       		.uleb128 0x3a
 1437 0102 0B       		.uleb128 0xb
 1438 0103 3B       		.uleb128 0x3b
 1439 0104 0B       		.uleb128 0xb
 1440 0105 49       		.uleb128 0x49
 1441 0106 13       		.uleb128 0x13
 1442 0107 11       		.uleb128 0x11
 1443 0108 01       		.uleb128 0x1
 1444 0109 12       		.uleb128 0x12
 1445 010a 06       		.uleb128 0x6
 1446 010b 40       		.uleb128 0x40
 1447 010c 18       		.uleb128 0x18
 1448 010d 9742     		.uleb128 0x2117
 1449 010f 19       		.uleb128 0x19
 1450 0110 01       		.uleb128 0x1
 1451 0111 13       		.uleb128 0x13
 1452 0112 00       		.byte	0
 1453 0113 00       		.byte	0
 1454 0114 12       		.uleb128 0x12
ARM GAS  C:\Users\SCOTTC~1\AppData\Local\Temp\ccrEt41f.s 			page 32


 1455 0115 34       		.uleb128 0x34
 1456 0116 00       		.byte	0
 1457 0117 03       		.uleb128 0x3
 1458 0118 0E       		.uleb128 0xe
 1459 0119 3A       		.uleb128 0x3a
 1460 011a 0B       		.uleb128 0xb
 1461 011b 3B       		.uleb128 0x3b
 1462 011c 05       		.uleb128 0x5
 1463 011d 49       		.uleb128 0x49
 1464 011e 13       		.uleb128 0x13
 1465 011f 02       		.uleb128 0x2
 1466 0120 18       		.uleb128 0x18
 1467 0121 00       		.byte	0
 1468 0122 00       		.byte	0
 1469 0123 13       		.uleb128 0x13
 1470 0124 2E       		.uleb128 0x2e
 1471 0125 01       		.byte	0x1
 1472 0126 3F       		.uleb128 0x3f
 1473 0127 19       		.uleb128 0x19
 1474 0128 03       		.uleb128 0x3
 1475 0129 0E       		.uleb128 0xe
 1476 012a 3A       		.uleb128 0x3a
 1477 012b 0B       		.uleb128 0xb
 1478 012c 3B       		.uleb128 0x3b
 1479 012d 05       		.uleb128 0x5
 1480 012e 27       		.uleb128 0x27
 1481 012f 19       		.uleb128 0x19
 1482 0130 49       		.uleb128 0x49
 1483 0131 13       		.uleb128 0x13
 1484 0132 11       		.uleb128 0x11
 1485 0133 01       		.uleb128 0x1
 1486 0134 12       		.uleb128 0x12
 1487 0135 06       		.uleb128 0x6
 1488 0136 40       		.uleb128 0x40
 1489 0137 18       		.uleb128 0x18
 1490 0138 9642     		.uleb128 0x2116
 1491 013a 19       		.uleb128 0x19
 1492 013b 01       		.uleb128 0x1
 1493 013c 13       		.uleb128 0x13
 1494 013d 00       		.byte	0
 1495 013e 00       		.byte	0
 1496 013f 14       		.uleb128 0x14
 1497 0140 05       		.uleb128 0x5
 1498 0141 00       		.byte	0
 1499 0142 03       		.uleb128 0x3
 1500 0143 0E       		.uleb128 0xe
 1501 0144 3A       		.uleb128 0x3a
 1502 0145 0B       		.uleb128 0xb
 1503 0146 3B       		.uleb128 0x3b
 1504 0147 05       		.uleb128 0x5
 1505 0148 49       		.uleb128 0x49
 1506 0149 13       		.uleb128 0x13
 1507 014a 02       		.uleb128 0x2
 1508 014b 18       		.uleb128 0x18
 1509 014c 00       		.byte	0
 1510 014d 00       		.byte	0
 1511 014e 15       		.uleb128 0x15
ARM GAS  C:\Users\SCOTTC~1\AppData\Local\Temp\ccrEt41f.s 			page 33


 1512 014f 34       		.uleb128 0x34
 1513 0150 00       		.byte	0
 1514 0151 03       		.uleb128 0x3
 1515 0152 0E       		.uleb128 0xe
 1516 0153 3A       		.uleb128 0x3a
 1517 0154 0B       		.uleb128 0xb
 1518 0155 3B       		.uleb128 0x3b
 1519 0156 05       		.uleb128 0x5
 1520 0157 49       		.uleb128 0x49
 1521 0158 13       		.uleb128 0x13
 1522 0159 3F       		.uleb128 0x3f
 1523 015a 19       		.uleb128 0x19
 1524 015b 3C       		.uleb128 0x3c
 1525 015c 19       		.uleb128 0x19
 1526 015d 00       		.byte	0
 1527 015e 00       		.byte	0
 1528 015f 16       		.uleb128 0x16
 1529 0160 34       		.uleb128 0x34
 1530 0161 00       		.byte	0
 1531 0162 03       		.uleb128 0x3
 1532 0163 0E       		.uleb128 0xe
 1533 0164 3A       		.uleb128 0x3a
 1534 0165 0B       		.uleb128 0xb
 1535 0166 3B       		.uleb128 0x3b
 1536 0167 0B       		.uleb128 0xb
 1537 0168 49       		.uleb128 0x49
 1538 0169 13       		.uleb128 0x13
 1539 016a 3F       		.uleb128 0x3f
 1540 016b 19       		.uleb128 0x19
 1541 016c 02       		.uleb128 0x2
 1542 016d 18       		.uleb128 0x18
 1543 016e 00       		.byte	0
 1544 016f 00       		.byte	0
 1545 0170 00       		.byte	0
 1546              		.section	.debug_aranges,"",%progbits
 1547 0000 74000000 		.4byte	0x74
 1548 0004 0200     		.2byte	0x2
 1549 0006 00000000 		.4byte	.Ldebug_info0
 1550 000a 04       		.byte	0x4
 1551 000b 00       		.byte	0
 1552 000c 0000     		.2byte	0
 1553 000e 0000     		.2byte	0
 1554 0010 00000000 		.4byte	.LFB63
 1555 0014 0E000000 		.4byte	.LFE63-.LFB63
 1556 0018 00000000 		.4byte	.LFB64
 1557 001c 0E000000 		.4byte	.LFE64-.LFB64
 1558 0020 00000000 		.4byte	.LFB65
 1559 0024 12000000 		.4byte	.LFE65-.LFB65
 1560 0028 00000000 		.4byte	.LFB66
 1561 002c 0E000000 		.4byte	.LFE66-.LFB66
 1562 0030 00000000 		.4byte	.LFB67
 1563 0034 00010000 		.4byte	.LFE67-.LFB67
 1564 0038 00000000 		.4byte	.LFB68
 1565 003c 5C000000 		.4byte	.LFE68-.LFB68
 1566 0040 00000000 		.4byte	.LFB69
 1567 0044 2C000000 		.4byte	.LFE69-.LFB69
 1568 0048 00000000 		.4byte	.LFB70
ARM GAS  C:\Users\SCOTTC~1\AppData\Local\Temp\ccrEt41f.s 			page 34


 1569 004c 30000000 		.4byte	.LFE70-.LFB70
 1570 0050 00000000 		.4byte	.LFB71
 1571 0054 74000000 		.4byte	.LFE71-.LFB71
 1572 0058 00000000 		.4byte	.LFB72
 1573 005c 60000000 		.4byte	.LFE72-.LFB72
 1574 0060 00000000 		.4byte	.LFB73
 1575 0064 48000000 		.4byte	.LFE73-.LFB73
 1576 0068 00000000 		.4byte	.LFB74
 1577 006c 80000000 		.4byte	.LFE74-.LFB74
 1578 0070 00000000 		.4byte	0
 1579 0074 00000000 		.4byte	0
 1580              		.section	.debug_ranges,"",%progbits
 1581              	.Ldebug_ranges0:
 1582 0000 00000000 		.4byte	.LFB63
 1583 0004 0E000000 		.4byte	.LFE63
 1584 0008 00000000 		.4byte	.LFB64
 1585 000c 0E000000 		.4byte	.LFE64
 1586 0010 00000000 		.4byte	.LFB65
 1587 0014 12000000 		.4byte	.LFE65
 1588 0018 00000000 		.4byte	.LFB66
 1589 001c 0E000000 		.4byte	.LFE66
 1590 0020 00000000 		.4byte	.LFB67
 1591 0024 00010000 		.4byte	.LFE67
 1592 0028 00000000 		.4byte	.LFB68
 1593 002c 5C000000 		.4byte	.LFE68
 1594 0030 00000000 		.4byte	.LFB69
 1595 0034 2C000000 		.4byte	.LFE69
 1596 0038 00000000 		.4byte	.LFB70
 1597 003c 30000000 		.4byte	.LFE70
 1598 0040 00000000 		.4byte	.LFB71
 1599 0044 74000000 		.4byte	.LFE71
 1600 0048 00000000 		.4byte	.LFB72
 1601 004c 60000000 		.4byte	.LFE72
 1602 0050 00000000 		.4byte	.LFB73
 1603 0054 48000000 		.4byte	.LFE73
 1604 0058 00000000 		.4byte	.LFB74
 1605 005c 80000000 		.4byte	.LFE74
 1606 0060 00000000 		.4byte	0
 1607 0064 00000000 		.4byte	0
 1608              		.section	.debug_line,"",%progbits
 1609              	.Ldebug_line0:
 1610 0000 D8020000 		.section	.debug_str,"MS",%progbits,1
 1610      0200A801 
 1610      00000201 
 1610      FB0E0D00 
 1610      01010101 
 1611              	.LASF26:
 1612 0000 4D756C74 		.ascii	"MultAcc_1_DMAEnable\000"
 1612      4163635F 
 1612      315F444D 
 1612      41456E61 
 1612      626C6500 
 1613              	.LASF0:
 1614 0014 7369676E 		.ascii	"signed char\000"
 1614      65642063 
 1614      68617200 
 1615              	.LASF50:
ARM GAS  C:\Users\SCOTTC~1\AppData\Local\Temp\ccrEt41f.s 			page 35


 1616 0020 474E5520 		.ascii	"GNU C 4.8.4 20140526 (release) [ARM/embedded-4_8-br"
 1616      4320342E 
 1616      382E3420 
 1616      32303134 
 1616      30353236 
 1617 0053 616E6368 		.ascii	"anch revision 211358] -mcpu=cortex-m3 -mthumb -g -O"
 1617      20726576 
 1617      6973696F 
 1617      6E203231 
 1617      31333538 
 1618 0086 30202D66 		.ascii	"0 -ffunction-sections\000"
 1618      66756E63 
 1618      74696F6E 
 1618      2D736563 
 1618      74696F6E 
 1619              	.LASF41:
 1620 009c 4D756C74 		.ascii	"MultAcc_1_FloatToQ23\000"
 1620      4163635F 
 1620      315F466C 
 1620      6F617454 
 1620      6F513233 
 1621              	.LASF32:
 1622 00b1 73746174 		.ascii	"status_flags\000"
 1622      75735F66 
 1622      6C616773 
 1622      00
 1623              	.LASF9:
 1624 00be 5F5F696E 		.ascii	"__int32_t\000"
 1624      7433325F 
 1624      7400
 1625              	.LASF3:
 1626 00c8 73686F72 		.ascii	"short unsigned int\000"
 1626      7420756E 
 1626      7369676E 
 1626      65642069 
 1626      6E7400
 1627              	.LASF16:
 1628 00db 646F7562 		.ascii	"double\000"
 1628      6C6500
 1629              	.LASF11:
 1630 00e2 75696E74 		.ascii	"uint8\000"
 1630      3800
 1631              	.LASF49:
 1632 00e8 4D756C74 		.ascii	"MultAcc_1_DMAInitialized\000"
 1632      4163635F 
 1632      315F444D 
 1632      41496E69 
 1632      7469616C 
 1633              	.LASF47:
 1634 0101 4D756C74 		.ascii	"MultAcc_1_DMA_IN_B_Chan\000"
 1634      4163635F 
 1634      315F444D 
 1634      415F494E 
 1634      5F425F43 
 1635              	.LASF29:
 1636 0119 666C6167 		.ascii	"flag_check\000"
 1636      5F636865 
ARM GAS  C:\Users\SCOTTC~1\AppData\Local\Temp\ccrEt41f.s 			page 36


 1636      636B00
 1637              	.LASF15:
 1638 0124 666C6F61 		.ascii	"float\000"
 1638      7400
 1639              	.LASF1:
 1640 012a 756E7369 		.ascii	"unsigned char\000"
 1640      676E6564 
 1640      20636861 
 1640      7200
 1641              	.LASF40:
 1642 0138 696E7075 		.ascii	"input\000"
 1642      7400
 1643              	.LASF18:
 1644 013e 72656738 		.ascii	"reg8\000"
 1644      00
 1645              	.LASF39:
 1646 0143 4D756C74 		.ascii	"MultAcc_1_Q23ToFloat\000"
 1646      4163635F 
 1646      315F5132 
 1646      33546F46 
 1646      6C6F6174 
 1647              	.LASF5:
 1648 0158 6C6F6E67 		.ascii	"long unsigned int\000"
 1648      20756E73 
 1648      69676E65 
 1648      6420696E 
 1648      7400
 1649              	.LASF51:
 1650 016a 2E5C4765 		.ascii	".\\Generated_Source\\PSoC5\\MultAcc_1.c\000"
 1650      6E657261 
 1650      7465645F 
 1650      536F7572 
 1650      63655C50 
 1651              	.LASF14:
 1652 018f 696E7433 		.ascii	"int32\000"
 1652      3200
 1653              	.LASF28:
 1654 0195 72657365 		.ascii	"reset_accum\000"
 1654      745F6163 
 1654      63756D00 
 1655              	.LASF21:
 1656 01a1 4D756C74 		.ascii	"MultAcc_1_Init\000"
 1656      4163635F 
 1656      315F496E 
 1656      697400
 1657              	.LASF43:
 1658 01b0 4D756C74 		.ascii	"MultAcc_1_a\000"
 1658      4163635F 
 1658      315F6100 
 1659              	.LASF44:
 1660 01bc 4D756C74 		.ascii	"MultAcc_1_b\000"
 1660      4163635F 
 1660      315F6200 
 1661              	.LASF27:
 1662 01c8 4D756C74 		.ascii	"MultAcc_1_DMADisable\000"
 1662      4163635F 
 1662      315F444D 
ARM GAS  C:\Users\SCOTTC~1\AppData\Local\Temp\ccrEt41f.s 			page 37


 1662      41446973 
 1662      61626C65 
 1663              	.LASF12:
 1664 01dd 75696E74 		.ascii	"uint16\000"
 1664      313600
 1665              	.LASF20:
 1666 01e4 4D756C74 		.ascii	"MultAcc_1_ARRAY\000"
 1666      4163635F 
 1666      315F4152 
 1666      52415900 
 1667              	.LASF13:
 1668 01f4 75696E74 		.ascii	"uint32\000"
 1668      333200
 1669              	.LASF31:
 1670 01fb 4D756C74 		.ascii	"MultAcc_1_GetResult\000"
 1670      4163635F 
 1670      315F4765 
 1670      74526573 
 1670      756C7400 
 1671              	.LASF8:
 1672 020f 756E7369 		.ascii	"unsigned int\000"
 1672      676E6564 
 1672      20696E74 
 1672      00
 1673              	.LASF52:
 1674 021c 5A3A5C73 		.ascii	"Z:\\scottcarlson On My Mac\\Code\\PSoC_Creator\\Des"
 1674      636F7474 
 1674      6361726C 
 1674      736F6E20 
 1674      4F6E204D 
 1675 024b 69676E30 		.ascii	"ign01\\Design01.cydsn\000"
 1675      315C4465 
 1675      7369676E 
 1675      30312E63 
 1675      7964736E 
 1676              	.LASF7:
 1677 0260 6C6F6E67 		.ascii	"long long unsigned int\000"
 1677      206C6F6E 
 1677      6720756E 
 1677      7369676E 
 1677      65642069 
 1678              	.LASF46:
 1679 0277 4D756C74 		.ascii	"MultAcc_1_DMA_IN_A_TD\000"
 1679      4163635F 
 1679      315F444D 
 1679      415F494E 
 1679      5F415F54 
 1680              	.LASF33:
 1681 028d 64617461 		.ascii	"data0\000"
 1681      3000
 1682              	.LASF34:
 1683 0293 64617461 		.ascii	"data1\000"
 1683      3100
 1684              	.LASF35:
 1685 0299 64617461 		.ascii	"data2\000"
 1685      3200
 1686              	.LASF36:
ARM GAS  C:\Users\SCOTTC~1\AppData\Local\Temp\ccrEt41f.s 			page 38


 1687 029f 64617461 		.ascii	"data3\000"
 1687      3300
 1688              	.LASF22:
 1689 02a5 4D756C74 		.ascii	"MultAcc_1_Enable\000"
 1689      4163635F 
 1689      315F456E 
 1689      61626C65 
 1689      00
 1690              	.LASF10:
 1691 02b6 696E7433 		.ascii	"int32_t\000"
 1691      325F7400 
 1692              	.LASF19:
 1693 02be 73697A65 		.ascii	"sizetype\000"
 1693      74797065 
 1693      00
 1694              	.LASF6:
 1695 02c7 6C6F6E67 		.ascii	"long long int\000"
 1695      206C6F6E 
 1695      6720696E 
 1695      7400
 1696              	.LASF17:
 1697 02d5 63686172 		.ascii	"char\000"
 1697      00
 1698              	.LASF25:
 1699 02da 4D756C74 		.ascii	"MultAcc_1_DMAInit\000"
 1699      4163635F 
 1699      315F444D 
 1699      41496E69 
 1699      7400
 1700              	.LASF24:
 1701 02ec 4D756C74 		.ascii	"MultAcc_1_Stop\000"
 1701      4163635F 
 1701      315F5374 
 1701      6F7000
 1702              	.LASF30:
 1703 02fb 4D756C74 		.ascii	"MultAcc_1_ProcessBlock\000"
 1703      4163635F 
 1703      315F5072 
 1703      6F636573 
 1703      73426C6F 
 1704              	.LASF23:
 1705 0312 4D756C74 		.ascii	"MultAcc_1_Start\000"
 1705      4163635F 
 1705      315F5374 
 1705      61727400 
 1706              	.LASF2:
 1707 0322 73686F72 		.ascii	"short int\000"
 1707      7420696E 
 1707      7400
 1708              	.LASF37:
 1709 032c 6F757470 		.ascii	"output\000"
 1709      757400
 1710              	.LASF48:
 1711 0333 4D756C74 		.ascii	"MultAcc_1_DMA_IN_B_TD\000"
 1711      4163635F 
 1711      315F444D 
 1711      415F494E 
ARM GAS  C:\Users\SCOTTC~1\AppData\Local\Temp\ccrEt41f.s 			page 39


 1711      5F425F54 
 1712              	.LASF4:
 1713 0349 6C6F6E67 		.ascii	"long int\000"
 1713      20696E74 
 1713      00
 1714              	.LASF38:
 1715 0352 4D756C74 		.ascii	"MultAcc_1_CheckStatus\000"
 1715      4163635F 
 1715      315F4368 
 1715      65636B53 
 1715      74617475 
 1716              	.LASF45:
 1717 0368 4D756C74 		.ascii	"MultAcc_1_DMA_IN_A_Chan\000"
 1717      4163635F 
 1717      315F444D 
 1717      415F494E 
 1717      5F415F43 
 1718              	.LASF42:
 1719 0380 49544D5F 		.ascii	"ITM_RxBuffer\000"
 1719      52784275 
 1719      66666572 
 1719      00
 1720              		.ident	"GCC: (GNU Tools for ARM Embedded Processors) 4.8.4 20140526 (release) [ARM/embedded-4_8-br
