ARM GAS  C:\Users\SCOTTC~1\AppData\Local\Temp\ccMQ3QJs.s 			page 1


   1              		.syntax unified
   2              		.cpu cortex-m3
   3              		.fpu softvfp
   4              		.eabi_attribute 20, 1
   5              		.eabi_attribute 21, 1
   6              		.eabi_attribute 23, 3
   7              		.eabi_attribute 24, 1
   8              		.eabi_attribute 25, 1
   9              		.eabi_attribute 26, 1
  10              		.eabi_attribute 30, 6
  11              		.eabi_attribute 34, 1
  12              		.eabi_attribute 18, 4
  13              		.thumb
  14              		.file	"MultAcc_1_Control.c"
  15              		.text
  16              	.Ltext0:
  17              		.cfi_sections	.debug_frame
  18              		.section	.text.MultAcc_1_Control_Write,"ax",%progbits
  19              		.align	2
  20              		.global	MultAcc_1_Control_Write
  21              		.thumb
  22              		.thumb_func
  23              		.type	MultAcc_1_Control_Write, %function
  24              	MultAcc_1_Control_Write:
  25              	.LFB0:
  26              		.file 1 ".\\Generated_Source\\PSoC5\\MultAcc_1_Control.c"
   1:.\Generated_Source\PSoC5/MultAcc_1_Control.c **** /*******************************************************************************
   2:.\Generated_Source\PSoC5/MultAcc_1_Control.c **** * File Name: MultAcc_1_Control.c  
   3:.\Generated_Source\PSoC5/MultAcc_1_Control.c **** * Version 1.70
   4:.\Generated_Source\PSoC5/MultAcc_1_Control.c **** *
   5:.\Generated_Source\PSoC5/MultAcc_1_Control.c **** * Description:
   6:.\Generated_Source\PSoC5/MultAcc_1_Control.c **** *  This file contains API to enable firmware control of a Control Register.
   7:.\Generated_Source\PSoC5/MultAcc_1_Control.c **** *
   8:.\Generated_Source\PSoC5/MultAcc_1_Control.c **** * Note:
   9:.\Generated_Source\PSoC5/MultAcc_1_Control.c **** *
  10:.\Generated_Source\PSoC5/MultAcc_1_Control.c **** ********************************************************************************
  11:.\Generated_Source\PSoC5/MultAcc_1_Control.c **** * Copyright 2008-2012, Cypress Semiconductor Corporation.  All rights reserved.
  12:.\Generated_Source\PSoC5/MultAcc_1_Control.c **** * You may use this file only in accordance with the license, terms, conditions, 
  13:.\Generated_Source\PSoC5/MultAcc_1_Control.c **** * disclaimers, and limitations in the end user license agreement accompanying 
  14:.\Generated_Source\PSoC5/MultAcc_1_Control.c **** * the software package with which this file was provided.
  15:.\Generated_Source\PSoC5/MultAcc_1_Control.c **** *******************************************************************************/
  16:.\Generated_Source\PSoC5/MultAcc_1_Control.c **** 
  17:.\Generated_Source\PSoC5/MultAcc_1_Control.c **** #include "MultAcc_1_Control.h"
  18:.\Generated_Source\PSoC5/MultAcc_1_Control.c **** 
  19:.\Generated_Source\PSoC5/MultAcc_1_Control.c **** #if !defined(MultAcc_1_Control_Sync_ctrl_reg__REMOVED) /* Check for removal by optimization */
  20:.\Generated_Source\PSoC5/MultAcc_1_Control.c **** 
  21:.\Generated_Source\PSoC5/MultAcc_1_Control.c **** /*******************************************************************************
  22:.\Generated_Source\PSoC5/MultAcc_1_Control.c **** * Function Name: MultAcc_1_Control_Write
  23:.\Generated_Source\PSoC5/MultAcc_1_Control.c **** ********************************************************************************
  24:.\Generated_Source\PSoC5/MultAcc_1_Control.c **** *
  25:.\Generated_Source\PSoC5/MultAcc_1_Control.c **** * Summary:
  26:.\Generated_Source\PSoC5/MultAcc_1_Control.c **** *  Write a byte to the Control Register.
  27:.\Generated_Source\PSoC5/MultAcc_1_Control.c **** *
  28:.\Generated_Source\PSoC5/MultAcc_1_Control.c **** * Parameters:
  29:.\Generated_Source\PSoC5/MultAcc_1_Control.c **** *  control:  The value to be assigned to the Control Register.
  30:.\Generated_Source\PSoC5/MultAcc_1_Control.c **** *
  31:.\Generated_Source\PSoC5/MultAcc_1_Control.c **** * Return:
ARM GAS  C:\Users\SCOTTC~1\AppData\Local\Temp\ccMQ3QJs.s 			page 2


  32:.\Generated_Source\PSoC5/MultAcc_1_Control.c **** *  None.
  33:.\Generated_Source\PSoC5/MultAcc_1_Control.c **** *
  34:.\Generated_Source\PSoC5/MultAcc_1_Control.c **** *******************************************************************************/
  35:.\Generated_Source\PSoC5/MultAcc_1_Control.c **** void MultAcc_1_Control_Write(uint8 control) 
  36:.\Generated_Source\PSoC5/MultAcc_1_Control.c **** {
  27              		.loc 1 36 0
  28              		.cfi_startproc
  29              		@ args = 0, pretend = 0, frame = 8
  30              		@ frame_needed = 1, uses_anonymous_args = 0
  31              		@ link register save eliminated.
  32 0000 80B4     		push	{r7}
  33              		.cfi_def_cfa_offset 4
  34              		.cfi_offset 7, -4
  35 0002 83B0     		sub	sp, sp, #12
  36              		.cfi_def_cfa_offset 16
  37 0004 00AF     		add	r7, sp, #0
  38              		.cfi_def_cfa_register 7
  39 0006 0346     		mov	r3, r0
  40 0008 FB71     		strb	r3, [r7, #7]
  37:.\Generated_Source\PSoC5/MultAcc_1_Control.c ****     MultAcc_1_Control_Control = control;
  41              		.loc 1 37 0
  42 000a 044B     		ldr	r3, .L2
  43 000c FA79     		ldrb	r2, [r7, #7]
  44 000e 1A70     		strb	r2, [r3]
  38:.\Generated_Source\PSoC5/MultAcc_1_Control.c **** }
  45              		.loc 1 38 0
  46 0010 0C37     		adds	r7, r7, #12
  47 0012 BD46     		mov	sp, r7
  48              		@ sp needed
  49 0014 5DF8047B 		ldr	r7, [sp], #4
  50 0018 7047     		bx	lr
  51              	.L3:
  52 001a 00BF     		.align	2
  53              	.L2:
  54 001c 7B640040 		.word	1073767547
  55              		.cfi_endproc
  56              	.LFE0:
  57              		.size	MultAcc_1_Control_Write, .-MultAcc_1_Control_Write
  58              		.section	.text.MultAcc_1_Control_Read,"ax",%progbits
  59              		.align	2
  60              		.global	MultAcc_1_Control_Read
  61              		.thumb
  62              		.thumb_func
  63              		.type	MultAcc_1_Control_Read, %function
  64              	MultAcc_1_Control_Read:
  65              	.LFB1:
  39:.\Generated_Source\PSoC5/MultAcc_1_Control.c **** 
  40:.\Generated_Source\PSoC5/MultAcc_1_Control.c **** 
  41:.\Generated_Source\PSoC5/MultAcc_1_Control.c **** /*******************************************************************************
  42:.\Generated_Source\PSoC5/MultAcc_1_Control.c **** * Function Name: MultAcc_1_Control_Read
  43:.\Generated_Source\PSoC5/MultAcc_1_Control.c **** ********************************************************************************
  44:.\Generated_Source\PSoC5/MultAcc_1_Control.c **** *
  45:.\Generated_Source\PSoC5/MultAcc_1_Control.c **** * Summary:
  46:.\Generated_Source\PSoC5/MultAcc_1_Control.c **** *  Reads the current value assigned to the Control Register.
  47:.\Generated_Source\PSoC5/MultAcc_1_Control.c **** *
  48:.\Generated_Source\PSoC5/MultAcc_1_Control.c **** * Parameters:
  49:.\Generated_Source\PSoC5/MultAcc_1_Control.c **** *  None.
ARM GAS  C:\Users\SCOTTC~1\AppData\Local\Temp\ccMQ3QJs.s 			page 3


  50:.\Generated_Source\PSoC5/MultAcc_1_Control.c **** *
  51:.\Generated_Source\PSoC5/MultAcc_1_Control.c **** * Return:
  52:.\Generated_Source\PSoC5/MultAcc_1_Control.c **** *  Returns the current value in the Control Register.
  53:.\Generated_Source\PSoC5/MultAcc_1_Control.c **** *
  54:.\Generated_Source\PSoC5/MultAcc_1_Control.c **** *******************************************************************************/
  55:.\Generated_Source\PSoC5/MultAcc_1_Control.c **** uint8 MultAcc_1_Control_Read(void) 
  56:.\Generated_Source\PSoC5/MultAcc_1_Control.c **** {
  66              		.loc 1 56 0
  67              		.cfi_startproc
  68              		@ args = 0, pretend = 0, frame = 0
  69              		@ frame_needed = 1, uses_anonymous_args = 0
  70              		@ link register save eliminated.
  71 0000 80B4     		push	{r7}
  72              		.cfi_def_cfa_offset 4
  73              		.cfi_offset 7, -4
  74 0002 00AF     		add	r7, sp, #0
  75              		.cfi_def_cfa_register 7
  57:.\Generated_Source\PSoC5/MultAcc_1_Control.c ****     return MultAcc_1_Control_Control;
  76              		.loc 1 57 0
  77 0004 034B     		ldr	r3, .L6
  78 0006 1B78     		ldrb	r3, [r3]
  79 0008 DBB2     		uxtb	r3, r3
  58:.\Generated_Source\PSoC5/MultAcc_1_Control.c **** }
  80              		.loc 1 58 0
  81 000a 1846     		mov	r0, r3
  82 000c BD46     		mov	sp, r7
  83              		@ sp needed
  84 000e 5DF8047B 		ldr	r7, [sp], #4
  85 0012 7047     		bx	lr
  86              	.L7:
  87              		.align	2
  88              	.L6:
  89 0014 7B640040 		.word	1073767547
  90              		.cfi_endproc
  91              	.LFE1:
  92              		.size	MultAcc_1_Control_Read, .-MultAcc_1_Control_Read
  93              		.text
  94              	.Letext0:
  95              		.file 2 ".\\Generated_Source\\PSoC5\\cytypes.h"
  96              		.section	.debug_info,"",%progbits
  97              	.Ldebug_info0:
  98 0000 D2000000 		.4byte	0xd2
  99 0004 0400     		.2byte	0x4
 100 0006 00000000 		.4byte	.Ldebug_abbrev0
 101 000a 04       		.byte	0x4
 102 000b 01       		.uleb128 0x1
 103 000c E4000000 		.4byte	.LASF14
 104 0010 01       		.byte	0x1
 105 0011 98010000 		.4byte	.LASF15
 106 0015 72000000 		.4byte	.LASF16
 107 0019 00000000 		.4byte	.Ldebug_ranges0+0
 108 001d 00000000 		.4byte	0
 109 0021 00000000 		.4byte	.Ldebug_line0
 110 0025 02       		.uleb128 0x2
 111 0026 01       		.byte	0x1
 112 0027 06       		.byte	0x6
 113 0028 8C010000 		.4byte	.LASF0
ARM GAS  C:\Users\SCOTTC~1\AppData\Local\Temp\ccMQ3QJs.s 			page 4


 114 002c 02       		.uleb128 0x2
 115 002d 01       		.byte	0x1
 116 002e 08       		.byte	0x8
 117 002f 1E000000 		.4byte	.LASF1
 118 0033 02       		.uleb128 0x2
 119 0034 02       		.byte	0x2
 120 0035 05       		.byte	0x5
 121 0036 73010000 		.4byte	.LASF2
 122 003a 02       		.uleb128 0x2
 123 003b 02       		.byte	0x2
 124 003c 07       		.byte	0x7
 125 003d 43000000 		.4byte	.LASF3
 126 0041 02       		.uleb128 0x2
 127 0042 04       		.byte	0x4
 128 0043 05       		.byte	0x5
 129 0044 83010000 		.4byte	.LASF4
 130 0048 02       		.uleb128 0x2
 131 0049 04       		.byte	0x4
 132 004a 07       		.byte	0x7
 133 004b 31000000 		.4byte	.LASF5
 134 004f 02       		.uleb128 0x2
 135 0050 08       		.byte	0x8
 136 0051 05       		.byte	0x5
 137 0052 60010000 		.4byte	.LASF6
 138 0056 02       		.uleb128 0x2
 139 0057 08       		.byte	0x8
 140 0058 07       		.byte	0x7
 141 0059 B6000000 		.4byte	.LASF7
 142 005d 03       		.uleb128 0x3
 143 005e 04       		.byte	0x4
 144 005f 05       		.byte	0x5
 145 0060 696E7400 		.ascii	"int\000"
 146 0064 02       		.uleb128 0x2
 147 0065 04       		.byte	0x4
 148 0066 07       		.byte	0x7
 149 0067 65000000 		.4byte	.LASF8
 150 006b 04       		.uleb128 0x4
 151 006c 7D010000 		.4byte	.LASF12
 152 0070 02       		.byte	0x2
 153 0071 A1       		.byte	0xa1
 154 0072 2C000000 		.4byte	0x2c
 155 0076 02       		.uleb128 0x2
 156 0077 04       		.byte	0x4
 157 0078 04       		.byte	0x4
 158 0079 18000000 		.4byte	.LASF9
 159 007d 02       		.uleb128 0x2
 160 007e 08       		.byte	0x8
 161 007f 04       		.byte	0x4
 162 0080 5E000000 		.4byte	.LASF10
 163 0084 02       		.uleb128 0x2
 164 0085 01       		.byte	0x1
 165 0086 08       		.byte	0x8
 166 0087 6E010000 		.4byte	.LASF11
 167 008b 05       		.uleb128 0x5
 168 008c 2C000000 		.4byte	.LASF13
 169 0090 02       		.byte	0x2
 170 0091 4B01     		.2byte	0x14b
ARM GAS  C:\Users\SCOTTC~1\AppData\Local\Temp\ccMQ3QJs.s 			page 5


 171 0093 97000000 		.4byte	0x97
 172 0097 06       		.uleb128 0x6
 173 0098 6B000000 		.4byte	0x6b
 174 009c 07       		.uleb128 0x7
 175 009d 00000000 		.4byte	.LASF17
 176 00a1 01       		.byte	0x1
 177 00a2 23       		.byte	0x23
 178 00a3 00000000 		.4byte	.LFB0
 179 00a7 20000000 		.4byte	.LFE0-.LFB0
 180 00ab 01       		.uleb128 0x1
 181 00ac 9C       		.byte	0x9c
 182 00ad C0000000 		.4byte	0xc0
 183 00b1 08       		.uleb128 0x8
 184 00b2 56000000 		.4byte	.LASF18
 185 00b6 01       		.byte	0x1
 186 00b7 23       		.byte	0x23
 187 00b8 6B000000 		.4byte	0x6b
 188 00bc 02       		.uleb128 0x2
 189 00bd 91       		.byte	0x91
 190 00be 77       		.sleb128 -9
 191 00bf 00       		.byte	0
 192 00c0 09       		.uleb128 0x9
 193 00c1 CD000000 		.4byte	.LASF19
 194 00c5 01       		.byte	0x1
 195 00c6 37       		.byte	0x37
 196 00c7 6B000000 		.4byte	0x6b
 197 00cb 00000000 		.4byte	.LFB1
 198 00cf 18000000 		.4byte	.LFE1-.LFB1
 199 00d3 01       		.uleb128 0x1
 200 00d4 9C       		.byte	0x9c
 201 00d5 00       		.byte	0
 202              		.section	.debug_abbrev,"",%progbits
 203              	.Ldebug_abbrev0:
 204 0000 01       		.uleb128 0x1
 205 0001 11       		.uleb128 0x11
 206 0002 01       		.byte	0x1
 207 0003 25       		.uleb128 0x25
 208 0004 0E       		.uleb128 0xe
 209 0005 13       		.uleb128 0x13
 210 0006 0B       		.uleb128 0xb
 211 0007 03       		.uleb128 0x3
 212 0008 0E       		.uleb128 0xe
 213 0009 1B       		.uleb128 0x1b
 214 000a 0E       		.uleb128 0xe
 215 000b 55       		.uleb128 0x55
 216 000c 17       		.uleb128 0x17
 217 000d 11       		.uleb128 0x11
 218 000e 01       		.uleb128 0x1
 219 000f 10       		.uleb128 0x10
 220 0010 17       		.uleb128 0x17
 221 0011 00       		.byte	0
 222 0012 00       		.byte	0
 223 0013 02       		.uleb128 0x2
 224 0014 24       		.uleb128 0x24
 225 0015 00       		.byte	0
 226 0016 0B       		.uleb128 0xb
 227 0017 0B       		.uleb128 0xb
ARM GAS  C:\Users\SCOTTC~1\AppData\Local\Temp\ccMQ3QJs.s 			page 6


 228 0018 3E       		.uleb128 0x3e
 229 0019 0B       		.uleb128 0xb
 230 001a 03       		.uleb128 0x3
 231 001b 0E       		.uleb128 0xe
 232 001c 00       		.byte	0
 233 001d 00       		.byte	0
 234 001e 03       		.uleb128 0x3
 235 001f 24       		.uleb128 0x24
 236 0020 00       		.byte	0
 237 0021 0B       		.uleb128 0xb
 238 0022 0B       		.uleb128 0xb
 239 0023 3E       		.uleb128 0x3e
 240 0024 0B       		.uleb128 0xb
 241 0025 03       		.uleb128 0x3
 242 0026 08       		.uleb128 0x8
 243 0027 00       		.byte	0
 244 0028 00       		.byte	0
 245 0029 04       		.uleb128 0x4
 246 002a 16       		.uleb128 0x16
 247 002b 00       		.byte	0
 248 002c 03       		.uleb128 0x3
 249 002d 0E       		.uleb128 0xe
 250 002e 3A       		.uleb128 0x3a
 251 002f 0B       		.uleb128 0xb
 252 0030 3B       		.uleb128 0x3b
 253 0031 0B       		.uleb128 0xb
 254 0032 49       		.uleb128 0x49
 255 0033 13       		.uleb128 0x13
 256 0034 00       		.byte	0
 257 0035 00       		.byte	0
 258 0036 05       		.uleb128 0x5
 259 0037 16       		.uleb128 0x16
 260 0038 00       		.byte	0
 261 0039 03       		.uleb128 0x3
 262 003a 0E       		.uleb128 0xe
 263 003b 3A       		.uleb128 0x3a
 264 003c 0B       		.uleb128 0xb
 265 003d 3B       		.uleb128 0x3b
 266 003e 05       		.uleb128 0x5
 267 003f 49       		.uleb128 0x49
 268 0040 13       		.uleb128 0x13
 269 0041 00       		.byte	0
 270 0042 00       		.byte	0
 271 0043 06       		.uleb128 0x6
 272 0044 35       		.uleb128 0x35
 273 0045 00       		.byte	0
 274 0046 49       		.uleb128 0x49
 275 0047 13       		.uleb128 0x13
 276 0048 00       		.byte	0
 277 0049 00       		.byte	0
 278 004a 07       		.uleb128 0x7
 279 004b 2E       		.uleb128 0x2e
 280 004c 01       		.byte	0x1
 281 004d 3F       		.uleb128 0x3f
 282 004e 19       		.uleb128 0x19
 283 004f 03       		.uleb128 0x3
 284 0050 0E       		.uleb128 0xe
ARM GAS  C:\Users\SCOTTC~1\AppData\Local\Temp\ccMQ3QJs.s 			page 7


 285 0051 3A       		.uleb128 0x3a
 286 0052 0B       		.uleb128 0xb
 287 0053 3B       		.uleb128 0x3b
 288 0054 0B       		.uleb128 0xb
 289 0055 27       		.uleb128 0x27
 290 0056 19       		.uleb128 0x19
 291 0057 11       		.uleb128 0x11
 292 0058 01       		.uleb128 0x1
 293 0059 12       		.uleb128 0x12
 294 005a 06       		.uleb128 0x6
 295 005b 40       		.uleb128 0x40
 296 005c 18       		.uleb128 0x18
 297 005d 9742     		.uleb128 0x2117
 298 005f 19       		.uleb128 0x19
 299 0060 01       		.uleb128 0x1
 300 0061 13       		.uleb128 0x13
 301 0062 00       		.byte	0
 302 0063 00       		.byte	0
 303 0064 08       		.uleb128 0x8
 304 0065 05       		.uleb128 0x5
 305 0066 00       		.byte	0
 306 0067 03       		.uleb128 0x3
 307 0068 0E       		.uleb128 0xe
 308 0069 3A       		.uleb128 0x3a
 309 006a 0B       		.uleb128 0xb
 310 006b 3B       		.uleb128 0x3b
 311 006c 0B       		.uleb128 0xb
 312 006d 49       		.uleb128 0x49
 313 006e 13       		.uleb128 0x13
 314 006f 02       		.uleb128 0x2
 315 0070 18       		.uleb128 0x18
 316 0071 00       		.byte	0
 317 0072 00       		.byte	0
 318 0073 09       		.uleb128 0x9
 319 0074 2E       		.uleb128 0x2e
 320 0075 00       		.byte	0
 321 0076 3F       		.uleb128 0x3f
 322 0077 19       		.uleb128 0x19
 323 0078 03       		.uleb128 0x3
 324 0079 0E       		.uleb128 0xe
 325 007a 3A       		.uleb128 0x3a
 326 007b 0B       		.uleb128 0xb
 327 007c 3B       		.uleb128 0x3b
 328 007d 0B       		.uleb128 0xb
 329 007e 27       		.uleb128 0x27
 330 007f 19       		.uleb128 0x19
 331 0080 49       		.uleb128 0x49
 332 0081 13       		.uleb128 0x13
 333 0082 11       		.uleb128 0x11
 334 0083 01       		.uleb128 0x1
 335 0084 12       		.uleb128 0x12
 336 0085 06       		.uleb128 0x6
 337 0086 40       		.uleb128 0x40
 338 0087 18       		.uleb128 0x18
 339 0088 9742     		.uleb128 0x2117
 340 008a 19       		.uleb128 0x19
 341 008b 00       		.byte	0
ARM GAS  C:\Users\SCOTTC~1\AppData\Local\Temp\ccMQ3QJs.s 			page 8


 342 008c 00       		.byte	0
 343 008d 00       		.byte	0
 344              		.section	.debug_aranges,"",%progbits
 345 0000 24000000 		.4byte	0x24
 346 0004 0200     		.2byte	0x2
 347 0006 00000000 		.4byte	.Ldebug_info0
 348 000a 04       		.byte	0x4
 349 000b 00       		.byte	0
 350 000c 0000     		.2byte	0
 351 000e 0000     		.2byte	0
 352 0010 00000000 		.4byte	.LFB0
 353 0014 20000000 		.4byte	.LFE0-.LFB0
 354 0018 00000000 		.4byte	.LFB1
 355 001c 18000000 		.4byte	.LFE1-.LFB1
 356 0020 00000000 		.4byte	0
 357 0024 00000000 		.4byte	0
 358              		.section	.debug_ranges,"",%progbits
 359              	.Ldebug_ranges0:
 360 0000 00000000 		.4byte	.LFB0
 361 0004 20000000 		.4byte	.LFE0
 362 0008 00000000 		.4byte	.LFB1
 363 000c 18000000 		.4byte	.LFE1
 364 0010 00000000 		.4byte	0
 365 0014 00000000 		.4byte	0
 366              		.section	.debug_line,"",%progbits
 367              	.Ldebug_line0:
 368 0000 78000000 		.section	.debug_str,"MS",%progbits,1
 368      02005000 
 368      00000201 
 368      FB0E0D00 
 368      01010101 
 369              	.LASF17:
 370 0000 4D756C74 		.ascii	"MultAcc_1_Control_Write\000"
 370      4163635F 
 370      315F436F 
 370      6E74726F 
 370      6C5F5772 
 371              	.LASF9:
 372 0018 666C6F61 		.ascii	"float\000"
 372      7400
 373              	.LASF1:
 374 001e 756E7369 		.ascii	"unsigned char\000"
 374      676E6564 
 374      20636861 
 374      7200
 375              	.LASF13:
 376 002c 72656738 		.ascii	"reg8\000"
 376      00
 377              	.LASF5:
 378 0031 6C6F6E67 		.ascii	"long unsigned int\000"
 378      20756E73 
 378      69676E65 
 378      6420696E 
 378      7400
 379              	.LASF3:
 380 0043 73686F72 		.ascii	"short unsigned int\000"
 380      7420756E 
ARM GAS  C:\Users\SCOTTC~1\AppData\Local\Temp\ccMQ3QJs.s 			page 9


 380      7369676E 
 380      65642069 
 380      6E7400
 381              	.LASF18:
 382 0056 636F6E74 		.ascii	"control\000"
 382      726F6C00 
 383              	.LASF10:
 384 005e 646F7562 		.ascii	"double\000"
 384      6C6500
 385              	.LASF8:
 386 0065 756E7369 		.ascii	"unsigned int\000"
 386      676E6564 
 386      20696E74 
 386      00
 387              	.LASF16:
 388 0072 5A3A5C73 		.ascii	"Z:\\scottcarlson On My Mac\\Code\\PSoC_Creator\\Des"
 388      636F7474 
 388      6361726C 
 388      736F6E20 
 388      4F6E204D 
 389 00a1 69676E30 		.ascii	"ign01\\Design01.cydsn\000"
 389      315C4465 
 389      7369676E 
 389      30312E63 
 389      7964736E 
 390              	.LASF7:
 391 00b6 6C6F6E67 		.ascii	"long long unsigned int\000"
 391      206C6F6E 
 391      6720756E 
 391      7369676E 
 391      65642069 
 392              	.LASF19:
 393 00cd 4D756C74 		.ascii	"MultAcc_1_Control_Read\000"
 393      4163635F 
 393      315F436F 
 393      6E74726F 
 393      6C5F5265 
 394              	.LASF14:
 395 00e4 474E5520 		.ascii	"GNU C 4.8.4 20140526 (release) [ARM/embedded-4_8-br"
 395      4320342E 
 395      382E3420 
 395      32303134 
 395      30353236 
 396 0117 616E6368 		.ascii	"anch revision 211358] -mcpu=cortex-m3 -mthumb -g -O"
 396      20726576 
 396      6973696F 
 396      6E203231 
 396      31333538 
 397 014a 30202D66 		.ascii	"0 -ffunction-sections\000"
 397      66756E63 
 397      74696F6E 
 397      2D736563 
 397      74696F6E 
 398              	.LASF6:
 399 0160 6C6F6E67 		.ascii	"long long int\000"
 399      206C6F6E 
 399      6720696E 
ARM GAS  C:\Users\SCOTTC~1\AppData\Local\Temp\ccMQ3QJs.s 			page 10


 399      7400
 400              	.LASF11:
 401 016e 63686172 		.ascii	"char\000"
 401      00
 402              	.LASF2:
 403 0173 73686F72 		.ascii	"short int\000"
 403      7420696E 
 403      7400
 404              	.LASF12:
 405 017d 75696E74 		.ascii	"uint8\000"
 405      3800
 406              	.LASF4:
 407 0183 6C6F6E67 		.ascii	"long int\000"
 407      20696E74 
 407      00
 408              	.LASF0:
 409 018c 7369676E 		.ascii	"signed char\000"
 409      65642063 
 409      68617200 
 410              	.LASF15:
 411 0198 2E5C4765 		.ascii	".\\Generated_Source\\PSoC5\\MultAcc_1_Control.c\000"
 411      6E657261 
 411      7465645F 
 411      536F7572 
 411      63655C50 
 412              		.ident	"GCC: (GNU Tools for ARM Embedded Processors) 4.8.4 20140526 (release) [ARM/embedded-4_8-br
