--------------- Rebuild Started: 10/30/2015 14:20:01 Project: Design01, Configuration: ARM GCC 4.8.4 Debug ---------------
Deleting file ".\CortexM3\ARM_GCC_484\Debug\main.o"
Deleting file ".\CortexM3\ARM_GCC_484\Debug\math_helper.o"
Deleting file ".\CortexM3\ARM_GCC_484\Debug\cyfitter_cfg.o"
Deleting file ".\CortexM3\ARM_GCC_484\Debug\cymetadata.o"
Deleting file ".\CortexM3\ARM_GCC_484\Debug\Cm3Start.o"
Deleting file ".\CortexM3\ARM_GCC_484\Debug\CyBootAsmGnu.o"
Deleting file ".\CortexM3\ARM_GCC_484\Debug\CyDmac.o"
Deleting file ".\CortexM3\ARM_GCC_484\Debug\CyFlash.o"
Deleting file ".\CortexM3\ARM_GCC_484\Debug\CyLib.o"
Deleting file ".\CortexM3\ARM_GCC_484\Debug\cyPm.o"
Deleting file ".\CortexM3\ARM_GCC_484\Debug\CySpc.o"
Deleting file ".\CortexM3\ARM_GCC_484\Debug\cyutils.o"
Deleting file ".\CortexM3\ARM_GCC_484\Debug\LCD_Char_1.o"
Deleting file ".\CortexM3\ARM_GCC_484\Debug\LCD_Char_1_PM.o"
Deleting file ".\CortexM3\ARM_GCC_484\Debug\LCD_Char_1_LCDPort.o"
Deleting file ".\CortexM3\ARM_GCC_484\Debug\P0_0.o"
Deleting file ".\CortexM3\ARM_GCC_484\Debug\ADC_DelSig_1.o"
Deleting file ".\CortexM3\ARM_GCC_484\Debug\ADC_DelSig_1_PM.o"
Deleting file ".\CortexM3\ARM_GCC_484\Debug\ADC_DelSig_1_INT.o"
Deleting file ".\CortexM3\ARM_GCC_484\Debug\DMA_1_dma.o"
Deleting file ".\CortexM3\ARM_GCC_484\Debug\ADC_DelSig_1_AMux.o"
Deleting file ".\CortexM3\ARM_GCC_484\Debug\ADC_DelSig_1_Ext_CP_Clk.o"
Deleting file ".\CortexM3\ARM_GCC_484\Debug\ADC_DelSig_1_IRQ.o"
Deleting file ".\CortexM3\ARM_GCC_484\Debug\ADC_DelSig_1_theACLK.o"
Deleting file ".\CortexM3\ARM_GCC_484\Debug\Pin_1.o"
Deleting file ".\CortexM3\ARM_GCC_484\Debug\DMA_2_dma.o"
Deleting file ".\CortexM3\ARM_GCC_484\Debug\Pin_2.o"
Deleting file ".\CortexM3\ARM_GCC_484\Debug\isr_1.o"
Deleting file ".\CortexM3\ARM_GCC_484\Debug\isr_2.o"
Deleting file ".\CortexM3\ARM_GCC_484\Debug\Filter.o"
Deleting file ".\CortexM3\ARM_GCC_484\Debug\Filter_PM.o"
Deleting file ".\CortexM3\ARM_GCC_484\Debug\Filter_PVT.o"
Deleting file ".\CortexM3\ARM_GCC_484\Debug\Filter_RAM_Data.o"
Deleting file ".\CortexM3\ARM_GCC_484\Debug\Filter_Coefficients.o"
Deleting file ".\CortexM3\ARM_GCC_484\Debug\ADC2Filter_DMA_dma.o"
Deleting file ".\CortexM3\ARM_GCC_484\Debug\Pin_3.o"
Deleting file ".\CortexM3\ARM_GCC_484\Debug\Pin_4.o"
Deleting file ".\CortexM3\ARM_GCC_484\Debug\Pin_5.o"
Deleting file ".\CortexM3\ARM_GCC_484\Debug\DMA_4_dma.o"
Deleting file ".\CortexM3\ARM_GCC_484\Debug\DMA_3_dma.o"
Deleting file ".\CortexM3\ARM_GCC_484\Debug\Pin_6.o"
Deleting file ".\CortexM3\ARM_GCC_484\Debug\Pin_7.o"
Deleting file ".\CortexM3\ARM_GCC_484\Debug\Pin_8.o"
Deleting file ".\CortexM3\ARM_GCC_484\Debug\Design01.map"
Deleting file ".\Design01.cycdx"
Deleting file ".\Design01.svd"
Deleting file ".\Design01.rpt"
Deleting file ".\Design01_timing.html"
Deleting file ".\CortexM3\ARM_GCC_484\Debug\.deps\C_FILE.P"
Deleting file ".\CortexM3\ARM_GCC_484\Debug\.deps\ARM_C_FILE.P"
Deleting file ".\CortexM3\ARM_GCC_484\Debug\.deps\GNU_ARM_ASM_FILE.P"
cydsfit.exe -.appdatapath "C:\Users\Scott Carlson\AppData\Local\Cypress Semiconductor\PSoC Creator\3.2" -.fdsnotice -.fdswarpdepfile=warp_dependencies.txt -.fdselabdepfile=elab_dependencies.txt -.fdsbldfile=generated_files.txt -p "\\vmware-host\Shared Folders\scottcarlson On My Mac\Code\repos\LED_controller\Design01.cydsn\Design01.cyprj" -d CY8C5868AXI-LP035 -s "\\vmware-host\Shared Folders\scottcarlson On My Mac\Code\repos\LED_controller\Design01.cydsn\Generated_Source\PSoC5" -- -yv2 -q10 -ygs -o2 -v3 -.fftcfgtype=LE
Elaborating Design...
HDL Generation ...
Synthesis ...
Place and Route ...
Tech mapping ...
ADD: pft.M0040: information: The following 3 pin(s) will be assigned a location by the fitter: Pin_5(0), Pin_6(0), Pin_7(0)
Analog Placement ...
Info: apr.M0002: Analog signal "\ADC_DelSig_1:Net_690\" is connected to one terminal only. (App=cydsfit)
Analog Routing ...
Analog Code Generation ...
Digital Placement ...
Digital Routing ...
Bitstream Generation ...
Static timing analysis ...
API Generation ...
Dependency Generation ...
Clean Temporary Files ...
arm-none-eabi-gcc.exe -mcpu=cortex-m3 -mthumb -Wno-main "-IZ:\scottcarlson On My Mac\Code\repos\LED_controller\CMSISfile\CMSIS\Include" -I. -IGenerated_Source\PSoC5 -Wa,-alh=.\CortexM3\ARM_GCC_484\Debug/main.lst -g -D DEBUG -D ARM_MATH_CM3 -Wall -ffunction-sections -O0 -c .\main.c -o .\CortexM3\ARM_GCC_484\Debug\main.o
arm-none-eabi-gcc.exe -mcpu=cortex-m3 -mthumb -Wno-main "-IZ:\scottcarlson On My Mac\Code\repos\LED_controller\CMSISfile\CMSIS\Include" -I. -IGenerated_Source\PSoC5 -Wa,-alh=.\CortexM3\ARM_GCC_484\Debug/math_helper.lst -g -D DEBUG -D ARM_MATH_CM3 -Wall -ffunction-sections -O0 -c .\math_helper.c -o .\CortexM3\ARM_GCC_484\Debug\math_helper.o
arm-none-eabi-gcc.exe -mcpu=cortex-m3 -mthumb -Wno-main "-IZ:\scottcarlson On My Mac\Code\repos\LED_controller\CMSISfile\CMSIS\Include" -I. -IGenerated_Source\PSoC5 -Wa,-alh=.\CortexM3\ARM_GCC_484\Debug/cyfitter_cfg.lst -g -D DEBUG -D ARM_MATH_CM3 -Wall -ffunction-sections -O0 -c .\Generated_Source\PSoC5\cyfitter_cfg.c -o .\CortexM3\ARM_GCC_484\Debug\cyfitter_cfg.o
arm-none-eabi-gcc.exe -mcpu=cortex-m3 -mthumb -Wno-main "-IZ:\scottcarlson On My Mac\Code\repos\LED_controller\CMSISfile\CMSIS\Include" -I. -IGenerated_Source\PSoC5 -Wa,-alh=.\CortexM3\ARM_GCC_484\Debug/cymetadata.lst -g -D DEBUG -D ARM_MATH_CM3 -Wall -ffunction-sections -O0 -c .\Generated_Source\PSoC5\cymetadata.c -o .\CortexM3\ARM_GCC_484\Debug\cymetadata.o
arm-none-eabi-gcc.exe -mcpu=cortex-m3 -mthumb -Wno-main "-IZ:\scottcarlson On My Mac\Code\repos\LED_controller\CMSISfile\CMSIS\Include" -I. -IGenerated_Source\PSoC5 -Wa,-alh=.\CortexM3\ARM_GCC_484\Debug/Cm3Start.lst -g -D DEBUG -D ARM_MATH_CM3 -Wall -ffunction-sections -O0 -c .\Generated_Source\PSoC5\Cm3Start.c -o .\CortexM3\ARM_GCC_484\Debug\Cm3Start.o
arm-none-eabi-as.exe -mcpu=cortex-m3 -mthumb -I. -IGenerated_Source\PSoC5 -alh=.\CortexM3\ARM_GCC_484\Debug/CyBootAsmGnu.lst -g -W -o .\CortexM3\ARM_GCC_484\Debug\CyBootAsmGnu.o .\Generated_Source\PSoC5\CyBootAsmGnu.s
arm-none-eabi-gcc.exe -mcpu=cortex-m3 -mthumb -Wno-main "-IZ:\scottcarlson On My Mac\Code\repos\LED_controller\CMSISfile\CMSIS\Include" -I. -IGenerated_Source\PSoC5 -Wa,-alh=.\CortexM3\ARM_GCC_484\Debug/CyDmac.lst -g -D DEBUG -D ARM_MATH_CM3 -Wall -ffunction-sections -O0 -c .\Generated_Source\PSoC5\CyDmac.c -o .\CortexM3\ARM_GCC_484\Debug\CyDmac.o
arm-none-eabi-gcc.exe -mcpu=cortex-m3 -mthumb -Wno-main "-IZ:\scottcarlson On My Mac\Code\repos\LED_controller\CMSISfile\CMSIS\Include" -I. -IGenerated_Source\PSoC5 -Wa,-alh=.\CortexM3\ARM_GCC_484\Debug/CyFlash.lst -g -D DEBUG -D ARM_MATH_CM3 -Wall -ffunction-sections -O0 -c .\Generated_Source\PSoC5\CyFlash.c -o .\CortexM3\ARM_GCC_484\Debug\CyFlash.o
arm-none-eabi-gcc.exe -mcpu=cortex-m3 -mthumb -Wno-main "-IZ:\scottcarlson On My Mac\Code\repos\LED_controller\CMSISfile\CMSIS\Include" -I. -IGenerated_Source\PSoC5 -Wa,-alh=.\CortexM3\ARM_GCC_484\Debug/CyLib.lst -g -D DEBUG -D ARM_MATH_CM3 -Wall -ffunction-sections -O0 -c .\Generated_Source\PSoC5\CyLib.c -o .\CortexM3\ARM_GCC_484\Debug\CyLib.o
arm-none-eabi-gcc.exe -mcpu=cortex-m3 -mthumb -Wno-main "-IZ:\scottcarlson On My Mac\Code\repos\LED_controller\CMSISfile\CMSIS\Include" -I. -IGenerated_Source\PSoC5 -Wa,-alh=.\CortexM3\ARM_GCC_484\Debug/cyPm.lst -g -D DEBUG -D ARM_MATH_CM3 -Wall -ffunction-sections -O0 -c .\Generated_Source\PSoC5\cyPm.c -o .\CortexM3\ARM_GCC_484\Debug\cyPm.o
arm-none-eabi-gcc.exe -mcpu=cortex-m3 -mthumb -Wno-main "-IZ:\scottcarlson On My Mac\Code\repos\LED_controller\CMSISfile\CMSIS\Include" -I. -IGenerated_Source\PSoC5 -Wa,-alh=.\CortexM3\ARM_GCC_484\Debug/CySpc.lst -g -D DEBUG -D ARM_MATH_CM3 -Wall -ffunction-sections -O0 -c .\Generated_Source\PSoC5\CySpc.c -o .\CortexM3\ARM_GCC_484\Debug\CySpc.o
arm-none-eabi-gcc.exe -mcpu=cortex-m3 -mthumb -Wno-main "-IZ:\scottcarlson On My Mac\Code\repos\LED_controller\CMSISfile\CMSIS\Include" -I. -IGenerated_Source\PSoC5 -Wa,-alh=.\CortexM3\ARM_GCC_484\Debug/cyutils.lst -g -D DEBUG -D ARM_MATH_CM3 -Wall -ffunction-sections -O0 -c .\Generated_Source\PSoC5\cyutils.c -o .\CortexM3\ARM_GCC_484\Debug\cyutils.o
arm-none-eabi-gcc.exe -mcpu=cortex-m3 -mthumb -Wno-main "-IZ:\scottcarlson On My Mac\Code\repos\LED_controller\CMSISfile\CMSIS\Include" -I. -IGenerated_Source\PSoC5 -Wa,-alh=.\CortexM3\ARM_GCC_484\Debug/LCD_Char_1.lst -g -D DEBUG -D ARM_MATH_CM3 -Wall -ffunction-sections -O0 -c .\Generated_Source\PSoC5\LCD_Char_1.c -o .\CortexM3\ARM_GCC_484\Debug\LCD_Char_1.o
arm-none-eabi-gcc.exe -mcpu=cortex-m3 -mthumb -Wno-main "-IZ:\scottcarlson On My Mac\Code\repos\LED_controller\CMSISfile\CMSIS\Include" -I. -IGenerated_Source\PSoC5 -Wa,-alh=.\CortexM3\ARM_GCC_484\Debug/LCD_Char_1_PM.lst -g -D DEBUG -D ARM_MATH_CM3 -Wall -ffunction-sections -O0 -c .\Generated_Source\PSoC5\LCD_Char_1_PM.c -o .\CortexM3\ARM_GCC_484\Debug\LCD_Char_1_PM.o
arm-none-eabi-gcc.exe -mcpu=cortex-m3 -mthumb -Wno-main "-IZ:\scottcarlson On My Mac\Code\repos\LED_controller\CMSISfile\CMSIS\Include" -I. -IGenerated_Source\PSoC5 -Wa,-alh=.\CortexM3\ARM_GCC_484\Debug/LCD_Char_1_LCDPort.lst -g -D DEBUG -D ARM_MATH_CM3 -Wall -ffunction-sections -O0 -c .\Generated_Source\PSoC5\LCD_Char_1_LCDPort.c -o .\CortexM3\ARM_GCC_484\Debug\LCD_Char_1_LCDPort.o
arm-none-eabi-gcc.exe -mcpu=cortex-m3 -mthumb -Wno-main "-IZ:\scottcarlson On My Mac\Code\repos\LED_controller\CMSISfile\CMSIS\Include" -I. -IGenerated_Source\PSoC5 -Wa,-alh=.\CortexM3\ARM_GCC_484\Debug/P0_0.lst -g -D DEBUG -D ARM_MATH_CM3 -Wall -ffunction-sections -O0 -c .\Generated_Source\PSoC5\P0_0.c -o .\CortexM3\ARM_GCC_484\Debug\P0_0.o
arm-none-eabi-gcc.exe -mcpu=cortex-m3 -mthumb -Wno-main "-IZ:\scottcarlson On My Mac\Code\repos\LED_controller\CMSISfile\CMSIS\Include" -I. -IGenerated_Source\PSoC5 -Wa,-alh=.\CortexM3\ARM_GCC_484\Debug/ADC_DelSig_1.lst -g -D DEBUG -D ARM_MATH_CM3 -Wall -ffunction-sections -O0 -c .\Generated_Source\PSoC5\ADC_DelSig_1.c -o .\CortexM3\ARM_GCC_484\Debug\ADC_DelSig_1.o
arm-none-eabi-gcc.exe -mcpu=cortex-m3 -mthumb -Wno-main "-IZ:\scottcarlson On My Mac\Code\repos\LED_controller\CMSISfile\CMSIS\Include" -I. -IGenerated_Source\PSoC5 -Wa,-alh=.\CortexM3\ARM_GCC_484\Debug/ADC_DelSig_1_PM.lst -g -D DEBUG -D ARM_MATH_CM3 -Wall -ffunction-sections -O0 -c .\Generated_Source\PSoC5\ADC_DelSig_1_PM.c -o .\CortexM3\ARM_GCC_484\Debug\ADC_DelSig_1_PM.o
arm-none-eabi-gcc.exe -mcpu=cortex-m3 -mthumb -Wno-main "-IZ:\scottcarlson On My Mac\Code\repos\LED_controller\CMSISfile\CMSIS\Include" -I. -IGenerated_Source\PSoC5 -Wa,-alh=.\CortexM3\ARM_GCC_484\Debug/ADC_DelSig_1_INT.lst -g -D DEBUG -D ARM_MATH_CM3 -Wall -ffunction-sections -O0 -c .\Generated_Source\PSoC5\ADC_DelSig_1_INT.c -o .\CortexM3\ARM_GCC_484\Debug\ADC_DelSig_1_INT.o
arm-none-eabi-gcc.exe -mcpu=cortex-m3 -mthumb -Wno-main "-IZ:\scottcarlson On My Mac\Code\repos\LED_controller\CMSISfile\CMSIS\Include" -I. -IGenerated_Source\PSoC5 -Wa,-alh=.\CortexM3\ARM_GCC_484\Debug/DMA_1_dma.lst -g -D DEBUG -D ARM_MATH_CM3 -Wall -ffunction-sections -O0 -c .\Generated_Source\PSoC5\DMA_1_dma.c -o .\CortexM3\ARM_GCC_484\Debug\DMA_1_dma.o
arm-none-eabi-gcc.exe -mcpu=cortex-m3 -mthumb -Wno-main "-IZ:\scottcarlson On My Mac\Code\repos\LED_controller\CMSISfile\CMSIS\Include" -I. -IGenerated_Source\PSoC5 -Wa,-alh=.\CortexM3\ARM_GCC_484\Debug/ADC_DelSig_1_AMux.lst -g -D DEBUG -D ARM_MATH_CM3 -Wall -ffunction-sections -O0 -c .\Generated_Source\PSoC5\ADC_DelSig_1_AMux.c -o .\CortexM3\ARM_GCC_484\Debug\ADC_DelSig_1_AMux.o
arm-none-eabi-gcc.exe -mcpu=cortex-m3 -mthumb -Wno-main "-IZ:\scottcarlson On My Mac\Code\repos\LED_controller\CMSISfile\CMSIS\Include" -I. -IGenerated_Source\PSoC5 -Wa,-alh=.\CortexM3\ARM_GCC_484\Debug/ADC_DelSig_1_Ext_CP_Clk.lst -g -D DEBUG -D ARM_MATH_CM3 -Wall -ffunction-sections -O0 -c .\Generated_Source\PSoC5\ADC_DelSig_1_Ext_CP_Clk.c -o .\CortexM3\ARM_GCC_484\Debug\ADC_DelSig_1_Ext_CP_Clk.o
arm-none-eabi-gcc.exe -mcpu=cortex-m3 -mthumb -Wno-main "-IZ:\scottcarlson On My Mac\Code\repos\LED_controller\CMSISfile\CMSIS\Include" -I. -IGenerated_Source\PSoC5 -Wa,-alh=.\CortexM3\ARM_GCC_484\Debug/ADC_DelSig_1_IRQ.lst -g -D DEBUG -D ARM_MATH_CM3 -Wall -ffunction-sections -O0 -c .\Generated_Source\PSoC5\ADC_DelSig_1_IRQ.c -o .\CortexM3\ARM_GCC_484\Debug\ADC_DelSig_1_IRQ.o
arm-none-eabi-gcc.exe -mcpu=cortex-m3 -mthumb -Wno-main "-IZ:\scottcarlson On My Mac\Code\repos\LED_controller\CMSISfile\CMSIS\Include" -I. -IGenerated_Source\PSoC5 -Wa,-alh=.\CortexM3\ARM_GCC_484\Debug/ADC_DelSig_1_theACLK.lst -g -D DEBUG -D ARM_MATH_CM3 -Wall -ffunction-sections -O0 -c .\Generated_Source\PSoC5\ADC_DelSig_1_theACLK.c -o .\CortexM3\ARM_GCC_484\Debug\ADC_DelSig_1_theACLK.o
arm-none-eabi-gcc.exe -mcpu=cortex-m3 -mthumb -Wno-main "-IZ:\scottcarlson On My Mac\Code\repos\LED_controller\CMSISfile\CMSIS\Include" -I. -IGenerated_Source\PSoC5 -Wa,-alh=.\CortexM3\ARM_GCC_484\Debug/Pin_1.lst -g -D DEBUG -D ARM_MATH_CM3 -Wall -ffunction-sections -O0 -c .\Generated_Source\PSoC5\Pin_1.c -o .\CortexM3\ARM_GCC_484\Debug\Pin_1.o
arm-none-eabi-gcc.exe -mcpu=cortex-m3 -mthumb -Wno-main "-IZ:\scottcarlson On My Mac\Code\repos\LED_controller\CMSISfile\CMSIS\Include" -I. -IGenerated_Source\PSoC5 -Wa,-alh=.\CortexM3\ARM_GCC_484\Debug/DMA_2_dma.lst -g -D DEBUG -D ARM_MATH_CM3 -Wall -ffunction-sections -O0 -c .\Generated_Source\PSoC5\DMA_2_dma.c -o .\CortexM3\ARM_GCC_484\Debug\DMA_2_dma.o
arm-none-eabi-gcc.exe -mcpu=cortex-m3 -mthumb -Wno-main "-IZ:\scottcarlson On My Mac\Code\repos\LED_controller\CMSISfile\CMSIS\Include" -I. -IGenerated_Source\PSoC5 -Wa,-alh=.\CortexM3\ARM_GCC_484\Debug/Pin_2.lst -g -D DEBUG -D ARM_MATH_CM3 -Wall -ffunction-sections -O0 -c .\Generated_Source\PSoC5\Pin_2.c -o .\CortexM3\ARM_GCC_484\Debug\Pin_2.o
arm-none-eabi-gcc.exe -mcpu=cortex-m3 -mthumb -Wno-main "-IZ:\scottcarlson On My Mac\Code\repos\LED_controller\CMSISfile\CMSIS\Include" -I. -IGenerated_Source\PSoC5 -Wa,-alh=.\CortexM3\ARM_GCC_484\Debug/isr_1.lst -g -D DEBUG -D ARM_MATH_CM3 -Wall -ffunction-sections -O0 -c .\Generated_Source\PSoC5\isr_1.c -o .\CortexM3\ARM_GCC_484\Debug\isr_1.o
arm-none-eabi-gcc.exe -mcpu=cortex-m3 -mthumb -Wno-main "-IZ:\scottcarlson On My Mac\Code\repos\LED_controller\CMSISfile\CMSIS\Include" -I. -IGenerated_Source\PSoC5 -Wa,-alh=.\CortexM3\ARM_GCC_484\Debug/isr_2.lst -g -D DEBUG -D ARM_MATH_CM3 -Wall -ffunction-sections -O0 -c .\Generated_Source\PSoC5\isr_2.c -o .\CortexM3\ARM_GCC_484\Debug\isr_2.o
arm-none-eabi-gcc.exe -mcpu=cortex-m3 -mthumb -Wno-main "-IZ:\scottcarlson On My Mac\Code\repos\LED_controller\CMSISfile\CMSIS\Include" -I. -IGenerated_Source\PSoC5 -Wa,-alh=.\CortexM3\ARM_GCC_484\Debug/Filter.lst -g -D DEBUG -D ARM_MATH_CM3 -Wall -ffunction-sections -O0 -c .\Generated_Source\PSoC5\Filter.c -o .\CortexM3\ARM_GCC_484\Debug\Filter.o
arm-none-eabi-gcc.exe -mcpu=cortex-m3 -mthumb -Wno-main "-IZ:\scottcarlson On My Mac\Code\repos\LED_controller\CMSISfile\CMSIS\Include" -I. -IGenerated_Source\PSoC5 -Wa,-alh=.\CortexM3\ARM_GCC_484\Debug/Filter_PM.lst -g -D DEBUG -D ARM_MATH_CM3 -Wall -ffunction-sections -O0 -c .\Generated_Source\PSoC5\Filter_PM.c -o .\CortexM3\ARM_GCC_484\Debug\Filter_PM.o
arm-none-eabi-gcc.exe -mcpu=cortex-m3 -mthumb -Wno-main "-IZ:\scottcarlson On My Mac\Code\repos\LED_controller\CMSISfile\CMSIS\Include" -I. -IGenerated_Source\PSoC5 -Wa,-alh=.\CortexM3\ARM_GCC_484\Debug/Filter_PVT.lst -g -D DEBUG -D ARM_MATH_CM3 -Wall -ffunction-sections -O0 -c .\Generated_Source\PSoC5\Filter_PVT.c -o .\CortexM3\ARM_GCC_484\Debug\Filter_PVT.o
arm-none-eabi-gcc.exe -mcpu=cortex-m3 -mthumb -Wno-main "-IZ:\scottcarlson On My Mac\Code\repos\LED_controller\CMSISfile\CMSIS\Include" -I. -IGenerated_Source\PSoC5 -Wa,-alh=.\CortexM3\ARM_GCC_484\Debug/Filter_RAM_Data.lst -g -D DEBUG -D ARM_MATH_CM3 -Wall -ffunction-sections -O0 -c .\Generated_Source\PSoC5\Filter_RAM_Data.c -o .\CortexM3\ARM_GCC_484\Debug\Filter_RAM_Data.o
arm-none-eabi-gcc.exe -mcpu=cortex-m3 -mthumb -Wno-main "-IZ:\scottcarlson On My Mac\Code\repos\LED_controller\CMSISfile\CMSIS\Include" -I. -IGenerated_Source\PSoC5 -Wa,-alh=.\CortexM3\ARM_GCC_484\Debug/Filter_Coefficients.lst -g -D DEBUG -D ARM_MATH_CM3 -Wall -ffunction-sections -O0 -c .\Generated_Source\PSoC5\Filter_Coefficients.c -o .\CortexM3\ARM_GCC_484\Debug\Filter_Coefficients.o
arm-none-eabi-gcc.exe -mcpu=cortex-m3 -mthumb -Wno-main "-IZ:\scottcarlson On My Mac\Code\repos\LED_controller\CMSISfile\CMSIS\Include" -I. -IGenerated_Source\PSoC5 -Wa,-alh=.\CortexM3\ARM_GCC_484\Debug/ADC2Filter_DMA_dma.lst -g -D DEBUG -D ARM_MATH_CM3 -Wall -ffunction-sections -O0 -c .\Generated_Source\PSoC5\ADC2Filter_DMA_dma.c -o .\CortexM3\ARM_GCC_484\Debug\ADC2Filter_DMA_dma.o
arm-none-eabi-gcc.exe -mcpu=cortex-m3 -mthumb -Wno-main "-IZ:\scottcarlson On My Mac\Code\repos\LED_controller\CMSISfile\CMSIS\Include" -I. -IGenerated_Source\PSoC5 -Wa,-alh=.\CortexM3\ARM_GCC_484\Debug/Pin_3.lst -g -D DEBUG -D ARM_MATH_CM3 -Wall -ffunction-sections -O0 -c .\Generated_Source\PSoC5\Pin_3.c -o .\CortexM3\ARM_GCC_484\Debug\Pin_3.o
arm-none-eabi-gcc.exe -mcpu=cortex-m3 -mthumb -Wno-main "-IZ:\scottcarlson On My Mac\Code\repos\LED_controller\CMSISfile\CMSIS\Include" -I. -IGenerated_Source\PSoC5 -Wa,-alh=.\CortexM3\ARM_GCC_484\Debug/Pin_4.lst -g -D DEBUG -D ARM_MATH_CM3 -Wall -ffunction-sections -O0 -c .\Generated_Source\PSoC5\Pin_4.c -o .\CortexM3\ARM_GCC_484\Debug\Pin_4.o
arm-none-eabi-gcc.exe -mcpu=cortex-m3 -mthumb -Wno-main "-IZ:\scottcarlson On My Mac\Code\repos\LED_controller\CMSISfile\CMSIS\Include" -I. -IGenerated_Source\PSoC5 -Wa,-alh=.\CortexM3\ARM_GCC_484\Debug/Pin_5.lst -g -D DEBUG -D ARM_MATH_CM3 -Wall -ffunction-sections -O0 -c .\Generated_Source\PSoC5\Pin_5.c -o .\CortexM3\ARM_GCC_484\Debug\Pin_5.o
arm-none-eabi-gcc.exe -mcpu=cortex-m3 -mthumb -Wno-main "-IZ:\scottcarlson On My Mac\Code\repos\LED_controller\CMSISfile\CMSIS\Include" -I. -IGenerated_Source\PSoC5 -Wa,-alh=.\CortexM3\ARM_GCC_484\Debug/DMA_4_dma.lst -g -D DEBUG -D ARM_MATH_CM3 -Wall -ffunction-sections -O0 -c .\Generated_Source\PSoC5\DMA_4_dma.c -o .\CortexM3\ARM_GCC_484\Debug\DMA_4_dma.o
arm-none-eabi-gcc.exe -mcpu=cortex-m3 -mthumb -Wno-main "-IZ:\scottcarlson On My Mac\Code\repos\LED_controller\CMSISfile\CMSIS\Include" -I. -IGenerated_Source\PSoC5 -Wa,-alh=.\CortexM3\ARM_GCC_484\Debug/DMA_3_dma.lst -g -D DEBUG -D ARM_MATH_CM3 -Wall -ffunction-sections -O0 -c .\Generated_Source\PSoC5\DMA_3_dma.c -o .\CortexM3\ARM_GCC_484\Debug\DMA_3_dma.o
arm-none-eabi-gcc.exe -mcpu=cortex-m3 -mthumb -Wno-main "-IZ:\scottcarlson On My Mac\Code\repos\LED_controller\CMSISfile\CMSIS\Include" -I. -IGenerated_Source\PSoC5 -Wa,-alh=.\CortexM3\ARM_GCC_484\Debug/Pin_6.lst -g -D DEBUG -D ARM_MATH_CM3 -Wall -ffunction-sections -O0 -c .\Generated_Source\PSoC5\Pin_6.c -o .\CortexM3\ARM_GCC_484\Debug\Pin_6.o
arm-none-eabi-gcc.exe -mcpu=cortex-m3 -mthumb -Wno-main "-IZ:\scottcarlson On My Mac\Code\repos\LED_controller\CMSISfile\CMSIS\Include" -I. -IGenerated_Source\PSoC5 -Wa,-alh=.\CortexM3\ARM_GCC_484\Debug/Pin_7.lst -g -D DEBUG -D ARM_MATH_CM3 -Wall -ffunction-sections -O0 -c .\Generated_Source\PSoC5\Pin_7.c -o .\CortexM3\ARM_GCC_484\Debug\Pin_7.o
arm-none-eabi-gcc.exe -mcpu=cortex-m3 -mthumb -Wno-main "-IZ:\scottcarlson On My Mac\Code\repos\LED_controller\CMSISfile\CMSIS\Include" -I. -IGenerated_Source\PSoC5 -Wa,-alh=.\CortexM3\ARM_GCC_484\Debug/Pin_8.lst -g -D DEBUG -D ARM_MATH_CM3 -Wall -ffunction-sections -O0 -c .\Generated_Source\PSoC5\Pin_8.c -o .\CortexM3\ARM_GCC_484\Debug\Pin_8.o
arm-none-eabi-ar.exe -rs .\CortexM3\ARM_GCC_484\Debug\Design01.a .\CortexM3\ARM_GCC_484\Debug\cyfitter_cfg.o .\CortexM3\ARM_GCC_484\Debug\CyBootAsmGnu.o .\CortexM3\ARM_GCC_484\Debug\CyDmac.o .\CortexM3\ARM_GCC_484\Debug\CyFlash.o .\CortexM3\ARM_GCC_484\Debug\CyLib.o .\CortexM3\ARM_GCC_484\Debug\cyPm.o .\CortexM3\ARM_GCC_484\Debug\CySpc.o .\CortexM3\ARM_GCC_484\Debug\cyutils.o .\CortexM3\ARM_GCC_484\Debug\LCD_Char_1.o .\CortexM3\ARM_GCC_484\Debug\LCD_Char_1_PM.o .\CortexM3\ARM_GCC_484\Debug\LCD_Char_1_LCDPort.o .\CortexM3\ARM_GCC_484\Debug\P0_0.o .\CortexM3\ARM_GCC_484\Debug\ADC_DelSig_1.o .\CortexM3\ARM_GCC_484\Debug\ADC_DelSig_1_PM.o .\CortexM3\ARM_GCC_484\Debug\ADC_DelSig_1_INT.o .\CortexM3\ARM_GCC_484\Debug\DMA_1_dma.o .\CortexM3\ARM_GCC_484\Debug\ADC_DelSig_1_AMux.o .\CortexM3\ARM_GCC_484\Debug\ADC_DelSig_1_Ext_CP_Clk.o .\CortexM3\ARM_GCC_484\Debug\ADC_DelSig_1_IRQ.o .\CortexM3\ARM_GCC_484\Debug\ADC_DelSig_1_theACLK.o .\CortexM3\ARM_GCC_484\Debug\Pin_1.o .\CortexM3\ARM_GCC_484\Debug\DMA_2_dma.o .\CortexM3\ARM_GCC_484\Debug\Pin_2.o .\CortexM3\ARM_GCC_484\Debug\isr_1.o .\CortexM3\ARM_GCC_484\Debug\isr_2.o .\CortexM3\ARM_GCC_484\Debug\Filter.o .\CortexM3\ARM_GCC_484\Debug\Filter_PM.o .\CortexM3\ARM_GCC_484\Debug\Filter_PVT.o .\CortexM3\ARM_GCC_484\Debug\Filter_RAM_Data.o .\CortexM3\ARM_GCC_484\Debug\Filter_Coefficients.o .\CortexM3\ARM_GCC_484\Debug\ADC2Filter_DMA_dma.o .\CortexM3\ARM_GCC_484\Debug\Pin_3.o .\CortexM3\ARM_GCC_484\Debug\Pin_4.o .\CortexM3\ARM_GCC_484\Debug\Pin_5.o .\CortexM3\ARM_GCC_484\Debug\DMA_4_dma.o .\CortexM3\ARM_GCC_484\Debug\DMA_3_dma.o .\CortexM3\ARM_GCC_484\Debug\Pin_6.o .\CortexM3\ARM_GCC_484\Debug\Pin_7.o .\CortexM3\ARM_GCC_484\Debug\Pin_8.o
arm-none-eabi-ar.exe: creating .\CortexM3\ARM_GCC_484\Debug\Design01.a
arm-none-eabi-gcc.exe -Wl,--start-group -o .\CortexM3\ARM_GCC_484\Debug\Design01.elf .\CortexM3\ARM_GCC_484\Debug\main.o .\CortexM3\ARM_GCC_484\Debug\math_helper.o .\CortexM3\ARM_GCC_484\Debug\cymetadata.o .\CortexM3\ARM_GCC_484\Debug\Cm3Start.o .\CortexM3\ARM_GCC_484\Debug\Design01.a "C:\Program Files\Cypress\PSoC Creator\3.2\PSoC Creator\psoc\content\cycomponentlibrary\CyComponentLibrary.cylib\CortexM3\ARM_GCC_484\Debug\CyComponentLibrary.a" -mcpu=cortex-m3 -mthumb -g -ffunction-sections -O0 -l arm_cortexM3l_math -L "Z:\scottcarlson On My Mac\Code\repos\LED_controller\CMSISfile\CMSIS\Lib\GCC" -Wl,-Map,.\CortexM3\ARM_GCC_484\Debug/Design01.map -T Generated_Source\PSoC5\cm3gcc.ld -specs=nano.specs -Wl,--gc-sections -lm -Wl,--end-group
cyelftool.exe -C "\\vmware-host\Shared Folders\scottcarlson On My Mac\Code\repos\LED_controller\Design01.cydsn\CortexM3\ARM_GCC_484\Debug\Design01.elf" --flash_row_size 256 --flash_size 262144
cyelftool.exe -S "\\vmware-host\Shared Folders\scottcarlson On My Mac\Code\repos\LED_controller\Design01.cydsn\CortexM3\ARM_GCC_484\Debug\Design01.elf"
Flash used: 17920 of 262144 bytes (6.8 %).
SRAM used: 30077 of 65536 bytes (45.9 %). Stack: 16384 bytes. Heap: 4096 bytes.
--------------- Rebuild Succeeded: 10/30/2015 14:24:28 ---------------
