--------------- Build Started: 09/08/2015 17:39:55 Project: Filter_ADC_VDAC01, Configuration: ARM GCC 4.8.4 Debug ---------------
cydsfit.exe -.appdatapath "C:\Users\Scott Carlson\AppData\Local\Cypress Semiconductor\PSoC Creator\3.2" -.fdsnotice -.fdswarpdepfile=warp_dependencies.txt -.fdselabdepfile=elab_dependencies.txt -.fdsbldfile=generated_files.txt -p "Z:\scottcarlson On My Mac\Code\PSoC_Creator\Design01\Design01.cydsn\Filter_ADC_VDAC01.cydsn\Filter_ADC_VDAC01.cyprj" -d CY8C5868AXI-LP035 -s "Z:\scottcarlson On My Mac\Code\PSoC_Creator\Design01\Design01.cydsn\Filter_ADC_VDAC01.cydsn\Generated_Source\PSoC5" -- -yv2 -q10 -ygs -o2 -v3 -.fftcfgtype=LE
Elaborating Design...
HDL Generation ...
Synthesis ...
Place and Route ...
Tech mapping ...
Analog Placement ...
Log: apr.M0058: The analog placement iterative improvement is 33% done. (App=cydsfit)
Log: apr.M0058: The analog placement iterative improvement is 57% done. (App=cydsfit)
Log: apr.M0058: The analog placement iterative improvement is 79% done. (App=cydsfit)
Analog Routing ...
Analog Code Generation ...
Digital Placement ...
Digital Routing ...
Bitstream Generation ...
Static timing analysis ...
API Generation ...
Dependency Generation ...
Clean Temporary Files ...
arm-none-eabi-gcc.exe -mcpu=cortex-m3 -mthumb -Wno-main -I. -IGenerated_Source\PSoC5 -Wa,-alh=.\CortexM3\ARM_GCC_484\Debug/main.lst -g -Wall -ffunction-sections -O0 -c .\main.c -o .\CortexM3\ARM_GCC_484\Debug\main.o
arm-none-eabi-gcc.exe -mcpu=cortex-m3 -mthumb -Wno-main -I. -IGenerated_Source\PSoC5 -Wa,-alh=.\CortexM3\ARM_GCC_484\Debug/cyfitter_cfg.lst -g -Wall -ffunction-sections -O0 -c .\Generated_Source\PSoC5\cyfitter_cfg.c -o .\CortexM3\ARM_GCC_484\Debug\cyfitter_cfg.o
arm-none-eabi-gcc.exe -mcpu=cortex-m3 -mthumb -Wno-main -I. -IGenerated_Source\PSoC5 -Wa,-alh=.\CortexM3\ARM_GCC_484\Debug/cymetadata.lst -g -Wall -ffunction-sections -O0 -c .\Generated_Source\PSoC5\cymetadata.c -o .\CortexM3\ARM_GCC_484\Debug\cymetadata.o
arm-none-eabi-gcc.exe -mcpu=cortex-m3 -mthumb -Wno-main -I. -IGenerated_Source\PSoC5 -Wa,-alh=.\CortexM3\ARM_GCC_484\Debug/DMA_dma.lst -g -Wall -ffunction-sections -O0 -c .\Generated_Source\PSoC5\DMA_dma.c -o .\CortexM3\ARM_GCC_484\Debug\DMA_dma.o
arm-none-eabi-gcc.exe -mcpu=cortex-m3 -mthumb -Wno-main -I. -IGenerated_Source\PSoC5 -Wa,-alh=.\CortexM3\ARM_GCC_484\Debug/ADC_DelSig.lst -g -Wall -ffunction-sections -O0 -c .\Generated_Source\PSoC5\ADC_DelSig.c -o .\CortexM3\ARM_GCC_484\Debug\ADC_DelSig.o
arm-none-eabi-gcc.exe -mcpu=cortex-m3 -mthumb -Wno-main -I. -IGenerated_Source\PSoC5 -Wa,-alh=.\CortexM3\ARM_GCC_484\Debug/ADC_DelSig_PM.lst -g -Wall -ffunction-sections -O0 -c .\Generated_Source\PSoC5\ADC_DelSig_PM.c -o .\CortexM3\ARM_GCC_484\Debug\ADC_DelSig_PM.o
arm-none-eabi-gcc.exe -mcpu=cortex-m3 -mthumb -Wno-main -I. -IGenerated_Source\PSoC5 -Wa,-alh=.\CortexM3\ARM_GCC_484\Debug/ADC_DelSig_INT.lst -g -Wall -ffunction-sections -O0 -c .\Generated_Source\PSoC5\ADC_DelSig_INT.c -o .\CortexM3\ARM_GCC_484\Debug\ADC_DelSig_INT.o
arm-none-eabi-gcc.exe -mcpu=cortex-m3 -mthumb -Wno-main -I. -IGenerated_Source\PSoC5 -Wa,-alh=.\CortexM3\ARM_GCC_484\Debug/VDAC8.lst -g -Wall -ffunction-sections -O0 -c .\Generated_Source\PSoC5\VDAC8.c -o .\CortexM3\ARM_GCC_484\Debug\VDAC8.o
arm-none-eabi-gcc.exe -mcpu=cortex-m3 -mthumb -Wno-main -I. -IGenerated_Source\PSoC5 -Wa,-alh=.\CortexM3\ARM_GCC_484\Debug/VDAC8_PM.lst -g -Wall -ffunction-sections -O0 -c .\Generated_Source\PSoC5\VDAC8_PM.c -o .\CortexM3\ARM_GCC_484\Debug\VDAC8_PM.o
arm-none-eabi-gcc.exe -mcpu=cortex-m3 -mthumb -Wno-main -I. -IGenerated_Source\PSoC5 -Wa,-alh=.\CortexM3\ARM_GCC_484\Debug/Filter.lst -g -Wall -ffunction-sections -O0 -c .\Generated_Source\PSoC5\Filter.c -o .\CortexM3\ARM_GCC_484\Debug\Filter.o
arm-none-eabi-gcc.exe -mcpu=cortex-m3 -mthumb -Wno-main -I. -IGenerated_Source\PSoC5 -Wa,-alh=.\CortexM3\ARM_GCC_484\Debug/Filter_PM.lst -g -Wall -ffunction-sections -O0 -c .\Generated_Source\PSoC5\Filter_PM.c -o .\CortexM3\ARM_GCC_484\Debug\Filter_PM.o
arm-none-eabi-gcc.exe -mcpu=cortex-m3 -mthumb -Wno-main -I. -IGenerated_Source\PSoC5 -Wa,-alh=.\CortexM3\ARM_GCC_484\Debug/Filter_PVT.lst -g -Wall -ffunction-sections -O0 -c .\Generated_Source\PSoC5\Filter_PVT.c -o .\CortexM3\ARM_GCC_484\Debug\Filter_PVT.o
arm-none-eabi-gcc.exe -mcpu=cortex-m3 -mthumb -Wno-main -I. -IGenerated_Source\PSoC5 -Wa,-alh=.\CortexM3\ARM_GCC_484\Debug/Filter_RAM_Data.lst -g -Wall -ffunction-sections -O0 -c .\Generated_Source\PSoC5\Filter_RAM_Data.c -o .\CortexM3\ARM_GCC_484\Debug\Filter_RAM_Data.o
arm-none-eabi-gcc.exe -mcpu=cortex-m3 -mthumb -Wno-main -I. -IGenerated_Source\PSoC5 -Wa,-alh=.\CortexM3\ARM_GCC_484\Debug/Filter_Coefficients.lst -g -Wall -ffunction-sections -O0 -c .\Generated_Source\PSoC5\Filter_Coefficients.c -o .\CortexM3\ARM_GCC_484\Debug\Filter_Coefficients.o
arm-none-eabi-gcc.exe -mcpu=cortex-m3 -mthumb -Wno-main -I. -IGenerated_Source\PSoC5 -Wa,-alh=.\CortexM3\ARM_GCC_484\Debug/P0_0.lst -g -Wall -ffunction-sections -O0 -c .\Generated_Source\PSoC5\P0_0.c -o .\CortexM3\ARM_GCC_484\Debug\P0_0.o
arm-none-eabi-gcc.exe -mcpu=cortex-m3 -mthumb -Wno-main -I. -IGenerated_Source\PSoC5 -Wa,-alh=.\CortexM3\ARM_GCC_484\Debug/P0_1.lst -g -Wall -ffunction-sections -O0 -c .\Generated_Source\PSoC5\P0_1.c -o .\CortexM3\ARM_GCC_484\Debug\P0_1.o
arm-none-eabi-gcc.exe -mcpu=cortex-m3 -mthumb -Wno-main -I. -IGenerated_Source\PSoC5 -Wa,-alh=.\CortexM3\ARM_GCC_484\Debug/P0_2.lst -g -Wall -ffunction-sections -O0 -c .\Generated_Source\PSoC5\P0_2.c -o .\CortexM3\ARM_GCC_484\Debug\P0_2.o
arm-none-eabi-gcc.exe -mcpu=cortex-m3 -mthumb -Wno-main -I. -IGenerated_Source\PSoC5 -Wa,-alh=.\CortexM3\ARM_GCC_484\Debug/ADC_DelSig_Ext_CP_Clk.lst -g -Wall -ffunction-sections -O0 -c .\Generated_Source\PSoC5\ADC_DelSig_Ext_CP_Clk.c -o .\CortexM3\ARM_GCC_484\Debug\ADC_DelSig_Ext_CP_Clk.o
arm-none-eabi-gcc.exe -mcpu=cortex-m3 -mthumb -Wno-main -I. -IGenerated_Source\PSoC5 -Wa,-alh=.\CortexM3\ARM_GCC_484\Debug/ADC_DelSig_IRQ.lst -g -Wall -ffunction-sections -O0 -c .\Generated_Source\PSoC5\ADC_DelSig_IRQ.c -o .\CortexM3\ARM_GCC_484\Debug\ADC_DelSig_IRQ.o
arm-none-eabi-gcc.exe -mcpu=cortex-m3 -mthumb -Wno-main -I. -IGenerated_Source\PSoC5 -Wa,-alh=.\CortexM3\ARM_GCC_484\Debug/ADC_DelSig_theACLK.lst -g -Wall -ffunction-sections -O0 -c .\Generated_Source\PSoC5\ADC_DelSig_theACLK.c -o .\CortexM3\ARM_GCC_484\Debug\ADC_DelSig_theACLK.o
arm-none-eabi-gcc.exe -mcpu=cortex-m3 -mthumb -Wno-main -I. -IGenerated_Source\PSoC5 -Wa,-alh=.\CortexM3\ARM_GCC_484\Debug/Cm3Start.lst -g -Wall -ffunction-sections -O0 -c .\Generated_Source\PSoC5\Cm3Start.c -o .\CortexM3\ARM_GCC_484\Debug\Cm3Start.o
arm-none-eabi-as.exe -mcpu=cortex-m3 -mthumb -I. -IGenerated_Source\PSoC5 -alh=.\CortexM3\ARM_GCC_484\Debug/CyBootAsmGnu.lst -g -o .\CortexM3\ARM_GCC_484\Debug\CyBootAsmGnu.o .\Generated_Source\PSoC5\CyBootAsmGnu.s
arm-none-eabi-gcc.exe -mcpu=cortex-m3 -mthumb -Wno-main -I. -IGenerated_Source\PSoC5 -Wa,-alh=.\CortexM3\ARM_GCC_484\Debug/CyDmac.lst -g -Wall -ffunction-sections -O0 -c .\Generated_Source\PSoC5\CyDmac.c -o .\CortexM3\ARM_GCC_484\Debug\CyDmac.o
arm-none-eabi-gcc.exe -mcpu=cortex-m3 -mthumb -Wno-main -I. -IGenerated_Source\PSoC5 -Wa,-alh=.\CortexM3\ARM_GCC_484\Debug/CyFlash.lst -g -Wall -ffunction-sections -O0 -c .\Generated_Source\PSoC5\CyFlash.c -o .\CortexM3\ARM_GCC_484\Debug\CyFlash.o
arm-none-eabi-gcc.exe -mcpu=cortex-m3 -mthumb -Wno-main -I. -IGenerated_Source\PSoC5 -Wa,-alh=.\CortexM3\ARM_GCC_484\Debug/CyLib.lst -g -Wall -ffunction-sections -O0 -c .\Generated_Source\PSoC5\CyLib.c -o .\CortexM3\ARM_GCC_484\Debug\CyLib.o
arm-none-eabi-gcc.exe -mcpu=cortex-m3 -mthumb -Wno-main -I. -IGenerated_Source\PSoC5 -Wa,-alh=.\CortexM3\ARM_GCC_484\Debug/cyPm.lst -g -Wall -ffunction-sections -O0 -c .\Generated_Source\PSoC5\cyPm.c -o .\CortexM3\ARM_GCC_484\Debug\cyPm.o
arm-none-eabi-gcc.exe -mcpu=cortex-m3 -mthumb -Wno-main -I. -IGenerated_Source\PSoC5 -Wa,-alh=.\CortexM3\ARM_GCC_484\Debug/CySpc.lst -g -Wall -ffunction-sections -O0 -c .\Generated_Source\PSoC5\CySpc.c -o .\CortexM3\ARM_GCC_484\Debug\CySpc.o
arm-none-eabi-gcc.exe -mcpu=cortex-m3 -mthumb -Wno-main -I. -IGenerated_Source\PSoC5 -Wa,-alh=.\CortexM3\ARM_GCC_484\Debug/cyutils.lst -g -Wall -ffunction-sections -O0 -c .\Generated_Source\PSoC5\cyutils.c -o .\CortexM3\ARM_GCC_484\Debug\cyutils.o
arm-none-eabi-gcc.exe -mcpu=cortex-m3 -mthumb -Wno-main -I. -IGenerated_Source\PSoC5 -Wa,-alh=.\CortexM3\ARM_GCC_484\Debug/DMA_2_dma.lst -g -Wall -ffunction-sections -O0 -c .\Generated_Source\PSoC5\DMA_2_dma.c -o .\CortexM3\ARM_GCC_484\Debug\DMA_2_dma.o
arm-none-eabi-gcc.exe -mcpu=cortex-m3 -mthumb -Wno-main -I. -IGenerated_Source\PSoC5 -Wa,-alh=.\CortexM3\ARM_GCC_484\Debug/DMA_1_dma.lst -g -Wall -ffunction-sections -O0 -c .\Generated_Source\PSoC5\DMA_1_dma.c -o .\CortexM3\ARM_GCC_484\Debug\DMA_1_dma.o
arm-none-eabi-ar.exe -rs .\CortexM3\ARM_GCC_484\Debug\Filter_ADC_VDAC01.a .\CortexM3\ARM_GCC_484\Debug\cyfitter_cfg.o .\CortexM3\ARM_GCC_484\Debug\DMA_dma.o .\CortexM3\ARM_GCC_484\Debug\ADC_DelSig.o .\CortexM3\ARM_GCC_484\Debug\ADC_DelSig_PM.o .\CortexM3\ARM_GCC_484\Debug\ADC_DelSig_INT.o .\CortexM3\ARM_GCC_484\Debug\VDAC8.o .\CortexM3\ARM_GCC_484\Debug\VDAC8_PM.o .\CortexM3\ARM_GCC_484\Debug\Filter.o .\CortexM3\ARM_GCC_484\Debug\Filter_PM.o .\CortexM3\ARM_GCC_484\Debug\Filter_PVT.o .\CortexM3\ARM_GCC_484\Debug\Filter_RAM_Data.o .\CortexM3\ARM_GCC_484\Debug\Filter_Coefficients.o .\CortexM3\ARM_GCC_484\Debug\P0_0.o .\CortexM3\ARM_GCC_484\Debug\P0_1.o .\CortexM3\ARM_GCC_484\Debug\P0_2.o .\CortexM3\ARM_GCC_484\Debug\ADC_DelSig_Ext_CP_Clk.o .\CortexM3\ARM_GCC_484\Debug\ADC_DelSig_IRQ.o .\CortexM3\ARM_GCC_484\Debug\ADC_DelSig_theACLK.o .\CortexM3\ARM_GCC_484\Debug\CyBootAsmGnu.o .\CortexM3\ARM_GCC_484\Debug\CyDmac.o .\CortexM3\ARM_GCC_484\Debug\CyFlash.o .\CortexM3\ARM_GCC_484\Debug\CyLib.o .\CortexM3\ARM_GCC_484\Debug\cyPm.o .\CortexM3\ARM_GCC_484\Debug\CySpc.o .\CortexM3\ARM_GCC_484\Debug\cyutils.o .\CortexM3\ARM_GCC_484\Debug\DMA_2_dma.o .\CortexM3\ARM_GCC_484\Debug\DMA_1_dma.o
arm-none-eabi-ar.exe: creating .\CortexM3\ARM_GCC_484\Debug\Filter_ADC_VDAC01.a
arm-none-eabi-gcc.exe -Wl,--start-group -o .\CortexM3\ARM_GCC_484\Debug\Filter_ADC_VDAC01.elf .\CortexM3\ARM_GCC_484\Debug\main.o .\CortexM3\ARM_GCC_484\Debug\cymetadata.o .\CortexM3\ARM_GCC_484\Debug\Cm3Start.o .\CortexM3\ARM_GCC_484\Debug\Filter_ADC_VDAC01.a "C:\Program Files\Cypress\PSoC Creator\3.2\PSoC Creator\psoc\content\cycomponentlibrary\CyComponentLibrary.cylib\CortexM3\ARM_GCC_484\Debug\CyComponentLibrary.a" -mcpu=cortex-m3 -mthumb -g -ffunction-sections -O0 -Wl,-Map,.\CortexM3\ARM_GCC_484\Debug/Filter_ADC_VDAC01.map -T Generated_Source\PSoC5\cm3gcc.ld -specs=nano.specs -Wl,--gc-sections -Wl,--end-group
cyelftool.exe -C "Z:\scottcarlson On My Mac\Code\PSoC_Creator\Design01\Design01.cydsn\Filter_ADC_VDAC01.cydsn\CortexM3\ARM_GCC_484\Debug\Filter_ADC_VDAC01.elf" --flash_row_size 256 --flash_size 262144
cyelftool.exe -S "Z:\scottcarlson On My Mac\Code\PSoC_Creator\Design01\Design01.cydsn\Filter_ADC_VDAC01.cydsn\CortexM3\ARM_GCC_484\Debug\Filter_ADC_VDAC01.elf"
Flash used: 9216 of 262144 bytes (3.5 %).
SRAM used: 6637 of 65536 bytes (10.1 %). Stack: 2048 bytes. Heap: 128 bytes.
--------------- Build Succeeded: 09/08/2015 17:43:56 ---------------
