ARM GAS  C:\Users\SCOTTC~1\AppData\Local\Temp\ccsL4mQJ.s 			page 1


   1              		.syntax unified
   2              		.cpu cortex-m3
   3              		.fpu softvfp
   4              		.eabi_attribute 20, 1
   5              		.eabi_attribute 21, 1
   6              		.eabi_attribute 23, 3
   7              		.eabi_attribute 24, 1
   8              		.eabi_attribute 25, 1
   9              		.eabi_attribute 26, 1
  10              		.eabi_attribute 30, 6
  11              		.eabi_attribute 34, 1
  12              		.eabi_attribute 18, 4
  13              		.thumb
  14              		.file	"Cm3Start.c"
  15              		.text
  16              	.Ltext0:
  17              		.cfi_sections	.debug_frame
  18              		.section	.noinit,"aw",%progbits
  19              		.align	2
  20              		.type	cySysNoInitDataValid, %object
  21              		.size	cySysNoInitDataValid, 4
  22              	cySysNoInitDataValid:
  23 0000 00000000 		.space	4
  24              		.global	CyRamVectors
  25              		.section	.ramvectors,"aw",%progbits
  26              		.align	8
  27              		.type	CyRamVectors, %object
  28              		.size	CyRamVectors, 192
  29              	CyRamVectors:
  30 0000 00000000 		.space	192
  30      00000000 
  30      00000000 
  30      00000000 
  30      00000000 
  31 00c0 00000000 		.section	.text.IntDefaultHandler,"ax",%progbits
  31      00000000 
  31      00000000 
  31      00000000 
  31      00000000 
  32              		.align	2
  33              		.global	IntDefaultHandler
  34              		.thumb
  35              		.thumb_func
  36              		.type	IntDefaultHandler, %function
  37              	IntDefaultHandler:
  38              	.LFB0:
  39              		.file 1 ".\\Generated_Source\\PSoC5\\Cm3Start.c"
   1:.\Generated_Source\PSoC5/Cm3Start.c **** /*******************************************************************************
   2:.\Generated_Source\PSoC5/Cm3Start.c **** * File Name: Cm3Start.c
   3:.\Generated_Source\PSoC5/Cm3Start.c **** * Version 5.10
   4:.\Generated_Source\PSoC5/Cm3Start.c **** *
   5:.\Generated_Source\PSoC5/Cm3Start.c **** *  Description:
   6:.\Generated_Source\PSoC5/Cm3Start.c **** *  Startup code for the ARM CM3.
   7:.\Generated_Source\PSoC5/Cm3Start.c **** *
   8:.\Generated_Source\PSoC5/Cm3Start.c **** ********************************************************************************
   9:.\Generated_Source\PSoC5/Cm3Start.c **** * Copyright 2008-2015, Cypress Semiconductor Corporation. All rights reserved.
  10:.\Generated_Source\PSoC5/Cm3Start.c **** * You may use this file only in accordance with the license, terms, conditions,
ARM GAS  C:\Users\SCOTTC~1\AppData\Local\Temp\ccsL4mQJ.s 			page 2


  11:.\Generated_Source\PSoC5/Cm3Start.c **** * disclaimers, and limitations in the end user license agreement accompanying
  12:.\Generated_Source\PSoC5/Cm3Start.c **** * the software package with which this file was provided.
  13:.\Generated_Source\PSoC5/Cm3Start.c **** *******************************************************************************/
  14:.\Generated_Source\PSoC5/Cm3Start.c **** 
  15:.\Generated_Source\PSoC5/Cm3Start.c **** #include <limits.h>
  16:.\Generated_Source\PSoC5/Cm3Start.c **** #include "cydevice_trm.h"
  17:.\Generated_Source\PSoC5/Cm3Start.c **** #include "cytypes.h"
  18:.\Generated_Source\PSoC5/Cm3Start.c **** #include "cyfitter_cfg.h"
  19:.\Generated_Source\PSoC5/Cm3Start.c **** #include "CyLib.h"
  20:.\Generated_Source\PSoC5/Cm3Start.c **** #include "CyDmac.h"
  21:.\Generated_Source\PSoC5/Cm3Start.c **** #include "cyfitter.h"
  22:.\Generated_Source\PSoC5/Cm3Start.c **** 
  23:.\Generated_Source\PSoC5/Cm3Start.c **** #define CY_NUM_INTERRUPTS           (32u)
  24:.\Generated_Source\PSoC5/Cm3Start.c **** #define CY_NUM_VECTORS              (CYINT_IRQ_BASE + CY_NUM_INTERRUPTS)
  25:.\Generated_Source\PSoC5/Cm3Start.c **** #define CY_NUM_ROM_VECTORS          (4u)
  26:.\Generated_Source\PSoC5/Cm3Start.c **** #define CY_NVIC_APINT_PTR           ((reg32 *) CYREG_NVIC_APPLN_INTR)
  27:.\Generated_Source\PSoC5/Cm3Start.c **** #define CY_NVIC_CFG_CTRL_PTR        ((reg32 *) CYREG_NVIC_CFG_CONTROL)
  28:.\Generated_Source\PSoC5/Cm3Start.c **** #define CY_NVIC_APINT_PRIGROUP_3_5  (0x00000400u)  /* Priority group 3.5 split */
  29:.\Generated_Source\PSoC5/Cm3Start.c **** #define CY_NVIC_APINT_VECTKEY       (0x05FA0000u)  /* This key is required in order to write the NV
  30:.\Generated_Source\PSoC5/Cm3Start.c **** #define CY_NVIC_CFG_STACKALIGN      (0x00000200u)  /* This specifies that the exception stack must 
  31:.\Generated_Source\PSoC5/Cm3Start.c **** 
  32:.\Generated_Source\PSoC5/Cm3Start.c **** #if defined(__ARMCC_VERSION)
  33:.\Generated_Source\PSoC5/Cm3Start.c ****     #define INITIAL_STACK_POINTER ((cyisraddress)(uint32)&Image$$ARM_LIB_STACK$$ZI$$Limit)
  34:.\Generated_Source\PSoC5/Cm3Start.c **** #elif defined (__GNUC__)
  35:.\Generated_Source\PSoC5/Cm3Start.c ****     #define INITIAL_STACK_POINTER (&__cy_stack)
  36:.\Generated_Source\PSoC5/Cm3Start.c **** #elif defined (__ICCARM__)
  37:.\Generated_Source\PSoC5/Cm3Start.c ****     #pragma language=extended
  38:.\Generated_Source\PSoC5/Cm3Start.c ****     #pragma segment="CSTACK"
  39:.\Generated_Source\PSoC5/Cm3Start.c ****     #define INITIAL_STACK_POINTER  { .__ptr = __sfe( "CSTACK" ) }
  40:.\Generated_Source\PSoC5/Cm3Start.c **** 
  41:.\Generated_Source\PSoC5/Cm3Start.c ****     extern void __iar_program_start( void );
  42:.\Generated_Source\PSoC5/Cm3Start.c ****     extern void __iar_data_init3 (void);
  43:.\Generated_Source\PSoC5/Cm3Start.c **** #endif  /* (__ARMCC_VERSION) */
  44:.\Generated_Source\PSoC5/Cm3Start.c **** 
  45:.\Generated_Source\PSoC5/Cm3Start.c **** #if defined(__GNUC__)
  46:.\Generated_Source\PSoC5/Cm3Start.c ****     #include <errno.h>
  47:.\Generated_Source\PSoC5/Cm3Start.c ****     extern int  errno;
  48:.\Generated_Source\PSoC5/Cm3Start.c ****     extern int  end;
  49:.\Generated_Source\PSoC5/Cm3Start.c **** #endif  /* defined(__GNUC__) */
  50:.\Generated_Source\PSoC5/Cm3Start.c **** 
  51:.\Generated_Source\PSoC5/Cm3Start.c **** /* Extern functions */
  52:.\Generated_Source\PSoC5/Cm3Start.c **** extern void CyBtldr_CheckLaunch(void);
  53:.\Generated_Source\PSoC5/Cm3Start.c **** 
  54:.\Generated_Source\PSoC5/Cm3Start.c **** /* Function prototypes */
  55:.\Generated_Source\PSoC5/Cm3Start.c **** void initialize_psoc(void);
  56:.\Generated_Source\PSoC5/Cm3Start.c **** CY_ISR(IntDefaultHandler);
  57:.\Generated_Source\PSoC5/Cm3Start.c **** void Reset(void);
  58:.\Generated_Source\PSoC5/Cm3Start.c **** CY_ISR(IntDefaultHandler);
  59:.\Generated_Source\PSoC5/Cm3Start.c **** 
  60:.\Generated_Source\PSoC5/Cm3Start.c **** /* Global variables */
  61:.\Generated_Source\PSoC5/Cm3Start.c **** #if !defined (__ICCARM__)
  62:.\Generated_Source\PSoC5/Cm3Start.c ****     CY_NOINIT static uint32 cySysNoInitDataValid;
  63:.\Generated_Source\PSoC5/Cm3Start.c **** #endif  /* !defined (__ICCARM__) */
  64:.\Generated_Source\PSoC5/Cm3Start.c **** 
  65:.\Generated_Source\PSoC5/Cm3Start.c **** 
  66:.\Generated_Source\PSoC5/Cm3Start.c **** /*******************************************************************************
  67:.\Generated_Source\PSoC5/Cm3Start.c **** * Default Ram Interrupt Vector table storage area. Must be 256-byte aligned.
ARM GAS  C:\Users\SCOTTC~1\AppData\Local\Temp\ccsL4mQJ.s 			page 3


  68:.\Generated_Source\PSoC5/Cm3Start.c **** *******************************************************************************/
  69:.\Generated_Source\PSoC5/Cm3Start.c **** #if defined (__ICCARM__)
  70:.\Generated_Source\PSoC5/Cm3Start.c ****     #pragma location=".ramvectors"
  71:.\Generated_Source\PSoC5/Cm3Start.c ****     #pragma data_alignment=256
  72:.\Generated_Source\PSoC5/Cm3Start.c **** #else
  73:.\Generated_Source\PSoC5/Cm3Start.c ****     CY_SECTION(".ramvectors")
  74:.\Generated_Source\PSoC5/Cm3Start.c ****     CY_ALIGN(256)
  75:.\Generated_Source\PSoC5/Cm3Start.c **** #endif  /* defined (__ICCARM__) */
  76:.\Generated_Source\PSoC5/Cm3Start.c **** cyisraddress CyRamVectors[CY_NUM_VECTORS];
  77:.\Generated_Source\PSoC5/Cm3Start.c **** 
  78:.\Generated_Source\PSoC5/Cm3Start.c **** 
  79:.\Generated_Source\PSoC5/Cm3Start.c **** /*******************************************************************************
  80:.\Generated_Source\PSoC5/Cm3Start.c **** * Function Name: IntDefaultHandler
  81:.\Generated_Source\PSoC5/Cm3Start.c **** ********************************************************************************
  82:.\Generated_Source\PSoC5/Cm3Start.c **** *
  83:.\Generated_Source\PSoC5/Cm3Start.c **** * Summary:
  84:.\Generated_Source\PSoC5/Cm3Start.c **** *  This function is called for all interrupts, other than a reset that gets
  85:.\Generated_Source\PSoC5/Cm3Start.c **** *  called before the system is setup.
  86:.\Generated_Source\PSoC5/Cm3Start.c **** *
  87:.\Generated_Source\PSoC5/Cm3Start.c **** * Parameters:
  88:.\Generated_Source\PSoC5/Cm3Start.c **** *  None
  89:.\Generated_Source\PSoC5/Cm3Start.c **** *
  90:.\Generated_Source\PSoC5/Cm3Start.c **** * Return:
  91:.\Generated_Source\PSoC5/Cm3Start.c **** *  None
  92:.\Generated_Source\PSoC5/Cm3Start.c **** *
  93:.\Generated_Source\PSoC5/Cm3Start.c **** * Theory:
  94:.\Generated_Source\PSoC5/Cm3Start.c **** *  Any value other than zero is acceptable.
  95:.\Generated_Source\PSoC5/Cm3Start.c **** *
  96:.\Generated_Source\PSoC5/Cm3Start.c **** *******************************************************************************/
  97:.\Generated_Source\PSoC5/Cm3Start.c **** CY_ISR(IntDefaultHandler)
  98:.\Generated_Source\PSoC5/Cm3Start.c **** {
  40              		.loc 1 98 0
  41              		.cfi_startproc
  42              		@ args = 0, pretend = 0, frame = 0
  43              		@ frame_needed = 1, uses_anonymous_args = 0
  44              		@ link register save eliminated.
  45 0000 80B4     		push	{r7}
  46              		.cfi_def_cfa_offset 4
  47              		.cfi_offset 7, -4
  48 0002 00AF     		add	r7, sp, #0
  49              		.cfi_def_cfa_register 7
  50              	.L2:
  99:.\Generated_Source\PSoC5/Cm3Start.c **** 
 100:.\Generated_Source\PSoC5/Cm3Start.c ****     while(1)
 101:.\Generated_Source\PSoC5/Cm3Start.c ****     {
 102:.\Generated_Source\PSoC5/Cm3Start.c ****         /***********************************************************************
 103:.\Generated_Source\PSoC5/Cm3Start.c ****         * We must not get here. If we do, a serious problem occurs, so go
 104:.\Generated_Source\PSoC5/Cm3Start.c ****         * into an infinite loop.
 105:.\Generated_Source\PSoC5/Cm3Start.c ****         ***********************************************************************/
 106:.\Generated_Source\PSoC5/Cm3Start.c ****     }
  51              		.loc 1 106 0 discriminator 1
  52 0004 FEE7     		b	.L2
  53              		.cfi_endproc
  54              	.LFE0:
  55              		.size	IntDefaultHandler, .-IntDefaultHandler
  56              		.section	.text._exit,"ax",%progbits
  57              		.align	2
ARM GAS  C:\Users\SCOTTC~1\AppData\Local\Temp\ccsL4mQJ.s 			page 4


  58              		.weak	_exit
  59              		.thumb
  60              		.thumb_func
  61              		.type	_exit, %function
  62              	_exit:
  63              	.LFB1:
 107:.\Generated_Source\PSoC5/Cm3Start.c **** }
 108:.\Generated_Source\PSoC5/Cm3Start.c **** 
 109:.\Generated_Source\PSoC5/Cm3Start.c **** 
 110:.\Generated_Source\PSoC5/Cm3Start.c **** #if defined(__ARMCC_VERSION)
 111:.\Generated_Source\PSoC5/Cm3Start.c **** 
 112:.\Generated_Source\PSoC5/Cm3Start.c **** /* Local function for device reset. */
 113:.\Generated_Source\PSoC5/Cm3Start.c **** extern void Reset(void);
 114:.\Generated_Source\PSoC5/Cm3Start.c **** 
 115:.\Generated_Source\PSoC5/Cm3Start.c **** /* Application entry point. */
 116:.\Generated_Source\PSoC5/Cm3Start.c **** extern void $Super$$main(void);
 117:.\Generated_Source\PSoC5/Cm3Start.c **** 
 118:.\Generated_Source\PSoC5/Cm3Start.c **** /* Linker-generated Stack Base addresses, Two Region and One Region */
 119:.\Generated_Source\PSoC5/Cm3Start.c **** extern uint32 Image$$ARM_LIB_STACK$$ZI$$Limit;
 120:.\Generated_Source\PSoC5/Cm3Start.c **** 
 121:.\Generated_Source\PSoC5/Cm3Start.c **** /* RealView C Library initialization. */
 122:.\Generated_Source\PSoC5/Cm3Start.c **** extern int __main(void);
 123:.\Generated_Source\PSoC5/Cm3Start.c **** 
 124:.\Generated_Source\PSoC5/Cm3Start.c **** 
 125:.\Generated_Source\PSoC5/Cm3Start.c **** /*******************************************************************************
 126:.\Generated_Source\PSoC5/Cm3Start.c **** * Function Name: Reset
 127:.\Generated_Source\PSoC5/Cm3Start.c **** ********************************************************************************
 128:.\Generated_Source\PSoC5/Cm3Start.c **** *
 129:.\Generated_Source\PSoC5/Cm3Start.c **** * Summary:
 130:.\Generated_Source\PSoC5/Cm3Start.c **** *  This function handles the reset interrupt for the RVDS/MDK toolchains.
 131:.\Generated_Source\PSoC5/Cm3Start.c **** *  This is the first bit of code that is executed at startup.
 132:.\Generated_Source\PSoC5/Cm3Start.c **** *
 133:.\Generated_Source\PSoC5/Cm3Start.c **** * Parameters:
 134:.\Generated_Source\PSoC5/Cm3Start.c **** *  None
 135:.\Generated_Source\PSoC5/Cm3Start.c **** *
 136:.\Generated_Source\PSoC5/Cm3Start.c **** * Return:
 137:.\Generated_Source\PSoC5/Cm3Start.c **** *  None
 138:.\Generated_Source\PSoC5/Cm3Start.c **** *
 139:.\Generated_Source\PSoC5/Cm3Start.c **** *******************************************************************************/
 140:.\Generated_Source\PSoC5/Cm3Start.c **** void Reset(void)
 141:.\Generated_Source\PSoC5/Cm3Start.c **** {
 142:.\Generated_Source\PSoC5/Cm3Start.c ****     #if(CYDEV_PROJ_TYPE != CYDEV_PROJ_TYPE_LOADABLE && CYDEV_PROJ_TYPE != CYDEV_PROJ_TYPE_LOADABLEA
 143:.\Generated_Source\PSoC5/Cm3Start.c **** 
 144:.\Generated_Source\PSoC5/Cm3Start.c ****         /* For PSoC 5LP, debugging is enabled by default */
 145:.\Generated_Source\PSoC5/Cm3Start.c ****         #if(CYDEV_DEBUGGING_ENABLE == 0)
 146:.\Generated_Source\PSoC5/Cm3Start.c ****             *(reg32 *)(CYDEV_DEBUG_ENABLE_REGISTER) |= CYDEV_DEBUG_ENABLE_MASK;
 147:.\Generated_Source\PSoC5/Cm3Start.c ****         #endif /* (CYDEV_DEBUGGING_ENABLE) */
 148:.\Generated_Source\PSoC5/Cm3Start.c **** 
 149:.\Generated_Source\PSoC5/Cm3Start.c ****         /* Reset Status Register has Read-to-clear SW access mode.
 150:.\Generated_Source\PSoC5/Cm3Start.c ****         * Preserve current RESET_SR0 state to make it available for next reading.
 151:.\Generated_Source\PSoC5/Cm3Start.c ****         */
 152:.\Generated_Source\PSoC5/Cm3Start.c ****         *(reg32 *)(CYREG_PHUB_CFGMEM23_CFG1) = *(reg32 *)(CYREG_RESET_SR0);
 153:.\Generated_Source\PSoC5/Cm3Start.c **** 
 154:.\Generated_Source\PSoC5/Cm3Start.c ****     #endif  /* (CYDEV_PROJ_TYPE != CYDEV_PROJ_TYPE_LOADABLE && CYDEV_PROJ_TYPE != CYDEV_PROJ_TYPE_L
 155:.\Generated_Source\PSoC5/Cm3Start.c **** 
 156:.\Generated_Source\PSoC5/Cm3Start.c ****     #if ((CYDEV_BOOTLOADER_ENABLE) && (CYDEV_PROJ_TYPE != CYDEV_PROJ_TYPE_LOADABLEANDBOOTLOADER))
 157:.\Generated_Source\PSoC5/Cm3Start.c ****         CyBtldr_CheckLaunch();
ARM GAS  C:\Users\SCOTTC~1\AppData\Local\Temp\ccsL4mQJ.s 			page 5


 158:.\Generated_Source\PSoC5/Cm3Start.c ****     #endif /* ((CYDEV_BOOTLOADER_ENABLE) && (CYDEV_PROJ_TYPE != CYDEV_PROJ_TYPE_LOADABLEANDBOOTLOAD
 159:.\Generated_Source\PSoC5/Cm3Start.c **** 
 160:.\Generated_Source\PSoC5/Cm3Start.c ****     __main();
 161:.\Generated_Source\PSoC5/Cm3Start.c **** }
 162:.\Generated_Source\PSoC5/Cm3Start.c **** 
 163:.\Generated_Source\PSoC5/Cm3Start.c **** 
 164:.\Generated_Source\PSoC5/Cm3Start.c **** /*******************************************************************************
 165:.\Generated_Source\PSoC5/Cm3Start.c **** * Function Name: $Sub$$main
 166:.\Generated_Source\PSoC5/Cm3Start.c **** ********************************************************************************
 167:.\Generated_Source\PSoC5/Cm3Start.c **** *
 168:.\Generated_Source\PSoC5/Cm3Start.c **** * Summary:
 169:.\Generated_Source\PSoC5/Cm3Start.c **** *  This function is called immediately before the users main
 170:.\Generated_Source\PSoC5/Cm3Start.c **** *
 171:.\Generated_Source\PSoC5/Cm3Start.c **** * Parameters:
 172:.\Generated_Source\PSoC5/Cm3Start.c **** *  None
 173:.\Generated_Source\PSoC5/Cm3Start.c **** *
 174:.\Generated_Source\PSoC5/Cm3Start.c **** * Return:
 175:.\Generated_Source\PSoC5/Cm3Start.c **** *  None
 176:.\Generated_Source\PSoC5/Cm3Start.c **** *
 177:.\Generated_Source\PSoC5/Cm3Start.c **** *******************************************************************************/
 178:.\Generated_Source\PSoC5/Cm3Start.c **** void $Sub$$main(void)
 179:.\Generated_Source\PSoC5/Cm3Start.c **** {
 180:.\Generated_Source\PSoC5/Cm3Start.c ****     initialize_psoc();
 181:.\Generated_Source\PSoC5/Cm3Start.c **** 
 182:.\Generated_Source\PSoC5/Cm3Start.c ****     /* Call original main */
 183:.\Generated_Source\PSoC5/Cm3Start.c ****     $Super$$main();
 184:.\Generated_Source\PSoC5/Cm3Start.c **** 
 185:.\Generated_Source\PSoC5/Cm3Start.c ****     while (1)
 186:.\Generated_Source\PSoC5/Cm3Start.c ****     {
 187:.\Generated_Source\PSoC5/Cm3Start.c ****         /* If main returns, it is undefined what we should do. */
 188:.\Generated_Source\PSoC5/Cm3Start.c ****     }
 189:.\Generated_Source\PSoC5/Cm3Start.c **** }
 190:.\Generated_Source\PSoC5/Cm3Start.c **** 
 191:.\Generated_Source\PSoC5/Cm3Start.c **** #elif defined(__GNUC__)
 192:.\Generated_Source\PSoC5/Cm3Start.c **** 
 193:.\Generated_Source\PSoC5/Cm3Start.c **** void Start_c(void);
 194:.\Generated_Source\PSoC5/Cm3Start.c **** 
 195:.\Generated_Source\PSoC5/Cm3Start.c **** /* Stack Base address */
 196:.\Generated_Source\PSoC5/Cm3Start.c **** extern void __cy_stack(void);
 197:.\Generated_Source\PSoC5/Cm3Start.c **** 
 198:.\Generated_Source\PSoC5/Cm3Start.c **** /* Application entry point. */
 199:.\Generated_Source\PSoC5/Cm3Start.c **** extern int main(void);
 200:.\Generated_Source\PSoC5/Cm3Start.c **** 
 201:.\Generated_Source\PSoC5/Cm3Start.c **** /* Static objects constructors initializer */
 202:.\Generated_Source\PSoC5/Cm3Start.c **** extern void __libc_init_array(void);
 203:.\Generated_Source\PSoC5/Cm3Start.c **** 
 204:.\Generated_Source\PSoC5/Cm3Start.c **** typedef unsigned char __cy_byte_align8 __attribute ((aligned (8)));
 205:.\Generated_Source\PSoC5/Cm3Start.c **** 
 206:.\Generated_Source\PSoC5/Cm3Start.c **** struct __cy_region
 207:.\Generated_Source\PSoC5/Cm3Start.c **** {
 208:.\Generated_Source\PSoC5/Cm3Start.c ****     __cy_byte_align8 *init; /* Initial contents of this region.  */
 209:.\Generated_Source\PSoC5/Cm3Start.c ****     __cy_byte_align8 *data; /* Start address of region.  */
 210:.\Generated_Source\PSoC5/Cm3Start.c ****     size_t init_size;       /* Size of initial data.  */
 211:.\Generated_Source\PSoC5/Cm3Start.c ****     size_t zero_size;       /* Additional size to be zeroed.  */
 212:.\Generated_Source\PSoC5/Cm3Start.c **** };
 213:.\Generated_Source\PSoC5/Cm3Start.c **** 
 214:.\Generated_Source\PSoC5/Cm3Start.c **** extern const struct __cy_region __cy_regions[];
ARM GAS  C:\Users\SCOTTC~1\AppData\Local\Temp\ccsL4mQJ.s 			page 6


 215:.\Generated_Source\PSoC5/Cm3Start.c **** extern const char __cy_region_num __attribute__((weak));
 216:.\Generated_Source\PSoC5/Cm3Start.c **** #define __cy_region_num ((size_t)&__cy_region_num)
 217:.\Generated_Source\PSoC5/Cm3Start.c **** 
 218:.\Generated_Source\PSoC5/Cm3Start.c **** 
 219:.\Generated_Source\PSoC5/Cm3Start.c **** /*******************************************************************************
 220:.\Generated_Source\PSoC5/Cm3Start.c **** * System Calls of the Red Hat newlib C Library
 221:.\Generated_Source\PSoC5/Cm3Start.c **** *******************************************************************************/
 222:.\Generated_Source\PSoC5/Cm3Start.c **** 
 223:.\Generated_Source\PSoC5/Cm3Start.c **** 
 224:.\Generated_Source\PSoC5/Cm3Start.c **** /*******************************************************************************
 225:.\Generated_Source\PSoC5/Cm3Start.c **** * Function Name: _exit
 226:.\Generated_Source\PSoC5/Cm3Start.c **** ********************************************************************************
 227:.\Generated_Source\PSoC5/Cm3Start.c **** *
 228:.\Generated_Source\PSoC5/Cm3Start.c **** * Summary:
 229:.\Generated_Source\PSoC5/Cm3Start.c **** *  Exit a program without cleaning up files. If your system doesn't provide
 230:.\Generated_Source\PSoC5/Cm3Start.c **** *  this, it is best to avoid linking with subroutines that require it (exit,
 231:.\Generated_Source\PSoC5/Cm3Start.c **** *  system).
 232:.\Generated_Source\PSoC5/Cm3Start.c **** *
 233:.\Generated_Source\PSoC5/Cm3Start.c **** * Parameters:
 234:.\Generated_Source\PSoC5/Cm3Start.c **** *  status: Status caused program exit.
 235:.\Generated_Source\PSoC5/Cm3Start.c **** *
 236:.\Generated_Source\PSoC5/Cm3Start.c **** * Return:
 237:.\Generated_Source\PSoC5/Cm3Start.c **** *  None
 238:.\Generated_Source\PSoC5/Cm3Start.c **** *
 239:.\Generated_Source\PSoC5/Cm3Start.c **** *******************************************************************************/
 240:.\Generated_Source\PSoC5/Cm3Start.c **** __attribute__((weak))
 241:.\Generated_Source\PSoC5/Cm3Start.c **** void _exit(int status)
 242:.\Generated_Source\PSoC5/Cm3Start.c **** {
  64              		.loc 1 242 0
  65              		.cfi_startproc
  66              		@ args = 0, pretend = 0, frame = 8
  67              		@ frame_needed = 1, uses_anonymous_args = 0
  68 0000 80B5     		push	{r7, lr}
  69              		.cfi_def_cfa_offset 8
  70              		.cfi_offset 7, -8
  71              		.cfi_offset 14, -4
  72 0002 82B0     		sub	sp, sp, #8
  73              		.cfi_def_cfa_offset 16
  74 0004 00AF     		add	r7, sp, #0
  75              		.cfi_def_cfa_register 7
  76 0006 7860     		str	r0, [r7, #4]
 243:.\Generated_Source\PSoC5/Cm3Start.c ****     CyHalt((uint8) status);
  77              		.loc 1 243 0
  78 0008 7B68     		ldr	r3, [r7, #4]
  79 000a DBB2     		uxtb	r3, r3
  80 000c 1846     		mov	r0, r3
  81 000e FFF7FEFF 		bl	CyHalt
  82              	.L4:
 244:.\Generated_Source\PSoC5/Cm3Start.c ****     while(1)
 245:.\Generated_Source\PSoC5/Cm3Start.c ****     {
 246:.\Generated_Source\PSoC5/Cm3Start.c **** 
 247:.\Generated_Source\PSoC5/Cm3Start.c ****     }
  83              		.loc 1 247 0 discriminator 1
  84 0012 FEE7     		b	.L4
  85              		.cfi_endproc
  86              	.LFE1:
  87              		.size	_exit, .-_exit
ARM GAS  C:\Users\SCOTTC~1\AppData\Local\Temp\ccsL4mQJ.s 			page 7


  88              		.section	.text._sbrk,"ax",%progbits
  89              		.align	2
  90              		.weak	_sbrk
  91              		.thumb
  92              		.thumb_func
  93              		.type	_sbrk, %function
  94              	_sbrk:
  95              	.LFB2:
 248:.\Generated_Source\PSoC5/Cm3Start.c **** }
 249:.\Generated_Source\PSoC5/Cm3Start.c **** 
 250:.\Generated_Source\PSoC5/Cm3Start.c **** 
 251:.\Generated_Source\PSoC5/Cm3Start.c **** /*******************************************************************************
 252:.\Generated_Source\PSoC5/Cm3Start.c **** * Function Name: _sbrk
 253:.\Generated_Source\PSoC5/Cm3Start.c **** ********************************************************************************
 254:.\Generated_Source\PSoC5/Cm3Start.c **** *
 255:.\Generated_Source\PSoC5/Cm3Start.c **** * Summary:
 256:.\Generated_Source\PSoC5/Cm3Start.c **** *  Increase program data space. As malloc and related functions depend on this,
 257:.\Generated_Source\PSoC5/Cm3Start.c **** *  it is useful to have a working implementation. The following suffices for a
 258:.\Generated_Source\PSoC5/Cm3Start.c **** *  standalone system; it exploits the symbol end automatically defined by the
 259:.\Generated_Source\PSoC5/Cm3Start.c **** *  GNU linker.
 260:.\Generated_Source\PSoC5/Cm3Start.c **** *
 261:.\Generated_Source\PSoC5/Cm3Start.c **** * Parameters:
 262:.\Generated_Source\PSoC5/Cm3Start.c **** *  nbytes: The number of bytes requested (if the parameter value is positive)
 263:.\Generated_Source\PSoC5/Cm3Start.c **** *  from the heap or returned back to the heap (if the parameter value is
 264:.\Generated_Source\PSoC5/Cm3Start.c **** *  negative).
 265:.\Generated_Source\PSoC5/Cm3Start.c **** *
 266:.\Generated_Source\PSoC5/Cm3Start.c **** * Return:
 267:.\Generated_Source\PSoC5/Cm3Start.c **** *  None
 268:.\Generated_Source\PSoC5/Cm3Start.c **** *
 269:.\Generated_Source\PSoC5/Cm3Start.c **** *******************************************************************************/
 270:.\Generated_Source\PSoC5/Cm3Start.c **** __attribute__((weak))
 271:.\Generated_Source\PSoC5/Cm3Start.c **** void * _sbrk (int nbytes)
 272:.\Generated_Source\PSoC5/Cm3Start.c **** {
  96              		.loc 1 272 0
  97              		.cfi_startproc
  98              		@ args = 0, pretend = 0, frame = 16
  99              		@ frame_needed = 1, uses_anonymous_args = 0
 100 0000 80B5     		push	{r7, lr}
 101              		.cfi_def_cfa_offset 8
 102              		.cfi_offset 7, -8
 103              		.cfi_offset 14, -4
 104 0002 84B0     		sub	sp, sp, #16
 105              		.cfi_def_cfa_offset 24
 106 0004 00AF     		add	r7, sp, #0
 107              		.cfi_def_cfa_register 7
 108 0006 7860     		str	r0, [r7, #4]
 273:.\Generated_Source\PSoC5/Cm3Start.c ****     extern int  end;            /* Symbol defined by linker map. Start of free memory (as symbol). 
 274:.\Generated_Source\PSoC5/Cm3Start.c ****     void *      returnValue;
 275:.\Generated_Source\PSoC5/Cm3Start.c **** 
 276:.\Generated_Source\PSoC5/Cm3Start.c ****     /* The statically held previous end of the heap, with its initialization. */
 277:.\Generated_Source\PSoC5/Cm3Start.c ****     static void *heapPointer = (void *) &end;                 /* Previous end */
 278:.\Generated_Source\PSoC5/Cm3Start.c **** 
 279:.\Generated_Source\PSoC5/Cm3Start.c ****     if (((heapPointer + nbytes) - (void *) &end) <= CYDEV_HEAP_SIZE)
 109              		.loc 1 279 0
 110 0008 0F4B     		ldr	r3, .L9
 111 000a 1A68     		ldr	r2, [r3]
 112 000c 7B68     		ldr	r3, [r7, #4]
ARM GAS  C:\Users\SCOTTC~1\AppData\Local\Temp\ccsL4mQJ.s 			page 8


 113 000e 1344     		add	r3, r3, r2
 114 0010 1A46     		mov	r2, r3
 115 0012 0E4B     		ldr	r3, .L9+4
 116 0014 D31A     		subs	r3, r2, r3
 117 0016 802B     		cmp	r3, #128
 118 0018 09DC     		bgt	.L6
 280:.\Generated_Source\PSoC5/Cm3Start.c ****     {
 281:.\Generated_Source\PSoC5/Cm3Start.c ****         returnValue  = heapPointer;
 119              		.loc 1 281 0
 120 001a 0B4B     		ldr	r3, .L9
 121 001c 1B68     		ldr	r3, [r3]
 122 001e FB60     		str	r3, [r7, #12]
 282:.\Generated_Source\PSoC5/Cm3Start.c ****         heapPointer += nbytes;
 123              		.loc 1 282 0
 124 0020 094B     		ldr	r3, .L9
 125 0022 1A68     		ldr	r2, [r3]
 126 0024 7B68     		ldr	r3, [r7, #4]
 127 0026 1A44     		add	r2, r2, r3
 128 0028 074B     		ldr	r3, .L9
 129 002a 1A60     		str	r2, [r3]
 130 002c 07E0     		b	.L7
 131              	.L6:
 283:.\Generated_Source\PSoC5/Cm3Start.c ****     }
 284:.\Generated_Source\PSoC5/Cm3Start.c ****     else
 285:.\Generated_Source\PSoC5/Cm3Start.c ****     {
 286:.\Generated_Source\PSoC5/Cm3Start.c ****         errno = ENOMEM;
 132              		.loc 1 286 0
 133 002e FFF7FEFF 		bl	__errno
 134 0032 0346     		mov	r3, r0
 135 0034 0C22     		movs	r2, #12
 136 0036 1A60     		str	r2, [r3]
 287:.\Generated_Source\PSoC5/Cm3Start.c ****         returnValue = (void *) -1;
 137              		.loc 1 287 0
 138 0038 4FF0FF33 		mov	r3, #-1
 139 003c FB60     		str	r3, [r7, #12]
 140              	.L7:
 288:.\Generated_Source\PSoC5/Cm3Start.c ****     }
 289:.\Generated_Source\PSoC5/Cm3Start.c **** 
 290:.\Generated_Source\PSoC5/Cm3Start.c ****     return (returnValue);
 141              		.loc 1 290 0
 142 003e FB68     		ldr	r3, [r7, #12]
 291:.\Generated_Source\PSoC5/Cm3Start.c **** }
 143              		.loc 1 291 0
 144 0040 1846     		mov	r0, r3
 145 0042 1037     		adds	r7, r7, #16
 146 0044 BD46     		mov	sp, r7
 147              		@ sp needed
 148 0046 80BD     		pop	{r7, pc}
 149              	.L10:
 150              		.align	2
 151              	.L9:
 152 0048 00000000 		.word	heapPointer.4945
 153 004c 00000000 		.word	end
 154              		.cfi_endproc
 155              	.LFE2:
 156              		.size	_sbrk, .-_sbrk
 157              		.section	.text.Reset,"ax",%progbits
ARM GAS  C:\Users\SCOTTC~1\AppData\Local\Temp\ccsL4mQJ.s 			page 9


 158              		.align	2
 159              		.global	Reset
 160              		.thumb
 161              		.thumb_func
 162              		.type	Reset, %function
 163              	Reset:
 164              	.LFB3:
 292:.\Generated_Source\PSoC5/Cm3Start.c **** 
 293:.\Generated_Source\PSoC5/Cm3Start.c **** 
 294:.\Generated_Source\PSoC5/Cm3Start.c **** /*******************************************************************************
 295:.\Generated_Source\PSoC5/Cm3Start.c **** * Function Name: Reset
 296:.\Generated_Source\PSoC5/Cm3Start.c **** ********************************************************************************
 297:.\Generated_Source\PSoC5/Cm3Start.c **** *
 298:.\Generated_Source\PSoC5/Cm3Start.c **** * Summary:
 299:.\Generated_Source\PSoC5/Cm3Start.c **** *  This function handles the reset interrupt for the GCC toolchain. This is the
 300:.\Generated_Source\PSoC5/Cm3Start.c **** *  first bit of code that is executed at startup.
 301:.\Generated_Source\PSoC5/Cm3Start.c **** *
 302:.\Generated_Source\PSoC5/Cm3Start.c **** * Parameters:
 303:.\Generated_Source\PSoC5/Cm3Start.c **** *  None
 304:.\Generated_Source\PSoC5/Cm3Start.c **** *
 305:.\Generated_Source\PSoC5/Cm3Start.c **** * Return:
 306:.\Generated_Source\PSoC5/Cm3Start.c **** *  None
 307:.\Generated_Source\PSoC5/Cm3Start.c **** *
 308:.\Generated_Source\PSoC5/Cm3Start.c **** *******************************************************************************/
 309:.\Generated_Source\PSoC5/Cm3Start.c **** void Reset(void)
 310:.\Generated_Source\PSoC5/Cm3Start.c **** {
 165              		.loc 1 310 0
 166              		.cfi_startproc
 167              		@ args = 0, pretend = 0, frame = 0
 168              		@ frame_needed = 1, uses_anonymous_args = 0
 169 0000 80B5     		push	{r7, lr}
 170              		.cfi_def_cfa_offset 8
 171              		.cfi_offset 7, -8
 172              		.cfi_offset 14, -4
 173 0002 00AF     		add	r7, sp, #0
 174              		.cfi_def_cfa_register 7
 311:.\Generated_Source\PSoC5/Cm3Start.c ****     #if(CYDEV_PROJ_TYPE != CYDEV_PROJ_TYPE_LOADABLE && CYDEV_PROJ_TYPE != CYDEV_PROJ_TYPE_LOADABLEA
 312:.\Generated_Source\PSoC5/Cm3Start.c **** 
 313:.\Generated_Source\PSoC5/Cm3Start.c ****         /* For PSoC 5LP, debugging is enabled by default */
 314:.\Generated_Source\PSoC5/Cm3Start.c ****         #if(CYDEV_DEBUGGING_ENABLE == 0)
 315:.\Generated_Source\PSoC5/Cm3Start.c ****             *(reg32 *)(CYDEV_DEBUG_ENABLE_REGISTER) |= CYDEV_DEBUG_ENABLE_MASK;
 316:.\Generated_Source\PSoC5/Cm3Start.c ****         #endif /* (CYDEV_DEBUGGING_ENABLE) */
 317:.\Generated_Source\PSoC5/Cm3Start.c **** 
 318:.\Generated_Source\PSoC5/Cm3Start.c ****         /* Reset Status Register has Read-to-clear SW access mode.
 319:.\Generated_Source\PSoC5/Cm3Start.c ****         * Preserve current RESET_SR0 state to make it available for next reading.
 320:.\Generated_Source\PSoC5/Cm3Start.c ****         */
 321:.\Generated_Source\PSoC5/Cm3Start.c ****         *(reg32 *)(CYREG_PHUB_CFGMEM23_CFG1) = *(reg32 *)(CYREG_RESET_SR0);
 175              		.loc 1 321 0
 176 0004 024B     		ldr	r3, .L12
 177 0006 034A     		ldr	r2, .L12+4
 178 0008 1268     		ldr	r2, [r2]
 179 000a 1A60     		str	r2, [r3]
 322:.\Generated_Source\PSoC5/Cm3Start.c **** 
 323:.\Generated_Source\PSoC5/Cm3Start.c ****     #endif  /* (CYDEV_PROJ_TYPE != CYDEV_PROJ_TYPE_LOADABLE && CYDEV_PROJ_TYPE != CYDEV_PROJ_TYPE_L
 324:.\Generated_Source\PSoC5/Cm3Start.c **** 
 325:.\Generated_Source\PSoC5/Cm3Start.c ****     #if ((CYDEV_BOOTLOADER_ENABLE) && (CYDEV_PROJ_TYPE != CYDEV_PROJ_TYPE_LOADABLEANDBOOTLOADER))
 326:.\Generated_Source\PSoC5/Cm3Start.c ****         CyBtldr_CheckLaunch();
ARM GAS  C:\Users\SCOTTC~1\AppData\Local\Temp\ccsL4mQJ.s 			page 10


 327:.\Generated_Source\PSoC5/Cm3Start.c ****     #endif /* ((CYDEV_BOOTLOADER_ENABLE) && (CYDEV_PROJ_TYPE != CYDEV_PROJ_TYPE_LOADABLEANDBOOTLOAD
 328:.\Generated_Source\PSoC5/Cm3Start.c **** 
 329:.\Generated_Source\PSoC5/Cm3Start.c ****     Start_c();
 180              		.loc 1 329 0
 181 000c FFF7FEFF 		bl	Start_c
 182              	.L13:
 183              		.align	2
 184              	.L12:
 185 0010 BC760040 		.word	1073772220
 186 0014 FA460040 		.word	1073759994
 187              		.cfi_endproc
 188              	.LFE3:
 189              		.size	Reset, .-Reset
 190              		.section	.text.Start_c,"ax",%progbits
 191              		.align	2
 192              		.global	Start_c
 193              		.thumb
 194              		.thumb_func
 195              		.type	Start_c, %function
 196              	Start_c:
 197              	.LFB4:
 330:.\Generated_Source\PSoC5/Cm3Start.c **** }
 331:.\Generated_Source\PSoC5/Cm3Start.c **** 
 332:.\Generated_Source\PSoC5/Cm3Start.c **** 
 333:.\Generated_Source\PSoC5/Cm3Start.c **** /*******************************************************************************
 334:.\Generated_Source\PSoC5/Cm3Start.c **** * Function Name: Start_c
 335:.\Generated_Source\PSoC5/Cm3Start.c **** ********************************************************************************
 336:.\Generated_Source\PSoC5/Cm3Start.c **** *
 337:.\Generated_Source\PSoC5/Cm3Start.c **** * Summary:
 338:.\Generated_Source\PSoC5/Cm3Start.c **** *  This function handles initializing the .data and .bss sections in
 339:.\Generated_Source\PSoC5/Cm3Start.c **** *  preparation for running the standard C code.  Once initialization is complete
 340:.\Generated_Source\PSoC5/Cm3Start.c **** *  it will call main(). This function will never return.
 341:.\Generated_Source\PSoC5/Cm3Start.c **** *
 342:.\Generated_Source\PSoC5/Cm3Start.c **** * Parameters:
 343:.\Generated_Source\PSoC5/Cm3Start.c **** *  None
 344:.\Generated_Source\PSoC5/Cm3Start.c **** *
 345:.\Generated_Source\PSoC5/Cm3Start.c **** * Return:
 346:.\Generated_Source\PSoC5/Cm3Start.c **** *  None
 347:.\Generated_Source\PSoC5/Cm3Start.c **** *
 348:.\Generated_Source\PSoC5/Cm3Start.c **** *******************************************************************************/
 349:.\Generated_Source\PSoC5/Cm3Start.c **** void Start_c(void)  __attribute__ ((noreturn));
 350:.\Generated_Source\PSoC5/Cm3Start.c **** void Start_c(void)
 351:.\Generated_Source\PSoC5/Cm3Start.c **** {
 198              		.loc 1 351 0
 199              		.cfi_startproc
 200              		@ args = 0, pretend = 0, frame = 24
 201              		@ frame_needed = 1, uses_anonymous_args = 0
 202 0000 80B5     		push	{r7, lr}
 203              		.cfi_def_cfa_offset 8
 204              		.cfi_offset 7, -8
 205              		.cfi_offset 14, -4
 206 0002 86B0     		sub	sp, sp, #24
 207              		.cfi_def_cfa_offset 32
 208 0004 00AF     		add	r7, sp, #0
 209              		.cfi_def_cfa_register 7
 352:.\Generated_Source\PSoC5/Cm3Start.c ****     unsigned regions = __cy_region_num;
 210              		.loc 1 352 0
ARM GAS  C:\Users\SCOTTC~1\AppData\Local\Temp\ccsL4mQJ.s 			page 11


 211 0006 224B     		ldr	r3, .L22
 212 0008 7B61     		str	r3, [r7, #20]
 353:.\Generated_Source\PSoC5/Cm3Start.c ****     const struct __cy_region *rptr = __cy_regions;
 213              		.loc 1 353 0
 214 000a 224B     		ldr	r3, .L22+4
 215 000c 3B61     		str	r3, [r7, #16]
 354:.\Generated_Source\PSoC5/Cm3Start.c **** 
 355:.\Generated_Source\PSoC5/Cm3Start.c ****     /* Initialize memory */
 356:.\Generated_Source\PSoC5/Cm3Start.c ****     for (regions = __cy_region_num; regions != 0u; regions--)
 216              		.loc 1 356 0
 217 000e 204B     		ldr	r3, .L22
 218 0010 7B61     		str	r3, [r7, #20]
 219 0012 35E0     		b	.L15
 220              	.L20:
 221              	.LBB2:
 357:.\Generated_Source\PSoC5/Cm3Start.c ****     {
 358:.\Generated_Source\PSoC5/Cm3Start.c ****         uint32 *src = (uint32 *)rptr->init;
 222              		.loc 1 358 0
 223 0014 3B69     		ldr	r3, [r7, #16]
 224 0016 1B68     		ldr	r3, [r3]
 225 0018 FB60     		str	r3, [r7, #12]
 359:.\Generated_Source\PSoC5/Cm3Start.c ****         uint32 *dst = (uint32 *)rptr->data;
 226              		.loc 1 359 0
 227 001a 3B69     		ldr	r3, [r7, #16]
 228 001c 5B68     		ldr	r3, [r3, #4]
 229 001e BB60     		str	r3, [r7, #8]
 360:.\Generated_Source\PSoC5/Cm3Start.c ****         unsigned limit = rptr->init_size;
 230              		.loc 1 360 0
 231 0020 3B69     		ldr	r3, [r7, #16]
 232 0022 9B68     		ldr	r3, [r3, #8]
 233 0024 3B60     		str	r3, [r7]
 361:.\Generated_Source\PSoC5/Cm3Start.c ****         unsigned count;
 362:.\Generated_Source\PSoC5/Cm3Start.c **** 
 363:.\Generated_Source\PSoC5/Cm3Start.c ****         for (count = 0u; count != limit; count += sizeof (uint32))
 234              		.loc 1 363 0
 235 0026 0023     		movs	r3, #0
 236 0028 7B60     		str	r3, [r7, #4]
 237 002a 0CE0     		b	.L16
 238              	.L17:
 364:.\Generated_Source\PSoC5/Cm3Start.c ****         {
 365:.\Generated_Source\PSoC5/Cm3Start.c ****             *dst = *src;
 239              		.loc 1 365 0 discriminator 2
 240 002c FB68     		ldr	r3, [r7, #12]
 241 002e 1A68     		ldr	r2, [r3]
 242 0030 BB68     		ldr	r3, [r7, #8]
 243 0032 1A60     		str	r2, [r3]
 366:.\Generated_Source\PSoC5/Cm3Start.c ****             dst++;
 244              		.loc 1 366 0 discriminator 2
 245 0034 BB68     		ldr	r3, [r7, #8]
 246 0036 0433     		adds	r3, r3, #4
 247 0038 BB60     		str	r3, [r7, #8]
 367:.\Generated_Source\PSoC5/Cm3Start.c ****             src++;
 248              		.loc 1 367 0 discriminator 2
 249 003a FB68     		ldr	r3, [r7, #12]
 250 003c 0433     		adds	r3, r3, #4
 251 003e FB60     		str	r3, [r7, #12]
 363:.\Generated_Source\PSoC5/Cm3Start.c ****         for (count = 0u; count != limit; count += sizeof (uint32))
ARM GAS  C:\Users\SCOTTC~1\AppData\Local\Temp\ccsL4mQJ.s 			page 12


 252              		.loc 1 363 0 discriminator 2
 253 0040 7B68     		ldr	r3, [r7, #4]
 254 0042 0433     		adds	r3, r3, #4
 255 0044 7B60     		str	r3, [r7, #4]
 256              	.L16:
 363:.\Generated_Source\PSoC5/Cm3Start.c ****         for (count = 0u; count != limit; count += sizeof (uint32))
 257              		.loc 1 363 0 is_stmt 0 discriminator 1
 258 0046 7A68     		ldr	r2, [r7, #4]
 259 0048 3B68     		ldr	r3, [r7]
 260 004a 9A42     		cmp	r2, r3
 261 004c EED1     		bne	.L17
 368:.\Generated_Source\PSoC5/Cm3Start.c ****         }
 369:.\Generated_Source\PSoC5/Cm3Start.c ****         limit = rptr->zero_size;
 262              		.loc 1 369 0 is_stmt 1
 263 004e 3B69     		ldr	r3, [r7, #16]
 264 0050 DB68     		ldr	r3, [r3, #12]
 265 0052 3B60     		str	r3, [r7]
 370:.\Generated_Source\PSoC5/Cm3Start.c ****         for (count = 0u; count != limit; count += sizeof (uint32))
 266              		.loc 1 370 0
 267 0054 0023     		movs	r3, #0
 268 0056 7B60     		str	r3, [r7, #4]
 269 0058 08E0     		b	.L18
 270              	.L19:
 371:.\Generated_Source\PSoC5/Cm3Start.c ****         {
 372:.\Generated_Source\PSoC5/Cm3Start.c ****             *dst = 0u;
 271              		.loc 1 372 0 discriminator 2
 272 005a BB68     		ldr	r3, [r7, #8]
 273 005c 0022     		movs	r2, #0
 274 005e 1A60     		str	r2, [r3]
 373:.\Generated_Source\PSoC5/Cm3Start.c ****             dst++;
 275              		.loc 1 373 0 discriminator 2
 276 0060 BB68     		ldr	r3, [r7, #8]
 277 0062 0433     		adds	r3, r3, #4
 278 0064 BB60     		str	r3, [r7, #8]
 370:.\Generated_Source\PSoC5/Cm3Start.c ****         for (count = 0u; count != limit; count += sizeof (uint32))
 279              		.loc 1 370 0 discriminator 2
 280 0066 7B68     		ldr	r3, [r7, #4]
 281 0068 0433     		adds	r3, r3, #4
 282 006a 7B60     		str	r3, [r7, #4]
 283              	.L18:
 370:.\Generated_Source\PSoC5/Cm3Start.c ****         for (count = 0u; count != limit; count += sizeof (uint32))
 284              		.loc 1 370 0 is_stmt 0 discriminator 1
 285 006c 7A68     		ldr	r2, [r7, #4]
 286 006e 3B68     		ldr	r3, [r7]
 287 0070 9A42     		cmp	r2, r3
 288 0072 F2D1     		bne	.L19
 374:.\Generated_Source\PSoC5/Cm3Start.c ****         }
 375:.\Generated_Source\PSoC5/Cm3Start.c **** 
 376:.\Generated_Source\PSoC5/Cm3Start.c ****         rptr++;
 289              		.loc 1 376 0 is_stmt 1
 290 0074 3B69     		ldr	r3, [r7, #16]
 291 0076 1033     		adds	r3, r3, #16
 292 0078 3B61     		str	r3, [r7, #16]
 293              	.LBE2:
 356:.\Generated_Source\PSoC5/Cm3Start.c ****     for (regions = __cy_region_num; regions != 0u; regions--)
 294              		.loc 1 356 0
 295 007a 7B69     		ldr	r3, [r7, #20]
ARM GAS  C:\Users\SCOTTC~1\AppData\Local\Temp\ccsL4mQJ.s 			page 13


 296 007c 013B     		subs	r3, r3, #1
 297 007e 7B61     		str	r3, [r7, #20]
 298              	.L15:
 356:.\Generated_Source\PSoC5/Cm3Start.c ****     for (regions = __cy_region_num; regions != 0u; regions--)
 299              		.loc 1 356 0 is_stmt 0 discriminator 1
 300 0080 7B69     		ldr	r3, [r7, #20]
 301 0082 002B     		cmp	r3, #0
 302 0084 C6D1     		bne	.L20
 377:.\Generated_Source\PSoC5/Cm3Start.c ****     }
 378:.\Generated_Source\PSoC5/Cm3Start.c **** 
 379:.\Generated_Source\PSoC5/Cm3Start.c ****     /* Invoke static objects constructors */
 380:.\Generated_Source\PSoC5/Cm3Start.c ****     __libc_init_array();
 303              		.loc 1 380 0 is_stmt 1
 304 0086 FFF7FEFF 		bl	__libc_init_array
 381:.\Generated_Source\PSoC5/Cm3Start.c ****     (void) main();
 305              		.loc 1 381 0
 306 008a FFF7FEFF 		bl	main
 307              	.L21:
 382:.\Generated_Source\PSoC5/Cm3Start.c **** 
 383:.\Generated_Source\PSoC5/Cm3Start.c ****     while (1)
 384:.\Generated_Source\PSoC5/Cm3Start.c ****     {
 385:.\Generated_Source\PSoC5/Cm3Start.c ****         /* If main returns, make sure we don't return. */
 386:.\Generated_Source\PSoC5/Cm3Start.c ****     }
 308              		.loc 1 386 0 discriminator 1
 309 008e FEE7     		b	.L21
 310              	.L23:
 311              		.align	2
 312              	.L22:
 313 0090 00000000 		.word	__cy_region_num
 314 0094 00000000 		.word	__cy_regions
 315              		.cfi_endproc
 316              	.LFE4:
 317              		.size	Start_c, .-Start_c
 318              		.global	RomVectors
 319              		.section	.romvectors,"a",%progbits
 320              		.align	2
 321              		.type	RomVectors, %object
 322              		.size	RomVectors, 16
 323              	RomVectors:
 324 0000 00000000 		.word	__cy_stack
 325 0004 00000000 		.word	Reset
 326 0008 00000000 		.word	IntDefaultHandler
 327 000c 00000000 		.word	IntDefaultHandler
 328              		.section	.text.initialize_psoc,"ax",%progbits
 329              		.align	2
 330              		.global	initialize_psoc
 331              		.thumb
 332              		.thumb_func
 333              		.type	initialize_psoc, %function
 334              	initialize_psoc:
 335              	.LFB5:
 387:.\Generated_Source\PSoC5/Cm3Start.c **** }
 388:.\Generated_Source\PSoC5/Cm3Start.c **** 
 389:.\Generated_Source\PSoC5/Cm3Start.c **** 
 390:.\Generated_Source\PSoC5/Cm3Start.c **** #elif defined (__ICCARM__)
 391:.\Generated_Source\PSoC5/Cm3Start.c **** 
 392:.\Generated_Source\PSoC5/Cm3Start.c **** /*******************************************************************************
ARM GAS  C:\Users\SCOTTC~1\AppData\Local\Temp\ccsL4mQJ.s 			page 14


 393:.\Generated_Source\PSoC5/Cm3Start.c **** * Function Name: __low_level_init
 394:.\Generated_Source\PSoC5/Cm3Start.c **** ********************************************************************************
 395:.\Generated_Source\PSoC5/Cm3Start.c **** *
 396:.\Generated_Source\PSoC5/Cm3Start.c **** * Summary:
 397:.\Generated_Source\PSoC5/Cm3Start.c **** *  This function performs early initializations for the IAR Embedded
 398:.\Generated_Source\PSoC5/Cm3Start.c **** *  Workbench IDE. It is executed in the context of a reset interrupt handler
 399:.\Generated_Source\PSoC5/Cm3Start.c **** *  before the data sections are initialized.
 400:.\Generated_Source\PSoC5/Cm3Start.c **** *
 401:.\Generated_Source\PSoC5/Cm3Start.c **** * Parameters:
 402:.\Generated_Source\PSoC5/Cm3Start.c **** *  None
 403:.\Generated_Source\PSoC5/Cm3Start.c **** *
 404:.\Generated_Source\PSoC5/Cm3Start.c **** * Return:
 405:.\Generated_Source\PSoC5/Cm3Start.c **** *  The value that determines whether or not data sections should be initialized
 406:.\Generated_Source\PSoC5/Cm3Start.c **** *  by the system startup code:
 407:.\Generated_Source\PSoC5/Cm3Start.c **** *    0 - skip data sections initialization;
 408:.\Generated_Source\PSoC5/Cm3Start.c **** *    1 - initialize data sections;
 409:.\Generated_Source\PSoC5/Cm3Start.c **** *
 410:.\Generated_Source\PSoC5/Cm3Start.c **** *******************************************************************************/
 411:.\Generated_Source\PSoC5/Cm3Start.c **** int __low_level_init(void)
 412:.\Generated_Source\PSoC5/Cm3Start.c **** {
 413:.\Generated_Source\PSoC5/Cm3Start.c ****     #if (CYDEV_PROJ_TYPE != CYDEV_PROJ_TYPE_LOADABLE && CYDEV_PROJ_TYPE != CYDEV_PROJ_TYPE_LOADABLE
 414:.\Generated_Source\PSoC5/Cm3Start.c **** 
 415:.\Generated_Source\PSoC5/Cm3Start.c ****         /* For PSoC 5LP, debugging is enabled by default */
 416:.\Generated_Source\PSoC5/Cm3Start.c ****         #if(CYDEV_DEBUGGING_ENABLE == 0)
 417:.\Generated_Source\PSoC5/Cm3Start.c ****             *(reg32 *)(CYDEV_DEBUG_ENABLE_REGISTER) |= CYDEV_DEBUG_ENABLE_MASK;
 418:.\Generated_Source\PSoC5/Cm3Start.c ****         #endif /* (CYDEV_DEBUGGING_ENABLE) */
 419:.\Generated_Source\PSoC5/Cm3Start.c **** 
 420:.\Generated_Source\PSoC5/Cm3Start.c ****         /* Reset Status Register has Read-to-clear SW access mode.
 421:.\Generated_Source\PSoC5/Cm3Start.c ****         * Preserve current RESET_SR0 state to make it available for next reading.
 422:.\Generated_Source\PSoC5/Cm3Start.c ****         */
 423:.\Generated_Source\PSoC5/Cm3Start.c ****         *(reg32 *)(CYREG_PHUB_CFGMEM23_CFG1) = *(reg32 *)(CYREG_RESET_SR0);
 424:.\Generated_Source\PSoC5/Cm3Start.c **** 
 425:.\Generated_Source\PSoC5/Cm3Start.c ****     #endif  /* (CYDEV_PROJ_TYPE != CYDEV_PROJ_TYPE_LOADABLE && CYDEV_PROJ_TYPE != CYDEV_PROJ_TYPE_L
 426:.\Generated_Source\PSoC5/Cm3Start.c **** 
 427:.\Generated_Source\PSoC5/Cm3Start.c ****     #if ((CYDEV_BOOTLOADER_ENABLE) && (CYDEV_PROJ_TYPE != CYDEV_PROJ_TYPE_LOADABLEANDBOOTLOADER))
 428:.\Generated_Source\PSoC5/Cm3Start.c ****         CyBtldr_CheckLaunch();
 429:.\Generated_Source\PSoC5/Cm3Start.c ****     #endif /* ((CYDEV_BOOTLOADER_ENABLE) && (CYDEV_PROJ_TYPE != CYDEV_PROJ_TYPE_LOADABLEANDBOOTLOAD
 430:.\Generated_Source\PSoC5/Cm3Start.c **** 
 431:.\Generated_Source\PSoC5/Cm3Start.c ****     /* Initialize data sections */
 432:.\Generated_Source\PSoC5/Cm3Start.c ****     __iar_data_init3();
 433:.\Generated_Source\PSoC5/Cm3Start.c **** 
 434:.\Generated_Source\PSoC5/Cm3Start.c ****     initialize_psoc();
 435:.\Generated_Source\PSoC5/Cm3Start.c **** 
 436:.\Generated_Source\PSoC5/Cm3Start.c ****     return 0;
 437:.\Generated_Source\PSoC5/Cm3Start.c **** }
 438:.\Generated_Source\PSoC5/Cm3Start.c **** 
 439:.\Generated_Source\PSoC5/Cm3Start.c **** #endif /* __GNUC__ */
 440:.\Generated_Source\PSoC5/Cm3Start.c **** 
 441:.\Generated_Source\PSoC5/Cm3Start.c **** 
 442:.\Generated_Source\PSoC5/Cm3Start.c **** /*******************************************************************************
 443:.\Generated_Source\PSoC5/Cm3Start.c **** *
 444:.\Generated_Source\PSoC5/Cm3Start.c **** * Default Rom Interrupt Vector table.
 445:.\Generated_Source\PSoC5/Cm3Start.c **** *
 446:.\Generated_Source\PSoC5/Cm3Start.c **** *******************************************************************************/
 447:.\Generated_Source\PSoC5/Cm3Start.c **** #if defined(__ARMCC_VERSION)
 448:.\Generated_Source\PSoC5/Cm3Start.c ****     /* Suppress diagnostic message 1296-D: extended constant initialiser used */
 449:.\Generated_Source\PSoC5/Cm3Start.c ****     #pragma diag_suppress 1296
ARM GAS  C:\Users\SCOTTC~1\AppData\Local\Temp\ccsL4mQJ.s 			page 15


 450:.\Generated_Source\PSoC5/Cm3Start.c **** #endif  /* defined(__ARMCC_VERSION) */
 451:.\Generated_Source\PSoC5/Cm3Start.c **** 
 452:.\Generated_Source\PSoC5/Cm3Start.c **** #if defined (__ICCARM__)
 453:.\Generated_Source\PSoC5/Cm3Start.c ****     #pragma location=".romvectors"
 454:.\Generated_Source\PSoC5/Cm3Start.c ****     const intvec_elem __vector_table[CY_NUM_ROM_VECTORS] =
 455:.\Generated_Source\PSoC5/Cm3Start.c **** #else
 456:.\Generated_Source\PSoC5/Cm3Start.c ****     CY_SECTION(".romvectors")
 457:.\Generated_Source\PSoC5/Cm3Start.c ****     const cyisraddress RomVectors[CY_NUM_ROM_VECTORS] =
 458:.\Generated_Source\PSoC5/Cm3Start.c **** #endif  /* defined (__ICCARM__) */
 459:.\Generated_Source\PSoC5/Cm3Start.c **** {
 460:.\Generated_Source\PSoC5/Cm3Start.c ****     INITIAL_STACK_POINTER,   /* Initial stack pointer  0 */
 461:.\Generated_Source\PSoC5/Cm3Start.c ****     #if defined (__ICCARM__) /* Reset handler          1 */
 462:.\Generated_Source\PSoC5/Cm3Start.c ****         __iar_program_start,
 463:.\Generated_Source\PSoC5/Cm3Start.c ****     #else
 464:.\Generated_Source\PSoC5/Cm3Start.c ****         (cyisraddress)&Reset,
 465:.\Generated_Source\PSoC5/Cm3Start.c ****     #endif  /* defined (__ICCARM__) */
 466:.\Generated_Source\PSoC5/Cm3Start.c ****     &IntDefaultHandler,      /* NMI handler            2 */
 467:.\Generated_Source\PSoC5/Cm3Start.c ****     &IntDefaultHandler,      /* Hard fault handler     3 */
 468:.\Generated_Source\PSoC5/Cm3Start.c **** };
 469:.\Generated_Source\PSoC5/Cm3Start.c **** 
 470:.\Generated_Source\PSoC5/Cm3Start.c **** #if defined(__ARMCC_VERSION)
 471:.\Generated_Source\PSoC5/Cm3Start.c ****     #pragma diag_default 1296
 472:.\Generated_Source\PSoC5/Cm3Start.c **** #endif  /* defined(__ARMCC_VERSION) */
 473:.\Generated_Source\PSoC5/Cm3Start.c **** 
 474:.\Generated_Source\PSoC5/Cm3Start.c **** 
 475:.\Generated_Source\PSoC5/Cm3Start.c **** /*******************************************************************************
 476:.\Generated_Source\PSoC5/Cm3Start.c **** * Function Name: initialize_psoc
 477:.\Generated_Source\PSoC5/Cm3Start.c **** ********************************************************************************
 478:.\Generated_Source\PSoC5/Cm3Start.c **** *
 479:.\Generated_Source\PSoC5/Cm3Start.c **** * Summary:
 480:.\Generated_Source\PSoC5/Cm3Start.c **** *  This function used to initialize the PSoC chip before calling main.
 481:.\Generated_Source\PSoC5/Cm3Start.c **** *
 482:.\Generated_Source\PSoC5/Cm3Start.c **** * Parameters:
 483:.\Generated_Source\PSoC5/Cm3Start.c **** *  None
 484:.\Generated_Source\PSoC5/Cm3Start.c **** *
 485:.\Generated_Source\PSoC5/Cm3Start.c **** * Return:
 486:.\Generated_Source\PSoC5/Cm3Start.c **** *  None
 487:.\Generated_Source\PSoC5/Cm3Start.c **** *
 488:.\Generated_Source\PSoC5/Cm3Start.c **** *******************************************************************************/
 489:.\Generated_Source\PSoC5/Cm3Start.c **** #if (defined(__GNUC__) && !defined(__ARMCC_VERSION))
 490:.\Generated_Source\PSoC5/Cm3Start.c **** __attribute__ ((constructor(101)))
 491:.\Generated_Source\PSoC5/Cm3Start.c **** #endif
 492:.\Generated_Source\PSoC5/Cm3Start.c **** void initialize_psoc(void)
 493:.\Generated_Source\PSoC5/Cm3Start.c **** {
 336              		.loc 1 493 0
 337              		.cfi_startproc
 338              		@ args = 0, pretend = 0, frame = 8
 339              		@ frame_needed = 1, uses_anonymous_args = 0
 340 0000 80B5     		push	{r7, lr}
 341              		.cfi_def_cfa_offset 8
 342              		.cfi_offset 7, -8
 343              		.cfi_offset 14, -4
 344 0002 82B0     		sub	sp, sp, #8
 345              		.cfi_def_cfa_offset 16
 346 0004 00AF     		add	r7, sp, #0
 347              		.cfi_def_cfa_register 7
 494:.\Generated_Source\PSoC5/Cm3Start.c ****     uint32 i;
ARM GAS  C:\Users\SCOTTC~1\AppData\Local\Temp\ccsL4mQJ.s 			page 16


 495:.\Generated_Source\PSoC5/Cm3Start.c **** 
 496:.\Generated_Source\PSoC5/Cm3Start.c ****     /* Set Priority group 5. */
 497:.\Generated_Source\PSoC5/Cm3Start.c **** 
 498:.\Generated_Source\PSoC5/Cm3Start.c ****     /* Writes to NVIC_APINT register require the VECTKEY in the upper half */
 499:.\Generated_Source\PSoC5/Cm3Start.c ****     *CY_NVIC_APINT_PTR = CY_NVIC_APINT_VECTKEY | CY_NVIC_APINT_PRIGROUP_3_5;
 348              		.loc 1 499 0
 349 0006 184B     		ldr	r3, .L29
 350 0008 184A     		ldr	r2, .L29+4
 351 000a 1A60     		str	r2, [r3]
 500:.\Generated_Source\PSoC5/Cm3Start.c ****     *CY_NVIC_CFG_CTRL_PTR |= CY_NVIC_CFG_STACKALIGN;
 352              		.loc 1 500 0
 353 000c 184B     		ldr	r3, .L29+8
 354 000e 184A     		ldr	r2, .L29+8
 355 0010 1268     		ldr	r2, [r2]
 356 0012 42F40072 		orr	r2, r2, #512
 357 0016 1A60     		str	r2, [r3]
 501:.\Generated_Source\PSoC5/Cm3Start.c **** 
 502:.\Generated_Source\PSoC5/Cm3Start.c ****     /* Set Ram interrupt vectors to default functions. */
 503:.\Generated_Source\PSoC5/Cm3Start.c ****     for (i = 0u; i < CY_NUM_VECTORS; i++)
 358              		.loc 1 503 0
 359 0018 0023     		movs	r3, #0
 360 001a 7B60     		str	r3, [r7, #4]
 361 001c 0FE0     		b	.L25
 362              	.L28:
 504:.\Generated_Source\PSoC5/Cm3Start.c ****     {
 505:.\Generated_Source\PSoC5/Cm3Start.c ****         #if defined (__ICCARM__)
 506:.\Generated_Source\PSoC5/Cm3Start.c ****             CyRamVectors[i] = (i < CY_NUM_ROM_VECTORS) ? __vector_table[i].__fun : &IntDefaultHandl
 507:.\Generated_Source\PSoC5/Cm3Start.c ****         #else
 508:.\Generated_Source\PSoC5/Cm3Start.c ****             CyRamVectors[i] = (i < CY_NUM_ROM_VECTORS) ? RomVectors[i] : &IntDefaultHandler;
 363              		.loc 1 508 0
 364 001e 7B68     		ldr	r3, [r7, #4]
 365 0020 032B     		cmp	r3, #3
 366 0022 04D8     		bhi	.L26
 367              		.loc 1 508 0 is_stmt 0 discriminator 1
 368 0024 134B     		ldr	r3, .L29+12
 369 0026 7A68     		ldr	r2, [r7, #4]
 370 0028 53F82230 		ldr	r3, [r3, r2, lsl #2]
 371 002c 00E0     		b	.L27
 372              	.L26:
 373              		.loc 1 508 0 discriminator 2
 374 002e 124B     		ldr	r3, .L29+16
 375              	.L27:
 376              		.loc 1 508 0 discriminator 3
 377 0030 124A     		ldr	r2, .L29+20
 378 0032 7968     		ldr	r1, [r7, #4]
 379 0034 42F82130 		str	r3, [r2, r1, lsl #2]
 503:.\Generated_Source\PSoC5/Cm3Start.c ****     for (i = 0u; i < CY_NUM_VECTORS; i++)
 380              		.loc 1 503 0 is_stmt 1 discriminator 3
 381 0038 7B68     		ldr	r3, [r7, #4]
 382 003a 0133     		adds	r3, r3, #1
 383 003c 7B60     		str	r3, [r7, #4]
 384              	.L25:
 503:.\Generated_Source\PSoC5/Cm3Start.c ****     for (i = 0u; i < CY_NUM_VECTORS; i++)
 385              		.loc 1 503 0 is_stmt 0 discriminator 1
 386 003e 7B68     		ldr	r3, [r7, #4]
 387 0040 2F2B     		cmp	r3, #47
 388 0042 ECD9     		bls	.L28
ARM GAS  C:\Users\SCOTTC~1\AppData\Local\Temp\ccsL4mQJ.s 			page 17


 509:.\Generated_Source\PSoC5/Cm3Start.c ****         #endif  /* defined (__ICCARM__) */
 510:.\Generated_Source\PSoC5/Cm3Start.c ****     }
 511:.\Generated_Source\PSoC5/Cm3Start.c **** 
 512:.\Generated_Source\PSoC5/Cm3Start.c ****     /* Was stored in CFGMEM to avoid being cleared while SRAM gets cleared */
 513:.\Generated_Source\PSoC5/Cm3Start.c ****     CyResetStatus = CY_GET_REG8(CYREG_PHUB_CFGMEM23_CFG1);
 389              		.loc 1 513 0 is_stmt 1
 390 0044 0E4B     		ldr	r3, .L29+24
 391 0046 1B78     		ldrb	r3, [r3]
 392 0048 DAB2     		uxtb	r2, r3
 393 004a 0E4B     		ldr	r3, .L29+28
 394 004c 1A70     		strb	r2, [r3]
 514:.\Generated_Source\PSoC5/Cm3Start.c **** 
 515:.\Generated_Source\PSoC5/Cm3Start.c ****     /* Point NVIC at RAM vector table. */
 516:.\Generated_Source\PSoC5/Cm3Start.c ****     *CYINT_VECT_TABLE = CyRamVectors;
 395              		.loc 1 516 0
 396 004e 0E4B     		ldr	r3, .L29+32
 397 0050 0A4A     		ldr	r2, .L29+20
 398 0052 1A60     		str	r2, [r3]
 517:.\Generated_Source\PSoC5/Cm3Start.c **** 
 518:.\Generated_Source\PSoC5/Cm3Start.c ****     /* Initialize the configuration registers. */
 519:.\Generated_Source\PSoC5/Cm3Start.c ****     cyfitter_cfg();
 399              		.loc 1 519 0
 400 0054 FFF7FEFF 		bl	cyfitter_cfg
 520:.\Generated_Source\PSoC5/Cm3Start.c **** 
 521:.\Generated_Source\PSoC5/Cm3Start.c ****     #if(0u != DMA_CHANNELS_USED__MASK0)
 522:.\Generated_Source\PSoC5/Cm3Start.c **** 
 523:.\Generated_Source\PSoC5/Cm3Start.c ****         /* Setup DMA - only necessary if design contains DMA component. */
 524:.\Generated_Source\PSoC5/Cm3Start.c ****         CyDmacConfigure();
 401              		.loc 1 524 0
 402 0058 FFF7FEFF 		bl	CyDmacConfigure
 525:.\Generated_Source\PSoC5/Cm3Start.c **** 
 526:.\Generated_Source\PSoC5/Cm3Start.c ****     #endif  /* (0u != DMA_CHANNELS_USED__MASK0) */
 527:.\Generated_Source\PSoC5/Cm3Start.c **** 
 528:.\Generated_Source\PSoC5/Cm3Start.c ****     #if !defined (__ICCARM__)
 529:.\Generated_Source\PSoC5/Cm3Start.c ****         /* Actually, no need to clean this variable, just to make compiler happy. */
 530:.\Generated_Source\PSoC5/Cm3Start.c ****         cySysNoInitDataValid = 0u;
 403              		.loc 1 530 0
 404 005c 0B4B     		ldr	r3, .L29+36
 405 005e 0022     		movs	r2, #0
 406 0060 1A60     		str	r2, [r3]
 531:.\Generated_Source\PSoC5/Cm3Start.c ****     #endif  /* !defined (__ICCARM__) */
 532:.\Generated_Source\PSoC5/Cm3Start.c **** }
 407              		.loc 1 532 0
 408 0062 0837     		adds	r7, r7, #8
 409 0064 BD46     		mov	sp, r7
 410              		@ sp needed
 411 0066 80BD     		pop	{r7, pc}
 412              	.L30:
 413              		.align	2
 414              	.L29:
 415 0068 0CED00E0 		.word	-536810228
 416 006c 0004FA05 		.word	100271104
 417 0070 14ED00E0 		.word	-536810220
 418 0074 00000000 		.word	RomVectors
 419 0078 00000000 		.word	IntDefaultHandler
 420 007c 00000000 		.word	CyRamVectors
 421 0080 BC760040 		.word	1073772220
ARM GAS  C:\Users\SCOTTC~1\AppData\Local\Temp\ccsL4mQJ.s 			page 18


 422 0084 00000000 		.word	CyResetStatus
 423 0088 08ED00E0 		.word	-536810232
 424 008c 00000000 		.word	cySysNoInitDataValid
 425              		.cfi_endproc
 426              	.LFE5:
 427              		.size	initialize_psoc, .-initialize_psoc
 428              		.section	.init_array,"aw",%init_array
 429              		.align	2
 430 0000 00000000 		.word	initialize_psoc(target1)
 431              		.data
 432              		.align	2
 433              		.type	heapPointer.4945, %object
 434              		.size	heapPointer.4945, 4
 435              	heapPointer.4945:
 436 0000 00000000 		.word	end
 437              		.weak	__cy_region_num
 438              		.text
 439              	.Letext0:
 440              		.file 2 ".\\Generated_Source\\PSoC5\\cytypes.h"
 441              		.file 3 "c:\\program files\\cypress\\psoc creator\\3.2\\psoc creator\\import\\gnu\\arm\\4.8.4\\lib
 442              		.file 4 ".\\Generated_Source\\PSoC5\\CyLib.h"
 443              		.section	.debug_info,"",%progbits
 444              	.Ldebug_info0:
 445 0000 13030000 		.4byte	0x313
 446 0004 0400     		.2byte	0x4
 447 0006 00000000 		.4byte	.Ldebug_abbrev0
 448 000a 04       		.byte	0x4
 449 000b 01       		.uleb128 0x1
 450 000c C6000000 		.4byte	.LASF43
 451 0010 01       		.byte	0x1
 452 0011 00000000 		.4byte	.LASF44
 453 0015 93010000 		.4byte	.LASF45
 454 0019 00000000 		.4byte	.Ldebug_ranges0+0
 455 001d 00000000 		.4byte	0
 456 0021 00000000 		.4byte	.Ldebug_line0
 457 0025 02       		.uleb128 0x2
 458 0026 01       		.byte	0x1
 459 0027 06       		.byte	0x6
 460 0028 A1020000 		.4byte	.LASF0
 461 002c 02       		.uleb128 0x2
 462 002d 01       		.byte	0x1
 463 002e 08       		.byte	0x8
 464 002f A1000000 		.4byte	.LASF1
 465 0033 02       		.uleb128 0x2
 466 0034 02       		.byte	0x2
 467 0035 05       		.byte	0x5
 468 0036 80020000 		.4byte	.LASF2
 469 003a 02       		.uleb128 0x2
 470 003b 02       		.byte	0x2
 471 003c 07       		.byte	0x7
 472 003d 58000000 		.4byte	.LASF3
 473 0041 02       		.uleb128 0x2
 474 0042 04       		.byte	0x4
 475 0043 05       		.byte	0x5
 476 0044 8A020000 		.4byte	.LASF4
 477 0048 02       		.uleb128 0x2
 478 0049 04       		.byte	0x4
ARM GAS  C:\Users\SCOTTC~1\AppData\Local\Temp\ccsL4mQJ.s 			page 19


 479 004a 07       		.byte	0x7
 480 004b 42010000 		.4byte	.LASF5
 481 004f 02       		.uleb128 0x2
 482 0050 08       		.byte	0x8
 483 0051 05       		.byte	0x5
 484 0052 6D020000 		.4byte	.LASF6
 485 0056 02       		.uleb128 0x2
 486 0057 08       		.byte	0x8
 487 0058 07       		.byte	0x7
 488 0059 1A020000 		.4byte	.LASF7
 489 005d 03       		.uleb128 0x3
 490 005e 04       		.byte	0x4
 491 005f 05       		.byte	0x5
 492 0060 696E7400 		.ascii	"int\000"
 493 0064 02       		.uleb128 0x2
 494 0065 04       		.byte	0x4
 495 0066 07       		.byte	0x7
 496 0067 0D020000 		.4byte	.LASF8
 497 006b 04       		.uleb128 0x4
 498 006c 69010000 		.4byte	.LASF9
 499 0070 02       		.byte	0x2
 500 0071 B4       		.byte	0xb4
 501 0072 2C000000 		.4byte	0x2c
 502 0076 04       		.uleb128 0x4
 503 0077 06020000 		.4byte	.LASF10
 504 007b 02       		.byte	0x2
 505 007c B6       		.byte	0xb6
 506 007d 48000000 		.4byte	0x48
 507 0081 02       		.uleb128 0x2
 508 0082 04       		.byte	0x4
 509 0083 04       		.byte	0x4
 510 0084 96000000 		.4byte	.LASF11
 511 0088 02       		.uleb128 0x2
 512 0089 08       		.byte	0x8
 513 008a 04       		.byte	0x4
 514 008b EF010000 		.4byte	.LASF12
 515 008f 02       		.uleb128 0x2
 516 0090 01       		.byte	0x1
 517 0091 08       		.byte	0x8
 518 0092 7B020000 		.4byte	.LASF13
 519 0096 05       		.uleb128 0x5
 520 0097 5F020000 		.4byte	.LASF14
 521 009b 02       		.byte	0x2
 522 009c 5E01     		.2byte	0x15e
 523 009e A2000000 		.4byte	0xa2
 524 00a2 06       		.uleb128 0x6
 525 00a3 6B000000 		.4byte	0x6b
 526 00a7 05       		.uleb128 0x5
 527 00a8 24000000 		.4byte	.LASF15
 528 00ac 02       		.byte	0x2
 529 00ad 6001     		.2byte	0x160
 530 00af B3000000 		.4byte	0xb3
 531 00b3 06       		.uleb128 0x6
 532 00b4 76000000 		.4byte	0x76
 533 00b8 05       		.uleb128 0x5
 534 00b9 37020000 		.4byte	.LASF16
 535 00bd 02       		.byte	0x2
ARM GAS  C:\Users\SCOTTC~1\AppData\Local\Temp\ccsL4mQJ.s 			page 20


 536 00be 7001     		.2byte	0x170
 537 00c0 C4000000 		.4byte	0xc4
 538 00c4 07       		.uleb128 0x7
 539 00c5 04       		.byte	0x4
 540 00c6 CA000000 		.4byte	0xca
 541 00ca 08       		.uleb128 0x8
 542 00cb 04       		.uleb128 0x4
 543 00cc 2A000000 		.4byte	.LASF17
 544 00d0 03       		.byte	0x3
 545 00d1 D4       		.byte	0xd4
 546 00d2 64000000 		.4byte	0x64
 547 00d6 02       		.uleb128 0x2
 548 00d7 04       		.byte	0x4
 549 00d8 07       		.byte	0x7
 550 00d9 64020000 		.4byte	.LASF18
 551 00dd 09       		.uleb128 0x9
 552 00de 04       		.byte	0x4
 553 00df 0A       		.uleb128 0xa
 554 00e0 8F000000 		.4byte	0x8f
 555 00e4 04       		.uleb128 0x4
 556 00e5 4E020000 		.4byte	.LASF19
 557 00e9 01       		.byte	0x1
 558 00ea CC       		.byte	0xcc
 559 00eb 2C000000 		.4byte	0x2c
 560 00ef 0B       		.uleb128 0xb
 561 00f0 C9020000 		.4byte	.LASF46
 562 00f4 10       		.byte	0x10
 563 00f5 01       		.byte	0x1
 564 00f6 CE       		.byte	0xce
 565 00f7 2C010000 		.4byte	0x12c
 566 00fb 0C       		.uleb128 0xc
 567 00fc 7B000000 		.4byte	.LASF20
 568 0100 01       		.byte	0x1
 569 0101 D0       		.byte	0xd0
 570 0102 2C010000 		.4byte	0x12c
 571 0106 00       		.byte	0
 572 0107 0C       		.uleb128 0xc
 573 0108 9C000000 		.4byte	.LASF21
 574 010c 01       		.byte	0x1
 575 010d D1       		.byte	0xd1
 576 010e 2C010000 		.4byte	0x12c
 577 0112 04       		.byte	0x4
 578 0113 0C       		.uleb128 0xc
 579 0114 44020000 		.4byte	.LASF22
 580 0118 01       		.byte	0x1
 581 0119 D2       		.byte	0xd2
 582 011a CB000000 		.4byte	0xcb
 583 011e 08       		.byte	0x8
 584 011f 0C       		.uleb128 0xc
 585 0120 87000000 		.4byte	.LASF23
 586 0124 01       		.byte	0x1
 587 0125 D3       		.byte	0xd3
 588 0126 CB000000 		.4byte	0xcb
 589 012a 0C       		.byte	0xc
 590 012b 00       		.byte	0
 591 012c 07       		.uleb128 0x7
 592 012d 04       		.byte	0x4
ARM GAS  C:\Users\SCOTTC~1\AppData\Local\Temp\ccsL4mQJ.s 			page 21


 593 012e E4000000 		.4byte	0xe4
 594 0132 0D       		.uleb128 0xd
 595 0133 7B010000 		.4byte	.LASF28
 596 0137 01       		.byte	0x1
 597 0138 61       		.byte	0x61
 598 0139 00000000 		.4byte	.LFB0
 599 013d 06000000 		.4byte	.LFE0-.LFB0
 600 0141 01       		.uleb128 0x1
 601 0142 9C       		.byte	0x9c
 602 0143 0E       		.uleb128 0xe
 603 0144 75010000 		.4byte	.LASF30
 604 0148 01       		.byte	0x1
 605 0149 F1       		.byte	0xf1
 606 014a 00000000 		.4byte	.LFB1
 607 014e 14000000 		.4byte	.LFE1-.LFB1
 608 0152 01       		.uleb128 0x1
 609 0153 9C       		.byte	0x9c
 610 0154 67010000 		.4byte	0x167
 611 0158 0F       		.uleb128 0xf
 612 0159 80000000 		.4byte	.LASF24
 613 015d 01       		.byte	0x1
 614 015e F1       		.byte	0xf1
 615 015f 5D000000 		.4byte	0x5d
 616 0163 02       		.uleb128 0x2
 617 0164 91       		.byte	0x91
 618 0165 74       		.sleb128 -12
 619 0166 00       		.byte	0
 620 0167 10       		.uleb128 0x10
 621 0168 8D010000 		.4byte	.LASF47
 622 016c 01       		.byte	0x1
 623 016d 0F01     		.2byte	0x10f
 624 016f DD000000 		.4byte	0xdd
 625 0173 00000000 		.4byte	.LFB2
 626 0177 50000000 		.4byte	.LFE2-.LFB2
 627 017b 01       		.uleb128 0x1
 628 017c 9C       		.byte	0x9c
 629 017d BE010000 		.4byte	0x1be
 630 0181 11       		.uleb128 0x11
 631 0182 C2020000 		.4byte	.LASF25
 632 0186 01       		.byte	0x1
 633 0187 0F01     		.2byte	0x10f
 634 0189 5D000000 		.4byte	0x5d
 635 018d 02       		.uleb128 0x2
 636 018e 91       		.byte	0x91
 637 018f 6C       		.sleb128 -20
 638 0190 12       		.uleb128 0x12
 639 0191 656E6400 		.ascii	"end\000"
 640 0195 01       		.byte	0x1
 641 0196 1101     		.2byte	0x111
 642 0198 5D000000 		.4byte	0x5d
 643 019c 13       		.uleb128 0x13
 644 019d AF000000 		.4byte	.LASF26
 645 01a1 01       		.byte	0x1
 646 01a2 1201     		.2byte	0x112
 647 01a4 DD000000 		.4byte	0xdd
 648 01a8 02       		.uleb128 0x2
 649 01a9 91       		.byte	0x91
ARM GAS  C:\Users\SCOTTC~1\AppData\Local\Temp\ccsL4mQJ.s 			page 22


 650 01aa 74       		.sleb128 -12
 651 01ab 13       		.uleb128 0x13
 652 01ac 4C000000 		.4byte	.LASF27
 653 01b0 01       		.byte	0x1
 654 01b1 1501     		.2byte	0x115
 655 01b3 DD000000 		.4byte	0xdd
 656 01b7 05       		.uleb128 0x5
 657 01b8 03       		.byte	0x3
 658 01b9 00000000 		.4byte	heapPointer.4945
 659 01bd 00       		.byte	0
 660 01be 14       		.uleb128 0x14
 661 01bf 6F010000 		.4byte	.LASF29
 662 01c3 01       		.byte	0x1
 663 01c4 3501     		.2byte	0x135
 664 01c6 00000000 		.4byte	.LFB3
 665 01ca 18000000 		.4byte	.LFE3-.LFB3
 666 01ce 01       		.uleb128 0x1
 667 01cf 9C       		.byte	0x9c
 668 01d0 15       		.uleb128 0x15
 669 01d1 3E000000 		.4byte	.LASF31
 670 01d5 01       		.byte	0x1
 671 01d6 5E01     		.2byte	0x15e
 672 01d8 00000000 		.4byte	.LFB4
 673 01dc 98000000 		.4byte	.LFE4-.LFB4
 674 01e0 01       		.uleb128 0x1
 675 01e1 9C       		.byte	0x9c
 676 01e2 4B020000 		.4byte	0x24b
 677 01e6 13       		.uleb128 0x13
 678 01e7 BA020000 		.4byte	.LASF32
 679 01eb 01       		.byte	0x1
 680 01ec 6001     		.2byte	0x160
 681 01ee 64000000 		.4byte	0x64
 682 01f2 02       		.uleb128 0x2
 683 01f3 91       		.byte	0x91
 684 01f4 74       		.sleb128 -12
 685 01f5 13       		.uleb128 0x13
 686 01f6 91000000 		.4byte	.LASF33
 687 01fa 01       		.byte	0x1
 688 01fb 6101     		.2byte	0x161
 689 01fd 4B020000 		.4byte	0x24b
 690 0201 02       		.uleb128 0x2
 691 0202 91       		.byte	0x91
 692 0203 70       		.sleb128 -16
 693 0204 16       		.uleb128 0x16
 694 0205 14000000 		.4byte	.LBB2
 695 0209 66000000 		.4byte	.LBE2-.LBB2
 696 020d 17       		.uleb128 0x17
 697 020e 73726300 		.ascii	"src\000"
 698 0212 01       		.byte	0x1
 699 0213 6601     		.2byte	0x166
 700 0215 56020000 		.4byte	0x256
 701 0219 02       		.uleb128 0x2
 702 021a 91       		.byte	0x91
 703 021b 6C       		.sleb128 -20
 704 021c 17       		.uleb128 0x17
 705 021d 64737400 		.ascii	"dst\000"
 706 0221 01       		.byte	0x1
ARM GAS  C:\Users\SCOTTC~1\AppData\Local\Temp\ccsL4mQJ.s 			page 23


 707 0222 6701     		.2byte	0x167
 708 0224 56020000 		.4byte	0x256
 709 0228 02       		.uleb128 0x2
 710 0229 91       		.byte	0x91
 711 022a 68       		.sleb128 -24
 712 022b 13       		.uleb128 0x13
 713 022c 31020000 		.4byte	.LASF34
 714 0230 01       		.byte	0x1
 715 0231 6801     		.2byte	0x168
 716 0233 64000000 		.4byte	0x64
 717 0237 02       		.uleb128 0x2
 718 0238 91       		.byte	0x91
 719 0239 60       		.sleb128 -32
 720 023a 13       		.uleb128 0x13
 721 023b 46000000 		.4byte	.LASF35
 722 023f 01       		.byte	0x1
 723 0240 6901     		.2byte	0x169
 724 0242 64000000 		.4byte	0x64
 725 0246 02       		.uleb128 0x2
 726 0247 91       		.byte	0x91
 727 0248 64       		.sleb128 -28
 728 0249 00       		.byte	0
 729 024a 00       		.byte	0
 730 024b 07       		.uleb128 0x7
 731 024c 04       		.byte	0x4
 732 024d 51020000 		.4byte	0x251
 733 0251 0A       		.uleb128 0xa
 734 0252 EF000000 		.4byte	0xef
 735 0256 07       		.uleb128 0x7
 736 0257 04       		.byte	0x4
 737 0258 76000000 		.4byte	0x76
 738 025c 15       		.uleb128 0x15
 739 025d F6010000 		.4byte	.LASF36
 740 0261 01       		.byte	0x1
 741 0262 EC01     		.2byte	0x1ec
 742 0264 00000000 		.4byte	.LFB5
 743 0268 90000000 		.4byte	.LFE5-.LFB5
 744 026c 01       		.uleb128 0x1
 745 026d 9C       		.byte	0x9c
 746 026e 80020000 		.4byte	0x280
 747 0272 17       		.uleb128 0x17
 748 0273 6900     		.ascii	"i\000"
 749 0275 01       		.byte	0x1
 750 0276 EE01     		.2byte	0x1ee
 751 0278 76000000 		.4byte	0x76
 752 027c 02       		.uleb128 0x2
 753 027d 91       		.byte	0x91
 754 027e 74       		.sleb128 -12
 755 027f 00       		.byte	0
 756 0280 18       		.uleb128 0x18
 757 0281 54010000 		.4byte	.LASF37
 758 0285 01       		.byte	0x1
 759 0286 3E       		.byte	0x3e
 760 0287 76000000 		.4byte	0x76
 761 028b 05       		.uleb128 0x5
 762 028c 03       		.byte	0x3
 763 028d 00000000 		.4byte	cySysNoInitDataValid
ARM GAS  C:\Users\SCOTTC~1\AppData\Local\Temp\ccsL4mQJ.s 			page 24


 764 0291 19       		.uleb128 0x19
 765 0292 93020000 		.4byte	.LASF38
 766 0296 04       		.byte	0x4
 767 0297 2D       		.byte	0x2d
 768 0298 6B000000 		.4byte	0x6b
 769 029c 12       		.uleb128 0x12
 770 029d 656E6400 		.ascii	"end\000"
 771 02a1 01       		.byte	0x1
 772 02a2 1101     		.2byte	0x111
 773 02a4 5D000000 		.4byte	0x5d
 774 02a8 1A       		.uleb128 0x1a
 775 02a9 B8000000 		.4byte	0xb8
 776 02ad B8020000 		.4byte	0x2b8
 777 02b1 1B       		.uleb128 0x1b
 778 02b2 D6000000 		.4byte	0xd6
 779 02b6 2F       		.byte	0x2f
 780 02b7 00       		.byte	0
 781 02b8 1C       		.uleb128 0x1c
 782 02b9 31000000 		.4byte	.LASF39
 783 02bd 01       		.byte	0x1
 784 02be 4C       		.byte	0x4c
 785 02bf A8020000 		.4byte	0x2a8
 786 02c3 05       		.uleb128 0x5
 787 02c4 03       		.byte	0x3
 788 02c5 00000000 		.4byte	CyRamVectors
 789 02c9 1A       		.uleb128 0x1a
 790 02ca EF000000 		.4byte	0xef
 791 02ce D4020000 		.4byte	0x2d4
 792 02d2 1D       		.uleb128 0x1d
 793 02d3 00       		.byte	0
 794 02d4 19       		.uleb128 0x19
 795 02d5 AD020000 		.4byte	.LASF40
 796 02d9 01       		.byte	0x1
 797 02da D6       		.byte	0xd6
 798 02db DF020000 		.4byte	0x2df
 799 02df 0A       		.uleb128 0xa
 800 02e0 C9020000 		.4byte	0x2c9
 801 02e4 19       		.uleb128 0x19
 802 02e5 6B000000 		.4byte	.LASF41
 803 02e9 01       		.byte	0x1
 804 02ea D7       		.byte	0xd7
 805 02eb DF000000 		.4byte	0xdf
 806 02ef 1A       		.uleb128 0x1a
 807 02f0 B8000000 		.4byte	0xb8
 808 02f4 FF020000 		.4byte	0x2ff
 809 02f8 1B       		.uleb128 0x1b
 810 02f9 D6000000 		.4byte	0xd6
 811 02fd 03       		.byte	0x3
 812 02fe 00       		.byte	0
 813 02ff 1E       		.uleb128 0x1e
 814 0300 BB000000 		.4byte	.LASF42
 815 0304 01       		.byte	0x1
 816 0305 C901     		.2byte	0x1c9
 817 0307 11030000 		.4byte	0x311
 818 030b 05       		.uleb128 0x5
 819 030c 03       		.byte	0x3
 820 030d 00000000 		.4byte	RomVectors
ARM GAS  C:\Users\SCOTTC~1\AppData\Local\Temp\ccsL4mQJ.s 			page 25


 821 0311 0A       		.uleb128 0xa
 822 0312 EF020000 		.4byte	0x2ef
 823 0316 00       		.byte	0
 824              		.section	.debug_abbrev,"",%progbits
 825              	.Ldebug_abbrev0:
 826 0000 01       		.uleb128 0x1
 827 0001 11       		.uleb128 0x11
 828 0002 01       		.byte	0x1
 829 0003 25       		.uleb128 0x25
 830 0004 0E       		.uleb128 0xe
 831 0005 13       		.uleb128 0x13
 832 0006 0B       		.uleb128 0xb
 833 0007 03       		.uleb128 0x3
 834 0008 0E       		.uleb128 0xe
 835 0009 1B       		.uleb128 0x1b
 836 000a 0E       		.uleb128 0xe
 837 000b 55       		.uleb128 0x55
 838 000c 17       		.uleb128 0x17
 839 000d 11       		.uleb128 0x11
 840 000e 01       		.uleb128 0x1
 841 000f 10       		.uleb128 0x10
 842 0010 17       		.uleb128 0x17
 843 0011 00       		.byte	0
 844 0012 00       		.byte	0
 845 0013 02       		.uleb128 0x2
 846 0014 24       		.uleb128 0x24
 847 0015 00       		.byte	0
 848 0016 0B       		.uleb128 0xb
 849 0017 0B       		.uleb128 0xb
 850 0018 3E       		.uleb128 0x3e
 851 0019 0B       		.uleb128 0xb
 852 001a 03       		.uleb128 0x3
 853 001b 0E       		.uleb128 0xe
 854 001c 00       		.byte	0
 855 001d 00       		.byte	0
 856 001e 03       		.uleb128 0x3
 857 001f 24       		.uleb128 0x24
 858 0020 00       		.byte	0
 859 0021 0B       		.uleb128 0xb
 860 0022 0B       		.uleb128 0xb
 861 0023 3E       		.uleb128 0x3e
 862 0024 0B       		.uleb128 0xb
 863 0025 03       		.uleb128 0x3
 864 0026 08       		.uleb128 0x8
 865 0027 00       		.byte	0
 866 0028 00       		.byte	0
 867 0029 04       		.uleb128 0x4
 868 002a 16       		.uleb128 0x16
 869 002b 00       		.byte	0
 870 002c 03       		.uleb128 0x3
 871 002d 0E       		.uleb128 0xe
 872 002e 3A       		.uleb128 0x3a
 873 002f 0B       		.uleb128 0xb
 874 0030 3B       		.uleb128 0x3b
 875 0031 0B       		.uleb128 0xb
 876 0032 49       		.uleb128 0x49
 877 0033 13       		.uleb128 0x13
ARM GAS  C:\Users\SCOTTC~1\AppData\Local\Temp\ccsL4mQJ.s 			page 26


 878 0034 00       		.byte	0
 879 0035 00       		.byte	0
 880 0036 05       		.uleb128 0x5
 881 0037 16       		.uleb128 0x16
 882 0038 00       		.byte	0
 883 0039 03       		.uleb128 0x3
 884 003a 0E       		.uleb128 0xe
 885 003b 3A       		.uleb128 0x3a
 886 003c 0B       		.uleb128 0xb
 887 003d 3B       		.uleb128 0x3b
 888 003e 05       		.uleb128 0x5
 889 003f 49       		.uleb128 0x49
 890 0040 13       		.uleb128 0x13
 891 0041 00       		.byte	0
 892 0042 00       		.byte	0
 893 0043 06       		.uleb128 0x6
 894 0044 35       		.uleb128 0x35
 895 0045 00       		.byte	0
 896 0046 49       		.uleb128 0x49
 897 0047 13       		.uleb128 0x13
 898 0048 00       		.byte	0
 899 0049 00       		.byte	0
 900 004a 07       		.uleb128 0x7
 901 004b 0F       		.uleb128 0xf
 902 004c 00       		.byte	0
 903 004d 0B       		.uleb128 0xb
 904 004e 0B       		.uleb128 0xb
 905 004f 49       		.uleb128 0x49
 906 0050 13       		.uleb128 0x13
 907 0051 00       		.byte	0
 908 0052 00       		.byte	0
 909 0053 08       		.uleb128 0x8
 910 0054 15       		.uleb128 0x15
 911 0055 00       		.byte	0
 912 0056 27       		.uleb128 0x27
 913 0057 19       		.uleb128 0x19
 914 0058 00       		.byte	0
 915 0059 00       		.byte	0
 916 005a 09       		.uleb128 0x9
 917 005b 0F       		.uleb128 0xf
 918 005c 00       		.byte	0
 919 005d 0B       		.uleb128 0xb
 920 005e 0B       		.uleb128 0xb
 921 005f 00       		.byte	0
 922 0060 00       		.byte	0
 923 0061 0A       		.uleb128 0xa
 924 0062 26       		.uleb128 0x26
 925 0063 00       		.byte	0
 926 0064 49       		.uleb128 0x49
 927 0065 13       		.uleb128 0x13
 928 0066 00       		.byte	0
 929 0067 00       		.byte	0
 930 0068 0B       		.uleb128 0xb
 931 0069 13       		.uleb128 0x13
 932 006a 01       		.byte	0x1
 933 006b 03       		.uleb128 0x3
 934 006c 0E       		.uleb128 0xe
ARM GAS  C:\Users\SCOTTC~1\AppData\Local\Temp\ccsL4mQJ.s 			page 27


 935 006d 0B       		.uleb128 0xb
 936 006e 0B       		.uleb128 0xb
 937 006f 3A       		.uleb128 0x3a
 938 0070 0B       		.uleb128 0xb
 939 0071 3B       		.uleb128 0x3b
 940 0072 0B       		.uleb128 0xb
 941 0073 01       		.uleb128 0x1
 942 0074 13       		.uleb128 0x13
 943 0075 00       		.byte	0
 944 0076 00       		.byte	0
 945 0077 0C       		.uleb128 0xc
 946 0078 0D       		.uleb128 0xd
 947 0079 00       		.byte	0
 948 007a 03       		.uleb128 0x3
 949 007b 0E       		.uleb128 0xe
 950 007c 3A       		.uleb128 0x3a
 951 007d 0B       		.uleb128 0xb
 952 007e 3B       		.uleb128 0x3b
 953 007f 0B       		.uleb128 0xb
 954 0080 49       		.uleb128 0x49
 955 0081 13       		.uleb128 0x13
 956 0082 38       		.uleb128 0x38
 957 0083 0B       		.uleb128 0xb
 958 0084 00       		.byte	0
 959 0085 00       		.byte	0
 960 0086 0D       		.uleb128 0xd
 961 0087 2E       		.uleb128 0x2e
 962 0088 00       		.byte	0
 963 0089 3F       		.uleb128 0x3f
 964 008a 19       		.uleb128 0x19
 965 008b 03       		.uleb128 0x3
 966 008c 0E       		.uleb128 0xe
 967 008d 3A       		.uleb128 0x3a
 968 008e 0B       		.uleb128 0xb
 969 008f 3B       		.uleb128 0x3b
 970 0090 0B       		.uleb128 0xb
 971 0091 27       		.uleb128 0x27
 972 0092 19       		.uleb128 0x19
 973 0093 11       		.uleb128 0x11
 974 0094 01       		.uleb128 0x1
 975 0095 12       		.uleb128 0x12
 976 0096 06       		.uleb128 0x6
 977 0097 40       		.uleb128 0x40
 978 0098 18       		.uleb128 0x18
 979 0099 9742     		.uleb128 0x2117
 980 009b 19       		.uleb128 0x19
 981 009c 00       		.byte	0
 982 009d 00       		.byte	0
 983 009e 0E       		.uleb128 0xe
 984 009f 2E       		.uleb128 0x2e
 985 00a0 01       		.byte	0x1
 986 00a1 3F       		.uleb128 0x3f
 987 00a2 19       		.uleb128 0x19
 988 00a3 03       		.uleb128 0x3
 989 00a4 0E       		.uleb128 0xe
 990 00a5 3A       		.uleb128 0x3a
 991 00a6 0B       		.uleb128 0xb
ARM GAS  C:\Users\SCOTTC~1\AppData\Local\Temp\ccsL4mQJ.s 			page 28


 992 00a7 3B       		.uleb128 0x3b
 993 00a8 0B       		.uleb128 0xb
 994 00a9 27       		.uleb128 0x27
 995 00aa 19       		.uleb128 0x19
 996 00ab 11       		.uleb128 0x11
 997 00ac 01       		.uleb128 0x1
 998 00ad 12       		.uleb128 0x12
 999 00ae 06       		.uleb128 0x6
 1000 00af 40       		.uleb128 0x40
 1001 00b0 18       		.uleb128 0x18
 1002 00b1 9642     		.uleb128 0x2116
 1003 00b3 19       		.uleb128 0x19
 1004 00b4 01       		.uleb128 0x1
 1005 00b5 13       		.uleb128 0x13
 1006 00b6 00       		.byte	0
 1007 00b7 00       		.byte	0
 1008 00b8 0F       		.uleb128 0xf
 1009 00b9 05       		.uleb128 0x5
 1010 00ba 00       		.byte	0
 1011 00bb 03       		.uleb128 0x3
 1012 00bc 0E       		.uleb128 0xe
 1013 00bd 3A       		.uleb128 0x3a
 1014 00be 0B       		.uleb128 0xb
 1015 00bf 3B       		.uleb128 0x3b
 1016 00c0 0B       		.uleb128 0xb
 1017 00c1 49       		.uleb128 0x49
 1018 00c2 13       		.uleb128 0x13
 1019 00c3 02       		.uleb128 0x2
 1020 00c4 18       		.uleb128 0x18
 1021 00c5 00       		.byte	0
 1022 00c6 00       		.byte	0
 1023 00c7 10       		.uleb128 0x10
 1024 00c8 2E       		.uleb128 0x2e
 1025 00c9 01       		.byte	0x1
 1026 00ca 3F       		.uleb128 0x3f
 1027 00cb 19       		.uleb128 0x19
 1028 00cc 03       		.uleb128 0x3
 1029 00cd 0E       		.uleb128 0xe
 1030 00ce 3A       		.uleb128 0x3a
 1031 00cf 0B       		.uleb128 0xb
 1032 00d0 3B       		.uleb128 0x3b
 1033 00d1 05       		.uleb128 0x5
 1034 00d2 27       		.uleb128 0x27
 1035 00d3 19       		.uleb128 0x19
 1036 00d4 49       		.uleb128 0x49
 1037 00d5 13       		.uleb128 0x13
 1038 00d6 11       		.uleb128 0x11
 1039 00d7 01       		.uleb128 0x1
 1040 00d8 12       		.uleb128 0x12
 1041 00d9 06       		.uleb128 0x6
 1042 00da 40       		.uleb128 0x40
 1043 00db 18       		.uleb128 0x18
 1044 00dc 9642     		.uleb128 0x2116
 1045 00de 19       		.uleb128 0x19
 1046 00df 01       		.uleb128 0x1
 1047 00e0 13       		.uleb128 0x13
 1048 00e1 00       		.byte	0
ARM GAS  C:\Users\SCOTTC~1\AppData\Local\Temp\ccsL4mQJ.s 			page 29


 1049 00e2 00       		.byte	0
 1050 00e3 11       		.uleb128 0x11
 1051 00e4 05       		.uleb128 0x5
 1052 00e5 00       		.byte	0
 1053 00e6 03       		.uleb128 0x3
 1054 00e7 0E       		.uleb128 0xe
 1055 00e8 3A       		.uleb128 0x3a
 1056 00e9 0B       		.uleb128 0xb
 1057 00ea 3B       		.uleb128 0x3b
 1058 00eb 05       		.uleb128 0x5
 1059 00ec 49       		.uleb128 0x49
 1060 00ed 13       		.uleb128 0x13
 1061 00ee 02       		.uleb128 0x2
 1062 00ef 18       		.uleb128 0x18
 1063 00f0 00       		.byte	0
 1064 00f1 00       		.byte	0
 1065 00f2 12       		.uleb128 0x12
 1066 00f3 34       		.uleb128 0x34
 1067 00f4 00       		.byte	0
 1068 00f5 03       		.uleb128 0x3
 1069 00f6 08       		.uleb128 0x8
 1070 00f7 3A       		.uleb128 0x3a
 1071 00f8 0B       		.uleb128 0xb
 1072 00f9 3B       		.uleb128 0x3b
 1073 00fa 05       		.uleb128 0x5
 1074 00fb 49       		.uleb128 0x49
 1075 00fc 13       		.uleb128 0x13
 1076 00fd 3F       		.uleb128 0x3f
 1077 00fe 19       		.uleb128 0x19
 1078 00ff 3C       		.uleb128 0x3c
 1079 0100 19       		.uleb128 0x19
 1080 0101 00       		.byte	0
 1081 0102 00       		.byte	0
 1082 0103 13       		.uleb128 0x13
 1083 0104 34       		.uleb128 0x34
 1084 0105 00       		.byte	0
 1085 0106 03       		.uleb128 0x3
 1086 0107 0E       		.uleb128 0xe
 1087 0108 3A       		.uleb128 0x3a
 1088 0109 0B       		.uleb128 0xb
 1089 010a 3B       		.uleb128 0x3b
 1090 010b 05       		.uleb128 0x5
 1091 010c 49       		.uleb128 0x49
 1092 010d 13       		.uleb128 0x13
 1093 010e 02       		.uleb128 0x2
 1094 010f 18       		.uleb128 0x18
 1095 0110 00       		.byte	0
 1096 0111 00       		.byte	0
 1097 0112 14       		.uleb128 0x14
 1098 0113 2E       		.uleb128 0x2e
 1099 0114 00       		.byte	0
 1100 0115 3F       		.uleb128 0x3f
 1101 0116 19       		.uleb128 0x19
 1102 0117 03       		.uleb128 0x3
 1103 0118 0E       		.uleb128 0xe
 1104 0119 3A       		.uleb128 0x3a
 1105 011a 0B       		.uleb128 0xb
ARM GAS  C:\Users\SCOTTC~1\AppData\Local\Temp\ccsL4mQJ.s 			page 30


 1106 011b 3B       		.uleb128 0x3b
 1107 011c 05       		.uleb128 0x5
 1108 011d 27       		.uleb128 0x27
 1109 011e 19       		.uleb128 0x19
 1110 011f 11       		.uleb128 0x11
 1111 0120 01       		.uleb128 0x1
 1112 0121 12       		.uleb128 0x12
 1113 0122 06       		.uleb128 0x6
 1114 0123 40       		.uleb128 0x40
 1115 0124 18       		.uleb128 0x18
 1116 0125 9642     		.uleb128 0x2116
 1117 0127 19       		.uleb128 0x19
 1118 0128 00       		.byte	0
 1119 0129 00       		.byte	0
 1120 012a 15       		.uleb128 0x15
 1121 012b 2E       		.uleb128 0x2e
 1122 012c 01       		.byte	0x1
 1123 012d 3F       		.uleb128 0x3f
 1124 012e 19       		.uleb128 0x19
 1125 012f 03       		.uleb128 0x3
 1126 0130 0E       		.uleb128 0xe
 1127 0131 3A       		.uleb128 0x3a
 1128 0132 0B       		.uleb128 0xb
 1129 0133 3B       		.uleb128 0x3b
 1130 0134 05       		.uleb128 0x5
 1131 0135 27       		.uleb128 0x27
 1132 0136 19       		.uleb128 0x19
 1133 0137 11       		.uleb128 0x11
 1134 0138 01       		.uleb128 0x1
 1135 0139 12       		.uleb128 0x12
 1136 013a 06       		.uleb128 0x6
 1137 013b 40       		.uleb128 0x40
 1138 013c 18       		.uleb128 0x18
 1139 013d 9642     		.uleb128 0x2116
 1140 013f 19       		.uleb128 0x19
 1141 0140 01       		.uleb128 0x1
 1142 0141 13       		.uleb128 0x13
 1143 0142 00       		.byte	0
 1144 0143 00       		.byte	0
 1145 0144 16       		.uleb128 0x16
 1146 0145 0B       		.uleb128 0xb
 1147 0146 01       		.byte	0x1
 1148 0147 11       		.uleb128 0x11
 1149 0148 01       		.uleb128 0x1
 1150 0149 12       		.uleb128 0x12
 1151 014a 06       		.uleb128 0x6
 1152 014b 00       		.byte	0
 1153 014c 00       		.byte	0
 1154 014d 17       		.uleb128 0x17
 1155 014e 34       		.uleb128 0x34
 1156 014f 00       		.byte	0
 1157 0150 03       		.uleb128 0x3
 1158 0151 08       		.uleb128 0x8
 1159 0152 3A       		.uleb128 0x3a
 1160 0153 0B       		.uleb128 0xb
 1161 0154 3B       		.uleb128 0x3b
 1162 0155 05       		.uleb128 0x5
ARM GAS  C:\Users\SCOTTC~1\AppData\Local\Temp\ccsL4mQJ.s 			page 31


 1163 0156 49       		.uleb128 0x49
 1164 0157 13       		.uleb128 0x13
 1165 0158 02       		.uleb128 0x2
 1166 0159 18       		.uleb128 0x18
 1167 015a 00       		.byte	0
 1168 015b 00       		.byte	0
 1169 015c 18       		.uleb128 0x18
 1170 015d 34       		.uleb128 0x34
 1171 015e 00       		.byte	0
 1172 015f 03       		.uleb128 0x3
 1173 0160 0E       		.uleb128 0xe
 1174 0161 3A       		.uleb128 0x3a
 1175 0162 0B       		.uleb128 0xb
 1176 0163 3B       		.uleb128 0x3b
 1177 0164 0B       		.uleb128 0xb
 1178 0165 49       		.uleb128 0x49
 1179 0166 13       		.uleb128 0x13
 1180 0167 02       		.uleb128 0x2
 1181 0168 18       		.uleb128 0x18
 1182 0169 00       		.byte	0
 1183 016a 00       		.byte	0
 1184 016b 19       		.uleb128 0x19
 1185 016c 34       		.uleb128 0x34
 1186 016d 00       		.byte	0
 1187 016e 03       		.uleb128 0x3
 1188 016f 0E       		.uleb128 0xe
 1189 0170 3A       		.uleb128 0x3a
 1190 0171 0B       		.uleb128 0xb
 1191 0172 3B       		.uleb128 0x3b
 1192 0173 0B       		.uleb128 0xb
 1193 0174 49       		.uleb128 0x49
 1194 0175 13       		.uleb128 0x13
 1195 0176 3F       		.uleb128 0x3f
 1196 0177 19       		.uleb128 0x19
 1197 0178 3C       		.uleb128 0x3c
 1198 0179 19       		.uleb128 0x19
 1199 017a 00       		.byte	0
 1200 017b 00       		.byte	0
 1201 017c 1A       		.uleb128 0x1a
 1202 017d 01       		.uleb128 0x1
 1203 017e 01       		.byte	0x1
 1204 017f 49       		.uleb128 0x49
 1205 0180 13       		.uleb128 0x13
 1206 0181 01       		.uleb128 0x1
 1207 0182 13       		.uleb128 0x13
 1208 0183 00       		.byte	0
 1209 0184 00       		.byte	0
 1210 0185 1B       		.uleb128 0x1b
 1211 0186 21       		.uleb128 0x21
 1212 0187 00       		.byte	0
 1213 0188 49       		.uleb128 0x49
 1214 0189 13       		.uleb128 0x13
 1215 018a 2F       		.uleb128 0x2f
 1216 018b 0B       		.uleb128 0xb
 1217 018c 00       		.byte	0
 1218 018d 00       		.byte	0
 1219 018e 1C       		.uleb128 0x1c
ARM GAS  C:\Users\SCOTTC~1\AppData\Local\Temp\ccsL4mQJ.s 			page 32


 1220 018f 34       		.uleb128 0x34
 1221 0190 00       		.byte	0
 1222 0191 03       		.uleb128 0x3
 1223 0192 0E       		.uleb128 0xe
 1224 0193 3A       		.uleb128 0x3a
 1225 0194 0B       		.uleb128 0xb
 1226 0195 3B       		.uleb128 0x3b
 1227 0196 0B       		.uleb128 0xb
 1228 0197 49       		.uleb128 0x49
 1229 0198 13       		.uleb128 0x13
 1230 0199 3F       		.uleb128 0x3f
 1231 019a 19       		.uleb128 0x19
 1232 019b 02       		.uleb128 0x2
 1233 019c 18       		.uleb128 0x18
 1234 019d 00       		.byte	0
 1235 019e 00       		.byte	0
 1236 019f 1D       		.uleb128 0x1d
 1237 01a0 21       		.uleb128 0x21
 1238 01a1 00       		.byte	0
 1239 01a2 00       		.byte	0
 1240 01a3 00       		.byte	0
 1241 01a4 1E       		.uleb128 0x1e
 1242 01a5 34       		.uleb128 0x34
 1243 01a6 00       		.byte	0
 1244 01a7 03       		.uleb128 0x3
 1245 01a8 0E       		.uleb128 0xe
 1246 01a9 3A       		.uleb128 0x3a
 1247 01aa 0B       		.uleb128 0xb
 1248 01ab 3B       		.uleb128 0x3b
 1249 01ac 05       		.uleb128 0x5
 1250 01ad 49       		.uleb128 0x49
 1251 01ae 13       		.uleb128 0x13
 1252 01af 3F       		.uleb128 0x3f
 1253 01b0 19       		.uleb128 0x19
 1254 01b1 02       		.uleb128 0x2
 1255 01b2 18       		.uleb128 0x18
 1256 01b3 00       		.byte	0
 1257 01b4 00       		.byte	0
 1258 01b5 00       		.byte	0
 1259              		.section	.debug_aranges,"",%progbits
 1260 0000 44000000 		.4byte	0x44
 1261 0004 0200     		.2byte	0x2
 1262 0006 00000000 		.4byte	.Ldebug_info0
 1263 000a 04       		.byte	0x4
 1264 000b 00       		.byte	0
 1265 000c 0000     		.2byte	0
 1266 000e 0000     		.2byte	0
 1267 0010 00000000 		.4byte	.LFB0
 1268 0014 06000000 		.4byte	.LFE0-.LFB0
 1269 0018 00000000 		.4byte	.LFB1
 1270 001c 14000000 		.4byte	.LFE1-.LFB1
 1271 0020 00000000 		.4byte	.LFB2
 1272 0024 50000000 		.4byte	.LFE2-.LFB2
 1273 0028 00000000 		.4byte	.LFB3
 1274 002c 18000000 		.4byte	.LFE3-.LFB3
 1275 0030 00000000 		.4byte	.LFB4
 1276 0034 98000000 		.4byte	.LFE4-.LFB4
ARM GAS  C:\Users\SCOTTC~1\AppData\Local\Temp\ccsL4mQJ.s 			page 33


 1277 0038 00000000 		.4byte	.LFB5
 1278 003c 90000000 		.4byte	.LFE5-.LFB5
 1279 0040 00000000 		.4byte	0
 1280 0044 00000000 		.4byte	0
 1281              		.section	.debug_ranges,"",%progbits
 1282              	.Ldebug_ranges0:
 1283 0000 00000000 		.4byte	.LFB0
 1284 0004 06000000 		.4byte	.LFE0
 1285 0008 00000000 		.4byte	.LFB1
 1286 000c 14000000 		.4byte	.LFE1
 1287 0010 00000000 		.4byte	.LFB2
 1288 0014 50000000 		.4byte	.LFE2
 1289 0018 00000000 		.4byte	.LFB3
 1290 001c 18000000 		.4byte	.LFE3
 1291 0020 00000000 		.4byte	.LFB4
 1292 0024 98000000 		.4byte	.LFE4
 1293 0028 00000000 		.4byte	.LFB5
 1294 002c 90000000 		.4byte	.LFE5
 1295 0030 00000000 		.4byte	0
 1296 0034 00000000 		.4byte	0
 1297              		.section	.debug_line,"",%progbits
 1298              	.Ldebug_line0:
 1299 0000 C1010000 		.section	.debug_str,"MS",%progbits,1
 1299      0200CE00 
 1299      00000201 
 1299      FB0E0D00 
 1299      01010101 
 1300              	.LASF44:
 1301 0000 2E5C4765 		.ascii	".\\Generated_Source\\PSoC5\\Cm3Start.c\000"
 1301      6E657261 
 1301      7465645F 
 1301      536F7572 
 1301      63655C50 
 1302              	.LASF15:
 1303 0024 72656733 		.ascii	"reg32\000"
 1303      3200
 1304              	.LASF17:
 1305 002a 73697A65 		.ascii	"size_t\000"
 1305      5F7400
 1306              	.LASF39:
 1307 0031 43795261 		.ascii	"CyRamVectors\000"
 1307      6D566563 
 1307      746F7273 
 1307      00
 1308              	.LASF31:
 1309 003e 53746172 		.ascii	"Start_c\000"
 1309      745F6300 
 1310              	.LASF35:
 1311 0046 636F756E 		.ascii	"count\000"
 1311      7400
 1312              	.LASF27:
 1313 004c 68656170 		.ascii	"heapPointer\000"
 1313      506F696E 
 1313      74657200 
 1314              	.LASF3:
 1315 0058 73686F72 		.ascii	"short unsigned int\000"
 1315      7420756E 
ARM GAS  C:\Users\SCOTTC~1\AppData\Local\Temp\ccsL4mQJ.s 			page 34


 1315      7369676E 
 1315      65642069 
 1315      6E7400
 1316              	.LASF41:
 1317 006b 5F5F6379 		.ascii	"__cy_region_num\000"
 1317      5F726567 
 1317      696F6E5F 
 1317      6E756D00 
 1318              	.LASF20:
 1319 007b 696E6974 		.ascii	"init\000"
 1319      00
 1320              	.LASF24:
 1321 0080 73746174 		.ascii	"status\000"
 1321      757300
 1322              	.LASF23:
 1323 0087 7A65726F 		.ascii	"zero_size\000"
 1323      5F73697A 
 1323      6500
 1324              	.LASF33:
 1325 0091 72707472 		.ascii	"rptr\000"
 1325      00
 1326              	.LASF11:
 1327 0096 666C6F61 		.ascii	"float\000"
 1327      7400
 1328              	.LASF21:
 1329 009c 64617461 		.ascii	"data\000"
 1329      00
 1330              	.LASF1:
 1331 00a1 756E7369 		.ascii	"unsigned char\000"
 1331      676E6564 
 1331      20636861 
 1331      7200
 1332              	.LASF26:
 1333 00af 72657475 		.ascii	"returnValue\000"
 1333      726E5661 
 1333      6C756500 
 1334              	.LASF42:
 1335 00bb 526F6D56 		.ascii	"RomVectors\000"
 1335      6563746F 
 1335      727300
 1336              	.LASF43:
 1337 00c6 474E5520 		.ascii	"GNU C 4.8.4 20140526 (release) [ARM/embedded-4_8-br"
 1337      4320342E 
 1337      382E3420 
 1337      32303134 
 1337      30353236 
 1338 00f9 616E6368 		.ascii	"anch revision 211358] -mcpu=cortex-m3 -mthumb -g -O"
 1338      20726576 
 1338      6973696F 
 1338      6E203231 
 1338      31333538 
 1339 012c 30202D66 		.ascii	"0 -ffunction-sections\000"
 1339      66756E63 
 1339      74696F6E 
 1339      2D736563 
 1339      74696F6E 
 1340              	.LASF5:
ARM GAS  C:\Users\SCOTTC~1\AppData\Local\Temp\ccsL4mQJ.s 			page 35


 1341 0142 6C6F6E67 		.ascii	"long unsigned int\000"
 1341      20756E73 
 1341      69676E65 
 1341      6420696E 
 1341      7400
 1342              	.LASF37:
 1343 0154 63795379 		.ascii	"cySysNoInitDataValid\000"
 1343      734E6F49 
 1343      6E697444 
 1343      61746156 
 1343      616C6964 
 1344              	.LASF9:
 1345 0169 75696E74 		.ascii	"uint8\000"
 1345      3800
 1346              	.LASF29:
 1347 016f 52657365 		.ascii	"Reset\000"
 1347      7400
 1348              	.LASF30:
 1349 0175 5F657869 		.ascii	"_exit\000"
 1349      7400
 1350              	.LASF28:
 1351 017b 496E7444 		.ascii	"IntDefaultHandler\000"
 1351      65666175 
 1351      6C744861 
 1351      6E646C65 
 1351      7200
 1352              	.LASF47:
 1353 018d 5F736272 		.ascii	"_sbrk\000"
 1353      6B00
 1354              	.LASF45:
 1355 0193 5A3A5C73 		.ascii	"Z:\\scottcarlson On My Mac\\Code\\PSoC_Creator\\Des"
 1355      636F7474 
 1355      6361726C 
 1355      736F6E20 
 1355      4F6E204D 
 1356 01c2 69676E30 		.ascii	"ign01\\Design01.cydsn\\Filter_ADC_VDAC01.cydsn\000"
 1356      315C4465 
 1356      7369676E 
 1356      30312E63 
 1356      7964736E 
 1357              	.LASF12:
 1358 01ef 646F7562 		.ascii	"double\000"
 1358      6C6500
 1359              	.LASF36:
 1360 01f6 696E6974 		.ascii	"initialize_psoc\000"
 1360      69616C69 
 1360      7A655F70 
 1360      736F6300 
 1361              	.LASF10:
 1362 0206 75696E74 		.ascii	"uint32\000"
 1362      333200
 1363              	.LASF8:
 1364 020d 756E7369 		.ascii	"unsigned int\000"
 1364      676E6564 
 1364      20696E74 
 1364      00
 1365              	.LASF7:
ARM GAS  C:\Users\SCOTTC~1\AppData\Local\Temp\ccsL4mQJ.s 			page 36


 1366 021a 6C6F6E67 		.ascii	"long long unsigned int\000"
 1366      206C6F6E 
 1366      6720756E 
 1366      7369676E 
 1366      65642069 
 1367              	.LASF34:
 1368 0231 6C696D69 		.ascii	"limit\000"
 1368      7400
 1369              	.LASF16:
 1370 0237 63796973 		.ascii	"cyisraddress\000"
 1370      72616464 
 1370      72657373 
 1370      00
 1371              	.LASF22:
 1372 0244 696E6974 		.ascii	"init_size\000"
 1372      5F73697A 
 1372      6500
 1373              	.LASF19:
 1374 024e 5F5F6379 		.ascii	"__cy_byte_align8\000"
 1374      5F627974 
 1374      655F616C 
 1374      69676E38 
 1374      00
 1375              	.LASF14:
 1376 025f 72656738 		.ascii	"reg8\000"
 1376      00
 1377              	.LASF18:
 1378 0264 73697A65 		.ascii	"sizetype\000"
 1378      74797065 
 1378      00
 1379              	.LASF6:
 1380 026d 6C6F6E67 		.ascii	"long long int\000"
 1380      206C6F6E 
 1380      6720696E 
 1380      7400
 1381              	.LASF13:
 1382 027b 63686172 		.ascii	"char\000"
 1382      00
 1383              	.LASF2:
 1384 0280 73686F72 		.ascii	"short int\000"
 1384      7420696E 
 1384      7400
 1385              	.LASF4:
 1386 028a 6C6F6E67 		.ascii	"long int\000"
 1386      20696E74 
 1386      00
 1387              	.LASF38:
 1388 0293 43795265 		.ascii	"CyResetStatus\000"
 1388      73657453 
 1388      74617475 
 1388      7300
 1389              	.LASF0:
 1390 02a1 7369676E 		.ascii	"signed char\000"
 1390      65642063 
 1390      68617200 
 1391              	.LASF40:
 1392 02ad 5F5F6379 		.ascii	"__cy_regions\000"
ARM GAS  C:\Users\SCOTTC~1\AppData\Local\Temp\ccsL4mQJ.s 			page 37


 1392      5F726567 
 1392      696F6E73 
 1392      00
 1393              	.LASF32:
 1394 02ba 72656769 		.ascii	"regions\000"
 1394      6F6E7300 
 1395              	.LASF25:
 1396 02c2 6E627974 		.ascii	"nbytes\000"
 1396      657300
 1397              	.LASF46:
 1398 02c9 5F5F6379 		.ascii	"__cy_region\000"
 1398      5F726567 
 1398      696F6E00 
 1399              		.ident	"GCC: (GNU Tools for ARM Embedded Processors) 4.8.4 20140526 (release) [ARM/embedded-4_8-br
