ARM GAS  C:\Users\SCOTTC~1\AppData\Local\Temp\ccX3tc9e.s 			page 1


   1              		.syntax unified
   2              		.cpu cortex-m3
   3              		.fpu softvfp
   4              		.eabi_attribute 20, 1
   5              		.eabi_attribute 21, 1
   6              		.eabi_attribute 23, 3
   7              		.eabi_attribute 24, 1
   8              		.eabi_attribute 25, 1
   9              		.eabi_attribute 26, 1
  10              		.eabi_attribute 30, 6
  11              		.eabi_attribute 34, 1
  12              		.eabi_attribute 18, 4
  13              		.thumb
  14              		.file	"main.c"
  15              		.text
  16              	.Ltext0:
  17              		.cfi_sections	.debug_frame
  18              		.comm	buffer,4096,4
  19              		.section	.text.main,"ax",%progbits
  20              		.align	2
  21              		.global	main
  22              		.thumb
  23              		.thumb_func
  24              		.type	main, %function
  25              	main:
  26              	.LFB63:
  27              		.file 1 ".\\main.c"
   1:.\main.c      **** /*******************************************************************************
   2:.\main.c      **** * File Name: main.c
   3:.\main.c      **** *
   4:.\main.c      **** * Version: 1.10
   5:.\main.c      **** *
   6:.\main.c      **** ********************************************************************************
   7:.\main.c      **** * Copyright 2012, Cypress Semiconductor Corporation. All rights reserved.
   8:.\main.c      **** * This software is owned by Cypress Semiconductor Corporation and is protected
   9:.\main.c      **** * by and subject to worldwide patent and copyright laws and treaties.
  10:.\main.c      **** * Therefore, you may use this software only as provided in the license agreement
  11:.\main.c      **** * accompanying the software package from which you obtained this software.
  12:.\main.c      **** * CYPRESS AND ITS SUPPLIERS MAKE NO WARRANTY OF ANY KIND, EXPRESS OR IMPLIED,
  13:.\main.c      **** * WITH REGARD TO THIS SOFTWARE, INCLUDING, BUT NOT LIMITED TO, NONINFRINGEMENT,
  14:.\main.c      **** * IMPLIED WARRANTIES OF MERCHANTABILITY AND FITNESS FOR A PARTICULAR PURPOSE.
  15:.\main.c      **** *******************************************************************************/
  16:.\main.c      **** 
  17:.\main.c      **** #include <device.h>
  18:.\main.c      **** #include <VDAC8.h>
  19:.\main.c      **** 
  20:.\main.c      **** #define REQUEST_PER_BURST        (1u)
  21:.\main.c      **** #define BYTES_PER_BURST          (1u)
  22:.\main.c      **** #define UPPER_SRC_ADDRESS        CYDEV_PERIPH_BASE
  23:.\main.c      **** #define UPPER_DEST_ADDRESS       CYDEV_PERIPH_BASE
  24:.\main.c      **** 
  25:.\main.c      **** 
  26:.\main.c      ****     
  27:.\main.c      ****     /* Variable declarations for DMA_1 */
  28:.\main.c      **** /* Move these variable declarations to the top of the function */
  29:.\main.c      **** 
  30:.\main.c      **** /* DMA Configuration for DMA_1 */
ARM GAS  C:\Users\SCOTTC~1\AppData\Local\Temp\ccX3tc9e.s 			page 2


  31:.\main.c      **** #define buffer_size 256
  32:.\main.c      **** 
  33:.\main.c      **** #define DMA_1_BYTES_PER_BURST 4
  34:.\main.c      **** #define DMA_1_REQUEST_PER_BURST 1
  35:.\main.c      **** #define DMA_1_SRC_BASE (CYDEV_PERIPH_BASE)
  36:.\main.c      **** #define DMA_1_DST_BASE (CYDEV_SRAM_BASE)
  37:.\main.c      **** #define buffersize buffer_size*DMA_1_BYTES_PER_BURST
  38:.\main.c      **** 
  39:.\main.c      **** 
  40:.\main.c      **** 
  41:.\main.c      **** 
  42:.\main.c      **** 
  43:.\main.c      **** /* DMA Configuration for DMA_2 */
  44:.\main.c      **** #define DMA_2_BYTES_PER_BURST 1
  45:.\main.c      **** #define DMA_2_REQUEST_PER_BURST 1
  46:.\main.c      **** #define DMA_2_SRC_BASE (CYDEV_PERIPH_BASE)
  47:.\main.c      **** #define DMA_2_DST_BASE (CYDEV_PERIPH_BASE)
  48:.\main.c      **** 
  49:.\main.c      **** 
  50:.\main.c      **** 
  51:.\main.c      **** void DMA_Config(void);
  52:.\main.c      **** uint32 buffer[buffersize];
  53:.\main.c      **** 
  54:.\main.c      **** 
  55:.\main.c      **** /*******************************************************************************
  56:.\main.c      **** * Interrupt
  57:.\main.c      **** ********************************************************************************
  58:.\main.c      **** * Interrupt generated on Filter sample-ready. Interrupt handle:filterVDAC
  59:.\main.c      **** *
  60:.\main.c      **** * Summary:
  61:.\main.c      **** *  The interrupt performs following functions:
  62:.\main.c      **** *   1: Reads the left-justified register for Filter Channel A
  63:.\main.c      **** *   2: Converts it into an unsigned value
  64:.\main.c      **** *   3: Writes this value to VDAC
  65:.\main.c      **** *
  66:.\main.c      **** *******************************************************************************/
  67:.\main.c      **** //CY_ISR(filterVDAC)
  68:.\main.c      **** //{
  69:.\main.c      **** //    /* Convert the 2's complement value to an unsigned 8-bit value
  70:.\main.c      **** //     * The VDAC expects an unsigned 8-bit value as input.
  71:.\main.c      **** //     */
  72:.\main.c      **** //	VDAC8_SetValue(Filter_Read8(Filter_CHANNEL_A) + 128u);
  73:.\main.c      **** //}
  74:.\main.c      **** 
  75:.\main.c      **** 
  76:.\main.c      **** /*******************************************************************************
  77:.\main.c      **** * Function Name: main
  78:.\main.c      **** ********************************************************************************
  79:.\main.c      **** *
  80:.\main.c      **** * Summary:
  81:.\main.c      **** *  Main function performs following functions:
  82:.\main.c      **** *   1: Enables global interrupts
  83:.\main.c      **** *   2: Start all components on the schematic
  84:.\main.c      **** *   3: Calls a function to configure DMA
  85:.\main.c      **** 
  86:.\main.c      **** * Parameters:
  87:.\main.c      **** *  None.
ARM GAS  C:\Users\SCOTTC~1\AppData\Local\Temp\ccX3tc9e.s 			page 3


  88:.\main.c      **** *
  89:.\main.c      **** * Return:
  90:.\main.c      **** *  None.
  91:.\main.c      **** *
  92:.\main.c      **** *******************************************************************************/
  93:.\main.c      **** int main()
  94:.\main.c      **** {
  28              		.loc 1 94 0
  29              		.cfi_startproc
  30              		@ args = 0, pretend = 0, frame = 0
  31              		@ frame_needed = 1, uses_anonymous_args = 0
  32 0000 80B5     		push	{r7, lr}
  33              		.cfi_def_cfa_offset 8
  34              		.cfi_offset 7, -8
  35              		.cfi_offset 14, -4
  36 0002 00AF     		add	r7, sp, #0
  37              		.cfi_def_cfa_register 7
  95:.\main.c      ****     /* Start all components used on schematic */
  96:.\main.c      ****     ADC_DelSig_IRQ_Start();
  38              		.loc 1 96 0
  39 0004 FFF7FEFF 		bl	ADC_DelSig_IRQ_Start
  97:.\main.c      ****     //isr_StartEx(filterVDAC);
  98:.\main.c      ****     ADC_DelSig_Start();
  40              		.loc 1 98 0
  41 0008 FFF7FEFF 		bl	ADC_DelSig_Start
  99:.\main.c      ****     ADC_DelSig_StartConvert();
  42              		.loc 1 99 0
  43 000c FFF7FEFF 		bl	ADC_DelSig_StartConvert
 100:.\main.c      ****     VDAC8_Start();
  44              		.loc 1 100 0
  45 0010 FFF7FEFF 		bl	VDAC8_Start
 101:.\main.c      ****     //Opamp_Start();
 102:.\main.c      ****     Filter_Start();
  46              		.loc 1 102 0
  47 0014 FFF7FEFF 		bl	Filter_Start
 103:.\main.c      **** 
 104:.\main.c      ****     /* User-implemented function to set-up DMA */
 105:.\main.c      ****     DMA_Config();
  48              		.loc 1 105 0
  49 0018 FFF7FEFF 		bl	DMA_Config
 106:.\main.c      **** 
 107:.\main.c      ****     /* Enable Global Interrupts */
 108:.\main.c      ****     CYGlobalIntEnable;
  50              		.loc 1 108 0
  51              	@ 108 ".\main.c" 1
  52 001c 62B6     		CPSIE   i
  53              	@ 0 "" 2
  54              		.thumb
  55              	.L2:
 109:.\main.c      **** 
 110:.\main.c      ****     for(;;)
 111:.\main.c      ****     {
 112:.\main.c      ****     }
  56              		.loc 1 112 0 discriminator 1
  57 001e FEE7     		b	.L2
  58              		.cfi_endproc
  59              	.LFE63:
ARM GAS  C:\Users\SCOTTC~1\AppData\Local\Temp\ccX3tc9e.s 			page 4


  60              		.size	main, .-main
  61              		.section	.text.DMA_Config,"ax",%progbits
  62              		.align	2
  63              		.global	DMA_Config
  64              		.thumb
  65              		.thumb_func
  66              		.type	DMA_Config, %function
  67              	DMA_Config:
  68              	.LFB64:
 113:.\main.c      **** } /* End of main */
 114:.\main.c      **** 
 115:.\main.c      **** 
 116:.\main.c      **** /*******************************************************************************
 117:.\main.c      **** * Function Name: DMA_Config
 118:.\main.c      **** ********************************************************************************
 119:.\main.c      **** *
 120:.\main.c      **** * Summary:
 121:.\main.c      **** *  Initializes and sets up DMA for use (generated by DMA Wizard)
 122:.\main.c      **** *
 123:.\main.c      **** * Parameters:
 124:.\main.c      **** *  None.
 125:.\main.c      **** *
 126:.\main.c      **** * Return:
 127:.\main.c      **** *  None.
 128:.\main.c      **** *
 129:.\main.c      **** *******************************************************************************/
 130:.\main.c      **** void DMA_Config(void)
 131:.\main.c      **** {
  69              		.loc 1 131 0
  70              		.cfi_startproc
  71              		@ args = 0, pretend = 0, frame = 16
  72              		@ frame_needed = 1, uses_anonymous_args = 0
  73 0000 80B5     		push	{r7, lr}
  74              		.cfi_def_cfa_offset 8
  75              		.cfi_offset 7, -8
  76              		.cfi_offset 14, -4
  77 0002 84B0     		sub	sp, sp, #16
  78              		.cfi_def_cfa_offset 24
  79 0004 00AF     		add	r7, sp, #0
  80              		.cfi_def_cfa_register 7
 132:.\main.c      ****     /* Declare variable to hold the handle for DMA channel */
 133:.\main.c      ****     uint8 channelHandle;
 134:.\main.c      **** 
 135:.\main.c      ****     /* Declare DMA Transaction Descriptor for memory transfer into
 136:.\main.c      ****      * Filter Channel.
 137:.\main.c      ****      */
 138:.\main.c      ****     uint8 tdChanA;
 139:.\main.c      **** 
 140:.\main.c      ****     /* Configure the DMA to Transfer the data in 1 burst with individual trigger
 141:.\main.c      ****      * for each burst.
 142:.\main.c      ****      */
 143:.\main.c      ****     channelHandle = DMA_DmaInitialize(BYTES_PER_BURST, REQUEST_PER_BURST,
  81              		.loc 1 143 0
  82 0006 0120     		movs	r0, #1
  83 0008 0121     		movs	r1, #1
  84 000a 4FF48042 		mov	r2, #16384
  85 000e 4FF48043 		mov	r3, #16384
ARM GAS  C:\Users\SCOTTC~1\AppData\Local\Temp\ccX3tc9e.s 			page 5


  86 0012 FFF7FEFF 		bl	DMA_DmaInitialize
  87 0016 0346     		mov	r3, r0
  88 0018 FB73     		strb	r3, [r7, #15]
 144:.\main.c      ****                                         HI16(UPPER_SRC_ADDRESS), HI16(UPPER_DEST_ADDRESS));
 145:.\main.c      **** 
 146:.\main.c      ****     /* This function allocates a TD for use with an initialized DMA channel */
 147:.\main.c      ****     tdChanA = CyDmaTdAllocate();
  89              		.loc 1 147 0
  90 001a FFF7FEFF 		bl	CyDmaTdAllocate
  91 001e 0346     		mov	r3, r0
  92 0020 BB73     		strb	r3, [r7, #14]
 148:.\main.c      **** 
 149:.\main.c      ****     /* Configure the tdChanA to transfer 1 byte with no next TD */
 150:.\main.c      ****     CyDmaTdSetConfiguration(tdChanA, 1u, DMA_INVALID_TD, 0u);
  93              		.loc 1 150 0
  94 0022 BB7B     		ldrb	r3, [r7, #14]	@ zero_extendqisi2
  95 0024 1846     		mov	r0, r3
  96 0026 0121     		movs	r1, #1
  97 0028 FF22     		movs	r2, #255
  98 002a 0023     		movs	r3, #0
  99 002c FFF7FEFF 		bl	CyDmaTdSetConfiguration
 151:.\main.c      **** 
 152:.\main.c      ****     /* Set the source address as ADC_DelSig and the destination as
 153:.\main.c      ****      * Filter Channel A.
 154:.\main.c      ****      */
 155:.\main.c      ****     CyDmaTdSetAddress(tdChanA, LO16((uint32)ADC_DelSig_DEC_SAMP_PTR), LO16((uint32)Filter_STAGEAH_P
 100              		.loc 1 155 0
 101 0030 BB7B     		ldrb	r3, [r7, #14]	@ zero_extendqisi2
 102 0032 1846     		mov	r0, r3
 103 0034 44F61061 		movw	r1, #19984
 104 0038 4CF2A272 		movw	r2, #51106
 105 003c FFF7FEFF 		bl	CyDmaTdSetAddress
 156:.\main.c      **** 
 157:.\main.c      ****     /* Set tdChanA to be the initial TD associated with channelHandle */
 158:.\main.c      ****     CyDmaChSetInitialTd(channelHandle, tdChanA);
 106              		.loc 1 158 0
 107 0040 FA7B     		ldrb	r2, [r7, #15]	@ zero_extendqisi2
 108 0042 BB7B     		ldrb	r3, [r7, #14]	@ zero_extendqisi2
 109 0044 1046     		mov	r0, r2
 110 0046 1946     		mov	r1, r3
 111 0048 FFF7FEFF 		bl	CyDmaChSetInitialTd
 159:.\main.c      **** 
 160:.\main.c      ****     /* Enable the DMA channel represented by channelHandle and preserve the TD */
 161:.\main.c      ****     CyDmaChEnable(channelHandle, 1u);
 112              		.loc 1 161 0
 113 004c FB7B     		ldrb	r3, [r7, #15]	@ zero_extendqisi2
 114 004e 1846     		mov	r0, r3
 115 0050 0121     		movs	r1, #1
 116 0052 FFF7FEFF 		bl	CyDmaChEnable
 162:.\main.c      ****     
 163:.\main.c      ****     
 164:.\main.c      ****     uint8 DMA_1_Chan;
 165:.\main.c      **** uint8 DMA_1_TD[1];
 166:.\main.c      ****     
 167:.\main.c      ****    
 168:.\main.c      **** DMA_1_Chan = DMA_1_DmaInitialize(DMA_1_BYTES_PER_BURST, DMA_1_REQUEST_PER_BURST, 
 117              		.loc 1 168 0
ARM GAS  C:\Users\SCOTTC~1\AppData\Local\Temp\ccX3tc9e.s 			page 6


 118 0056 0420     		movs	r0, #4
 119 0058 0121     		movs	r1, #1
 120 005a 4FF48042 		mov	r2, #16384
 121 005e 41F6FF73 		movw	r3, #8191
 122 0062 FFF7FEFF 		bl	DMA_1_DmaInitialize
 123 0066 0346     		mov	r3, r0
 124 0068 7B73     		strb	r3, [r7, #13]
 169:.\main.c      ****     HI16(DMA_1_SRC_BASE), HI16(DMA_1_DST_BASE));
 170:.\main.c      **** DMA_1_TD[0] = CyDmaTdAllocate();
 125              		.loc 1 170 0
 126 006a FFF7FEFF 		bl	CyDmaTdAllocate
 127 006e 0346     		mov	r3, r0
 128 0070 3B72     		strb	r3, [r7, #8]
 171:.\main.c      **** CyDmaTdSetConfiguration(DMA_1_TD[0], buffersize, CY_DMA_DISABLE_TD, TD_INC_DST_ADR);
 129              		.loc 1 171 0
 130 0072 3B7A     		ldrb	r3, [r7, #8]	@ zero_extendqisi2
 131 0074 1846     		mov	r0, r3
 132 0076 4FF48061 		mov	r1, #1024
 133 007a FE22     		movs	r2, #254
 134 007c 0223     		movs	r3, #2
 135 007e FFF7FEFF 		bl	CyDmaTdSetConfiguration
 172:.\main.c      **** CyDmaTdSetAddress(DMA_1_TD[0], LO16((uint32)Filter_HOLDA_PTR), LO16((uint32)buffer));
 136              		.loc 1 172 0
 137 0082 3A7A     		ldrb	r2, [r7, #8]	@ zero_extendqisi2
 138 0084 1E4B     		ldr	r3, .L4
 139 0086 9BB2     		uxth	r3, r3
 140 0088 1046     		mov	r0, r2
 141 008a 4CF2A871 		movw	r1, #51112
 142 008e 1A46     		mov	r2, r3
 143 0090 FFF7FEFF 		bl	CyDmaTdSetAddress
 173:.\main.c      **** CyDmaChSetInitialTd(DMA_1_Chan, DMA_1_TD[0]);
 144              		.loc 1 173 0
 145 0094 3B7A     		ldrb	r3, [r7, #8]	@ zero_extendqisi2
 146 0096 7A7B     		ldrb	r2, [r7, #13]	@ zero_extendqisi2
 147 0098 1046     		mov	r0, r2
 148 009a 1946     		mov	r1, r3
 149 009c FFF7FEFF 		bl	CyDmaChSetInitialTd
 174:.\main.c      **** CyDmaChEnable(DMA_1_Chan, 1);
 150              		.loc 1 174 0
 151 00a0 7B7B     		ldrb	r3, [r7, #13]	@ zero_extendqisi2
 152 00a2 1846     		mov	r0, r3
 153 00a4 0121     		movs	r1, #1
 154 00a6 FFF7FEFF 		bl	CyDmaChEnable
 175:.\main.c      **** 
 176:.\main.c      **** 
 177:.\main.c      **** 
 178:.\main.c      **** 
 179:.\main.c      **** 
 180:.\main.c      **** 
 181:.\main.c      **** /* Variable declarations for DMA_2 */
 182:.\main.c      **** /* Move these variable declarations to the top of the function */
 183:.\main.c      **** uint8 DMA_2_Chan;
 184:.\main.c      **** uint8 DMA_2_TD[1];
 185:.\main.c      **** 
 186:.\main.c      **** DMA_2_Chan = DMA_2_DmaInitialize(DMA_2_BYTES_PER_BURST, DMA_2_REQUEST_PER_BURST, 
 155              		.loc 1 186 0
 156 00aa 0120     		movs	r0, #1
ARM GAS  C:\Users\SCOTTC~1\AppData\Local\Temp\ccX3tc9e.s 			page 7


 157 00ac 0121     		movs	r1, #1
 158 00ae 4FF48042 		mov	r2, #16384
 159 00b2 4FF48043 		mov	r3, #16384
 160 00b6 FFF7FEFF 		bl	DMA_2_DmaInitialize
 161 00ba 0346     		mov	r3, r0
 162 00bc 3B73     		strb	r3, [r7, #12]
 187:.\main.c      ****     HI16(DMA_2_SRC_BASE), HI16(DMA_2_DST_BASE));
 188:.\main.c      **** DMA_2_TD[0] = CyDmaTdAllocate();
 163              		.loc 1 188 0
 164 00be FFF7FEFF 		bl	CyDmaTdAllocate
 165 00c2 0346     		mov	r3, r0
 166 00c4 3B71     		strb	r3, [r7, #4]
 189:.\main.c      **** CyDmaTdSetConfiguration(DMA_2_TD[0], 1, CY_DMA_DISABLE_TD, 0);
 167              		.loc 1 189 0
 168 00c6 3B79     		ldrb	r3, [r7, #4]	@ zero_extendqisi2
 169 00c8 1846     		mov	r0, r3
 170 00ca 0121     		movs	r1, #1
 171 00cc FE22     		movs	r2, #254
 172 00ce 0023     		movs	r3, #0
 173 00d0 FFF7FEFF 		bl	CyDmaTdSetConfiguration
 190:.\main.c      **** CyDmaTdSetAddress(DMA_2_TD[0], LO16((uint32)Filter_HOLDA_PTR), LO16((uint32)VDAC8_Data_PTR));
 174              		.loc 1 190 0
 175 00d4 3B79     		ldrb	r3, [r7, #4]	@ zero_extendqisi2
 176 00d6 1846     		mov	r0, r3
 177 00d8 4CF2A871 		movw	r1, #51112
 178 00dc 45F68232 		movw	r2, #23426
 179 00e0 FFF7FEFF 		bl	CyDmaTdSetAddress
 191:.\main.c      **** CyDmaChSetInitialTd(DMA_2_Chan, DMA_2_TD[0]);
 180              		.loc 1 191 0
 181 00e4 3B79     		ldrb	r3, [r7, #4]	@ zero_extendqisi2
 182 00e6 3A7B     		ldrb	r2, [r7, #12]	@ zero_extendqisi2
 183 00e8 1046     		mov	r0, r2
 184 00ea 1946     		mov	r1, r3
 185 00ec FFF7FEFF 		bl	CyDmaChSetInitialTd
 192:.\main.c      **** CyDmaChEnable(DMA_2_Chan, 1);
 186              		.loc 1 192 0
 187 00f0 3B7B     		ldrb	r3, [r7, #12]	@ zero_extendqisi2
 188 00f2 1846     		mov	r0, r3
 189 00f4 0121     		movs	r1, #1
 190 00f6 FFF7FEFF 		bl	CyDmaChEnable
 193:.\main.c      **** 
 194:.\main.c      **** 
 195:.\main.c      **** }
 191              		.loc 1 195 0
 192 00fa 1037     		adds	r7, r7, #16
 193 00fc BD46     		mov	sp, r7
 194              		@ sp needed
 195 00fe 80BD     		pop	{r7, pc}
 196              	.L5:
 197              		.align	2
 198              	.L4:
 199 0100 00000000 		.word	buffer
 200              		.cfi_endproc
 201              	.LFE64:
 202              		.size	DMA_Config, .-DMA_Config
 203              		.text
 204              	.Letext0:
ARM GAS  C:\Users\SCOTTC~1\AppData\Local\Temp\ccX3tc9e.s 			page 8


 205              		.file 2 "c:\\program files\\cypress\\psoc creator\\3.2\\psoc creator\\import\\gnu\\arm\\4.8.4\\arm
 206              		.file 3 "c:\\program files\\cypress\\psoc creator\\3.2\\psoc creator\\import\\gnu\\arm\\4.8.4\\arm
 207              		.file 4 "Generated_Source\\PSoC5/cytypes.h"
 208              		.file 5 "Generated_Source\\PSoC5/core_cm3.h"
 209              		.section	.debug_info,"",%progbits
 210              	.Ldebug_info0:
 211 0000 8E010000 		.4byte	0x18e
 212 0004 0400     		.2byte	0x4
 213 0006 00000000 		.4byte	.Ldebug_abbrev0
 214 000a 04       		.byte	0x4
 215 000b 01       		.uleb128 0x1
 216 000c 34010000 		.4byte	.LASF27
 217 0010 01       		.byte	0x1
 218 0011 29000000 		.4byte	.LASF28
 219 0015 91000000 		.4byte	.LASF29
 220 0019 00000000 		.4byte	.Ldebug_ranges0+0
 221 001d 00000000 		.4byte	0
 222 0021 00000000 		.4byte	.Ldebug_line0
 223 0025 02       		.uleb128 0x2
 224 0026 01       		.byte	0x1
 225 0027 06       		.byte	0x6
 226 0028 01020000 		.4byte	.LASF0
 227 002c 02       		.uleb128 0x2
 228 002d 01       		.byte	0x1
 229 002e 08       		.byte	0x8
 230 002f 43000000 		.4byte	.LASF1
 231 0033 02       		.uleb128 0x2
 232 0034 02       		.byte	0x2
 233 0035 05       		.byte	0x5
 234 0036 DC010000 		.4byte	.LASF2
 235 003a 02       		.uleb128 0x2
 236 003b 02       		.byte	0x2
 237 003c 07       		.byte	0x7
 238 003d 68000000 		.4byte	.LASF3
 239 0041 03       		.uleb128 0x3
 240 0042 0B000000 		.4byte	.LASF9
 241 0046 02       		.byte	0x2
 242 0047 37       		.byte	0x37
 243 0048 4C000000 		.4byte	0x4c
 244 004c 02       		.uleb128 0x2
 245 004d 04       		.byte	0x4
 246 004e 05       		.byte	0x5
 247 004f 15000000 		.4byte	.LASF4
 248 0053 02       		.uleb128 0x2
 249 0054 04       		.byte	0x4
 250 0055 07       		.byte	0x7
 251 0056 56000000 		.4byte	.LASF5
 252 005a 02       		.uleb128 0x2
 253 005b 08       		.byte	0x8
 254 005c 05       		.byte	0x5
 255 005d C9010000 		.4byte	.LASF6
 256 0061 02       		.uleb128 0x2
 257 0062 08       		.byte	0x8
 258 0063 07       		.byte	0x7
 259 0064 14010000 		.4byte	.LASF7
 260 0068 04       		.uleb128 0x4
 261 0069 04       		.byte	0x4
ARM GAS  C:\Users\SCOTTC~1\AppData\Local\Temp\ccX3tc9e.s 			page 9


 262 006a 05       		.byte	0x5
 263 006b 696E7400 		.ascii	"int\000"
 264 006f 02       		.uleb128 0x2
 265 0070 04       		.byte	0x4
 266 0071 07       		.byte	0x7
 267 0072 07010000 		.4byte	.LASF8
 268 0076 03       		.uleb128 0x3
 269 0077 B8010000 		.4byte	.LASF10
 270 007b 03       		.byte	0x3
 271 007c 41       		.byte	0x41
 272 007d 41000000 		.4byte	0x41
 273 0081 03       		.uleb128 0x3
 274 0082 ED010000 		.4byte	.LASF11
 275 0086 04       		.byte	0x4
 276 0087 B4       		.byte	0xb4
 277 0088 2C000000 		.4byte	0x2c
 278 008c 03       		.uleb128 0x3
 279 008d F9000000 		.4byte	.LASF12
 280 0091 04       		.byte	0x4
 281 0092 B5       		.byte	0xb5
 282 0093 3A000000 		.4byte	0x3a
 283 0097 03       		.uleb128 0x3
 284 0098 00010000 		.4byte	.LASF13
 285 009c 04       		.byte	0x4
 286 009d B6       		.byte	0xb6
 287 009e 53000000 		.4byte	0x53
 288 00a2 02       		.uleb128 0x2
 289 00a3 04       		.byte	0x4
 290 00a4 04       		.byte	0x4
 291 00a5 32000000 		.4byte	.LASF14
 292 00a9 02       		.uleb128 0x2
 293 00aa 08       		.byte	0x8
 294 00ab 04       		.byte	0x4
 295 00ac ED000000 		.4byte	.LASF15
 296 00b0 02       		.uleb128 0x2
 297 00b1 01       		.byte	0x1
 298 00b2 08       		.byte	0x8
 299 00b3 D7010000 		.4byte	.LASF16
 300 00b7 05       		.uleb128 0x5
 301 00b8 51000000 		.4byte	.LASF17
 302 00bc 04       		.byte	0x4
 303 00bd 5E01     		.2byte	0x15e
 304 00bf C3000000 		.4byte	0xc3
 305 00c3 06       		.uleb128 0x6
 306 00c4 81000000 		.4byte	0x81
 307 00c8 02       		.uleb128 0x2
 308 00c9 04       		.byte	0x4
 309 00ca 07       		.byte	0x7
 310 00cb C0010000 		.4byte	.LASF18
 311 00cf 07       		.uleb128 0x7
 312 00d0 F4000000 		.4byte	.LASF30
 313 00d4 01       		.byte	0x1
 314 00d5 5D       		.byte	0x5d
 315 00d6 68000000 		.4byte	0x68
 316 00da 00000000 		.4byte	.LFB63
 317 00de 20000000 		.4byte	.LFE63-.LFB63
 318 00e2 01       		.uleb128 0x1
ARM GAS  C:\Users\SCOTTC~1\AppData\Local\Temp\ccX3tc9e.s 			page 10


 319 00e3 9C       		.byte	0x9c
 320 00e4 08       		.uleb128 0x8
 321 00e5 1E000000 		.4byte	.LASF31
 322 00e9 01       		.byte	0x1
 323 00ea 82       		.byte	0x82
 324 00eb 00000000 		.4byte	.LFB64
 325 00ef 04010000 		.4byte	.LFE64-.LFB64
 326 00f3 01       		.uleb128 0x1
 327 00f4 9C       		.byte	0x9c
 328 00f5 4E010000 		.4byte	0x14e
 329 00f9 09       		.uleb128 0x9
 330 00fa F3010000 		.4byte	.LASF19
 331 00fe 01       		.byte	0x1
 332 00ff 85       		.byte	0x85
 333 0100 81000000 		.4byte	0x81
 334 0104 02       		.uleb128 0x2
 335 0105 91       		.byte	0x91
 336 0106 77       		.sleb128 -9
 337 0107 09       		.uleb128 0x9
 338 0108 B0010000 		.4byte	.LASF20
 339 010c 01       		.byte	0x1
 340 010d 8A       		.byte	0x8a
 341 010e 81000000 		.4byte	0x81
 342 0112 02       		.uleb128 0x2
 343 0113 91       		.byte	0x91
 344 0114 76       		.sleb128 -10
 345 0115 09       		.uleb128 0x9
 346 0116 00000000 		.4byte	.LASF21
 347 011a 01       		.byte	0x1
 348 011b A4       		.byte	0xa4
 349 011c 81000000 		.4byte	0x81
 350 0120 02       		.uleb128 0x2
 351 0121 91       		.byte	0x91
 352 0122 75       		.sleb128 -11
 353 0123 09       		.uleb128 0x9
 354 0124 7B000000 		.4byte	.LASF22
 355 0128 01       		.byte	0x1
 356 0129 A5       		.byte	0xa5
 357 012a 4E010000 		.4byte	0x14e
 358 012e 02       		.uleb128 0x2
 359 012f 91       		.byte	0x91
 360 0130 70       		.sleb128 -16
 361 0131 09       		.uleb128 0x9
 362 0132 38000000 		.4byte	.LASF23
 363 0136 01       		.byte	0x1
 364 0137 B7       		.byte	0xb7
 365 0138 81000000 		.4byte	0x81
 366 013c 02       		.uleb128 0x2
 367 013d 91       		.byte	0x91
 368 013e 74       		.sleb128 -12
 369 013f 09       		.uleb128 0x9
 370 0140 2B010000 		.4byte	.LASF24
 371 0144 01       		.byte	0x1
 372 0145 B8       		.byte	0xb8
 373 0146 4E010000 		.4byte	0x14e
 374 014a 02       		.uleb128 0x2
 375 014b 91       		.byte	0x91
ARM GAS  C:\Users\SCOTTC~1\AppData\Local\Temp\ccX3tc9e.s 			page 11


 376 014c 6C       		.sleb128 -20
 377 014d 00       		.byte	0
 378 014e 0A       		.uleb128 0xa
 379 014f 81000000 		.4byte	0x81
 380 0153 5E010000 		.4byte	0x15e
 381 0157 0B       		.uleb128 0xb
 382 0158 C8000000 		.4byte	0xc8
 383 015c 00       		.byte	0
 384 015d 00       		.byte	0
 385 015e 0C       		.uleb128 0xc
 386 015f 84000000 		.4byte	.LASF25
 387 0163 05       		.byte	0x5
 388 0164 2A06     		.2byte	0x62a
 389 0166 6A010000 		.4byte	0x16a
 390 016a 06       		.uleb128 0x6
 391 016b 76000000 		.4byte	0x76
 392 016f 0A       		.uleb128 0xa
 393 0170 97000000 		.4byte	0x97
 394 0174 80010000 		.4byte	0x180
 395 0178 0D       		.uleb128 0xd
 396 0179 C8000000 		.4byte	0xc8
 397 017d FF03     		.2byte	0x3ff
 398 017f 00       		.byte	0
 399 0180 0E       		.uleb128 0xe
 400 0181 E6010000 		.4byte	.LASF26
 401 0185 01       		.byte	0x1
 402 0186 34       		.byte	0x34
 403 0187 6F010000 		.4byte	0x16f
 404 018b 05       		.uleb128 0x5
 405 018c 03       		.byte	0x3
 406 018d 00000000 		.4byte	buffer
 407 0191 00       		.byte	0
 408              		.section	.debug_abbrev,"",%progbits
 409              	.Ldebug_abbrev0:
 410 0000 01       		.uleb128 0x1
 411 0001 11       		.uleb128 0x11
 412 0002 01       		.byte	0x1
 413 0003 25       		.uleb128 0x25
 414 0004 0E       		.uleb128 0xe
 415 0005 13       		.uleb128 0x13
 416 0006 0B       		.uleb128 0xb
 417 0007 03       		.uleb128 0x3
 418 0008 0E       		.uleb128 0xe
 419 0009 1B       		.uleb128 0x1b
 420 000a 0E       		.uleb128 0xe
 421 000b 55       		.uleb128 0x55
 422 000c 17       		.uleb128 0x17
 423 000d 11       		.uleb128 0x11
 424 000e 01       		.uleb128 0x1
 425 000f 10       		.uleb128 0x10
 426 0010 17       		.uleb128 0x17
 427 0011 00       		.byte	0
 428 0012 00       		.byte	0
 429 0013 02       		.uleb128 0x2
 430 0014 24       		.uleb128 0x24
 431 0015 00       		.byte	0
 432 0016 0B       		.uleb128 0xb
ARM GAS  C:\Users\SCOTTC~1\AppData\Local\Temp\ccX3tc9e.s 			page 12


 433 0017 0B       		.uleb128 0xb
 434 0018 3E       		.uleb128 0x3e
 435 0019 0B       		.uleb128 0xb
 436 001a 03       		.uleb128 0x3
 437 001b 0E       		.uleb128 0xe
 438 001c 00       		.byte	0
 439 001d 00       		.byte	0
 440 001e 03       		.uleb128 0x3
 441 001f 16       		.uleb128 0x16
 442 0020 00       		.byte	0
 443 0021 03       		.uleb128 0x3
 444 0022 0E       		.uleb128 0xe
 445 0023 3A       		.uleb128 0x3a
 446 0024 0B       		.uleb128 0xb
 447 0025 3B       		.uleb128 0x3b
 448 0026 0B       		.uleb128 0xb
 449 0027 49       		.uleb128 0x49
 450 0028 13       		.uleb128 0x13
 451 0029 00       		.byte	0
 452 002a 00       		.byte	0
 453 002b 04       		.uleb128 0x4
 454 002c 24       		.uleb128 0x24
 455 002d 00       		.byte	0
 456 002e 0B       		.uleb128 0xb
 457 002f 0B       		.uleb128 0xb
 458 0030 3E       		.uleb128 0x3e
 459 0031 0B       		.uleb128 0xb
 460 0032 03       		.uleb128 0x3
 461 0033 08       		.uleb128 0x8
 462 0034 00       		.byte	0
 463 0035 00       		.byte	0
 464 0036 05       		.uleb128 0x5
 465 0037 16       		.uleb128 0x16
 466 0038 00       		.byte	0
 467 0039 03       		.uleb128 0x3
 468 003a 0E       		.uleb128 0xe
 469 003b 3A       		.uleb128 0x3a
 470 003c 0B       		.uleb128 0xb
 471 003d 3B       		.uleb128 0x3b
 472 003e 05       		.uleb128 0x5
 473 003f 49       		.uleb128 0x49
 474 0040 13       		.uleb128 0x13
 475 0041 00       		.byte	0
 476 0042 00       		.byte	0
 477 0043 06       		.uleb128 0x6
 478 0044 35       		.uleb128 0x35
 479 0045 00       		.byte	0
 480 0046 49       		.uleb128 0x49
 481 0047 13       		.uleb128 0x13
 482 0048 00       		.byte	0
 483 0049 00       		.byte	0
 484 004a 07       		.uleb128 0x7
 485 004b 2E       		.uleb128 0x2e
 486 004c 00       		.byte	0
 487 004d 3F       		.uleb128 0x3f
 488 004e 19       		.uleb128 0x19
 489 004f 03       		.uleb128 0x3
ARM GAS  C:\Users\SCOTTC~1\AppData\Local\Temp\ccX3tc9e.s 			page 13


 490 0050 0E       		.uleb128 0xe
 491 0051 3A       		.uleb128 0x3a
 492 0052 0B       		.uleb128 0xb
 493 0053 3B       		.uleb128 0x3b
 494 0054 0B       		.uleb128 0xb
 495 0055 49       		.uleb128 0x49
 496 0056 13       		.uleb128 0x13
 497 0057 11       		.uleb128 0x11
 498 0058 01       		.uleb128 0x1
 499 0059 12       		.uleb128 0x12
 500 005a 06       		.uleb128 0x6
 501 005b 40       		.uleb128 0x40
 502 005c 18       		.uleb128 0x18
 503 005d 9642     		.uleb128 0x2116
 504 005f 19       		.uleb128 0x19
 505 0060 00       		.byte	0
 506 0061 00       		.byte	0
 507 0062 08       		.uleb128 0x8
 508 0063 2E       		.uleb128 0x2e
 509 0064 01       		.byte	0x1
 510 0065 3F       		.uleb128 0x3f
 511 0066 19       		.uleb128 0x19
 512 0067 03       		.uleb128 0x3
 513 0068 0E       		.uleb128 0xe
 514 0069 3A       		.uleb128 0x3a
 515 006a 0B       		.uleb128 0xb
 516 006b 3B       		.uleb128 0x3b
 517 006c 0B       		.uleb128 0xb
 518 006d 27       		.uleb128 0x27
 519 006e 19       		.uleb128 0x19
 520 006f 11       		.uleb128 0x11
 521 0070 01       		.uleb128 0x1
 522 0071 12       		.uleb128 0x12
 523 0072 06       		.uleb128 0x6
 524 0073 40       		.uleb128 0x40
 525 0074 18       		.uleb128 0x18
 526 0075 9642     		.uleb128 0x2116
 527 0077 19       		.uleb128 0x19
 528 0078 01       		.uleb128 0x1
 529 0079 13       		.uleb128 0x13
 530 007a 00       		.byte	0
 531 007b 00       		.byte	0
 532 007c 09       		.uleb128 0x9
 533 007d 34       		.uleb128 0x34
 534 007e 00       		.byte	0
 535 007f 03       		.uleb128 0x3
 536 0080 0E       		.uleb128 0xe
 537 0081 3A       		.uleb128 0x3a
 538 0082 0B       		.uleb128 0xb
 539 0083 3B       		.uleb128 0x3b
 540 0084 0B       		.uleb128 0xb
 541 0085 49       		.uleb128 0x49
 542 0086 13       		.uleb128 0x13
 543 0087 02       		.uleb128 0x2
 544 0088 18       		.uleb128 0x18
 545 0089 00       		.byte	0
 546 008a 00       		.byte	0
ARM GAS  C:\Users\SCOTTC~1\AppData\Local\Temp\ccX3tc9e.s 			page 14


 547 008b 0A       		.uleb128 0xa
 548 008c 01       		.uleb128 0x1
 549 008d 01       		.byte	0x1
 550 008e 49       		.uleb128 0x49
 551 008f 13       		.uleb128 0x13
 552 0090 01       		.uleb128 0x1
 553 0091 13       		.uleb128 0x13
 554 0092 00       		.byte	0
 555 0093 00       		.byte	0
 556 0094 0B       		.uleb128 0xb
 557 0095 21       		.uleb128 0x21
 558 0096 00       		.byte	0
 559 0097 49       		.uleb128 0x49
 560 0098 13       		.uleb128 0x13
 561 0099 2F       		.uleb128 0x2f
 562 009a 0B       		.uleb128 0xb
 563 009b 00       		.byte	0
 564 009c 00       		.byte	0
 565 009d 0C       		.uleb128 0xc
 566 009e 34       		.uleb128 0x34
 567 009f 00       		.byte	0
 568 00a0 03       		.uleb128 0x3
 569 00a1 0E       		.uleb128 0xe
 570 00a2 3A       		.uleb128 0x3a
 571 00a3 0B       		.uleb128 0xb
 572 00a4 3B       		.uleb128 0x3b
 573 00a5 05       		.uleb128 0x5
 574 00a6 49       		.uleb128 0x49
 575 00a7 13       		.uleb128 0x13
 576 00a8 3F       		.uleb128 0x3f
 577 00a9 19       		.uleb128 0x19
 578 00aa 3C       		.uleb128 0x3c
 579 00ab 19       		.uleb128 0x19
 580 00ac 00       		.byte	0
 581 00ad 00       		.byte	0
 582 00ae 0D       		.uleb128 0xd
 583 00af 21       		.uleb128 0x21
 584 00b0 00       		.byte	0
 585 00b1 49       		.uleb128 0x49
 586 00b2 13       		.uleb128 0x13
 587 00b3 2F       		.uleb128 0x2f
 588 00b4 05       		.uleb128 0x5
 589 00b5 00       		.byte	0
 590 00b6 00       		.byte	0
 591 00b7 0E       		.uleb128 0xe
 592 00b8 34       		.uleb128 0x34
 593 00b9 00       		.byte	0
 594 00ba 03       		.uleb128 0x3
 595 00bb 0E       		.uleb128 0xe
 596 00bc 3A       		.uleb128 0x3a
 597 00bd 0B       		.uleb128 0xb
 598 00be 3B       		.uleb128 0x3b
 599 00bf 0B       		.uleb128 0xb
 600 00c0 49       		.uleb128 0x49
 601 00c1 13       		.uleb128 0x13
 602 00c2 3F       		.uleb128 0x3f
 603 00c3 19       		.uleb128 0x19
ARM GAS  C:\Users\SCOTTC~1\AppData\Local\Temp\ccX3tc9e.s 			page 15


 604 00c4 02       		.uleb128 0x2
 605 00c5 18       		.uleb128 0x18
 606 00c6 00       		.byte	0
 607 00c7 00       		.byte	0
 608 00c8 00       		.byte	0
 609              		.section	.debug_aranges,"",%progbits
 610 0000 24000000 		.4byte	0x24
 611 0004 0200     		.2byte	0x2
 612 0006 00000000 		.4byte	.Ldebug_info0
 613 000a 04       		.byte	0x4
 614 000b 00       		.byte	0
 615 000c 0000     		.2byte	0
 616 000e 0000     		.2byte	0
 617 0010 00000000 		.4byte	.LFB63
 618 0014 20000000 		.4byte	.LFE63-.LFB63
 619 0018 00000000 		.4byte	.LFB64
 620 001c 04010000 		.4byte	.LFE64-.LFB64
 621 0020 00000000 		.4byte	0
 622 0024 00000000 		.4byte	0
 623              		.section	.debug_ranges,"",%progbits
 624              	.Ldebug_ranges0:
 625 0000 00000000 		.4byte	.LFB63
 626 0004 20000000 		.4byte	.LFE63
 627 0008 00000000 		.4byte	.LFB64
 628 000c 04010000 		.4byte	.LFE64
 629 0010 00000000 		.4byte	0
 630 0014 00000000 		.4byte	0
 631              		.section	.debug_line,"",%progbits
 632              	.Ldebug_line0:
 633 0000 86010000 		.section	.debug_str,"MS",%progbits,1
 633      02003D01 
 633      00000201 
 633      FB0E0D00 
 633      01010101 
 634              	.LASF21:
 635 0000 444D415F 		.ascii	"DMA_1_Chan\000"
 635      315F4368 
 635      616E00
 636              	.LASF9:
 637 000b 5F5F696E 		.ascii	"__int32_t\000"
 637      7433325F 
 637      7400
 638              	.LASF4:
 639 0015 6C6F6E67 		.ascii	"long int\000"
 639      20696E74 
 639      00
 640              	.LASF31:
 641 001e 444D415F 		.ascii	"DMA_Config\000"
 641      436F6E66 
 641      696700
 642              	.LASF28:
 643 0029 2E5C6D61 		.ascii	".\\main.c\000"
 643      696E2E63 
 643      00
 644              	.LASF14:
 645 0032 666C6F61 		.ascii	"float\000"
 645      7400
ARM GAS  C:\Users\SCOTTC~1\AppData\Local\Temp\ccX3tc9e.s 			page 16


 646              	.LASF23:
 647 0038 444D415F 		.ascii	"DMA_2_Chan\000"
 647      325F4368 
 647      616E00
 648              	.LASF1:
 649 0043 756E7369 		.ascii	"unsigned char\000"
 649      676E6564 
 649      20636861 
 649      7200
 650              	.LASF17:
 651 0051 72656738 		.ascii	"reg8\000"
 651      00
 652              	.LASF5:
 653 0056 6C6F6E67 		.ascii	"long unsigned int\000"
 653      20756E73 
 653      69676E65 
 653      6420696E 
 653      7400
 654              	.LASF3:
 655 0068 73686F72 		.ascii	"short unsigned int\000"
 655      7420756E 
 655      7369676E 
 655      65642069 
 655      6E7400
 656              	.LASF22:
 657 007b 444D415F 		.ascii	"DMA_1_TD\000"
 657      315F5444 
 657      00
 658              	.LASF25:
 659 0084 49544D5F 		.ascii	"ITM_RxBuffer\000"
 659      52784275 
 659      66666572 
 659      00
 660              	.LASF29:
 661 0091 5A3A5C73 		.ascii	"Z:\\scottcarlson On My Mac\\Code\\PSoC_Creator\\Des"
 661      636F7474 
 661      6361726C 
 661      736F6E20 
 661      4F6E204D 
 662 00c0 69676E30 		.ascii	"ign01\\Design01.cydsn\\Filter_ADC_VDAC01.cydsn\000"
 662      315C4465 
 662      7369676E 
 662      30312E63 
 662      7964736E 
 663              	.LASF15:
 664 00ed 646F7562 		.ascii	"double\000"
 664      6C6500
 665              	.LASF30:
 666 00f4 6D61696E 		.ascii	"main\000"
 666      00
 667              	.LASF12:
 668 00f9 75696E74 		.ascii	"uint16\000"
 668      313600
 669              	.LASF13:
 670 0100 75696E74 		.ascii	"uint32\000"
 670      333200
 671              	.LASF8:
ARM GAS  C:\Users\SCOTTC~1\AppData\Local\Temp\ccX3tc9e.s 			page 17


 672 0107 756E7369 		.ascii	"unsigned int\000"
 672      676E6564 
 672      20696E74 
 672      00
 673              	.LASF7:
 674 0114 6C6F6E67 		.ascii	"long long unsigned int\000"
 674      206C6F6E 
 674      6720756E 
 674      7369676E 
 674      65642069 
 675              	.LASF24:
 676 012b 444D415F 		.ascii	"DMA_2_TD\000"
 676      325F5444 
 676      00
 677              	.LASF27:
 678 0134 474E5520 		.ascii	"GNU C 4.8.4 20140526 (release) [ARM/embedded-4_8-br"
 678      4320342E 
 678      382E3420 
 678      32303134 
 678      30353236 
 679 0167 616E6368 		.ascii	"anch revision 211358] -mcpu=cortex-m3 -mthumb -g -O"
 679      20726576 
 679      6973696F 
 679      6E203231 
 679      31333538 
 680 019a 30202D66 		.ascii	"0 -ffunction-sections\000"
 680      66756E63 
 680      74696F6E 
 680      2D736563 
 680      74696F6E 
 681              	.LASF20:
 682 01b0 74644368 		.ascii	"tdChanA\000"
 682      616E4100 
 683              	.LASF10:
 684 01b8 696E7433 		.ascii	"int32_t\000"
 684      325F7400 
 685              	.LASF18:
 686 01c0 73697A65 		.ascii	"sizetype\000"
 686      74797065 
 686      00
 687              	.LASF6:
 688 01c9 6C6F6E67 		.ascii	"long long int\000"
 688      206C6F6E 
 688      6720696E 
 688      7400
 689              	.LASF16:
 690 01d7 63686172 		.ascii	"char\000"
 690      00
 691              	.LASF2:
 692 01dc 73686F72 		.ascii	"short int\000"
 692      7420696E 
 692      7400
 693              	.LASF26:
 694 01e6 62756666 		.ascii	"buffer\000"
 694      657200
 695              	.LASF11:
 696 01ed 75696E74 		.ascii	"uint8\000"
ARM GAS  C:\Users\SCOTTC~1\AppData\Local\Temp\ccX3tc9e.s 			page 18


 696      3800
 697              	.LASF19:
 698 01f3 6368616E 		.ascii	"channelHandle\000"
 698      6E656C48 
 698      616E646C 
 698      6500
 699              	.LASF0:
 700 0201 7369676E 		.ascii	"signed char\000"
 700      65642063 
 700      68617200 
 701              		.ident	"GCC: (GNU Tools for ARM Embedded Processors) 4.8.4 20140526 (release) [ARM/embedded-4_8-br
