ARM GAS  C:\Users\SCOTTC~1\AppData\Local\Temp\ccDMrVNp.s 			page 1


   1              		.syntax unified
   2              		.cpu cortex-m3
   3              		.fpu softvfp
   4              		.eabi_attribute 20, 1
   5              		.eabi_attribute 21, 1
   6              		.eabi_attribute 23, 3
   7              		.eabi_attribute 24, 1
   8              		.eabi_attribute 25, 1
   9              		.eabi_attribute 26, 1
  10              		.eabi_attribute 30, 6
  11              		.eabi_attribute 34, 1
  12              		.eabi_attribute 18, 4
  13              		.thumb
  14              		.file	"main.c"
  15              		.text
  16              	.Ltext0:
  17              		.cfi_sections	.debug_frame
  18              		.comm	Com_Data,1,1
  19              		.comm	InString,128,4
  20              		.comm	ch,1,1
  21              		.global	count
  22              		.bss
  23              		.type	count, %object
  24              		.size	count, 1
  25              	count:
  26 0000 00       		.space	1
  27              		.comm	buff,128,4
  28              		.section	.text.UART_ISR,"ax",%progbits
  29              		.align	2
  30              		.global	UART_ISR
  31              		.thumb
  32              		.thumb_func
  33              		.type	UART_ISR, %function
  34              	UART_ISR:
  35              	.LFB56:
  36              		.file 1 ".\\Data_and_Func.h"
   1:.\Data_and_Func.h **** #include <project.h>
   2:.\Data_and_Func.h **** //#include <stdio.h>   /* sprintf() */
   3:.\Data_and_Func.h **** 
   4:.\Data_and_Func.h **** uint8 Com_Data;         // data in RX
   5:.\Data_and_Func.h **** char InString[128];
   6:.\Data_and_Func.h **** 
   7:.\Data_and_Func.h **** char8 ch;       /* Data received from the Serial port */
   8:.\Data_and_Func.h **** uint8 count = 0u;
   9:.\Data_and_Func.h ****    // uint8 pos = 0u;
  10:.\Data_and_Func.h **** char buff[128];			// buffer of RX
  11:.\Data_and_Func.h **** 	
  12:.\Data_and_Func.h **** CY_ISR_PROTO(UART_ISR);
  13:.\Data_and_Func.h **** CY_ISR(UART_ISR) 
  14:.\Data_and_Func.h **** 	{ Com_Data=1; } 
  37              		.loc 1 14 0
  38              		.cfi_startproc
  39              		@ args = 0, pretend = 0, frame = 0
  40              		@ frame_needed = 1, uses_anonymous_args = 0
  41              		@ link register save eliminated.
  42 0000 80B4     		push	{r7}
  43              		.cfi_def_cfa_offset 4
ARM GAS  C:\Users\SCOTTC~1\AppData\Local\Temp\ccDMrVNp.s 			page 2


  44              		.cfi_offset 7, -4
  45 0002 00AF     		add	r7, sp, #0
  46              		.cfi_def_cfa_register 7
  47              		.loc 1 14 0
  48 0004 034B     		ldr	r3, .L2
  49 0006 0122     		movs	r2, #1
  50 0008 1A70     		strb	r2, [r3]
  51 000a BD46     		mov	sp, r7
  52              		@ sp needed
  53 000c 5DF8047B 		ldr	r7, [sp], #4
  54 0010 7047     		bx	lr
  55              	.L3:
  56 0012 00BF     		.align	2
  57              	.L2:
  58 0014 00000000 		.word	Com_Data
  59              		.cfi_endproc
  60              	.LFE56:
  61              		.size	UART_ISR, .-UART_ISR
  62              		.section	.text.findUntil,"ax",%progbits
  63              		.align	2
  64              		.global	findUntil
  65              		.thumb
  66              		.thumb_func
  67              		.type	findUntil, %function
  68              	findUntil:
  69              	.LFB57:
  15:.\Data_and_Func.h **** 
  16:.\Data_and_Func.h **** //***********************************************************************//	
  17:.\Data_and_Func.h **** uint16  findUntil(char *target, char *terminate)				// from SoftwareSerial.h  (arduino)
  18:.\Data_and_Func.h **** {
  70              		.loc 1 18 0
  71              		.cfi_startproc
  72              		@ args = 0, pretend = 0, frame = 16
  73              		@ frame_needed = 1, uses_anonymous_args = 0
  74 0000 80B5     		push	{r7, lr}
  75              		.cfi_def_cfa_offset 8
  76              		.cfi_offset 7, -8
  77              		.cfi_offset 14, -4
  78 0002 84B0     		sub	sp, sp, #16
  79              		.cfi_def_cfa_offset 24
  80 0004 00AF     		add	r7, sp, #0
  81              		.cfi_def_cfa_register 7
  82 0006 7860     		str	r0, [r7, #4]
  83 0008 3960     		str	r1, [r7]
  19:.\Data_and_Func.h **** uint8 targetLen = strlen(target); 								// –î–ª–∏–Ω–∞ –∏—Å–∫–æ–º–æ–≥–æ —Ñ—Ä–∞–≥–º–µ–Ω—Ç–∞
  84              		.loc 1 19 0
  85 000a 7868     		ldr	r0, [r7, #4]
  86 000c FFF7FEFF 		bl	strlen
  87 0010 0346     		mov	r3, r0
  88 0012 7B73     		strb	r3, [r7, #13]
  20:.\Data_and_Func.h **** uint8 index = 0;  												// maximum target string length is 255 bytes
  89              		.loc 1 20 0
  90 0014 0023     		movs	r3, #0
  91 0016 FB73     		strb	r3, [r7, #15]
  21:.\Data_and_Func.h **** uint8 termIndex = 0;											// –ø–æ–∑–∏—Ü–∏—è 
  92              		.loc 1 21 0
  93 0018 0023     		movs	r3, #0
ARM GAS  C:\Users\SCOTTC~1\AppData\Local\Temp\ccDMrVNp.s 			page 3


  94 001a BB73     		strb	r3, [r7, #14]
  22:.\Data_and_Func.h **** uint8 termLen = (terminate == NULL ? 0 : strlen(terminate));	// –¥–ª–∏–Ω–∞ –ø—Ä–∏–∑–Ω–∞–∫–∞  –∫–æ–Ω
  95              		.loc 1 22 0
  96 001c 3B68     		ldr	r3, [r7]
  97 001e 002B     		cmp	r3, #0
  98 0020 05D0     		beq	.L5
  99              		.loc 1 22 0 is_stmt 0 discriminator 1
 100 0022 3868     		ldr	r0, [r7]
 101 0024 FFF7FEFF 		bl	strlen
 102 0028 0346     		mov	r3, r0
 103 002a DBB2     		uxtb	r3, r3
 104 002c 00E0     		b	.L6
 105              	.L5:
 106              		.loc 1 22 0 discriminator 2
 107 002e 0023     		movs	r3, #0
 108              	.L6:
 109              		.loc 1 22 0 discriminator 3
 110 0030 3B73     		strb	r3, [r7, #12]
  23:.\Data_and_Func.h **** char c;															// —Ç–µ–∫—É—â–∏–π —Å–∏–º–≤–æ–ª
  24:.\Data_and_Func.h **** 	while( (c = UART_GetChar()) != 0)									// —á–∏—Ç–∞–µ–º UART    
 111              		.loc 1 24 0 is_stmt 1 discriminator 3
 112 0032 27E0     		b	.L7
 113              	.L13:
  25:.\Data_and_Func.h **** 	{  // —ç—Ç–æ —ç–ª–µ–º–µ–Ω—Ç[index] –∏—Å–∫–æ–º–æ–π —Å—Ç—Ä–æ–∫–∏?  
  26:.\Data_and_Func.h ****       if( c == target[index]){  if(++index >= targetLen){  return 1; }}	// return true –µ—Å–ª–∏ –≤—
 114              		.loc 1 26 0
 115 0034 FB7B     		ldrb	r3, [r7, #15]	@ zero_extendqisi2
 116 0036 7A68     		ldr	r2, [r7, #4]
 117 0038 1344     		add	r3, r3, r2
 118 003a 1B78     		ldrb	r3, [r3]	@ zero_extendqisi2
 119 003c FA7A     		ldrb	r2, [r7, #11]	@ zero_extendqisi2
 120 003e 9A42     		cmp	r2, r3
 121 0040 08D1     		bne	.L8
 122              		.loc 1 26 0 is_stmt 0 discriminator 1
 123 0042 FB7B     		ldrb	r3, [r7, #15]
 124 0044 0133     		adds	r3, r3, #1
 125 0046 FB73     		strb	r3, [r7, #15]
 126 0048 FA7B     		ldrb	r2, [r7, #15]	@ zero_extendqisi2
 127 004a 7B7B     		ldrb	r3, [r7, #13]	@ zero_extendqisi2
 128 004c 9A42     		cmp	r2, r3
 129 004e 03D3     		bcc	.L9
 130 0050 0123     		movs	r3, #1
 131 0052 1FE0     		b	.L10
 132              	.L8:
  27:.\Data_and_Func.h ****       else  index = 0;   //..........................    				// –Ω–µ —Ç–æ—Ç —Ñ—Ä–∞–≥–º–µ–Ω—Ç - –æ–±
 133              		.loc 1 27 0 is_stmt 1
 134 0054 0023     		movs	r3, #0
 135 0056 FB73     		strb	r3, [r7, #15]
 136              	.L9:
  28:.\Data_and_Func.h **** 
  29:.\Data_and_Func.h **** 	  if(termLen > 0 && c == terminate[termIndex]) 						// –Ω–∞–π–¥–µ–Ω —ç–ª–µ–º–µ–Ω—Ç[index] –ø—Ä–∏–
 137              		.loc 1 29 0
 138 0058 3B7B     		ldrb	r3, [r7, #12]	@ zero_extendqisi2
 139 005a 002B     		cmp	r3, #0
 140 005c 10D0     		beq	.L11
 141              		.loc 1 29 0 is_stmt 0 discriminator 1
 142 005e BB7B     		ldrb	r3, [r7, #14]	@ zero_extendqisi2
ARM GAS  C:\Users\SCOTTC~1\AppData\Local\Temp\ccDMrVNp.s 			page 4


 143 0060 3A68     		ldr	r2, [r7]
 144 0062 1344     		add	r3, r3, r2
 145 0064 1B78     		ldrb	r3, [r3]	@ zero_extendqisi2
 146 0066 FA7A     		ldrb	r2, [r7, #11]	@ zero_extendqisi2
 147 0068 9A42     		cmp	r2, r3
 148 006a 09D1     		bne	.L11
  30:.\Data_and_Func.h **** 			{ if(++termIndex >= termLen)  return 2;   }		 			// –∫–æ–Ω—Ü —Å—Ç—Ä–æ–∫–∏ –Ω–∞–π–¥–µ–Ω, –∏—Å–∫–æ
 149              		.loc 1 30 0 is_stmt 1
 150 006c BB7B     		ldrb	r3, [r7, #14]
 151 006e 0133     		adds	r3, r3, #1
 152 0070 BB73     		strb	r3, [r7, #14]
 153 0072 BA7B     		ldrb	r2, [r7, #14]	@ zero_extendqisi2
 154 0074 3B7B     		ldrb	r3, [r7, #12]	@ zero_extendqisi2
 155 0076 9A42     		cmp	r2, r3
 156 0078 01D3     		bcc	.L12
 157              		.loc 1 30 0 is_stmt 0 discriminator 1
 158 007a 0223     		movs	r3, #2
 159 007c 0AE0     		b	.L10
 160              	.L12:
 161              		.loc 1 30 0 discriminator 2
 162 007e 01E0     		b	.L7
 163              	.L11:
  31:.\Data_and_Func.h ****       else     termIndex = 0;	 										//–Ω–µ –∫–æ–Ω–µ—Ü —Å—Ç—Ä–æ–∫–∏  - –æ–±–Ω—É–ª—è–µ–º—Å—è 			
 164              		.loc 1 31 0 is_stmt 1
 165 0080 0023     		movs	r3, #0
 166 0082 BB73     		strb	r3, [r7, #14]
 167              	.L7:
  24:.\Data_and_Func.h **** 	while( (c = UART_GetChar()) != 0)									// —á–∏—Ç–∞–µ–º UART    
 168              		.loc 1 24 0 discriminator 1
 169 0084 FFF7FEFF 		bl	UART_GetChar
 170 0088 0346     		mov	r3, r0
 171 008a FB72     		strb	r3, [r7, #11]
 172 008c FB7A     		ldrb	r3, [r7, #11]	@ zero_extendqisi2
 173 008e 002B     		cmp	r3, #0
 174 0090 D0D1     		bne	.L13
  32:.\Data_and_Func.h ****     }
  33:.\Data_and_Func.h ****     return 0;	// –±—É—Ñ–µ—Ä –¥–∞–Ω–Ω—ã—Ö –ø—É—Å—Ç
 175              		.loc 1 33 0
 176 0092 0023     		movs	r3, #0
 177              	.L10:
  34:.\Data_and_Func.h **** }
 178              		.loc 1 34 0
 179 0094 1846     		mov	r0, r3
 180 0096 1037     		adds	r7, r7, #16
 181 0098 BD46     		mov	sp, r7
 182              		@ sp needed
 183 009a 80BD     		pop	{r7, pc}
 184              		.cfi_endproc
 185              	.LFE57:
 186              		.size	findUntil, .-findUntil
 187              		.section	.text.find,"ax",%progbits
 188              		.align	2
 189              		.global	find
 190              		.thumb
 191              		.thumb_func
 192              		.type	find, %function
 193              	find:
ARM GAS  C:\Users\SCOTTC~1\AppData\Local\Temp\ccDMrVNp.s 			page 5


 194              	.LFB58:
  35:.\Data_and_Func.h **** //**********************************************************************
  36:.\Data_and_Func.h **** 
  37:.\Data_and_Func.h **** uint16  find(char *target)				 
  38:.\Data_and_Func.h **** {
 195              		.loc 1 38 0
 196              		.cfi_startproc
 197              		@ args = 0, pretend = 0, frame = 16
 198              		@ frame_needed = 1, uses_anonymous_args = 0
 199 0000 80B5     		push	{r7, lr}
 200              		.cfi_def_cfa_offset 8
 201              		.cfi_offset 7, -8
 202              		.cfi_offset 14, -4
 203 0002 84B0     		sub	sp, sp, #16
 204              		.cfi_def_cfa_offset 24
 205 0004 00AF     		add	r7, sp, #0
 206              		.cfi_def_cfa_register 7
 207 0006 7860     		str	r0, [r7, #4]
  39:.\Data_and_Func.h **** uint8 targetLen = strlen(target); 								// –î–ª–∏–Ω–∞ –∏—Å–∫–æ–º–æ–≥–æ —Ñ—Ä–∞–≥–º–µ–Ω—Ç–∞
 208              		.loc 1 39 0
 209 0008 7868     		ldr	r0, [r7, #4]
 210 000a FFF7FEFF 		bl	strlen
 211 000e 0346     		mov	r3, r0
 212 0010 BB73     		strb	r3, [r7, #14]
  40:.\Data_and_Func.h **** uint8 index = 0;  												// maximum target string length is 255 bytes
 213              		.loc 1 40 0
 214 0012 0023     		movs	r3, #0
 215 0014 FB73     		strb	r3, [r7, #15]
  41:.\Data_and_Func.h **** //uint8 termIndex = 0;											// –ø–æ–∑–∏—Ü–∏—è 
  42:.\Data_and_Func.h **** //uint8 termLen = (terminate == NULL ? 0 : strlen(terminate));	// –¥–ª–∏–Ω–∞ –ø—Ä–∏–∑–Ω–∞–∫–∞  –∫–æ
  43:.\Data_and_Func.h **** char c;															// —Ç–µ–∫—É—â–∏–π —Å–∏–º–≤–æ–ª
  44:.\Data_and_Func.h **** while( (c = UART_GetChar()) != 0)									// —á–∏—Ç–∞–µ–º UART    
 216              		.loc 1 44 0
 217 0016 11E0     		b	.L15
 218              	.L18:
  45:.\Data_and_Func.h **** 	{  // —ç—Ç–æ —ç–ª–µ–º–µ–Ω—Ç[index] –∏—Å–∫–æ–º–æ–π —Å—Ç—Ä–æ–∫–∏?  
  46:.\Data_and_Func.h ****       if( c == target[index]){  if(++index >= targetLen){return 1; }}	// return true –µ—Å–ª–∏ –≤—Å–
 219              		.loc 1 46 0
 220 0018 FB7B     		ldrb	r3, [r7, #15]	@ zero_extendqisi2
 221 001a 7A68     		ldr	r2, [r7, #4]
 222 001c 1344     		add	r3, r3, r2
 223 001e 1B78     		ldrb	r3, [r3]	@ zero_extendqisi2
 224 0020 7A7B     		ldrb	r2, [r7, #13]	@ zero_extendqisi2
 225 0022 9A42     		cmp	r2, r3
 226 0024 08D1     		bne	.L16
 227              		.loc 1 46 0 is_stmt 0 discriminator 1
 228 0026 FB7B     		ldrb	r3, [r7, #15]
 229 0028 0133     		adds	r3, r3, #1
 230 002a FB73     		strb	r3, [r7, #15]
 231 002c FA7B     		ldrb	r2, [r7, #15]	@ zero_extendqisi2
 232 002e BB7B     		ldrb	r3, [r7, #14]	@ zero_extendqisi2
 233 0030 9A42     		cmp	r2, r3
 234 0032 03D3     		bcc	.L15
 235 0034 0123     		movs	r3, #1
 236 0036 09E0     		b	.L17
 237              	.L16:
  47:.\Data_and_Func.h ****       else  index = 0;   //..........................     				// –Ω–µ —Ç–æ—Ç —Ñ—Ä–∞–≥–º–µ–Ω—Ç - –æ–
ARM GAS  C:\Users\SCOTTC~1\AppData\Local\Temp\ccDMrVNp.s 			page 6


 238              		.loc 1 47 0 is_stmt 1
 239 0038 0023     		movs	r3, #0
 240 003a FB73     		strb	r3, [r7, #15]
 241              	.L15:
  44:.\Data_and_Func.h **** while( (c = UART_GetChar()) != 0)									// —á–∏—Ç–∞–µ–º UART    
 242              		.loc 1 44 0 discriminator 1
 243 003c FFF7FEFF 		bl	UART_GetChar
 244 0040 0346     		mov	r3, r0
 245 0042 7B73     		strb	r3, [r7, #13]
 246 0044 7B7B     		ldrb	r3, [r7, #13]	@ zero_extendqisi2
 247 0046 002B     		cmp	r3, #0
 248 0048 E6D1     		bne	.L18
  48:.\Data_and_Func.h ****     }
  49:.\Data_and_Func.h ****     return 0;	// –±—É—Ñ–µ—Ä –¥–∞–Ω–Ω—ã—Ö –ø—É—Å—Ç
 249              		.loc 1 49 0
 250 004a 0023     		movs	r3, #0
 251              	.L17:
  50:.\Data_and_Func.h **** }
 252              		.loc 1 50 0
 253 004c 1846     		mov	r0, r3
 254 004e 1037     		adds	r7, r7, #16
 255 0050 BD46     		mov	sp, r7
 256              		@ sp needed
 257 0052 80BD     		pop	{r7, pc}
 258              		.cfi_endproc
 259              	.LFE58:
 260              		.size	find, .-find
 261              		.section	.rodata
 262              		.align	2
 263              	.LC0:
 264 0000 41542B43 		.ascii	"AT+CWJAP=\"%s\",\"%s\"\015\012\000"
 264      574A4150 
 264      3D222573 
 264      222C2225 
 264      73220D0A 
 265 0015 000000   		.align	2
 266              	.LC1:
 267 0018 41542B43 		.ascii	"AT+CWMODE=1\015\000"
 267      574D4F44 
 267      453D310D 
 267      00
 268 0025 000000   		.align	2
 269              	.LC2:
 270 0028 4F4B0D0A 		.ascii	"OK\015\012\000"
 270      00
 271              		.section	.text.connectWiFi,"ax",%progbits
 272              		.align	2
 273              		.global	connectWiFi
 274              		.thumb
 275              		.thumb_func
 276              		.type	connectWiFi, %function
 277              	connectWiFi:
 278              	.LFB59:
  51:.\Data_and_Func.h **** 
  52:.\Data_and_Func.h **** //***********************************************************************
  53:.\Data_and_Func.h **** int connectWiFi(char *SSID, char *PASS)
  54:.\Data_and_Func.h **** {
ARM GAS  C:\Users\SCOTTC~1\AppData\Local\Temp\ccDMrVNp.s 			page 7


 279              		.loc 1 54 0
 280              		.cfi_startproc
 281              		@ args = 0, pretend = 0, frame = 40
 282              		@ frame_needed = 1, uses_anonymous_args = 0
 283 0000 80B5     		push	{r7, lr}
 284              		.cfi_def_cfa_offset 8
 285              		.cfi_offset 7, -8
 286              		.cfi_offset 14, -4
 287 0002 8AB0     		sub	sp, sp, #40
 288              		.cfi_def_cfa_offset 48
 289 0004 00AF     		add	r7, sp, #0
 290              		.cfi_def_cfa_register 7
 291 0006 7860     		str	r0, [r7, #4]
 292 0008 3960     		str	r1, [r7]
  55:.\Data_and_Func.h **** char sendString[32];
  56:.\Data_and_Func.h **** sprintf(sendString,"AT+CWJAP=\"%s\",\"%s\"\r\n",SSID, PASS);	
 293              		.loc 1 56 0
 294 000a 07F10803 		add	r3, r7, #8
 295 000e 1846     		mov	r0, r3
 296 0010 1049     		ldr	r1, .L23
 297 0012 7A68     		ldr	r2, [r7, #4]
 298 0014 3B68     		ldr	r3, [r7]
 299 0016 FFF7FEFF 		bl	sprintf
  57:.\Data_and_Func.h **** UART_PutString("AT+CWMODE=1\r");   	CyDelay(10);
 300              		.loc 1 57 0
 301 001a 0F48     		ldr	r0, .L23+4
 302 001c FFF7FEFF 		bl	UART_PutString
 303 0020 0A20     		movs	r0, #10
 304 0022 FFF7FEFF 		bl	CyDelay
  58:.\Data_and_Func.h **** UART_PutString(sendString); 	CyDelay(2000);
 305              		.loc 1 58 0
 306 0026 07F10803 		add	r3, r7, #8
 307 002a 1846     		mov	r0, r3
 308 002c FFF7FEFF 		bl	UART_PutString
 309 0030 4FF4FA60 		mov	r0, #2000
 310 0034 FFF7FEFF 		bl	CyDelay
  59:.\Data_and_Func.h **** if(find("OK\r\n")) return 1;
 311              		.loc 1 59 0
 312 0038 0848     		ldr	r0, .L23+8
 313 003a FFF7FEFF 		bl	find
 314 003e 0346     		mov	r3, r0
 315 0040 002B     		cmp	r3, #0
 316 0042 01D0     		beq	.L20
 317              		.loc 1 59 0 is_stmt 0 discriminator 1
 318 0044 0123     		movs	r3, #1
 319 0046 00E0     		b	.L22
 320              	.L20:
  60:.\Data_and_Func.h **** else return 0;
 321              		.loc 1 60 0 is_stmt 1
 322 0048 0023     		movs	r3, #0
 323              	.L22:
  61:.\Data_and_Func.h **** }
 324              		.loc 1 61 0
 325 004a 1846     		mov	r0, r3
 326 004c 2837     		adds	r7, r7, #40
 327 004e BD46     		mov	sp, r7
 328              		@ sp needed
ARM GAS  C:\Users\SCOTTC~1\AppData\Local\Temp\ccDMrVNp.s 			page 8


 329 0050 80BD     		pop	{r7, pc}
 330              	.L24:
 331 0052 00BF     		.align	2
 332              	.L23:
 333 0054 00000000 		.word	.LC0
 334 0058 18000000 		.word	.LC1
 335 005c 28000000 		.word	.LC2
 336              		.cfi_endproc
 337              	.LFE59:
 338              		.size	connectWiFi, .-connectWiFi
 339              		.section	.rodata
 340 002d 000000   		.align	2
 341              	.LC3:
 342 0030 41542B43 		.ascii	"AT+CIPSEND=0,%d\015\012\000"
 342      49505345 
 342      4E443D30 
 342      2C25640D 
 342      0A00
 343              		.section	.text.http,"ax",%progbits
 344              		.align	2
 345              		.global	http
 346              		.thumb
 347              		.thumb_func
 348              		.type	http, %function
 349              	http:
 350              	.LFB60:
  62:.\Data_and_Func.h **** 
  63:.\Data_and_Func.h **** //***********************  –æ—Ç–ø—Ä–∞–≤–∫–∞  –æ—Ç–≤–µ—Ç–∞  ****************************************
  64:.\Data_and_Func.h **** void http(char *output) 		 
  65:.\Data_and_Func.h **** {
 351              		.loc 1 65 0
 352              		.cfi_startproc
 353              		@ args = 0, pretend = 0, frame = 48
 354              		@ frame_needed = 1, uses_anonymous_args = 0
 355 0000 80B5     		push	{r7, lr}
 356              		.cfi_def_cfa_offset 8
 357              		.cfi_offset 7, -8
 358              		.cfi_offset 14, -4
 359 0002 8CB0     		sub	sp, sp, #48
 360              		.cfi_def_cfa_offset 56
 361 0004 00AF     		add	r7, sp, #0
 362              		.cfi_def_cfa_register 7
 363 0006 7860     		str	r0, [r7, #4]
  66:.\Data_and_Func.h ****  char sendString[32];
  67:.\Data_and_Func.h ****  uint16 len=0;
 364              		.loc 1 67 0
 365 0008 0023     		movs	r3, #0
 366 000a FB85     		strh	r3, [r7, #46]	@ movhi
  68:.\Data_and_Func.h ****  len=strlen(output)	;	
 367              		.loc 1 68 0
 368 000c 7868     		ldr	r0, [r7, #4]
 369 000e FFF7FEFF 		bl	strlen
 370 0012 0346     		mov	r3, r0
 371 0014 FB85     		strh	r3, [r7, #46]	@ movhi
  69:.\Data_and_Func.h ****  sprintf(sendString,"AT+CIPSEND=0,%d\r\n",len);		//  
 372              		.loc 1 69 0
 373 0016 FB8D     		ldrh	r3, [r7, #46]
ARM GAS  C:\Users\SCOTTC~1\AppData\Local\Temp\ccDMrVNp.s 			page 9


 374 0018 07F10C02 		add	r2, r7, #12
 375 001c 1046     		mov	r0, r2
 376 001e 0949     		ldr	r1, .L26
 377 0020 1A46     		mov	r2, r3
 378 0022 FFF7FEFF 		bl	sprintf
  70:.\Data_and_Func.h ****  UART_PutString(sendString); CyDelay(10);			// –î–ª—è –ø—Ä–æ—Å—Ç–æ—Ç—ã: –≤–º–µ—Å—Ç–æ –æ–∂–∏–¥–∞–Ω–∏
 379              		.loc 1 70 0
 380 0026 07F10C03 		add	r3, r7, #12
 381 002a 1846     		mov	r0, r3
 382 002c FFF7FEFF 		bl	UART_PutString
 383 0030 0A20     		movs	r0, #10
 384 0032 FFF7FEFF 		bl	CyDelay
  71:.\Data_and_Func.h ****  UART_PutString(output);  
 385              		.loc 1 71 0
 386 0036 7868     		ldr	r0, [r7, #4]
 387 0038 FFF7FEFF 		bl	UART_PutString
  72:.\Data_and_Func.h **** }
 388              		.loc 1 72 0
 389 003c 3037     		adds	r7, r7, #48
 390 003e BD46     		mov	sp, r7
 391              		@ sp needed
 392 0040 80BD     		pop	{r7, pc}
 393              	.L27:
 394 0042 00BF     		.align	2
 395              	.L26:
 396 0044 30000000 		.word	.LC3
 397              		.cfi_endproc
 398              	.LFE60:
 399              		.size	http, .-http
 400              		.section	.rodata
 401 0042 0000     		.align	2
 402              	.LC4:
 403 0044 3C746974 		.ascii	"<title>ESP8266 Webserver</title><meta http-equiv='r"
 403      6C653E45 
 403      53503832 
 403      36362057 
 403      65627365 
 404 0077 65667265 		.ascii	"efresh' content='1' ><body bgcolor='FFFFD6'><H3>Mic"
 404      73682720 
 404      636F6E74 
 404      656E743D 
 404      27312720 
 405 00aa 726F2053 		.ascii	"ro Site Web Server</H3><span style='color:#0000FF'>"
 405      69746520 
 405      57656220 
 405      53657276 
 405      65723C2F 
 406 00dd 0D0A3C70 		.ascii	"\015\012<p>reloads = %d</p>\015\012\000"
 406      3E72656C 
 406      6F616473 
 406      203D2025 
 406      643C2F70 
 407 00f5 000000   		.align	2
 408              	.LC5:
 409 00f8 41542B43 		.ascii	"AT+CIPCLOSE=0\015\000"
 409      4950434C 
 409      4F53453D 
ARM GAS  C:\Users\SCOTTC~1\AppData\Local\Temp\ccDMrVNp.s 			page 10


 409      300D00
 410              		.section	.text.webserver,"ax",%progbits
 411              		.align	2
 412              		.global	webserver
 413              		.thumb
 414              		.thumb_func
 415              		.type	webserver, %function
 416              	webserver:
 417              	.LFB61:
  73:.\Data_and_Func.h **** 
  74:.\Data_and_Func.h **** //********************  —Ñ–æ—Ä–º–∏—Ä—É–µ–º –æ—Ç–≤–µ—Ç  ********************************************
  75:.\Data_and_Func.h **** void webserver(void) {
 418              		.loc 1 75 0
 419              		.cfi_startproc
 420              		@ args = 0, pretend = 0, frame = 1000
 421              		@ frame_needed = 1, uses_anonymous_args = 0
 422 0000 80B5     		push	{r7, lr}
 423              		.cfi_def_cfa_offset 8
 424              		.cfi_offset 7, -8
 425              		.cfi_offset 14, -4
 426 0002 ADF57A7D 		sub	sp, sp, #1000
 427              		.cfi_def_cfa_offset 1008
 428 0006 00AF     		add	r7, sp, #0
 429              		.cfi_def_cfa_register 7
  76:.\Data_and_Func.h ****   static uint16 test;		// —Å—á–µ—Ç—á–∏–∫ –∞–≤—Ç–æ–æ–±–Ω–æ–≤–ª–µ–Ω–∏–π —Å—Ç—Ä–∞–Ω–∏—á–∫–∏     // HTM
  77:.\Data_and_Func.h ****   char sendString[1000];	// –Ω–µ –º–µ–Ω–µ–µ –¥–ª–∏–Ω—ã —Å–æ–æ–±—â–µ–Ω–∏—è				// —Ç–∞–±–ª–∏—Ü–∞ –æ—Å
  78:.\Data_and_Func.h **** 																	// –û—Å–Ω–æ–≤—ã HTML            http://html-exp.narod.ru/base.htm 
  79:.\Data_and_Func.h **** sprintf(sendString,"<title>ESP8266 Webserver</title>"				// HTTP/1.0 200 OK\r\n......??????????????
 430              		.loc 1 79 0
 431 0008 0D4B     		ldr	r3, .L29
 432 000a 1B88     		ldrh	r3, [r3]
 433 000c 3A46     		mov	r2, r7
 434 000e 1046     		mov	r0, r2
 435 0010 0C49     		ldr	r1, .L29+4
 436 0012 1A46     		mov	r2, r3
 437 0014 FFF7FEFF 		bl	sprintf
  80:.\Data_and_Func.h **** 	"<meta http-equiv='refresh' content='1' >" 						// To make the page reload or refresh itself (sec
  81:.\Data_and_Func.h **** 	"<body bgcolor='FFFFD6'>"										// —Ü–≤–µ—Ç —Ñ–æ–Ω–∞ –¥–æ–∫—É–º–µ–Ω—Ç–∞
  82:.\Data_and_Func.h **** 	"<H3>Micro Site Web Server</H3>"								// –∑–∞–≥–æ–ª–æ–≤–æ–∫
  83:.\Data_and_Func.h **** 	"<span style='color:#0000FF'>\r\n"								// –ø–æ–º–µ–Ω—è–µ–º —Ü–≤–µ—Ç —Ç–µ–∫—Å—Ç–∞
  84:.\Data_and_Func.h **** 	"<p>reloads = %d</p>\r\n",test);								// —Å—á–µ—Ç—á–∏–∫ –∞–≤—Ç–æ–æ–±–Ω–æ–≤–ª–µ–Ω–∏–π
  85:.\Data_and_Func.h **** 	test++;															// 
 438              		.loc 1 85 0
 439 0018 094B     		ldr	r3, .L29
 440 001a 1B88     		ldrh	r3, [r3]
 441 001c 0133     		adds	r3, r3, #1
 442 001e 9AB2     		uxth	r2, r3
 443 0020 074B     		ldr	r3, .L29
 444 0022 1A80     		strh	r2, [r3]	@ movhi
  86:.\Data_and_Func.h **** http(sendString);													// —Å—Ç—Ä–∞–Ω–∏—Ü–∞ –≥–æ—Ç–æ–≤–∞, –æ—Ç–ø—Ä–∞–≤–ª—è–µ–º
 445              		.loc 1 86 0
 446 0024 3B46     		mov	r3, r7
 447 0026 1846     		mov	r0, r3
 448 0028 FFF7FEFF 		bl	http
  87:.\Data_and_Func.h ****  CyDelay(100);
 449              		.loc 1 87 0
 450 002c 6420     		movs	r0, #100
ARM GAS  C:\Users\SCOTTC~1\AppData\Local\Temp\ccDMrVNp.s 			page 11


 451 002e FFF7FEFF 		bl	CyDelay
  88:.\Data_and_Func.h **** UART_PutString("AT+CIPCLOSE=0\r");   	//CyDelay(500);
 452              		.loc 1 88 0
 453 0032 0548     		ldr	r0, .L29+8
 454 0034 FFF7FEFF 		bl	UART_PutString
  89:.\Data_and_Func.h **** }
 455              		.loc 1 89 0
 456 0038 07F57A77 		add	r7, r7, #1000
 457 003c BD46     		mov	sp, r7
 458              		@ sp needed
 459 003e 80BD     		pop	{r7, pc}
 460              	.L30:
 461              		.align	2
 462              	.L29:
 463 0040 08000000 		.word	test.6313
 464 0044 44000000 		.word	.LC4
 465 0048 F8000000 		.word	.LC5
 466              		.cfi_endproc
 467              	.LFE61:
 468              		.size	webserver, .-webserver
 469              		.global	i
 470              		.bss
 471 0001 000000   		.align	2
 472              		.type	i, %object
 473              		.size	i, 4
 474              	i:
 475 0004 00000000 		.space	4
 476              		.section	.rodata
 477 0107 00       		.align	2
 478              	.LC6:
 479 0108 41542B52 		.ascii	"AT+RST\015\012\000"
 479      53540D0A 
 479      00
 480 0111 000000   		.align	2
 481              	.LC7:
 482 0114 72656164 		.ascii	"ready\000"
 482      7900
 483 011a 0000     		.align	2
 484              	.LC8:
 485 011c 44455649 		.ascii	"DEVICE: OK\000"
 485      43453A20 
 485      4F4B00
 486 0127 00       		.align	2
 487              	.LC9:
 488 0128 4E4F2044 		.ascii	"NO DEVICE!!\000"
 488      45564943 
 488      45212100 
 489              		.align	2
 490              	.LC10:
 491 0134 6361726C 		.ascii	"carlson\000"
 491      736F6E00 
 492              		.align	2
 493              	.LC11:
 494 013c 73636F74 		.ascii	"scottelise\000"
 494      74656C69 
 494      736500
 495 0147 00       		.align	2
ARM GAS  C:\Users\SCOTTC~1\AppData\Local\Temp\ccDMrVNp.s 			page 12


 496              	.LC12:
 497 0148 436F6E6E 		.ascii	"Connected to WiFi...\000"
 497      65637465 
 497      6420746F 
 497      20576946 
 497      692E2E2E 
 498 015d 000000   		.align	2
 499              	.LC13:
 500 0160 41542B43 		.ascii	"AT+CIPMUX=1\015\012\000"
 500      49504D55 
 500      583D310D 
 500      0A00
 501 016e 0000     		.align	2
 502              	.LC14:
 503 0170 41542B43 		.ascii	"AT+CIPSERVER=1,80\015\012\000"
 503      49505345 
 503      52564552 
 503      3D312C38 
 503      300D0A00 
 504              		.align	2
 505              	.LC15:
 506 0184 41542B43 		.ascii	"AT+CIFSR\015\012\000"
 506      49465352 
 506      0D0A00
 507 018f 00       		.align	2
 508              	.LC16:
 509 0190 43494653 		.ascii	"CIFSR\015\015\012\000"
 509      520D0D0A 
 509      00
 510 0199 000000   		.align	2
 511              	.LC17:
 512 019c 49503A20 		.ascii	"IP: \000"
 512      00
 513 01a1 000000   		.section	.text.main,"ax",%progbits
 514              		.align	2
 515              		.global	main
 516              		.thumb
 517              		.thumb_func
 518              		.type	main, %function
 519              	main:
 520              	.LFB62:
 521              		.file 2 ".\\main.c"
   1:.\main.c      **** //*****************************************************************************/
   2:.\main.c      **** //	PROJECT:	WIFI_Web_Server
   3:.\main.c      **** // 	FILE NAME: 	main.c
   4:.\main.c      **** // 	IDEAS:		Micro WebServer ‡∏à‡∏≤‡∏Å ESP8266 ‡πÅ‡∏•‡∏∞ Arduino		http://www.ayarafun.com/2014/09/mi
   5:.\main.c      **** //  
   6:.\main.c      **** //_________________________________________________________________________________________________
   7:.\main.c      **** //  Pavlov Evgeniy            Pavlov_en@yahoo.com         	http://mylab.wmsite.ru/moi-razrab/cypres
   8:.\main.c      **** //
   9:.\main.c      **** // 	DESCRIPTION:  
  10:.\main.c      **** //	  
  11:.\main.c      **** //  DEVICES:
  12:.\main.c      **** //  1. ESP8266 Serial WIFI Wireless TransceiveR Module     	http://www.ebay.com/sch/i.html?_from=R4
  13:.\main.c      **** //  2. CY8CKIT - 030 PSoC3     ( CY8C3866AXI-040  ) 		http://www.cypress.com/?rID=49524
  14:.\main.c      **** //
  15:.\main.c      **** //	programms:
ARM GAS  C:\Users\SCOTTC~1\AppData\Local\Temp\ccDMrVNp.s 			page 13


  16:.\main.c      **** //	ESP8266-Config    										https://www.facebook.com/appstack.in.th
  17:.\main.c      **** //  Hercules SETUP utility by hw-group.com   				http://www.hw-group.com/products/hercules/index_en
  18:.\main.c      **** //
  19:.\main.c      **** //  info:
  20:.\main.c      **** //	ESP8266 WiFi Module   									http://playground.boxtec.ch/doku.php/wireless/esp8266
  21:.\main.c      **** //	Forum													http://www.esp8266.com/
  22:.\main.c      **** //  updating 												http://blog.electrodragon.com/cloud-updating-your-wi07c-esp8266-now/
  23:.\main.c      **** //*************************************************************************************************
  24:.\main.c      **** 
  25:.\main.c      **** #include <device.h>
  26:.\main.c      **** #include <stdio.h>   				/* sprintf() */
  27:.\main.c      **** #include "Data_and_Func.h"
  28:.\main.c      **** 
  29:.\main.c      **** #define SSID "carlson" 				// your SSID
  30:.\main.c      **** #define PASS "scottelise" 			// your password
  31:.\main.c      **** 
  32:.\main.c      **** int i=0;
  33:.\main.c      **** //------------------
  34:.\main.c      **** 
  35:.\main.c      **** int main()
  36:.\main.c      **** { 
 522              		.loc 2 36 0
 523              		.cfi_startproc
 524              		@ args = 0, pretend = 0, frame = 8
 525              		@ frame_needed = 1, uses_anonymous_args = 0
 526 0000 80B5     		push	{r7, lr}
 527              		.cfi_def_cfa_offset 8
 528              		.cfi_offset 7, -8
 529              		.cfi_offset 14, -4
 530 0002 82B0     		sub	sp, sp, #8
 531              		.cfi_def_cfa_offset 16
 532 0004 00AF     		add	r7, sp, #0
 533              		.cfi_def_cfa_register 7
  37:.\main.c      **** int connected=0;	
 534              		.loc 2 37 0
 535 0006 0023     		movs	r3, #0
 536 0008 7B60     		str	r3, [r7, #4]
  38:.\main.c      **** isr_UART_StartEx(UART_ISR);							// availability flag buffer data RX
 537              		.loc 2 38 0
 538 000a 5548     		ldr	r0, .L45
 539 000c FFF7FEFF 		bl	isr_UART_StartEx
  39:.\main.c      **** CyGlobalIntEnable; 									/* Enable all interrupts by the processor. */
 540              		.loc 2 39 0
 541              	@ 39 ".\main.c" 1
 542 0010 62B6     		CPSIE   i
 543              	@ 0 "" 2
  40:.\main.c      **** UART_Start();  LCD_Char_Start(); 
 544              		.loc 2 40 0
 545              		.thumb
 546 0012 FFF7FEFF 		bl	UART_Start
 547 0016 FFF7FEFF 		bl	LCD_Char_Start
  41:.\main.c      ****  //................................
  42:.\main.c      **** LCD_Char_Position(0,0);
 548              		.loc 2 42 0
 549 001a 0020     		movs	r0, #0
 550 001c 0021     		movs	r1, #0
 551 001e FFF7FEFF 		bl	LCD_Char_Position
ARM GAS  C:\Users\SCOTTC~1\AppData\Local\Temp\ccDMrVNp.s 			page 14


  43:.\main.c      **** //UART_PutString("ATE0\r\n");   	CyDelay(1);		//disable echo ( in the new firmware )
  44:.\main.c      **** UART_PutString("AT+RST\r\n");  	CyDelay(2000);		// Reset and check: whether the module is ready
 552              		.loc 2 44 0
 553 0022 5048     		ldr	r0, .L45+4
 554 0024 FFF7FEFF 		bl	UART_PutString
 555 0028 4FF4FA60 		mov	r0, #2000
 556 002c FFF7FEFF 		bl	CyDelay
  45:.\main.c      **** if (find("ready"))
 557              		.loc 2 45 0
 558 0030 4D48     		ldr	r0, .L45+8
 559 0032 FFF7FEFF 		bl	find
 560 0036 0346     		mov	r3, r0
 561 0038 002B     		cmp	r3, #0
 562 003a 03D0     		beq	.L32
  46:.\main.c      **** 	{ LCD_Char_PrintString("DEVICE: OK");     }
 563              		.loc 2 46 0
 564 003c 4B48     		ldr	r0, .L45+12
 565 003e FFF7FEFF 		bl	LCD_Char_PrintString
 566 0042 02E0     		b	.L33
 567              	.L32:
  47:.\main.c      **** else{ LCD_Char_PrintString("NO DEVICE!!");}
 568              		.loc 2 47 0
 569 0044 4A48     		ldr	r0, .L45+16
 570 0046 FFF7FEFF 		bl	LCD_Char_PrintString
 571              	.L33:
  48:.\main.c      ****   // ----------------------try to connect to wifi-----------------------------------------
  49:.\main.c      **** CyDelay(1000);
 572              		.loc 2 49 0
 573 004a 4FF47A70 		mov	r0, #1000
 574 004e FFF7FEFF 		bl	CyDelay
  50:.\main.c      ****    for(i=0;i<5;i++){
 575              		.loc 2 50 0
 576 0052 484B     		ldr	r3, .L45+20
 577 0054 0022     		movs	r2, #0
 578 0056 1A60     		str	r2, [r3]
 579 0058 15E0     		b	.L34
 580              	.L37:
  51:.\main.c      **** 		if(connectWiFi(SSID, PASS))
 581              		.loc 2 51 0
 582 005a 4748     		ldr	r0, .L45+24
 583 005c 4749     		ldr	r1, .L45+28
 584 005e FFF7FEFF 		bl	connectWiFi
 585 0062 0346     		mov	r3, r0
 586 0064 002B     		cmp	r3, #0
 587 0066 09D0     		beq	.L35
  52:.\main.c      ****      	{	connected= 1;
 588              		.loc 2 52 0
 589 0068 0123     		movs	r3, #1
 590 006a 7B60     		str	r3, [r7, #4]
  53:.\main.c      ****       	LCD_Char_Position(0,0); LCD_Char_PrintString("Connected to WiFi...");
 591              		.loc 2 53 0
 592 006c 0020     		movs	r0, #0
 593 006e 0021     		movs	r1, #0
 594 0070 FFF7FEFF 		bl	LCD_Char_Position
 595 0074 4248     		ldr	r0, .L45+32
 596 0076 FFF7FEFF 		bl	LCD_Char_PrintString
  54:.\main.c      ****       	break;}
ARM GAS  C:\Users\SCOTTC~1\AppData\Local\Temp\ccDMrVNp.s 			page 15


 597              		.loc 2 54 0
 598 007a 08E0     		b	.L36
 599              	.L35:
  50:.\main.c      ****    for(i=0;i<5;i++){
 600              		.loc 2 50 0
 601 007c 3D4B     		ldr	r3, .L45+20
 602 007e 1B68     		ldr	r3, [r3]
 603 0080 5A1C     		adds	r2, r3, #1
 604 0082 3C4B     		ldr	r3, .L45+20
 605 0084 1A60     		str	r2, [r3]
 606              	.L34:
  50:.\main.c      ****    for(i=0;i<5;i++){
 607              		.loc 2 50 0 is_stmt 0 discriminator 1
 608 0086 3B4B     		ldr	r3, .L45+20
 609 0088 1B68     		ldr	r3, [r3]
 610 008a 042B     		cmp	r3, #4
 611 008c E5DD     		ble	.L37
 612              	.L36:
  55:.\main.c      ****    }//................
  56:.\main.c      **** 
  57:.\main.c      **** CyDelay(100);  UART_PutString("AT+CIPMUX=1\r\n"); 		// 
 613              		.loc 2 57 0 is_stmt 1
 614 008e 6420     		movs	r0, #100
 615 0090 FFF7FEFF 		bl	CyDelay
 616 0094 3B48     		ldr	r0, .L45+36
 617 0096 FFF7FEFF 		bl	UART_PutString
  58:.\main.c      **** CyDelay(1000); UART_PutString("AT+CIPSERVER=1,80\r\n"); // set the server of port 80  
 618              		.loc 2 58 0
 619 009a 4FF47A70 		mov	r0, #1000
 620 009e FFF7FEFF 		bl	CyDelay
 621 00a2 3948     		ldr	r0, .L45+40
 622 00a4 FFF7FEFF 		bl	UART_PutString
  59:.\main.c      **** 
  60:.\main.c      **** CyDelay(1000);  UART_PutString("AT+CIFSR\r\n"); 		// Obtain an IP
 623              		.loc 2 60 0
 624 00a8 4FF47A70 		mov	r0, #1000
 625 00ac FFF7FEFF 		bl	CyDelay
 626 00b0 3648     		ldr	r0, .L45+44
 627 00b2 FFF7FEFF 		bl	UART_PutString
  61:.\main.c      **** UART_ClearRxBuffer(); 
 628              		.loc 2 61 0
 629 00b6 FFF7FEFF 		bl	UART_ClearRxBuffer
  62:.\main.c      **** CyDelay(5); 											// 
 630              		.loc 2 62 0
 631 00ba 0520     		movs	r0, #5
 632 00bc FFF7FEFF 		bl	CyDelay
  63:.\main.c      **** if (find("CIFSR\r\r\n"))
 633              		.loc 2 63 0
 634 00c0 3348     		ldr	r0, .L45+48
 635 00c2 FFF7FEFF 		bl	find
 636 00c6 0346     		mov	r3, r0
 637 00c8 002B     		cmp	r3, #0
 638 00ca 1FD0     		beq	.L38
  64:.\main.c      **** {
  65:.\main.c      ****  count=0;
 639              		.loc 2 65 0
 640 00cc 314B     		ldr	r3, .L45+52
ARM GAS  C:\Users\SCOTTC~1\AppData\Local\Temp\ccDMrVNp.s 			page 16


 641 00ce 0022     		movs	r2, #0
 642 00d0 1A70     		strb	r2, [r3]
  66:.\main.c      **** 	while(Com_Data)
 643              		.loc 2 66 0
 644 00d2 17E0     		b	.L39
 645              	.L40:
  67:.\main.c      **** 	{
  68:.\main.c      **** 	  ch=UART_ReadRxData();					// deducted symbol
 646              		.loc 2 68 0
 647 00d4 FFF7FEFF 		bl	UART_ReadRxData
 648 00d8 0346     		mov	r3, r0
 649 00da 1A46     		mov	r2, r3
 650 00dc 2E4B     		ldr	r3, .L45+56
 651 00de 1A70     		strb	r2, [r3]
  69:.\main.c      **** 	  buff[count]= ch;	count++;			// add to clipboard
 652              		.loc 2 69 0
 653 00e0 2C4B     		ldr	r3, .L45+52
 654 00e2 1B78     		ldrb	r3, [r3]	@ zero_extendqisi2
 655 00e4 2C4A     		ldr	r2, .L45+56
 656 00e6 1178     		ldrb	r1, [r2]	@ zero_extendqisi2
 657 00e8 2C4A     		ldr	r2, .L45+60
 658 00ea D154     		strb	r1, [r2, r3]
 659 00ec 294B     		ldr	r3, .L45+52
 660 00ee 1B78     		ldrb	r3, [r3]	@ zero_extendqisi2
 661 00f0 0133     		adds	r3, r3, #1
 662 00f2 DAB2     		uxtb	r2, r3
 663 00f4 274B     		ldr	r3, .L45+52
 664 00f6 1A70     		strb	r2, [r3]
  70:.\main.c      **** 	  Com_Data = UART_GetRxBufferSize();  	// Reset the trigger
 665              		.loc 2 70 0
 666 00f8 FFF7FEFF 		bl	UART_GetRxBufferSize
 667 00fc 0346     		mov	r3, r0
 668 00fe 1A46     		mov	r2, r3
 669 0100 274B     		ldr	r3, .L45+64
 670 0102 1A70     		strb	r2, [r3]
 671              	.L39:
  66:.\main.c      **** 	while(Com_Data)
 672              		.loc 2 66 0 discriminator 1
 673 0104 264B     		ldr	r3, .L45+64
 674 0106 1B78     		ldrb	r3, [r3]	@ zero_extendqisi2
 675 0108 002B     		cmp	r3, #0
 676 010a E3D1     		bne	.L40
 677              	.L38:
  71:.\main.c      **** 	}
  72:.\main.c      **** }
  73:.\main.c      **** LCD_Char_Position(1 ,0  );  LCD_Char_PrintString("IP: ");	// derive IP on display
 678              		.loc 2 73 0
 679 010c 0120     		movs	r0, #1
 680 010e 0021     		movs	r1, #0
 681 0110 FFF7FEFF 		bl	LCD_Char_Position
 682 0114 2348     		ldr	r0, .L45+68
 683 0116 FFF7FEFF 		bl	LCD_Char_PrintString
  74:.\main.c      **** LCD_Char_PrintString(buff);  								
 684              		.loc 2 74 0
 685 011a 2048     		ldr	r0, .L45+60
 686 011c FFF7FEFF 		bl	LCD_Char_PrintString
  75:.\main.c      **** 
ARM GAS  C:\Users\SCOTTC~1\AppData\Local\Temp\ccDMrVNp.s 			page 17


  76:.\main.c      **** CyDelay(1000);
 687              		.loc 2 76 0
 688 0120 4FF47A70 		mov	r0, #1000
 689 0124 FFF7FEFF 		bl	CyDelay
  77:.\main.c      **** //-------------------------------------------------------------------------
  78:.\main.c      ****  while(1)
  79:.\main.c      ****  {											 
  80:.\main.c      **** 	while(Com_Data)			//We are waiting for client request .....
 690              		.loc 2 80 0
 691 0128 14E0     		b	.L41
 692              	.L43:
  81:.\main.c      **** 	{
  82:.\main.c      **** 		ch=UART_ReadRxData();		// deducted symbol
 693              		.loc 2 82 0
 694 012a FFF7FEFF 		bl	UART_ReadRxData
 695 012e 0346     		mov	r3, r0
 696 0130 1A46     		mov	r2, r3
 697 0132 194B     		ldr	r3, .L45+56
 698 0134 1A70     		strb	r2, [r3]
  83:.\main.c      **** 		if (ch == 'G') {			// too lazy to do check on "Get" - as the primary source in wait for the arriv
 699              		.loc 2 83 0
 700 0136 184B     		ldr	r3, .L45+56
 701 0138 1B78     		ldrb	r3, [r3]	@ zero_extendqisi2
 702 013a 472B     		cmp	r3, #71
 703 013c 04D1     		bne	.L42
  84:.\main.c      ****    			CyDelay(100);			// We wait for the end of the package
 704              		.loc 2 84 0
 705 013e 6420     		movs	r0, #100
 706 0140 FFF7FEFF 		bl	CyDelay
  85:.\main.c      **** 			webserver();			// We send a response
 707              		.loc 2 85 0
 708 0144 FFF7FEFF 		bl	webserver
 709              	.L42:
  86:.\main.c      **** 
  87:.\main.c      ****     	}
  88:.\main.c      **** 	Com_Data = UART_GetRxBufferSize();  //
 710              		.loc 2 88 0
 711 0148 FFF7FEFF 		bl	UART_GetRxBufferSize
 712 014c 0346     		mov	r3, r0
 713 014e 1A46     		mov	r2, r3
 714 0150 134B     		ldr	r3, .L45+64
 715 0152 1A70     		strb	r2, [r3]
 716              	.L41:
  80:.\main.c      **** 	while(Com_Data)			//We are waiting for client request .....
 717              		.loc 2 80 0 discriminator 1
 718 0154 124B     		ldr	r3, .L45+64
 719 0156 1B78     		ldrb	r3, [r3]	@ zero_extendqisi2
 720 0158 002B     		cmp	r3, #0
 721 015a E6D1     		bne	.L43
  89:.\main.c      **** 	}
  90:.\main.c      ****  }
 722              		.loc 2 90 0
 723 015c 00BF     		nop
  80:.\main.c      **** 	while(Com_Data)			//We are waiting for client request .....
 724              		.loc 2 80 0
 725 015e F9E7     		b	.L41
 726              	.L46:
ARM GAS  C:\Users\SCOTTC~1\AppData\Local\Temp\ccDMrVNp.s 			page 18


 727              		.align	2
 728              	.L45:
 729 0160 00000000 		.word	UART_ISR
 730 0164 08010000 		.word	.LC6
 731 0168 14010000 		.word	.LC7
 732 016c 1C010000 		.word	.LC8
 733 0170 28010000 		.word	.LC9
 734 0174 00000000 		.word	i
 735 0178 34010000 		.word	.LC10
 736 017c 3C010000 		.word	.LC11
 737 0180 48010000 		.word	.LC12
 738 0184 60010000 		.word	.LC13
 739 0188 70010000 		.word	.LC14
 740 018c 84010000 		.word	.LC15
 741 0190 90010000 		.word	.LC16
 742 0194 00000000 		.word	count
 743 0198 00000000 		.word	ch
 744 019c 00000000 		.word	buff
 745 01a0 00000000 		.word	Com_Data
 746 01a4 9C010000 		.word	.LC17
 747              		.cfi_endproc
 748              	.LFE62:
 749              		.size	main, .-main
 750              		.bss
 751              		.align	1
 752              	test.6313:
 753 0008 0000     		.space	2
 754 000a 0000     		.text
 755              	.Letext0:
 756              		.file 3 "c:\\program files\\cypress\\psoc creator\\3.2\\psoc creator\\import\\gnu\\arm\\4.8.4\\arm
 757              		.file 4 "c:\\program files\\cypress\\psoc creator\\3.2\\psoc creator\\import\\gnu\\arm\\4.8.4\\arm
 758              		.file 5 "Generated_Source\\PSoC5/cytypes.h"
 759              		.file 6 "Generated_Source\\PSoC5/core_cm3.h"
 760              		.section	.debug_info,"",%progbits
 761              	.Ldebug_info0:
 762 0000 23030000 		.4byte	0x323
 763 0004 0400     		.2byte	0x4
 764 0006 00000000 		.4byte	.Ldebug_abbrev0
 765 000a 04       		.byte	0x4
 766 000b 01       		.uleb128 0x1
 767 000c 8F010000 		.4byte	.LASF41
 768 0010 01       		.byte	0x1
 769 0011 0A000000 		.4byte	.LASF42
 770 0015 26000000 		.4byte	.LASF43
 771 0019 00000000 		.4byte	.Ldebug_ranges0+0
 772 001d 00000000 		.4byte	0
 773 0021 00000000 		.4byte	.Ldebug_line0
 774 0025 02       		.uleb128 0x2
 775 0026 01       		.byte	0x1
 776 0027 06       		.byte	0x6
 777 0028 78020000 		.4byte	.LASF0
 778 002c 02       		.uleb128 0x2
 779 002d 01       		.byte	0x1
 780 002e 08       		.byte	0x8
 781 002f C9000000 		.4byte	.LASF1
 782 0033 02       		.uleb128 0x2
 783 0034 02       		.byte	0x2
ARM GAS  C:\Users\SCOTTC~1\AppData\Local\Temp\ccDMrVNp.s 			page 19


 784 0035 05       		.byte	0x5
 785 0036 4B020000 		.4byte	.LASF2
 786 003a 02       		.uleb128 0x2
 787 003b 02       		.byte	0x2
 788 003c 07       		.byte	0x7
 789 003d F8000000 		.4byte	.LASF3
 790 0041 03       		.uleb128 0x3
 791 0042 00000000 		.4byte	.LASF9
 792 0046 03       		.byte	0x3
 793 0047 37       		.byte	0x37
 794 0048 4C000000 		.4byte	0x4c
 795 004c 02       		.uleb128 0x2
 796 004d 04       		.byte	0x4
 797 004e 05       		.byte	0x5
 798 004f 61020000 		.4byte	.LASF4
 799 0053 02       		.uleb128 0x2
 800 0054 04       		.byte	0x4
 801 0055 07       		.byte	0x7
 802 0056 E6000000 		.4byte	.LASF5
 803 005a 02       		.uleb128 0x2
 804 005b 08       		.byte	0x8
 805 005c 05       		.byte	0x5
 806 005d 22020000 		.4byte	.LASF6
 807 0061 02       		.uleb128 0x2
 808 0062 08       		.byte	0x8
 809 0063 07       		.byte	0x7
 810 0064 5B010000 		.4byte	.LASF7
 811 0068 04       		.uleb128 0x4
 812 0069 04       		.byte	0x4
 813 006a 05       		.byte	0x5
 814 006b 696E7400 		.ascii	"int\000"
 815 006f 02       		.uleb128 0x2
 816 0070 04       		.byte	0x4
 817 0071 07       		.byte	0x7
 818 0072 4E010000 		.4byte	.LASF8
 819 0076 03       		.uleb128 0x3
 820 0077 0B020000 		.4byte	.LASF10
 821 007b 04       		.byte	0x4
 822 007c 41       		.byte	0x41
 823 007d 41000000 		.4byte	0x41
 824 0081 03       		.uleb128 0x3
 825 0082 C3000000 		.4byte	.LASF11
 826 0086 05       		.byte	0x5
 827 0087 5B       		.byte	0x5b
 828 0088 2C000000 		.4byte	0x2c
 829 008c 03       		.uleb128 0x3
 830 008d 2E010000 		.4byte	.LASF12
 831 0091 05       		.byte	0x5
 832 0092 5C       		.byte	0x5c
 833 0093 3A000000 		.4byte	0x3a
 834 0097 02       		.uleb128 0x2
 835 0098 04       		.byte	0x4
 836 0099 04       		.byte	0x4
 837 009a BD000000 		.4byte	.LASF13
 838 009e 02       		.uleb128 0x2
 839 009f 08       		.byte	0x8
 840 00a0 04       		.byte	0x4
ARM GAS  C:\Users\SCOTTC~1\AppData\Local\Temp\ccDMrVNp.s 			page 20


 841 00a1 22010000 		.4byte	.LASF14
 842 00a5 03       		.uleb128 0x3
 843 00a6 1C020000 		.4byte	.LASF15
 844 00aa 05       		.byte	0x5
 845 00ab 6C       		.byte	0x6c
 846 00ac B0000000 		.4byte	0xb0
 847 00b0 02       		.uleb128 0x2
 848 00b1 01       		.byte	0x1
 849 00b2 08       		.byte	0x8
 850 00b3 30020000 		.4byte	.LASF16
 851 00b7 02       		.uleb128 0x2
 852 00b8 04       		.byte	0x4
 853 00b9 07       		.byte	0x7
 854 00ba 13020000 		.4byte	.LASF17
 855 00be 05       		.uleb128 0x5
 856 00bf 04       		.byte	0x4
 857 00c0 B0000000 		.4byte	0xb0
 858 00c4 06       		.uleb128 0x6
 859 00c5 7C010000 		.4byte	.LASF44
 860 00c9 01       		.byte	0x1
 861 00ca 0D       		.byte	0xd
 862 00cb 00000000 		.4byte	.LFB56
 863 00cf 18000000 		.4byte	.LFE56-.LFB56
 864 00d3 01       		.uleb128 0x1
 865 00d4 9C       		.byte	0x9c
 866 00d5 07       		.uleb128 0x7
 867 00d6 D7000000 		.4byte	.LASF24
 868 00da 01       		.byte	0x1
 869 00db 11       		.byte	0x11
 870 00dc 8C000000 		.4byte	0x8c
 871 00e0 00000000 		.4byte	.LFB57
 872 00e4 9C000000 		.4byte	.LFE57-.LFB57
 873 00e8 01       		.uleb128 0x1
 874 00e9 9C       		.byte	0x9c
 875 00ea 4F010000 		.4byte	0x14f
 876 00ee 08       		.uleb128 0x8
 877 00ef AA000000 		.4byte	.LASF18
 878 00f3 01       		.byte	0x1
 879 00f4 11       		.byte	0x11
 880 00f5 BE000000 		.4byte	0xbe
 881 00f9 02       		.uleb128 0x2
 882 00fa 91       		.byte	0x91
 883 00fb 6C       		.sleb128 -20
 884 00fc 08       		.uleb128 0x8
 885 00fd 85010000 		.4byte	.LASF19
 886 0101 01       		.byte	0x1
 887 0102 11       		.byte	0x11
 888 0103 BE000000 		.4byte	0xbe
 889 0107 02       		.uleb128 0x2
 890 0108 91       		.byte	0x91
 891 0109 68       		.sleb128 -24
 892 010a 09       		.uleb128 0x9
 893 010b 3B020000 		.4byte	.LASF20
 894 010f 01       		.byte	0x1
 895 0110 13       		.byte	0x13
 896 0111 81000000 		.4byte	0x81
 897 0115 02       		.uleb128 0x2
ARM GAS  C:\Users\SCOTTC~1\AppData\Local\Temp\ccDMrVNp.s 			page 21


 898 0116 91       		.byte	0x91
 899 0117 75       		.sleb128 -11
 900 0118 09       		.uleb128 0x9
 901 0119 35020000 		.4byte	.LASF21
 902 011d 01       		.byte	0x1
 903 011e 14       		.byte	0x14
 904 011f 81000000 		.4byte	0x81
 905 0123 02       		.uleb128 0x2
 906 0124 91       		.byte	0x91
 907 0125 77       		.sleb128 -9
 908 0126 09       		.uleb128 0x9
 909 0127 35010000 		.4byte	.LASF22
 910 012b 01       		.byte	0x1
 911 012c 15       		.byte	0x15
 912 012d 81000000 		.4byte	0x81
 913 0131 02       		.uleb128 0x2
 914 0132 91       		.byte	0x91
 915 0133 76       		.sleb128 -10
 916 0134 09       		.uleb128 0x9
 917 0135 13000000 		.4byte	.LASF23
 918 0139 01       		.byte	0x1
 919 013a 16       		.byte	0x16
 920 013b 81000000 		.4byte	0x81
 921 013f 02       		.uleb128 0x2
 922 0140 91       		.byte	0x91
 923 0141 74       		.sleb128 -12
 924 0142 0A       		.uleb128 0xa
 925 0143 6300     		.ascii	"c\000"
 926 0145 01       		.byte	0x1
 927 0146 17       		.byte	0x17
 928 0147 B0000000 		.4byte	0xb0
 929 014b 02       		.uleb128 0x2
 930 014c 91       		.byte	0x91
 931 014d 73       		.sleb128 -13
 932 014e 00       		.byte	0
 933 014f 07       		.uleb128 0x7
 934 0150 E1000000 		.4byte	.LASF25
 935 0154 01       		.byte	0x1
 936 0155 25       		.byte	0x25
 937 0156 8C000000 		.4byte	0x8c
 938 015a 00000000 		.4byte	.LFB58
 939 015e 54000000 		.4byte	.LFE58-.LFB58
 940 0162 01       		.uleb128 0x1
 941 0163 9C       		.byte	0x9c
 942 0164 9F010000 		.4byte	0x19f
 943 0168 08       		.uleb128 0x8
 944 0169 AA000000 		.4byte	.LASF18
 945 016d 01       		.byte	0x1
 946 016e 25       		.byte	0x25
 947 016f BE000000 		.4byte	0xbe
 948 0173 02       		.uleb128 0x2
 949 0174 91       		.byte	0x91
 950 0175 6C       		.sleb128 -20
 951 0176 09       		.uleb128 0x9
 952 0177 3B020000 		.4byte	.LASF20
 953 017b 01       		.byte	0x1
 954 017c 27       		.byte	0x27
ARM GAS  C:\Users\SCOTTC~1\AppData\Local\Temp\ccDMrVNp.s 			page 22


 955 017d 81000000 		.4byte	0x81
 956 0181 02       		.uleb128 0x2
 957 0182 91       		.byte	0x91
 958 0183 76       		.sleb128 -10
 959 0184 09       		.uleb128 0x9
 960 0185 35020000 		.4byte	.LASF21
 961 0189 01       		.byte	0x1
 962 018a 28       		.byte	0x28
 963 018b 81000000 		.4byte	0x81
 964 018f 02       		.uleb128 0x2
 965 0190 91       		.byte	0x91
 966 0191 77       		.sleb128 -9
 967 0192 0A       		.uleb128 0xa
 968 0193 6300     		.ascii	"c\000"
 969 0195 01       		.byte	0x1
 970 0196 2B       		.byte	0x2b
 971 0197 B0000000 		.4byte	0xb0
 972 019b 02       		.uleb128 0x2
 973 019c 91       		.byte	0x91
 974 019d 75       		.sleb128 -11
 975 019e 00       		.byte	0
 976 019f 07       		.uleb128 0x7
 977 01a0 B1000000 		.4byte	.LASF26
 978 01a4 01       		.byte	0x1
 979 01a5 35       		.byte	0x35
 980 01a6 68000000 		.4byte	0x68
 981 01aa 00000000 		.4byte	.LFB59
 982 01ae 60000000 		.4byte	.LFE59-.LFB59
 983 01b2 01       		.uleb128 0x1
 984 01b3 9C       		.byte	0x9c
 985 01b4 E3010000 		.4byte	0x1e3
 986 01b8 08       		.uleb128 0x8
 987 01b9 6A020000 		.4byte	.LASF27
 988 01bd 01       		.byte	0x1
 989 01be 35       		.byte	0x35
 990 01bf BE000000 		.4byte	0xbe
 991 01c3 02       		.uleb128 0x2
 992 01c4 91       		.byte	0x91
 993 01c5 54       		.sleb128 -44
 994 01c6 08       		.uleb128 0x8
 995 01c7 18010000 		.4byte	.LASF28
 996 01cb 01       		.byte	0x1
 997 01cc 35       		.byte	0x35
 998 01cd BE000000 		.4byte	0xbe
 999 01d1 02       		.uleb128 0x2
 1000 01d2 91       		.byte	0x91
 1001 01d3 50       		.sleb128 -48
 1002 01d4 09       		.uleb128 0x9
 1003 01d5 1B000000 		.4byte	.LASF29
 1004 01d9 01       		.byte	0x1
 1005 01da 37       		.byte	0x37
 1006 01db E3010000 		.4byte	0x1e3
 1007 01df 02       		.uleb128 0x2
 1008 01e0 91       		.byte	0x91
 1009 01e1 58       		.sleb128 -40
 1010 01e2 00       		.byte	0
 1011 01e3 0B       		.uleb128 0xb
ARM GAS  C:\Users\SCOTTC~1\AppData\Local\Temp\ccDMrVNp.s 			page 23


 1012 01e4 B0000000 		.4byte	0xb0
 1013 01e8 F3010000 		.4byte	0x1f3
 1014 01ec 0C       		.uleb128 0xc
 1015 01ed B7000000 		.4byte	0xb7
 1016 01f1 1F       		.byte	0x1f
 1017 01f2 00       		.byte	0
 1018 01f3 0D       		.uleb128 0xd
 1019 01f4 5C020000 		.4byte	.LASF31
 1020 01f8 01       		.byte	0x1
 1021 01f9 40       		.byte	0x40
 1022 01fa 00000000 		.4byte	.LFB60
 1023 01fe 48000000 		.4byte	.LFE60-.LFB60
 1024 0202 01       		.uleb128 0x1
 1025 0203 9C       		.byte	0x9c
 1026 0204 33020000 		.4byte	0x233
 1027 0208 08       		.uleb128 0x8
 1028 0209 55020000 		.4byte	.LASF30
 1029 020d 01       		.byte	0x1
 1030 020e 40       		.byte	0x40
 1031 020f BE000000 		.4byte	0xbe
 1032 0213 02       		.uleb128 0x2
 1033 0214 91       		.byte	0x91
 1034 0215 4C       		.sleb128 -52
 1035 0216 09       		.uleb128 0x9
 1036 0217 1B000000 		.4byte	.LASF29
 1037 021b 01       		.byte	0x1
 1038 021c 42       		.byte	0x42
 1039 021d E3010000 		.4byte	0x1e3
 1040 0221 02       		.uleb128 0x2
 1041 0222 91       		.byte	0x91
 1042 0223 54       		.sleb128 -44
 1043 0224 0A       		.uleb128 0xa
 1044 0225 6C656E00 		.ascii	"len\000"
 1045 0229 01       		.byte	0x1
 1046 022a 43       		.byte	0x43
 1047 022b 8C000000 		.4byte	0x8c
 1048 022f 02       		.uleb128 0x2
 1049 0230 91       		.byte	0x91
 1050 0231 76       		.sleb128 -10
 1051 0232 00       		.byte	0
 1052 0233 0D       		.uleb128 0xd
 1053 0234 72010000 		.4byte	.LASF32
 1054 0238 01       		.byte	0x1
 1055 0239 4B       		.byte	0x4b
 1056 023a 00000000 		.4byte	.LFB61
 1057 023e 4C000000 		.4byte	.LFE61-.LFB61
 1058 0242 01       		.uleb128 0x1
 1059 0243 9C       		.byte	0x9c
 1060 0244 69020000 		.4byte	0x269
 1061 0248 09       		.uleb128 0x9
 1062 0249 49010000 		.4byte	.LASF33
 1063 024d 01       		.byte	0x1
 1064 024e 4C       		.byte	0x4c
 1065 024f 8C000000 		.4byte	0x8c
 1066 0253 05       		.uleb128 0x5
 1067 0254 03       		.byte	0x3
 1068 0255 08000000 		.4byte	test.6313
ARM GAS  C:\Users\SCOTTC~1\AppData\Local\Temp\ccDMrVNp.s 			page 24


 1069 0259 09       		.uleb128 0x9
 1070 025a 1B000000 		.4byte	.LASF29
 1071 025e 01       		.byte	0x1
 1072 025f 4D       		.byte	0x4d
 1073 0260 69020000 		.4byte	0x269
 1074 0264 03       		.uleb128 0x3
 1075 0265 91       		.byte	0x91
 1076 0266 9078     		.sleb128 -1008
 1077 0268 00       		.byte	0
 1078 0269 0B       		.uleb128 0xb
 1079 026a B0000000 		.4byte	0xb0
 1080 026e 7A020000 		.4byte	0x27a
 1081 0272 0E       		.uleb128 0xe
 1082 0273 B7000000 		.4byte	0xb7
 1083 0277 E703     		.2byte	0x3e7
 1084 0279 00       		.byte	0
 1085 027a 0F       		.uleb128 0xf
 1086 027b 29010000 		.4byte	.LASF34
 1087 027f 02       		.byte	0x2
 1088 0280 23       		.byte	0x23
 1089 0281 68000000 		.4byte	0x68
 1090 0285 00000000 		.4byte	.LFB62
 1091 0289 A8010000 		.4byte	.LFE62-.LFB62
 1092 028d 01       		.uleb128 0x1
 1093 028e 9C       		.byte	0x9c
 1094 028f A2020000 		.4byte	0x2a2
 1095 0293 09       		.uleb128 0x9
 1096 0294 3F010000 		.4byte	.LASF35
 1097 0298 02       		.byte	0x2
 1098 0299 25       		.byte	0x25
 1099 029a 68000000 		.4byte	0x68
 1100 029e 02       		.uleb128 0x2
 1101 029f 91       		.byte	0x91
 1102 02a0 74       		.sleb128 -12
 1103 02a1 00       		.byte	0
 1104 02a2 10       		.uleb128 0x10
 1105 02a3 0B010000 		.4byte	.LASF36
 1106 02a7 06       		.byte	0x6
 1107 02a8 1606     		.2byte	0x616
 1108 02aa AE020000 		.4byte	0x2ae
 1109 02ae 11       		.uleb128 0x11
 1110 02af 76000000 		.4byte	0x76
 1111 02b3 12       		.uleb128 0x12
 1112 02b4 6F020000 		.4byte	.LASF37
 1113 02b8 01       		.byte	0x1
 1114 02b9 04       		.byte	0x4
 1115 02ba 81000000 		.4byte	0x81
 1116 02be 05       		.uleb128 0x5
 1117 02bf 03       		.byte	0x3
 1118 02c0 00000000 		.4byte	Com_Data
 1119 02c4 0B       		.uleb128 0xb
 1120 02c5 B0000000 		.4byte	0xb0
 1121 02c9 D4020000 		.4byte	0x2d4
 1122 02cd 0C       		.uleb128 0xc
 1123 02ce B7000000 		.4byte	0xb7
 1124 02d2 7F       		.byte	0x7f
 1125 02d3 00       		.byte	0
ARM GAS  C:\Users\SCOTTC~1\AppData\Local\Temp\ccDMrVNp.s 			page 25


 1126 02d4 12       		.uleb128 0x12
 1127 02d5 84020000 		.4byte	.LASF38
 1128 02d9 01       		.byte	0x1
 1129 02da 05       		.byte	0x5
 1130 02db C4020000 		.4byte	0x2c4
 1131 02df 05       		.uleb128 0x5
 1132 02e0 03       		.byte	0x3
 1133 02e1 00000000 		.4byte	InString
 1134 02e5 13       		.uleb128 0x13
 1135 02e6 636800   		.ascii	"ch\000"
 1136 02e9 01       		.byte	0x1
 1137 02ea 07       		.byte	0x7
 1138 02eb A5000000 		.4byte	0xa5
 1139 02ef 05       		.uleb128 0x5
 1140 02f0 03       		.byte	0x3
 1141 02f1 00000000 		.4byte	ch
 1142 02f5 12       		.uleb128 0x12
 1143 02f6 45020000 		.4byte	.LASF39
 1144 02fa 01       		.byte	0x1
 1145 02fb 08       		.byte	0x8
 1146 02fc 81000000 		.4byte	0x81
 1147 0300 05       		.uleb128 0x5
 1148 0301 03       		.byte	0x3
 1149 0302 00000000 		.4byte	count
 1150 0306 12       		.uleb128 0x12
 1151 0307 1D010000 		.4byte	.LASF40
 1152 030b 01       		.byte	0x1
 1153 030c 0A       		.byte	0xa
 1154 030d C4020000 		.4byte	0x2c4
 1155 0311 05       		.uleb128 0x5
 1156 0312 03       		.byte	0x3
 1157 0313 00000000 		.4byte	buff
 1158 0317 13       		.uleb128 0x13
 1159 0318 6900     		.ascii	"i\000"
 1160 031a 02       		.byte	0x2
 1161 031b 20       		.byte	0x20
 1162 031c 68000000 		.4byte	0x68
 1163 0320 05       		.uleb128 0x5
 1164 0321 03       		.byte	0x3
 1165 0322 00000000 		.4byte	i
 1166 0326 00       		.byte	0
 1167              		.section	.debug_abbrev,"",%progbits
 1168              	.Ldebug_abbrev0:
 1169 0000 01       		.uleb128 0x1
 1170 0001 11       		.uleb128 0x11
 1171 0002 01       		.byte	0x1
 1172 0003 25       		.uleb128 0x25
 1173 0004 0E       		.uleb128 0xe
 1174 0005 13       		.uleb128 0x13
 1175 0006 0B       		.uleb128 0xb
 1176 0007 03       		.uleb128 0x3
 1177 0008 0E       		.uleb128 0xe
 1178 0009 1B       		.uleb128 0x1b
 1179 000a 0E       		.uleb128 0xe
 1180 000b 55       		.uleb128 0x55
 1181 000c 17       		.uleb128 0x17
 1182 000d 11       		.uleb128 0x11
ARM GAS  C:\Users\SCOTTC~1\AppData\Local\Temp\ccDMrVNp.s 			page 26


 1183 000e 01       		.uleb128 0x1
 1184 000f 10       		.uleb128 0x10
 1185 0010 17       		.uleb128 0x17
 1186 0011 00       		.byte	0
 1187 0012 00       		.byte	0
 1188 0013 02       		.uleb128 0x2
 1189 0014 24       		.uleb128 0x24
 1190 0015 00       		.byte	0
 1191 0016 0B       		.uleb128 0xb
 1192 0017 0B       		.uleb128 0xb
 1193 0018 3E       		.uleb128 0x3e
 1194 0019 0B       		.uleb128 0xb
 1195 001a 03       		.uleb128 0x3
 1196 001b 0E       		.uleb128 0xe
 1197 001c 00       		.byte	0
 1198 001d 00       		.byte	0
 1199 001e 03       		.uleb128 0x3
 1200 001f 16       		.uleb128 0x16
 1201 0020 00       		.byte	0
 1202 0021 03       		.uleb128 0x3
 1203 0022 0E       		.uleb128 0xe
 1204 0023 3A       		.uleb128 0x3a
 1205 0024 0B       		.uleb128 0xb
 1206 0025 3B       		.uleb128 0x3b
 1207 0026 0B       		.uleb128 0xb
 1208 0027 49       		.uleb128 0x49
 1209 0028 13       		.uleb128 0x13
 1210 0029 00       		.byte	0
 1211 002a 00       		.byte	0
 1212 002b 04       		.uleb128 0x4
 1213 002c 24       		.uleb128 0x24
 1214 002d 00       		.byte	0
 1215 002e 0B       		.uleb128 0xb
 1216 002f 0B       		.uleb128 0xb
 1217 0030 3E       		.uleb128 0x3e
 1218 0031 0B       		.uleb128 0xb
 1219 0032 03       		.uleb128 0x3
 1220 0033 08       		.uleb128 0x8
 1221 0034 00       		.byte	0
 1222 0035 00       		.byte	0
 1223 0036 05       		.uleb128 0x5
 1224 0037 0F       		.uleb128 0xf
 1225 0038 00       		.byte	0
 1226 0039 0B       		.uleb128 0xb
 1227 003a 0B       		.uleb128 0xb
 1228 003b 49       		.uleb128 0x49
 1229 003c 13       		.uleb128 0x13
 1230 003d 00       		.byte	0
 1231 003e 00       		.byte	0
 1232 003f 06       		.uleb128 0x6
 1233 0040 2E       		.uleb128 0x2e
 1234 0041 00       		.byte	0
 1235 0042 3F       		.uleb128 0x3f
 1236 0043 19       		.uleb128 0x19
 1237 0044 03       		.uleb128 0x3
 1238 0045 0E       		.uleb128 0xe
 1239 0046 3A       		.uleb128 0x3a
ARM GAS  C:\Users\SCOTTC~1\AppData\Local\Temp\ccDMrVNp.s 			page 27


 1240 0047 0B       		.uleb128 0xb
 1241 0048 3B       		.uleb128 0x3b
 1242 0049 0B       		.uleb128 0xb
 1243 004a 27       		.uleb128 0x27
 1244 004b 19       		.uleb128 0x19
 1245 004c 11       		.uleb128 0x11
 1246 004d 01       		.uleb128 0x1
 1247 004e 12       		.uleb128 0x12
 1248 004f 06       		.uleb128 0x6
 1249 0050 40       		.uleb128 0x40
 1250 0051 18       		.uleb128 0x18
 1251 0052 9742     		.uleb128 0x2117
 1252 0054 19       		.uleb128 0x19
 1253 0055 00       		.byte	0
 1254 0056 00       		.byte	0
 1255 0057 07       		.uleb128 0x7
 1256 0058 2E       		.uleb128 0x2e
 1257 0059 01       		.byte	0x1
 1258 005a 3F       		.uleb128 0x3f
 1259 005b 19       		.uleb128 0x19
 1260 005c 03       		.uleb128 0x3
 1261 005d 0E       		.uleb128 0xe
 1262 005e 3A       		.uleb128 0x3a
 1263 005f 0B       		.uleb128 0xb
 1264 0060 3B       		.uleb128 0x3b
 1265 0061 0B       		.uleb128 0xb
 1266 0062 27       		.uleb128 0x27
 1267 0063 19       		.uleb128 0x19
 1268 0064 49       		.uleb128 0x49
 1269 0065 13       		.uleb128 0x13
 1270 0066 11       		.uleb128 0x11
 1271 0067 01       		.uleb128 0x1
 1272 0068 12       		.uleb128 0x12
 1273 0069 06       		.uleb128 0x6
 1274 006a 40       		.uleb128 0x40
 1275 006b 18       		.uleb128 0x18
 1276 006c 9642     		.uleb128 0x2116
 1277 006e 19       		.uleb128 0x19
 1278 006f 01       		.uleb128 0x1
 1279 0070 13       		.uleb128 0x13
 1280 0071 00       		.byte	0
 1281 0072 00       		.byte	0
 1282 0073 08       		.uleb128 0x8
 1283 0074 05       		.uleb128 0x5
 1284 0075 00       		.byte	0
 1285 0076 03       		.uleb128 0x3
 1286 0077 0E       		.uleb128 0xe
 1287 0078 3A       		.uleb128 0x3a
 1288 0079 0B       		.uleb128 0xb
 1289 007a 3B       		.uleb128 0x3b
 1290 007b 0B       		.uleb128 0xb
 1291 007c 49       		.uleb128 0x49
 1292 007d 13       		.uleb128 0x13
 1293 007e 02       		.uleb128 0x2
 1294 007f 18       		.uleb128 0x18
 1295 0080 00       		.byte	0
 1296 0081 00       		.byte	0
ARM GAS  C:\Users\SCOTTC~1\AppData\Local\Temp\ccDMrVNp.s 			page 28


 1297 0082 09       		.uleb128 0x9
 1298 0083 34       		.uleb128 0x34
 1299 0084 00       		.byte	0
 1300 0085 03       		.uleb128 0x3
 1301 0086 0E       		.uleb128 0xe
 1302 0087 3A       		.uleb128 0x3a
 1303 0088 0B       		.uleb128 0xb
 1304 0089 3B       		.uleb128 0x3b
 1305 008a 0B       		.uleb128 0xb
 1306 008b 49       		.uleb128 0x49
 1307 008c 13       		.uleb128 0x13
 1308 008d 02       		.uleb128 0x2
 1309 008e 18       		.uleb128 0x18
 1310 008f 00       		.byte	0
 1311 0090 00       		.byte	0
 1312 0091 0A       		.uleb128 0xa
 1313 0092 34       		.uleb128 0x34
 1314 0093 00       		.byte	0
 1315 0094 03       		.uleb128 0x3
 1316 0095 08       		.uleb128 0x8
 1317 0096 3A       		.uleb128 0x3a
 1318 0097 0B       		.uleb128 0xb
 1319 0098 3B       		.uleb128 0x3b
 1320 0099 0B       		.uleb128 0xb
 1321 009a 49       		.uleb128 0x49
 1322 009b 13       		.uleb128 0x13
 1323 009c 02       		.uleb128 0x2
 1324 009d 18       		.uleb128 0x18
 1325 009e 00       		.byte	0
 1326 009f 00       		.byte	0
 1327 00a0 0B       		.uleb128 0xb
 1328 00a1 01       		.uleb128 0x1
 1329 00a2 01       		.byte	0x1
 1330 00a3 49       		.uleb128 0x49
 1331 00a4 13       		.uleb128 0x13
 1332 00a5 01       		.uleb128 0x1
 1333 00a6 13       		.uleb128 0x13
 1334 00a7 00       		.byte	0
 1335 00a8 00       		.byte	0
 1336 00a9 0C       		.uleb128 0xc
 1337 00aa 21       		.uleb128 0x21
 1338 00ab 00       		.byte	0
 1339 00ac 49       		.uleb128 0x49
 1340 00ad 13       		.uleb128 0x13
 1341 00ae 2F       		.uleb128 0x2f
 1342 00af 0B       		.uleb128 0xb
 1343 00b0 00       		.byte	0
 1344 00b1 00       		.byte	0
 1345 00b2 0D       		.uleb128 0xd
 1346 00b3 2E       		.uleb128 0x2e
 1347 00b4 01       		.byte	0x1
 1348 00b5 3F       		.uleb128 0x3f
 1349 00b6 19       		.uleb128 0x19
 1350 00b7 03       		.uleb128 0x3
 1351 00b8 0E       		.uleb128 0xe
 1352 00b9 3A       		.uleb128 0x3a
 1353 00ba 0B       		.uleb128 0xb
ARM GAS  C:\Users\SCOTTC~1\AppData\Local\Temp\ccDMrVNp.s 			page 29


 1354 00bb 3B       		.uleb128 0x3b
 1355 00bc 0B       		.uleb128 0xb
 1356 00bd 27       		.uleb128 0x27
 1357 00be 19       		.uleb128 0x19
 1358 00bf 11       		.uleb128 0x11
 1359 00c0 01       		.uleb128 0x1
 1360 00c1 12       		.uleb128 0x12
 1361 00c2 06       		.uleb128 0x6
 1362 00c3 40       		.uleb128 0x40
 1363 00c4 18       		.uleb128 0x18
 1364 00c5 9642     		.uleb128 0x2116
 1365 00c7 19       		.uleb128 0x19
 1366 00c8 01       		.uleb128 0x1
 1367 00c9 13       		.uleb128 0x13
 1368 00ca 00       		.byte	0
 1369 00cb 00       		.byte	0
 1370 00cc 0E       		.uleb128 0xe
 1371 00cd 21       		.uleb128 0x21
 1372 00ce 00       		.byte	0
 1373 00cf 49       		.uleb128 0x49
 1374 00d0 13       		.uleb128 0x13
 1375 00d1 2F       		.uleb128 0x2f
 1376 00d2 05       		.uleb128 0x5
 1377 00d3 00       		.byte	0
 1378 00d4 00       		.byte	0
 1379 00d5 0F       		.uleb128 0xf
 1380 00d6 2E       		.uleb128 0x2e
 1381 00d7 01       		.byte	0x1
 1382 00d8 3F       		.uleb128 0x3f
 1383 00d9 19       		.uleb128 0x19
 1384 00da 03       		.uleb128 0x3
 1385 00db 0E       		.uleb128 0xe
 1386 00dc 3A       		.uleb128 0x3a
 1387 00dd 0B       		.uleb128 0xb
 1388 00de 3B       		.uleb128 0x3b
 1389 00df 0B       		.uleb128 0xb
 1390 00e0 49       		.uleb128 0x49
 1391 00e1 13       		.uleb128 0x13
 1392 00e2 11       		.uleb128 0x11
 1393 00e3 01       		.uleb128 0x1
 1394 00e4 12       		.uleb128 0x12
 1395 00e5 06       		.uleb128 0x6
 1396 00e6 40       		.uleb128 0x40
 1397 00e7 18       		.uleb128 0x18
 1398 00e8 9642     		.uleb128 0x2116
 1399 00ea 19       		.uleb128 0x19
 1400 00eb 01       		.uleb128 0x1
 1401 00ec 13       		.uleb128 0x13
 1402 00ed 00       		.byte	0
 1403 00ee 00       		.byte	0
 1404 00ef 10       		.uleb128 0x10
 1405 00f0 34       		.uleb128 0x34
 1406 00f1 00       		.byte	0
 1407 00f2 03       		.uleb128 0x3
 1408 00f3 0E       		.uleb128 0xe
 1409 00f4 3A       		.uleb128 0x3a
 1410 00f5 0B       		.uleb128 0xb
ARM GAS  C:\Users\SCOTTC~1\AppData\Local\Temp\ccDMrVNp.s 			page 30


 1411 00f6 3B       		.uleb128 0x3b
 1412 00f7 05       		.uleb128 0x5
 1413 00f8 49       		.uleb128 0x49
 1414 00f9 13       		.uleb128 0x13
 1415 00fa 3F       		.uleb128 0x3f
 1416 00fb 19       		.uleb128 0x19
 1417 00fc 3C       		.uleb128 0x3c
 1418 00fd 19       		.uleb128 0x19
 1419 00fe 00       		.byte	0
 1420 00ff 00       		.byte	0
 1421 0100 11       		.uleb128 0x11
 1422 0101 35       		.uleb128 0x35
 1423 0102 00       		.byte	0
 1424 0103 49       		.uleb128 0x49
 1425 0104 13       		.uleb128 0x13
 1426 0105 00       		.byte	0
 1427 0106 00       		.byte	0
 1428 0107 12       		.uleb128 0x12
 1429 0108 34       		.uleb128 0x34
 1430 0109 00       		.byte	0
 1431 010a 03       		.uleb128 0x3
 1432 010b 0E       		.uleb128 0xe
 1433 010c 3A       		.uleb128 0x3a
 1434 010d 0B       		.uleb128 0xb
 1435 010e 3B       		.uleb128 0x3b
 1436 010f 0B       		.uleb128 0xb
 1437 0110 49       		.uleb128 0x49
 1438 0111 13       		.uleb128 0x13
 1439 0112 3F       		.uleb128 0x3f
 1440 0113 19       		.uleb128 0x19
 1441 0114 02       		.uleb128 0x2
 1442 0115 18       		.uleb128 0x18
 1443 0116 00       		.byte	0
 1444 0117 00       		.byte	0
 1445 0118 13       		.uleb128 0x13
 1446 0119 34       		.uleb128 0x34
 1447 011a 00       		.byte	0
 1448 011b 03       		.uleb128 0x3
 1449 011c 08       		.uleb128 0x8
 1450 011d 3A       		.uleb128 0x3a
 1451 011e 0B       		.uleb128 0xb
 1452 011f 3B       		.uleb128 0x3b
 1453 0120 0B       		.uleb128 0xb
 1454 0121 49       		.uleb128 0x49
 1455 0122 13       		.uleb128 0x13
 1456 0123 3F       		.uleb128 0x3f
 1457 0124 19       		.uleb128 0x19
 1458 0125 02       		.uleb128 0x2
 1459 0126 18       		.uleb128 0x18
 1460 0127 00       		.byte	0
 1461 0128 00       		.byte	0
 1462 0129 00       		.byte	0
 1463              		.section	.debug_aranges,"",%progbits
 1464 0000 4C000000 		.4byte	0x4c
 1465 0004 0200     		.2byte	0x2
 1466 0006 00000000 		.4byte	.Ldebug_info0
 1467 000a 04       		.byte	0x4
ARM GAS  C:\Users\SCOTTC~1\AppData\Local\Temp\ccDMrVNp.s 			page 31


 1468 000b 00       		.byte	0
 1469 000c 0000     		.2byte	0
 1470 000e 0000     		.2byte	0
 1471 0010 00000000 		.4byte	.LFB56
 1472 0014 18000000 		.4byte	.LFE56-.LFB56
 1473 0018 00000000 		.4byte	.LFB57
 1474 001c 9C000000 		.4byte	.LFE57-.LFB57
 1475 0020 00000000 		.4byte	.LFB58
 1476 0024 54000000 		.4byte	.LFE58-.LFB58
 1477 0028 00000000 		.4byte	.LFB59
 1478 002c 60000000 		.4byte	.LFE59-.LFB59
 1479 0030 00000000 		.4byte	.LFB60
 1480 0034 48000000 		.4byte	.LFE60-.LFB60
 1481 0038 00000000 		.4byte	.LFB61
 1482 003c 4C000000 		.4byte	.LFE61-.LFB61
 1483 0040 00000000 		.4byte	.LFB62
 1484 0044 A8010000 		.4byte	.LFE62-.LFB62
 1485 0048 00000000 		.4byte	0
 1486 004c 00000000 		.4byte	0
 1487              		.section	.debug_ranges,"",%progbits
 1488              	.Ldebug_ranges0:
 1489 0000 00000000 		.4byte	.LFB56
 1490 0004 18000000 		.4byte	.LFE56
 1491 0008 00000000 		.4byte	.LFB57
 1492 000c 9C000000 		.4byte	.LFE57
 1493 0010 00000000 		.4byte	.LFB58
 1494 0014 54000000 		.4byte	.LFE58
 1495 0018 00000000 		.4byte	.LFB59
 1496 001c 60000000 		.4byte	.LFE59
 1497 0020 00000000 		.4byte	.LFB60
 1498 0024 48000000 		.4byte	.LFE60
 1499 0028 00000000 		.4byte	.LFB61
 1500 002c 4C000000 		.4byte	.LFE61
 1501 0030 00000000 		.4byte	.LFB62
 1502 0034 A8010000 		.4byte	.LFE62
 1503 0038 00000000 		.4byte	0
 1504 003c 00000000 		.4byte	0
 1505              		.section	.debug_line,"",%progbits
 1506              	.Ldebug_line0:
 1507 0000 73020000 		.section	.debug_str,"MS",%progbits,1
 1507      02005201 
 1507      00000201 
 1507      FB0E0D00 
 1507      01010101 
 1508              	.LASF9:
 1509 0000 5F5F696E 		.ascii	"__int32_t\000"
 1509      7433325F 
 1509      7400
 1510              	.LASF42:
 1511 000a 2E5C6D61 		.ascii	".\\main.c\000"
 1511      696E2E63 
 1511      00
 1512              	.LASF23:
 1513 0013 7465726D 		.ascii	"termLen\000"
 1513      4C656E00 
 1514              	.LASF29:
 1515 001b 73656E64 		.ascii	"sendString\000"
ARM GAS  C:\Users\SCOTTC~1\AppData\Local\Temp\ccDMrVNp.s 			page 32


 1515      53747269 
 1515      6E6700
 1516              	.LASF43:
 1517 0026 5C5C766D 		.ascii	"\\\\vmware-host\\Shared Folders\\scottcarlson On My"
 1517      77617265 
 1517      2D686F73 
 1517      745C5368 
 1517      61726564 
 1518 0055 204D6163 		.ascii	" Mac\\Downloads\\WIFI_MicroWebServer (1)\\WIFI_Micr"
 1518      5C446F77 
 1518      6E6C6F61 
 1518      64735C57 
 1518      4946495F 
 1519 0085 6F576562 		.ascii	"oWebServer\\WIFI_MicroWebServer.cydsn\000"
 1519      53657276 
 1519      65725C57 
 1519      4946495F 
 1519      4D696372 
 1520              	.LASF18:
 1521 00aa 74617267 		.ascii	"target\000"
 1521      657400
 1522              	.LASF26:
 1523 00b1 636F6E6E 		.ascii	"connectWiFi\000"
 1523      65637457 
 1523      69466900 
 1524              	.LASF13:
 1525 00bd 666C6F61 		.ascii	"float\000"
 1525      7400
 1526              	.LASF11:
 1527 00c3 75696E74 		.ascii	"uint8\000"
 1527      3800
 1528              	.LASF1:
 1529 00c9 756E7369 		.ascii	"unsigned char\000"
 1529      676E6564 
 1529      20636861 
 1529      7200
 1530              	.LASF24:
 1531 00d7 66696E64 		.ascii	"findUntil\000"
 1531      556E7469 
 1531      6C00
 1532              	.LASF25:
 1533 00e1 66696E64 		.ascii	"find\000"
 1533      00
 1534              	.LASF5:
 1535 00e6 6C6F6E67 		.ascii	"long unsigned int\000"
 1535      20756E73 
 1535      69676E65 
 1535      6420696E 
 1535      7400
 1536              	.LASF3:
 1537 00f8 73686F72 		.ascii	"short unsigned int\000"
 1537      7420756E 
 1537      7369676E 
 1537      65642069 
 1537      6E7400
 1538              	.LASF36:
 1539 010b 49544D5F 		.ascii	"ITM_RxBuffer\000"
ARM GAS  C:\Users\SCOTTC~1\AppData\Local\Temp\ccDMrVNp.s 			page 33


 1539      52784275 
 1539      66666572 
 1539      00
 1540              	.LASF28:
 1541 0118 50415353 		.ascii	"PASS\000"
 1541      00
 1542              	.LASF40:
 1543 011d 62756666 		.ascii	"buff\000"
 1543      00
 1544              	.LASF14:
 1545 0122 646F7562 		.ascii	"double\000"
 1545      6C6500
 1546              	.LASF34:
 1547 0129 6D61696E 		.ascii	"main\000"
 1547      00
 1548              	.LASF12:
 1549 012e 75696E74 		.ascii	"uint16\000"
 1549      313600
 1550              	.LASF22:
 1551 0135 7465726D 		.ascii	"termIndex\000"
 1551      496E6465 
 1551      7800
 1552              	.LASF35:
 1553 013f 636F6E6E 		.ascii	"connected\000"
 1553      65637465 
 1553      6400
 1554              	.LASF33:
 1555 0149 74657374 		.ascii	"test\000"
 1555      00
 1556              	.LASF8:
 1557 014e 756E7369 		.ascii	"unsigned int\000"
 1557      676E6564 
 1557      20696E74 
 1557      00
 1558              	.LASF7:
 1559 015b 6C6F6E67 		.ascii	"long long unsigned int\000"
 1559      206C6F6E 
 1559      6720756E 
 1559      7369676E 
 1559      65642069 
 1560              	.LASF32:
 1561 0172 77656273 		.ascii	"webserver\000"
 1561      65727665 
 1561      7200
 1562              	.LASF44:
 1563 017c 55415254 		.ascii	"UART_ISR\000"
 1563      5F495352 
 1563      00
 1564              	.LASF19:
 1565 0185 7465726D 		.ascii	"terminate\000"
 1565      696E6174 
 1565      6500
 1566              	.LASF41:
 1567 018f 474E5520 		.ascii	"GNU C 4.8.4 20140526 (release) [ARM/embedded-4_8-br"
 1567      4320342E 
 1567      382E3420 
 1567      32303134 
ARM GAS  C:\Users\SCOTTC~1\AppData\Local\Temp\ccDMrVNp.s 			page 34


 1567      30353236 
 1568 01c2 616E6368 		.ascii	"anch revision 211358] -mcpu=cortex-m3 -mthumb -g -O"
 1568      20726576 
 1568      6973696F 
 1568      6E203231 
 1568      31333538 
 1569 01f5 30202D66 		.ascii	"0 -ffunction-sections\000"
 1569      66756E63 
 1569      74696F6E 
 1569      2D736563 
 1569      74696F6E 
 1570              	.LASF10:
 1571 020b 696E7433 		.ascii	"int32_t\000"
 1571      325F7400 
 1572              	.LASF17:
 1573 0213 73697A65 		.ascii	"sizetype\000"
 1573      74797065 
 1573      00
 1574              	.LASF15:
 1575 021c 63686172 		.ascii	"char8\000"
 1575      3800
 1576              	.LASF6:
 1577 0222 6C6F6E67 		.ascii	"long long int\000"
 1577      206C6F6E 
 1577      6720696E 
 1577      7400
 1578              	.LASF16:
 1579 0230 63686172 		.ascii	"char\000"
 1579      00
 1580              	.LASF21:
 1581 0235 696E6465 		.ascii	"index\000"
 1581      7800
 1582              	.LASF20:
 1583 023b 74617267 		.ascii	"targetLen\000"
 1583      65744C65 
 1583      6E00
 1584              	.LASF39:
 1585 0245 636F756E 		.ascii	"count\000"
 1585      7400
 1586              	.LASF2:
 1587 024b 73686F72 		.ascii	"short int\000"
 1587      7420696E 
 1587      7400
 1588              	.LASF30:
 1589 0255 6F757470 		.ascii	"output\000"
 1589      757400
 1590              	.LASF31:
 1591 025c 68747470 		.ascii	"http\000"
 1591      00
 1592              	.LASF4:
 1593 0261 6C6F6E67 		.ascii	"long int\000"
 1593      20696E74 
 1593      00
 1594              	.LASF27:
 1595 026a 53534944 		.ascii	"SSID\000"
 1595      00
 1596              	.LASF37:
ARM GAS  C:\Users\SCOTTC~1\AppData\Local\Temp\ccDMrVNp.s 			page 35


 1597 026f 436F6D5F 		.ascii	"Com_Data\000"
 1597      44617461 
 1597      00
 1598              	.LASF0:
 1599 0278 7369676E 		.ascii	"signed char\000"
 1599      65642063 
 1599      68617200 
 1600              	.LASF38:
 1601 0284 496E5374 		.ascii	"InString\000"
 1601      72696E67 
 1601      00
 1602              		.ident	"GCC: (GNU Tools for ARM Embedded Processors) 4.8.4 20140526 (release) [ARM/embedded-4_8-br
