ARM GAS  C:\Users\SCOTTC~1\AppData\Local\Temp\ccJ3w8Xz.s 			page 1


   1              		.syntax unified
   2              		.cpu cortex-m3
   3              		.fpu softvfp
   4              		.eabi_attribute 20, 1
   5              		.eabi_attribute 21, 1
   6              		.eabi_attribute 23, 3
   7              		.eabi_attribute 24, 1
   8              		.eabi_attribute 25, 1
   9              		.eabi_attribute 26, 1
  10              		.eabi_attribute 30, 6
  11              		.eabi_attribute 34, 1
  12              		.eabi_attribute 18, 4
  13              		.thumb
  14              		.file	"UART_INT.c"
  15              		.text
  16              	.Ltext0:
  17              		.cfi_sections	.debug_frame
  18              		.section	.text.UART_RXISR,"ax",%progbits
  19              		.align	2
  20              		.global	UART_RXISR
  21              		.thumb
  22              		.thumb_func
  23              		.type	UART_RXISR, %function
  24              	UART_RXISR:
  25              	.LFB0:
  26              		.file 1 ".\\Generated_Source\\PSoC5\\UART_INT.c"
   1:.\Generated_Source\PSoC5/UART_INT.c **** /*******************************************************************************
   2:.\Generated_Source\PSoC5/UART_INT.c **** * File Name: UART_INT.c
   3:.\Generated_Source\PSoC5/UART_INT.c **** * Version 2.30
   4:.\Generated_Source\PSoC5/UART_INT.c **** *
   5:.\Generated_Source\PSoC5/UART_INT.c **** * Description:
   6:.\Generated_Source\PSoC5/UART_INT.c **** *  This file provides all Interrupt Service functionality of the UART component
   7:.\Generated_Source\PSoC5/UART_INT.c **** *
   8:.\Generated_Source\PSoC5/UART_INT.c **** * Note:
   9:.\Generated_Source\PSoC5/UART_INT.c **** *  Any unusual or non-standard behavior should be noted here. Other-
  10:.\Generated_Source\PSoC5/UART_INT.c **** *  wise, this section should remain blank.
  11:.\Generated_Source\PSoC5/UART_INT.c **** *
  12:.\Generated_Source\PSoC5/UART_INT.c **** ********************************************************************************
  13:.\Generated_Source\PSoC5/UART_INT.c **** * Copyright 2008-2012, Cypress Semiconductor Corporation.  All rights reserved.
  14:.\Generated_Source\PSoC5/UART_INT.c **** * You may use this file only in accordance with the license, terms, conditions,
  15:.\Generated_Source\PSoC5/UART_INT.c **** * disclaimers, and limitations in the end user license agreement accompanying
  16:.\Generated_Source\PSoC5/UART_INT.c **** * the software package with which this file was provided.
  17:.\Generated_Source\PSoC5/UART_INT.c **** *******************************************************************************/
  18:.\Generated_Source\PSoC5/UART_INT.c **** 
  19:.\Generated_Source\PSoC5/UART_INT.c **** #include "UART.h"
  20:.\Generated_Source\PSoC5/UART_INT.c **** #include "CyLib.h"
  21:.\Generated_Source\PSoC5/UART_INT.c **** 
  22:.\Generated_Source\PSoC5/UART_INT.c **** 
  23:.\Generated_Source\PSoC5/UART_INT.c **** /***************************************
  24:.\Generated_Source\PSoC5/UART_INT.c **** * Custom Declratations
  25:.\Generated_Source\PSoC5/UART_INT.c **** ***************************************/
  26:.\Generated_Source\PSoC5/UART_INT.c **** /* `#START CUSTOM_DECLARATIONS` Place your declaration here */
  27:.\Generated_Source\PSoC5/UART_INT.c **** 
  28:.\Generated_Source\PSoC5/UART_INT.c **** /* `#END` */
  29:.\Generated_Source\PSoC5/UART_INT.c **** 
  30:.\Generated_Source\PSoC5/UART_INT.c **** #if( (UART_RX_ENABLED || UART_HD_ENABLED) && \
  31:.\Generated_Source\PSoC5/UART_INT.c ****      (UART_RXBUFFERSIZE > UART_FIFO_LENGTH))
ARM GAS  C:\Users\SCOTTC~1\AppData\Local\Temp\ccJ3w8Xz.s 			page 2


  32:.\Generated_Source\PSoC5/UART_INT.c **** 
  33:.\Generated_Source\PSoC5/UART_INT.c **** 
  34:.\Generated_Source\PSoC5/UART_INT.c ****     /*******************************************************************************
  35:.\Generated_Source\PSoC5/UART_INT.c ****     * Function Name: UART_RXISR
  36:.\Generated_Source\PSoC5/UART_INT.c ****     ********************************************************************************
  37:.\Generated_Source\PSoC5/UART_INT.c ****     *
  38:.\Generated_Source\PSoC5/UART_INT.c ****     * Summary:
  39:.\Generated_Source\PSoC5/UART_INT.c ****     *  Interrupt Service Routine for RX portion of the UART
  40:.\Generated_Source\PSoC5/UART_INT.c ****     *
  41:.\Generated_Source\PSoC5/UART_INT.c ****     * Parameters:
  42:.\Generated_Source\PSoC5/UART_INT.c ****     *  None.
  43:.\Generated_Source\PSoC5/UART_INT.c ****     *
  44:.\Generated_Source\PSoC5/UART_INT.c ****     * Return:
  45:.\Generated_Source\PSoC5/UART_INT.c ****     *  None.
  46:.\Generated_Source\PSoC5/UART_INT.c ****     *
  47:.\Generated_Source\PSoC5/UART_INT.c ****     * Global Variables:
  48:.\Generated_Source\PSoC5/UART_INT.c ****     *  UART_rxBuffer - RAM buffer pointer for save received data.
  49:.\Generated_Source\PSoC5/UART_INT.c ****     *  UART_rxBufferWrite - cyclic index for write to rxBuffer,
  50:.\Generated_Source\PSoC5/UART_INT.c ****     *     increments after each byte saved to buffer.
  51:.\Generated_Source\PSoC5/UART_INT.c ****     *  UART_rxBufferRead - cyclic index for read from rxBuffer,
  52:.\Generated_Source\PSoC5/UART_INT.c ****     *     checked to detect overflow condition.
  53:.\Generated_Source\PSoC5/UART_INT.c ****     *  UART_rxBufferOverflow - software overflow flag. Set to one
  54:.\Generated_Source\PSoC5/UART_INT.c ****     *     when UART_rxBufferWrite index overtakes
  55:.\Generated_Source\PSoC5/UART_INT.c ****     *     UART_rxBufferRead index.
  56:.\Generated_Source\PSoC5/UART_INT.c ****     *  UART_rxBufferLoopDetect - additional variable to detect overflow.
  57:.\Generated_Source\PSoC5/UART_INT.c ****     *     Set to one when UART_rxBufferWrite is equal to
  58:.\Generated_Source\PSoC5/UART_INT.c ****     *    UART_rxBufferRead
  59:.\Generated_Source\PSoC5/UART_INT.c ****     *  UART_rxAddressMode - this variable contains the Address mode,
  60:.\Generated_Source\PSoC5/UART_INT.c ****     *     selected in customizer or set by UART_SetRxAddressMode() API.
  61:.\Generated_Source\PSoC5/UART_INT.c ****     *  UART_rxAddressDetected - set to 1 when correct address received,
  62:.\Generated_Source\PSoC5/UART_INT.c ****     *     and analysed to store following addressed data bytes to the buffer.
  63:.\Generated_Source\PSoC5/UART_INT.c ****     *     When not correct address received, set to 0 to skip following data bytes.
  64:.\Generated_Source\PSoC5/UART_INT.c ****     *
  65:.\Generated_Source\PSoC5/UART_INT.c ****     *******************************************************************************/
  66:.\Generated_Source\PSoC5/UART_INT.c ****     CY_ISR(UART_RXISR)
  67:.\Generated_Source\PSoC5/UART_INT.c ****     {
  27              		.loc 1 67 0
  28              		.cfi_startproc
  29              		@ args = 0, pretend = 0, frame = 8
  30              		@ frame_needed = 1, uses_anonymous_args = 0
  31              		@ link register save eliminated.
  32 0000 80B4     		push	{r7}
  33              		.cfi_def_cfa_offset 4
  34              		.cfi_offset 7, -4
  35 0002 83B0     		sub	sp, sp, #12
  36              		.cfi_def_cfa_offset 16
  37 0004 00AF     		add	r7, sp, #0
  38              		.cfi_def_cfa_register 7
  68:.\Generated_Source\PSoC5/UART_INT.c ****         uint8 readData;
  69:.\Generated_Source\PSoC5/UART_INT.c ****         uint8 increment_pointer = 0u;
  39              		.loc 1 69 0
  40 0006 0023     		movs	r3, #0
  41 0008 BB71     		strb	r3, [r7, #6]
  70:.\Generated_Source\PSoC5/UART_INT.c ****         #if(CY_PSOC3)
  71:.\Generated_Source\PSoC5/UART_INT.c ****             uint8 int_en;
  72:.\Generated_Source\PSoC5/UART_INT.c ****         #endif /* CY_PSOC3 */
  73:.\Generated_Source\PSoC5/UART_INT.c **** 
ARM GAS  C:\Users\SCOTTC~1\AppData\Local\Temp\ccJ3w8Xz.s 			page 3


  74:.\Generated_Source\PSoC5/UART_INT.c ****         /* User code required at start of ISR */
  75:.\Generated_Source\PSoC5/UART_INT.c ****         /* `#START UART_RXISR_START` */
  76:.\Generated_Source\PSoC5/UART_INT.c **** 
  77:.\Generated_Source\PSoC5/UART_INT.c ****         /* `#END` */
  78:.\Generated_Source\PSoC5/UART_INT.c **** 
  79:.\Generated_Source\PSoC5/UART_INT.c ****         #if(CY_PSOC3)   /* Make sure nested interrupt is enabled */
  80:.\Generated_Source\PSoC5/UART_INT.c ****             int_en = EA;
  81:.\Generated_Source\PSoC5/UART_INT.c ****             CyGlobalIntEnable;
  82:.\Generated_Source\PSoC5/UART_INT.c ****         #endif /* CY_PSOC3 */
  83:.\Generated_Source\PSoC5/UART_INT.c **** 
  84:.\Generated_Source\PSoC5/UART_INT.c ****         readData = UART_RXSTATUS_REG;
  42              		.loc 1 84 0
  43 000a 204B     		ldr	r3, .L7
  44 000c 1B78     		ldrb	r3, [r3]
  45 000e FB71     		strb	r3, [r7, #7]
  85:.\Generated_Source\PSoC5/UART_INT.c **** 
  86:.\Generated_Source\PSoC5/UART_INT.c ****         if((readData & (UART_RX_STS_BREAK | UART_RX_STS_PAR_ERROR |
  87:.\Generated_Source\PSoC5/UART_INT.c ****                         UART_RX_STS_STOP_ERROR | UART_RX_STS_OVERRUN)) != 0u)
  88:.\Generated_Source\PSoC5/UART_INT.c ****         {
  89:.\Generated_Source\PSoC5/UART_INT.c ****             /* ERROR handling. */
  90:.\Generated_Source\PSoC5/UART_INT.c ****             /* `#START UART_RXISR_ERROR` */
  91:.\Generated_Source\PSoC5/UART_INT.c **** 
  92:.\Generated_Source\PSoC5/UART_INT.c ****             /* `#END` */
  93:.\Generated_Source\PSoC5/UART_INT.c ****         }
  94:.\Generated_Source\PSoC5/UART_INT.c **** 
  95:.\Generated_Source\PSoC5/UART_INT.c ****         while((readData & UART_RX_STS_FIFO_NOTEMPTY) != 0u)
  46              		.loc 1 95 0
  47 0010 31E0     		b	.L2
  48              	.L6:
  96:.\Generated_Source\PSoC5/UART_INT.c ****         {
  97:.\Generated_Source\PSoC5/UART_INT.c **** 
  98:.\Generated_Source\PSoC5/UART_INT.c ****             #if (UART_RXHW_ADDRESS_ENABLED)
  99:.\Generated_Source\PSoC5/UART_INT.c ****                 if(UART_rxAddressMode == (uint8)UART__B_UART__AM_SW_DETECT_TO_BUFFER)
 100:.\Generated_Source\PSoC5/UART_INT.c ****                 {
 101:.\Generated_Source\PSoC5/UART_INT.c ****                     if((readData & UART_RX_STS_MRKSPC) != 0u)
 102:.\Generated_Source\PSoC5/UART_INT.c ****                     {
 103:.\Generated_Source\PSoC5/UART_INT.c ****                         if ((readData & UART_RX_STS_ADDR_MATCH) != 0u)
 104:.\Generated_Source\PSoC5/UART_INT.c ****                         {
 105:.\Generated_Source\PSoC5/UART_INT.c ****                             UART_rxAddressDetected = 1u;
 106:.\Generated_Source\PSoC5/UART_INT.c ****                         }
 107:.\Generated_Source\PSoC5/UART_INT.c ****                         else
 108:.\Generated_Source\PSoC5/UART_INT.c ****                         {
 109:.\Generated_Source\PSoC5/UART_INT.c ****                             UART_rxAddressDetected = 0u;
 110:.\Generated_Source\PSoC5/UART_INT.c ****                         }
 111:.\Generated_Source\PSoC5/UART_INT.c ****                     }
 112:.\Generated_Source\PSoC5/UART_INT.c **** 
 113:.\Generated_Source\PSoC5/UART_INT.c ****                     readData = UART_RXDATA_REG;
 114:.\Generated_Source\PSoC5/UART_INT.c ****                     if(UART_rxAddressDetected != 0u)
 115:.\Generated_Source\PSoC5/UART_INT.c ****                     {   /* store only addressed data */
 116:.\Generated_Source\PSoC5/UART_INT.c ****                         UART_rxBuffer[UART_rxBufferWrite] = readData;
 117:.\Generated_Source\PSoC5/UART_INT.c ****                         increment_pointer = 1u;
 118:.\Generated_Source\PSoC5/UART_INT.c ****                     }
 119:.\Generated_Source\PSoC5/UART_INT.c ****                 }
 120:.\Generated_Source\PSoC5/UART_INT.c ****                 else /* without software addressing */
 121:.\Generated_Source\PSoC5/UART_INT.c ****                 {
 122:.\Generated_Source\PSoC5/UART_INT.c ****                     UART_rxBuffer[UART_rxBufferWrite] = UART_RXDATA_REG;
 123:.\Generated_Source\PSoC5/UART_INT.c ****                     increment_pointer = 1u;
ARM GAS  C:\Users\SCOTTC~1\AppData\Local\Temp\ccJ3w8Xz.s 			page 4


 124:.\Generated_Source\PSoC5/UART_INT.c ****                 }
 125:.\Generated_Source\PSoC5/UART_INT.c ****             #else  /* without addressing */
 126:.\Generated_Source\PSoC5/UART_INT.c ****                 UART_rxBuffer[UART_rxBufferWrite] = UART_RXDATA_REG;
  49              		.loc 1 126 0
  50 0012 1F4B     		ldr	r3, .L7+4
  51 0014 1B78     		ldrb	r3, [r3]
  52 0016 DBB2     		uxtb	r3, r3
  53 0018 1E4A     		ldr	r2, .L7+8
  54 001a 1278     		ldrb	r2, [r2]
  55 001c D1B2     		uxtb	r1, r2
  56 001e 1E4A     		ldr	r2, .L7+12
  57 0020 D154     		strb	r1, [r2, r3]
 127:.\Generated_Source\PSoC5/UART_INT.c ****                 increment_pointer = 1u;
  58              		.loc 1 127 0
  59 0022 0123     		movs	r3, #1
  60 0024 BB71     		strb	r3, [r7, #6]
 128:.\Generated_Source\PSoC5/UART_INT.c ****             #endif /* End SW_DETECT_TO_BUFFER */
 129:.\Generated_Source\PSoC5/UART_INT.c **** 
 130:.\Generated_Source\PSoC5/UART_INT.c ****             /* do not increment buffer pointer when skip not adderessed data */
 131:.\Generated_Source\PSoC5/UART_INT.c ****             if( increment_pointer != 0u )
  61              		.loc 1 131 0
  62 0026 BB79     		ldrb	r3, [r7, #6]	@ zero_extendqisi2
  63 0028 002B     		cmp	r3, #0
  64 002a 21D0     		beq	.L3
 132:.\Generated_Source\PSoC5/UART_INT.c ****             {
 133:.\Generated_Source\PSoC5/UART_INT.c ****                 if(UART_rxBufferLoopDetect != 0u)
  65              		.loc 1 133 0
  66 002c 1B4B     		ldr	r3, .L7+16
  67 002e 1B78     		ldrb	r3, [r3]
  68 0030 DBB2     		uxtb	r3, r3
  69 0032 002B     		cmp	r3, #0
  70 0034 02D0     		beq	.L4
 134:.\Generated_Source\PSoC5/UART_INT.c ****                 {   /* Set Software Buffer status Overflow */
 135:.\Generated_Source\PSoC5/UART_INT.c ****                     UART_rxBufferOverflow = 1u;
  71              		.loc 1 135 0
  72 0036 1A4B     		ldr	r3, .L7+20
  73 0038 0122     		movs	r2, #1
  74 003a 1A70     		strb	r2, [r3]
  75              	.L4:
 136:.\Generated_Source\PSoC5/UART_INT.c ****                 }
 137:.\Generated_Source\PSoC5/UART_INT.c ****                 /* Set next pointer. */
 138:.\Generated_Source\PSoC5/UART_INT.c ****                 UART_rxBufferWrite++;
  76              		.loc 1 138 0
  77 003c 144B     		ldr	r3, .L7+4
  78 003e 1B78     		ldrb	r3, [r3]
  79 0040 DBB2     		uxtb	r3, r3
  80 0042 0133     		adds	r3, r3, #1
  81 0044 DAB2     		uxtb	r2, r3
  82 0046 124B     		ldr	r3, .L7+4
  83 0048 1A70     		strb	r2, [r3]
 139:.\Generated_Source\PSoC5/UART_INT.c **** 
 140:.\Generated_Source\PSoC5/UART_INT.c ****                 /* Check pointer for a loop condition */
 141:.\Generated_Source\PSoC5/UART_INT.c ****                 if(UART_rxBufferWrite >= UART_RXBUFFERSIZE)
  84              		.loc 1 141 0
  85 004a 114B     		ldr	r3, .L7+4
  86 004c 1B78     		ldrb	r3, [r3]
  87 004e DBB2     		uxtb	r3, r3
ARM GAS  C:\Users\SCOTTC~1\AppData\Local\Temp\ccJ3w8Xz.s 			page 5


  88 0050 FF2B     		cmp	r3, #255
  89 0052 02D1     		bne	.L5
 142:.\Generated_Source\PSoC5/UART_INT.c ****                 {
 143:.\Generated_Source\PSoC5/UART_INT.c ****                     UART_rxBufferWrite = 0u;
  90              		.loc 1 143 0
  91 0054 0E4B     		ldr	r3, .L7+4
  92 0056 0022     		movs	r2, #0
  93 0058 1A70     		strb	r2, [r3]
  94              	.L5:
 144:.\Generated_Source\PSoC5/UART_INT.c ****                 }
 145:.\Generated_Source\PSoC5/UART_INT.c ****                 /* Detect pre-overload condition and set flag */
 146:.\Generated_Source\PSoC5/UART_INT.c ****                 if(UART_rxBufferWrite == UART_rxBufferRead)
  95              		.loc 1 146 0
  96 005a 0D4B     		ldr	r3, .L7+4
  97 005c 1B78     		ldrb	r3, [r3]
  98 005e DAB2     		uxtb	r2, r3
  99 0060 104B     		ldr	r3, .L7+24
 100 0062 1B78     		ldrb	r3, [r3]
 101 0064 DBB2     		uxtb	r3, r3
 102 0066 9A42     		cmp	r2, r3
 103 0068 02D1     		bne	.L3
 147:.\Generated_Source\PSoC5/UART_INT.c ****                 {
 148:.\Generated_Source\PSoC5/UART_INT.c ****                     UART_rxBufferLoopDetect = 1u;
 104              		.loc 1 148 0
 105 006a 0C4B     		ldr	r3, .L7+16
 106 006c 0122     		movs	r2, #1
 107 006e 1A70     		strb	r2, [r3]
 108              	.L3:
 149:.\Generated_Source\PSoC5/UART_INT.c ****                     /* When Hardware Flow Control selected */
 150:.\Generated_Source\PSoC5/UART_INT.c ****                     #if(UART_FLOW_CONTROL != 0u)
 151:.\Generated_Source\PSoC5/UART_INT.c ****                     /* Disable RX interrupt mask, it will be enabled when user read data from the b
 152:.\Generated_Source\PSoC5/UART_INT.c ****                         UART_RXSTATUS_MASK_REG  &= (uint8)~UART_RX_STS_FIFO_NOTEMPTY;
 153:.\Generated_Source\PSoC5/UART_INT.c ****                         CyIntClearPending(UART_RX_VECT_NUM);
 154:.\Generated_Source\PSoC5/UART_INT.c ****                         break; /* Break the reading of the FIFO loop, leave the data there for gene
 155:.\Generated_Source\PSoC5/UART_INT.c ****                     #endif /* End UART_FLOW_CONTROL != 0 */
 156:.\Generated_Source\PSoC5/UART_INT.c ****                 }
 157:.\Generated_Source\PSoC5/UART_INT.c ****             }
 158:.\Generated_Source\PSoC5/UART_INT.c **** 
 159:.\Generated_Source\PSoC5/UART_INT.c ****             /* Check again if there is data. */
 160:.\Generated_Source\PSoC5/UART_INT.c ****             readData = UART_RXSTATUS_REG;
 109              		.loc 1 160 0
 110 0070 064B     		ldr	r3, .L7
 111 0072 1B78     		ldrb	r3, [r3]
 112 0074 FB71     		strb	r3, [r7, #7]
 113              	.L2:
  95:.\Generated_Source\PSoC5/UART_INT.c ****         while((readData & UART_RX_STS_FIFO_NOTEMPTY) != 0u)
 114              		.loc 1 95 0 discriminator 1
 115 0076 FB79     		ldrb	r3, [r7, #7]	@ zero_extendqisi2
 116 0078 03F02003 		and	r3, r3, #32
 117 007c 002B     		cmp	r3, #0
 118 007e C8D1     		bne	.L6
 161:.\Generated_Source\PSoC5/UART_INT.c ****         }
 162:.\Generated_Source\PSoC5/UART_INT.c **** 
 163:.\Generated_Source\PSoC5/UART_INT.c ****         /* User code required at end of ISR (Optional) */
 164:.\Generated_Source\PSoC5/UART_INT.c ****         /* `#START UART_RXISR_END` */
 165:.\Generated_Source\PSoC5/UART_INT.c **** 
 166:.\Generated_Source\PSoC5/UART_INT.c ****         /* `#END` */
ARM GAS  C:\Users\SCOTTC~1\AppData\Local\Temp\ccJ3w8Xz.s 			page 6


 167:.\Generated_Source\PSoC5/UART_INT.c **** 
 168:.\Generated_Source\PSoC5/UART_INT.c ****         #if(CY_PSOC3)
 169:.\Generated_Source\PSoC5/UART_INT.c ****             EA = int_en;
 170:.\Generated_Source\PSoC5/UART_INT.c ****         #endif /* CY_PSOC3 */
 171:.\Generated_Source\PSoC5/UART_INT.c **** 
 172:.\Generated_Source\PSoC5/UART_INT.c ****     }
 119              		.loc 1 172 0
 120 0080 0C37     		adds	r7, r7, #12
 121 0082 BD46     		mov	sp, r7
 122              		@ sp needed
 123 0084 5DF8047B 		ldr	r7, [sp], #4
 124 0088 7047     		bx	lr
 125              	.L8:
 126 008a 00BF     		.align	2
 127              	.L7:
 128 008c 63640040 		.word	1073767523
 129 0090 00000000 		.word	UART_rxBufferWrite
 130 0094 44640040 		.word	1073767492
 131 0098 00000000 		.word	UART_rxBuffer
 132 009c 00000000 		.word	UART_rxBufferLoopDetect
 133 00a0 00000000 		.word	UART_rxBufferOverflow
 134 00a4 00000000 		.word	UART_rxBufferRead
 135              		.cfi_endproc
 136              	.LFE0:
 137              		.size	UART_RXISR, .-UART_RXISR
 138              		.section	.text.UART_TXISR,"ax",%progbits
 139              		.align	2
 140              		.global	UART_TXISR
 141              		.thumb
 142              		.thumb_func
 143              		.type	UART_TXISR, %function
 144              	UART_TXISR:
 145              	.LFB1:
 173:.\Generated_Source\PSoC5/UART_INT.c **** 
 174:.\Generated_Source\PSoC5/UART_INT.c **** #endif /* End UART_RX_ENABLED && (UART_RXBUFFERSIZE > UART_FIFO_LENGTH) */
 175:.\Generated_Source\PSoC5/UART_INT.c **** 
 176:.\Generated_Source\PSoC5/UART_INT.c **** 
 177:.\Generated_Source\PSoC5/UART_INT.c **** #if(UART_TX_ENABLED && (UART_TXBUFFERSIZE > UART_FIFO_LENGTH))
 178:.\Generated_Source\PSoC5/UART_INT.c **** 
 179:.\Generated_Source\PSoC5/UART_INT.c **** 
 180:.\Generated_Source\PSoC5/UART_INT.c ****     /*******************************************************************************
 181:.\Generated_Source\PSoC5/UART_INT.c ****     * Function Name: UART_TXISR
 182:.\Generated_Source\PSoC5/UART_INT.c ****     ********************************************************************************
 183:.\Generated_Source\PSoC5/UART_INT.c ****     *
 184:.\Generated_Source\PSoC5/UART_INT.c ****     * Summary:
 185:.\Generated_Source\PSoC5/UART_INT.c ****     * Interrupt Service Routine for the TX portion of the UART
 186:.\Generated_Source\PSoC5/UART_INT.c ****     *
 187:.\Generated_Source\PSoC5/UART_INT.c ****     * Parameters:
 188:.\Generated_Source\PSoC5/UART_INT.c ****     *  None.
 189:.\Generated_Source\PSoC5/UART_INT.c ****     *
 190:.\Generated_Source\PSoC5/UART_INT.c ****     * Return:
 191:.\Generated_Source\PSoC5/UART_INT.c ****     *  None.
 192:.\Generated_Source\PSoC5/UART_INT.c ****     *
 193:.\Generated_Source\PSoC5/UART_INT.c ****     * Global Variables:
 194:.\Generated_Source\PSoC5/UART_INT.c ****     *  UART_txBuffer - RAM buffer pointer for transmit data from.
 195:.\Generated_Source\PSoC5/UART_INT.c ****     *  UART_txBufferRead - cyclic index for read and transmit data
 196:.\Generated_Source\PSoC5/UART_INT.c ****     *     from txBuffer, increments after each transmited byte.
ARM GAS  C:\Users\SCOTTC~1\AppData\Local\Temp\ccJ3w8Xz.s 			page 7


 197:.\Generated_Source\PSoC5/UART_INT.c ****     *  UART_rxBufferWrite - cyclic index for write to txBuffer,
 198:.\Generated_Source\PSoC5/UART_INT.c ****     *     checked to detect available for transmission bytes.
 199:.\Generated_Source\PSoC5/UART_INT.c ****     *
 200:.\Generated_Source\PSoC5/UART_INT.c ****     *******************************************************************************/
 201:.\Generated_Source\PSoC5/UART_INT.c ****     CY_ISR(UART_TXISR)
 202:.\Generated_Source\PSoC5/UART_INT.c ****     {
 146              		.loc 1 202 0
 147              		.cfi_startproc
 148              		@ args = 0, pretend = 0, frame = 0
 149              		@ frame_needed = 1, uses_anonymous_args = 0
 150              		@ link register save eliminated.
 151 0000 80B4     		push	{r7}
 152              		.cfi_def_cfa_offset 4
 153              		.cfi_offset 7, -4
 154 0002 00AF     		add	r7, sp, #0
 155              		.cfi_def_cfa_register 7
 203:.\Generated_Source\PSoC5/UART_INT.c **** 
 204:.\Generated_Source\PSoC5/UART_INT.c ****         #if(CY_PSOC3)
 205:.\Generated_Source\PSoC5/UART_INT.c ****             uint8 int_en;
 206:.\Generated_Source\PSoC5/UART_INT.c ****         #endif /* CY_PSOC3 */
 207:.\Generated_Source\PSoC5/UART_INT.c **** 
 208:.\Generated_Source\PSoC5/UART_INT.c ****         /* User code required at start of ISR */
 209:.\Generated_Source\PSoC5/UART_INT.c ****         /* `#START UART_TXISR_START` */
 210:.\Generated_Source\PSoC5/UART_INT.c **** 
 211:.\Generated_Source\PSoC5/UART_INT.c ****         /* `#END` */
 212:.\Generated_Source\PSoC5/UART_INT.c **** 
 213:.\Generated_Source\PSoC5/UART_INT.c ****         #if(CY_PSOC3)   /* Make sure nested interrupt is enabled */
 214:.\Generated_Source\PSoC5/UART_INT.c ****             int_en = EA;
 215:.\Generated_Source\PSoC5/UART_INT.c ****             CyGlobalIntEnable;
 216:.\Generated_Source\PSoC5/UART_INT.c ****         #endif /* CY_PSOC3 */
 217:.\Generated_Source\PSoC5/UART_INT.c **** 
 218:.\Generated_Source\PSoC5/UART_INT.c ****         while((UART_txBufferRead != UART_txBufferWrite) &&
 156              		.loc 1 218 0
 157 0004 16E0     		b	.L10
 158              	.L13:
 219:.\Generated_Source\PSoC5/UART_INT.c ****              ((UART_TXSTATUS_REG & UART_TX_STS_FIFO_FULL) == 0u))
 220:.\Generated_Source\PSoC5/UART_INT.c ****         {
 221:.\Generated_Source\PSoC5/UART_INT.c ****             /* Check pointer. */
 222:.\Generated_Source\PSoC5/UART_INT.c ****             if(UART_txBufferRead >= UART_TXBUFFERSIZE)
 159              		.loc 1 222 0
 160 0006 144B     		ldr	r3, .L14
 161 0008 1B78     		ldrb	r3, [r3]
 162 000a DBB2     		uxtb	r3, r3
 163 000c FF2B     		cmp	r3, #255
 164 000e 02D1     		bne	.L11
 223:.\Generated_Source\PSoC5/UART_INT.c ****             {
 224:.\Generated_Source\PSoC5/UART_INT.c ****                 UART_txBufferRead = 0u;
 165              		.loc 1 224 0
 166 0010 114B     		ldr	r3, .L14
 167 0012 0022     		movs	r2, #0
 168 0014 1A70     		strb	r2, [r3]
 169              	.L11:
 225:.\Generated_Source\PSoC5/UART_INT.c ****             }
 226:.\Generated_Source\PSoC5/UART_INT.c **** 
 227:.\Generated_Source\PSoC5/UART_INT.c ****             UART_TXDATA_REG = UART_txBuffer[UART_txBufferRead];
 170              		.loc 1 227 0
 171 0016 114B     		ldr	r3, .L14+4
ARM GAS  C:\Users\SCOTTC~1\AppData\Local\Temp\ccJ3w8Xz.s 			page 8


 172 0018 0F4A     		ldr	r2, .L14
 173 001a 1278     		ldrb	r2, [r2]
 174 001c D2B2     		uxtb	r2, r2
 175 001e 1049     		ldr	r1, .L14+8
 176 0020 8A5C     		ldrb	r2, [r1, r2]
 177 0022 D2B2     		uxtb	r2, r2
 178 0024 1A70     		strb	r2, [r3]
 228:.\Generated_Source\PSoC5/UART_INT.c **** 
 229:.\Generated_Source\PSoC5/UART_INT.c ****             /* Set next pointer. */
 230:.\Generated_Source\PSoC5/UART_INT.c ****             UART_txBufferRead++;
 179              		.loc 1 230 0
 180 0026 0C4B     		ldr	r3, .L14
 181 0028 1B78     		ldrb	r3, [r3]
 182 002a DBB2     		uxtb	r3, r3
 183 002c 0133     		adds	r3, r3, #1
 184 002e DAB2     		uxtb	r2, r3
 185 0030 094B     		ldr	r3, .L14
 186 0032 1A70     		strb	r2, [r3]
 187              	.L10:
 218:.\Generated_Source\PSoC5/UART_INT.c ****         while((UART_txBufferRead != UART_txBufferWrite) &&
 188              		.loc 1 218 0 discriminator 1
 189 0034 084B     		ldr	r3, .L14
 190 0036 1B78     		ldrb	r3, [r3]
 191 0038 DAB2     		uxtb	r2, r3
 192 003a 0A4B     		ldr	r3, .L14+12
 193 003c 1B78     		ldrb	r3, [r3]	@ zero_extendqisi2
 194 003e 9A42     		cmp	r2, r3
 195 0040 06D0     		beq	.L9
 219:.\Generated_Source\PSoC5/UART_INT.c ****              ((UART_TXSTATUS_REG & UART_TX_STS_FIFO_FULL) == 0u))
 196              		.loc 1 219 0 discriminator 2
 197 0042 094B     		ldr	r3, .L14+16
 198 0044 1B78     		ldrb	r3, [r3]
 199 0046 DBB2     		uxtb	r3, r3
 200 0048 03F00403 		and	r3, r3, #4
 218:.\Generated_Source\PSoC5/UART_INT.c ****         while((UART_txBufferRead != UART_txBufferWrite) &&
 201              		.loc 1 218 0 discriminator 2
 202 004c 002B     		cmp	r3, #0
 203 004e DAD0     		beq	.L13
 204              	.L9:
 231:.\Generated_Source\PSoC5/UART_INT.c ****         }
 232:.\Generated_Source\PSoC5/UART_INT.c **** 
 233:.\Generated_Source\PSoC5/UART_INT.c ****         /* User code required at end of ISR (Optional) */
 234:.\Generated_Source\PSoC5/UART_INT.c ****         /* `#START UART_TXISR_END` */
 235:.\Generated_Source\PSoC5/UART_INT.c **** 
 236:.\Generated_Source\PSoC5/UART_INT.c ****         /* `#END` */
 237:.\Generated_Source\PSoC5/UART_INT.c **** 
 238:.\Generated_Source\PSoC5/UART_INT.c ****         #if(CY_PSOC3)
 239:.\Generated_Source\PSoC5/UART_INT.c ****             EA = int_en;
 240:.\Generated_Source\PSoC5/UART_INT.c ****         #endif /* CY_PSOC3 */
 241:.\Generated_Source\PSoC5/UART_INT.c **** 
 242:.\Generated_Source\PSoC5/UART_INT.c ****     }
 205              		.loc 1 242 0
 206 0050 BD46     		mov	sp, r7
 207              		@ sp needed
 208 0052 5DF8047B 		ldr	r7, [sp], #4
 209 0056 7047     		bx	lr
 210              	.L15:
ARM GAS  C:\Users\SCOTTC~1\AppData\Local\Temp\ccJ3w8Xz.s 			page 9


 211              		.align	2
 212              	.L14:
 213 0058 00000000 		.word	UART_txBufferRead
 214 005c 41640040 		.word	1073767489
 215 0060 00000000 		.word	UART_txBuffer
 216 0064 00000000 		.word	UART_txBufferWrite
 217 0068 61640040 		.word	1073767521
 218              		.cfi_endproc
 219              	.LFE1:
 220              		.size	UART_TXISR, .-UART_TXISR
 221              		.text
 222              	.Letext0:
 223              		.file 2 ".\\Generated_Source\\PSoC5\\cytypes.h"
 224              		.file 3 ".\\Generated_Source\\PSoC5\\UART.h"
 225              		.section	.debug_info,"",%progbits
 226              	.Ldebug_info0:
 227 0000 5C010000 		.4byte	0x15c
 228 0004 0400     		.2byte	0x4
 229 0006 00000000 		.4byte	.Ldebug_abbrev0
 230 000a 04       		.byte	0x4
 231 000b 01       		.uleb128 0x1
 232 000c 79010000 		.4byte	.LASF25
 233 0010 01       		.byte	0x1
 234 0011 12000000 		.4byte	.LASF26
 235 0015 57000000 		.4byte	.LASF27
 236 0019 00000000 		.4byte	.Ldebug_ranges0+0
 237 001d 00000000 		.4byte	0
 238 0021 00000000 		.4byte	.Ldebug_line0
 239 0025 02       		.uleb128 0x2
 240 0026 01       		.byte	0x1
 241 0027 06       		.byte	0x6
 242 0028 7E020000 		.4byte	.LASF0
 243 002c 02       		.uleb128 0x2
 244 002d 01       		.byte	0x1
 245 002e 08       		.byte	0x8
 246 002f EC000000 		.4byte	.LASF1
 247 0033 02       		.uleb128 0x2
 248 0034 02       		.byte	0x2
 249 0035 05       		.byte	0x5
 250 0036 41020000 		.4byte	.LASF2
 251 003a 02       		.uleb128 0x2
 252 003b 02       		.byte	0x2
 253 003c 07       		.byte	0x7
 254 003d 44000000 		.4byte	.LASF3
 255 0041 02       		.uleb128 0x2
 256 0042 04       		.byte	0x4
 257 0043 05       		.byte	0x5
 258 0044 5E020000 		.4byte	.LASF4
 259 0048 02       		.uleb128 0x2
 260 0049 04       		.byte	0x4
 261 004a 07       		.byte	0x7
 262 004b FF000000 		.4byte	.LASF5
 263 004f 02       		.uleb128 0x2
 264 0050 08       		.byte	0x8
 265 0051 05       		.byte	0x5
 266 0052 FE010000 		.4byte	.LASF6
 267 0056 02       		.uleb128 0x2
ARM GAS  C:\Users\SCOTTC~1\AppData\Local\Temp\ccJ3w8Xz.s 			page 10


 268 0057 08       		.byte	0x8
 269 0058 07       		.byte	0x7
 270 0059 4C010000 		.4byte	.LASF7
 271 005d 03       		.uleb128 0x3
 272 005e 04       		.byte	0x4
 273 005f 05       		.byte	0x5
 274 0060 696E7400 		.ascii	"int\000"
 275 0064 02       		.uleb128 0x2
 276 0065 04       		.byte	0x4
 277 0066 07       		.byte	0x7
 278 0067 3F010000 		.4byte	.LASF8
 279 006b 04       		.uleb128 0x4
 280 006c 11010000 		.4byte	.LASF12
 281 0070 02       		.byte	0x2
 282 0071 5B       		.byte	0x5b
 283 0072 2C000000 		.4byte	0x2c
 284 0076 02       		.uleb128 0x2
 285 0077 04       		.byte	0x4
 286 0078 04       		.byte	0x4
 287 0079 E6000000 		.4byte	.LASF9
 288 007d 02       		.uleb128 0x2
 289 007e 08       		.byte	0x8
 290 007f 04       		.byte	0x4
 291 0080 17010000 		.4byte	.LASF10
 292 0084 02       		.uleb128 0x2
 293 0085 01       		.byte	0x1
 294 0086 08       		.byte	0x8
 295 0087 67020000 		.4byte	.LASF11
 296 008b 04       		.uleb128 0x4
 297 008c FA000000 		.4byte	.LASF13
 298 0090 02       		.byte	0x2
 299 0091 F0       		.byte	0xf0
 300 0092 96000000 		.4byte	0x96
 301 0096 05       		.uleb128 0x5
 302 0097 6B000000 		.4byte	0x6b
 303 009b 02       		.uleb128 0x2
 304 009c 04       		.byte	0x4
 305 009d 07       		.byte	0x7
 306 009e F5010000 		.4byte	.LASF14
 307 00a2 06       		.uleb128 0x6
 308 00a3 DB000000 		.4byte	.LASF28
 309 00a7 01       		.byte	0x1
 310 00a8 42       		.byte	0x42
 311 00a9 00000000 		.4byte	.LFB0
 312 00ad A8000000 		.4byte	.LFE0-.LFB0
 313 00b1 01       		.uleb128 0x1
 314 00b2 9C       		.byte	0x9c
 315 00b3 D4000000 		.4byte	0xd4
 316 00b7 07       		.uleb128 0x7
 317 00b8 8A020000 		.4byte	.LASF15
 318 00bc 01       		.byte	0x1
 319 00bd 44       		.byte	0x44
 320 00be 6B000000 		.4byte	0x6b
 321 00c2 02       		.uleb128 0x2
 322 00c3 91       		.byte	0x91
 323 00c4 77       		.sleb128 -9
 324 00c5 07       		.uleb128 0x7
ARM GAS  C:\Users\SCOTTC~1\AppData\Local\Temp\ccJ3w8Xz.s 			page 11


 325 00c6 17020000 		.4byte	.LASF16
 326 00ca 01       		.byte	0x1
 327 00cb 45       		.byte	0x45
 328 00cc 6B000000 		.4byte	0x6b
 329 00d0 02       		.uleb128 0x2
 330 00d1 91       		.byte	0x91
 331 00d2 76       		.sleb128 -10
 332 00d3 00       		.byte	0
 333 00d4 08       		.uleb128 0x8
 334 00d5 0C020000 		.4byte	.LASF29
 335 00d9 01       		.byte	0x1
 336 00da C9       		.byte	0xc9
 337 00db 00000000 		.4byte	.LFB1
 338 00df 6C000000 		.4byte	.LFE1-.LFB1
 339 00e3 01       		.uleb128 0x1
 340 00e4 9C       		.byte	0x9c
 341 00e5 09       		.uleb128 0x9
 342 00e6 6B000000 		.4byte	0x6b
 343 00ea F5000000 		.4byte	0xf5
 344 00ee 0A       		.uleb128 0xa
 345 00ef 9B000000 		.4byte	0x9b
 346 00f3 FE       		.byte	0xfe
 347 00f4 00       		.byte	0
 348 00f5 0B       		.uleb128 0xb
 349 00f6 36000000 		.4byte	.LASF17
 350 00fa 03       		.byte	0x3
 351 00fb 4C01     		.2byte	0x14c
 352 00fd 01010000 		.4byte	0x101
 353 0101 05       		.uleb128 0x5
 354 0102 E5000000 		.4byte	0xe5
 355 0106 0B       		.uleb128 0xb
 356 0107 6C020000 		.4byte	.LASF18
 357 010b 03       		.byte	0x3
 358 010c 4D01     		.2byte	0x14d
 359 010e 96000000 		.4byte	0x96
 360 0112 0B       		.uleb128 0xb
 361 0113 4B020000 		.4byte	.LASF19
 362 0117 03       		.byte	0x3
 363 0118 4E01     		.2byte	0x14e
 364 011a 6B000000 		.4byte	0x6b
 365 011e 0B       		.uleb128 0xb
 366 011f 1E010000 		.4byte	.LASF20
 367 0123 03       		.byte	0x3
 368 0124 5201     		.2byte	0x152
 369 0126 2A010000 		.4byte	0x12a
 370 012a 05       		.uleb128 0x5
 371 012b E5000000 		.4byte	0xe5
 372 012f 0B       		.uleb128 0xb
 373 0130 00000000 		.4byte	.LASF21
 374 0134 03       		.byte	0x3
 375 0135 5301     		.2byte	0x153
 376 0137 96000000 		.4byte	0x96
 377 013b 0B       		.uleb128 0xb
 378 013c 2C010000 		.4byte	.LASF22
 379 0140 03       		.byte	0x3
 380 0141 5401     		.2byte	0x154
 381 0143 96000000 		.4byte	0x96
ARM GAS  C:\Users\SCOTTC~1\AppData\Local\Temp\ccJ3w8Xz.s 			page 12


 382 0147 0B       		.uleb128 0xb
 383 0148 29020000 		.4byte	.LASF23
 384 014c 03       		.byte	0x3
 385 014d 5501     		.2byte	0x155
 386 014f 96000000 		.4byte	0x96
 387 0153 0B       		.uleb128 0xb
 388 0154 63010000 		.4byte	.LASF24
 389 0158 03       		.byte	0x3
 390 0159 5601     		.2byte	0x156
 391 015b 96000000 		.4byte	0x96
 392 015f 00       		.byte	0
 393              		.section	.debug_abbrev,"",%progbits
 394              	.Ldebug_abbrev0:
 395 0000 01       		.uleb128 0x1
 396 0001 11       		.uleb128 0x11
 397 0002 01       		.byte	0x1
 398 0003 25       		.uleb128 0x25
 399 0004 0E       		.uleb128 0xe
 400 0005 13       		.uleb128 0x13
 401 0006 0B       		.uleb128 0xb
 402 0007 03       		.uleb128 0x3
 403 0008 0E       		.uleb128 0xe
 404 0009 1B       		.uleb128 0x1b
 405 000a 0E       		.uleb128 0xe
 406 000b 55       		.uleb128 0x55
 407 000c 17       		.uleb128 0x17
 408 000d 11       		.uleb128 0x11
 409 000e 01       		.uleb128 0x1
 410 000f 10       		.uleb128 0x10
 411 0010 17       		.uleb128 0x17
 412 0011 00       		.byte	0
 413 0012 00       		.byte	0
 414 0013 02       		.uleb128 0x2
 415 0014 24       		.uleb128 0x24
 416 0015 00       		.byte	0
 417 0016 0B       		.uleb128 0xb
 418 0017 0B       		.uleb128 0xb
 419 0018 3E       		.uleb128 0x3e
 420 0019 0B       		.uleb128 0xb
 421 001a 03       		.uleb128 0x3
 422 001b 0E       		.uleb128 0xe
 423 001c 00       		.byte	0
 424 001d 00       		.byte	0
 425 001e 03       		.uleb128 0x3
 426 001f 24       		.uleb128 0x24
 427 0020 00       		.byte	0
 428 0021 0B       		.uleb128 0xb
 429 0022 0B       		.uleb128 0xb
 430 0023 3E       		.uleb128 0x3e
 431 0024 0B       		.uleb128 0xb
 432 0025 03       		.uleb128 0x3
 433 0026 08       		.uleb128 0x8
 434 0027 00       		.byte	0
 435 0028 00       		.byte	0
 436 0029 04       		.uleb128 0x4
 437 002a 16       		.uleb128 0x16
 438 002b 00       		.byte	0
ARM GAS  C:\Users\SCOTTC~1\AppData\Local\Temp\ccJ3w8Xz.s 			page 13


 439 002c 03       		.uleb128 0x3
 440 002d 0E       		.uleb128 0xe
 441 002e 3A       		.uleb128 0x3a
 442 002f 0B       		.uleb128 0xb
 443 0030 3B       		.uleb128 0x3b
 444 0031 0B       		.uleb128 0xb
 445 0032 49       		.uleb128 0x49
 446 0033 13       		.uleb128 0x13
 447 0034 00       		.byte	0
 448 0035 00       		.byte	0
 449 0036 05       		.uleb128 0x5
 450 0037 35       		.uleb128 0x35
 451 0038 00       		.byte	0
 452 0039 49       		.uleb128 0x49
 453 003a 13       		.uleb128 0x13
 454 003b 00       		.byte	0
 455 003c 00       		.byte	0
 456 003d 06       		.uleb128 0x6
 457 003e 2E       		.uleb128 0x2e
 458 003f 01       		.byte	0x1
 459 0040 3F       		.uleb128 0x3f
 460 0041 19       		.uleb128 0x19
 461 0042 03       		.uleb128 0x3
 462 0043 0E       		.uleb128 0xe
 463 0044 3A       		.uleb128 0x3a
 464 0045 0B       		.uleb128 0xb
 465 0046 3B       		.uleb128 0x3b
 466 0047 0B       		.uleb128 0xb
 467 0048 27       		.uleb128 0x27
 468 0049 19       		.uleb128 0x19
 469 004a 11       		.uleb128 0x11
 470 004b 01       		.uleb128 0x1
 471 004c 12       		.uleb128 0x12
 472 004d 06       		.uleb128 0x6
 473 004e 40       		.uleb128 0x40
 474 004f 18       		.uleb128 0x18
 475 0050 9742     		.uleb128 0x2117
 476 0052 19       		.uleb128 0x19
 477 0053 01       		.uleb128 0x1
 478 0054 13       		.uleb128 0x13
 479 0055 00       		.byte	0
 480 0056 00       		.byte	0
 481 0057 07       		.uleb128 0x7
 482 0058 34       		.uleb128 0x34
 483 0059 00       		.byte	0
 484 005a 03       		.uleb128 0x3
 485 005b 0E       		.uleb128 0xe
 486 005c 3A       		.uleb128 0x3a
 487 005d 0B       		.uleb128 0xb
 488 005e 3B       		.uleb128 0x3b
 489 005f 0B       		.uleb128 0xb
 490 0060 49       		.uleb128 0x49
 491 0061 13       		.uleb128 0x13
 492 0062 02       		.uleb128 0x2
 493 0063 18       		.uleb128 0x18
 494 0064 00       		.byte	0
 495 0065 00       		.byte	0
ARM GAS  C:\Users\SCOTTC~1\AppData\Local\Temp\ccJ3w8Xz.s 			page 14


 496 0066 08       		.uleb128 0x8
 497 0067 2E       		.uleb128 0x2e
 498 0068 00       		.byte	0
 499 0069 3F       		.uleb128 0x3f
 500 006a 19       		.uleb128 0x19
 501 006b 03       		.uleb128 0x3
 502 006c 0E       		.uleb128 0xe
 503 006d 3A       		.uleb128 0x3a
 504 006e 0B       		.uleb128 0xb
 505 006f 3B       		.uleb128 0x3b
 506 0070 0B       		.uleb128 0xb
 507 0071 27       		.uleb128 0x27
 508 0072 19       		.uleb128 0x19
 509 0073 11       		.uleb128 0x11
 510 0074 01       		.uleb128 0x1
 511 0075 12       		.uleb128 0x12
 512 0076 06       		.uleb128 0x6
 513 0077 40       		.uleb128 0x40
 514 0078 18       		.uleb128 0x18
 515 0079 9742     		.uleb128 0x2117
 516 007b 19       		.uleb128 0x19
 517 007c 00       		.byte	0
 518 007d 00       		.byte	0
 519 007e 09       		.uleb128 0x9
 520 007f 01       		.uleb128 0x1
 521 0080 01       		.byte	0x1
 522 0081 49       		.uleb128 0x49
 523 0082 13       		.uleb128 0x13
 524 0083 01       		.uleb128 0x1
 525 0084 13       		.uleb128 0x13
 526 0085 00       		.byte	0
 527 0086 00       		.byte	0
 528 0087 0A       		.uleb128 0xa
 529 0088 21       		.uleb128 0x21
 530 0089 00       		.byte	0
 531 008a 49       		.uleb128 0x49
 532 008b 13       		.uleb128 0x13
 533 008c 2F       		.uleb128 0x2f
 534 008d 0B       		.uleb128 0xb
 535 008e 00       		.byte	0
 536 008f 00       		.byte	0
 537 0090 0B       		.uleb128 0xb
 538 0091 34       		.uleb128 0x34
 539 0092 00       		.byte	0
 540 0093 03       		.uleb128 0x3
 541 0094 0E       		.uleb128 0xe
 542 0095 3A       		.uleb128 0x3a
 543 0096 0B       		.uleb128 0xb
 544 0097 3B       		.uleb128 0x3b
 545 0098 05       		.uleb128 0x5
 546 0099 49       		.uleb128 0x49
 547 009a 13       		.uleb128 0x13
 548 009b 3F       		.uleb128 0x3f
 549 009c 19       		.uleb128 0x19
 550 009d 3C       		.uleb128 0x3c
 551 009e 19       		.uleb128 0x19
 552 009f 00       		.byte	0
ARM GAS  C:\Users\SCOTTC~1\AppData\Local\Temp\ccJ3w8Xz.s 			page 15


 553 00a0 00       		.byte	0
 554 00a1 00       		.byte	0
 555              		.section	.debug_aranges,"",%progbits
 556 0000 24000000 		.4byte	0x24
 557 0004 0200     		.2byte	0x2
 558 0006 00000000 		.4byte	.Ldebug_info0
 559 000a 04       		.byte	0x4
 560 000b 00       		.byte	0
 561 000c 0000     		.2byte	0
 562 000e 0000     		.2byte	0
 563 0010 00000000 		.4byte	.LFB0
 564 0014 A8000000 		.4byte	.LFE0-.LFB0
 565 0018 00000000 		.4byte	.LFB1
 566 001c 6C000000 		.4byte	.LFE1-.LFB1
 567 0020 00000000 		.4byte	0
 568 0024 00000000 		.4byte	0
 569              		.section	.debug_ranges,"",%progbits
 570              	.Ldebug_ranges0:
 571 0000 00000000 		.4byte	.LFB0
 572 0004 A8000000 		.4byte	.LFE0
 573 0008 00000000 		.4byte	.LFB1
 574 000c 6C000000 		.4byte	.LFE1
 575 0010 00000000 		.4byte	0
 576 0014 00000000 		.4byte	0
 577              		.section	.debug_line,"",%progbits
 578              	.Ldebug_line0:
 579 0000 B4000000 		.section	.debug_str,"MS",%progbits,1
 579      02005100 
 579      00000201 
 579      FB0E0D00 
 579      01010101 
 580              	.LASF21:
 581 0000 55415254 		.ascii	"UART_rxBufferRead\000"
 581      5F727842 
 581      75666665 
 581      72526561 
 581      6400
 582              	.LASF26:
 583 0012 2E5C4765 		.ascii	".\\Generated_Source\\PSoC5\\UART_INT.c\000"
 583      6E657261 
 583      7465645F 
 583      536F7572 
 583      63655C50 
 584              	.LASF17:
 585 0036 55415254 		.ascii	"UART_txBuffer\000"
 585      5F747842 
 585      75666665 
 585      7200
 586              	.LASF3:
 587 0044 73686F72 		.ascii	"short unsigned int\000"
 587      7420756E 
 587      7369676E 
 587      65642069 
 587      6E7400
 588              	.LASF27:
 589 0057 5C5C766D 		.ascii	"\\\\vmware-host\\Shared Folders\\scottcarlson On My"
 589      77617265 
ARM GAS  C:\Users\SCOTTC~1\AppData\Local\Temp\ccJ3w8Xz.s 			page 16


 589      2D686F73 
 589      745C5368 
 589      61726564 
 590 0086 204D6163 		.ascii	" Mac\\Downloads\\WIFI_MicroWebServer (1)\\WIFI_Micr"
 590      5C446F77 
 590      6E6C6F61 
 590      64735C57 
 590      4946495F 
 591 00b6 6F576562 		.ascii	"oWebServer\\WIFI_MicroWebServer.cydsn\000"
 591      53657276 
 591      65725C57 
 591      4946495F 
 591      4D696372 
 592              	.LASF28:
 593 00db 55415254 		.ascii	"UART_RXISR\000"
 593      5F525849 
 593      535200
 594              	.LASF9:
 595 00e6 666C6F61 		.ascii	"float\000"
 595      7400
 596              	.LASF1:
 597 00ec 756E7369 		.ascii	"unsigned char\000"
 597      676E6564 
 597      20636861 
 597      7200
 598              	.LASF13:
 599 00fa 72656738 		.ascii	"reg8\000"
 599      00
 600              	.LASF5:
 601 00ff 6C6F6E67 		.ascii	"long unsigned int\000"
 601      20756E73 
 601      69676E65 
 601      6420696E 
 601      7400
 602              	.LASF12:
 603 0111 75696E74 		.ascii	"uint8\000"
 603      3800
 604              	.LASF10:
 605 0117 646F7562 		.ascii	"double\000"
 605      6C6500
 606              	.LASF20:
 607 011e 55415254 		.ascii	"UART_rxBuffer\000"
 607      5F727842 
 607      75666665 
 607      7200
 608              	.LASF22:
 609 012c 55415254 		.ascii	"UART_rxBufferWrite\000"
 609      5F727842 
 609      75666665 
 609      72577269 
 609      746500
 610              	.LASF8:
 611 013f 756E7369 		.ascii	"unsigned int\000"
 611      676E6564 
 611      20696E74 
 611      00
 612              	.LASF7:
ARM GAS  C:\Users\SCOTTC~1\AppData\Local\Temp\ccJ3w8Xz.s 			page 17


 613 014c 6C6F6E67 		.ascii	"long long unsigned int\000"
 613      206C6F6E 
 613      6720756E 
 613      7369676E 
 613      65642069 
 614              	.LASF24:
 615 0163 55415254 		.ascii	"UART_rxBufferOverflow\000"
 615      5F727842 
 615      75666665 
 615      724F7665 
 615      72666C6F 
 616              	.LASF25:
 617 0179 474E5520 		.ascii	"GNU C 4.8.4 20140526 (release) [ARM/embedded-4_8-br"
 617      4320342E 
 617      382E3420 
 617      32303134 
 617      30353236 
 618 01ac 616E6368 		.ascii	"anch revision 211358] -mcpu=cortex-m3 -mthumb -g -O"
 618      20726576 
 618      6973696F 
 618      6E203231 
 618      31333538 
 619 01df 30202D66 		.ascii	"0 -ffunction-sections\000"
 619      66756E63 
 619      74696F6E 
 619      2D736563 
 619      74696F6E 
 620              	.LASF14:
 621 01f5 73697A65 		.ascii	"sizetype\000"
 621      74797065 
 621      00
 622              	.LASF6:
 623 01fe 6C6F6E67 		.ascii	"long long int\000"
 623      206C6F6E 
 623      6720696E 
 623      7400
 624              	.LASF29:
 625 020c 55415254 		.ascii	"UART_TXISR\000"
 625      5F545849 
 625      535200
 626              	.LASF16:
 627 0217 696E6372 		.ascii	"increment_pointer\000"
 627      656D656E 
 627      745F706F 
 627      696E7465 
 627      7200
 628              	.LASF23:
 629 0229 55415254 		.ascii	"UART_rxBufferLoopDetect\000"
 629      5F727842 
 629      75666665 
 629      724C6F6F 
 629      70446574 
 630              	.LASF2:
 631 0241 73686F72 		.ascii	"short int\000"
 631      7420696E 
 631      7400
 632              	.LASF19:
ARM GAS  C:\Users\SCOTTC~1\AppData\Local\Temp\ccJ3w8Xz.s 			page 18


 633 024b 55415254 		.ascii	"UART_txBufferWrite\000"
 633      5F747842 
 633      75666665 
 633      72577269 
 633      746500
 634              	.LASF4:
 635 025e 6C6F6E67 		.ascii	"long int\000"
 635      20696E74 
 635      00
 636              	.LASF11:
 637 0267 63686172 		.ascii	"char\000"
 637      00
 638              	.LASF18:
 639 026c 55415254 		.ascii	"UART_txBufferRead\000"
 639      5F747842 
 639      75666665 
 639      72526561 
 639      6400
 640              	.LASF0:
 641 027e 7369676E 		.ascii	"signed char\000"
 641      65642063 
 641      68617200 
 642              	.LASF15:
 643 028a 72656164 		.ascii	"readData\000"
 643      44617461 
 643      00
 644              		.ident	"GCC: (GNU Tools for ARM Embedded Processors) 4.8.4 20140526 (release) [ARM/embedded-4_8-br
