ARM GAS  C:\Users\SCOTTC~1\AppData\Local\Temp\ccMRSVCk.s 			page 1


   1              		.syntax unified
   2              		.cpu cortex-m3
   3              		.fpu softvfp
   4              		.eabi_attribute 20, 1
   5              		.eabi_attribute 21, 1
   6              		.eabi_attribute 23, 3
   7              		.eabi_attribute 24, 1
   8              		.eabi_attribute 25, 1
   9              		.eabi_attribute 26, 1
  10              		.eabi_attribute 30, 6
  11              		.eabi_attribute 34, 1
  12              		.eabi_attribute 18, 4
  13              		.thumb
  14              		.file	"VCC.c"
  15              		.text
  16              	.Ltext0:
  17              		.cfi_sections	.debug_frame
  18              		.section	.text.VCC_Write,"ax",%progbits
  19              		.align	2
  20              		.global	VCC_Write
  21              		.thumb
  22              		.thumb_func
  23              		.type	VCC_Write, %function
  24              	VCC_Write:
  25              	.LFB0:
  26              		.file 1 ".\\Generated_Source\\PSoC5\\VCC.c"
   1:.\Generated_Source\PSoC5/VCC.c **** /*******************************************************************************
   2:.\Generated_Source\PSoC5/VCC.c **** * File Name: VCC.c  
   3:.\Generated_Source\PSoC5/VCC.c **** * Version 2.10
   4:.\Generated_Source\PSoC5/VCC.c **** *
   5:.\Generated_Source\PSoC5/VCC.c **** * Description:
   6:.\Generated_Source\PSoC5/VCC.c **** *  This file contains API to enable firmware control of a Pins component.
   7:.\Generated_Source\PSoC5/VCC.c **** *
   8:.\Generated_Source\PSoC5/VCC.c **** * Note:
   9:.\Generated_Source\PSoC5/VCC.c **** *
  10:.\Generated_Source\PSoC5/VCC.c **** ********************************************************************************
  11:.\Generated_Source\PSoC5/VCC.c **** * Copyright 2008-2014, Cypress Semiconductor Corporation.  All rights reserved.
  12:.\Generated_Source\PSoC5/VCC.c **** * You may use this file only in accordance with the license, terms, conditions, 
  13:.\Generated_Source\PSoC5/VCC.c **** * disclaimers, and limitations in the end user license agreement accompanying 
  14:.\Generated_Source\PSoC5/VCC.c **** * the software package with which this file was provided.
  15:.\Generated_Source\PSoC5/VCC.c **** *******************************************************************************/
  16:.\Generated_Source\PSoC5/VCC.c **** 
  17:.\Generated_Source\PSoC5/VCC.c **** #include "cytypes.h"
  18:.\Generated_Source\PSoC5/VCC.c **** #include "VCC.h"
  19:.\Generated_Source\PSoC5/VCC.c **** 
  20:.\Generated_Source\PSoC5/VCC.c **** /* APIs are not generated for P15[7:6] on PSoC 5 */
  21:.\Generated_Source\PSoC5/VCC.c **** #if !(CY_PSOC5A &&\
  22:.\Generated_Source\PSoC5/VCC.c **** 	 VCC__PORT == 15 && ((VCC__MASK & 0xC0) != 0))
  23:.\Generated_Source\PSoC5/VCC.c **** 
  24:.\Generated_Source\PSoC5/VCC.c **** 
  25:.\Generated_Source\PSoC5/VCC.c **** /*******************************************************************************
  26:.\Generated_Source\PSoC5/VCC.c **** * Function Name: VCC_Write
  27:.\Generated_Source\PSoC5/VCC.c **** ********************************************************************************
  28:.\Generated_Source\PSoC5/VCC.c **** *
  29:.\Generated_Source\PSoC5/VCC.c **** * Summary:
  30:.\Generated_Source\PSoC5/VCC.c **** *  Assign a new value to the digital port's data output register.  
  31:.\Generated_Source\PSoC5/VCC.c **** *
ARM GAS  C:\Users\SCOTTC~1\AppData\Local\Temp\ccMRSVCk.s 			page 2


  32:.\Generated_Source\PSoC5/VCC.c **** * Parameters:  
  33:.\Generated_Source\PSoC5/VCC.c **** *  prtValue:  The value to be assigned to the Digital Port. 
  34:.\Generated_Source\PSoC5/VCC.c **** *
  35:.\Generated_Source\PSoC5/VCC.c **** * Return: 
  36:.\Generated_Source\PSoC5/VCC.c **** *  None
  37:.\Generated_Source\PSoC5/VCC.c **** *  
  38:.\Generated_Source\PSoC5/VCC.c **** *******************************************************************************/
  39:.\Generated_Source\PSoC5/VCC.c **** void VCC_Write(uint8 value) 
  40:.\Generated_Source\PSoC5/VCC.c **** {
  27              		.loc 1 40 0
  28              		.cfi_startproc
  29              		@ args = 0, pretend = 0, frame = 16
  30              		@ frame_needed = 1, uses_anonymous_args = 0
  31              		@ link register save eliminated.
  32 0000 80B4     		push	{r7}
  33              		.cfi_def_cfa_offset 4
  34              		.cfi_offset 7, -4
  35 0002 85B0     		sub	sp, sp, #20
  36              		.cfi_def_cfa_offset 24
  37 0004 00AF     		add	r7, sp, #0
  38              		.cfi_def_cfa_register 7
  39 0006 0346     		mov	r3, r0
  40 0008 FB71     		strb	r3, [r7, #7]
  41:.\Generated_Source\PSoC5/VCC.c ****     uint8 staticBits = (VCC_DR & (uint8)(~VCC_MASK));
  41              		.loc 1 41 0
  42 000a 094B     		ldr	r3, .L2
  43 000c 1B78     		ldrb	r3, [r3]
  44 000e DBB2     		uxtb	r3, r3
  45 0010 03F07F03 		and	r3, r3, #127
  46 0014 FB73     		strb	r3, [r7, #15]
  42:.\Generated_Source\PSoC5/VCC.c ****     VCC_DR = staticBits | ((uint8)(value << VCC_SHIFT) & VCC_MASK);
  47              		.loc 1 42 0
  48 0016 064B     		ldr	r3, .L2
  49 0018 FA79     		ldrb	r2, [r7, #7]
  50 001a D201     		lsls	r2, r2, #7
  51 001c D1B2     		uxtb	r1, r2
  52 001e FA7B     		ldrb	r2, [r7, #15]
  53 0020 0A43     		orrs	r2, r2, r1
  54 0022 D2B2     		uxtb	r2, r2
  55 0024 1A70     		strb	r2, [r3]
  43:.\Generated_Source\PSoC5/VCC.c **** }
  56              		.loc 1 43 0
  57 0026 1437     		adds	r7, r7, #20
  58 0028 BD46     		mov	sp, r7
  59              		@ sp needed
  60 002a 5DF8047B 		ldr	r7, [sp], #4
  61 002e 7047     		bx	lr
  62              	.L3:
  63              		.align	2
  64              	.L2:
  65 0030 00510040 		.word	1073762560
  66              		.cfi_endproc
  67              	.LFE0:
  68              		.size	VCC_Write, .-VCC_Write
  69              		.section	.text.VCC_SetDriveMode,"ax",%progbits
  70              		.align	2
  71              		.global	VCC_SetDriveMode
ARM GAS  C:\Users\SCOTTC~1\AppData\Local\Temp\ccMRSVCk.s 			page 3


  72              		.thumb
  73              		.thumb_func
  74              		.type	VCC_SetDriveMode, %function
  75              	VCC_SetDriveMode:
  76              	.LFB1:
  44:.\Generated_Source\PSoC5/VCC.c **** 
  45:.\Generated_Source\PSoC5/VCC.c **** 
  46:.\Generated_Source\PSoC5/VCC.c **** /*******************************************************************************
  47:.\Generated_Source\PSoC5/VCC.c **** * Function Name: VCC_SetDriveMode
  48:.\Generated_Source\PSoC5/VCC.c **** ********************************************************************************
  49:.\Generated_Source\PSoC5/VCC.c **** *
  50:.\Generated_Source\PSoC5/VCC.c **** * Summary:
  51:.\Generated_Source\PSoC5/VCC.c **** *  Change the drive mode on the pins of the port.
  52:.\Generated_Source\PSoC5/VCC.c **** * 
  53:.\Generated_Source\PSoC5/VCC.c **** * Parameters:  
  54:.\Generated_Source\PSoC5/VCC.c **** *  mode:  Change the pins to one of the following drive modes.
  55:.\Generated_Source\PSoC5/VCC.c **** *
  56:.\Generated_Source\PSoC5/VCC.c **** *  VCC_DM_STRONG     Strong Drive 
  57:.\Generated_Source\PSoC5/VCC.c **** *  VCC_DM_OD_HI      Open Drain, Drives High 
  58:.\Generated_Source\PSoC5/VCC.c **** *  VCC_DM_OD_LO      Open Drain, Drives Low 
  59:.\Generated_Source\PSoC5/VCC.c **** *  VCC_DM_RES_UP     Resistive Pull Up 
  60:.\Generated_Source\PSoC5/VCC.c **** *  VCC_DM_RES_DWN    Resistive Pull Down 
  61:.\Generated_Source\PSoC5/VCC.c **** *  VCC_DM_RES_UPDWN  Resistive Pull Up/Down 
  62:.\Generated_Source\PSoC5/VCC.c **** *  VCC_DM_DIG_HIZ    High Impedance Digital 
  63:.\Generated_Source\PSoC5/VCC.c **** *  VCC_DM_ALG_HIZ    High Impedance Analog 
  64:.\Generated_Source\PSoC5/VCC.c **** *
  65:.\Generated_Source\PSoC5/VCC.c **** * Return: 
  66:.\Generated_Source\PSoC5/VCC.c **** *  None
  67:.\Generated_Source\PSoC5/VCC.c **** *
  68:.\Generated_Source\PSoC5/VCC.c **** *******************************************************************************/
  69:.\Generated_Source\PSoC5/VCC.c **** void VCC_SetDriveMode(uint8 mode) 
  70:.\Generated_Source\PSoC5/VCC.c **** {
  77              		.loc 1 70 0
  78              		.cfi_startproc
  79              		@ args = 0, pretend = 0, frame = 8
  80              		@ frame_needed = 1, uses_anonymous_args = 0
  81              		@ link register save eliminated.
  82 0000 80B4     		push	{r7}
  83              		.cfi_def_cfa_offset 4
  84              		.cfi_offset 7, -4
  85 0002 83B0     		sub	sp, sp, #12
  86              		.cfi_def_cfa_offset 16
  87 0004 00AF     		add	r7, sp, #0
  88              		.cfi_def_cfa_register 7
  89 0006 0346     		mov	r3, r0
  90 0008 FB71     		strb	r3, [r7, #7]
  71:.\Generated_Source\PSoC5/VCC.c **** 	CyPins_SetPinDriveMode(VCC_0, mode);
  91              		.loc 1 71 0
  92 000a 0A4B     		ldr	r3, .L5
  93 000c 094A     		ldr	r2, .L5
  94 000e 1278     		ldrb	r2, [r2]
  95 0010 D2B2     		uxtb	r2, r2
  96 0012 D2B2     		uxtb	r2, r2
  97 0014 22F00E02 		bic	r2, r2, #14
  98 0018 D1B2     		uxtb	r1, r2
  99 001a FA79     		ldrb	r2, [r7, #7]	@ zero_extendqisi2
 100 001c 02F00E02 		and	r2, r2, #14
ARM GAS  C:\Users\SCOTTC~1\AppData\Local\Temp\ccMRSVCk.s 			page 4


 101 0020 D2B2     		uxtb	r2, r2
 102 0022 0A43     		orrs	r2, r2, r1
 103 0024 D2B2     		uxtb	r2, r2
 104 0026 D2B2     		uxtb	r2, r2
 105 0028 1A70     		strb	r2, [r3]
  72:.\Generated_Source\PSoC5/VCC.c **** }
 106              		.loc 1 72 0
 107 002a 0C37     		adds	r7, r7, #12
 108 002c BD46     		mov	sp, r7
 109              		@ sp needed
 110 002e 5DF8047B 		ldr	r7, [sp], #4
 111 0032 7047     		bx	lr
 112              	.L6:
 113              		.align	2
 114              	.L5:
 115 0034 07500040 		.word	1073762311
 116              		.cfi_endproc
 117              	.LFE1:
 118              		.size	VCC_SetDriveMode, .-VCC_SetDriveMode
 119              		.section	.text.VCC_Read,"ax",%progbits
 120              		.align	2
 121              		.global	VCC_Read
 122              		.thumb
 123              		.thumb_func
 124              		.type	VCC_Read, %function
 125              	VCC_Read:
 126              	.LFB2:
  73:.\Generated_Source\PSoC5/VCC.c **** 
  74:.\Generated_Source\PSoC5/VCC.c **** 
  75:.\Generated_Source\PSoC5/VCC.c **** /*******************************************************************************
  76:.\Generated_Source\PSoC5/VCC.c **** * Function Name: VCC_Read
  77:.\Generated_Source\PSoC5/VCC.c **** ********************************************************************************
  78:.\Generated_Source\PSoC5/VCC.c **** *
  79:.\Generated_Source\PSoC5/VCC.c **** * Summary:
  80:.\Generated_Source\PSoC5/VCC.c **** *  Read the current value on the pins of the Digital Port in right justified 
  81:.\Generated_Source\PSoC5/VCC.c **** *  form.
  82:.\Generated_Source\PSoC5/VCC.c **** *
  83:.\Generated_Source\PSoC5/VCC.c **** * Parameters:  
  84:.\Generated_Source\PSoC5/VCC.c **** *  None
  85:.\Generated_Source\PSoC5/VCC.c **** *
  86:.\Generated_Source\PSoC5/VCC.c **** * Return: 
  87:.\Generated_Source\PSoC5/VCC.c **** *  Returns the current value of the Digital Port as a right justified number
  88:.\Generated_Source\PSoC5/VCC.c **** *  
  89:.\Generated_Source\PSoC5/VCC.c **** * Note:
  90:.\Generated_Source\PSoC5/VCC.c **** *  Macro VCC_ReadPS calls this function. 
  91:.\Generated_Source\PSoC5/VCC.c **** *  
  92:.\Generated_Source\PSoC5/VCC.c **** *******************************************************************************/
  93:.\Generated_Source\PSoC5/VCC.c **** uint8 VCC_Read(void) 
  94:.\Generated_Source\PSoC5/VCC.c **** {
 127              		.loc 1 94 0
 128              		.cfi_startproc
 129              		@ args = 0, pretend = 0, frame = 0
 130              		@ frame_needed = 1, uses_anonymous_args = 0
 131              		@ link register save eliminated.
 132 0000 80B4     		push	{r7}
 133              		.cfi_def_cfa_offset 4
 134              		.cfi_offset 7, -4
ARM GAS  C:\Users\SCOTTC~1\AppData\Local\Temp\ccMRSVCk.s 			page 5


 135 0002 00AF     		add	r7, sp, #0
 136              		.cfi_def_cfa_register 7
  95:.\Generated_Source\PSoC5/VCC.c ****     return (VCC_PS & VCC_MASK) >> VCC_SHIFT;
 137              		.loc 1 95 0
 138 0004 044B     		ldr	r3, .L9
 139 0006 1B78     		ldrb	r3, [r3]
 140 0008 DBB2     		uxtb	r3, r3
 141 000a DB09     		lsrs	r3, r3, #7
 142 000c DBB2     		uxtb	r3, r3
  96:.\Generated_Source\PSoC5/VCC.c **** }
 143              		.loc 1 96 0
 144 000e 1846     		mov	r0, r3
 145 0010 BD46     		mov	sp, r7
 146              		@ sp needed
 147 0012 5DF8047B 		ldr	r7, [sp], #4
 148 0016 7047     		bx	lr
 149              	.L10:
 150              		.align	2
 151              	.L9:
 152 0018 01510040 		.word	1073762561
 153              		.cfi_endproc
 154              	.LFE2:
 155              		.size	VCC_Read, .-VCC_Read
 156              		.section	.text.VCC_ReadDataReg,"ax",%progbits
 157              		.align	2
 158              		.global	VCC_ReadDataReg
 159              		.thumb
 160              		.thumb_func
 161              		.type	VCC_ReadDataReg, %function
 162              	VCC_ReadDataReg:
 163              	.LFB3:
  97:.\Generated_Source\PSoC5/VCC.c **** 
  98:.\Generated_Source\PSoC5/VCC.c **** 
  99:.\Generated_Source\PSoC5/VCC.c **** /*******************************************************************************
 100:.\Generated_Source\PSoC5/VCC.c **** * Function Name: VCC_ReadDataReg
 101:.\Generated_Source\PSoC5/VCC.c **** ********************************************************************************
 102:.\Generated_Source\PSoC5/VCC.c **** *
 103:.\Generated_Source\PSoC5/VCC.c **** * Summary:
 104:.\Generated_Source\PSoC5/VCC.c **** *  Read the current value assigned to a Digital Port's data output register
 105:.\Generated_Source\PSoC5/VCC.c **** *
 106:.\Generated_Source\PSoC5/VCC.c **** * Parameters:  
 107:.\Generated_Source\PSoC5/VCC.c **** *  None 
 108:.\Generated_Source\PSoC5/VCC.c **** *
 109:.\Generated_Source\PSoC5/VCC.c **** * Return: 
 110:.\Generated_Source\PSoC5/VCC.c **** *  Returns the current value assigned to the Digital Port's data output register
 111:.\Generated_Source\PSoC5/VCC.c **** *  
 112:.\Generated_Source\PSoC5/VCC.c **** *******************************************************************************/
 113:.\Generated_Source\PSoC5/VCC.c **** uint8 VCC_ReadDataReg(void) 
 114:.\Generated_Source\PSoC5/VCC.c **** {
 164              		.loc 1 114 0
 165              		.cfi_startproc
 166              		@ args = 0, pretend = 0, frame = 0
 167              		@ frame_needed = 1, uses_anonymous_args = 0
 168              		@ link register save eliminated.
 169 0000 80B4     		push	{r7}
 170              		.cfi_def_cfa_offset 4
 171              		.cfi_offset 7, -4
ARM GAS  C:\Users\SCOTTC~1\AppData\Local\Temp\ccMRSVCk.s 			page 6


 172 0002 00AF     		add	r7, sp, #0
 173              		.cfi_def_cfa_register 7
 115:.\Generated_Source\PSoC5/VCC.c ****     return (VCC_DR & VCC_MASK) >> VCC_SHIFT;
 174              		.loc 1 115 0
 175 0004 044B     		ldr	r3, .L13
 176 0006 1B78     		ldrb	r3, [r3]
 177 0008 DBB2     		uxtb	r3, r3
 178 000a DB09     		lsrs	r3, r3, #7
 179 000c DBB2     		uxtb	r3, r3
 116:.\Generated_Source\PSoC5/VCC.c **** }
 180              		.loc 1 116 0
 181 000e 1846     		mov	r0, r3
 182 0010 BD46     		mov	sp, r7
 183              		@ sp needed
 184 0012 5DF8047B 		ldr	r7, [sp], #4
 185 0016 7047     		bx	lr
 186              	.L14:
 187              		.align	2
 188              	.L13:
 189 0018 00510040 		.word	1073762560
 190              		.cfi_endproc
 191              	.LFE3:
 192              		.size	VCC_ReadDataReg, .-VCC_ReadDataReg
 193              		.text
 194              	.Letext0:
 195              		.file 2 ".\\Generated_Source\\PSoC5\\cytypes.h"
 196              		.section	.debug_info,"",%progbits
 197              	.Ldebug_info0:
 198 0000 18010000 		.4byte	0x118
 199 0004 0400     		.2byte	0x4
 200 0006 00000000 		.4byte	.Ldebug_abbrev0
 201 000a 04       		.byte	0x4
 202 000b 01       		.uleb128 0x1
 203 000c 2C010000 		.4byte	.LASF20
 204 0010 01       		.byte	0x1
 205 0011 00000000 		.4byte	.LASF21
 206 0015 30000000 		.4byte	.LASF22
 207 0019 00000000 		.4byte	.Ldebug_ranges0+0
 208 001d 00000000 		.4byte	0
 209 0021 00000000 		.4byte	.Ldebug_line0
 210 0025 02       		.uleb128 0x2
 211 0026 01       		.byte	0x1
 212 0027 06       		.byte	0x6
 213 0028 F5010000 		.4byte	.LASF0
 214 002c 02       		.uleb128 0x2
 215 002d 01       		.byte	0x1
 216 002e 08       		.byte	0x8
 217 002f C4000000 		.4byte	.LASF1
 218 0033 02       		.uleb128 0x2
 219 0034 02       		.byte	0x2
 220 0035 05       		.byte	0x5
 221 0036 DC010000 		.4byte	.LASF2
 222 003a 02       		.uleb128 0x2
 223 003b 02       		.byte	0x2
 224 003c 07       		.byte	0x7
 225 003d E9000000 		.4byte	.LASF3
 226 0041 02       		.uleb128 0x2
ARM GAS  C:\Users\SCOTTC~1\AppData\Local\Temp\ccMRSVCk.s 			page 7


 227 0042 04       		.byte	0x4
 228 0043 05       		.byte	0x5
 229 0044 EC010000 		.4byte	.LASF4
 230 0048 02       		.uleb128 0x2
 231 0049 04       		.byte	0x4
 232 004a 07       		.byte	0x7
 233 004b D7000000 		.4byte	.LASF5
 234 004f 02       		.uleb128 0x2
 235 0050 08       		.byte	0x8
 236 0051 05       		.byte	0x5
 237 0052 B9010000 		.4byte	.LASF6
 238 0056 02       		.uleb128 0x2
 239 0057 08       		.byte	0x8
 240 0058 07       		.byte	0x7
 241 0059 10010000 		.4byte	.LASF7
 242 005d 03       		.uleb128 0x3
 243 005e 04       		.byte	0x4
 244 005f 05       		.byte	0x5
 245 0060 696E7400 		.ascii	"int\000"
 246 0064 02       		.uleb128 0x2
 247 0065 04       		.byte	0x4
 248 0066 07       		.byte	0x7
 249 0067 03010000 		.4byte	.LASF8
 250 006b 04       		.uleb128 0x4
 251 006c E6010000 		.4byte	.LASF12
 252 0070 02       		.byte	0x2
 253 0071 5B       		.byte	0x5b
 254 0072 2C000000 		.4byte	0x2c
 255 0076 02       		.uleb128 0x2
 256 0077 04       		.byte	0x4
 257 0078 04       		.byte	0x4
 258 0079 B4000000 		.4byte	.LASF9
 259 007d 02       		.uleb128 0x2
 260 007e 08       		.byte	0x8
 261 007f 04       		.byte	0x4
 262 0080 FC000000 		.4byte	.LASF10
 263 0084 02       		.uleb128 0x2
 264 0085 01       		.byte	0x1
 265 0086 08       		.byte	0x8
 266 0087 D7010000 		.4byte	.LASF11
 267 008b 04       		.uleb128 0x4
 268 008c D2000000 		.4byte	.LASF13
 269 0090 02       		.byte	0x2
 270 0091 F0       		.byte	0xf0
 271 0092 96000000 		.4byte	0x96
 272 0096 05       		.uleb128 0x5
 273 0097 6B000000 		.4byte	0x6b
 274 009b 06       		.uleb128 0x6
 275 009c BA000000 		.4byte	.LASF14
 276 00a0 01       		.byte	0x1
 277 00a1 27       		.byte	0x27
 278 00a2 00000000 		.4byte	.LFB0
 279 00a6 34000000 		.4byte	.LFE0-.LFB0
 280 00aa 01       		.uleb128 0x1
 281 00ab 9C       		.byte	0x9c
 282 00ac CD000000 		.4byte	0xcd
 283 00b0 07       		.uleb128 0x7
ARM GAS  C:\Users\SCOTTC~1\AppData\Local\Temp\ccMRSVCk.s 			page 8


 284 00b1 1F000000 		.4byte	.LASF16
 285 00b5 01       		.byte	0x1
 286 00b6 27       		.byte	0x27
 287 00b7 6B000000 		.4byte	0x6b
 288 00bb 02       		.uleb128 0x2
 289 00bc 91       		.byte	0x91
 290 00bd 6F       		.sleb128 -17
 291 00be 08       		.uleb128 0x8
 292 00bf 25000000 		.4byte	.LASF23
 293 00c3 01       		.byte	0x1
 294 00c4 29       		.byte	0x29
 295 00c5 6B000000 		.4byte	0x6b
 296 00c9 02       		.uleb128 0x2
 297 00ca 91       		.byte	0x91
 298 00cb 77       		.sleb128 -9
 299 00cc 00       		.byte	0
 300 00cd 06       		.uleb128 0x6
 301 00ce A8010000 		.4byte	.LASF15
 302 00d2 01       		.byte	0x1
 303 00d3 45       		.byte	0x45
 304 00d4 00000000 		.4byte	.LFB1
 305 00d8 38000000 		.4byte	.LFE1-.LFB1
 306 00dc 01       		.uleb128 0x1
 307 00dd 9C       		.byte	0x9c
 308 00de F1000000 		.4byte	0xf1
 309 00e2 07       		.uleb128 0x7
 310 00e3 27010000 		.4byte	.LASF17
 311 00e7 01       		.byte	0x1
 312 00e8 45       		.byte	0x45
 313 00e9 6B000000 		.4byte	0x6b
 314 00ed 02       		.uleb128 0x2
 315 00ee 91       		.byte	0x91
 316 00ef 77       		.sleb128 -9
 317 00f0 00       		.byte	0
 318 00f1 09       		.uleb128 0x9
 319 00f2 01020000 		.4byte	.LASF18
 320 00f6 01       		.byte	0x1
 321 00f7 5D       		.byte	0x5d
 322 00f8 6B000000 		.4byte	0x6b
 323 00fc 00000000 		.4byte	.LFB2
 324 0100 1C000000 		.4byte	.LFE2-.LFB2
 325 0104 01       		.uleb128 0x1
 326 0105 9C       		.byte	0x9c
 327 0106 09       		.uleb128 0x9
 328 0107 C7010000 		.4byte	.LASF19
 329 010b 01       		.byte	0x1
 330 010c 71       		.byte	0x71
 331 010d 6B000000 		.4byte	0x6b
 332 0111 00000000 		.4byte	.LFB3
 333 0115 1C000000 		.4byte	.LFE3-.LFB3
 334 0119 01       		.uleb128 0x1
 335 011a 9C       		.byte	0x9c
 336 011b 00       		.byte	0
 337              		.section	.debug_abbrev,"",%progbits
 338              	.Ldebug_abbrev0:
 339 0000 01       		.uleb128 0x1
 340 0001 11       		.uleb128 0x11
ARM GAS  C:\Users\SCOTTC~1\AppData\Local\Temp\ccMRSVCk.s 			page 9


 341 0002 01       		.byte	0x1
 342 0003 25       		.uleb128 0x25
 343 0004 0E       		.uleb128 0xe
 344 0005 13       		.uleb128 0x13
 345 0006 0B       		.uleb128 0xb
 346 0007 03       		.uleb128 0x3
 347 0008 0E       		.uleb128 0xe
 348 0009 1B       		.uleb128 0x1b
 349 000a 0E       		.uleb128 0xe
 350 000b 55       		.uleb128 0x55
 351 000c 17       		.uleb128 0x17
 352 000d 11       		.uleb128 0x11
 353 000e 01       		.uleb128 0x1
 354 000f 10       		.uleb128 0x10
 355 0010 17       		.uleb128 0x17
 356 0011 00       		.byte	0
 357 0012 00       		.byte	0
 358 0013 02       		.uleb128 0x2
 359 0014 24       		.uleb128 0x24
 360 0015 00       		.byte	0
 361 0016 0B       		.uleb128 0xb
 362 0017 0B       		.uleb128 0xb
 363 0018 3E       		.uleb128 0x3e
 364 0019 0B       		.uleb128 0xb
 365 001a 03       		.uleb128 0x3
 366 001b 0E       		.uleb128 0xe
 367 001c 00       		.byte	0
 368 001d 00       		.byte	0
 369 001e 03       		.uleb128 0x3
 370 001f 24       		.uleb128 0x24
 371 0020 00       		.byte	0
 372 0021 0B       		.uleb128 0xb
 373 0022 0B       		.uleb128 0xb
 374 0023 3E       		.uleb128 0x3e
 375 0024 0B       		.uleb128 0xb
 376 0025 03       		.uleb128 0x3
 377 0026 08       		.uleb128 0x8
 378 0027 00       		.byte	0
 379 0028 00       		.byte	0
 380 0029 04       		.uleb128 0x4
 381 002a 16       		.uleb128 0x16
 382 002b 00       		.byte	0
 383 002c 03       		.uleb128 0x3
 384 002d 0E       		.uleb128 0xe
 385 002e 3A       		.uleb128 0x3a
 386 002f 0B       		.uleb128 0xb
 387 0030 3B       		.uleb128 0x3b
 388 0031 0B       		.uleb128 0xb
 389 0032 49       		.uleb128 0x49
 390 0033 13       		.uleb128 0x13
 391 0034 00       		.byte	0
 392 0035 00       		.byte	0
 393 0036 05       		.uleb128 0x5
 394 0037 35       		.uleb128 0x35
 395 0038 00       		.byte	0
 396 0039 49       		.uleb128 0x49
 397 003a 13       		.uleb128 0x13
ARM GAS  C:\Users\SCOTTC~1\AppData\Local\Temp\ccMRSVCk.s 			page 10


 398 003b 00       		.byte	0
 399 003c 00       		.byte	0
 400 003d 06       		.uleb128 0x6
 401 003e 2E       		.uleb128 0x2e
 402 003f 01       		.byte	0x1
 403 0040 3F       		.uleb128 0x3f
 404 0041 19       		.uleb128 0x19
 405 0042 03       		.uleb128 0x3
 406 0043 0E       		.uleb128 0xe
 407 0044 3A       		.uleb128 0x3a
 408 0045 0B       		.uleb128 0xb
 409 0046 3B       		.uleb128 0x3b
 410 0047 0B       		.uleb128 0xb
 411 0048 27       		.uleb128 0x27
 412 0049 19       		.uleb128 0x19
 413 004a 11       		.uleb128 0x11
 414 004b 01       		.uleb128 0x1
 415 004c 12       		.uleb128 0x12
 416 004d 06       		.uleb128 0x6
 417 004e 40       		.uleb128 0x40
 418 004f 18       		.uleb128 0x18
 419 0050 9742     		.uleb128 0x2117
 420 0052 19       		.uleb128 0x19
 421 0053 01       		.uleb128 0x1
 422 0054 13       		.uleb128 0x13
 423 0055 00       		.byte	0
 424 0056 00       		.byte	0
 425 0057 07       		.uleb128 0x7
 426 0058 05       		.uleb128 0x5
 427 0059 00       		.byte	0
 428 005a 03       		.uleb128 0x3
 429 005b 0E       		.uleb128 0xe
 430 005c 3A       		.uleb128 0x3a
 431 005d 0B       		.uleb128 0xb
 432 005e 3B       		.uleb128 0x3b
 433 005f 0B       		.uleb128 0xb
 434 0060 49       		.uleb128 0x49
 435 0061 13       		.uleb128 0x13
 436 0062 02       		.uleb128 0x2
 437 0063 18       		.uleb128 0x18
 438 0064 00       		.byte	0
 439 0065 00       		.byte	0
 440 0066 08       		.uleb128 0x8
 441 0067 34       		.uleb128 0x34
 442 0068 00       		.byte	0
 443 0069 03       		.uleb128 0x3
 444 006a 0E       		.uleb128 0xe
 445 006b 3A       		.uleb128 0x3a
 446 006c 0B       		.uleb128 0xb
 447 006d 3B       		.uleb128 0x3b
 448 006e 0B       		.uleb128 0xb
 449 006f 49       		.uleb128 0x49
 450 0070 13       		.uleb128 0x13
 451 0071 02       		.uleb128 0x2
 452 0072 18       		.uleb128 0x18
 453 0073 00       		.byte	0
 454 0074 00       		.byte	0
ARM GAS  C:\Users\SCOTTC~1\AppData\Local\Temp\ccMRSVCk.s 			page 11


 455 0075 09       		.uleb128 0x9
 456 0076 2E       		.uleb128 0x2e
 457 0077 00       		.byte	0
 458 0078 3F       		.uleb128 0x3f
 459 0079 19       		.uleb128 0x19
 460 007a 03       		.uleb128 0x3
 461 007b 0E       		.uleb128 0xe
 462 007c 3A       		.uleb128 0x3a
 463 007d 0B       		.uleb128 0xb
 464 007e 3B       		.uleb128 0x3b
 465 007f 0B       		.uleb128 0xb
 466 0080 27       		.uleb128 0x27
 467 0081 19       		.uleb128 0x19
 468 0082 49       		.uleb128 0x49
 469 0083 13       		.uleb128 0x13
 470 0084 11       		.uleb128 0x11
 471 0085 01       		.uleb128 0x1
 472 0086 12       		.uleb128 0x12
 473 0087 06       		.uleb128 0x6
 474 0088 40       		.uleb128 0x40
 475 0089 18       		.uleb128 0x18
 476 008a 9742     		.uleb128 0x2117
 477 008c 19       		.uleb128 0x19
 478 008d 00       		.byte	0
 479 008e 00       		.byte	0
 480 008f 00       		.byte	0
 481              		.section	.debug_aranges,"",%progbits
 482 0000 34000000 		.4byte	0x34
 483 0004 0200     		.2byte	0x2
 484 0006 00000000 		.4byte	.Ldebug_info0
 485 000a 04       		.byte	0x4
 486 000b 00       		.byte	0
 487 000c 0000     		.2byte	0
 488 000e 0000     		.2byte	0
 489 0010 00000000 		.4byte	.LFB0
 490 0014 34000000 		.4byte	.LFE0-.LFB0
 491 0018 00000000 		.4byte	.LFB1
 492 001c 38000000 		.4byte	.LFE1-.LFB1
 493 0020 00000000 		.4byte	.LFB2
 494 0024 1C000000 		.4byte	.LFE2-.LFB2
 495 0028 00000000 		.4byte	.LFB3
 496 002c 1C000000 		.4byte	.LFE3-.LFB3
 497 0030 00000000 		.4byte	0
 498 0034 00000000 		.4byte	0
 499              		.section	.debug_ranges,"",%progbits
 500              	.Ldebug_ranges0:
 501 0000 00000000 		.4byte	.LFB0
 502 0004 34000000 		.4byte	.LFE0
 503 0008 00000000 		.4byte	.LFB1
 504 000c 38000000 		.4byte	.LFE1
 505 0010 00000000 		.4byte	.LFB2
 506 0014 1C000000 		.4byte	.LFE2
 507 0018 00000000 		.4byte	.LFB3
 508 001c 1C000000 		.4byte	.LFE3
 509 0020 00000000 		.4byte	0
 510 0024 00000000 		.4byte	0
 511              		.section	.debug_line,"",%progbits
ARM GAS  C:\Users\SCOTTC~1\AppData\Local\Temp\ccMRSVCk.s 			page 12


 512              	.Ldebug_line0:
 513 0000 90000000 		.section	.debug_str,"MS",%progbits,1
 513      02004200 
 513      00000201 
 513      FB0E0D00 
 513      01010101 
 514              	.LASF21:
 515 0000 2E5C4765 		.ascii	".\\Generated_Source\\PSoC5\\VCC.c\000"
 515      6E657261 
 515      7465645F 
 515      536F7572 
 515      63655C50 
 516              	.LASF16:
 517 001f 76616C75 		.ascii	"value\000"
 517      6500
 518              	.LASF23:
 519 0025 73746174 		.ascii	"staticBits\000"
 519      69634269 
 519      747300
 520              	.LASF22:
 521 0030 5C5C766D 		.ascii	"\\\\vmware-host\\Shared Folders\\scottcarlson On My"
 521      77617265 
 521      2D686F73 
 521      745C5368 
 521      61726564 
 522 005f 204D6163 		.ascii	" Mac\\Downloads\\WIFI_MicroWebServer (1)\\WIFI_Micr"
 522      5C446F77 
 522      6E6C6F61 
 522      64735C57 
 522      4946495F 
 523 008f 6F576562 		.ascii	"oWebServer\\WIFI_MicroWebServer.cydsn\000"
 523      53657276 
 523      65725C57 
 523      4946495F 
 523      4D696372 
 524              	.LASF9:
 525 00b4 666C6F61 		.ascii	"float\000"
 525      7400
 526              	.LASF14:
 527 00ba 5643435F 		.ascii	"VCC_Write\000"
 527      57726974 
 527      6500
 528              	.LASF1:
 529 00c4 756E7369 		.ascii	"unsigned char\000"
 529      676E6564 
 529      20636861 
 529      7200
 530              	.LASF13:
 531 00d2 72656738 		.ascii	"reg8\000"
 531      00
 532              	.LASF5:
 533 00d7 6C6F6E67 		.ascii	"long unsigned int\000"
 533      20756E73 
 533      69676E65 
 533      6420696E 
 533      7400
 534              	.LASF3:
ARM GAS  C:\Users\SCOTTC~1\AppData\Local\Temp\ccMRSVCk.s 			page 13


 535 00e9 73686F72 		.ascii	"short unsigned int\000"
 535      7420756E 
 535      7369676E 
 535      65642069 
 535      6E7400
 536              	.LASF10:
 537 00fc 646F7562 		.ascii	"double\000"
 537      6C6500
 538              	.LASF8:
 539 0103 756E7369 		.ascii	"unsigned int\000"
 539      676E6564 
 539      20696E74 
 539      00
 540              	.LASF7:
 541 0110 6C6F6E67 		.ascii	"long long unsigned int\000"
 541      206C6F6E 
 541      6720756E 
 541      7369676E 
 541      65642069 
 542              	.LASF17:
 543 0127 6D6F6465 		.ascii	"mode\000"
 543      00
 544              	.LASF20:
 545 012c 474E5520 		.ascii	"GNU C 4.8.4 20140526 (release) [ARM/embedded-4_8-br"
 545      4320342E 
 545      382E3420 
 545      32303134 
 545      30353236 
 546 015f 616E6368 		.ascii	"anch revision 211358] -mcpu=cortex-m3 -mthumb -g -O"
 546      20726576 
 546      6973696F 
 546      6E203231 
 546      31333538 
 547 0192 30202D66 		.ascii	"0 -ffunction-sections\000"
 547      66756E63 
 547      74696F6E 
 547      2D736563 
 547      74696F6E 
 548              	.LASF15:
 549 01a8 5643435F 		.ascii	"VCC_SetDriveMode\000"
 549      53657444 
 549      72697665 
 549      4D6F6465 
 549      00
 550              	.LASF6:
 551 01b9 6C6F6E67 		.ascii	"long long int\000"
 551      206C6F6E 
 551      6720696E 
 551      7400
 552              	.LASF19:
 553 01c7 5643435F 		.ascii	"VCC_ReadDataReg\000"
 553      52656164 
 553      44617461 
 553      52656700 
 554              	.LASF11:
 555 01d7 63686172 		.ascii	"char\000"
 555      00
ARM GAS  C:\Users\SCOTTC~1\AppData\Local\Temp\ccMRSVCk.s 			page 14


 556              	.LASF2:
 557 01dc 73686F72 		.ascii	"short int\000"
 557      7420696E 
 557      7400
 558              	.LASF12:
 559 01e6 75696E74 		.ascii	"uint8\000"
 559      3800
 560              	.LASF4:
 561 01ec 6C6F6E67 		.ascii	"long int\000"
 561      20696E74 
 561      00
 562              	.LASF0:
 563 01f5 7369676E 		.ascii	"signed char\000"
 563      65642063 
 563      68617200 
 564              	.LASF18:
 565 0201 5643435F 		.ascii	"VCC_Read\000"
 565      52656164 
 565      00
 566              		.ident	"GCC: (GNU Tools for ARM Embedded Processors) 4.8.4 20140526 (release) [ARM/embedded-4_8-br
