Loading plugins phase: Elapsed time ==> 0s.250ms
Initializing data phase: Elapsed time ==> 0s.000ms
<CYPRESSTAG name="CyDsfit arguments...">
cydsfit arguments: -.fdsnotice -.fdswarpdepfile=warp_dependencies.txt -.fdselabdepfile=elab_dependencies.txt -.fdsbldfile=generated_files.txt -p \\vmware-host\Shared Folders\scottcarlson On My Mac\Code\repos\MagField_LowFreq_Detector\DelSig_16Channel-20bit-DMA.cydsn\DelSig_16Channel-20bit-DMA.cyprj -d CY8C5868AXI-LP035 -s \\vmware-host\Shared Folders\scottcarlson On My Mac\Code\repos\MagField_LowFreq_Detector\DelSig_16Channel-20bit-DMA.cydsn\Generated_Source\PSoC5 -- -yv2 -q10 -ygs -o2 -v3 -.fftcfgtype=LE</CYPRESSTAG>
<CYPRESSTAG name="Design elaboration results...">
ADD: sdb.M0060: warning: Warning in component: cy_boot. CY_BOOT: Function: CyPmSaveClocks() has a known defect that may cause unexpected operation when using the PLL. Symptoms include device reset during or after the function call or failure to return from a low power mode, such as sleep. See KBA90954 (http://www.cypress.com/?id=4&rID=91681) for the details.

</CYPRESSTAG>
Elaboration phase: Elapsed time ==> 2s.194ms
<CYPRESSTAG name="HDL generation results...">
</CYPRESSTAG>
HDL generation phase: Elapsed time ==> 0s.124ms
<CYPRESSTAG name="Synthesis results...">

     | | | | | | |
   _________________
  -|               |-
  -|               |-
  -|               |-
  -|    CYPRESS    |-
  -|               |-
  -|               |-   Warp Verilog Synthesis Compiler: Version 6.3 IR 41
  -|               |-   Copyright (C) 1991-2001 Cypress Semiconductor
   |_______________|
     | | | | | | |

======================================================================
Compiling:  DelSig_16Channel-20bit-DMA.v
Program  :   C:\Program Files\Cypress\PSoC Creator\3.2\PSoC Creator\warp\bin/warp.exe
Options  :    -yv2 -q10 -ygs -o2 -v3 -.fftcfgtype=LE -ya -.fftprj=\\vmware-host\Shared Folders\scottcarlson On My Mac\Code\repos\MagField_LowFreq_Detector\DelSig_16Channel-20bit-DMA.cydsn\DelSig_16Channel-20bit-DMA.cyprj -dcpsoc3 DelSig_16Channel-20bit-DMA.v -verilog
======================================================================

======================================================================
Compiling:  DelSig_16Channel-20bit-DMA.v
Program  :   C:\Program Files\Cypress\PSoC Creator\3.2\PSoC Creator\warp\bin/warp.exe
Options  :    -yv2 -q10 -ygs -o2 -v3 -.fftcfgtype=LE -ya -.fftprj=\\vmware-host\Shared Folders\scottcarlson On My Mac\Code\repos\MagField_LowFreq_Detector\DelSig_16Channel-20bit-DMA.cydsn\DelSig_16Channel-20bit-DMA.cyprj -dcpsoc3 DelSig_16Channel-20bit-DMA.v -verilog
======================================================================

======================================================================
Compiling:  DelSig_16Channel-20bit-DMA.v
Program  :   vlogfe
Options  :    -yv2 -q10 -ygs -o2 -v3 -.fftcfgtype=LE -ya -.fftprj=\\vmware-host\Shared Folders\scottcarlson On My Mac\Code\repos\MagField_LowFreq_Detector\DelSig_16Channel-20bit-DMA.cydsn\DelSig_16Channel-20bit-DMA.cyprj -dcpsoc3 -verilog DelSig_16Channel-20bit-DMA.v
======================================================================

vlogfe V6.3 IR 41:  Verilog parser
Tue Nov 03 19:05:52 2015


======================================================================
Compiling:  DelSig_16Channel-20bit-DMA.v
Program  :   vpp
Options  :    -yv2 -q10 DelSig_16Channel-20bit-DMA.v
======================================================================

vpp V6.3 IR 41:  Verilog Pre-Processor
Tue Nov 03 19:05:52 2015

Flattening file 'C:\Program Files\Cypress\PSoC Creator\3.2\PSoC Creator\warp\..\psoc\content\cyprimitives\CyPrimitives.cylib\ZeroTerminal\ZeroTerminal.v'
Flattening file 'C:\Program Files\Cypress\PSoC Creator\3.2\PSoC Creator\warp\..\psoc\content\cyprimitives\CyPrimitives.cylib\cy_vref_v1_60\cy_vref_v1_60.v'
Flattening file 'C:\Program Files\Cypress\PSoC Creator\3.2\PSoC Creator\warp\..\psoc\content\cyprimitives\CyPrimitives.cylib\cy_analog_virtualmux_v1_0\cy_analog_virtualmux_v1_0.v'
Flattening file 'C:\Program Files\Cypress\PSoC Creator\3.2\PSoC Creator\warp\..\psoc\content\cycomponentlibrary\CyComponentLibrary.cylib\AMux_v1_80\AMux_v1_80.v'
Flattening file 'C:\Program Files\Cypress\PSoC Creator\3.2\PSoC Creator\warp\lib\common\cypress.v'
Flattening file 'C:\Program Files\Cypress\PSoC Creator\3.2\PSoC Creator\warp\lib\common\cy_psoc3_inc.v'
Flattening file 'C:\Program Files\Cypress\PSoC Creator\3.2\PSoC Creator\warp\..\psoc\content\cyprimitives\CyPrimitives.cylib\cy_virtualmux_v1_0\cy_virtualmux_v1_0.v'
Flattening file 'C:\Program Files\Cypress\PSoC Creator\3.2\PSoC Creator\warp\..\psoc\content\cyprimitives\CyPrimitives.cylib\or_v1_0\or_v1_0.v'

vpp:  No errors.

Library 'work' => directory 'lcpsoc3'
General_symbol_table
General_symbol_table
Linking 'C:\Program Files\Cypress\PSoC Creator\3.2\PSoC Creator\warp\lib\common\std.vhd'.
Linking 'C:\Program Files\Cypress\PSoC Creator\3.2\PSoC Creator\warp\lib\common\cypress.vhd'.
Linking 'C:\Program Files\Cypress\PSoC Creator\3.2\PSoC Creator\warp\lib\common\work\cypress.vif'.
Linking 'C:\Program Files\Cypress\PSoC Creator\3.2\PSoC Creator\warp\lib\ieee\work\stdlogic.vif'.
Linking 'C:\Program Files\Cypress\PSoC Creator\3.2\PSoC Creator\warp\lib\common\stdlogic\lpmpkg.vif'.
Linking 'C:\Program Files\Cypress\PSoC Creator\3.2\PSoC Creator\warp\lib\common\stdlogic\rtlpkg.vif'.
Linking 'C:\Program Files\Cypress\PSoC Creator\3.2\PSoC Creator\warp\lib\common\stdlogic\mod_cnst.vif'.
Linking 'C:\Program Files\Cypress\PSoC Creator\3.2\PSoC Creator\warp\lib\common\stdlogic\mod_mthv.vif'.
Linking 'C:\Program Files\Cypress\PSoC Creator\3.2\PSoC Creator\warp\lib\common\stdlogic\mod_genv.vif'.
Using control file 'DelSig_16Channel-20bit-DMA.ctl'.

vlogfe:  No errors.


======================================================================
Compiling:  DelSig_16Channel-20bit-DMA.v
Program  :   tovif
Options  :    -yv2 -q10 -ygs -o2 -v3 -.fftcfgtype=LE -ya -.fftprj=\\vmware-host\Shared Folders\scottcarlson On My Mac\Code\repos\MagField_LowFreq_Detector\DelSig_16Channel-20bit-DMA.cydsn\DelSig_16Channel-20bit-DMA.cyprj -dcpsoc3 -verilog DelSig_16Channel-20bit-DMA.v
======================================================================

tovif V6.3 IR 41:  High-level synthesis
Tue Nov 03 19:05:52 2015

Linking 'C:\Program Files\Cypress\PSoC Creator\3.2\PSoC Creator\warp\lib\common\std.vhd'.
Linking 'C:\Program Files\Cypress\PSoC Creator\3.2\PSoC Creator\warp\lib\common\cypress.vhd'.
Linking 'C:\Program Files\Cypress\PSoC Creator\3.2\PSoC Creator\warp\lib\common\work\cypress.vif'.
Linking 'C:\Program Files\Cypress\PSoC Creator\3.2\PSoC Creator\warp\lib\ieee\work\stdlogic.vif'.
Linking 'C:\Program Files\Cypress\PSoC Creator\3.2\PSoC Creator\warp\lib\common\stdlogic\lpmpkg.vif'.
Linking 'C:\Program Files\Cypress\PSoC Creator\3.2\PSoC Creator\warp\lib\common\stdlogic\rtlpkg.vif'.
Linking 'C:\Program Files\Cypress\PSoC Creator\3.2\PSoC Creator\warp\lib\common\stdlogic\mod_cnst.vif'.
Linking 'C:\Program Files\Cypress\PSoC Creator\3.2\PSoC Creator\warp\lib\common\stdlogic\mod_mthv.vif'.
Linking 'C:\Program Files\Cypress\PSoC Creator\3.2\PSoC Creator\warp\lib\common\stdlogic\mod_genv.vif'.
Linking '\\vmware-host\Shared Folders\scottcarlson On My Mac\Code\repos\MagField_LowFreq_Detector\DelSig_16Channel-20bit-DMA.cydsn\codegentemp\DelSig_16Channel-20bit-DMA.ctl'.
Linking '\\vmware-host\Shared Folders\scottcarlson On My Mac\Code\repos\MagField_LowFreq_Detector\DelSig_16Channel-20bit-DMA.cydsn\codegentemp\DelSig_16Channel-20bit-DMA.v'.
Linking 'C:\Program Files\Cypress\PSoC Creator\3.2\PSoC Creator\psoc\content\cyprimitives\CyPrimitives.cylib\ZeroTerminal\ZeroTerminal.v'.
Linking 'C:\Program Files\Cypress\PSoC Creator\3.2\PSoC Creator\psoc\content\cyprimitives\CyPrimitives.cylib\cy_vref_v1_60\cy_vref_v1_60.v'.
Linking 'C:\Program Files\Cypress\PSoC Creator\3.2\PSoC Creator\psoc\content\cyprimitives\CyPrimitives.cylib\cy_analog_virtualmux_v1_0\cy_analog_virtualmux_v1_0.v'.
Linking 'C:\Program Files\Cypress\PSoC Creator\3.2\PSoC Creator\psoc\content\cycomponentlibrary\CyComponentLibrary.cylib\AMux_v1_80\AMux_v1_80.v'.
Linking 'C:\Program Files\Cypress\PSoC Creator\3.2\PSoC Creator\warp\lib\common\cypress.v'.
Linking 'C:\Program Files\Cypress\PSoC Creator\3.2\PSoC Creator\warp\lib\common\cy_psoc3_inc.v'.
Linking 'C:\Program Files\Cypress\PSoC Creator\3.2\PSoC Creator\psoc\content\cyprimitives\CyPrimitives.cylib\cy_virtualmux_v1_0\cy_virtualmux_v1_0.v'.
Linking 'C:\Program Files\Cypress\PSoC Creator\3.2\PSoC Creator\psoc\content\cyprimitives\CyPrimitives.cylib\or_v1_0\or_v1_0.v'.

tovif:  No errors.


======================================================================
Compiling:  DelSig_16Channel-20bit-DMA.v
Program  :   topld
Options  :    -yv2 -q10 -ygs -o2 -v3 -.fftcfgtype=LE -ya -.fftprj=\\vmware-host\Shared Folders\scottcarlson On My Mac\Code\repos\MagField_LowFreq_Detector\DelSig_16Channel-20bit-DMA.cydsn\DelSig_16Channel-20bit-DMA.cyprj -dcpsoc3 -verilog DelSig_16Channel-20bit-DMA.v
======================================================================

topld V6.3 IR 41:  Synthesis and optimization
Tue Nov 03 19:05:52 2015

Linking 'C:\Program Files\Cypress\PSoC Creator\3.2\PSoC Creator\warp\lib\common\std.vhd'.
Linking 'C:\Program Files\Cypress\PSoC Creator\3.2\PSoC Creator\warp\lib\common\cypress.vhd'.
Linking 'C:\Program Files\Cypress\PSoC Creator\3.2\PSoC Creator\warp\lib\common\work\cypress.vif'.
Linking 'C:\Program Files\Cypress\PSoC Creator\3.2\PSoC Creator\warp\lib\ieee\work\stdlogic.vif'.
Linking 'C:\Program Files\Cypress\PSoC Creator\3.2\PSoC Creator\warp\lib\common\stdlogic\lpmpkg.vif'.
Linking 'C:\Program Files\Cypress\PSoC Creator\3.2\PSoC Creator\warp\lib\common\stdlogic\rtlpkg.vif'.
Linking 'C:\Program Files\Cypress\PSoC Creator\3.2\PSoC Creator\warp\lib\common\stdlogic\mod_cnst.vif'.
Linking 'C:\Program Files\Cypress\PSoC Creator\3.2\PSoC Creator\warp\lib\common\stdlogic\mod_mthv.vif'.
Linking 'C:\Program Files\Cypress\PSoC Creator\3.2\PSoC Creator\warp\lib\common\stdlogic\mod_genv.vif'.
Linking '\\vmware-host\Shared Folders\scottcarlson On My Mac\Code\repos\MagField_LowFreq_Detector\DelSig_16Channel-20bit-DMA.cydsn\codegentemp\DelSig_16Channel-20bit-DMA.ctl'.
Linking '\\vmware-host\Shared Folders\scottcarlson On My Mac\Code\repos\MagField_LowFreq_Detector\DelSig_16Channel-20bit-DMA.cydsn\codegentemp\DelSig_16Channel-20bit-DMA.v'.
Linking 'C:\Program Files\Cypress\PSoC Creator\3.2\PSoC Creator\psoc\content\cyprimitives\CyPrimitives.cylib\ZeroTerminal\ZeroTerminal.v'.
Linking 'C:\Program Files\Cypress\PSoC Creator\3.2\PSoC Creator\psoc\content\cyprimitives\CyPrimitives.cylib\cy_vref_v1_60\cy_vref_v1_60.v'.
Linking 'C:\Program Files\Cypress\PSoC Creator\3.2\PSoC Creator\psoc\content\cyprimitives\CyPrimitives.cylib\cy_analog_virtualmux_v1_0\cy_analog_virtualmux_v1_0.v'.
Linking 'C:\Program Files\Cypress\PSoC Creator\3.2\PSoC Creator\psoc\content\cycomponentlibrary\CyComponentLibrary.cylib\AMux_v1_80\AMux_v1_80.v'.
Linking 'C:\Program Files\Cypress\PSoC Creator\3.2\PSoC Creator\warp\lib\common\cypress.v'.
Linking 'C:\Program Files\Cypress\PSoC Creator\3.2\PSoC Creator\warp\lib\common\cy_psoc3_inc.v'.
Linking 'C:\Program Files\Cypress\PSoC Creator\3.2\PSoC Creator\psoc\content\cyprimitives\CyPrimitives.cylib\cy_virtualmux_v1_0\cy_virtualmux_v1_0.v'.
Linking 'C:\Program Files\Cypress\PSoC Creator\3.2\PSoC Creator\psoc\content\cyprimitives\CyPrimitives.cylib\or_v1_0\or_v1_0.v'.
Linking 'C:\Program Files\Cypress\PSoC Creator\3.2\PSoC Creator\warp\lib\lcpsoc3\stdlogic\cpsoc3.vif'.

----------------------------------------------------------
Detecting unused logic.
----------------------------------------------------------
    User names
	\ADC:Net_268\
	\ADC:Net_270\


Deleted 2 User equations/components.
Deleted 0 Synthesized equations/components.

------------------------------------------------------
Alias Detection
------------------------------------------------------
Aliasing \LCD:tmpOE__LCDPort_net_5\ to \LCD:tmpOE__LCDPort_net_6\
Aliasing \LCD:tmpOE__LCDPort_net_4\ to \LCD:tmpOE__LCDPort_net_6\
Aliasing \LCD:tmpOE__LCDPort_net_3\ to \LCD:tmpOE__LCDPort_net_6\
Aliasing \LCD:tmpOE__LCDPort_net_2\ to \LCD:tmpOE__LCDPort_net_6\
Aliasing \LCD:tmpOE__LCDPort_net_1\ to \LCD:tmpOE__LCDPort_net_6\
Aliasing \LCD:tmpOE__LCDPort_net_0\ to \LCD:tmpOE__LCDPort_net_6\
Aliasing one to \LCD:tmpOE__LCDPort_net_6\
Aliasing tmpOE__EOCpin_net_0 to \LCD:tmpOE__LCDPort_net_6\
Aliasing \Filter:Net_1\ to zero
Aliasing \Filter:Net_4\ to zero
Aliasing \Filter:Net_5\ to zero
Aliasing \ADC:Net_482\ to zero
Aliasing \ADC:Net_252\ to zero
Aliasing \ADC:soc\ to \LCD:tmpOE__LCDPort_net_6\
Aliasing tmpOE__Pin_1_net_0 to \LCD:tmpOE__LCDPort_net_6\
Removing Lhs of wire \LCD:tmpOE__LCDPort_net_5\[2] = \LCD:tmpOE__LCDPort_net_6\[1]
Removing Lhs of wire \LCD:tmpOE__LCDPort_net_4\[3] = \LCD:tmpOE__LCDPort_net_6\[1]
Removing Lhs of wire \LCD:tmpOE__LCDPort_net_3\[4] = \LCD:tmpOE__LCDPort_net_6\[1]
Removing Lhs of wire \LCD:tmpOE__LCDPort_net_2\[5] = \LCD:tmpOE__LCDPort_net_6\[1]
Removing Lhs of wire \LCD:tmpOE__LCDPort_net_1\[6] = \LCD:tmpOE__LCDPort_net_6\[1]
Removing Lhs of wire \LCD:tmpOE__LCDPort_net_0\[7] = \LCD:tmpOE__LCDPort_net_6\[1]
Removing Rhs of wire one[24] = \LCD:tmpOE__LCDPort_net_6\[1]
Removing Lhs of wire tmpOE__EOCpin_net_0[27] = one[24]
Removing Lhs of wire \Filter:Net_1\[35] = zero[8]
Removing Lhs of wire \Filter:Net_4\[37] = zero[8]
Removing Lhs of wire \Filter:Net_5\[38] = zero[8]
Removing Rhs of wire \ADC:Net_488\[60] = \ADC:Net_250\[95]
Removing Lhs of wire \ADC:Net_481\[63] = zero[8]
Removing Lhs of wire \ADC:Net_482\[64] = zero[8]
Removing Lhs of wire \ADC:Net_252\[97] = zero[8]
Removing Lhs of wire \ADC:soc\[99] = one[24]
Removing Lhs of wire tmpOE__Pin_1_net_0[106] = one[24]

------------------------------------------------------
Aliased 0 equations, 17 wires.
------------------------------------------------------

----------------------------------------------------------
Circuit simplification
----------------------------------------------------------

Substituting virtuals - pass 1:


----------------------------------------------------------
Circuit simplification results:

	Expanded 0 signals.
	Turned 0 signals into soft nodes.
	Maximum default expansion cost was set at 3.
----------------------------------------------------------

topld:  No errors.

CYPRESS_DIR    : C:\Program Files\Cypress\PSoC Creator\3.2\PSoC Creator\warp
Warp Program   : C:\Program Files\Cypress\PSoC Creator\3.2\PSoC Creator\warp\bin/warp.exe
Warp Arguments : -yv2 -q10 -ygs -o2 -v3 -.fftcfgtype=LE -ya "-.fftprj=\\vmware-host\Shared Folders\scottcarlson On My Mac\Code\repos\MagField_LowFreq_Detector\DelSig_16Channel-20bit-DMA.cydsn\DelSig_16Channel-20bit-DMA.cyprj" -dcpsoc3 DelSig_16Channel-20bit-DMA.v -verilog
</CYPRESSTAG>
Warp synthesis phase: Elapsed time ==> 0s.471ms
<CYPRESSTAG name="Fitter results...">
<CYPRESSTAG name="Fitter startup details...">
cyp3fit: V3.2.0.6175, Family: PSoC3, Started at: Tuesday, 03 November 2015 19:05:52
Options: -yv2 -q10 -ygs -o2 -v3 -.fftcfgtype=LE -ya -.fftprj=\\vmware-host\Shared Folders\scottcarlson On My Mac\Code\repos\MagField_LowFreq_Detector\DelSig_16Channel-20bit-DMA.cydsn\DelSig_16Channel-20bit-DMA.cyprj -d CY8C5868AXI-LP035 DelSig_16Channel-20bit-DMA.v -verilog
</CYPRESSTAG>
<CYPRESSTAG name="Design parsing">
Design parsing phase: Elapsed time ==> 0s.015ms
</CYPRESSTAG>
<CYPRESSTAG name="Tech mapping">
<CYPRESSTAG name="Initial Mapping" icon="FILE_RPT_TECHM">
<CYPRESSTAG name="Global Clock Selection" icon="FILE_RPT_TECHM">
    Digital Clock 0: Automatic-assigning  clock 'ADC_Ext_CP_Clk'. Fanout=1, Signal=\ADC:Net_93\
    Analog  Clock 0: Automatic-assigning  clock 'ADC_theACLK'. Fanout=1, Signal=\ADC:Net_488\
</CYPRESSTAG>
<CYPRESSTAG name="UDB Clock/Enable Remapping Results">
</CYPRESSTAG>

Removing unused cells resulting from optimization
Done removing unused cells.
<CYPRESSTAG name="Duplicate Macrocell detection">
</CYPRESSTAG>
</CYPRESSTAG>
<CYPRESSTAG name="Duplicate Macrocell detection">
</CYPRESSTAG>
<CYPRESSTAG name="Design Equations" icon="FILE_RPT_EQUATION">

------------------------------------------------------------
Design Equations
------------------------------------------------------------
    <CYPRESSTAG name="Pin listing">

    ------------------------------------------------------------
    Pin listing
    ------------------------------------------------------------

    Pin : Name = EOCpin(0)
        Attributes:
            In Group/Port: True
            In Sync Option: AUTO
            Out Sync Option: NOSYNC
            Interrupt generated: False
            Interrupt mode: NONE
            Drive mode: CMOS_OUT
            VTrip: EITHER
            Slew: FAST
            Input Sync needed: False
            Output Sync needed: False
            SC shield enabled: False
            POR State: ANY
            LCD Mode: COMMON
            Register Mode: RegComb
            CaSense Mode: NEITHER
            Treat as pin: True
            Is OE Registered: False
            Uses Analog: False
            Can contain Digital: True
            Is SIO: False
            SIO Output Buf: NONREGULATED
            SIO Input Buf: SINGLE_ENDED
            SIO HiFreq: LOW
            SIO Hyst: DISABLED
            SIO Vtrip: MULTIPLIER_0_5
            SIO RefSel: VCC_IO
            Required Capabilitites: DIGITAL, ROUTABLE
            Initial Value: 0
            IO Voltage: 0
        PORT MAP (
            pa_out => EOCpin(0)__PA ,
            input => eoc ,
            pad => EOCpin(0)_PAD );
        Properties:
        {
        }

    Pin : Name = Pin_1(0)
        Attributes:
            In Group/Port: True
            In Sync Option: AUTO
            Out Sync Option: AUTO
            Interrupt generated: False
            Interrupt mode: NONE
            Drive mode: HI_Z_ANALOG
            VTrip: EITHER
            Slew: FAST
            Input Sync needed: False
            Output Sync needed: False
            SC shield enabled: False
            POR State: ANY
            LCD Mode: COMMON
            Register Mode: RegComb
            CaSense Mode: NEITHER
            Treat as pin: True
            Is OE Registered: False
            Uses Analog: True
            Can contain Digital: False
            Is SIO: False
            SIO Output Buf: NONREGULATED
            SIO Input Buf: SINGLE_ENDED
            SIO HiFreq: LOW
            SIO Hyst: DISABLED
            SIO Vtrip: MULTIPLIER_0_5
            SIO RefSel: VCC_IO
            Required Capabilitites: ANALOG
            Initial Value: 0
            IO Voltage: 0
        PORT MAP (
            pa_out => Pin_1(0)__PA ,
            analog_term => Net_965 ,
            pad => Pin_1(0)_PAD );
        Properties:
        {
        }

    Pin : Name = \LCD:LCDPort(0)\
        Attributes:
            In Group/Port: True
            In Sync Option: AUTO
            Out Sync Option: NOSYNC
            Interrupt generated: False
            Interrupt mode: NONE
            Drive mode: CMOS_OUT
            VTrip: EITHER
            Slew: FAST
            Input Sync needed: False
            Output Sync needed: False
            SC shield enabled: False
            POR State: ANY
            LCD Mode: COMMON
            Register Mode: RegComb
            CaSense Mode: NEITHER
            Treat as pin: False
            Is OE Registered: False
            Uses Analog: False
            Can contain Digital: True
            Is SIO: False
            SIO Output Buf: NONREGULATED
            SIO Input Buf: SINGLE_ENDED
            SIO HiFreq: LOW
            SIO Hyst: DISABLED
            SIO Vtrip: MULTIPLIER_0_5
            SIO RefSel: VCC_IO
            Required Capabilitites: DIGITAL
            Initial Value: 0
            IO Voltage: 0
        PORT MAP (
            pa_out => \LCD:LCDPort(0)\__PA ,
            pad => \LCD:LCDPort(0)_PAD\ );
        Properties:
        {
        }

    Pin : Name = \LCD:LCDPort(1)\
        Attributes:
            In Group/Port: True
            In Sync Option: AUTO
            Out Sync Option: NOSYNC
            Interrupt generated: False
            Interrupt mode: NONE
            Drive mode: CMOS_OUT
            VTrip: EITHER
            Slew: FAST
            Input Sync needed: False
            Output Sync needed: False
            SC shield enabled: False
            POR State: ANY
            LCD Mode: COMMON
            Register Mode: RegComb
            CaSense Mode: NEITHER
            Treat as pin: False
            Is OE Registered: False
            Uses Analog: False
            Can contain Digital: True
            Is SIO: False
            SIO Output Buf: NONREGULATED
            SIO Input Buf: SINGLE_ENDED
            SIO HiFreq: LOW
            SIO Hyst: DISABLED
            SIO Vtrip: MULTIPLIER_0_5
            SIO RefSel: VCC_IO
            Required Capabilitites: DIGITAL
            Initial Value: 0
            IO Voltage: 0
        PORT MAP (
            pa_out => \LCD:LCDPort(1)\__PA ,
            pad => \LCD:LCDPort(1)_PAD\ );
        Properties:
        {
        }

    Pin : Name = \LCD:LCDPort(2)\
        Attributes:
            In Group/Port: True
            In Sync Option: AUTO
            Out Sync Option: NOSYNC
            Interrupt generated: False
            Interrupt mode: NONE
            Drive mode: CMOS_OUT
            VTrip: EITHER
            Slew: FAST
            Input Sync needed: False
            Output Sync needed: False
            SC shield enabled: False
            POR State: ANY
            LCD Mode: COMMON
            Register Mode: RegComb
            CaSense Mode: NEITHER
            Treat as pin: False
            Is OE Registered: False
            Uses Analog: False
            Can contain Digital: True
            Is SIO: False
            SIO Output Buf: NONREGULATED
            SIO Input Buf: SINGLE_ENDED
            SIO HiFreq: LOW
            SIO Hyst: DISABLED
            SIO Vtrip: MULTIPLIER_0_5
            SIO RefSel: VCC_IO
            Required Capabilitites: DIGITAL
            Initial Value: 0
            IO Voltage: 0
        PORT MAP (
            pa_out => \LCD:LCDPort(2)\__PA ,
            pad => \LCD:LCDPort(2)_PAD\ );
        Properties:
        {
        }

    Pin : Name = \LCD:LCDPort(3)\
        Attributes:
            In Group/Port: True
            In Sync Option: AUTO
            Out Sync Option: NOSYNC
            Interrupt generated: False
            Interrupt mode: NONE
            Drive mode: CMOS_OUT
            VTrip: EITHER
            Slew: FAST
            Input Sync needed: False
            Output Sync needed: False
            SC shield enabled: False
            POR State: ANY
            LCD Mode: COMMON
            Register Mode: RegComb
            CaSense Mode: NEITHER
            Treat as pin: False
            Is OE Registered: False
            Uses Analog: False
            Can contain Digital: True
            Is SIO: False
            SIO Output Buf: NONREGULATED
            SIO Input Buf: SINGLE_ENDED
            SIO HiFreq: LOW
            SIO Hyst: DISABLED
            SIO Vtrip: MULTIPLIER_0_5
            SIO RefSel: VCC_IO
            Required Capabilitites: DIGITAL
            Initial Value: 0
            IO Voltage: 0
        PORT MAP (
            pa_out => \LCD:LCDPort(3)\__PA ,
            pad => \LCD:LCDPort(3)_PAD\ );
        Properties:
        {
        }

    Pin : Name = \LCD:LCDPort(4)\
        Attributes:
            In Group/Port: True
            In Sync Option: AUTO
            Out Sync Option: NOSYNC
            Interrupt generated: False
            Interrupt mode: NONE
            Drive mode: CMOS_OUT
            VTrip: EITHER
            Slew: FAST
            Input Sync needed: False
            Output Sync needed: False
            SC shield enabled: False
            POR State: ANY
            LCD Mode: COMMON
            Register Mode: RegComb
            CaSense Mode: NEITHER
            Treat as pin: False
            Is OE Registered: False
            Uses Analog: False
            Can contain Digital: True
            Is SIO: False
            SIO Output Buf: NONREGULATED
            SIO Input Buf: SINGLE_ENDED
            SIO HiFreq: LOW
            SIO Hyst: DISABLED
            SIO Vtrip: MULTIPLIER_0_5
            SIO RefSel: VCC_IO
            Required Capabilitites: DIGITAL
            Initial Value: 0
            IO Voltage: 0
        PORT MAP (
            pa_out => \LCD:LCDPort(4)\__PA ,
            pad => \LCD:LCDPort(4)_PAD\ );
        Properties:
        {
        }

    Pin : Name = \LCD:LCDPort(5)\
        Attributes:
            In Group/Port: True
            In Sync Option: AUTO
            Out Sync Option: NOSYNC
            Interrupt generated: False
            Interrupt mode: NONE
            Drive mode: CMOS_OUT
            VTrip: EITHER
            Slew: FAST
            Input Sync needed: False
            Output Sync needed: False
            SC shield enabled: False
            POR State: ANY
            LCD Mode: COMMON
            Register Mode: RegComb
            CaSense Mode: NEITHER
            Treat as pin: False
            Is OE Registered: False
            Uses Analog: False
            Can contain Digital: True
            Is SIO: False
            SIO Output Buf: NONREGULATED
            SIO Input Buf: SINGLE_ENDED
            SIO HiFreq: LOW
            SIO Hyst: DISABLED
            SIO Vtrip: MULTIPLIER_0_5
            SIO RefSel: VCC_IO
            Required Capabilitites: DIGITAL
            Initial Value: 0
            IO Voltage: 0
        PORT MAP (
            pa_out => \LCD:LCDPort(5)\__PA ,
            pad => \LCD:LCDPort(5)_PAD\ );
        Properties:
        {
        }

    Pin : Name = \LCD:LCDPort(6)\
        Attributes:
            In Group/Port: True
            In Sync Option: AUTO
            Out Sync Option: NOSYNC
            Interrupt generated: False
            Interrupt mode: NONE
            Drive mode: CMOS_OUT
            VTrip: EITHER
            Slew: FAST
            Input Sync needed: False
            Output Sync needed: False
            SC shield enabled: False
            POR State: ANY
            LCD Mode: COMMON
            Register Mode: RegComb
            CaSense Mode: NEITHER
            Treat as pin: False
            Is OE Registered: False
            Uses Analog: False
            Can contain Digital: True
            Is SIO: False
            SIO Output Buf: NONREGULATED
            SIO Input Buf: SINGLE_ENDED
            SIO HiFreq: LOW
            SIO Hyst: DISABLED
            SIO Vtrip: MULTIPLIER_0_5
            SIO RefSel: VCC_IO
            Required Capabilitites: DIGITAL
            Initial Value: 0
            IO Voltage: 0
        PORT MAP (
            pa_out => \LCD:LCDPort(6)\__PA ,
            pad => \LCD:LCDPort(6)_PAD\ );
        Properties:
        {
        }
    </CYPRESSTAG>
    <CYPRESSTAG name="Macrocell listing" icon="FILE_RPT_EQUATION">

    ------------------------------------------------------------
    Macrocell listing
    ------------------------------------------------------------

    MacroCell: Name=__ONE__, Mode=(Combinatorial)
        Total # of inputs        : 0
        Total # of product terms : 0
            Clock Enable: True
        Main Equation            : 0 pterms
        !(
            0
        );
        Output = __ONE__ (fanout=1)
    </CYPRESSTAG>
    <CYPRESSTAG name="Datapath listing">
    </CYPRESSTAG>
    <CYPRESSTAG name="Status register listing">
    </CYPRESSTAG>
    <CYPRESSTAG name="StatusI register listing">
    </CYPRESSTAG>
    <CYPRESSTAG name="Sync listing">
    </CYPRESSTAG>
    <CYPRESSTAG name="Control register listing">
    </CYPRESSTAG>
    <CYPRESSTAG name="Count7 listing">
    </CYPRESSTAG>
    <CYPRESSTAG name="DRQ listing">

    ------------------------------------------------------------
    DRQ listing
    ------------------------------------------------------------

    drqcell: Name =DMA_ADC2Filter
        PORT MAP (
            dmareq => eoc ,
            termin => zero ,
            termout => Net_1006 );
        Properties:
        {
            drq_type = "00"
            num_tds = 0
        }

    drqcell: Name =DMA_ADC2Mem
        PORT MAP (
            dmareq => eoc ,
            termin => zero ,
            termout => Net_975 );
        Properties:
        {
            drq_type = "10"
            num_tds = 0
        }

    drqcell: Name =DMA_Filter2Mem
        PORT MAP (
            dmareq => Net_1029 ,
            termin => zero ,
            termout => Net_1016 );
        Properties:
        {
            drq_type = "00"
            num_tds = 0
        }

    drqcell: Name =DMA_FilterMem2Mem
        PORT MAP (
            dmareq => Net_1016 ,
            termin => zero ,
            termout => Net_1018 );
        Properties:
        {
            drq_type = "00"
            num_tds = 0
        }

    drqcell: Name =DMA_Mem2Mem
        PORT MAP (
            dmareq => Net_1006 ,
            termin => zero ,
            termout => Net_984 );
        Properties:
        {
            drq_type = "00"
            num_tds = 0
        }
    </CYPRESSTAG>
    <CYPRESSTAG name="Interrupt listing">

    ------------------------------------------------------------
    Interrupt listing
    ------------------------------------------------------------

    interrupt: Name =\ADC:IRQ\
        PORT MAP (
            interrupt => eoc );
        Properties:
        {
            int_type = "10"
        }
    </CYPRESSTAG>
</CYPRESSTAG>
<CYPRESSTAG name="Technology mapping summary" expanded>

------------------------------------------------------------
Technology mapping summary
------------------------------------------------------------

Resource Type                 : Used : Free :  Max :  % Used
============================================================
Digital clock dividers        :    1 :    7 :    8 :  12.50%
Analog clock dividers         :    1 :    3 :    4 :  25.00%
Pins                          :   12 :   60 :   72 :  16.67%
UDB Macrocells                :    1 :  191 :  192 :   0.52%
UDB Unique Pterms             :    0 :  384 :  384 :   0.00%
UDB Datapath Cells            :    0 :   24 :   24 :   0.00%
UDB Status Cells              :    0 :   24 :   24 :   0.00%
UDB Control Cells             :    0 :   24 :   24 :   0.00%
DMA Channels                  :    5 :   19 :   24 :  20.83%
Interrupts                    :    1 :   31 :   32 :   3.13%
DSM Fixed Blocks              :    1 :    0 :    1 : 100.00%
VIDAC Fixed Blocks            :    0 :    4 :    4 :   0.00%
SC Fixed Blocks               :    0 :    4 :    4 :   0.00%
Comparator Fixed Blocks       :    0 :    4 :    4 :   0.00%
Opamp Fixed Blocks            :    0 :    4 :    4 :   0.00%
CapSense Buffers              :    0 :    2 :    2 :   0.00%
CAN Fixed Blocks              :    0 :    1 :    1 :   0.00%
Decimator Fixed Blocks        :    1 :    0 :    1 : 100.00%
I2C Fixed Blocks              :    0 :    1 :    1 :   0.00%
Timer Fixed Blocks            :    0 :    4 :    4 :   0.00%
DFB Fixed Blocks              :    1 :    0 :    1 : 100.00%
USB Fixed Blocks              :    0 :    1 :    1 :   0.00%
LCD Fixed Blocks              :    0 :    1 :    1 :   0.00%
EMIF Fixed Blocks             :    0 :    1 :    1 :   0.00%
LPF Fixed Blocks              :    0 :    2 :    2 :   0.00%
SAR Fixed Blocks              :    0 :    2 :    2 :   0.00%
</CYPRESSTAG>
Technology Mapping: Elapsed time ==> 0s.766ms
Tech mapping phase: Elapsed time ==> 0s.924ms
</CYPRESSTAG>
<CYPRESSTAG name="Analog Placement">
Info: apr.M0002: Analog signal "\ADC:Net_690\" is connected to one terminal only. (App=cydsfit)
Initial Analog Placement Results:
IO_7@[IOP=(3)][IoId=(7)] : EOCpin(0) (fixed)
IO_0@[IOP=(0)][IoId=(0)] : Pin_1(0) (fixed)
IO_0@[IOP=(2)][IoId=(0)] : \LCD:LCDPort(0)\ (fixed)
IO_1@[IOP=(2)][IoId=(1)] : \LCD:LCDPort(1)\ (fixed)
IO_2@[IOP=(2)][IoId=(2)] : \LCD:LCDPort(2)\ (fixed)
IO_3@[IOP=(2)][IoId=(3)] : \LCD:LCDPort(3)\ (fixed)
IO_4@[IOP=(2)][IoId=(4)] : \LCD:LCDPort(4)\ (fixed)
IO_5@[IOP=(2)][IoId=(5)] : \LCD:LCDPort(5)\ (fixed)
IO_6@[IOP=(2)][IoId=(6)] : \LCD:LCDPort(6)\ (fixed)
DSM[0]@[FFB(DSM,0)] : \ADC:DSM\
Vref[6]@[FFB(Vref,6)] : \ADC:vRef_2\
Analog Placement Results:
IO_7@[IOP=(3)][IoId=(7)] : EOCpin(0) (fixed)
IO_0@[IOP=(0)][IoId=(0)] : Pin_1(0) (fixed)
IO_0@[IOP=(2)][IoId=(0)] : \LCD:LCDPort(0)\ (fixed)
IO_1@[IOP=(2)][IoId=(1)] : \LCD:LCDPort(1)\ (fixed)
IO_2@[IOP=(2)][IoId=(2)] : \LCD:LCDPort(2)\ (fixed)
IO_3@[IOP=(2)][IoId=(3)] : \LCD:LCDPort(3)\ (fixed)
IO_4@[IOP=(2)][IoId=(4)] : \LCD:LCDPort(4)\ (fixed)
IO_5@[IOP=(2)][IoId=(5)] : \LCD:LCDPort(5)\ (fixed)
IO_6@[IOP=(2)][IoId=(6)] : \LCD:LCDPort(6)\ (fixed)
DSM[0]@[FFB(DSM,0)] : \ADC:DSM\
Vref[6]@[FFB(Vref,6)] : \ADC:vRef_2\

Analog Placement phase: Elapsed time ==> 0s.062ms
</CYPRESSTAG>
<CYPRESSTAG name="Analog Routing">
Analog Routing phase: Elapsed time ==> 0s.015ms
</CYPRESSTAG>
<CYPRESSTAG name="Analog Code Generation">
============ Analog Final Answer Routes ============
Dump of CyAnalogRoutingResultsDB
Map of net to items {
  Net: \ADC:Net_520\ {
    dsm_0_vminus
  }
  Net: \ADC:Net_244\ {
    common_vssa
  }
  Net: \ADC:Net_690\ {
  }
  Net: Net_965 {
    dsm_0_vplus
    agl4_x_dsm_0_vplus
    agl4
    agl4_x_p0_0
    p0_0
  }
  Net: \ADC:Net_573\ {
  }
  Net: \ADC:Net_41\ {
  }
  Net: \ADC:Net_109\ {
  }
  Net: \ADC:Net_677\ {
  }
  Net: AmuxNet::\ADC:AMux\ {
    dsm_0_vminus
    dsm_0_vminus_x_dsm_0_vminus_vssa
    dsm_0_vminus_vssa
    common_vssa
  }
}
Map of item to net {
  dsm_0_vplus                                      -> Net_965
  agl4_x_dsm_0_vplus                               -> Net_965
  agl4                                             -> Net_965
  agl4_x_p0_0                                      -> Net_965
  p0_0                                             -> Net_965
  dsm_0_vminus                                     -> \ADC:Net_520\
  common_vssa                                      -> \ADC:Net_244\
  dsm_0_vminus_x_dsm_0_vminus_vssa                 -> AmuxNet::\ADC:AMux\
  dsm_0_vminus_vssa                                -> AmuxNet::\ADC:AMux\
}
Mux Info {
  Mux: \ADC:AMux\ {
     Mouth: \ADC:Net_520\
     Guts:  AmuxNet::\ADC:AMux\
     IsSingleSwitching: False
     IsStaticSwitching: True
     IsAtMostOneSwitch: False
    Arm: 0 {
      Net:   \ADC:Net_244\
      Outer: dsm_0_vminus_x_dsm_0_vminus_vssa
      Inner: __open__
      Path {
        common_vssa
        dsm_0_vminus_vssa
        dsm_0_vminus_x_dsm_0_vminus_vssa
        dsm_0_vminus
      }
    }
    Arm: 1 {
      Net:   \ADC:Net_690\
      Outer: __open__
      Inner: __open__
      Path {
      }
    }
  }
}
Dump of CyP35AnalogRoutingResultsDB
IsVddaHalfUsedForComp = False
IsVddaHalfUsedForSar0 = False
IsVddaHalfUsedForSar1 = False
Analog Code Generation phase: Elapsed time ==> 0s.583ms
</CYPRESSTAG>
<CYPRESSTAG name="Digital Placement">
<CYPRESSTAG name="Detailed placement messages">
I2076: Total run-time: 0.7 sec.

</CYPRESSTAG>
<CYPRESSTAG name="PLD Packing">
<CYPRESSTAG name="PLD Packing Summary" expanded>

------------------------------------------------------------
PLD Packing Summary
------------------------------------------------------------
            Resource Type : Used : Free :  Max :  % Used
    ====================================================
                     PLDs :    1 :   47 :   48 :   2.08%

<CYPRESSTAG name="PLD Statistics">

        PLD Resource Type :     Average/LAB
    =======================================
                   Inputs :            0.00
                   Pterms :            0.00
               Macrocells :            1.00
</CYPRESSTAG>
<CYPRESSTAG name="Packed PLD Contents">
Packed PLD Contents not displayed at this verbose level.</CYPRESSTAG>
</CYPRESSTAG>
PLD Packing: Elapsed time ==> 0s.000ms
</CYPRESSTAG>
<CYPRESSTAG name="Partitioning">
<CYPRESSTAG name="Initial Partitioning Summary">
Initial Partitioning Summary not displayed at this verbose level.</CYPRESSTAG>
<CYPRESSTAG name="Final Partitioning Summary">
Final Partitioning Summary not displayed at this verbose level.</CYPRESSTAG>
Partitioning: Elapsed time ==> 0s.031ms
</CYPRESSTAG>
<CYPRESSTAG name="Simulated Annealing">
Annealing: Elapsed time ==> 0s.000ms
<CYPRESSTAG name="Simulated Annealing Results">
The seed used for moves was 114161200.
Inital cost was 24, final cost is 24 (0.00% improvement).</CYPRESSTAG>
</CYPRESSTAG>
<CYPRESSTAG name="Final Placement Summary">

------------------------------------------------------------
Final Placement Summary
------------------------------------------------------------

       Resource Type :      Count : Avg Inputs : Avg Outputs
    ========================================================
                 UDB :          1 :       0.00 :       1.00
<CYPRESSTAG name="Final Placement Details">
<CYPRESSTAG name="Component Details">

------------------------------------------------------------
Component Placement Details
------------------------------------------------------------
UDB [UDB=(0,0)] is empty.
UDB [UDB=(0,1)] is empty.
UDB [UDB=(0,2)] is empty.
UDB [UDB=(0,3)] is empty.
UDB [UDB=(0,4)] is empty.
UDB [UDB=(0,5)] is empty.
UDB [UDB=(1,0)] is empty.
UDB [UDB=(1,1)] is empty.
UDB [UDB=(1,2)] is empty.
UDB [UDB=(1,3)] contents:
LAB@[UDB=(1,3)][LB=0] #macrocells=1, #inputs=0, #pterms=0
{
    [McSlotId=0]:     MacroCell: Name=__ONE__, Mode=(Combinatorial) @ [UDB=(1,3)][LB=0][MC=0]
        Total # of inputs        : 0
        Total # of product terms : 0
            Clock Enable: True
        Main Equation            : 0 pterms
        !(
            0
        );
        Output = __ONE__ (fanout=1)
        Properties               : 
        {
        }

    [McSlotId=1]: (empty)
    [McSlotId=2]: (empty)
    [McSlotId=3]: (empty)
}

UDB [UDB=(1,4)] is empty.
UDB [UDB=(1,5)] is empty.
UDB [UDB=(2,0)] is empty.
UDB [UDB=(2,1)] is empty.
UDB [UDB=(2,2)] is empty.
UDB [UDB=(2,3)] is empty.
UDB [UDB=(2,4)] is empty.
UDB [UDB=(2,5)] is empty.
UDB [UDB=(3,0)] is empty.
UDB [UDB=(3,1)] is empty.
UDB [UDB=(3,2)] is empty.
UDB [UDB=(3,3)] is empty.
UDB [UDB=(3,4)] is empty.
UDB [UDB=(3,5)] is empty.
Intr hod @ [IntrHod=(0)]: 
  Intr@ [IntrHod=(0)][IntrId=(29)] 
    interrupt: Name =\ADC:IRQ\
        PORT MAP (
            interrupt => eoc );
        Properties:
        {
            int_type = "10"
        }
Drq hod @ [DrqHod=(0)]: 
  Dma@ [DrqHod=(0)][DrqId=(0)] 
    drqcell: Name =DMA_ADC2Mem
        PORT MAP (
            dmareq => eoc ,
            termin => zero ,
            termout => Net_975 );
        Properties:
        {
            drq_type = "10"
            num_tds = 0
        }
  Dma@ [DrqHod=(0)][DrqId=(1)] 
    drqcell: Name =DMA_FilterMem2Mem
        PORT MAP (
            dmareq => Net_1016 ,
            termin => zero ,
            termout => Net_1018 );
        Properties:
        {
            drq_type = "00"
            num_tds = 0
        }
  Dma@ [DrqHod=(0)][DrqId=(2)] 
    drqcell: Name =DMA_Mem2Mem
        PORT MAP (
            dmareq => Net_1006 ,
            termin => zero ,
            termout => Net_984 );
        Properties:
        {
            drq_type = "00"
            num_tds = 0
        }
  Dma@ [DrqHod=(0)][DrqId=(8)] 
    drqcell: Name =DMA_Filter2Mem
        PORT MAP (
            dmareq => Net_1029 ,
            termin => zero ,
            termout => Net_1016 );
        Properties:
        {
            drq_type = "00"
            num_tds = 0
        }
  Dma@ [DrqHod=(0)][DrqId=(10)] 
    drqcell: Name =DMA_ADC2Filter
        PORT MAP (
            dmareq => eoc ,
            termin => zero ,
            termout => Net_1006 );
        Properties:
        {
            drq_type = "00"
            num_tds = 0
        }
Port 0 contains the following IO cells:
[IoId=0]: 
Pin : Name = Pin_1(0)
    Attributes:
        In Group/Port: True
        In Sync Option: AUTO
        Out Sync Option: AUTO
        Interrupt generated: False
        Interrupt mode: NONE
        Drive mode: HI_Z_ANALOG
        VTrip: EITHER
        Slew: FAST
        Input Sync needed: False
        Output Sync needed: False
        SC shield enabled: False
        POR State: ANY
        LCD Mode: COMMON
        Register Mode: RegComb
        CaSense Mode: NEITHER
        Treat as pin: True
        Is OE Registered: False
        Uses Analog: True
        Can contain Digital: False
        Is SIO: False
        SIO Output Buf: NONREGULATED
        SIO Input Buf: SINGLE_ENDED
        SIO HiFreq: LOW
        SIO Hyst: DISABLED
        SIO Vtrip: MULTIPLIER_0_5
        SIO RefSel: VCC_IO
        Required Capabilitites: ANALOG
        Initial Value: 0
        IO Voltage: 0
    PORT MAP (
        pa_out => Pin_1(0)__PA ,
        analog_term => Net_965 ,
        pad => Pin_1(0)_PAD );
    Properties:
    {
    }

Port 1 is empty
Port 2 contains the following IO cells:
[IoId=0]: 
Pin : Name = \LCD:LCDPort(0)\
    Attributes:
        In Group/Port: True
        In Sync Option: AUTO
        Out Sync Option: NOSYNC
        Interrupt generated: False
        Interrupt mode: NONE
        Drive mode: CMOS_OUT
        VTrip: EITHER
        Slew: FAST
        Input Sync needed: False
        Output Sync needed: False
        SC shield enabled: False
        POR State: ANY
        LCD Mode: COMMON
        Register Mode: RegComb
        CaSense Mode: NEITHER
        Treat as pin: False
        Is OE Registered: False
        Uses Analog: False
        Can contain Digital: True
        Is SIO: False
        SIO Output Buf: NONREGULATED
        SIO Input Buf: SINGLE_ENDED
        SIO HiFreq: LOW
        SIO Hyst: DISABLED
        SIO Vtrip: MULTIPLIER_0_5
        SIO RefSel: VCC_IO
        Required Capabilitites: DIGITAL
        Initial Value: 0
        IO Voltage: 0
    PORT MAP (
        pa_out => \LCD:LCDPort(0)\__PA ,
        pad => \LCD:LCDPort(0)_PAD\ );
    Properties:
    {
    }

[IoId=1]: 
Pin : Name = \LCD:LCDPort(1)\
    Attributes:
        In Group/Port: True
        In Sync Option: AUTO
        Out Sync Option: NOSYNC
        Interrupt generated: False
        Interrupt mode: NONE
        Drive mode: CMOS_OUT
        VTrip: EITHER
        Slew: FAST
        Input Sync needed: False
        Output Sync needed: False
        SC shield enabled: False
        POR State: ANY
        LCD Mode: COMMON
        Register Mode: RegComb
        CaSense Mode: NEITHER
        Treat as pin: False
        Is OE Registered: False
        Uses Analog: False
        Can contain Digital: True
        Is SIO: False
        SIO Output Buf: NONREGULATED
        SIO Input Buf: SINGLE_ENDED
        SIO HiFreq: LOW
        SIO Hyst: DISABLED
        SIO Vtrip: MULTIPLIER_0_5
        SIO RefSel: VCC_IO
        Required Capabilitites: DIGITAL
        Initial Value: 0
        IO Voltage: 0
    PORT MAP (
        pa_out => \LCD:LCDPort(1)\__PA ,
        pad => \LCD:LCDPort(1)_PAD\ );
    Properties:
    {
    }

[IoId=2]: 
Pin : Name = \LCD:LCDPort(2)\
    Attributes:
        In Group/Port: True
        In Sync Option: AUTO
        Out Sync Option: NOSYNC
        Interrupt generated: False
        Interrupt mode: NONE
        Drive mode: CMOS_OUT
        VTrip: EITHER
        Slew: FAST
        Input Sync needed: False
        Output Sync needed: False
        SC shield enabled: False
        POR State: ANY
        LCD Mode: COMMON
        Register Mode: RegComb
        CaSense Mode: NEITHER
        Treat as pin: False
        Is OE Registered: False
        Uses Analog: False
        Can contain Digital: True
        Is SIO: False
        SIO Output Buf: NONREGULATED
        SIO Input Buf: SINGLE_ENDED
        SIO HiFreq: LOW
        SIO Hyst: DISABLED
        SIO Vtrip: MULTIPLIER_0_5
        SIO RefSel: VCC_IO
        Required Capabilitites: DIGITAL
        Initial Value: 0
        IO Voltage: 0
    PORT MAP (
        pa_out => \LCD:LCDPort(2)\__PA ,
        pad => \LCD:LCDPort(2)_PAD\ );
    Properties:
    {
    }

[IoId=3]: 
Pin : Name = \LCD:LCDPort(3)\
    Attributes:
        In Group/Port: True
        In Sync Option: AUTO
        Out Sync Option: NOSYNC
        Interrupt generated: False
        Interrupt mode: NONE
        Drive mode: CMOS_OUT
        VTrip: EITHER
        Slew: FAST
        Input Sync needed: False
        Output Sync needed: False
        SC shield enabled: False
        POR State: ANY
        LCD Mode: COMMON
        Register Mode: RegComb
        CaSense Mode: NEITHER
        Treat as pin: False
        Is OE Registered: False
        Uses Analog: False
        Can contain Digital: True
        Is SIO: False
        SIO Output Buf: NONREGULATED
        SIO Input Buf: SINGLE_ENDED
        SIO HiFreq: LOW
        SIO Hyst: DISABLED
        SIO Vtrip: MULTIPLIER_0_5
        SIO RefSel: VCC_IO
        Required Capabilitites: DIGITAL
        Initial Value: 0
        IO Voltage: 0
    PORT MAP (
        pa_out => \LCD:LCDPort(3)\__PA ,
        pad => \LCD:LCDPort(3)_PAD\ );
    Properties:
    {
    }

[IoId=4]: 
Pin : Name = \LCD:LCDPort(4)\
    Attributes:
        In Group/Port: True
        In Sync Option: AUTO
        Out Sync Option: NOSYNC
        Interrupt generated: False
        Interrupt mode: NONE
        Drive mode: CMOS_OUT
        VTrip: EITHER
        Slew: FAST
        Input Sync needed: False
        Output Sync needed: False
        SC shield enabled: False
        POR State: ANY
        LCD Mode: COMMON
        Register Mode: RegComb
        CaSense Mode: NEITHER
        Treat as pin: False
        Is OE Registered: False
        Uses Analog: False
        Can contain Digital: True
        Is SIO: False
        SIO Output Buf: NONREGULATED
        SIO Input Buf: SINGLE_ENDED
        SIO HiFreq: LOW
        SIO Hyst: DISABLED
        SIO Vtrip: MULTIPLIER_0_5
        SIO RefSel: VCC_IO
        Required Capabilitites: DIGITAL
        Initial Value: 0
        IO Voltage: 0
    PORT MAP (
        pa_out => \LCD:LCDPort(4)\__PA ,
        pad => \LCD:LCDPort(4)_PAD\ );
    Properties:
    {
    }

[IoId=5]: 
Pin : Name = \LCD:LCDPort(5)\
    Attributes:
        In Group/Port: True
        In Sync Option: AUTO
        Out Sync Option: NOSYNC
        Interrupt generated: False
        Interrupt mode: NONE
        Drive mode: CMOS_OUT
        VTrip: EITHER
        Slew: FAST
        Input Sync needed: False
        Output Sync needed: False
        SC shield enabled: False
        POR State: ANY
        LCD Mode: COMMON
        Register Mode: RegComb
        CaSense Mode: NEITHER
        Treat as pin: False
        Is OE Registered: False
        Uses Analog: False
        Can contain Digital: True
        Is SIO: False
        SIO Output Buf: NONREGULATED
        SIO Input Buf: SINGLE_ENDED
        SIO HiFreq: LOW
        SIO Hyst: DISABLED
        SIO Vtrip: MULTIPLIER_0_5
        SIO RefSel: VCC_IO
        Required Capabilitites: DIGITAL
        Initial Value: 0
        IO Voltage: 0
    PORT MAP (
        pa_out => \LCD:LCDPort(5)\__PA ,
        pad => \LCD:LCDPort(5)_PAD\ );
    Properties:
    {
    }

[IoId=6]: 
Pin : Name = \LCD:LCDPort(6)\
    Attributes:
        In Group/Port: True
        In Sync Option: AUTO
        Out Sync Option: NOSYNC
        Interrupt generated: False
        Interrupt mode: NONE
        Drive mode: CMOS_OUT
        VTrip: EITHER
        Slew: FAST
        Input Sync needed: False
        Output Sync needed: False
        SC shield enabled: False
        POR State: ANY
        LCD Mode: COMMON
        Register Mode: RegComb
        CaSense Mode: NEITHER
        Treat as pin: False
        Is OE Registered: False
        Uses Analog: False
        Can contain Digital: True
        Is SIO: False
        SIO Output Buf: NONREGULATED
        SIO Input Buf: SINGLE_ENDED
        SIO HiFreq: LOW
        SIO Hyst: DISABLED
        SIO Vtrip: MULTIPLIER_0_5
        SIO RefSel: VCC_IO
        Required Capabilitites: DIGITAL
        Initial Value: 0
        IO Voltage: 0
    PORT MAP (
        pa_out => \LCD:LCDPort(6)\__PA ,
        pad => \LCD:LCDPort(6)_PAD\ );
    Properties:
    {
    }

Port 3 contains the following IO cells:
[IoId=7]: 
Pin : Name = EOCpin(0)
    Attributes:
        In Group/Port: True
        In Sync Option: AUTO
        Out Sync Option: NOSYNC
        Interrupt generated: False
        Interrupt mode: NONE
        Drive mode: CMOS_OUT
        VTrip: EITHER
        Slew: FAST
        Input Sync needed: False
        Output Sync needed: False
        SC shield enabled: False
        POR State: ANY
        LCD Mode: COMMON
        Register Mode: RegComb
        CaSense Mode: NEITHER
        Treat as pin: True
        Is OE Registered: False
        Uses Analog: False
        Can contain Digital: True
        Is SIO: False
        SIO Output Buf: NONREGULATED
        SIO Input Buf: SINGLE_ENDED
        SIO HiFreq: LOW
        SIO Hyst: DISABLED
        SIO Vtrip: MULTIPLIER_0_5
        SIO RefSel: VCC_IO
        Required Capabilitites: DIGITAL, ROUTABLE
        Initial Value: 0
        IO Voltage: 0
    PORT MAP (
        pa_out => EOCpin(0)__PA ,
        input => eoc ,
        pad => EOCpin(0)_PAD );
    Properties:
    {
    }

Port 4 is empty
Port 5 is empty
Port 6 is empty
Port 12 is empty
Port 15 is empty
CAN Fixed Block group 0: empty
Cache group 0: empty
CapSense group 0: empty
Clock group 0: 
    Clock Block @ [FFB(Clock,0)]: 
    clockblockcell: Name =ClockBlock
        PORT MAP (
            imo => ClockBlock_IMO ,
            pllout => ClockBlock_PLL_OUT ,
            ilo => ClockBlock_ILO ,
            clk_100k => ClockBlock_100k ,
            clk_1k => ClockBlock_1k ,
            clk_32k => ClockBlock_32k ,
            xtal => ClockBlock_XTAL ,
            clk_32k_xtal => ClockBlock_XTAL_32KHZ ,
            clk_sync => ClockBlock_MASTER_CLK ,
            clk_bus_glb => ClockBlock_BUS_CLK ,
            clk_bus => ClockBlock_BUS_CLK_local ,
            dclk_glb_0 => \ADC:Net_93\ ,
            dclk_0 => \ADC:Net_93_local\ ,
            aclk_glb_0 => \ADC:Net_488\ ,
            aclk_0 => \ADC:Net_488_local\ ,
            clk_a_dig_glb_0 => \ADC:Net_488_adig\ ,
            clk_a_dig_0 => \ADC:Net_488_adig_local\ );
        Properties:
        {
        }
Comparator Fixed Block group 0: empty
DFB Fixed Block group 0: 
    DFB Block @ [FFB(DFB,0)]: 
    dfbcell: Name =\Filter:DFB\
        PORT MAP (
            out_1 => \Filter:Net_8\ ,
            out_2 => \Filter:Net_9\ ,
            dmareq_1 => Net_1029 ,
            dmareq_2 => Net_1025 ,
            interrupt => Net_1026 );
        Properties:
        {
            cy_registers = ""
        }
DSM Fixed Block group 0: 
    DS Modulator @ [FFB(DSM,0)]: 
    dsmodcell: Name =\ADC:DSM\
        PORT MAP (
            aclock => \ADC:Net_488\ ,
            vplus => Net_965 ,
            vminus => \ADC:Net_520\ ,
            reset_dec => \ADC:mod_reset\ ,
            extclk_cp_udb => \ADC:Net_93_local\ ,
            ext_pin_1 => \ADC:Net_573\ ,
            ext_pin_2 => \ADC:Net_41\ ,
            ext_vssa => \ADC:Net_109\ ,
            qtz_ref => \ADC:Net_677\ ,
            dec_clock => \ADC:aclock\ ,
            mod_dat_3 => \ADC:mod_dat_3\ ,
            mod_dat_2 => \ADC:mod_dat_2\ ,
            mod_dat_1 => \ADC:mod_dat_1\ ,
            mod_dat_0 => \ADC:mod_dat_0\ ,
            dout_udb_7 => \ADC:Net_245_7\ ,
            dout_udb_6 => \ADC:Net_245_6\ ,
            dout_udb_5 => \ADC:Net_245_5\ ,
            dout_udb_4 => \ADC:Net_245_4\ ,
            dout_udb_3 => \ADC:Net_245_3\ ,
            dout_udb_2 => \ADC:Net_245_2\ ,
            dout_udb_1 => \ADC:Net_245_1\ ,
            dout_udb_0 => \ADC:Net_245_0\ );
        Properties:
        {
            cy_registers = ""
            resolution = 18
        }
Decimator Fixed Block group 0: 
    Decimator Block @ [FFB(Decimator,0)]: 
    decimatorcell: Name =\ADC:DEC\
        PORT MAP (
            aclock => \ADC:aclock\ ,
            mod_dat_3 => \ADC:mod_dat_3\ ,
            mod_dat_2 => \ADC:mod_dat_2\ ,
            mod_dat_1 => \ADC:mod_dat_1\ ,
            mod_dat_0 => \ADC:mod_dat_0\ ,
            ext_start => __ONE__ ,
            modrst => \ADC:mod_reset\ ,
            interrupt => eoc );
        Properties:
        {
            cy_registers = ""
        }
EMIF Fixed Block group 0: empty
I2C Fixed Block group 0: empty
LCD Fixed Block group 0: empty
LVD group 0: empty
PM group 0: empty
SC Fixed Block group 0: empty
SPC group 0: empty
Timer Fixed Block group 0: empty
USB Fixed Block group 0: empty
VIDAC Fixed Block group 0: empty
Opamp Fixed Block group 0: empty
CapSense Buffer group 0: empty
Vref group 0: 
    Vref Block @ [FFB(Vref,6)]: 
    vrefcell: Name =\ADC:vRef_2\
        PORT MAP (
            vout => \ADC:Net_244\ );
        Properties:
        {
            autoenable = 1
            guid = "15B3DB15-B7B3-4d62-A2DF-25EA392A7161"
            ignoresleep = 0
            name = "Vssa (GND)"
        }
LPF Fixed Block group 0: empty
SAR Fixed Block group 0: empty

Blocks not positioned by the digital component placer:
    Amux Block @ <No Location>: 
    amuxcell: Name =\ADC:AMux\
        PORT MAP (
            muxin_1 => \ADC:Net_690\ ,
            muxin_0 => \ADC:Net_244\ ,
            vout => \ADC:Net_520\ );
        Properties:
        {
            api_type = 0
            connect_mode = 1
            cy_registers = ""
            hw_control = 0
            init_mux_sel = "00"
            muxin_width = 2
            one_active = 0
        }
</CYPRESSTAG>
<CYPRESSTAG name="Port Configuration Details">

------------------------------------------------------------
Port Configuration report
------------------------------------------------------------
     |     |       | Interrupt |                  |                  | 
Port | Pin | Fixed |      Type |       Drive Mode |             Name | Connections
-----+-----+-------+-----------+------------------+------------------+----------------
   0 |   0 |     * |      NONE |      HI_Z_ANALOG |         Pin_1(0) | Analog(Net_965)
-----+-----+-------+-----------+------------------+------------------+----------------
   2 |   0 |     * |      NONE |         CMOS_OUT | \LCD:LCDPort(0)\ | 
     |   1 |     * |      NONE |         CMOS_OUT | \LCD:LCDPort(1)\ | 
     |   2 |     * |      NONE |         CMOS_OUT | \LCD:LCDPort(2)\ | 
     |   3 |     * |      NONE |         CMOS_OUT | \LCD:LCDPort(3)\ | 
     |   4 |     * |      NONE |         CMOS_OUT | \LCD:LCDPort(4)\ | 
     |   5 |     * |      NONE |         CMOS_OUT | \LCD:LCDPort(5)\ | 
     |   6 |     * |      NONE |         CMOS_OUT | \LCD:LCDPort(6)\ | 
-----+-----+-------+-----------+------------------+------------------+----------------
   3 |   7 |     * |      NONE |         CMOS_OUT |        EOCpin(0) | In(eoc)
--------------------------------------------------------------------------------------
</CYPRESSTAG>
</CYPRESSTAG>
</CYPRESSTAG>
Digital component placer commit/Report: Elapsed time ==> 0s.015ms
Digital Placement phase: Elapsed time ==> 1s.060ms
</CYPRESSTAG>
<CYPRESSTAG name="Digital Routing">
Routing successful.
Digital Routing phase: Elapsed time ==> 1s.674ms
</CYPRESSTAG>
<CYPRESSTAG name="Bitstream and API generation">
Bitstream and API generation phase: Elapsed time ==> 0s.407ms
</CYPRESSTAG>
<CYPRESSTAG name="Bitstream verification">
Bitstream verification phase: Elapsed time ==> 0s.077ms
</CYPRESSTAG>
<CYPRESSTAG name="Static timing analysis">
Warning: sta.M0021: DelSig_16Channel-20bit-DMA_timing.html: Warning-1350: Asynchronous path(s) exist from "\ADC:DSM\/dec_clock" to "CyBUS_CLK". See the timing report for details. (File=\\vmware-host\Shared Folders\scottcarlson On My Mac\Code\repos\MagField_LowFreq_Detector\DelSig_16Channel-20bit-DMA.cydsn\DelSig_16Channel-20bit-DMA_timing.html)
Timing report is in DelSig_16Channel-20bit-DMA_timing.html.
Static timing analysis phase: Elapsed time ==> 0s.265ms
</CYPRESSTAG>
<CYPRESSTAG name="Data reporting">
Data reporting phase: Elapsed time ==> 0s.000ms
</CYPRESSTAG>
<CYPRESSTAG name="Database update...">
Design database save phase: Elapsed time ==> 0s.218ms
</CYPRESSTAG>
cydsfit: Elapsed time ==> 5s.337ms
</CYPRESSTAG>
Fitter phase: Elapsed time ==> 5s.416ms
API generation phase: Elapsed time ==> 2s.301ms
Dependency generation phase: Elapsed time ==> 0s.009ms
Cleanup phase: Elapsed time ==> 0s.008ms
